 *******************************************************************************
 *                                                                             *
 *                                 SCALE 6.2.2                                 *
 *                                -------------                                *
 *                                February 2019                                *
 *                                                                             *
 *           SCALE:  A Comprehensive Modeling and Simulation Suite             *
 *                   for Nuclear Safety Analysis and Design                    *
 *                                                                             *
 *                      Reactor and Nuclear Systems Division                   *
 *                        Oak Ridge National Laboratory                        *
 *                                                                             *
 *                           http://scale.ornl.gov                             *
 *                            scalehelp@ornl.gov                               *
 *                                                                             *
 *******************************************************************************
 *******************************************************************************
      
                  Job Information
                  ---------------
      Job started on DESKTOP-J14NAA6 on Wed 13/02/2019 18:27:36
      Working directory: C:\Users\Teddy\AppData\Local\Temp\scale.Teddy.7448
      Input file name  : C:\Users\Teddy\Desktop\scale_test\output\2.800000_9898.989899.inp
      Output file name : C:\Users\Teddy\Desktop\scale_test\output\2.800000_9898.989899.out
      SCALE executable : C:\SCALE-6.2.2/bin/scale
      
 *******************************************************************************


    module arp will be called on Wed Feb 13 18:27:36 2019.
    sequence specification record:=arp
Input Data:

      'library type
      w17x17
      2.800000
      ' num cycles
      1
      ' num days per cycle
      550
      ' cycle average specific power (MW / MTU)
      17.998163
      ' number of interpolated cross section sets generated per cycle
      1
      ' moderator density (g/cc)
      0.723
      ' interpolated output ORIGEN library
      w17x17_100d.f33
end

1






        ************************************************************************************************************************
        ************************************************************************************************************************
        ************************************************************************************************************************
        *****                                                                                                              *****
        *****                                       program verification information                                       *****
        *****                                                                                                              *****
        *****                                   code system:  SCALE    version:  6.2                                       *****
        *****                                                                                                              *****
        ************************************************************************************************************************
        ************************************************************************************************************************
        *****                                                                                                              *****
        *****                                                                                                              *****
        *****              program:  arp.exe                                                                               *****
        *****                                                                                                              *****
        *****        creation date:   unknown                                                                              *****
        *****                                                                                                              *****
        *****              library:  C:\SCALE-6.2.2\bin                                                                    *****
        *****                                                                                                              *****
        *****                                                                                                              *****
        *****            prod code:  arp.exe                                                                               *****
        *****                                                                                                              *****
        *****              version:  6.2.2                                                                                 *****
        *****                                                                                                              *****
        *****              jobname:  Teddy                                                                                 *****
        *****                                                                                                              *****
        *****         machine name:  DESKTOP-J14NAA6                                                                       *****
        *****                                                                                                              *****
        *****    date of execution:  13_feb_2019                                                                           *****
        *****                                                                                                              *****
        *****    time of execution:  18:27:36.79                                                                           *****
        *****                                                                                                              *****
        *****                                                                                                              *****
        ************************************************************************************************************************
        ************************************************************************************************************************
        ************************************************************************************************************************


 'library type
    data library:       w17x17
       directory:       C:/SCALE-6.2.2/data/\arplibs
       definition:      C:/SCALE-6.2.2/data/\arpdata.txt
    u-235 enrichment:                        2.800

 ' num cycles
    number of cycles:                            1

 ' num days per cycle

 ' cycle average specific power (MW / MTU)

 ' number of interpolated cross section sets generated per cycle

 ' moderator density (g/cc)
    water density (g/cm3):                  0.7230
                                         cycle        cumulative      midpoint
   cycle time(d)        power(MW)      burnup(MWd/MTU)burnup(MWd/MTU)burnup(MWd/MTU)nlib
     1    550.000        17.9982        9898.99        9898.99        4949.50             1

 ' interpolated output ORIGEN library
    interpolated library name:                   w17x17_100d.f33
 interpolation type: spline
 Cross section library interpolation completed.
.
.
.
=========================================================================================================================
ARP finished successfully.
=========================================================================================================================
    module arp used 1.81912 seconds cpu time for the current pass.

    module arp is finished. completion code    0. total cpu time used 1.02637e-005 seconds.



    module origen will be called on Wed Feb 13 18:27:38 2019.
    sequence specification record:=origen
Input Data:

      case(irrad) {
          lib{
              file="w17x17_100d.f33" pos=1
          }
          mat {
              units=GRAMS
              iso=[u235=28000.000000 u238=972000.000000]
          }
          time = [ 550 ]
          power = [ 17.998163 ]
      }
      case (decay) {
          time {
              units=YEARS
              start=0
              t=[1]
          }
          save{ file="discharge.f71" steps=[0 LAST]}
      }
end

1






        ************************************************************************************************************************
        ************************************************************************************************************************
        ************************************************************************************************************************
        *****                                                                                                              *****
        *****                                       program verification information                                       *****
        *****                                                                                                              *****
        *****                                   code system:  SCALE    version:  6.2                                       *****
        *****                                                                                                              *****
        ************************************************************************************************************************
        ************************************************************************************************************************
        *****                                                                                                              *****
        *****                                                                                                              *****
        *****              program:  origen.exe                                                                            *****
        *****                                                                                                              *****
        *****        creation date:   unknown                                                                              *****
        *****                                                                                                              *****
        *****              library:  C:\SCALE-6.2.2\bin                                                                    *****
        *****                                                                                                              *****
        *****                                                                                                              *****
        *****            prod code:  origen.exe                                                                            *****
        *****                                                                                                              *****
        *****              version:  6.2.2                                                                                 *****
        *****                                                                                                              *****
        *****              jobname:  Teddy                                                                                 *****
        *****                                                                                                              *****
        *****         machine name:  DESKTOP-J14NAA6                                                                       *****
        *****                                                                                                              *****
        *****    date of execution:  13_feb_2019                                                                           *****
        *****                                                                                                              *****
        *****    time of execution:  18:27:38.61                                                                           *****
        *****                                                                                                              *****
        *****                                                                                                              *****
        ************************************************************************************************************************
        ************************************************************************************************************************
        ************************************************************************************************************************

*************************************************************************************************************************
********************                                                                                 ********************
********************                                                                                 ********************
********************                    USER INPUT SUMMARY                                           ********************
********************                                                                                 ********************
********************                                                                                 ********************
*************************************************************************************************************************
.
.
=========================================================================================================================
=   Case "irrad" (#1/2)                                                                                                 =
-------------------------------------------------------------------------------------------------------------------------
###   Library settings                                                                                                ###
.
                                Library file name:     C:/Users/Teddy/AppData/Local/Temp/scale.Teddy.7448/w17x17_100d.f33
                             Library set position:              1
                 Fission product reaction removal:             no
-------------------------------------------------------------------------------------------------------------------------
###   Global settings                                                                                                 ###
.
                                           Solver:              MATREX
                                             Mode:        forward
                             Fixed fission energy:             no
-------------------------------------------------------------------------------------------------------------------------
###   Concentrations output options                                                                                   ###
.
                            High-precision output:             no
                                  Relative cutoff:            yes
                         Step for applying cutoff:       integral
.
                      light els.   actinides  fis.prods.       total
                       nuc    el   nuc    el   nuc    el   nuc    el             cutoff
gram-atoms                                                                    1.000E-06
grams                                                      **                 1.000E-06
curies                                                                        1.000E-06
watts                                                                         1.000E-06
gamma watts                                                                   1.000E-06
m3 air                                                                        1.000E-06
m3 water                                                                      1.000E-06
grams ppm                                                                     1.000E-06
atoms ppm                                                                     1.000E-06
atoms/barn-cm                                                                 1.000E-06
becquerels                                                                    1.000E-06
-------------------------------------------------------------------------------------------------------------------------
###   Additional output options                                                                                       ###
.
                                      Print k-inf:             no
           Nuclides for absorption fraction print:           none
                              Print fission rates:             no
            Step for sorting absorption fractions:              1
=========================================================================================================================
=   Case "decay" (#2/2)                                                                                                 =
-------------------------------------------------------------------------------------------------------------------------
###   Library settings                                                                                                ###
.
                                Library file name:     C:/Users/Teddy/AppData/Local/Temp/scale.Teddy.7448/w17x17_100d.f33
                             Library set position:              1
                 Fission product reaction removal:             no
-------------------------------------------------------------------------------------------------------------------------
###   Global settings                                                                                                 ###
.
                                           Solver:              MATREX
                                             Mode:        forward
                             Fixed fission energy:             no
-------------------------------------------------------------------------------------------------------------------------
###   Concentrations output options                                                                                   ###
.
                            High-precision output:             no
                                  Relative cutoff:            yes
                         Step for applying cutoff:       integral
.
                      light els.   actinides  fis.prods.       total
                       nuc    el   nuc    el   nuc    el   nuc    el             cutoff
gram-atoms                                                                    1.000E-06
grams                                                      **                 1.000E-06
curies                                                                        1.000E-06
watts                                                                         1.000E-06
gamma watts                                                                   1.000E-06
m3 air                                                                        1.000E-06
m3 water                                                                      1.000E-06
grams ppm                                                                     1.000E-06
atoms ppm                                                                     1.000E-06
atoms/barn-cm                                                                 1.000E-06
becquerels                                                                    1.000E-06
-------------------------------------------------------------------------------------------------------------------------
###   Additional output options                                                                                       ###
.
                                      Print k-inf:             no
           Nuclides for absorption fraction print:           none
                              Print fission rates:             no
            Step for sorting absorption fractions:              1
=========================================================================================================================
###   Blending information                                                                                            ###
.
  --- no blending requested in this job ---
=========================================================================================================================
.
.
=========================================================================================================================
=   History overview for case 'irrad' (#1/2)                                                                            =
-------------------------------------------------------------------------------------------------------------------------
   step          t0          t1          dt           t        flux     fluence       power      energy
    (-)         (d)         (d)         (s)         (s)   (n/cm2-s)     (n/cm2)        (MW)       (MWd)
      1      0.0000    550.0000  4.7520E+07  4.7520E+07  1.5666E+14  7.4445E+21  1.7998E+01  9.8990E+03
          
              step - step index within this case
                t0 - time at beginning-of-step in input units
                t1 - time at end-of-step in input units
                dt - length of step in seconds
                 t - end-of-step cumulative time in seconds
              flux - flux in neutrons/cm^2-sec (CALCULATED)
           fluence - cumulative end-of-step fluence in neutrons/cm^2 (CALCULATED)
             power - power in mega-watts (INPUT)     
            energy - cumulative end-of-step energy released in mega-watt-days (INPUT)     
=========================================================================================================================
.
.
.
.
.
*************************************************************************************************************************
********************                                                                                 ********************
********************                                                                                 ********************
********************                    Library information                                          ********************
********************                                                                                 ********************
********************                                                                                 ********************
*************************************************************************************************************************
.
.
=========================================================================================================================
=   Library summary for case 'irrad' (#1/2)                                                                             =
-------------------------------------------------------------------------------------------------------------------------
filename: C:/Users/Teddy/AppData/Local/Temp/scale.Teddy.7448/w17x17_100d.f33 cross-section data taken from position number: 1
library title delimited by {}: 
{}
date library was produced: 538976288/538976288/538976288
total number of nuclides in library: 2237
number of light-element nuclides: 910
number of actinide nuclides: 176
number of fission product nuclides: 1151
number of nonzero off-diagonal matrix elements: 54564
=========================================================================================================================
.
.
*************************************************************************************************************************
********************                                                                                 ********************
********************                                                                                 ********************
********************                    Concentration tables                                         ********************
********************                                                                                 ********************
********************                                                                                 ********************
*************************************************************************************************************************
.
.
=========================================================================================================================
=   Nuclide concentrations in grams for case 'irrad' (#1/2)                                                             =
-------------------------------------------------------------------------------------------------------------------------
  (relative cutoff; integral of concentrations over time >   1.00E-06 % of integral of all concentrations over time)
.
                   0.000d    550.000d   
  he-4         0.0000E+00  3.5366E-01
  u-234        0.0000E+00  6.3804E-01
  u-235        2.8000E+04  1.8321E+04
  u-236        0.0000E+00  1.7099E+03
  u-237        0.0000E+00  2.3569E+00
  u-238        9.7200E+05  9.6478E+05
  u-239        0.0000E+00  2.7688E-01
  np-237       0.0000E+00  7.7946E+01
  np-238       0.0000E+00  1.1565E-01
  np-239       0.0000E+00  4.0020E+01
  pu-238       0.0000E+00  8.5107E+00
  pu-239       0.0000E+00  3.5320E+03
  pu-240       0.0000E+00  6.4414E+02
  pu-241       0.0000E+00  2.9798E+02
  pu-242       0.0000E+00  2.8860E+01
  am-241       0.0000E+00  5.4086E+00
  am-242m      0.0000E+00  5.8923E-02
  am-243       0.0000E+00  1.4325E+00
  cm-242       0.0000E+00  6.5602E-01
  cm-244       0.0000E+00  1.1588E-01
  as-75        0.0000E+00  3.9353E-02
  ge-76        0.0000E+00  1.0678E-01
  se-77        0.0000E+00  2.6425E-01
  se-78        0.0000E+00  7.1736E-01
  se-79        0.0000E+00  1.5659E+00
  se-80        0.0000E+00  4.2307E+00
  br-81        0.0000E+00  6.9685E+00
  se-82        0.0000E+00  1.1057E+01
  kr-82        0.0000E+00  6.0107E-02
  kr-83        0.0000E+00  1.6740E+01
  kr-84        0.0000E+00  3.5035E+01
  kr-85        0.0000E+00  8.9899E+00
  rb-85        0.0000E+00  3.4494E+01
  kr-86        0.0000E+00  6.5489E+01
  sr-86        0.0000E+00  3.5681E-02
  rb-87        0.0000E+00  8.6298E+01
  kr-88        0.0000E+00  3.2625E-02
  sr-88        0.0000E+00  1.2064E+02
  sr-89        0.0000E+00  1.8883E+01
  y-89         0.0000E+00  1.4391E+02
  sr-90        0.0000E+00  1.9540E+02
  y-90         0.0000E+00  5.0601E-02
  zr-90        0.0000E+00  3.7638E+00
  sr-91        0.0000E+00  1.9487E-01
  y-91         0.0000E+00  2.9384E+01
  zr-91        0.0000E+00  1.7799E+02
  sr-92        0.0000E+00  5.8311E-02
  y-92         0.0000E+00  7.7066E-02
  zr-92        0.0000E+00  2.2073E+02
  y-93         0.0000E+00  2.4630E-01
  zr-93        0.0000E+00  2.3998E+02
  zr-94        0.0000E+00  2.5122E+02
  zr-95        0.0000E+00  4.1847E+01
  nb-95        0.0000E+00  2.2827E+01
  nb-95m       0.0000E+00  2.5508E-02
  mo-95        0.0000E+00  2.1383E+02
  zr-96        0.0000E+00  2.6065E+02
  mo-96        0.0000E+00  3.1809E+00
  zr-97        0.0000E+00  4.4818E-01
  nb-97        0.0000E+00  3.2332E-02
  mo-97        0.0000E+00  2.5364E+02
  mo-98        0.0000E+00  2.5531E+02
  mo-99        0.0000E+00  1.9288E+00
  tc-99        0.0000E+00  2.6214E+02
  tc-99m       0.0000E+00  1.5451E-01
  mo-100       0.0000E+00  2.8663E+02
  ru-100       0.0000E+00  8.5037E+00
  ru-101       0.0000E+00  2.4136E+02
  ru-102       0.0000E+00  2.2115E+02
  ru-103       0.0000E+00  2.0983E+01
  rh-103       0.0000E+00  1.4846E+02
  rh-103m      0.0000E+00  2.0594E-02
  ru-104       0.0000E+00  1.3370E+02
  pd-104       0.0000E+00  2.0250E+01
  ru-105       0.0000E+00  5.9817E-02
  rh-105       0.0000E+00  4.5622E-01
  pd-105       0.0000E+00  8.9749E+01
  ru-106       0.0000E+00  4.0938E+01
  pd-106       0.0000E+00  2.5042E+01
  pd-107       0.0000E+00  3.9364E+01
  pd-108       0.0000E+00  2.3781E+01
  pd-109       0.0000E+00  4.0595E-02
  ag-109       0.0000E+00  1.4641E+01
  pd-110       0.0000E+00  7.7867E+00
  ag-110m      0.0000E+00  4.7231E-02
  cd-110       0.0000E+00  1.6340E+00
  ag-111       0.0000E+00  1.1749E-01
  cd-111       0.0000E+00  3.9314E+00
  cd-112       0.0000E+00  2.2616E+00
  cd-113       0.0000E+00  7.7758E-02
  cd-114       0.0000E+00  3.1385E+00
  in-115       0.0000E+00  8.8491E-01
  sn-115       0.0000E+00  6.0316E-02
  cd-116       0.0000E+00  1.3514E+00
  sn-116       0.0000E+00  3.5225E-01
  sn-117       0.0000E+00  1.2543E+00
  sn-118       0.0000E+00  1.1973E+00
  sn-119       0.0000E+00  1.1907E+00
  sn-119m      0.0000E+00  2.2990E-02
  sn-120       0.0000E+00  1.2183E+00
  sn-121m      0.0000E+00  9.3675E-02
  sb-121       0.0000E+00  1.2050E+00
  sn-122       0.0000E+00  1.5267E+00
  te-122       0.0000E+00  2.2987E-02
  sn-123       0.0000E+00  6.2016E-02
  sb-123       0.0000E+00  1.5004E+00
  sn-124       0.0000E+00  2.4430E+00
  sn-125       0.0000E+00  3.8779E-02
  sb-125       0.0000E+00  2.6460E+00
  te-125       0.0000E+00  4.6423E-01
  te-125m      0.0000E+00  2.9535E-02
  sn-126       0.0000E+00  5.0740E+00
  te-126       0.0000E+00  1.4234E-01
  sb-127       0.0000E+00  1.5176E-01
  te-127m      0.0000E+00  4.0715E-01
  i-127        0.0000E+00  1.1513E+01
  te-128       0.0000E+00  2.5082E+01
  xe-128       0.0000E+00  1.7497E-01
  sb-129       0.0000E+00  2.2462E-02
  te-129m      0.0000E+00  6.7988E-01
  i-129        0.0000E+00  4.1443E+01
  te-130       0.0000E+00  1.1205E+02
  xe-130       0.0000E+00  5.1134E-01
  te-131m      0.0000E+00  1.2192E-01
  i-131        0.0000E+00  3.8950E+00
  xe-131       0.0000E+00  1.6070E+02
  xe-131m      0.0000E+00  6.4293E-02
  te-132       0.0000E+00  2.2475E+00
  i-132        0.0000E+00  6.8334E-02
  xe-132       0.0000E+00  2.8650E+02
  te-133m      0.0000E+00  2.0730E-02
  i-133        0.0000E+00  9.0150E-01
  xe-133       0.0000E+00  5.4590E+00
  xe-133m      0.0000E+00  6.8687E-02
  cs-133       0.0000E+00  3.8131E+02
  te-134       0.0000E+00  2.8332E-02
  i-134        0.0000E+00  4.3298E-02
  xe-134       0.0000E+00  4.7004E+02
  cs-134       0.0000E+00  1.3368E+01
  ba-134       0.0000E+00  2.3704E+00
  i-135        0.0000E+00  2.7360E-01
  xe-135       0.0000E+00  1.5437E-01
  cs-135       0.0000E+00  1.5392E+02
  xe-136       0.0000E+00  6.5042E+02
  cs-136       0.0000E+00  1.3466E-01
  ba-136       0.0000E+00  2.4840E+00
  cs-137       0.0000E+00  3.7748E+02
  ba-137       0.0000E+00  6.6499E+00
  cs-138       0.0000E+00  2.3725E-02
  ba-138       0.0000E+00  4.0712E+02
  ba-139       0.0000E+00  5.6695E-02
  la-139       0.0000E+00  3.8652E+02
  ba-140       0.0000E+00  1.2192E+01
  la-140       0.0000E+00  1.6188E+00
  ce-140       0.0000E+00  3.6882E+02
  la-141       0.0000E+00  1.4904E-01
  ce-141       0.0000E+00  2.9560E+01
  pr-141       0.0000E+00  3.3290E+02
  la-142       0.0000E+00  5.6602E-02
  ce-142       0.0000E+00  3.5720E+02
  nd-142       0.0000E+00  1.7510E+00
  ce-143       0.0000E+00  1.2244E+00
  pr-143       0.0000E+00  1.2036E+01
  nd-143       0.0000E+00  3.1400E+02
  ce-144       0.0000E+00  1.7966E+02
  nd-144       0.0000E+00  1.8457E+02
  pr-145       0.0000E+00  1.5137E-01
  nd-145       0.0000E+00  2.3594E+02
  nd-146       0.0000E+00  1.9942E+02
  nd-147       0.0000E+00  4.0596E+00
  pm-147       0.0000E+00  9.6696E+01
  sm-147       0.0000E+00  2.0638E+01
  nd-148       0.0000E+00  1.1374E+02
  pm-148       0.0000E+00  3.0551E-01
  pm-148m      0.0000E+00  6.0367E-01
  sm-148       0.0000E+00  1.6660E+01
  pm-149       0.0000E+00  5.2635E-01
  sm-149       0.0000E+00  1.8136E+00
  nd-150       0.0000E+00  5.0518E+01
  sm-150       0.0000E+00  8.0429E+01
  pm-151       0.0000E+00  1.1411E-01
  sm-151       0.0000E+00  7.2974E+00
  sm-152       0.0000E+00  4.0623E+01
  sm-153       0.0000E+00  2.2143E-01
  eu-153       0.0000E+00  2.3026E+01
  sm-154       0.0000E+00  8.3282E+00
  eu-154       0.0000E+00  2.6983E+00
  gd-154       0.0000E+00  1.0822E-01
  eu-155       0.0000E+00  1.4697E+00
  eu-156       0.0000E+00  4.9953E-01
  gd-156       0.0000E+00  7.3165E+00
  gd-157       0.0000E+00  3.3117E-02
  gd-158       0.0000E+00  2.5075E+00
  tb-159       0.0000E+00  3.8903E-01
  gd-160       0.0000E+00  1.7342E-01
  dy-161       0.0000E+00  6.5751E-02
  dy-162       0.0000E+00  4.0716E-02
  dy-163       0.0000E+00  2.1143E-02
------------
  totals       1.0000E+06  1.0000E+06
=========================================================================================================================
.
.
=========================================================================================================================
=   History overview for case 'decay' (#2/2)                                                                            =
-------------------------------------------------------------------------------------------------------------------------
   step          t0          t1          dt           t        flux     fluence       power      energy
    (-)         (y)         (y)         (s)         (s)   (n/cm2-s)     (n/cm2)        (MW)       (MWd)
      1      1.5057      2.5057  3.1560E+07  7.9080E+07  0.0000E+00  7.4445E+21  0.0000E+00  9.8990E+03
          
              step - step index within this case
                t0 - time at beginning-of-step in input units
                t1 - time at end-of-step in input units
                dt - length of step in seconds
                 t - end-of-step cumulative time in seconds
              flux - flux in neutrons/cm^2-sec (CALCULATED)
           fluence - cumulative end-of-step fluence in neutrons/cm^2 (CALCULATED)
             power - power in mega-watts (INPUT)     
            energy - cumulative end-of-step energy released in mega-watt-days (INPUT)     
=========================================================================================================================
.
.
.
.
.
*************************************************************************************************************************
********************                                                                                 ********************
********************                                                                                 ********************
********************                    Library information                                          ********************
********************                                                                                 ********************
********************                                                                                 ********************
*************************************************************************************************************************
.
.
=========================================================================================================================
=   Library summary for case 'decay' (#2/2)                                                                             =
-------------------------------------------------------------------------------------------------------------------------
filename: C:/Users/Teddy/AppData/Local/Temp/scale.Teddy.7448/w17x17_100d.f33 cross-section data taken from position number: 1
library title delimited by {}: 
{}
date library was produced: 538976288/538976288/538976288
total number of nuclides in library: 2237
number of light-element nuclides: 910
number of actinide nuclides: 176
number of fission product nuclides: 1151
number of nonzero off-diagonal matrix elements: 54564
=========================================================================================================================
.
.
*************************************************************************************************************************
********************                                                                                 ********************
********************                                                                                 ********************
********************                    Concentration tables                                         ********************
********************                                                                                 ********************
********************                                                                                 ********************
*************************************************************************************************************************
.
.
=========================================================================================================================
=   Nuclide concentrations in grams for case 'decay' (#2/2)                                                             =
-------------------------------------------------------------------------------------------------------------------------
  (relative cutoff; integral of concentrations over time >   1.00E-06 % of integral of all concentrations over time)
.
                   1.506y      2.506y   
  h-3          1.4402E-02  1.3614E-02
  he-4         3.5366E-01  3.6676E-01
  u-234        6.3804E-01  7.0744E-01
  u-235        1.8321E+04  1.8321E+04
  u-236        1.7099E+03  1.7100E+03
  u-237        2.3569E+00  8.8563E-06
  u-238        9.6478E+05  9.6478E+05
  u-239        2.7688E-01  0.0000E+00
  np-237       7.7946E+01  8.0323E+01
  np-238       1.1565E-01  1.0880E-08
  np-239       4.0020E+01  1.2360E-06
  pu-238       8.5107E+00  9.0703E+00
  pu-239       3.5320E+03  3.5722E+03
  pu-240       6.4414E+02  6.4408E+02
  pu-241       2.9798E+02  2.8387E+02
  pu-242       2.8860E+01  2.8862E+01
  am-241       5.4086E+00  1.9498E+01
  am-242m      5.8923E-02  5.8634E-02
  am-243       1.4325E+00  1.4359E+00
  cm-242       6.5602E-01  1.4033E-01
  cm-244       1.1588E-01  1.1160E-01
  ge-74        1.4604E-02  1.4604E-02
  as-75        3.9353E-02  3.9359E-02
  ge-76        1.0678E-01  1.0678E-01
  se-77        2.6425E-01  2.6566E-01
  se-78        7.1736E-01  7.1759E-01
  se-79        1.5659E+00  1.5659E+00
  se-80        4.2307E+00  4.2307E+00
  br-81        6.9685E+00  6.9688E+00
  se-82        1.1057E+01  1.1057E+01
  kr-82        6.0107E-02  6.0546E-02
  kr-83        1.6740E+01  1.6748E+01
  kr-84        3.5035E+01  3.5037E+01
  kr-85        8.9899E+00  8.4326E+00
  rb-85        3.4494E+01  3.5071E+01
  kr-86        6.5489E+01  6.5489E+01
  sr-86        3.5681E-02  3.9203E-02
  rb-87        8.6298E+01  8.6309E+01
  kr-88        3.2625E-02  0.0000E+00
  sr-88        1.2064E+02  1.2068E+02
  sr-89        1.8883E+01  1.2590E-01
  y-89         1.4391E+02  1.6268E+02
  sr-90        1.9540E+02  1.9075E+02
  y-90         5.0601E-02  4.8386E-02
  zr-90        3.7638E+00  8.4145E+00
  sr-91        1.9487E-01  0.0000E+00
  y-91         2.9384E+01  3.9066E-01
  zr-91        1.7799E+02  2.0719E+02
  sr-92        5.8311E-02  0.0000E+00
  y-92         7.7066E-02  0.0000E+00
  zr-92        2.2073E+02  2.2086E+02
  y-93         2.4630E-01  0.0000E+00
  zr-93        2.3998E+02  2.4023E+02
  zr-94        2.5122E+02  2.5123E+02
  zr-95        4.1847E+01  8.0248E-01
  nb-95        2.2827E+01  9.7764E-01
  nb-95m       2.5508E-02  5.1790E-04
  mo-95        2.1383E+02  2.7678E+02
  zr-96        2.6065E+02  2.6065E+02
  mo-96        3.1809E+00  3.1818E+00
  zr-97        4.4818E-01  0.0000E+00
  nb-97        3.2332E-02  0.0000E+00
  mo-97        2.5364E+02  2.5413E+02
  mo-98        2.5531E+02  2.5531E+02
  mo-99        1.9288E+00  0.0000E+00
  tc-99        2.6214E+02  2.6423E+02
  tc-99m       1.5451E-01  0.0000E+00
  mo-100       2.8663E+02  2.8663E+02
  ru-100       8.5037E+00  8.5037E+00
  ru-101       2.4136E+02  2.4138E+02
  ru-102       2.2115E+02  2.2116E+02
  ru-103       2.0983E+01  3.3123E-02
  rh-103       1.4846E+02  1.6943E+02
  rh-103m      2.0594E-02  3.2535E-05
  ru-104       1.3370E+02  1.3371E+02
  pd-104       2.0250E+01  2.0250E+01
  ru-105       5.9817E-02  0.0000E+00
  rh-105       4.5622E-01  0.0000E+00
  pd-105       8.9749E+01  9.0267E+01
  ru-106       4.0938E+01  2.0719E+01
  pd-106       2.5042E+01  4.5261E+01
  pd-107       3.9364E+01  3.9367E+01
  pd-108       2.3781E+01  2.3782E+01
  pd-109       4.0595E-02  0.0000E+00
  ag-109       1.4641E+01  1.4682E+01
  pd-110       7.7867E+00  7.7867E+00
  ag-110m      4.7231E-02  1.7138E-02
  cd-110       1.6340E+00  1.6641E+00
  ag-111       1.1749E-01  2.0475E-16
  cd-111       3.9314E+00  4.0492E+00
  cd-112       2.2616E+00  2.2696E+00
  cd-113       7.7758E-02  7.8626E-02
  cd-114       3.1385E+00  3.1385E+00
  in-115       8.8491E-01  9.0330E-01
  sn-115       6.0316E-02  6.0765E-02
  cd-116       1.3514E+00  1.3515E+00
  sn-116       3.5225E-01  3.5230E-01
  sn-117       1.2543E+00  1.2552E+00
  sn-118       1.1973E+00  1.1974E+00
  sn-119       1.1907E+00  1.2041E+00
  sn-119m      2.2990E-02  9.6883E-03
  sn-120       1.2183E+00  1.2183E+00
  sn-121m      9.3675E-02  9.2208E-02
  sb-121       1.2050E+00  1.2105E+00
  sn-122       1.5267E+00  1.5267E+00
  te-122       2.2987E-02  2.3333E-02
  sn-123       6.2016E-02  8.7381E-03
  sb-123       1.5004E+00  1.5538E+00
  sn-124       2.4430E+00  2.4430E+00
  te-124       1.3891E-02  1.8814E-02
  sn-125       3.8779E-02  1.5202E-13
  sb-125       2.6460E+00  2.0885E+00
  te-125       4.6423E-01  1.0610E+00
  te-125m      2.9535E-02  2.9020E-02
  sn-126       5.0740E+00  5.0740E+00
  te-126       1.4234E-01  1.4446E-01
  sb-127       1.5176E-01  0.0000E+00
  te-127m      4.0715E-01  4.2472E-02
  i-127        1.1513E+01  1.2045E+01
  te-128       2.5082E+01  2.5088E+01
  xe-128       1.7497E-01  1.7498E-01
  sb-129       2.2462E-02  0.0000E+00
  te-129m      6.7988E-01  3.6478E-04
  i-129        4.1443E+01  4.2150E+01
  te-130       1.1205E+02  1.1206E+02
  xe-130       5.1134E-01  5.1262E-01
  te-131m      1.2192E-01  0.0000E+00
  i-131        3.8950E+00  8.0580E-14
  xe-131       1.6070E+02  1.6480E+02
  xe-131m      6.4293E-02  1.0352E-10
  te-132       2.2475E+00  0.0000E+00
  i-132        6.8334E-02  0.0000E+00
  xe-132       2.8650E+02  2.8881E+02
  te-133m      2.0730E-02  0.0000E+00
  i-133        9.0150E-01  0.0000E+00
  xe-133       5.4590E+00  7.1444E-21
  xe-133m      6.8687E-02  0.0000E+00
  cs-133       3.8131E+02  3.8777E+02
  te-134       2.8332E-02  0.0000E+00
  i-134        4.3298E-02  0.0000E+00
  xe-134       4.7004E+02  4.7011E+02
  cs-134       1.3368E+01  9.5568E+00
  ba-134       2.3704E+00  6.1823E+00
  i-135        2.7360E-01  0.0000E+00
  xe-135       1.5437E-01  0.0000E+00
  cs-135       1.5392E+02  1.5435E+02
  xe-136       6.5042E+02  6.5042E+02
  cs-136       1.3466E-01  5.9372E-10
  ba-136       2.4840E+00  2.6187E+00
  cs-137       3.7748E+02  3.6888E+02
  ba-137       6.6499E+00  1.5250E+01
  cs-138       2.3725E-02  0.0000E+00
  ba-138       4.0712E+02  4.0716E+02
  ba-139       5.6695E-02  0.0000E+00
  la-139       3.8652E+02  3.8658E+02
  ba-140       1.2192E+01  2.9092E-08
  la-140       1.6188E+00  4.4093E-09
  ce-140       3.6882E+02  3.8263E+02
  la-141       1.4904E-01  0.0000E+00
  ce-141       2.9560E+01  1.2317E-02
  pr-141       3.3290E+02  3.6261E+02
  la-142       5.6602E-02  0.0000E+00
  ce-142       3.5720E+02  3.5726E+02
  nd-142       1.7510E+00  1.7583E+00
  ce-143       1.2244E+00  0.0000E+00
  pr-143       1.2036E+01  1.0573E-07
  nd-143       3.1400E+02  3.2727E+02
  ce-144       1.7966E+02  7.3876E+01
  nd-144       1.8457E+02  2.9035E+02
  pr-145       1.5137E-01  0.0000E+00
  nd-145       2.3594E+02  2.3610E+02
  nd-146       1.9942E+02  1.9943E+02
  nd-147       4.0596E+00  3.9288E-10
  pm-147       9.6696E+01  7.7398E+01
  sm-147       2.0638E+01  4.3999E+01
  nd-148       1.1374E+02  1.1374E+02
  pm-148       3.0551E-01  8.2294E-06
  pm-148m      6.0367E-01  1.3112E-03
  sm-148       1.6660E+01  1.7567E+01
  pm-149       5.2635E-01  0.0000E+00
  sm-149       1.8136E+00  2.3548E+00
  nd-150       5.0518E+01  5.0518E+01
  sm-150       8.0429E+01  8.0429E+01
  pm-151       1.1411E-01  0.0000E+00
  sm-151       7.2974E+00  7.3555E+00
  eu-151       1.4186E-02  7.1055E-02
  sm-152       4.0623E+01  4.0624E+01
  sm-153       2.2143E-01  0.0000E+00
  eu-153       2.3026E+01  2.3248E+01
  sm-154       8.3282E+00  8.3283E+00
  eu-154       2.6983E+00  2.4893E+00
  gd-154       1.0822E-01  3.1712E-01
  eu-155       1.4697E+00  1.2705E+00
  gd-155       1.8535E-02  2.1802E-01
  eu-156       4.9953E-01  2.9040E-08
  gd-156       7.3165E+00  7.8199E+00
  gd-157       3.3117E-02  3.7081E-02
  gd-158       2.5075E+00  2.5076E+00
  tb-159       3.8903E-01  3.9034E-01
  gd-160       1.7342E-01  1.7342E-01
  dy-160       8.7598E-03  1.3761E-02
  dy-161       6.5751E-02  6.8152E-02
  dy-162       4.0716E-02  4.0717E-02
  dy-163       2.1143E-02  2.1144E-02
------------
  totals       1.0000E+06  1.0000E+06
=========================================================================================================================
.
.
*************************************************************************************************************************
********************                                                                                 ********************
********************                                                                                 ********************
********************                    Written F71 File Information                                 ********************
********************                                                                                 ********************
********************                                                                                 ********************
*************************************************************************************************************************
.
.
   pos         time        power         flux      fluence       energy libpos   case   step DCGNAB
   (-)          (s)         (MW)    (n/cm2-s)      (n/cm2)        (MWd)    (-)    (-)    (-)    (-)
     1  4.75200e+07  0.00000e+00  0.00000e+00  7.44453e+21  9.89899e+03      1      2      0 DC----
     2  7.90800e+07  0.00000e+00  0.00000e+00  7.44453e+21  9.89899e+03      1      2      1 DC----
    D - state definition present
    C - concentrations present
    G - gamma emission spectra present
    N - neutron emission spectra present
    A - alpha emission spectra present
    B - beta emission spectra present
.
.
.
=========================================================================================================================
ORIGEN finished successfully.
=========================================================================================================================
    module origen used 0.386517 seconds cpu time for the current pass.

    module origen is finished. completion code    0. total cpu time used 3.26573e-006 seconds.


    SCALE is finished on Wed Feb 13 18:27:38 2019.
-------------------------- Summary --------------------------
arp finished. used 1.82846 seconds.
origen finished. used 0.391464 seconds.
SCALE driver required a maximum of 8.316 MiB of RAM.
------------------------ End Summary ------------------------

w17x17_100d.f33 copied to C:\Users\Teddy\Desktop\scale_test\output\w17x17_100d.f33.
discharge.f71 copied to C:\Users\Teddy\Desktop\scale_test\output\discharge.f71.
