 *******************************************************************************
 *                                                                             *
 *                                 SCALE 6.2.2                                 *
 *                                -------------                                *
 *                                February 2019                                *
 *                                                                             *
 *           SCALE:  A Comprehensive Modeling and Simulation Suite             *
 *                   for Nuclear Safety Analysis and Design                    *
 *                                                                             *
 *                      Reactor and Nuclear Systems Division                   *
 *                        Oak Ridge National Laboratory                        *
 *                                                                             *
 *                           http://scale.ornl.gov                             *
 *                            scalehelp@ornl.gov                               *
 *                                                                             *
 *******************************************************************************
 *******************************************************************************
      
                  Job Information
                  ---------------
      Job started on DESKTOP-J14NAA6 on Wed 13/02/2019 18:29:51
      Working directory: C:\Users\Teddy\AppData\Local\Temp\scale.Teddy.12672
      Input file name  : C:\Users\Teddy\Desktop\scale_test\output\2.800000_37474.747475.inp
      Output file name : C:\Users\Teddy\Desktop\scale_test\output\2.800000_37474.747475.out
      SCALE executable : C:\SCALE-6.2.2/bin/scale
      
 *******************************************************************************


    module arp will be called on Wed Feb 13 18:29:51 2019.
    sequence specification record:=arp
Input Data:

      'library type
      w17x17
      2.800000
      ' num cycles
      1
      ' num days per cycle
      550
      ' cycle average specific power (MW / MTU)
      68.135904
      ' number of interpolated cross section sets generated per cycle
      1
      ' moderator density (g/cc)
      0.723
      ' interpolated output ORIGEN library
      w17x17_100d.f33
end

1






        ************************************************************************************************************************
        ************************************************************************************************************************
        ************************************************************************************************************************
        *****                                                                                                              *****
        *****                                       program verification information                                       *****
        *****                                                                                                              *****
        *****                                   code system:  SCALE    version:  6.2                                       *****
        *****                                                                                                              *****
        ************************************************************************************************************************
        ************************************************************************************************************************
        *****                                                                                                              *****
        *****                                                                                                              *****
        *****              program:  arp.exe                                                                               *****
        *****                                                                                                              *****
        *****        creation date:   unknown                                                                              *****
        *****                                                                                                              *****
        *****              library:  C:\SCALE-6.2.2\bin                                                                    *****
        *****                                                                                                              *****
        *****                                                                                                              *****
        *****            prod code:  arp.exe                                                                               *****
        *****                                                                                                              *****
        *****              version:  6.2.2                                                                                 *****
        *****                                                                                                              *****
        *****              jobname:  Teddy                                                                                 *****
        *****                                                                                                              *****
        *****         machine name:  DESKTOP-J14NAA6                                                                       *****
        *****                                                                                                              *****
        *****    date of execution:  13_feb_2019                                                                           *****
        *****                                                                                                              *****
        *****    time of execution:  18:29:51.58                                                                           *****
        *****                                                                                                              *****
        *****                                                                                                              *****
        ************************************************************************************************************************
        ************************************************************************************************************************
        ************************************************************************************************************************


 'library type
    data library:       w17x17
       directory:       C:/SCALE-6.2.2/data/\arplibs
       definition:      C:/SCALE-6.2.2/data/\arpdata.txt
    u-235 enrichment:                        2.800

 ' num cycles
    number of cycles:                            1

 ' num days per cycle

 ' cycle average specific power (MW / MTU)

 ' number of interpolated cross section sets generated per cycle

 ' moderator density (g/cc)
    water density (g/cm3):                  0.7230
                                         cycle        cumulative      midpoint
   cycle time(d)        power(MW)      burnup(MWd/MTU)burnup(MWd/MTU)burnup(MWd/MTU)nlib
     1    550.000        68.1359        37474.7        37474.7        18737.4             1

 ' interpolated output ORIGEN library
    interpolated library name:                   w17x17_100d.f33
 interpolation type: spline
 Cross section library interpolation completed.
.
.
.
=========================================================================================================================
ARP finished successfully.
=========================================================================================================================
    module arp used 1.91059 seconds cpu time for the current pass.

    module arp is finished. completion code    0. total cpu time used 1.07303e-005 seconds.



    module origen will be called on Wed Feb 13 18:29:53 2019.
    sequence specification record:=origen
Input Data:

      case(irrad) {
          lib{
              file="w17x17_100d.f33" pos=1
          }
          mat {
              units=GRAMS
              iso=[u235=28000.000000 u238=972000.000000]
          }
          time = [ 550 ]
          power = [ 68.135904 ]
      }
      case (decay) {
          time {
              units=YEARS
              start=0
              t=[1]
          }
          save{ file="discharge.f71" steps=[0 LAST]}
      }
end

1






        ************************************************************************************************************************
        ************************************************************************************************************************
        ************************************************************************************************************************
        *****                                                                                                              *****
        *****                                       program verification information                                       *****
        *****                                                                                                              *****
        *****                                   code system:  SCALE    version:  6.2                                       *****
        *****                                                                                                              *****
        ************************************************************************************************************************
        ************************************************************************************************************************
        *****                                                                                                              *****
        *****                                                                                                              *****
        *****              program:  origen.exe                                                                            *****
        *****                                                                                                              *****
        *****        creation date:   unknown                                                                              *****
        *****                                                                                                              *****
        *****              library:  C:\SCALE-6.2.2\bin                                                                    *****
        *****                                                                                                              *****
        *****                                                                                                              *****
        *****            prod code:  origen.exe                                                                            *****
        *****                                                                                                              *****
        *****              version:  6.2.2                                                                                 *****
        *****                                                                                                              *****
        *****              jobname:  Teddy                                                                                 *****
        *****                                                                                                              *****
        *****         machine name:  DESKTOP-J14NAA6                                                                       *****
        *****                                                                                                              *****
        *****    date of execution:  13_feb_2019                                                                           *****
        *****                                                                                                              *****
        *****    time of execution:  18:29:53.50                                                                           *****
        *****                                                                                                              *****
        *****                                                                                                              *****
        ************************************************************************************************************************
        ************************************************************************************************************************
        ************************************************************************************************************************

*************************************************************************************************************************
********************                                                                                 ********************
********************                                                                                 ********************
********************                    USER INPUT SUMMARY                                           ********************
********************                                                                                 ********************
********************                                                                                 ********************
*************************************************************************************************************************
.
.
=========================================================================================================================
=   Case "irrad" (#1/2)                                                                                                 =
-------------------------------------------------------------------------------------------------------------------------
###   Library settings                                                                                                ###
.
                                Library file name:     C:/Users/Teddy/AppData/Local/Temp/scale.Teddy.12672/w17x17_100d.f33
                             Library set position:              1
                 Fission product reaction removal:             no
-------------------------------------------------------------------------------------------------------------------------
###   Global settings                                                                                                 ###
.
                                           Solver:              MATREX
                                             Mode:        forward
                             Fixed fission energy:             no
-------------------------------------------------------------------------------------------------------------------------
###   Concentrations output options                                                                                   ###
.
                            High-precision output:             no
                                  Relative cutoff:            yes
                         Step for applying cutoff:       integral
.
                      light els.   actinides  fis.prods.       total
                       nuc    el   nuc    el   nuc    el   nuc    el             cutoff
gram-atoms                                                                    1.000E-06
grams                                                      **                 1.000E-06
curies                                                                        1.000E-06
watts                                                                         1.000E-06
gamma watts                                                                   1.000E-06
m3 air                                                                        1.000E-06
m3 water                                                                      1.000E-06
grams ppm                                                                     1.000E-06
atoms ppm                                                                     1.000E-06
atoms/barn-cm                                                                 1.000E-06
becquerels                                                                    1.000E-06
-------------------------------------------------------------------------------------------------------------------------
###   Additional output options                                                                                       ###
.
                                      Print k-inf:             no
           Nuclides for absorption fraction print:           none
                              Print fission rates:             no
            Step for sorting absorption fractions:              1
=========================================================================================================================
=   Case "decay" (#2/2)                                                                                                 =
-------------------------------------------------------------------------------------------------------------------------
###   Library settings                                                                                                ###
.
                                Library file name:     C:/Users/Teddy/AppData/Local/Temp/scale.Teddy.12672/w17x17_100d.f33
                             Library set position:              1
                 Fission product reaction removal:             no
-------------------------------------------------------------------------------------------------------------------------
###   Global settings                                                                                                 ###
.
                                           Solver:              MATREX
                                             Mode:        forward
                             Fixed fission energy:             no
-------------------------------------------------------------------------------------------------------------------------
###   Concentrations output options                                                                                   ###
.
                            High-precision output:             no
                                  Relative cutoff:            yes
                         Step for applying cutoff:       integral
.
                      light els.   actinides  fis.prods.       total
                       nuc    el   nuc    el   nuc    el   nuc    el             cutoff
gram-atoms                                                                    1.000E-06
grams                                                      **                 1.000E-06
curies                                                                        1.000E-06
watts                                                                         1.000E-06
gamma watts                                                                   1.000E-06
m3 air                                                                        1.000E-06
m3 water                                                                      1.000E-06
grams ppm                                                                     1.000E-06
atoms ppm                                                                     1.000E-06
atoms/barn-cm                                                                 1.000E-06
becquerels                                                                    1.000E-06
-------------------------------------------------------------------------------------------------------------------------
###   Additional output options                                                                                       ###
.
                                      Print k-inf:             no
           Nuclides for absorption fraction print:           none
                              Print fission rates:             no
            Step for sorting absorption fractions:              1
=========================================================================================================================
###   Blending information                                                                                            ###
.
  --- no blending requested in this job ---
=========================================================================================================================
.
.
=========================================================================================================================
=   History overview for case 'irrad' (#1/2)                                                                            =
-------------------------------------------------------------------------------------------------------------------------
   step          t0          t1          dt           t        flux     fluence       power      energy
    (-)         (d)         (d)         (s)         (s)   (n/cm2-s)     (n/cm2)        (MW)       (MWd)
      1      0.0000    550.0000  4.7520E+07  4.7520E+07  6.9326E+14  3.2944E+22  6.8136E+01  3.7475E+04
          
              step - step index within this case
                t0 - time at beginning-of-step in input units
                t1 - time at end-of-step in input units
                dt - length of step in seconds
                 t - end-of-step cumulative time in seconds
              flux - flux in neutrons/cm^2-sec (CALCULATED)
           fluence - cumulative end-of-step fluence in neutrons/cm^2 (CALCULATED)
             power - power in mega-watts (INPUT)     
            energy - cumulative end-of-step energy released in mega-watt-days (INPUT)     
=========================================================================================================================
.
.
.
.
.
*************************************************************************************************************************
********************                                                                                 ********************
********************                                                                                 ********************
********************                    Library information                                          ********************
********************                                                                                 ********************
********************                                                                                 ********************
*************************************************************************************************************************
.
.
=========================================================================================================================
=   Library summary for case 'irrad' (#1/2)                                                                             =
-------------------------------------------------------------------------------------------------------------------------
filename: C:/Users/Teddy/AppData/Local/Temp/scale.Teddy.12672/w17x17_100d.f33 cross-section data taken from position number: 1
library title delimited by {}: 
{}
date library was produced: 538976288/538976288/538976288
total number of nuclides in library: 2237
number of light-element nuclides: 910
number of actinide nuclides: 176
number of fission product nuclides: 1151
number of nonzero off-diagonal matrix elements: 54564
=========================================================================================================================
.
.
*************************************************************************************************************************
********************                                                                                 ********************
********************                                                                                 ********************
********************                    Concentration tables                                         ********************
********************                                                                                 ********************
********************                                                                                 ********************
*************************************************************************************************************************
.
.
=========================================================================================================================
=   Nuclide concentrations in grams for case 'irrad' (#1/2)                                                             =
-------------------------------------------------------------------------------------------------------------------------
  (relative cutoff; integral of concentrations over time >   1.00E-06 % of integral of all concentrations over time)
.
                   0.000d    550.000d   
  h-3          0.0000E+00  6.0519E-02
  he-4         0.0000E+00  1.5497E+00
  u-234        0.0000E+00  1.8046E+00
  u-235        2.8000E+04  4.8163E+03
  u-236        0.0000E+00  3.7169E+03
  u-237        0.0000E+00  1.6910E+01
  u-238        9.7200E+05  9.4045E+05
  u-239        0.0000E+00  1.1910E+00
  np-237       0.0000E+00  4.4944E+02
  np-238       0.0000E+00  2.7549E+00
  np-239       0.0000E+00  1.7165E+02
  pu-238       0.0000E+00  1.8974E+02
  pu-239       0.0000E+00  5.2312E+03
  pu-240       0.0000E+00  2.3071E+03
  pu-241       0.0000E+00  1.7341E+03
  pu-242       0.0000E+00  8.4458E+02
  pu-243       0.0000E+00  4.5442E-01
  pu-244       0.0000E+00  7.8515E-02
  am-241       0.0000E+00  2.4615E+01
  am-242m      0.0000E+00  4.1595E-01
  am-242       0.0000E+00  1.5371E-01
  am-243       0.0000E+00  1.8350E+02
  am-244       0.0000E+00  2.4105E-02
  cm-242       0.0000E+00  1.5809E+01
  cm-243       0.0000E+00  4.4191E-01
  cm-244       0.0000E+00  7.6829E+01
  cm-245       0.0000E+00  4.4557E+00
  cm-246       0.0000E+00  5.7130E-01
  ge-73        0.0000E+00  2.4494E-02
  ge-74        0.0000E+00  6.2625E-02
  as-75        0.0000E+00  1.4521E-01
  ge-76        0.0000E+00  3.7640E-01
  se-77        0.0000E+00  8.6846E-01
  se-78        0.0000E+00  2.5863E+00
  se-79        0.0000E+00  5.4537E+00
  se-80        0.0000E+00  1.4053E+01
  br-81        0.0000E+00  2.3516E+01
  se-82        0.0000E+00  3.7029E+01
  kr-82        0.0000E+00  8.5197E-01
  kr-83        0.0000E+00  4.2014E+01
  kr-84        0.0000E+00  1.2203E+02
  kr-85        0.0000E+00  2.7629E+01
  kr-85m       0.0000E+00  4.2415E-02
  rb-85        0.0000E+00  1.0520E+02
  kr-86        0.0000E+00  1.9808E+02
  rb-86        0.0000E+00  4.6728E-02
  sr-86        0.0000E+00  5.2019E-01
  kr-87        0.0000E+00  2.3096E-02
  rb-87        0.0000E+00  2.6017E+02
  kr-88        0.0000E+00  6.8923E-02
  sr-88        0.0000E+00  3.6041E+02
  sr-89        0.0000E+00  3.9917E+01
  y-89         0.0000E+00  4.5332E+02
  sr-90        0.0000E+00  5.7951E+02
  y-90         0.0000E+00  1.6053E-01
  zr-90        0.0000E+00  1.3291E+01
  sr-91        0.0000E+00  4.4052E-01
  y-91         0.0000E+00  7.1614E+01
  y-91m        0.0000E+00  2.2307E-02
  zr-91        0.0000E+00  5.6226E+02
  sr-92        0.0000E+00  1.4016E-01
  y-92         0.0000E+00  1.8519E-01
  zr-92        0.0000E+00  6.9823E+02
  y-93         0.0000E+00  6.3535E-01
  zr-93        0.0000E+00  7.8010E+02
  y-94         0.0000E+00  2.1173E-02
  zr-94        0.0000E+00  8.4693E+02
  zr-95        0.0000E+00  1.2419E+02
  nb-95        0.0000E+00  6.7471E+01
  nb-95m       0.0000E+00  7.5761E-02
  mo-95        0.0000E+00  7.1677E+02
  zr-96        0.0000E+00  9.1075E+02
  mo-96        0.0000E+00  4.7809E+01
  zr-97        0.0000E+00  1.3844E+00
  nb-97        0.0000E+00  1.0015E-01
  mo-97        0.0000E+00  9.1360E+02
  mo-98        0.0000E+00  9.5724E+02
  mo-99        0.0000E+00  6.3544E+00
  tc-99        0.0000E+00  8.9717E+02
  tc-99m       0.0000E+00  5.1124E-01
  ru-99        0.0000E+00  3.2903E-02
  mo-100       0.0000E+00  1.0895E+03
  ru-100       0.0000E+00  1.2921E+02
  mo-101       0.0000E+00  2.2942E-02
  tc-101       0.0000E+00  2.2322E-02
  ru-101       0.0000E+00  9.0781E+02
  ru-102       0.0000E+00  9.6329E+02
  ru-103       0.0000E+00  9.2921E+01
  rh-103       0.0000E+00  5.2171E+02
  rh-103m      0.0000E+00  9.1249E-02
  tc-104       0.0000E+00  2.6502E-02
  ru-104       0.0000E+00  7.1635E+02
  pd-104       0.0000E+00  3.2428E+02
  ru-105       0.0000E+00  3.4072E-01
  rh-105       0.0000E+00  2.2948E+00
  pd-105       0.0000E+00  4.6799E+02
  ru-106       0.0000E+00  2.9250E+02
  pd-106       0.0000E+00  2.6555E+02
  pd-107       0.0000E+00  3.0700E+02
  pd-108       0.0000E+00  2.0574E+02
  pd-109       0.0000E+00  3.7461E-01
  ag-109       0.0000E+00  1.0575E+02
  pd-110       0.0000E+00  6.8448E+01
  ag-110m      0.0000E+00  1.0673E+00
  cd-110       0.0000E+00  5.4586E+01
  ag-111       0.0000E+00  9.3574E-01
  cd-111       0.0000E+00  3.3398E+01
  pd-112       0.0000E+00  4.6718E-02
  cd-112       0.0000E+00  1.7108E+01
  cd-113       0.0000E+00  1.2363E-01
  cd-114       0.0000E+00  1.9438E+01
  cd-115       0.0000E+00  4.1423E-02
  cd-115m      0.0000E+00  5.1345E-02
  in-115       0.0000E+00  2.0484E+00
  sn-115       0.0000E+00  2.9709E-01
  cd-116       0.0000E+00  6.9391E+00
  sn-116       0.0000E+00  4.4408E+00
  sn-117       0.0000E+00  6.2693E+00
  sn-118       0.0000E+00  5.8274E+00
  sn-119       0.0000E+00  5.6000E+00
  sn-119m      0.0000E+00  1.0649E-01
  sn-120       0.0000E+00  5.7736E+00
  sn-121m      0.0000E+00  4.5911E-01
  sb-121       0.0000E+00  5.4566E+00
  sn-122       0.0000E+00  7.3789E+00
  te-122       0.0000E+00  4.6076E-01
  sn-123       0.0000E+00  3.6521E-01
  sb-123       0.0000E+00  6.8612E+00
  sn-124       0.0000E+00  1.1656E+01
  sb-124       0.0000E+00  9.6020E-02
  te-124       0.0000E+00  2.7201E-01
  sn-125       0.0000E+00  1.8515E-01
  sb-125       0.0000E+00  1.3075E+01
  te-125       0.0000E+00  2.3527E+00
  te-125m      0.0000E+00  1.4782E-01
  sn-126       0.0000E+00  2.5647E+01
  te-126       0.0000E+00  6.2081E-01
  sb-127       0.0000E+00  6.7033E-01
  te-127       0.0000E+00  5.9021E-02
  te-127m      0.0000E+00  8.4111E-01
  i-127        0.0000E+00  5.1771E+01
  te-128       0.0000E+00  1.1659E+02
  xe-128       0.0000E+00  3.6934E+00
  sb-129       0.0000E+00  9.5400E-02
  te-129       0.0000E+00  2.3964E-02
  te-129m      0.0000E+00  2.8539E+00
  i-129        0.0000E+00  1.8964E+02
  xe-129       0.0000E+00  2.8934E-02
  te-130       0.0000E+00  4.4414E+02
  i-130        0.0000E+00  2.2936E-02
  xe-130       0.0000E+00  9.3631E+00
  sb-131       0.0000E+00  2.1041E-02
  te-131       0.0000E+00  2.5266E-02
  te-131m      0.0000E+00  4.8486E-01
  i-131        0.0000E+00  1.3809E+01
  xe-131       0.0000E+00  4.7076E+02
  xe-131m      0.0000E+00  2.4518E-01
  te-132       0.0000E+00  7.7442E+00
  i-132        0.0000E+00  2.3809E-01
  xe-132       0.0000E+00  1.3180E+03
  te-133m      0.0000E+00  6.3538E-02
  i-133        0.0000E+00  2.9791E+00
  xe-133       0.0000E+00  1.8018E+01
  xe-133m      0.0000E+00  2.3629E-01
  cs-133       0.0000E+00  1.2633E+03
  te-134       0.0000E+00  8.4233E-02
  i-134        0.0000E+00  1.3982E-01
  xe-134       0.0000E+00  1.7626E+03
  cs-134       0.0000E+00  1.8614E+02
  ba-134       0.0000E+00  3.5351E+01
  i-135        0.0000E+00  9.1930E-01
  xe-135       0.0000E+00  1.8102E-01
  cs-135       0.0000E+00  2.2848E+02
  ba-135       0.0000E+00  2.6089E-01
  xe-136       0.0000E+00  2.9247E+03
  cs-136       0.0000E+00  8.1923E-01
  ba-136       0.0000E+00  1.6624E+01
  cs-137       0.0000E+00  1.4410E+03
  ba-137       0.0000E+00  2.6685E+01
  xe-138       0.0000E+00  2.8705E-02
  cs-138       0.0000E+00  7.4998E-02
  ba-138       0.0000E+00  1.4942E+03
  ba-139       0.0000E+00  1.7883E-01
  la-139       0.0000E+00  1.3939E+03
  ba-140       0.0000E+00  3.8008E+01
  la-140       0.0000E+00  5.1973E+00
  ce-140       0.0000E+00  1.3794E+03
  ba-141       0.0000E+00  3.5589E-02
  la-141       0.0000E+00  4.6194E-01
  ce-141       0.0000E+00  9.0599E+01
  pr-141       0.0000E+00  1.2254E+03
  la-142       0.0000E+00  1.7116E-01
  ce-142       0.0000E+00  1.2920E+03
  pr-142       0.0000E+00  1.1293E-01
  nd-142       0.0000E+00  2.8378E+01
  la-143       0.0000E+00  2.5359E-02
  ce-143       0.0000E+00  3.5692E+00
  pr-143       0.0000E+00  3.4781E+01
  nd-143       0.0000E+00  8.0604E+02
  ce-144       0.0000E+00  5.8873E+02
  pr-144       0.0000E+00  2.5157E-02
  nd-144       0.0000E+00  9.7147E+02
  pr-145       0.0000E+00  4.5228E-01
  nd-145       0.0000E+00  7.4588E+02
  pr-146       0.0000E+00  2.5032E-02
  nd-146       0.0000E+00  8.0869E+02
  nd-147       0.0000E+00  1.2768E+01
  pm-147       0.0000E+00  2.0457E+02
  sm-147       0.0000E+00  4.3519E+01
  nd-148       0.0000E+00  4.4310E+02
  pm-148       0.0000E+00  2.4264E+00
  pm-148m      0.0000E+00  1.6363E+00
  sm-148       0.0000E+00  1.4891E+02
  nd-149       0.0000E+00  5.3490E-02
  pm-149       0.0000E+00  2.5414E+00
  sm-149       0.0000E+00  2.1612E+00
  nd-150       0.0000E+00  2.1471E+02
  sm-150       0.0000E+00  3.6787E+02
  pm-151       0.0000E+00  4.9164E-01
  sm-151       0.0000E+00  1.2223E+01
  sm-152       0.0000E+00  1.2059E+02
  sm-153       0.0000E+00  2.0909E+00
  eu-153       0.0000E+00  1.4160E+02
  sm-154       0.0000E+00  5.1944E+01
  eu-154       0.0000E+00  3.7178E+01
  gd-154       0.0000E+00  1.7972E+00
  eu-155       0.0000E+00  1.2664E+01
  gd-155       0.0000E+00  4.6567E-02
  sm-156       0.0000E+00  2.4513E-02
  eu-156       0.0000E+00  1.2876E+01
  gd-156       0.0000E+00  1.5456E+02
  eu-157       0.0000E+00  5.4824E-02
  gd-157       0.0000E+00  1.5475E-01
  gd-158       0.0000E+00  3.2208E+01
  tb-159       0.0000E+00  3.5662E+00
  gd-160       0.0000E+00  1.5293E+00
  tb-160       0.0000E+00  1.9851E-01
  dy-160       0.0000E+00  2.5122E-01
  tb-161       0.0000E+00  2.8515E-02
  dy-161       0.0000E+00  4.9876E-01
  dy-162       0.0000E+00  3.9762E-01
  dy-163       0.0000E+00  3.2750E-01
  dy-164       0.0000E+00  7.1321E-02
  ho-165       0.0000E+00  1.4190E-01
  er-166       0.0000E+00  4.2750E-02
------------
  totals       1.0000E+06  1.0003E+06
=========================================================================================================================
.
.
=========================================================================================================================
=   History overview for case 'decay' (#2/2)                                                                            =
-------------------------------------------------------------------------------------------------------------------------
   step          t0          t1          dt           t        flux     fluence       power      energy
    (-)         (y)         (y)         (s)         (s)   (n/cm2-s)     (n/cm2)        (MW)       (MWd)
      1      1.5057      2.5057  3.1560E+07  7.9080E+07  0.0000E+00  3.2944E+22  0.0000E+00  3.7475E+04
          
              step - step index within this case
                t0 - time at beginning-of-step in input units
                t1 - time at end-of-step in input units
                dt - length of step in seconds
                 t - end-of-step cumulative time in seconds
              flux - flux in neutrons/cm^2-sec (CALCULATED)
           fluence - cumulative end-of-step fluence in neutrons/cm^2 (CALCULATED)
             power - power in mega-watts (INPUT)     
            energy - cumulative end-of-step energy released in mega-watt-days (INPUT)     
=========================================================================================================================
.
.
.
.
.
*************************************************************************************************************************
********************                                                                                 ********************
********************                                                                                 ********************
********************                    Library information                                          ********************
********************                                                                                 ********************
********************                                                                                 ********************
*************************************************************************************************************************
.
.
=========================================================================================================================
=   Library summary for case 'decay' (#2/2)                                                                             =
-------------------------------------------------------------------------------------------------------------------------
filename: C:/Users/Teddy/AppData/Local/Temp/scale.Teddy.12672/w17x17_100d.f33 cross-section data taken from position number: 1
library title delimited by {}: 
{}
date library was produced: 538976288/538976288/538976288
total number of nuclides in library: 2237
number of light-element nuclides: 910
number of actinide nuclides: 176
number of fission product nuclides: 1151
number of nonzero off-diagonal matrix elements: 54564
=========================================================================================================================
.
.
*************************************************************************************************************************
********************                                                                                 ********************
********************                                                                                 ********************
********************                    Concentration tables                                         ********************
********************                                                                                 ********************
********************                                                                                 ********************
*************************************************************************************************************************
.
.
=========================================================================================================================
=   Nuclide concentrations in grams for case 'decay' (#2/2)                                                             =
-------------------------------------------------------------------------------------------------------------------------
  (relative cutoff; integral of concentrations over time >   1.00E-06 % of integral of all concentrations over time)
.
                   1.506y      2.506y   
  h-3          6.0519E-02  5.7207E-02
  he-4         1.5497E+00  1.8403E+00
  u-234        1.8046E+00  3.3544E+00
  u-235        4.8163E+03  4.8164E+03
  u-236        3.7169E+03  3.7172E+03
  u-237        1.6910E+01  5.1539E-05
  u-238        9.4045E+05  9.4045E+05
  u-239        1.1910E+00  0.0000E+00
  np-237       4.4944E+02  4.6646E+02
  np-238       2.7549E+00  7.6807E-08
  np-239       1.7165E+02  1.5833E-04
  pu-238       1.8974E+02  2.0328E+02
  pu-239       5.2312E+03  5.4039E+03
  pu-240       2.3071E+03  2.3097E+03
  pu-241       1.7341E+03  1.6520E+03
  pu-242       8.4458E+02  8.4461E+02
  pu-243       4.5442E-01  2.3988E-13
  pu-244       7.8515E-02  7.8521E-02
  am-241       2.4615E+01  1.0662E+02
  am-242m      4.1595E-01  4.1391E-01
  am-242       1.5371E-01  5.3403E-06
  am-243       1.8350E+02  1.8393E+02
  am-244       2.4105E-02  1.3101E-14
  cm-242       1.5809E+01  3.3702E+00
  cm-243       4.4191E-01  4.3151E-01
  cm-244       7.6829E+01  7.3982E+01
  cm-245       4.4557E+00  4.4554E+00
  cm-246       5.7130E-01  5.7122E-01
  ge-72        1.0581E-02  1.0652E-02
  ge-73        2.4494E-02  2.4507E-02
  ge-74        6.2625E-02  6.2626E-02
  as-75        1.4521E-01  1.4523E-01
  ge-76        3.7640E-01  3.7640E-01
  se-77        8.6846E-01  8.7233E-01
  se-78        2.5863E+00  2.5870E+00
  se-79        5.4537E+00  5.4538E+00
  se-80        1.4053E+01  1.4053E+01
  br-81        2.3516E+01  2.3517E+01
  se-82        3.7029E+01  3.7029E+01
  kr-82        8.5197E-01  8.5804E-01
  kr-83        4.2014E+01  4.2035E+01
  kr-84        1.2203E+02  1.2204E+02
  kr-85        2.7629E+01  2.5913E+01
  kr-85m       4.2415E-02  0.0000E+00
  rb-85        1.0520E+02  1.0695E+02
  kr-86        1.9808E+02  1.9808E+02
  rb-86        4.6728E-02  5.8555E-08
  sr-86        5.2019E-01  5.6691E-01
  kr-87        2.3096E-02  0.0000E+00
  rb-87        2.6017E+02  2.6020E+02
  kr-88        6.8923E-02  0.0000E+00
  sr-88        3.6041E+02  3.6049E+02
  sr-89        3.9917E+01  2.6615E-01
  y-89         4.5332E+02  4.9298E+02
  sr-90        5.7951E+02  5.6572E+02
  y-90         1.6053E-01  1.4350E-01
  zr-90        1.3291E+01  2.7095E+01
  sr-91        4.4052E-01  0.0000E+00
  y-91         7.1614E+01  9.5165E-01
  y-91m        2.2307E-02  0.0000E+00
  zr-91        5.6226E+02  6.3338E+02
  sr-92        1.4016E-01  0.0000E+00
  y-92         1.8519E-01  0.0000E+00
  zr-92        6.9823E+02  6.9856E+02
  y-93         6.3535E-01  0.0000E+00
  zr-93        7.8010E+02  7.8074E+02
  y-94         2.1173E-02  0.0000E+00
  zr-94        8.4693E+02  8.4695E+02
  mo-94        1.0189E-02  1.0189E-02
  zr-95        1.2419E+02  2.3815E+00
  nb-95        6.7471E+01  2.9011E+00
  nb-95m       7.5761E-02  1.5369E-03
  mo-95        7.1677E+02  9.0332E+02
  zr-96        9.1075E+02  9.1075E+02
  mo-96        4.7809E+01  4.7820E+01
  zr-97        1.3844E+00  0.0000E+00
  nb-97        1.0015E-01  0.0000E+00
  mo-97        9.1360E+02  9.1509E+02
  mo-98        9.5724E+02  9.5725E+02
  mo-99        6.3544E+00  0.0000E+00
  tc-99        8.9717E+02  9.0403E+02
  tc-99m       5.1124E-01  0.0000E+00
  ru-99        3.2903E-02  3.6097E-02
  mo-100       1.0895E+03  1.0895E+03
  ru-100       1.2921E+02  1.2921E+02
  mo-101       2.2942E-02  0.0000E+00
  tc-101       2.2322E-02  0.0000E+00
  ru-101       9.0781E+02  9.0786E+02
  ru-102       9.6329E+02  9.6331E+02
  ru-103       9.2921E+01  1.4668E-01
  rh-103       5.2171E+02  6.1458E+02
  rh-103m      9.1249E-02  1.4408E-04
  tc-104       2.6502E-02  0.0000E+00
  ru-104       7.1635E+02  7.1638E+02
  pd-104       3.2428E+02  3.2429E+02
  ru-105       3.4072E-01  0.0000E+00
  rh-105       2.2948E+00  0.0000E+00
  pd-105       4.6799E+02  4.7064E+02
  ru-106       2.9250E+02  1.4803E+02
  pd-106       2.6555E+02  4.1002E+02
  pd-107       3.0700E+02  3.0702E+02
  pd-108       2.0574E+02  2.0574E+02
  pd-109       3.7461E-01  0.0000E+00
  ag-109       1.0575E+02  1.0612E+02
  pd-110       6.8448E+01  6.8448E+01
  ag-110m      1.0673E+00  3.8728E-01
  cd-110       5.4586E+01  5.5266E+01
  ag-111       9.3574E-01  1.6305E-15
  cd-111       3.3398E+01  3.4336E+01
  pd-112       4.6718E-02  0.0000E+00
  cd-112       1.7108E+01  1.7162E+01
  cd-113       1.2363E-01  1.2905E-01
  cd-114       1.9438E+01  1.9438E+01
  cd-115       4.1423E-02  0.0000E+00
  cd-115m      5.1345E-02  1.7496E-04
  in-115       2.0484E+00  2.1425E+00
  sn-115       2.9709E-01  2.9935E-01
  cd-116       6.9391E+00  6.9392E+00
  sn-116       4.4408E+00  4.4412E+00
  sn-117       6.2693E+00  6.2732E+00
  sn-118       5.8274E+00  5.8280E+00
  sn-119       5.6000E+00  5.6618E+00
  sn-119m      1.0649E-01  4.4877E-02
  sn-120       5.7736E+00  5.7737E+00
  sn-121m      4.5911E-01  4.5192E-01
  sb-121       5.4566E+00  5.4819E+00
  sn-122       7.3789E+00  7.3791E+00
  te-122       4.6076E-01  4.6758E-01
  sn-123       3.6521E-01  5.1458E-02
  sb-123       6.8612E+00  7.1754E+00
  sn-124       1.1656E+01  1.1656E+01
  sb-124       9.6020E-02  1.4315E-03
  te-124       2.7201E-01  3.6660E-01
  sn-125       1.8515E-01  7.2585E-13
  sb-125       1.3075E+01  1.0315E+01
  te-125       2.3527E+00  5.3023E+00
  te-125m      1.4782E-01  1.4336E-01
  sn-126       2.5647E+01  2.5647E+01
  te-126       6.2081E-01  6.3069E-01
  sb-127       6.7033E-01  0.0000E+00
  te-127       5.9021E-02  3.2837E-04
  te-127m      8.4111E-01  9.3797E-02
  i-127        5.1771E+01  5.3256E+01
  te-128       1.1659E+02  1.1661E+02
  xe-128       3.6934E+00  3.6937E+00
  sb-129       9.5400E-02  0.0000E+00
  te-129       2.3964E-02  1.3897E-06
  te-129m      2.8539E+00  1.5313E-03
  i-129        1.8964E+02  1.9262E+02
  xe-129       2.8934E-02  2.9181E-02
  te-130       4.4414E+02  4.4415E+02
  i-130        2.2936E-02  0.0000E+00
  xe-130       9.3631E+00  9.3862E+00
  sb-131       2.1041E-02  0.0000E+00
  te-131       2.5266E-02  0.0000E+00
  te-131m      4.8486E-01  0.0000E+00
  i-131        1.3809E+01  2.8692E-13
  xe-131       4.7076E+02  4.8535E+02
  xe-131m      2.4518E-01  3.7691E-10
  te-132       7.7442E+00  0.0000E+00
  i-132        2.3809E-01  0.0000E+00
  xe-132       1.3180E+03  1.3260E+03
  te-133m      6.3538E-02  0.0000E+00
  i-133        2.9791E+00  0.0000E+00
  xe-133       1.8018E+01  2.3596E-20
  xe-133m      2.3629E-01  0.0000E+00
  cs-133       1.2633E+03  1.2846E+03
  te-134       8.4233E-02  0.0000E+00
  i-134        1.3982E-01  0.0000E+00
  xe-134       1.7626E+03  1.7629E+03
  cs-134       1.8614E+02  1.3307E+02
  ba-134       3.5351E+01  8.8429E+01
  i-135        9.1930E-01  0.0000E+00
  xe-135       1.8102E-01  0.0000E+00
  cs-135       2.2848E+02  2.2959E+02
  ba-135       2.6089E-01  2.6118E-01
  xe-136       2.9247E+03  2.9247E+03
  cs-136       8.1923E-01  3.6120E-09
  ba-136       1.6624E+01  1.7443E+01
  cs-137       1.4410E+03  1.4081E+03
  ba-137       2.6685E+01  5.9513E+01
  xe-138       2.8705E-02  0.0000E+00
  cs-138       7.4998E-02  0.0000E+00
  ba-138       1.4942E+03  1.4943E+03
  la-138       1.7063E-02  1.7063E-02
  ba-139       1.7883E-01  0.0000E+00
  la-139       1.3939E+03  1.3941E+03
  ba-140       3.8008E+01  9.0693E-08
  la-140       5.1973E+00  1.3746E-08
  ce-140       1.3794E+03  1.4226E+03
  ba-141       3.5589E-02  0.0000E+00
  la-141       4.6194E-01  0.0000E+00
  ce-141       9.0599E+01  3.7753E-02
  pr-141       1.2254E+03  1.3164E+03
  la-142       1.7116E-01  0.0000E+00
  ce-142       1.2920E+03  1.2921E+03
  pr-142       1.1293E-01  0.0000E+00
  nd-142       2.8378E+01  2.8491E+01
  la-143       2.5359E-02  0.0000E+00
  ce-143       3.5692E+00  0.0000E+00
  pr-143       3.4781E+01  3.0579E-07
  nd-143       8.0604E+02  8.4441E+02
  ce-144       5.8873E+02  2.4208E+02
  pr-144       2.5157E-02  1.0197E-02
  nd-144       9.7147E+02  1.3181E+03
  pr-145       4.5228E-01  0.0000E+00
  nd-145       7.4588E+02  7.4633E+02
  pr-146       2.5032E-02  0.0000E+00
  nd-146       8.0869E+02  8.0873E+02
  nd-147       1.2768E+01  1.2357E-09
  pm-147       2.0457E+02  1.6699E+02
  sm-147       4.3519E+01  9.3878E+01
  nd-148       4.4310E+02  4.4310E+02
  pm-148       2.4264E+00  2.2307E-05
  pm-148m      1.6363E+00  3.5543E-03
  sm-148       1.4891E+02  1.5297E+02
  nd-149       5.3490E-02  0.0000E+00
  pm-149       2.5414E+00  0.0000E+00
  sm-149       2.1612E+00  4.7572E+00
  nd-150       2.1471E+02  2.1471E+02
  sm-150       3.6787E+02  3.6787E+02
  pm-151       4.9164E-01  0.0000E+00
  sm-151       1.2223E+01  1.2621E+01
  eu-151       6.2209E-03  1.0379E-01
  sm-152       1.2059E+02  1.2060E+02
  gd-152       1.0841E-02  1.0932E-02
  sm-153       2.0909E+00  0.0000E+00
  eu-153       1.4160E+02  1.4369E+02
  sm-154       5.1944E+01  5.1945E+01
  eu-154       3.7178E+01  3.4299E+01
  gd-154       1.7972E+00  4.6755E+00
  eu-155       1.2664E+01  1.0947E+01
  gd-155       4.6567E-02  1.7654E+00
  sm-156       2.4513E-02  0.0000E+00
  eu-156       1.2876E+01  7.4407E-07
  gd-156       1.5456E+02  1.6746E+02
  eu-157       5.4824E-02  0.0000E+00
  gd-157       1.5475E-01  2.0980E-01
  gd-158       3.2208E+01  3.2209E+01
  tb-159       3.5662E+00  3.5805E+00
  gd-160       1.5293E+00  1.5293E+00
  tb-160       1.9851E-01  5.9827E-03
  dy-160       2.5122E-01  4.4375E-01
  tb-161       2.8515E-02  3.4099E-18
  dy-161       4.9876E-01  5.2728E-01
  dy-162       3.9762E-01  3.9763E-01
  dy-163       3.2750E-01  3.2751E-01
  dy-164       7.1321E-02  7.1322E-02
  ho-165       1.4190E-01  1.4202E-01
  er-166       4.2750E-02  4.3274E-02
------------
  totals       1.0003E+06  1.0003E+06
=========================================================================================================================
.
.
*************************************************************************************************************************
********************                                                                                 ********************
********************                                                                                 ********************
********************                    Written F71 File Information                                 ********************
********************                                                                                 ********************
********************                                                                                 ********************
*************************************************************************************************************************
.
.
   pos         time        power         flux      fluence       energy libpos   case   step DCGNAB
   (-)          (s)         (MW)    (n/cm2-s)      (n/cm2)        (MWd)    (-)    (-)    (-)    (-)
     1  4.75200e+07  0.00000e+00  0.00000e+00  3.29438e+22  3.74747e+04      1      2      0 DC----
     2  7.90800e+07  0.00000e+00  0.00000e+00  3.29438e+22  3.74747e+04      1      2      1 DC----
    D - state definition present
    C - concentrations present
    G - gamma emission spectra present
    N - neutron emission spectra present
    A - alpha emission spectra present
    B - beta emission spectra present
.
.
.
=========================================================================================================================
ORIGEN finished successfully.
=========================================================================================================================
    module origen used 0.460145 seconds cpu time for the current pass.

    module origen is finished. completion code    0. total cpu time used 6.53146e-006 seconds.


    SCALE is finished on Wed Feb 13 18:29:53 2019.
-------------------------- Summary --------------------------
arp finished. used 1.91627 seconds.
origen finished. used 0.466942 seconds.
SCALE driver required a maximum of 8.313 MiB of RAM.
------------------------ End Summary ------------------------

w17x17_100d.f33 copied to C:\Users\Teddy\Desktop\scale_test\output\w17x17_100d.f33.
discharge.f71 copied to C:\Users\Teddy\Desktop\scale_test\output\discharge.f71.
