 *******************************************************************************
 *                                                                             *
 *                                 SCALE 6.2.2                                 *
 *                                -------------                                *
 *                                February 2019                                *
 *                                                                             *
 *           SCALE:  A Comprehensive Modeling and Simulation Suite             *
 *                   for Nuclear Safety Analysis and Design                    *
 *                                                                             *
 *                      Reactor and Nuclear Systems Division                   *
 *                        Oak Ridge National Laboratory                        *
 *                                                                             *
 *                           http://scale.ornl.gov                             *
 *                            scalehelp@ornl.gov                               *
 *                                                                             *
 *******************************************************************************
 *******************************************************************************
      
                  Job Information
                  ---------------
      Job started on DESKTOP-J14NAA6 on Wed 13/02/2019 18:31:04
      Working directory: C:\Users\Teddy\AppData\Local\Temp\scale.Teddy.8764
      Input file name  : C:\Users\Teddy\Desktop\scale_test\output\2.800000_50909.090909.inp
      Output file name : C:\Users\Teddy\Desktop\scale_test\output\2.800000_50909.090909.out
      SCALE executable : C:\SCALE-6.2.2/bin/scale
      
 *******************************************************************************


    module arp will be called on Wed Feb 13 18:31:05 2019.
    sequence specification record:=arp
Input Data:

      'library type
      w17x17
      2.800000
      ' num cycles
      1
      ' num days per cycle
      550
      ' cycle average specific power (MW / MTU)
      92.561983
      ' number of interpolated cross section sets generated per cycle
      1
      ' moderator density (g/cc)
      0.723
      ' interpolated output ORIGEN library
      w17x17_100d.f33
end

1






        ************************************************************************************************************************
        ************************************************************************************************************************
        ************************************************************************************************************************
        *****                                                                                                              *****
        *****                                       program verification information                                       *****
        *****                                                                                                              *****
        *****                                   code system:  SCALE    version:  6.2                                       *****
        *****                                                                                                              *****
        ************************************************************************************************************************
        ************************************************************************************************************************
        *****                                                                                                              *****
        *****                                                                                                              *****
        *****              program:  arp.exe                                                                               *****
        *****                                                                                                              *****
        *****        creation date:   unknown                                                                              *****
        *****                                                                                                              *****
        *****              library:  C:\SCALE-6.2.2\bin                                                                    *****
        *****                                                                                                              *****
        *****                                                                                                              *****
        *****            prod code:  arp.exe                                                                               *****
        *****                                                                                                              *****
        *****              version:  6.2.2                                                                                 *****
        *****                                                                                                              *****
        *****              jobname:  Teddy                                                                                 *****
        *****                                                                                                              *****
        *****         machine name:  DESKTOP-J14NAA6                                                                       *****
        *****                                                                                                              *****
        *****    date of execution:  13_feb_2019                                                                           *****
        *****                                                                                                              *****
        *****    time of execution:  18:31:05.34                                                                           *****
        *****                                                                                                              *****
        *****                                                                                                              *****
        ************************************************************************************************************************
        ************************************************************************************************************************
        ************************************************************************************************************************


 'library type
    data library:       w17x17
       directory:       C:/SCALE-6.2.2/data/\arplibs
       definition:      C:/SCALE-6.2.2/data/\arpdata.txt
    u-235 enrichment:                        2.800

 ' num cycles
    number of cycles:                            1

 ' num days per cycle

 ' cycle average specific power (MW / MTU)

 ' number of interpolated cross section sets generated per cycle

 ' moderator density (g/cc)
    water density (g/cm3):                  0.7230
                                         cycle        cumulative      midpoint
   cycle time(d)        power(MW)      burnup(MWd/MTU)burnup(MWd/MTU)burnup(MWd/MTU)nlib
     1    550.000        92.5620        50909.1        50909.1        25454.5             1

 ' interpolated output ORIGEN library
    interpolated library name:                   w17x17_100d.f33
 interpolation type: spline
 Cross section library interpolation completed.
.
.
.
=========================================================================================================================
ARP finished successfully.
=========================================================================================================================
    module arp used 2.12494 seconds cpu time for the current pass.

    module arp is finished. completion code    0. total cpu time used 2.0994e-005 seconds.



    module origen will be called on Wed Feb 13 18:31:07 2019.
    sequence specification record:=origen
Input Data:

      case(irrad) {
          lib{
              file="w17x17_100d.f33" pos=1
          }
          mat {
              units=GRAMS
              iso=[u235=28000.000000 u238=972000.000000]
          }
          time = [ 550 ]
          power = [ 92.561983 ]
      }
      case (decay) {
          time {
              units=YEARS
              start=0
              t=[1]
          }
          save{ file="discharge.f71" steps=[0 LAST]}
      }
end

1






        ************************************************************************************************************************
        ************************************************************************************************************************
        ************************************************************************************************************************
        *****                                                                                                              *****
        *****                                       program verification information                                       *****
        *****                                                                                                              *****
        *****                                   code system:  SCALE    version:  6.2                                       *****
        *****                                                                                                              *****
        ************************************************************************************************************************
        ************************************************************************************************************************
        *****                                                                                                              *****
        *****                                                                                                              *****
        *****              program:  origen.exe                                                                            *****
        *****                                                                                                              *****
        *****        creation date:   unknown                                                                              *****
        *****                                                                                                              *****
        *****              library:  C:\SCALE-6.2.2\bin                                                                    *****
        *****                                                                                                              *****
        *****                                                                                                              *****
        *****            prod code:  origen.exe                                                                            *****
        *****                                                                                                              *****
        *****              version:  6.2.2                                                                                 *****
        *****                                                                                                              *****
        *****              jobname:  Teddy                                                                                 *****
        *****                                                                                                              *****
        *****         machine name:  DESKTOP-J14NAA6                                                                       *****
        *****                                                                                                              *****
        *****    date of execution:  13_feb_2019                                                                           *****
        *****                                                                                                              *****
        *****    time of execution:  18:31:07.48                                                                           *****
        *****                                                                                                              *****
        *****                                                                                                              *****
        ************************************************************************************************************************
        ************************************************************************************************************************
        ************************************************************************************************************************

*************************************************************************************************************************
********************                                                                                 ********************
********************                                                                                 ********************
********************                    USER INPUT SUMMARY                                           ********************
********************                                                                                 ********************
********************                                                                                 ********************
*************************************************************************************************************************
.
.
=========================================================================================================================
=   Case "irrad" (#1/2)                                                                                                 =
-------------------------------------------------------------------------------------------------------------------------
###   Library settings                                                                                                ###
.
                                Library file name:     C:/Users/Teddy/AppData/Local/Temp/scale.Teddy.8764/w17x17_100d.f33
                             Library set position:              1
                 Fission product reaction removal:             no
-------------------------------------------------------------------------------------------------------------------------
###   Global settings                                                                                                 ###
.
                                           Solver:              MATREX
                                             Mode:        forward
                             Fixed fission energy:             no
-------------------------------------------------------------------------------------------------------------------------
###   Concentrations output options                                                                                   ###
.
                            High-precision output:             no
                                  Relative cutoff:            yes
                         Step for applying cutoff:       integral
.
                      light els.   actinides  fis.prods.       total
                       nuc    el   nuc    el   nuc    el   nuc    el             cutoff
gram-atoms                                                                    1.000E-06
grams                                                      **                 1.000E-06
curies                                                                        1.000E-06
watts                                                                         1.000E-06
gamma watts                                                                   1.000E-06
m3 air                                                                        1.000E-06
m3 water                                                                      1.000E-06
grams ppm                                                                     1.000E-06
atoms ppm                                                                     1.000E-06
atoms/barn-cm                                                                 1.000E-06
becquerels                                                                    1.000E-06
-------------------------------------------------------------------------------------------------------------------------
###   Additional output options                                                                                       ###
.
                                      Print k-inf:             no
           Nuclides for absorption fraction print:           none
                              Print fission rates:             no
            Step for sorting absorption fractions:              1
=========================================================================================================================
=   Case "decay" (#2/2)                                                                                                 =
-------------------------------------------------------------------------------------------------------------------------
###   Library settings                                                                                                ###
.
                                Library file name:     C:/Users/Teddy/AppData/Local/Temp/scale.Teddy.8764/w17x17_100d.f33
                             Library set position:              1
                 Fission product reaction removal:             no
-------------------------------------------------------------------------------------------------------------------------
###   Global settings                                                                                                 ###
.
                                           Solver:              MATREX
                                             Mode:        forward
                             Fixed fission energy:             no
-------------------------------------------------------------------------------------------------------------------------
###   Concentrations output options                                                                                   ###
.
                            High-precision output:             no
                                  Relative cutoff:            yes
                         Step for applying cutoff:       integral
.
                      light els.   actinides  fis.prods.       total
                       nuc    el   nuc    el   nuc    el   nuc    el             cutoff
gram-atoms                                                                    1.000E-06
grams                                                      **                 1.000E-06
curies                                                                        1.000E-06
watts                                                                         1.000E-06
gamma watts                                                                   1.000E-06
m3 air                                                                        1.000E-06
m3 water                                                                      1.000E-06
grams ppm                                                                     1.000E-06
atoms ppm                                                                     1.000E-06
atoms/barn-cm                                                                 1.000E-06
becquerels                                                                    1.000E-06
-------------------------------------------------------------------------------------------------------------------------
###   Additional output options                                                                                       ###
.
                                      Print k-inf:             no
           Nuclides for absorption fraction print:           none
                              Print fission rates:             no
            Step for sorting absorption fractions:              1
=========================================================================================================================
###   Blending information                                                                                            ###
.
  --- no blending requested in this job ---
=========================================================================================================================
.
.
***Warning:  The flux over a step has changed by more than 20%.
=========================================================================================================================
=   History overview for case 'irrad' (#1/2)                                                                            =
-------------------------------------------------------------------------------------------------------------------------
   step          t0          t1          dt           t        flux     fluence       power      energy
    (-)         (d)         (d)         (s)         (s)   (n/cm2-s)     (n/cm2)        (MW)       (MWd)
      1      0.0000    550.0000  4.7520E+07  4.7520E+07  9.8105E+14  4.6619E+22  9.2562E+01  5.0909E+04
          
              step - step index within this case
                t0 - time at beginning-of-step in input units
                t1 - time at end-of-step in input units
                dt - length of step in seconds
                 t - end-of-step cumulative time in seconds
              flux - flux in neutrons/cm^2-sec (CALCULATED)
           fluence - cumulative end-of-step fluence in neutrons/cm^2 (CALCULATED)
             power - power in mega-watts (INPUT)     
            energy - cumulative end-of-step energy released in mega-watt-days (INPUT)     
=========================================================================================================================
.
.
.
.
.
*************************************************************************************************************************
********************                                                                                 ********************
********************                                                                                 ********************
********************                    Library information                                          ********************
********************                                                                                 ********************
********************                                                                                 ********************
*************************************************************************************************************************
.
.
=========================================================================================================================
=   Library summary for case 'irrad' (#1/2)                                                                             =
-------------------------------------------------------------------------------------------------------------------------
filename: C:/Users/Teddy/AppData/Local/Temp/scale.Teddy.8764/w17x17_100d.f33 cross-section data taken from position number: 1
library title delimited by {}: 
{}
date library was produced: 538976288/538976288/538976288
total number of nuclides in library: 2237
number of light-element nuclides: 910
number of actinide nuclides: 176
number of fission product nuclides: 1151
number of nonzero off-diagonal matrix elements: 54564
=========================================================================================================================
.
.
*************************************************************************************************************************
********************                                                                                 ********************
********************                                                                                 ********************
********************                    Concentration tables                                         ********************
********************                                                                                 ********************
********************                                                                                 ********************
*************************************************************************************************************************
.
.
=========================================================================================================================
=   Nuclide concentrations in grams for case 'irrad' (#1/2)                                                             =
-------------------------------------------------------------------------------------------------------------------------
  (relative cutoff; integral of concentrations over time >   1.00E-06 % of integral of all concentrations over time)
.
                   0.000d    550.000d   
  h-3          0.0000E+00  8.3580E-02
  he-4         0.0000E+00  2.2724E+00
  u-234        0.0000E+00  2.1663E+00
  u-235        2.8000E+04  2.3358E+03
  u-236        0.0000E+00  3.8521E+03
  u-237        0.0000E+00  2.3574E+01
  u-238        9.7200E+05  9.2756E+05
  u-239        0.0000E+00  1.6658E+00
  np-237       0.0000E+00  5.7566E+02
  np-238       0.0000E+00  4.8822E+00
  np-239       0.0000E+00  2.3970E+02
  pu-238       0.0000E+00  3.3065E+02
  pu-239       0.0000E+00  5.3076E+03
  pu-240       0.0000E+00  2.3673E+03
  pu-241       0.0000E+00  1.7351E+03
  pu-242       0.0000E+00  1.3858E+03
  pu-243       0.0000E+00  1.0164E+00
  pu-244       0.0000E+00  3.2726E-01
  am-241       0.0000E+00  2.1465E+01
  am-242m      0.0000E+00  3.5860E-01
  am-242       0.0000E+00  1.8505E-01
  am-243       0.0000E+00  4.3324E+02
  am-244m      0.0000E+00  5.0825E-02
  am-244       0.0000E+00  7.9074E-02
  cm-242       0.0000E+00  2.3663E+01
  cm-243       0.0000E+00  9.3344E-01
  cm-244       0.0000E+00  3.0458E+02
  cm-245       0.0000E+00  3.3409E+01
  cm-246       0.0000E+00  7.5341E+00
  cm-247       0.0000E+00  1.4799E-01
  ge-73        0.0000E+00  2.6967E-02
  ge-74        0.0000E+00  7.2534E-02
  as-75        0.0000E+00  1.7925E-01
  ge-76        0.0000E+00  4.8896E-01
  se-77        0.0000E+00  1.0688E+00
  se-78        0.0000E+00  3.4208E+00
  se-79        0.0000E+00  6.9997E+00
  se-80        0.0000E+00  1.7982E+01
  br-81        0.0000E+00  2.9911E+01
  se-82        0.0000E+00  4.7616E+01
  kr-82        0.0000E+00  1.5816E+00
  kr-83        0.0000E+00  4.5822E+01
  kr-84        0.0000E+00  1.6129E+02
  kr-85        0.0000E+00  3.4420E+01
  kr-85m       0.0000E+00  4.8485E-02
  rb-85        0.0000E+00  1.3084E+02
  kr-86        0.0000E+00  2.4584E+02
  rb-86        0.0000E+00  8.1967E-02
  sr-86        0.0000E+00  9.5251E-01
  kr-87        0.0000E+00  2.6037E-02
  rb-87        0.0000E+00  3.2224E+02
  kr-88        0.0000E+00  7.6691E-02
  sr-88        0.0000E+00  4.4485E+02
  sr-89        0.0000E+00  4.4463E+01
  y-89         0.0000E+00  5.4630E+02
  sr-90        0.0000E+00  7.1270E+02
  y-90         0.0000E+00  2.0371E-01
  zr-90        0.0000E+00  1.7922E+01
  sr-91        0.0000E+00  5.0324E-01
  y-91         0.0000E+00  7.7511E+01
  y-91m        0.0000E+00  2.5485E-02
  zr-91        0.0000E+00  7.1116E+02
  sr-92        0.0000E+00  1.6353E-01
  y-92         0.0000E+00  2.1607E-01
  zr-92        0.0000E+00  8.8182E+02
  y-93         0.0000E+00  7.5809E-01
  zr-93        0.0000E+00  9.9254E+02
  y-94         0.0000E+00  2.5516E-02
  zr-94        0.0000E+00  1.0967E+03
  mo-94        0.0000E+00  2.0573E-02
  zr-95        0.0000E+00  1.4228E+02
  nb-95        0.0000E+00  7.7139E+01
  nb-95m       0.0000E+00  8.6841E-02
  mo-95        0.0000E+00  9.2233E+02
  zr-96        0.0000E+00  1.1931E+03
  mo-96        0.0000E+00  9.1203E+01
  zr-97        0.0000E+00  1.7347E+00
  nb-97        0.0000E+00  1.2559E-01
  mo-97        0.0000E+00  1.2047E+03
  mo-98        0.0000E+00  1.2849E+03
  mo-99        0.0000E+00  8.0859E+00
  tc-99        0.0000E+00  1.1309E+03
  tc-99m       0.0000E+00  6.5196E-01
  ru-99        0.0000E+00  2.6890E-02
  mo-100       0.0000E+00  1.4660E+03
  ru-100       0.0000E+00  2.4629E+02
  mo-101       0.0000E+00  2.9598E-02
  tc-101       0.0000E+00  2.8801E-02
  ru-101       0.0000E+00  1.2032E+03
  mo-102       0.0000E+00  2.3011E-02
  ru-102       0.0000E+00  1.3686E+03
  ru-103       0.0000E+00  1.2508E+02
  rh-103       0.0000E+00  5.6743E+02
  rh-103m      0.0000E+00  1.2284E-01
  tc-104       0.0000E+00  3.6182E-02
  ru-104       0.0000E+00  1.0541E+03
  pd-104       0.0000E+00  5.7447E+02
  ru-105       0.0000E+00  4.7487E-01
  rh-105       0.0000E+00  3.0102E+00
  pd-105       0.0000E+00  6.4293E+02
  ru-106       0.0000E+00  4.3224E+02
  pd-106       0.0000E+00  4.9378E+02
  rh-107       0.0000E+00  2.4107E-02
  pd-107       0.0000E+00  4.7347E+02
  pd-108       0.0000E+00  3.2547E+02
  pd-109       0.0000E+00  5.9455E-01
  ag-109       0.0000E+00  1.4820E+02
  pd-110       0.0000E+00  1.1141E+02
  ag-110m      0.0000E+00  1.8813E+00
  cd-110       0.0000E+00  1.2643E+02
  ag-111       0.0000E+00  1.4412E+00
  cd-111       0.0000E+00  5.6000E+01
  pd-112       0.0000E+00  7.0928E-02
  cd-112       0.0000E+00  2.8676E+01
  cd-113       0.0000E+00  1.3483E-01
  cd-114       0.0000E+00  3.0003E+01
  cd-115       0.0000E+00  6.0949E-02
  cd-115m      0.0000E+00  7.6657E-02
  in-115       0.0000E+00  2.0893E+00
  sn-115       0.0000E+00  4.0958E-01
  cd-116       0.0000E+00  1.0026E+01
  sn-116       0.0000E+00  7.4673E+00
  sn-117       0.0000E+00  8.9505E+00
  sn-118       0.0000E+00  8.3641E+00
  sn-119       0.0000E+00  7.9274E+00
  sn-119m      0.0000E+00  1.2705E-01
  sn-120       0.0000E+00  8.2462E+00
  sn-121       0.0000E+00  2.4710E-02
  sn-121m      0.0000E+00  6.3023E-01
  sb-121       0.0000E+00  7.4474E+00
  sn-122       0.0000E+00  1.0538E+01
  te-122       0.0000E+00  9.4708E-01
  sn-123       0.0000E+00  4.7446E-01
  sb-123       0.0000E+00  9.5696E+00
  sn-124       0.0000E+00  1.6476E+01
  sb-124       0.0000E+00  1.8772E-01
  te-124       0.0000E+00  5.8053E-01
  sn-125       0.0000E+00  2.5361E-01
  sb-125       0.0000E+00  1.8201E+01
  te-125       0.0000E+00  3.6037E+00
  te-125m      0.0000E+00  2.1053E-01
  sn-126       0.0000E+00  3.6680E+01
  te-126       0.0000E+00  8.8634E-01
  sb-127       0.0000E+00  9.0817E-01
  te-127       0.0000E+00  7.8761E-02
  te-127m      0.0000E+00  8.7957E-01
  i-127        0.0000E+00  6.9105E+01
  te-128       0.0000E+00  1.6339E+02
  xe-128       0.0000E+00  7.7741E+00
  sb-129       0.0000E+00  1.2818E-01
  te-129       0.0000E+00  3.2215E-02
  te-129m      0.0000E+00  3.8271E+00
  i-129        0.0000E+00  2.5954E+02
  xe-129       0.0000E+00  8.9814E-02
  te-130       0.0000E+00  6.0363E+02
  i-130        0.0000E+00  4.3939E-02
  xe-130       0.0000E+00  1.9595E+01
  sb-131       0.0000E+00  2.6773E-02
  te-131       0.0000E+00  3.2488E-02
  te-131m      0.0000E+00  6.4592E-01
  i-131        0.0000E+00  1.7856E+01
  xe-131       0.0000E+00  5.2352E+02
  xe-131m      0.0000E+00  3.2256E-01
  te-132       0.0000E+00  9.9421E+00
  i-132        0.0000E+00  3.0651E-01
  xe-132       0.0000E+00  1.8965E+03
  te-133m      0.0000E+00  7.9084E-02
  i-133        0.0000E+00  3.7839E+00
  xe-133       0.0000E+00  2.2874E+01
  xe-133m      0.0000E+00  3.0441E-01
  cs-133       0.0000E+00  1.5476E+03
  te-134       0.0000E+00  1.0391E-01
  i-134        0.0000E+00  1.7655E-01
  xe-134       0.0000E+00  2.3692E+03
  cs-134       0.0000E+00  3.2859E+02
  cs-134m      0.0000E+00  2.3299E-02
  ba-134       0.0000E+00  6.7401E+01
  i-135        0.0000E+00  1.1711E+00
  xe-135       0.0000E+00  1.7083E-01
  cs-135       0.0000E+00  2.7331E+02
  ba-135       0.0000E+00  7.3034E-01
  xe-136       0.0000E+00  4.0400E+03
  cs-136       0.0000E+00  1.3038E+00
  ba-136       0.0000E+00  2.5759E+01
  cs-137       0.0000E+00  1.9436E+03
  ba-137       0.0000E+00  3.8478E+01
  xe-138       0.0000E+00  3.5868E-02
  cs-138       0.0000E+00  9.4223E-02
  ba-138       0.0000E+00  1.9952E+03
  la-138       0.0000E+00  2.2386E-02
  cs-139       0.0000E+00  2.4382E-02
  ba-139       0.0000E+00  2.2461E-01
  la-139       0.0000E+00  1.8440E+03
  ba-140       0.0000E+00  4.7594E+01
  la-140       0.0000E+00  6.6242E+00
  ce-140       0.0000E+00  1.8259E+03
  ba-141       0.0000E+00  4.4576E-02
  la-141       0.0000E+00  5.7905E-01
  ce-141       0.0000E+00  1.1291E+02
  pr-141       0.0000E+00  1.5520E+03
  ba-142       0.0000E+00  2.3816E-02
  la-142       0.0000E+00  2.1303E-01
  ce-142       0.0000E+00  1.7166E+03
  pr-142       0.0000E+00  2.0141E-01
  nd-142       0.0000E+00  5.4124E+01
  la-143       0.0000E+00  3.1222E-02
  ce-143       0.0000E+00  4.4029E+00
  pr-143       0.0000E+00  4.2704E+01
  nd-143       0.0000E+00  8.5797E+02
  ce-144       0.0000E+00  7.3596E+02
  pr-144       0.0000E+00  3.1622E-02
  nd-144       0.0000E+00  1.4822E+03
  pr-145       0.0000E+00  5.6146E-01
  nd-145       0.0000E+00  9.1996E+02
  pr-146       0.0000E+00  3.1346E-02
  nd-146       0.0000E+00  1.1402E+03
  nd-147       0.0000E+00  1.5975E+01
  pm-147       0.0000E+00  1.9873E+02
  sm-147       0.0000E+00  4.3512E+01
  nd-148       0.0000E+00  6.0542E+02
  pm-148       0.0000E+00  3.1495E+00
  pm-148m      0.0000E+00  1.6132E+00
  sm-148       0.0000E+00  2.2807E+02
  nd-149       0.0000E+00  7.0411E-02
  pm-149       0.0000E+00  3.4102E+00
  sm-149       0.0000E+00  2.0719E+00
  nd-150       0.0000E+00  2.9920E+02
  sm-150       0.0000E+00  5.0355E+02
  pm-151       0.0000E+00  6.6308E-01
  sm-151       0.0000E+00  1.3903E+01
  sm-152       0.0000E+00  1.3605E+02
  sm-153       0.0000E+00  3.1775E+00
  eu-153       0.0000E+00  1.8273E+02
  sm-154       0.0000E+00  8.2963E+01
  eu-154       0.0000E+00  4.8598E+01
  gd-154       0.0000E+00  2.6624E+00
  eu-155       0.0000E+00  1.6299E+01
  gd-155       0.0000E+00  4.7727E-02
  sm-156       0.0000E+00  3.4621E-02
  eu-156       0.0000E+00  2.2293E+01
  gd-156       0.0000E+00  3.0476E+02
  eu-157       0.0000E+00  1.0701E-01
  gd-157       0.0000E+00  2.4348E-01
  gd-158       0.0000E+00  6.8700E+01
  gd-159       0.0000E+00  2.7630E-02
  tb-159       0.0000E+00  6.3770E+00
  gd-160       0.0000E+00  2.4956E+00
  tb-160       0.0000E+00  4.3975E-01
  dy-160       0.0000E+00  5.2036E-01
  tb-161       0.0000E+00  5.9921E-02
  dy-161       0.0000E+00  8.5553E-01
  dy-162       0.0000E+00  7.0598E-01
  dy-163       0.0000E+00  6.6739E-01
  dy-164       0.0000E+00  1.8480E-01
  ho-165       0.0000E+00  4.2693E-01
  er-166       0.0000E+00  1.4648E-01
  er-168       0.0000E+00  2.3011E-02
------------
  totals       1.0000E+06  1.0002E+06
=========================================================================================================================
.
.
=========================================================================================================================
=   History overview for case 'decay' (#2/2)                                                                            =
-------------------------------------------------------------------------------------------------------------------------
   step          t0          t1          dt           t        flux     fluence       power      energy
    (-)         (y)         (y)         (s)         (s)   (n/cm2-s)     (n/cm2)        (MW)       (MWd)
      1      1.5057      2.5057  3.1560E+07  7.9080E+07  0.0000E+00  4.6619E+22  0.0000E+00  5.0909E+04
          
              step - step index within this case
                t0 - time at beginning-of-step in input units
                t1 - time at end-of-step in input units
                dt - length of step in seconds
                 t - end-of-step cumulative time in seconds
              flux - flux in neutrons/cm^2-sec (CALCULATED)
           fluence - cumulative end-of-step fluence in neutrons/cm^2 (CALCULATED)
             power - power in mega-watts (INPUT)     
            energy - cumulative end-of-step energy released in mega-watt-days (INPUT)     
=========================================================================================================================
.
.
.
.
.
*************************************************************************************************************************
********************                                                                                 ********************
********************                                                                                 ********************
********************                    Library information                                          ********************
********************                                                                                 ********************
********************                                                                                 ********************
*************************************************************************************************************************
.
.
=========================================================================================================================
=   Library summary for case 'decay' (#2/2)                                                                             =
-------------------------------------------------------------------------------------------------------------------------
filename: C:/Users/Teddy/AppData/Local/Temp/scale.Teddy.8764/w17x17_100d.f33 cross-section data taken from position number: 1
library title delimited by {}: 
{}
date library was produced: 538976288/538976288/538976288
total number of nuclides in library: 2237
number of light-element nuclides: 910
number of actinide nuclides: 176
number of fission product nuclides: 1151
number of nonzero off-diagonal matrix elements: 54564
=========================================================================================================================
.
.
*************************************************************************************************************************
********************                                                                                 ********************
********************                                                                                 ********************
********************                    Concentration tables                                         ********************
********************                                                                                 ********************
********************                                                                                 ********************
*************************************************************************************************************************
.
.
=========================================================================================================================
=   Nuclide concentrations in grams for case 'decay' (#2/2)                                                             =
-------------------------------------------------------------------------------------------------------------------------
  (relative cutoff; integral of concentrations over time >   1.00E-06 % of integral of all concentrations over time)
.
                   1.506y      2.506y   
  h-3          8.3580E-02  7.9007E-02
  he-4         2.2724E+00  2.8263E+00
  u-234        2.1663E+00  4.8528E+00
  u-235        2.3358E+03  2.3359E+03
  u-236        3.8521E+03  3.8523E+03
  u-237        2.3574E+01  5.1570E-05
  u-238        9.2756E+05  9.2756E+05
  u-239        1.6658E+00  0.0000E+00
  np-237       5.7566E+02  5.9933E+02
  np-238       4.8822E+00  6.6218E-08
  np-239       2.3970E+02  3.7378E-04
  pu-238       3.3065E+02  3.5127E+02
  pu-239       5.3076E+03  5.5489E+03
  pu-240       2.3673E+03  2.3783E+03
  pu-241       1.7351E+03  1.6530E+03
  pu-242       1.3858E+03  1.3858E+03
  pu-243       1.0164E+00  5.2764E-12
  pu-244       3.2726E-01  3.2728E-01
  am-241       2.1465E+01  1.0353E+02
  am-242m      3.5860E-01  3.5684E-01
  am-242       1.8505E-01  4.6040E-06
  am-243       4.3324E+02  4.3422E+02
  am-244m      5.0825E-02  0.0000E+00
  am-244       7.9074E-02  8.4839E-13
  cm-242       2.3663E+01  5.0361E+00
  cm-243       9.3344E-01  9.1146E-01
  cm-244       3.0458E+02  2.9326E+02
  cm-245       3.3409E+01  3.3407E+01
  cm-246       7.5341E+00  7.5330E+00
  cm-247       1.4799E-01  1.4799E-01
  cm-248       1.8044E-02  1.8086E-02
  ge-73        2.6967E-02  2.6985E-02
  ge-74        7.2534E-02  7.2535E-02
  as-75        1.7925E-01  1.7928E-01
  ge-76        4.8896E-01  4.8896E-01
  se-76        1.0378E-02  1.0437E-02
  se-77        1.0688E+00  1.0736E+00
  se-78        3.4208E+00  3.4216E+00
  se-79        6.9997E+00  6.9998E+00
  se-80        1.7982E+01  1.7982E+01
  br-81        2.9911E+01  2.9912E+01
  se-82        4.7616E+01  4.7616E+01
  kr-82        1.5816E+00  1.5925E+00
  kr-83        4.5822E+01  4.5846E+01
  kr-84        1.6129E+02  1.6130E+02
  kr-85        3.4420E+01  3.2281E+01
  kr-85m       4.8485E-02  0.0000E+00
  rb-85        1.3084E+02  1.3303E+02
  kr-86        2.4584E+02  2.4584E+02
  rb-86        8.1967E-02  1.0271E-07
  sr-86        9.5251E-01  1.0345E+00
  kr-87        2.6037E-02  0.0000E+00
  rb-87        3.2224E+02  3.2226E+02
  kr-88        7.6691E-02  0.0000E+00
  sr-88        4.4485E+02  4.4494E+02
  sr-89        4.4463E+01  2.9646E-01
  y-89         5.4630E+02  5.9048E+02
  sr-90        7.1270E+02  6.9574E+02
  y-90         2.0371E-01  1.7648E-01
  zr-90        1.7922E+01  3.4905E+01
  sr-91        5.0324E-01  0.0000E+00
  y-91         7.7511E+01  1.0304E+00
  y-91m        2.5485E-02  0.0000E+00
  zr-91        7.1116E+02  7.8817E+02
  sr-92        1.6353E-01  0.0000E+00
  y-92         2.1607E-01  0.0000E+00
  zr-92        8.8182E+02  8.8220E+02
  y-93         7.5809E-01  0.0000E+00
  zr-93        9.9254E+02  9.9330E+02
  y-94         2.5516E-02  0.0000E+00
  zr-94        1.0967E+03  1.0967E+03
  mo-94        2.0573E-02  2.0573E-02
  zr-95        1.4228E+02  2.7286E+00
  nb-95        7.7139E+01  3.3238E+00
  nb-95m       8.6841E-02  1.7609E-03
  mo-95        9.2233E+02  1.1359E+03
  zr-96        1.1931E+03  1.1931E+03
  mo-96        9.1203E+01  9.1221E+01
  zr-97        1.7347E+00  0.0000E+00
  nb-97        1.2559E-01  0.0000E+00
  mo-97        1.2047E+03  1.2065E+03
  mo-98        1.2849E+03  1.2849E+03
  tc-98        1.1577E-02  1.1577E-02
  mo-99        8.0859E+00  0.0000E+00
  tc-99        1.1309E+03  1.1397E+03
  tc-99m       6.5196E-01  0.0000E+00
  ru-99        2.6890E-02  3.0919E-02
  mo-100       1.4660E+03  1.4660E+03
  ru-100       2.4629E+02  2.4629E+02
  mo-101       2.9598E-02  0.0000E+00
  tc-101       2.8801E-02  0.0000E+00
  ru-101       1.2032E+03  1.2032E+03
  mo-102       2.3011E-02  0.0000E+00
  ru-102       1.3686E+03  1.3687E+03
  ru-103       1.2508E+02  1.9744E-01
  rh-103       5.6743E+02  6.9244E+02
  rh-103m      1.2284E-01  1.9393E-04
  tc-104       3.6182E-02  0.0000E+00
  ru-104       1.0541E+03  1.0541E+03
  pd-104       5.7447E+02  5.7447E+02
  ru-105       4.7487E-01  0.0000E+00
  rh-105       3.0102E+00  0.0000E+00
  pd-105       6.4293E+02  6.4643E+02
  ru-106       4.3224E+02  2.1876E+02
  pd-106       4.9378E+02  7.0726E+02
  rh-107       2.4107E-02  0.0000E+00
  pd-107       4.7347E+02  4.7350E+02
  pd-108       3.2547E+02  3.2547E+02
  pd-109       5.9455E-01  0.0000E+00
  ag-109       1.4820E+02  1.4879E+02
  pd-110       1.1141E+02  1.1142E+02
  ag-110m      1.8813E+00  6.8266E-01
  cd-110       1.2643E+02  1.2763E+02
  ag-111       1.4412E+00  2.5113E-15
  cd-111       5.6000E+01  5.7444E+01
  pd-112       7.0928E-02  0.0000E+00
  cd-112       2.8676E+01  2.8758E+01
  cd-113       1.3483E-01  1.4302E-01
  cd-114       3.0003E+01  3.0003E+01
  cd-115       6.0949E-02  0.0000E+00
  cd-115m      7.6657E-02  2.6120E-04
  in-115       2.0893E+00  2.2288E+00
  sn-115       4.0958E-01  4.1291E-01
  cd-116       1.0026E+01  1.0026E+01
  sn-116       7.4673E+00  7.4679E+00
  sn-117       8.9505E+00  8.9559E+00
  sn-118       8.3641E+00  8.3648E+00
  sn-119       7.9274E+00  8.0011E+00
  sn-119m      1.2705E-01  5.3542E-02
  sn-120       8.2462E+00  8.2462E+00
  sn-121       2.4710E-02  3.3817E-05
  sn-121m      6.3023E-01  6.2036E-01
  sb-121       7.4474E+00  7.4820E+00
  sn-122       1.0538E+01  1.0538E+01
  te-122       9.4708E-01  9.6018E-01
  sn-123       4.7446E-01  6.6852E-02
  sb-123       9.5696E+00  9.9779E+00
  te-123       1.0356E-02  1.3501E-02
  sn-124       1.6476E+01  1.6476E+01
  sb-124       1.8772E-01  2.7985E-03
  te-124       5.8053E-01  7.6545E-01
  sn-125       2.5361E-01  9.9423E-13
  sb-125       1.8201E+01  1.4356E+01
  te-125       3.6037E+00  7.7135E+00
  te-125m      2.1053E-01  1.9958E-01
  sn-126       3.6680E+01  3.6680E+01
  te-126       8.8634E-01  9.0120E-01
  sb-127       9.0817E-01  0.0000E+00
  te-127       7.8761E-02  3.5569E-04
  te-127m      8.7957E-01  1.0160E-01
  i-127        6.9105E+01  7.0882E+01
  te-128       1.6339E+02  1.6341E+02
  xe-128       7.7741E+00  7.7747E+00
  sb-129       1.2818E-01  0.0000E+00
  te-129       3.2215E-02  1.8637E-06
  te-129m      3.8271E+00  2.0535E-03
  i-129        2.5954E+02  2.6353E+02
  xe-129       8.9814E-02  9.0532E-02
  te-130       6.0363E+02  6.0365E+02
  i-130        4.3939E-02  0.0000E+00
  xe-130       1.9595E+01  1.9639E+01
  sb-131       2.6773E-02  0.0000E+00
  te-131       3.2488E-02  0.0000E+00
  te-131m      6.4592E-01  0.0000E+00
  i-131        1.7856E+01  3.7143E-13
  xe-131       5.2352E+02  5.4241E+02
  xe-131m      3.2256E-01  4.9056E-10
  te-132       9.9421E+00  0.0000E+00
  i-132        3.0651E-01  0.0000E+00
  xe-132       1.8965E+03  1.9068E+03
  te-133m      7.9084E-02  0.0000E+00
  i-133        3.7839E+00  0.0000E+00
  xe-133       2.2874E+01  2.9964E-20
  xe-133m      3.0441E-01  0.0000E+00
  cs-133       1.5476E+03  1.5747E+03
  te-134       1.0391E-01  0.0000E+00
  i-134        1.7655E-01  0.0000E+00
  xe-134       2.3692E+03  2.3694E+03
  cs-134       3.2859E+02  2.3492E+02
  cs-134m      2.3299E-02  0.0000E+00
  ba-134       6.7401E+01  1.6110E+02
  i-135        1.1711E+00  0.0000E+00
  xe-135       1.7083E-01  0.0000E+00
  cs-135       2.7331E+02  2.7466E+02
  ba-135       7.3034E-01  7.3103E-01
  xe-136       4.0400E+03  4.0400E+03
  cs-136       1.3038E+00  5.7484E-09
  ba-136       2.5759E+01  2.7063E+01
  cs-137       1.9436E+03  1.8994E+03
  ba-137       3.8478E+01  8.2758E+01
  xe-138       3.5868E-02  0.0000E+00
  cs-138       9.4223E-02  0.0000E+00
  ba-138       1.9952E+03  1.9953E+03
  la-138       2.2386E-02  2.2386E-02
  cs-139       2.4382E-02  0.0000E+00
  ba-139       2.2461E-01  0.0000E+00
  la-139       1.8440E+03  1.8443E+03
  ba-140       4.7594E+01  1.1357E-07
  la-140       6.6242E+00  1.7213E-08
  ce-140       1.8259E+03  1.8801E+03
  ba-141       4.4576E-02  0.0000E+00
  la-141       5.7905E-01  0.0000E+00
  ce-141       1.1291E+02  4.7050E-02
  pr-141       1.5520E+03  1.6655E+03
  ba-142       2.3816E-02  0.0000E+00
  la-142       2.1303E-01  0.0000E+00
  ce-142       1.7166E+03  1.7169E+03
  pr-142       2.0141E-01  0.0000E+00
  nd-142       5.4124E+01  5.4326E+01
  la-143       3.1222E-02  0.0000E+00
  ce-143       4.4029E+00  0.0000E+00
  pr-143       4.2704E+01  3.7563E-07
  nd-143       8.5797E+02  9.0511E+02
  ce-144       7.3596E+02  3.0262E+02
  pr-144       3.1622E-02  1.2747E-02
  nd-144       1.4822E+03  1.9155E+03
  pr-145       5.6146E-01  0.0000E+00
  nd-145       9.1996E+02  9.2053E+02
  pr-146       3.1346E-02  0.0000E+00
  nd-146       1.1402E+03  1.1403E+03
  nd-147       1.5975E+01  1.5461E-09
  pm-147       1.9873E+02  1.6500E+02
  sm-147       4.3512E+01  9.3230E+01
  nd-148       6.0542E+02  6.0542E+02
  pm-148       3.1495E+00  2.1991E-05
  pm-148m      1.6132E+00  3.5039E-03
  sm-148       2.2807E+02  2.3283E+02
  nd-149       7.0411E-02  0.0000E+00
  pm-149       3.4102E+00  0.0000E+00
  sm-149       2.0719E+00  5.5539E+00
  nd-150       2.9920E+02  2.9920E+02
  sm-150       5.0355E+02  5.0356E+02
  pm-151       6.6308E-01  0.0000E+00
  sm-151       1.3903E+01  1.4459E+01
  eu-151       5.0447E-03  1.1682E-01
  sm-152       1.3605E+02  1.3606E+02
  sm-153       3.1775E+00  0.0000E+00
  eu-153       1.8273E+02  1.8591E+02
  sm-154       8.2963E+01  8.2964E+01
  eu-154       4.8598E+01  4.4836E+01
  gd-154       2.6624E+00  6.4250E+00
  eu-155       1.6299E+01  1.4089E+01
  gd-155       4.7727E-02  2.2600E+00
  sm-156       3.4621E-02  0.0000E+00
  eu-156       2.2293E+01  1.2878E-06
  gd-156       3.0476E+02  3.2709E+02
  eu-157       1.0701E-01  0.0000E+00
  gd-157       2.4348E-01  3.5081E-01
  gd-158       6.8700E+01  6.8702E+01
  gd-159       2.7630E-02  0.0000E+00
  tb-159       6.3770E+00  6.4048E+00
  gd-160       2.4956E+00  2.4956E+00
  tb-160       4.3975E-01  1.3253E-02
  dy-160       5.2036E-01  9.4685E-01
  tb-161       5.9921E-02  7.1650E-18
  dy-161       8.5553E-01  9.1547E-01
  dy-162       7.0598E-01  7.0599E-01
  dy-163       6.6739E-01  6.6740E-01
  dy-164       1.8480E-01  1.8480E-01
  ho-165       4.2693E-01  4.2737E-01
  er-166       1.4648E-01  1.4839E-01
  er-168       2.3011E-02  2.3011E-02
------------
  totals       1.0002E+06  1.0002E+06
=========================================================================================================================
.
.
*************************************************************************************************************************
********************                                                                                 ********************
********************                                                                                 ********************
********************                    Written F71 File Information                                 ********************
********************                                                                                 ********************
********************                                                                                 ********************
*************************************************************************************************************************
.
.
   pos         time        power         flux      fluence       energy libpos   case   step DCGNAB
   (-)          (s)         (MW)    (n/cm2-s)      (n/cm2)        (MWd)    (-)    (-)    (-)    (-)
     1  4.75200e+07  0.00000e+00  0.00000e+00  4.66193e+22  5.09091e+04      1      2      0 DC----
     2  7.90800e+07  0.00000e+00  0.00000e+00  4.66193e+22  5.09091e+04      1      2      1 DC----
    D - state definition present
    C - concentrations present
    G - gamma emission spectra present
    N - neutron emission spectra present
    A - alpha emission spectra present
    B - beta emission spectra present
.
.
.
=========================================================================================================================
ORIGEN finished successfully.
=========================================================================================================================
    module origen used 0.629196 seconds cpu time for the current pass.

    module origen is finished. completion code    0. total cpu time used 5.59839e-006 seconds.


    SCALE is finished on Wed Feb 13 18:31:08 2019.
-------------------------- Summary --------------------------
arp finished. used 2.13306 seconds.
origen finished. used 0.635643 seconds.
SCALE driver required a maximum of 8.297 MiB of RAM.
------------------------ End Summary ------------------------

w17x17_100d.f33 copied to C:\Users\Teddy\Desktop\scale_test\output\w17x17_100d.f33.
discharge.f71 copied to C:\Users\Teddy\Desktop\scale_test\output\discharge.f71.
