 *******************************************************************************
 *                                                                             *
 *                                 SCALE 6.2.2                                 *
 *                                -------------                                *
 *                                February 2019                                *
 *                                                                             *
 *           SCALE:  A Comprehensive Modeling and Simulation Suite             *
 *                   for Nuclear Safety Analysis and Design                    *
 *                                                                             *
 *                      Reactor and Nuclear Systems Division                   *
 *                        Oak Ridge National Laboratory                        *
 *                                                                             *
 *                           http://scale.ornl.gov                             *
 *                            scalehelp@ornl.gov                               *
 *                                                                             *
 *******************************************************************************
 *******************************************************************************
      
                  Job Information
                  ---------------
      Job started on DESKTOP-J14NAA6 on Wed 13/02/2019 18:27:00
      Working directory: C:\Users\Teddy\AppData\Local\Temp\scale.Teddy.7704
      Input file name  : C:\Users\Teddy\Desktop\scale_test\output\2.800000_2121.212121.inp
      Output file name : C:\Users\Teddy\Desktop\scale_test\output\2.800000_2121.212121.out
      SCALE executable : C:\SCALE-6.2.2/bin/scale
      
 *******************************************************************************


    module arp will be called on Wed Feb 13 18:27:00 2019.
    sequence specification record:=arp
Input Data:

      'library type
      w17x17
      2.800000
      ' num cycles
      1
      ' num days per cycle
      550
      ' cycle average specific power (MW / MTU)
      3.856749
      ' number of interpolated cross section sets generated per cycle
      1
      ' moderator density (g/cc)
      0.723
      ' interpolated output ORIGEN library
      w17x17_100d.f33
end

1






        ************************************************************************************************************************
        ************************************************************************************************************************
        ************************************************************************************************************************
        *****                                                                                                              *****
        *****                                       program verification information                                       *****
        *****                                                                                                              *****
        *****                                   code system:  SCALE    version:  6.2                                       *****
        *****                                                                                                              *****
        ************************************************************************************************************************
        ************************************************************************************************************************
        *****                                                                                                              *****
        *****                                                                                                              *****
        *****              program:  arp.exe                                                                               *****
        *****                                                                                                              *****
        *****        creation date:   unknown                                                                              *****
        *****                                                                                                              *****
        *****              library:  C:\SCALE-6.2.2\bin                                                                    *****
        *****                                                                                                              *****
        *****                                                                                                              *****
        *****            prod code:  arp.exe                                                                               *****
        *****                                                                                                              *****
        *****              version:  6.2.2                                                                                 *****
        *****                                                                                                              *****
        *****              jobname:  Teddy                                                                                 *****
        *****                                                                                                              *****
        *****         machine name:  DESKTOP-J14NAA6                                                                       *****
        *****                                                                                                              *****
        *****    date of execution:  13_feb_2019                                                                           *****
        *****                                                                                                              *****
        *****    time of execution:  18:27:00.67                                                                           *****
        *****                                                                                                              *****
        *****                                                                                                              *****
        ************************************************************************************************************************
        ************************************************************************************************************************
        ************************************************************************************************************************


 'library type
    data library:       w17x17
       directory:       C:/SCALE-6.2.2/data/\arplibs
       definition:      C:/SCALE-6.2.2/data/\arpdata.txt
    u-235 enrichment:                        2.800

 ' num cycles
    number of cycles:                            1

 ' num days per cycle

 ' cycle average specific power (MW / MTU)

 ' number of interpolated cross section sets generated per cycle

 ' moderator density (g/cc)
    water density (g/cm3):                  0.7230
                                         cycle        cumulative      midpoint
   cycle time(d)        power(MW)      burnup(MWd/MTU)burnup(MWd/MTU)burnup(MWd/MTU)nlib
     1    550.000        3.85675        2121.21        2121.21        1060.61             1

 ' interpolated output ORIGEN library
    interpolated library name:                   w17x17_100d.f33
 interpolation type: spline
 Cross section library interpolation completed.
.
.
.
=========================================================================================================================
ARP finished successfully.
=========================================================================================================================
    module arp used 1.84671 seconds cpu time for the current pass.

    module arp is finished. completion code    0. total cpu time used 1.63286e-005 seconds.



    module origen will be called on Wed Feb 13 18:27:02 2019.
    sequence specification record:=origen
Input Data:

      case(irrad) {
          lib{
              file="w17x17_100d.f33" pos=1
          }
          mat {
              units=GRAMS
              iso=[u235=28000.000000 u238=972000.000000]
          }
          time = [ 550 ]
          power = [ 3.856749 ]
      }
      case (decay) {
          time {
              units=YEARS
              start=0
              t=[1]
          }
          save{ file="discharge.f71" steps=[0 LAST]}
      }
end

1






        ************************************************************************************************************************
        ************************************************************************************************************************
        ************************************************************************************************************************
        *****                                                                                                              *****
        *****                                       program verification information                                       *****
        *****                                                                                                              *****
        *****                                   code system:  SCALE    version:  6.2                                       *****
        *****                                                                                                              *****
        ************************************************************************************************************************
        ************************************************************************************************************************
        *****                                                                                                              *****
        *****                                                                                                              *****
        *****              program:  origen.exe                                                                            *****
        *****                                                                                                              *****
        *****        creation date:   unknown                                                                              *****
        *****                                                                                                              *****
        *****              library:  C:\SCALE-6.2.2\bin                                                                    *****
        *****                                                                                                              *****
        *****                                                                                                              *****
        *****            prod code:  origen.exe                                                                            *****
        *****                                                                                                              *****
        *****              version:  6.2.2                                                                                 *****
        *****                                                                                                              *****
        *****              jobname:  Teddy                                                                                 *****
        *****                                                                                                              *****
        *****         machine name:  DESKTOP-J14NAA6                                                                       *****
        *****                                                                                                              *****
        *****    date of execution:  13_feb_2019                                                                           *****
        *****                                                                                                              *****
        *****    time of execution:  18:27:02.53                                                                           *****
        *****                                                                                                              *****
        *****                                                                                                              *****
        ************************************************************************************************************************
        ************************************************************************************************************************
        ************************************************************************************************************************

*************************************************************************************************************************
********************                                                                                 ********************
********************                                                                                 ********************
********************                    USER INPUT SUMMARY                                           ********************
********************                                                                                 ********************
********************                                                                                 ********************
*************************************************************************************************************************
.
.
=========================================================================================================================
=   Case "irrad" (#1/2)                                                                                                 =
-------------------------------------------------------------------------------------------------------------------------
###   Library settings                                                                                                ###
.
                                Library file name:     C:/Users/Teddy/AppData/Local/Temp/scale.Teddy.7704/w17x17_100d.f33
                             Library set position:              1
                 Fission product reaction removal:             no
-------------------------------------------------------------------------------------------------------------------------
###   Global settings                                                                                                 ###
.
                                           Solver:              MATREX
                                             Mode:        forward
                             Fixed fission energy:             no
-------------------------------------------------------------------------------------------------------------------------
###   Concentrations output options                                                                                   ###
.
                            High-precision output:             no
                                  Relative cutoff:            yes
                         Step for applying cutoff:       integral
.
                      light els.   actinides  fis.prods.       total
                       nuc    el   nuc    el   nuc    el   nuc    el             cutoff
gram-atoms                                                                    1.000E-06
grams                                                      **                 1.000E-06
curies                                                                        1.000E-06
watts                                                                         1.000E-06
gamma watts                                                                   1.000E-06
m3 air                                                                        1.000E-06
m3 water                                                                      1.000E-06
grams ppm                                                                     1.000E-06
atoms ppm                                                                     1.000E-06
atoms/barn-cm                                                                 1.000E-06
becquerels                                                                    1.000E-06
-------------------------------------------------------------------------------------------------------------------------
###   Additional output options                                                                                       ###
.
                                      Print k-inf:             no
           Nuclides for absorption fraction print:           none
                              Print fission rates:             no
            Step for sorting absorption fractions:              1
=========================================================================================================================
=   Case "decay" (#2/2)                                                                                                 =
-------------------------------------------------------------------------------------------------------------------------
###   Library settings                                                                                                ###
.
                                Library file name:     C:/Users/Teddy/AppData/Local/Temp/scale.Teddy.7704/w17x17_100d.f33
                             Library set position:              1
                 Fission product reaction removal:             no
-------------------------------------------------------------------------------------------------------------------------
###   Global settings                                                                                                 ###
.
                                           Solver:              MATREX
                                             Mode:        forward
                             Fixed fission energy:             no
-------------------------------------------------------------------------------------------------------------------------
###   Concentrations output options                                                                                   ###
.
                            High-precision output:             no
                                  Relative cutoff:            yes
                         Step for applying cutoff:       integral
.
                      light els.   actinides  fis.prods.       total
                       nuc    el   nuc    el   nuc    el   nuc    el             cutoff
gram-atoms                                                                    1.000E-06
grams                                                      **                 1.000E-06
curies                                                                        1.000E-06
watts                                                                         1.000E-06
gamma watts                                                                   1.000E-06
m3 air                                                                        1.000E-06
m3 water                                                                      1.000E-06
grams ppm                                                                     1.000E-06
atoms ppm                                                                     1.000E-06
atoms/barn-cm                                                                 1.000E-06
becquerels                                                                    1.000E-06
-------------------------------------------------------------------------------------------------------------------------
###   Additional output options                                                                                       ###
.
                                      Print k-inf:             no
           Nuclides for absorption fraction print:           none
                              Print fission rates:             no
            Step for sorting absorption fractions:              1
=========================================================================================================================
###   Blending information                                                                                            ###
.
  --- no blending requested in this job ---
=========================================================================================================================
.
.
=========================================================================================================================
=   History overview for case 'irrad' (#1/2)                                                                            =
-------------------------------------------------------------------------------------------------------------------------
   step          t0          t1          dt           t        flux     fluence       power      energy
    (-)         (d)         (d)         (s)         (s)   (n/cm2-s)     (n/cm2)        (MW)       (MWd)
      1      0.0000    550.0000  4.7520E+07  4.7520E+07  3.1645E+13  1.5038E+21  3.8567E+00  2.1212E+03
          
              step - step index within this case
                t0 - time at beginning-of-step in input units
                t1 - time at end-of-step in input units
                dt - length of step in seconds
                 t - end-of-step cumulative time in seconds
              flux - flux in neutrons/cm^2-sec (CALCULATED)
           fluence - cumulative end-of-step fluence in neutrons/cm^2 (CALCULATED)
             power - power in mega-watts (INPUT)     
            energy - cumulative end-of-step energy released in mega-watt-days (INPUT)     
=========================================================================================================================
.
.
.
.
.
*************************************************************************************************************************
********************                                                                                 ********************
********************                                                                                 ********************
********************                    Library information                                          ********************
********************                                                                                 ********************
********************                                                                                 ********************
*************************************************************************************************************************
.
.
=========================================================================================================================
=   Library summary for case 'irrad' (#1/2)                                                                             =
-------------------------------------------------------------------------------------------------------------------------
filename: C:/Users/Teddy/AppData/Local/Temp/scale.Teddy.7704/w17x17_100d.f33 cross-section data taken from position number: 1
library title delimited by {}: 
{}
date library was produced: 538976288/538976288/538976288
total number of nuclides in library: 2237
number of light-element nuclides: 910
number of actinide nuclides: 176
number of fission product nuclides: 1151
number of nonzero off-diagonal matrix elements: 54564
=========================================================================================================================
.
.
*************************************************************************************************************************
********************                                                                                 ********************
********************                                                                                 ********************
********************                    Concentration tables                                         ********************
********************                                                                                 ********************
********************                                                                                 ********************
*************************************************************************************************************************
.
.
=========================================================================================================================
=   Nuclide concentrations in grams for case 'irrad' (#1/2)                                                             =
-------------------------------------------------------------------------------------------------------------------------
  (relative cutoff; integral of concentrations over time >   1.00E-06 % of integral of all concentrations over time)
.
                   0.000d    550.000d   
  he-4         0.0000E+00  7.2522E-02
  u-234        0.0000E+00  1.4874E-01
  u-235        2.8000E+04  2.5569E+04
  u-236        0.0000E+00  4.3517E+02
  u-237        0.0000E+00  2.1749E-01
  u-238        9.7200E+05  9.7053E+05
  u-239        0.0000E+00  5.6632E-02
  np-237       0.0000E+00  9.2193E+00
  np-239       0.0000E+00  8.1914E+00
  pu-238       0.0000E+00  2.3233E-01
  pu-239       0.0000E+00  1.1380E+03
  pu-240       0.0000E+00  5.7988E+01
  pu-241       0.0000E+00  6.8665E+00
  pu-242       0.0000E+00  1.2956E-01
  am-241       0.0000E+00  1.2619E-01
  ge-76        0.0000E+00  2.3029E-02
  se-77        0.0000E+00  5.8042E-02
  se-78        0.0000E+00  1.5490E-01
  se-79        0.0000E+00  3.3796E-01
  se-80        0.0000E+00  9.4103E-01
  br-81        0.0000E+00  1.5238E+00
  se-82        0.0000E+00  2.4633E+00
  kr-83        0.0000E+00  4.0319E+00
  kr-84        0.0000E+00  7.8173E+00
  kr-85        0.0000E+00  2.0799E+00
  rb-85        0.0000E+00  8.0108E+00
  kr-86        0.0000E+00  1.5278E+01
  rb-87        0.0000E+00  2.0144E+01
  sr-88        0.0000E+00  2.8264E+01
  sr-89        0.0000E+00  4.9127E+00
  y-89         0.0000E+00  3.3120E+01
  sr-90        0.0000E+00  4.5878E+01
  zr-90        0.0000E+00  8.4148E-01
  sr-91        0.0000E+00  4.9652E-02
  y-91         0.0000E+00  7.2701E+00
  zr-91        0.0000E+00  4.0865E+01
  zr-92        0.0000E+00  5.0596E+01
  y-93         0.0000E+00  5.9723E-02
  zr-93        0.0000E+00  5.4282E+01
  zr-94        0.0000E+00  5.6115E+01
  zr-95        0.0000E+00  9.5835E+00
  nb-95        0.0000E+00  5.2326E+00
  mo-95        0.0000E+00  4.7538E+01
  zr-96        0.0000E+00  5.7333E+01
  mo-96        0.0000E+00  1.4716E-01
  zr-97        0.0000E+00  1.0057E-01
  mo-97        0.0000E+00  5.4865E+01
  mo-98        0.0000E+00  5.4315E+01
  mo-99        0.0000E+00  4.1976E-01
  tc-99        0.0000E+00  5.6986E+01
  tc-99m       0.0000E+00  3.3595E-02
  mo-100       0.0000E+00  6.0498E+01
  ru-100       0.0000E+00  3.8227E-01
  ru-101       0.0000E+00  5.0783E+01
  ru-102       0.0000E+00  4.4115E+01
  ru-103       0.0000E+00  3.6736E+00
  rh-103       0.0000E+00  2.9523E+01
  ru-104       0.0000E+00  2.2697E+01
  pd-104       0.0000E+00  8.4643E-01
  rh-105       0.0000E+00  6.1770E-02
  pd-105       0.0000E+00  1.3678E+01
  ru-106       0.0000E+00  4.8336E+00
  pd-106       0.0000E+00  2.7412E+00
  pd-107       0.0000E+00  3.9774E+00
  pd-108       0.0000E+00  2.0529E+00
  ag-109       0.0000E+00  1.2619E+00
  pd-110       0.0000E+00  7.3239E-01
  cd-110       0.0000E+00  3.0735E-02
  cd-111       0.0000E+00  4.2224E-01
  cd-112       0.0000E+00  2.9560E-01
  cd-113       0.0000E+00  4.5868E-02
  cd-114       0.0000E+00  4.4569E-01
  in-115       0.0000E+00  1.9934E-01
  cd-116       0.0000E+00  2.2976E-01
  sn-117       0.0000E+00  2.1767E-01
  sn-118       0.0000E+00  2.1744E-01
  sn-119       0.0000E+00  2.2052E-01
  sn-120       0.0000E+00  2.2642E-01
  sb-121       0.0000E+00  2.2169E-01
  sn-122       0.0000E+00  2.7511E-01
  sb-123       0.0000E+00  2.7876E-01
  sn-124       0.0000E+00  4.3616E-01
  sb-125       0.0000E+00  4.5483E-01
  te-125       0.0000E+00  8.3320E-02
  sn-126       0.0000E+00  8.5605E-01
  te-126       0.0000E+00  2.7922E-02
  sb-127       0.0000E+00  2.4376E-02
  te-127m      0.0000E+00  9.3130E-02
  i-127        0.0000E+00  2.0508E+00
  te-128       0.0000E+00  4.6257E+00
  te-129m      0.0000E+00  1.1902E-01
  i-129        0.0000E+00  7.5664E+00
  te-130       0.0000E+00  2.3011E+01
  xe-130       0.0000E+00  2.3541E-02
  te-131m      0.0000E+00  2.1252E-02
  i-131        0.0000E+00  7.9849E-01
  xe-131       0.0000E+00  3.5555E+01
  te-132       0.0000E+00  4.7224E-01
  xe-132       0.0000E+00  5.6112E+01
  i-133        0.0000E+00  1.9539E-01
  xe-133       0.0000E+00  1.1828E+00
  cs-133       0.0000E+00  8.3244E+01
  xe-134       0.0000E+00  1.0035E+02
  cs-134       0.0000E+00  6.0600E-01
  ba-134       0.0000E+00  1.0633E-01
  i-135        0.0000E+00  5.9164E-02
  xe-135       0.0000E+00  6.3537E-02
  cs-135       0.0000E+00  6.2616E+01
  xe-136       0.0000E+00  1.0532E+02
  ba-136       0.0000E+00  2.2677E-01
  cs-137       0.0000E+00  7.9703E+01
  ba-137       0.0000E+00  1.3916E+00
  ba-138       0.0000E+00  8.7847E+01
  la-139       0.0000E+00  8.3909E+01
  ba-140       0.0000E+00  2.7461E+00
  la-140       0.0000E+00  3.6233E-01
  ce-140       0.0000E+00  7.9231E+01
  la-141       0.0000E+00  3.3413E-02
  ce-141       0.0000E+00  6.6452E+00
  pr-141       0.0000E+00  7.1321E+01
  ce-142       0.0000E+00  7.7627E+01
  nd-142       0.0000E+00  7.8570E-02
  ce-143       0.0000E+00  2.8472E-01
  pr-143       0.0000E+00  2.8050E+00
  nd-143       0.0000E+00  7.4661E+01
  ce-144       0.0000E+00  4.0492E+01
  nd-144       0.0000E+00  3.4756E+01
  pr-145       0.0000E+00  3.4921E-02
  nd-145       0.0000E+00  5.3254E+01
  nd-146       0.0000E+00  4.2082E+01
  nd-147       0.0000E+00  9.1075E-01
  pm-147       0.0000E+00  2.4306E+01
  sm-147       0.0000E+00  5.1531E+00
  nd-148       0.0000E+00  2.4046E+01
  pm-148m      0.0000E+00  7.2376E-02
  sm-148       0.0000E+00  1.0284E+00
  pm-149       0.0000E+00  9.5787E-02
  sm-149       0.0000E+00  1.5223E+00
  nd-150       0.0000E+00  1.0121E+01
  sm-150       0.0000E+00  1.4606E+01
  pm-151       0.0000E+00  2.1335E-02
  sm-151       0.0000E+00  3.9195E+00
  sm-152       0.0000E+00  6.7274E+00
  eu-153       0.0000E+00  2.9623E+00
  sm-154       0.0000E+00  1.3674E+00
  eu-154       0.0000E+00  1.1361E-01
  eu-155       0.0000E+00  3.7750E-01
  eu-156       0.0000E+00  3.6660E-02
  gd-156       0.0000E+00  6.4528E-01
  gd-158       0.0000E+00  2.6921E-01
  tb-159       0.0000E+00  3.9439E-02
------------
  totals       1.0000E+06  1.0000E+06
=========================================================================================================================
.
.
=========================================================================================================================
=   History overview for case 'decay' (#2/2)                                                                            =
-------------------------------------------------------------------------------------------------------------------------
   step          t0          t1          dt           t        flux     fluence       power      energy
    (-)         (y)         (y)         (s)         (s)   (n/cm2-s)     (n/cm2)        (MW)       (MWd)
      1      1.5057      2.5057  3.1560E+07  7.9080E+07  0.0000E+00  1.5038E+21  0.0000E+00  2.1212E+03
          
              step - step index within this case
                t0 - time at beginning-of-step in input units
                t1 - time at end-of-step in input units
                dt - length of step in seconds
                 t - end-of-step cumulative time in seconds
              flux - flux in neutrons/cm^2-sec (CALCULATED)
           fluence - cumulative end-of-step fluence in neutrons/cm^2 (CALCULATED)
             power - power in mega-watts (INPUT)     
            energy - cumulative end-of-step energy released in mega-watt-days (INPUT)     
=========================================================================================================================
.
.
.
.
.
*************************************************************************************************************************
********************                                                                                 ********************
********************                                                                                 ********************
********************                    Library information                                          ********************
********************                                                                                 ********************
********************                                                                                 ********************
*************************************************************************************************************************
.
.
=========================================================================================================================
=   Library summary for case 'decay' (#2/2)                                                                             =
-------------------------------------------------------------------------------------------------------------------------
filename: C:/Users/Teddy/AppData/Local/Temp/scale.Teddy.7704/w17x17_100d.f33 cross-section data taken from position number: 1
library title delimited by {}: 
{}
date library was produced: 538976288/538976288/538976288
total number of nuclides in library: 2237
number of light-element nuclides: 910
number of actinide nuclides: 176
number of fission product nuclides: 1151
number of nonzero off-diagonal matrix elements: 54564
=========================================================================================================================
.
.
*************************************************************************************************************************
********************                                                                                 ********************
********************                                                                                 ********************
********************                    Concentration tables                                         ********************
********************                                                                                 ********************
********************                                                                                 ********************
*************************************************************************************************************************
.
.
=========================================================================================================================
=   Nuclide concentrations in grams for case 'decay' (#2/2)                                                             =
-------------------------------------------------------------------------------------------------------------------------
  (relative cutoff; integral of concentrations over time >   1.00E-06 % of integral of all concentrations over time)
.
                   1.506y      2.506y   
  he-4         7.2522E-02  7.3259E-02
  u-234        1.4874E-01  1.5072E-01
  u-235        2.5569E+04  2.5569E+04
  u-236        4.3517E+02  4.3518E+02
  u-237        2.1749E-01  2.0408E-07
  u-238        9.7053E+05  9.7053E+05
  u-239        5.6632E-02  0.0000E+00
  np-237       9.2193E+00  9.4372E+00
  np-239       8.1914E+00  1.0746E-09
  pu-238       2.3233E-01  2.3571E-01
  pu-239       1.1380E+03  1.1463E+03
  pu-240       5.7988E+01  5.7982E+01
  pu-241       6.8665E+00  6.5414E+00
  pu-242       1.2956E-01  1.2956E-01
  am-241       1.2619E-01  4.5087E-01
  ge-76        2.3029E-02  2.3029E-02
  se-77        5.8042E-02  5.8362E-02
  se-78        1.5490E-01  1.5495E-01
  se-79        3.3796E-01  3.3797E-01
  se-80        9.4103E-01  9.4103E-01
  br-81        1.5238E+00  1.5239E+00
  se-82        2.4633E+00  2.4633E+00
  kr-83        4.0319E+00  4.0340E+00
  kr-84        7.8173E+00  7.8178E+00
  kr-85        2.0799E+00  1.9511E+00
  rb-85        8.0108E+00  8.1445E+00
  kr-86        1.5278E+01  1.5278E+01
  rb-87        2.0144E+01  2.0147E+01
  sr-88        2.8264E+01  2.8273E+01
  sr-89        4.9127E+00  3.2755E-02
  y-89         3.3120E+01  3.8001E+01
  sr-90        4.5878E+01  4.4787E+01
  y-90         1.1687E-02  1.1361E-02
  zr-90        8.4148E-01  1.9333E+00
  sr-91        4.9652E-02  0.0000E+00
  y-91         7.2701E+00  9.6678E-02
  zr-91        4.0865E+01  4.8091E+01
  zr-92        5.0596E+01  5.0630E+01
  y-93         5.9723E-02  0.0000E+00
  zr-93        5.4282E+01  5.4342E+01
  zr-94        5.6115E+01  5.6117E+01
  zr-95        9.5835E+00  1.8378E-01
  nb-95        5.2326E+00  2.2390E-01
  mo-95        4.7538E+01  6.1960E+01
  zr-96        5.7333E+01  5.7333E+01
  mo-96        1.4716E-01  1.4721E-01
  zr-97        1.0057E-01  0.0000E+00
  mo-97        5.4865E+01  5.4973E+01
  mo-98        5.4315E+01  5.4315E+01
  mo-99        4.1976E-01  0.0000E+00
  tc-99        5.6986E+01  5.7440E+01
  tc-99m       3.3595E-02  0.0000E+00
  mo-100       6.0498E+01  6.0498E+01
  ru-100       3.8227E-01  3.8227E-01
  ru-101       5.0783E+01  5.0786E+01
  ru-102       4.4115E+01  4.4116E+01
  ru-103       3.6736E+00  5.7991E-03
  rh-103       2.9523E+01  3.3194E+01
  ru-104       2.2697E+01  2.2697E+01
  pd-104       8.4643E-01  8.4643E-01
  rh-105       6.1770E-02  0.0000E+00
  pd-105       1.3678E+01  1.3748E+01
  ru-106       4.8336E+00  2.4463E+00
  pd-106       2.7412E+00  5.1284E+00
  pd-107       3.9774E+00  3.9777E+00
  pd-108       2.0529E+00  2.0529E+00
  ag-109       1.2619E+00  1.2649E+00
  pd-110       7.3239E-01  7.3239E-01
  cd-110       3.0735E-02  3.1346E-02
  cd-111       4.2224E-01  4.3332E-01
  cd-112       2.9560E-01  2.9654E-01
  cd-113       4.5868E-02  4.5985E-02
  cd-114       4.4569E-01  4.4569E-01
  in-115       1.9934E-01  2.0231E-01
  sn-115       1.0666E-02  1.0739E-02
  cd-116       2.2976E-01  2.2976E-01
  sn-116       1.5517E-02  1.5519E-02
  sn-117       2.1767E-01  2.1780E-01
  sn-118       2.1744E-01  2.1746E-01
  sn-119       2.2052E-01  2.2294E-01
  sn-120       2.2642E-01  2.2642E-01
  sn-121m      1.6097E-02  1.5845E-02
  sb-121       2.2169E-01  2.2264E-01
  sn-122       2.7511E-01  2.7511E-01
  sb-123       2.7876E-01  2.8484E-01
  sn-124       4.3616E-01  4.3616E-01
  sb-125       4.5483E-01  3.5821E-01
  te-125       8.3320E-02  1.8576E-01
  sn-126       8.5605E-01  8.5605E-01
  te-126       2.7922E-02  2.8304E-02
  sb-127       2.4376E-02  0.0000E+00
  te-127m      9.3130E-02  9.5396E-03
  i-127        2.0508E+00  2.1614E+00
  te-128       4.6257E+00  4.6266E+00
  te-129m      1.1902E-01  6.3852E-05
  i-129        7.5664E+00  7.6903E+00
  te-130       2.3011E+01  2.3012E+01
  xe-130       2.3541E-02  2.3597E-02
  te-131m      2.1252E-02  0.0000E+00
  i-131        7.9849E-01  1.6432E-14
  xe-131       3.5555E+01  3.6391E+01
  te-132       4.7224E-01  0.0000E+00
  xe-132       5.6112E+01  5.6598E+01
  i-133        1.9539E-01  0.0000E+00
  xe-133       1.1828E+00  1.5476E-21
  cs-133       8.3244E+01  8.4642E+01
  xe-134       1.0035E+02  1.0037E+02
  cs-134       6.0600E-01  4.3324E-01
  ba-134       1.0633E-01  2.7913E-01
  i-135        5.9164E-02  0.0000E+00
  xe-135       6.3537E-02  0.0000E+00
  cs-135       6.2616E+01  6.2739E+01
  xe-136       1.0532E+02  1.0532E+02
  ba-136       2.2677E-01  2.3863E-01
  cs-137       7.9703E+01  7.7887E+01
  ba-137       1.3916E+00  3.2074E+00
  ba-138       8.7847E+01  8.7855E+01
  la-139       8.3909E+01  8.3923E+01
  ba-140       2.7461E+00  6.5528E-09
  la-140       3.6233E-01  9.9317E-10
  ce-140       7.9231E+01  8.2339E+01
  la-141       3.3413E-02  0.0000E+00
  ce-141       6.6452E+00  2.7689E-03
  pr-141       7.1321E+01  7.8000E+01
  ce-142       7.7627E+01  7.7641E+01
  nd-142       7.8570E-02  7.8901E-02
  ce-143       2.8472E-01  0.0000E+00
  pr-143       2.8050E+00  2.4634E-08
  nd-143       7.4661E+01  7.7753E+01
  ce-144       4.0492E+01  1.6650E+01
  nd-144       3.4756E+01  5.8598E+01
  pr-145       3.4921E-02  0.0000E+00
  nd-145       5.3254E+01  5.3289E+01
  nd-146       4.2082E+01  4.2085E+01
  nd-147       9.1075E-01  8.8141E-11
  pm-147       2.4306E+01  1.9370E+01
  sm-147       5.1531E+00  1.1001E+01
  nd-148       2.4046E+01  2.4046E+01
  pm-148m      7.2376E-02  1.5721E-04
  sm-148       1.0284E+00  1.1174E+00
  pm-149       9.5787E-02  0.0000E+00
  sm-149       1.5223E+00  1.6213E+00
  nd-150       1.0121E+01  1.0121E+01
  sm-150       1.4606E+01  1.4606E+01
  pm-151       2.1335E-02  0.0000E+00
  sm-151       3.9195E+00  3.9108E+00
  eu-151       1.7897E-02  4.8135E-02
  sm-152       6.7274E+00  6.7276E+00
  eu-153       2.9623E+00  2.9816E+00
  sm-154       1.3674E+00  1.3674E+00
  eu-154       1.1361E-01  1.0481E-01
  eu-155       3.7750E-01  3.2630E-01
  gd-155       1.7035E-02  6.8271E-02
  eu-156       3.6660E-02  2.1411E-09
  gd-156       6.4528E-01  6.8239E-01
  gd-157       1.4150E-02  1.4537E-02
  gd-158       2.6921E-01  2.6922E-01
  tb-159       3.9439E-02  3.9550E-02
  gd-160       1.6402E-02  1.6402E-02
------------
  totals       1.0000E+06  1.0000E+06
=========================================================================================================================
.
.
*************************************************************************************************************************
********************                                                                                 ********************
********************                                                                                 ********************
********************                    Written F71 File Information                                 ********************
********************                                                                                 ********************
********************                                                                                 ********************
*************************************************************************************************************************
.
.
   pos         time        power         flux      fluence       energy libpos   case   step DCGNAB
   (-)          (s)         (MW)    (n/cm2-s)      (n/cm2)        (MWd)    (-)    (-)    (-)    (-)
     1  4.75200e+07  0.00000e+00  0.00000e+00  1.50379e+21  2.12121e+03      1      2      0 DC----
     2  7.90800e+07  0.00000e+00  0.00000e+00  1.50379e+21  2.12121e+03      1      2      1 DC----
    D - state definition present
    C - concentrations present
    G - gamma emission spectra present
    N - neutron emission spectra present
    A - alpha emission spectra present
    B - beta emission spectra present
.
.
.
=========================================================================================================================
ORIGEN finished successfully.
=========================================================================================================================
    module origen used 0.518501 seconds cpu time for the current pass.

    module origen is finished. completion code    0. total cpu time used 3.73226e-006 seconds.


    SCALE is finished on Wed Feb 13 18:27:03 2019.
-------------------------- Summary --------------------------
arp finished. used 1.85258 seconds.
origen finished. used 0.520751 seconds.
SCALE driver required a maximum of 8.316 MiB of RAM.
------------------------ End Summary ------------------------

w17x17_100d.f33 copied to C:\Users\Teddy\Desktop\scale_test\output\w17x17_100d.f33.
discharge.f71 copied to C:\Users\Teddy\Desktop\scale_test\output\discharge.f71.
