 *******************************************************************************
 *                                                                             *
 *                                 SCALE 6.2.2                                 *
 *                                -------------                                *
 *                                February 2019                                *
 *                                                                             *
 *           SCALE:  A Comprehensive Modeling and Simulation Suite             *
 *                   for Nuclear Safety Analysis and Design                    *
 *                                                                             *
 *                      Reactor and Nuclear Systems Division                   *
 *                        Oak Ridge National Laboratory                        *
 *                                                                             *
 *                           http://scale.ornl.gov                             *
 *                            scalehelp@ornl.gov                               *
 *                                                                             *
 *******************************************************************************
 *******************************************************************************
      
                  Job Information
                  ---------------
      Job started on DESKTOP-J14NAA6 on Wed 13/02/2019 18:27:51
      Working directory: C:\Users\Teddy\AppData\Local\Temp\scale.Teddy.2808
      Input file name  : C:\Users\Teddy\Desktop\scale_test\output\2.800000_13434.343434.inp
      Output file name : C:\Users\Teddy\Desktop\scale_test\output\2.800000_13434.343434.out
      SCALE executable : C:\SCALE-6.2.2/bin/scale
      
 *******************************************************************************


    module arp will be called on Wed Feb 13 18:27:52 2019.
    sequence specification record:=arp
Input Data:

      'library type
      w17x17
      2.800000
      ' num cycles
      1
      ' num days per cycle
      550
      ' cycle average specific power (MW / MTU)
      24.426079
      ' number of interpolated cross section sets generated per cycle
      1
      ' moderator density (g/cc)
      0.723
      ' interpolated output ORIGEN library
      w17x17_100d.f33
end

1






        ************************************************************************************************************************
        ************************************************************************************************************************
        ************************************************************************************************************************
        *****                                                                                                              *****
        *****                                       program verification information                                       *****
        *****                                                                                                              *****
        *****                                   code system:  SCALE    version:  6.2                                       *****
        *****                                                                                                              *****
        ************************************************************************************************************************
        ************************************************************************************************************************
        *****                                                                                                              *****
        *****                                                                                                              *****
        *****              program:  arp.exe                                                                               *****
        *****                                                                                                              *****
        *****        creation date:   unknown                                                                              *****
        *****                                                                                                              *****
        *****              library:  C:\SCALE-6.2.2\bin                                                                    *****
        *****                                                                                                              *****
        *****                                                                                                              *****
        *****            prod code:  arp.exe                                                                               *****
        *****                                                                                                              *****
        *****              version:  6.2.2                                                                                 *****
        *****                                                                                                              *****
        *****              jobname:  Teddy                                                                                 *****
        *****                                                                                                              *****
        *****         machine name:  DESKTOP-J14NAA6                                                                       *****
        *****                                                                                                              *****
        *****    date of execution:  13_feb_2019                                                                           *****
        *****                                                                                                              *****
        *****    time of execution:  18:27:52.45                                                                           *****
        *****                                                                                                              *****
        *****                                                                                                              *****
        ************************************************************************************************************************
        ************************************************************************************************************************
        ************************************************************************************************************************


 'library type
    data library:       w17x17
       directory:       C:/SCALE-6.2.2/data/\arplibs
       definition:      C:/SCALE-6.2.2/data/\arpdata.txt
    u-235 enrichment:                        2.800

 ' num cycles
    number of cycles:                            1

 ' num days per cycle

 ' cycle average specific power (MW / MTU)

 ' number of interpolated cross section sets generated per cycle

 ' moderator density (g/cc)
    water density (g/cm3):                  0.7230
                                         cycle        cumulative      midpoint
   cycle time(d)        power(MW)      burnup(MWd/MTU)burnup(MWd/MTU)burnup(MWd/MTU)nlib
     1    550.000        24.4261        13434.3        13434.3        6717.17             1

 ' interpolated output ORIGEN library
    interpolated library name:                   w17x17_100d.f33
 interpolation type: spline
 Cross section library interpolation completed.
.
.
.
=========================================================================================================================
ARP finished successfully.
=========================================================================================================================
    module arp used 1.93222 seconds cpu time for the current pass.

    module arp is finished. completion code    0. total cpu time used 1.07303e-005 seconds.



    module origen will be called on Wed Feb 13 18:27:54 2019.
    sequence specification record:=origen
Input Data:

      case(irrad) {
          lib{
              file="w17x17_100d.f33" pos=1
          }
          mat {
              units=GRAMS
              iso=[u235=28000.000000 u238=972000.000000]
          }
          time = [ 550 ]
          power = [ 24.426079 ]
      }
      case (decay) {
          time {
              units=YEARS
              start=0
              t=[1]
          }
          save{ file="discharge.f71" steps=[0 LAST]}
      }
end

1






        ************************************************************************************************************************
        ************************************************************************************************************************
        ************************************************************************************************************************
        *****                                                                                                              *****
        *****                                       program verification information                                       *****
        *****                                                                                                              *****
        *****                                   code system:  SCALE    version:  6.2                                       *****
        *****                                                                                                              *****
        ************************************************************************************************************************
        ************************************************************************************************************************
        *****                                                                                                              *****
        *****                                                                                                              *****
        *****              program:  origen.exe                                                                            *****
        *****                                                                                                              *****
        *****        creation date:   unknown                                                                              *****
        *****                                                                                                              *****
        *****              library:  C:\SCALE-6.2.2\bin                                                                    *****
        *****                                                                                                              *****
        *****                                                                                                              *****
        *****            prod code:  origen.exe                                                                            *****
        *****                                                                                                              *****
        *****              version:  6.2.2                                                                                 *****
        *****                                                                                                              *****
        *****              jobname:  Teddy                                                                                 *****
        *****                                                                                                              *****
        *****         machine name:  DESKTOP-J14NAA6                                                                       *****
        *****                                                                                                              *****
        *****    date of execution:  13_feb_2019                                                                           *****
        *****                                                                                                              *****
        *****    time of execution:  18:27:54.37                                                                           *****
        *****                                                                                                              *****
        *****                                                                                                              *****
        ************************************************************************************************************************
        ************************************************************************************************************************
        ************************************************************************************************************************

*************************************************************************************************************************
********************                                                                                 ********************
********************                                                                                 ********************
********************                    USER INPUT SUMMARY                                           ********************
********************                                                                                 ********************
********************                                                                                 ********************
*************************************************************************************************************************
.
.
=========================================================================================================================
=   Case "irrad" (#1/2)                                                                                                 =
-------------------------------------------------------------------------------------------------------------------------
###   Library settings                                                                                                ###
.
                                Library file name:     C:/Users/Teddy/AppData/Local/Temp/scale.Teddy.2808/w17x17_100d.f33
                             Library set position:              1
                 Fission product reaction removal:             no
-------------------------------------------------------------------------------------------------------------------------
###   Global settings                                                                                                 ###
.
                                           Solver:              MATREX
                                             Mode:        forward
                             Fixed fission energy:             no
-------------------------------------------------------------------------------------------------------------------------
###   Concentrations output options                                                                                   ###
.
                            High-precision output:             no
                                  Relative cutoff:            yes
                         Step for applying cutoff:       integral
.
                      light els.   actinides  fis.prods.       total
                       nuc    el   nuc    el   nuc    el   nuc    el             cutoff
gram-atoms                                                                    1.000E-06
grams                                                      **                 1.000E-06
curies                                                                        1.000E-06
watts                                                                         1.000E-06
gamma watts                                                                   1.000E-06
m3 air                                                                        1.000E-06
m3 water                                                                      1.000E-06
grams ppm                                                                     1.000E-06
atoms ppm                                                                     1.000E-06
atoms/barn-cm                                                                 1.000E-06
becquerels                                                                    1.000E-06
-------------------------------------------------------------------------------------------------------------------------
###   Additional output options                                                                                       ###
.
                                      Print k-inf:             no
           Nuclides for absorption fraction print:           none
                              Print fission rates:             no
            Step for sorting absorption fractions:              1
=========================================================================================================================
=   Case "decay" (#2/2)                                                                                                 =
-------------------------------------------------------------------------------------------------------------------------
###   Library settings                                                                                                ###
.
                                Library file name:     C:/Users/Teddy/AppData/Local/Temp/scale.Teddy.2808/w17x17_100d.f33
                             Library set position:              1
                 Fission product reaction removal:             no
-------------------------------------------------------------------------------------------------------------------------
###   Global settings                                                                                                 ###
.
                                           Solver:              MATREX
                                             Mode:        forward
                             Fixed fission energy:             no
-------------------------------------------------------------------------------------------------------------------------
###   Concentrations output options                                                                                   ###
.
                            High-precision output:             no
                                  Relative cutoff:            yes
                         Step for applying cutoff:       integral
.
                      light els.   actinides  fis.prods.       total
                       nuc    el   nuc    el   nuc    el   nuc    el             cutoff
gram-atoms                                                                    1.000E-06
grams                                                      **                 1.000E-06
curies                                                                        1.000E-06
watts                                                                         1.000E-06
gamma watts                                                                   1.000E-06
m3 air                                                                        1.000E-06
m3 water                                                                      1.000E-06
grams ppm                                                                     1.000E-06
atoms ppm                                                                     1.000E-06
atoms/barn-cm                                                                 1.000E-06
becquerels                                                                    1.000E-06
-------------------------------------------------------------------------------------------------------------------------
###   Additional output options                                                                                       ###
.
                                      Print k-inf:             no
           Nuclides for absorption fraction print:           none
                              Print fission rates:             no
            Step for sorting absorption fractions:              1
=========================================================================================================================
###   Blending information                                                                                            ###
.
  --- no blending requested in this job ---
=========================================================================================================================
.
.
=========================================================================================================================
=   History overview for case 'irrad' (#1/2)                                                                            =
-------------------------------------------------------------------------------------------------------------------------
   step          t0          t1          dt           t        flux     fluence       power      energy
    (-)         (d)         (d)         (s)         (s)   (n/cm2-s)     (n/cm2)        (MW)       (MWd)
      1      0.0000    550.0000  4.7520E+07  4.7520E+07  2.1825E+14  1.0371E+22  2.4426E+01  1.3434E+04
          
              step - step index within this case
                t0 - time at beginning-of-step in input units
                t1 - time at end-of-step in input units
                dt - length of step in seconds
                 t - end-of-step cumulative time in seconds
              flux - flux in neutrons/cm^2-sec (CALCULATED)
           fluence - cumulative end-of-step fluence in neutrons/cm^2 (CALCULATED)
             power - power in mega-watts (INPUT)     
            energy - cumulative end-of-step energy released in mega-watt-days (INPUT)     
=========================================================================================================================
.
.
.
.
.
*************************************************************************************************************************
********************                                                                                 ********************
********************                                                                                 ********************
********************                    Library information                                          ********************
********************                                                                                 ********************
********************                                                                                 ********************
*************************************************************************************************************************
.
.
=========================================================================================================================
=   Library summary for case 'irrad' (#1/2)                                                                             =
-------------------------------------------------------------------------------------------------------------------------
filename: C:/Users/Teddy/AppData/Local/Temp/scale.Teddy.2808/w17x17_100d.f33 cross-section data taken from position number: 1
library title delimited by {}: 
{}
date library was produced: 538976288/538976288/538976288
total number of nuclides in library: 2237
number of light-element nuclides: 910
number of actinide nuclides: 176
number of fission product nuclides: 1151
number of nonzero off-diagonal matrix elements: 54564
=========================================================================================================================
.
.
*************************************************************************************************************************
********************                                                                                 ********************
********************                                                                                 ********************
********************                    Concentration tables                                         ********************
********************                                                                                 ********************
********************                                                                                 ********************
*************************************************************************************************************************
.
.
=========================================================================================================================
=   Nuclide concentrations in grams for case 'irrad' (#1/2)                                                             =
-------------------------------------------------------------------------------------------------------------------------
  (relative cutoff; integral of concentrations over time >   1.00E-06 % of integral of all concentrations over time)
.
                   0.000d    550.000d   
  h-3          0.0000E+00  2.0014E-02
  he-4         0.0000E+00  4.9109E-01
  u-234        0.0000E+00  8.3335E-01
  u-235        2.8000E+04  1.5664E+04
  u-236        0.0000E+00  2.1608E+03
  u-237        0.0000E+00  3.8422E+00
  u-238        9.7200E+05  9.6196E+05
  u-239        0.0000E+00  3.8402E-01
  np-237       0.0000E+00  1.2153E+02
  np-238       0.0000E+00  2.4810E-01
  np-239       0.0000E+00  5.5487E+01
  pu-238       0.0000E+00  1.7986E+01
  pu-239       0.0000E+00  4.1006E+03
  pu-240       0.0000E+00  9.3458E+02
  pu-241       0.0000E+00  5.2683E+02
  pu-242       0.0000E+00  7.2445E+01
  am-241       0.0000E+00  9.4104E+00
  am-242m      0.0000E+00  1.6183E-01
  am-242       0.0000E+00  2.0320E-02
  am-243       0.0000E+00  5.0890E+00
  cm-242       0.0000E+00  1.6169E+00
  cm-244       0.0000E+00  5.8784E-01
  ge-74        0.0000E+00  2.0456E-02
  as-75        0.0000E+00  5.3736E-02
  ge-76        0.0000E+00  1.4421E-01
  se-77        0.0000E+00  3.5395E-01
  se-78        0.0000E+00  9.7018E-01
  se-79        0.0000E+00  2.1130E+00
  se-80        0.0000E+00  5.6536E+00
  br-81        0.0000E+00  9.3576E+00
  se-82        0.0000E+00  1.4781E+01
  kr-82        0.0000E+00  1.1037E-01
  kr-83        0.0000E+00  2.1607E+01
  kr-84        0.0000E+00  4.6951E+01
  kr-85        0.0000E+00  1.1851E+01
  kr-85m       0.0000E+00  2.3709E-02
  rb-85        0.0000E+00  4.5415E+01
  kr-86        0.0000E+00  8.6089E+01
  sr-86        0.0000E+00  6.6030E-02
  rb-87        0.0000E+00  1.1341E+02
  kr-88        0.0000E+00  4.0712E-02
  sr-88        0.0000E+00  1.5832E+02
  sr-89        0.0000E+00  2.3572E+01
  y-89         0.0000E+00  1.9041E+02
  sr-90        0.0000E+00  2.5617E+02
  y-90         0.0000E+00  6.6859E-02
  zr-90        0.0000E+00  5.0491E+00
  sr-91        0.0000E+00  2.4539E-01
  y-91         0.0000E+00  3.7505E+01
  zr-91        0.0000E+00  2.3560E+02
  sr-92        0.0000E+00  7.4066E-02
  y-92         0.0000E+00  9.7891E-02
  zr-92        0.0000E+00  2.9214E+02
  y-93         0.0000E+00  3.1619E-01
  zr-93        0.0000E+00  3.1914E+02
  zr-94        0.0000E+00  3.3580E+02
  zr-95        0.0000E+00  5.5019E+01
  nb-95        0.0000E+00  2.9999E+01
  nb-95m       0.0000E+00  3.3542E-02
  mo-95        0.0000E+00  2.8622E+02
  zr-96        0.0000E+00  3.5042E+02
  mo-96        0.0000E+00  5.9247E+00
  zr-97        0.0000E+00  5.9221E-01
  nb-97        0.0000E+00  4.2749E-02
  mo-97        0.0000E+00  3.4296E+02
  mo-98        0.0000E+00  3.4736E+02
  mo-99        0.0000E+00  2.5769E+00
  tc-99        0.0000E+00  3.5298E+02
  tc-99m       0.0000E+00  2.0654E-01
  mo-100       0.0000E+00  3.9102E+02
  ru-100       0.0000E+00  1.5885E+01
  ru-101       0.0000E+00  3.2933E+02
  ru-102       0.0000E+00  3.0821E+02
  ru-103       0.0000E+00  2.9837E+01
  rh-103       0.0000E+00  2.0428E+02
  rh-103m      0.0000E+00  2.9287E-02
  ru-104       0.0000E+00  1.9516E+02
  pd-104       0.0000E+00  3.8561E+01
  ru-105       0.0000E+00  9.0610E-02
  rh-105       0.0000E+00  6.8042E-01
  pd-105       0.0000E+00  1.3298E+02
  ru-106       0.0000E+00  6.4491E+01
  pd-106       0.0000E+00  4.1701E+01
  pd-107       0.0000E+00  6.3643E+01
  pd-108       0.0000E+00  3.9455E+01
  pd-109       0.0000E+00  6.8346E-02
  ag-109       0.0000E+00  2.3827E+01
  pd-110       0.0000E+00  1.2856E+01
  ag-110m      0.0000E+00  1.0207E-01
  cd-110       0.0000E+00  3.6985E+00
  ag-111       0.0000E+00  1.9159E-01
  cd-111       0.0000E+00  6.3711E+00
  cd-112       0.0000E+00  3.5393E+00
  cd-113       0.0000E+00  8.7845E-02
  cd-114       0.0000E+00  4.7307E+00
  in-115       0.0000E+00  1.1445E+00
  sn-115       0.0000E+00  8.6828E-02
  cd-116       0.0000E+00  1.9634E+00
  sn-116       0.0000E+00  6.5079E-01
  sn-117       0.0000E+00  1.8121E+00
  sn-118       0.0000E+00  1.7131E+00
  sn-119       0.0000E+00  1.6932E+00
  sn-119m      0.0000E+00  3.2734E-02
  sn-120       0.0000E+00  1.7324E+00
  sn-121m      0.0000E+00  1.3536E-01
  sb-121       0.0000E+00  1.7112E+00
  sn-122       0.0000E+00  2.1858E+00
  te-122       0.0000E+00  4.5230E-02
  sn-123       0.0000E+00  9.5516E-02
  sb-123       0.0000E+00  2.1284E+00
  sn-124       0.0000E+00  3.4986E+00
  te-124       0.0000E+00  2.6827E-02
  sn-125       0.0000E+00  5.6715E-02
  sb-125       0.0000E+00  3.8239E+00
  te-125       0.0000E+00  6.6891E-01
  te-125m      0.0000E+00  4.2696E-02
  sn-126       0.0000E+00  7.3688E+00
  te-126       0.0000E+00  1.9874E-01
  sb-127       0.0000E+00  2.1765E-01
  te-127       0.0000E+00  2.0133E-02
  te-127m      0.0000E+00  5.1680E-01
  i-127        0.0000E+00  1.6412E+01
  te-128       0.0000E+00  3.5648E+01
  xe-128       0.0000E+00  3.4816E-01
  sb-129       0.0000E+00  3.1809E-02
  te-129m      0.0000E+00  9.6006E-01
  i-129        0.0000E+00  5.8960E+01
  te-130       0.0000E+00  1.5417E+02
  xe-130       0.0000E+00  9.7701E-01
  te-131m      0.0000E+00  1.7110E-01
  i-131        0.0000E+00  5.2896E+00
  xe-131       0.0000E+00  2.1337E+02
  xe-131m      0.0000E+00  8.8253E-02
  te-132       0.0000E+00  3.0327E+00
  i-132        0.0000E+00  9.2440E-02
  xe-132       0.0000E+00  4.0271E+02
  te-133m      0.0000E+00  2.7318E-02
  i-133        0.0000E+00  1.2058E+00
  xe-133       0.0000E+00  7.3011E+00
  xe-133m      0.0000E+00  9.2648E-02
  cs-133       0.0000E+00  5.1199E+02
  te-134       0.0000E+00  3.7070E-02
  i-134        0.0000E+00  5.7611E-02
  xe-134       0.0000E+00  6.3910E+02
  cs-134       0.0000E+00  2.4801E+01
  ba-134       0.0000E+00  4.4292E+00
  i-135        0.0000E+00  3.6673E-01
  xe-135       0.0000E+00  1.6961E-01
  cs-135       0.0000E+00  1.7216E+02
  xe-136       0.0000E+00  9.2972E+02
  cs-136       0.0000E+00  2.0816E-01
  ba-136       0.0000E+00  3.9164E+00
  cs-137       0.0000E+00  5.1508E+02
  ba-137       0.0000E+00  9.1322E+00
  cs-138       0.0000E+00  3.1437E-02
  ba-138       0.0000E+00  5.5150E+02
  ba-139       0.0000E+00  7.5088E-02
  la-139       0.0000E+00  5.2232E+02
  ba-140       0.0000E+00  1.6119E+01
  la-140       0.0000E+00  2.1470E+00
  ce-140       0.0000E+00  5.0092E+02
  la-141       0.0000E+00  1.9705E-01
  ce-141       0.0000E+00  3.9031E+01
  pr-141       0.0000E+00  4.5220E+02
  la-142       0.0000E+00  7.4503E-02
  ce-142       0.0000E+00  4.8260E+02
  nd-142       0.0000E+00  3.2890E+00
  ce-143       0.0000E+00  1.6001E+00
  pr-143       0.0000E+00  1.5713E+01
  nd-143       0.0000E+00  4.0728E+02
  ce-144       0.0000E+00  2.3911E+02
  nd-144       0.0000E+00  2.6464E+02
  pr-145       0.0000E+00  1.9853E-01
  nd-145       0.0000E+00  3.1347E+02
  nd-146       0.0000E+00  2.7329E+02
  nd-147       0.0000E+00  5.3765E+00
  pm-147       0.0000E+00  1.2211E+02
  sm-147       0.0000E+00  2.6153E+01
  nd-148       0.0000E+00  1.5539E+02
  pm-148       0.0000E+00  5.2304E-01
  pm-148m      0.0000E+00  8.3044E-01
  sm-148       0.0000E+00  2.8418E+01
  pm-149       0.0000E+00  7.5668E-01
  sm-149       0.0000E+00  1.9123E+00
  nd-150       0.0000E+00  7.0243E+01
  sm-150       0.0000E+00  1.1399E+02
  pm-151       0.0000E+00  1.6037E-01
  sm-151       0.0000E+00  8.3425E+00
  sm-152       0.0000E+00  5.5454E+01
  sm-153       0.0000E+00  3.7971E-01
  eu-153       0.0000E+00  3.7669E+01
  sm-154       0.0000E+00  1.2380E+01
  eu-154       0.0000E+00  5.3834E+00
  gd-154       0.0000E+00  2.2030E-01
  eu-155       0.0000E+00  2.6674E+00
  gd-155       0.0000E+00  2.4978E-02
  eu-156       0.0000E+00  1.1000E+00
  gd-156       0.0000E+00  1.4482E+01
  gd-157       0.0000E+00  4.2827E-02
  gd-158       0.0000E+00  4.1817E+00
  tb-159       0.0000E+00  6.3810E-01
  gd-160       0.0000E+00  2.8629E-01
  dy-161       0.0000E+00  1.0405E-01
  dy-162       0.0000E+00  6.8774E-02
  dy-163       0.0000E+00  3.8459E-02
------------
  totals       1.0000E+06  1.0000E+06
=========================================================================================================================
.
.
=========================================================================================================================
=   History overview for case 'decay' (#2/2)                                                                            =
-------------------------------------------------------------------------------------------------------------------------
   step          t0          t1          dt           t        flux     fluence       power      energy
    (-)         (y)         (y)         (s)         (s)   (n/cm2-s)     (n/cm2)        (MW)       (MWd)
      1      1.5057      2.5057  3.1560E+07  7.9080E+07  0.0000E+00  1.0371E+22  0.0000E+00  1.3434E+04
          
              step - step index within this case
                t0 - time at beginning-of-step in input units
                t1 - time at end-of-step in input units
                dt - length of step in seconds
                 t - end-of-step cumulative time in seconds
              flux - flux in neutrons/cm^2-sec (CALCULATED)
           fluence - cumulative end-of-step fluence in neutrons/cm^2 (CALCULATED)
             power - power in mega-watts (INPUT)     
            energy - cumulative end-of-step energy released in mega-watt-days (INPUT)     
=========================================================================================================================
.
.
.
.
.
*************************************************************************************************************************
********************                                                                                 ********************
********************                                                                                 ********************
********************                    Library information                                          ********************
********************                                                                                 ********************
********************                                                                                 ********************
*************************************************************************************************************************
.
.
=========================================================================================================================
=   Library summary for case 'decay' (#2/2)                                                                             =
-------------------------------------------------------------------------------------------------------------------------
filename: C:/Users/Teddy/AppData/Local/Temp/scale.Teddy.2808/w17x17_100d.f33 cross-section data taken from position number: 1
library title delimited by {}: 
{}
date library was produced: 538976288/538976288/538976288
total number of nuclides in library: 2237
number of light-element nuclides: 910
number of actinide nuclides: 176
number of fission product nuclides: 1151
number of nonzero off-diagonal matrix elements: 54564
=========================================================================================================================
.
.
*************************************************************************************************************************
********************                                                                                 ********************
********************                                                                                 ********************
********************                    Concentration tables                                         ********************
********************                                                                                 ********************
********************                                                                                 ********************
*************************************************************************************************************************
.
.
=========================================================================================================================
=   Nuclide concentrations in grams for case 'decay' (#2/2)                                                             =
-------------------------------------------------------------------------------------------------------------------------
  (relative cutoff; integral of concentrations over time >   1.00E-06 % of integral of all concentrations over time)
.
                   1.506y      2.506y   
  h-3          2.0014E-02  1.8919E-02
  he-4         4.9109E-01  5.1954E-01
  u-234        8.3335E-01  9.8076E-01
  u-235        1.5664E+04  1.5664E+04
  u-236        2.1608E+03  2.1609E+03
  u-237        3.8422E+00  1.5658E-05
  u-238        9.6196E+05  9.6196E+05
  u-239        3.8402E-01  0.0000E+00
  np-237       1.2153E+02  1.2541E+02
  np-238       2.4810E-01  2.9883E-08
  np-239       5.5487E+01  4.3910E-06
  pu-238       1.7986E+01  1.9351E+01
  pu-239       4.1006E+03  4.1563E+03
  pu-240       9.3458E+02  9.3451E+02
  pu-241       5.2683E+02  5.0189E+02
  pu-242       7.2445E+01  7.2449E+01
  am-241       9.4104E+00  3.4322E+01
  am-242m      1.6183E-01  1.6104E-01
  am-242       2.0320E-02  2.0777E-06
  am-243       5.0890E+00  5.1011E+00
  cm-242       1.6169E+00  3.4574E-01
  cm-243       1.5425E-02  1.5062E-02
  cm-244       5.8784E-01  5.6610E-01
  cm-245       1.3475E-02  1.3474E-02
  ge-74        2.0456E-02  2.0456E-02
  as-75        5.3736E-02  5.3744E-02
  ge-76        1.4421E-01  1.4421E-01
  se-77        3.5395E-01  3.5579E-01
  se-78        9.7018E-01  9.7046E-01
  se-79        2.1130E+00  2.1131E+00
  se-80        5.6536E+00  5.6536E+00
  br-81        9.3576E+00  9.3580E+00
  se-82        1.4781E+01  1.4781E+01
  kr-82        1.1037E-01  1.1118E-01
  kr-83        2.1607E+01  2.1618E+01
  kr-84        4.6951E+01  4.6953E+01
  kr-85        1.1851E+01  1.1116E+01
  kr-85m       2.3709E-02  0.0000E+00
  rb-85        4.5415E+01  4.6174E+01
  kr-86        8.6089E+01  8.6089E+01
  sr-86        6.6030E-02  7.2463E-02
  rb-87        1.1341E+02  1.1342E+02
  kr-88        4.0712E-02  0.0000E+00
  sr-88        1.5832E+02  1.5836E+02
  sr-89        2.3572E+01  1.5717E-01
  y-89         1.9041E+02  2.1383E+02
  sr-90        2.5617E+02  2.5007E+02
  y-90         6.6859E-02  6.3434E-02
  zr-90        5.0491E+00  1.1147E+01
  sr-91        2.4539E-01  0.0000E+00
  y-91         3.7505E+01  4.9859E-01
  zr-91        2.3560E+02  2.7286E+02
  sr-92        7.4066E-02  0.0000E+00
  y-92         9.7891E-02  0.0000E+00
  zr-92        2.9214E+02  2.9231E+02
  y-93         3.1619E-01  0.0000E+00
  zr-93        3.1914E+02  3.1946E+02
  zr-94        3.3580E+02  3.3581E+02
  zr-95        5.5019E+01  1.0551E+00
  nb-95        2.9999E+01  1.2854E+00
  nb-95m       3.3542E-02  6.8092E-04
  mo-95        2.8622E+02  3.6897E+02
  zr-96        3.5042E+02  3.5042E+02
  mo-96        5.9247E+00  5.9264E+00
  zr-97        5.9221E-01  0.0000E+00
  nb-97        4.2749E-02  0.0000E+00
  mo-97        3.4296E+02  3.4360E+02
  mo-98        3.4736E+02  3.4736E+02
  mo-99        2.5769E+00  0.0000E+00
  tc-99        3.5298E+02  3.5577E+02
  tc-99m       2.0654E-01  0.0000E+00
  ru-99        1.2450E-02  1.3709E-02
  mo-100       3.9102E+02  3.9102E+02
  ru-100       1.5885E+01  1.5885E+01
  ru-101       3.2933E+02  3.2935E+02
  ru-102       3.0821E+02  3.0822E+02
  ru-103       2.9837E+01  4.7100E-02
  rh-103       2.0428E+02  2.3410E+02
  rh-103m      2.9287E-02  4.6264E-05
  ru-104       1.9516E+02  1.9516E+02
  pd-104       3.8561E+01  3.8562E+01
  ru-105       9.0610E-02  0.0000E+00
  rh-105       6.8042E-01  0.0000E+00
  pd-105       1.3298E+02  1.3375E+02
  ru-106       6.4491E+01  3.2639E+01
  pd-106       4.1701E+01  7.3553E+01
  pd-107       6.3643E+01  6.3648E+01
  pd-108       3.9455E+01  3.9455E+01
  pd-109       6.8346E-02  0.0000E+00
  ag-109       2.3827E+01  2.3895E+01
  pd-110       1.2856E+01  1.2856E+01
  ag-110m      1.0207E-01  3.7037E-02
  cd-110       3.6985E+00  3.7635E+00
  ag-111       1.9159E-01  3.3386E-16
  cd-111       6.3711E+00  6.5631E+00
  cd-112       3.5393E+00  3.5519E+00
  cd-113       8.7845E-02  8.9176E-02
  cd-114       4.7307E+00  4.7307E+00
  in-115       1.1445E+00  1.1713E+00
  sn-115       8.6828E-02  8.7481E-02
  cd-116       1.9634E+00  1.9634E+00
  sn-116       6.5079E-01  6.5086E-01
  sn-117       1.8121E+00  1.8133E+00
  sn-118       1.7131E+00  1.7133E+00
  sn-119       1.6932E+00  1.7122E+00
  sn-119m      3.2734E-02  1.3795E-02
  sn-120       1.7324E+00  1.7324E+00
  sn-121m      1.3536E-01  1.3324E-01
  sb-121       1.7112E+00  1.7190E+00
  sn-122       2.1858E+00  2.1858E+00
  te-122       4.5230E-02  4.5911E-02
  sn-123       9.5516E-02  1.3458E-02
  sb-123       2.1284E+00  2.2106E+00
  sn-124       3.4986E+00  3.4986E+00
  te-124       2.6827E-02  3.6424E-02
  sn-125       5.6715E-02  2.2234E-13
  sb-125       3.8239E+00  3.0188E+00
  te-125       6.6891E-01  1.5315E+00
  te-125m      4.2696E-02  4.1947E-02
  sn-126       7.3688E+00  7.3687E+00
  te-126       1.9874E-01  2.0173E-01
  sb-127       2.1765E-01  0.0000E+00
  te-127       2.0133E-02  1.9022E-04
  te-127m      5.1680E-01  5.4336E-02
  i-127        1.6412E+01  1.7115E+01
  te-128       3.5648E+01  3.5656E+01
  xe-128       3.4816E-01  3.4819E-01
  sb-129       3.1809E-02  0.0000E+00
  te-129m      9.6006E-01  5.1511E-04
  i-129        5.8960E+01  5.9960E+01
  te-130       1.5417E+02  1.5418E+02
  xe-130       9.7701E-01  9.7948E-01
  te-131m      1.7110E-01  0.0000E+00
  i-131        5.2896E+00  1.0956E-13
  xe-131       2.1337E+02  2.1893E+02
  xe-131m      8.8253E-02  1.4117E-10
  te-132       3.0327E+00  0.0000E+00
  i-132        9.2440E-02  0.0000E+00
  xe-132       4.0271E+02  4.0584E+02
  te-133m      2.7318E-02  0.0000E+00
  i-133        1.2058E+00  0.0000E+00
  xe-133       7.3011E+00  9.5562E-21
  xe-133m      9.2648E-02  0.0000E+00
  cs-133       5.1199E+02  5.2062E+02
  te-134       3.7070E-02  0.0000E+00
  i-134        5.7611E-02  0.0000E+00
  xe-134       6.3910E+02  6.3919E+02
  cs-134       2.4801E+01  1.7731E+01
  ba-134       4.4292E+00  1.1501E+01
  i-135        3.6673E-01  0.0000E+00
  xe-135       1.6961E-01  0.0000E+00
  cs-135       1.7216E+02  1.7270E+02
  ba-135       1.0296E-02  1.0357E-02
  xe-136       9.2972E+02  9.2972E+02
  cs-136       2.0816E-01  9.1778E-10
  ba-136       3.9164E+00  4.1245E+00
  cs-137       5.1508E+02  5.0335E+02
  ba-137       9.1322E+00  2.0867E+01
  cs-138       3.1437E-02  0.0000E+00
  ba-138       5.5150E+02  5.5155E+02
  ba-139       7.5088E-02  0.0000E+00
  la-139       5.2232E+02  5.2241E+02
  ba-140       1.6119E+01  3.8463E-08
  la-140       2.1470E+00  5.8296E-09
  ce-140       5.0092E+02  5.1919E+02
  la-141       1.9705E-01  0.0000E+00
  ce-141       3.9031E+01  1.6264E-02
  pr-141       4.5220E+02  4.9143E+02
  la-142       7.4503E-02  0.0000E+00
  ce-142       4.8260E+02  4.8268E+02
  nd-142       3.2890E+00  3.3027E+00
  ce-143       1.6001E+00  0.0000E+00
  pr-143       1.5713E+01  1.3804E-07
  nd-143       4.0728E+02  4.2461E+02
  ce-144       2.3911E+02  9.8321E+01
  nd-144       2.6464E+02  4.0543E+02
  pr-145       1.9853E-01  0.0000E+00
  nd-145       3.1347E+02  3.1367E+02
  nd-146       2.7329E+02  2.7331E+02
  nd-147       5.3765E+00  5.2034E-10
  pm-147       1.2211E+02  9.7933E+01
  sm-147       2.6153E+01  5.5710E+01
  nd-148       1.5539E+02  1.5540E+02
  pm-148       5.2304E-01  1.1321E-05
  pm-148m      8.3044E-01  1.8038E-03
  sm-148       2.8418E+01  2.9770E+01
  pm-149       7.5668E-01  0.0000E+00
  sm-149       1.9123E+00  2.6892E+00
  nd-150       7.0243E+01  7.0243E+01
  sm-150       1.1399E+02  1.1399E+02
  pm-151       1.6037E-01  0.0000E+00
  sm-151       8.3425E+00  8.4388E+00
  eu-151       1.2692E-02  7.7935E-02
  sm-152       5.5454E+01  5.5456E+01
  gd-152       1.1714E-02  1.1858E-02
  sm-153       3.7971E-01  0.0000E+00
  eu-153       3.7669E+01  3.8049E+01
  sm-154       1.2380E+01  1.2380E+01
  eu-154       5.3834E+00  4.9666E+00
  gd-154       2.2030E-01  6.3708E-01
  eu-155       2.6674E+00  2.3057E+00
  gd-155       2.4978E-02  3.8702E-01
  eu-156       1.1000E+00  6.3800E-08
  gd-156       1.4482E+01  1.5588E+01
  gd-157       4.2827E-02  4.9544E-02
  gd-158       4.1817E+00  4.1819E+00
  tb-159       6.3810E-01  6.4032E-01
  gd-160       2.8629E-01  2.8629E-01
  dy-160       1.8579E-02  2.9615E-02
  dy-161       1.0405E-01  1.0809E-01
  dy-162       6.8774E-02  6.8776E-02
  dy-163       3.8459E-02  3.8460E-02
  ho-165       1.0954E-02  1.0961E-02
------------
  totals       1.0000E+06  1.0000E+06
=========================================================================================================================
.
.
*************************************************************************************************************************
********************                                                                                 ********************
********************                                                                                 ********************
********************                    Written F71 File Information                                 ********************
********************                                                                                 ********************
********************                                                                                 ********************
*************************************************************************************************************************
.
.
   pos         time        power         flux      fluence       energy libpos   case   step DCGNAB
   (-)          (s)         (MW)    (n/cm2-s)      (n/cm2)        (MWd)    (-)    (-)    (-)    (-)
     1  4.75200e+07  0.00000e+00  0.00000e+00  1.03712e+22  1.34343e+04      1      2      0 DC----
     2  7.90800e+07  0.00000e+00  0.00000e+00  1.03712e+22  1.34343e+04      1      2      1 DC----
    D - state definition present
    C - concentrations present
    G - gamma emission spectra present
    N - neutron emission spectra present
    A - alpha emission spectra present
    B - beta emission spectra present
.
.
.
=========================================================================================================================
ORIGEN finished successfully.
=========================================================================================================================
    module origen used 0.466043 seconds cpu time for the current pass.

    module origen is finished. completion code    0. total cpu time used 4.66533e-006 seconds.


    SCALE is finished on Wed Feb 13 18:27:54 2019.
-------------------------- Summary --------------------------
arp finished. used 1.94541 seconds.
origen finished. used 0.471826 seconds.
SCALE driver required a maximum of 8.293 MiB of RAM.
------------------------ End Summary ------------------------

w17x17_100d.f33 copied to C:\Users\Teddy\Desktop\scale_test\output\w17x17_100d.f33.
discharge.f71 copied to C:\Users\Teddy\Desktop\scale_test\output\discharge.f71.
