 *******************************************************************************
 *                                                                             *
 *                                 SCALE 6.2.2                                 *
 *                                -------------                                *
 *                                February 2019                                *
 *                                                                             *
 *           SCALE:  A Comprehensive Modeling and Simulation Suite             *
 *                   for Nuclear Safety Analysis and Design                    *
 *                                                                             *
 *                      Reactor and Nuclear Systems Division                   *
 *                        Oak Ridge National Laboratory                        *
 *                                                                             *
 *                           http://scale.ornl.gov                             *
 *                            scalehelp@ornl.gov                               *
 *                                                                             *
 *******************************************************************************
 *******************************************************************************
      
                  Job Information
                  ---------------
      Job started on DESKTOP-J14NAA6 on Wed 13/02/2019 18:28:37
      Working directory: C:\Users\Teddy\AppData\Local\Temp\scale.Teddy.1948
      Input file name  : C:\Users\Teddy\Desktop\scale_test\output\2.800000_24040.404040.inp
      Output file name : C:\Users\Teddy\Desktop\scale_test\output\2.800000_24040.404040.out
      SCALE executable : C:\SCALE-6.2.2/bin/scale
      
 *******************************************************************************


    module arp will be called on Wed Feb 13 18:28:38 2019.
    sequence specification record:=arp
Input Data:

      'library type
      w17x17
      2.800000
      ' num cycles
      1
      ' num days per cycle
      550
      ' cycle average specific power (MW / MTU)
      43.709826
      ' number of interpolated cross section sets generated per cycle
      1
      ' moderator density (g/cc)
      0.723
      ' interpolated output ORIGEN library
      w17x17_100d.f33
end

1






        ************************************************************************************************************************
        ************************************************************************************************************************
        ************************************************************************************************************************
        *****                                                                                                              *****
        *****                                       program verification information                                       *****
        *****                                                                                                              *****
        *****                                   code system:  SCALE    version:  6.2                                       *****
        *****                                                                                                              *****
        ************************************************************************************************************************
        ************************************************************************************************************************
        *****                                                                                                              *****
        *****                                                                                                              *****
        *****              program:  arp.exe                                                                               *****
        *****                                                                                                              *****
        *****        creation date:   unknown                                                                              *****
        *****                                                                                                              *****
        *****              library:  C:\SCALE-6.2.2\bin                                                                    *****
        *****                                                                                                              *****
        *****                                                                                                              *****
        *****            prod code:  arp.exe                                                                               *****
        *****                                                                                                              *****
        *****              version:  6.2.2                                                                                 *****
        *****                                                                                                              *****
        *****              jobname:  Teddy                                                                                 *****
        *****                                                                                                              *****
        *****         machine name:  DESKTOP-J14NAA6                                                                       *****
        *****                                                                                                              *****
        *****    date of execution:  13_feb_2019                                                                           *****
        *****                                                                                                              *****
        *****    time of execution:  18:28:38.47                                                                           *****
        *****                                                                                                              *****
        *****                                                                                                              *****
        ************************************************************************************************************************
        ************************************************************************************************************************
        ************************************************************************************************************************


 'library type
    data library:       w17x17
       directory:       C:/SCALE-6.2.2/data/\arplibs
       definition:      C:/SCALE-6.2.2/data/\arpdata.txt
    u-235 enrichment:                        2.800

 ' num cycles
    number of cycles:                            1

 ' num days per cycle

 ' cycle average specific power (MW / MTU)

 ' number of interpolated cross section sets generated per cycle

 ' moderator density (g/cc)
    water density (g/cm3):                  0.7230
                                         cycle        cumulative      midpoint
   cycle time(d)        power(MW)      burnup(MWd/MTU)burnup(MWd/MTU)burnup(MWd/MTU)nlib
     1    550.000        43.7098        24040.4        24040.4        12020.2             1

 ' interpolated output ORIGEN library
    interpolated library name:                   w17x17_100d.f33
 interpolation type: spline
 Cross section library interpolation completed.
.
.
.
=========================================================================================================================
ARP finished successfully.
=========================================================================================================================
    module arp used 3.30395 seconds cpu time for the current pass.

    module arp is finished. completion code    0. total cpu time used 1.07303e-005 seconds.



    module origen will be called on Wed Feb 13 18:28:41 2019.
    sequence specification record:=origen
Input Data:

      case(irrad) {
          lib{
              file="w17x17_100d.f33" pos=1
          }
          mat {
              units=GRAMS
              iso=[u235=28000.000000 u238=972000.000000]
          }
          time = [ 550 ]
          power = [ 43.709826 ]
      }
      case (decay) {
          time {
              units=YEARS
              start=0
              t=[1]
          }
          save{ file="discharge.f71" steps=[0 LAST]}
      }
end

1






        ************************************************************************************************************************
        ************************************************************************************************************************
        ************************************************************************************************************************
        *****                                                                                                              *****
        *****                                       program verification information                                       *****
        *****                                                                                                              *****
        *****                                   code system:  SCALE    version:  6.2                                       *****
        *****                                                                                                              *****
        ************************************************************************************************************************
        ************************************************************************************************************************
        *****                                                                                                              *****
        *****                                                                                                              *****
        *****              program:  origen.exe                                                                            *****
        *****                                                                                                              *****
        *****        creation date:   unknown                                                                              *****
        *****                                                                                                              *****
        *****              library:  C:\SCALE-6.2.2\bin                                                                    *****
        *****                                                                                                              *****
        *****                                                                                                              *****
        *****            prod code:  origen.exe                                                                            *****
        *****                                                                                                              *****
        *****              version:  6.2.2                                                                                 *****
        *****                                                                                                              *****
        *****              jobname:  Teddy                                                                                 *****
        *****                                                                                                              *****
        *****         machine name:  DESKTOP-J14NAA6                                                                       *****
        *****                                                                                                              *****
        *****    date of execution:  13_feb_2019                                                                           *****
        *****                                                                                                              *****
        *****    time of execution:  18:28:41.78                                                                           *****
        *****                                                                                                              *****
        *****                                                                                                              *****
        ************************************************************************************************************************
        ************************************************************************************************************************
        ************************************************************************************************************************

*************************************************************************************************************************
********************                                                                                 ********************
********************                                                                                 ********************
********************                    USER INPUT SUMMARY                                           ********************
********************                                                                                 ********************
********************                                                                                 ********************
*************************************************************************************************************************
.
.
=========================================================================================================================
=   Case "irrad" (#1/2)                                                                                                 =
-------------------------------------------------------------------------------------------------------------------------
###   Library settings                                                                                                ###
.
                                Library file name:     C:/Users/Teddy/AppData/Local/Temp/scale.Teddy.1948/w17x17_100d.f33
                             Library set position:              1
                 Fission product reaction removal:             no
-------------------------------------------------------------------------------------------------------------------------
###   Global settings                                                                                                 ###
.
                                           Solver:              MATREX
                                             Mode:        forward
                             Fixed fission energy:             no
-------------------------------------------------------------------------------------------------------------------------
###   Concentrations output options                                                                                   ###
.
                            High-precision output:             no
                                  Relative cutoff:            yes
                         Step for applying cutoff:       integral
.
                      light els.   actinides  fis.prods.       total
                       nuc    el   nuc    el   nuc    el   nuc    el             cutoff
gram-atoms                                                                    1.000E-06
grams                                                      **                 1.000E-06
curies                                                                        1.000E-06
watts                                                                         1.000E-06
gamma watts                                                                   1.000E-06
m3 air                                                                        1.000E-06
m3 water                                                                      1.000E-06
grams ppm                                                                     1.000E-06
atoms ppm                                                                     1.000E-06
atoms/barn-cm                                                                 1.000E-06
becquerels                                                                    1.000E-06
-------------------------------------------------------------------------------------------------------------------------
###   Additional output options                                                                                       ###
.
                                      Print k-inf:             no
           Nuclides for absorption fraction print:           none
                              Print fission rates:             no
            Step for sorting absorption fractions:              1
=========================================================================================================================
=   Case "decay" (#2/2)                                                                                                 =
-------------------------------------------------------------------------------------------------------------------------
###   Library settings                                                                                                ###
.
                                Library file name:     C:/Users/Teddy/AppData/Local/Temp/scale.Teddy.1948/w17x17_100d.f33
                             Library set position:              1
                 Fission product reaction removal:             no
-------------------------------------------------------------------------------------------------------------------------
###   Global settings                                                                                                 ###
.
                                           Solver:              MATREX
                                             Mode:        forward
                             Fixed fission energy:             no
-------------------------------------------------------------------------------------------------------------------------
###   Concentrations output options                                                                                   ###
.
                            High-precision output:             no
                                  Relative cutoff:            yes
                         Step for applying cutoff:       integral
.
                      light els.   actinides  fis.prods.       total
                       nuc    el   nuc    el   nuc    el   nuc    el             cutoff
gram-atoms                                                                    1.000E-06
grams                                                      **                 1.000E-06
curies                                                                        1.000E-06
watts                                                                         1.000E-06
gamma watts                                                                   1.000E-06
m3 air                                                                        1.000E-06
m3 water                                                                      1.000E-06
grams ppm                                                                     1.000E-06
atoms ppm                                                                     1.000E-06
atoms/barn-cm                                                                 1.000E-06
becquerels                                                                    1.000E-06
-------------------------------------------------------------------------------------------------------------------------
###   Additional output options                                                                                       ###
.
                                      Print k-inf:             no
           Nuclides for absorption fraction print:           none
                              Print fission rates:             no
            Step for sorting absorption fractions:              1
=========================================================================================================================
###   Blending information                                                                                            ###
.
  --- no blending requested in this job ---
=========================================================================================================================
.
.
=========================================================================================================================
=   History overview for case 'irrad' (#1/2)                                                                            =
-------------------------------------------------------------------------------------------------------------------------
   step          t0          t1          dt           t        flux     fluence       power      energy
    (-)         (d)         (d)         (s)         (s)   (n/cm2-s)     (n/cm2)        (MW)       (MWd)
      1      0.0000    550.0000  4.7520E+07  4.7520E+07  4.1780E+14  1.9854E+22  4.3710E+01  2.4040E+04
          
              step - step index within this case
                t0 - time at beginning-of-step in input units
                t1 - time at end-of-step in input units
                dt - length of step in seconds
                 t - end-of-step cumulative time in seconds
              flux - flux in neutrons/cm^2-sec (CALCULATED)
           fluence - cumulative end-of-step fluence in neutrons/cm^2 (CALCULATED)
             power - power in mega-watts (INPUT)     
            energy - cumulative end-of-step energy released in mega-watt-days (INPUT)     
=========================================================================================================================
.
.
.
.
.
*************************************************************************************************************************
********************                                                                                 ********************
********************                                                                                 ********************
********************                    Library information                                          ********************
********************                                                                                 ********************
********************                                                                                 ********************
*************************************************************************************************************************
.
.
=========================================================================================================================
=   Library summary for case 'irrad' (#1/2)                                                                             =
-------------------------------------------------------------------------------------------------------------------------
filename: C:/Users/Teddy/AppData/Local/Temp/scale.Teddy.1948/w17x17_100d.f33 cross-section data taken from position number: 1
library title delimited by {}: 
{}
date library was produced: 538976288/538976288/538976288
total number of nuclides in library: 2237
number of light-element nuclides: 910
number of actinide nuclides: 176
number of fission product nuclides: 1151
number of nonzero off-diagonal matrix elements: 54564
=========================================================================================================================
.
.
*************************************************************************************************************************
********************                                                                                 ********************
********************                                                                                 ********************
********************                    Concentration tables                                         ********************
********************                                                                                 ********************
********************                                                                                 ********************
*************************************************************************************************************************
.
.
=========================================================================================================================
=   Nuclide concentrations in grams for case 'irrad' (#1/2)                                                             =
-------------------------------------------------------------------------------------------------------------------------
  (relative cutoff; integral of concentrations over time >   1.00E-06 % of integral of all concentrations over time)
.
                   0.000d    550.000d   
  h-3          0.0000E+00  3.7769E-02
  he-4         0.0000E+00  9.3764E-01
  u-234        0.0000E+00  1.3286E+00
  u-235        2.8000E+04  9.5315E+03
  u-236        0.0000E+00  3.1292E+03
  u-237        0.0000E+00  9.3550E+00
  u-238        9.7200E+05  9.5288E+05
  u-239        0.0000E+00  7.2683E-01
  np-237       0.0000E+00  2.7108E+02
  np-238       0.0000E+00  1.0288E+00
  np-239       0.0000E+00  1.0491E+02
  pu-238       0.0000E+00  7.2607E+01
  pu-239       0.0000E+00  4.9333E+03
  pu-240       0.0000E+00  1.6747E+03
  pu-241       0.0000E+00  1.2068E+03
  pu-242       0.0000E+00  3.3621E+02
  pu-243       0.0000E+00  1.1156E-01
  am-241       0.0000E+00  1.9919E+01
  am-242m      0.0000E+00  3.4028E-01
  am-242       0.0000E+00  7.8026E-02
  am-243       0.0000E+00  4.5582E+01
  cm-242       0.0000E+00  6.9991E+00
  cm-243       0.0000E+00  1.2496E-01
  cm-244       0.0000E+00  1.0749E+01
  cm-245       0.0000E+00  4.2990E-01
  cm-246       0.0000E+00  3.0514E-02
  ge-74        0.0000E+00  3.8837E-02
  as-75        0.0000E+00  9.5910E-02
  ge-76        0.0000E+00  2.5194E-01
  se-77        0.0000E+00  6.0241E-01
  se-78        0.0000E+00  1.7082E+00
  se-79        0.0000E+00  3.6769E+00
  se-80        0.0000E+00  9.6302E+00
  br-81        0.0000E+00  1.6076E+01
  se-82        0.0000E+00  2.5253E+01
  kr-82        0.0000E+00  3.5451E-01
  kr-83        0.0000E+00  3.3125E+01
  kr-84        0.0000E+00  8.1318E+01
  kr-85        0.0000E+00  1.9540E+01
  kr-85m       0.0000E+00  3.4221E-02
  rb-85        0.0000E+00  7.4655E+01
  kr-86        0.0000E+00  1.4101E+02
  rb-86        0.0000E+00  2.0088E-02
  sr-86        0.0000E+00  2.1441E-01
  rb-87        0.0000E+00  1.8553E+02
  kr-88        0.0000E+00  5.7329E-02
  sr-88        0.0000E+00  2.5805E+02
  sr-89        0.0000E+00  3.3202E+01
  y-89         0.0000E+00  3.1753E+02
  sr-90        0.0000E+00  4.1633E+02
  y-90         0.0000E+00  1.1143E-01
  zr-90        0.0000E+00  8.7941E+00
  sr-91        0.0000E+00  3.5480E-01
  y-91         0.0000E+00  5.6193E+01
  zr-91        0.0000E+00  3.9314E+02
  sr-92        0.0000E+00  1.0975E-01
  y-92         0.0000E+00  1.4504E-01
  zr-92        0.0000E+00  4.8728E+02
  y-93         0.0000E+00  4.8223E-01
  zr-93        0.0000E+00  5.3853E+02
  zr-94        0.0000E+00  5.7481E+02
  zr-95        0.0000E+00  8.9304E+01
  nb-95        0.0000E+00  4.8620E+01
  nb-95m       0.0000E+00  5.4461E-02
  mo-95        0.0000E+00  4.9022E+02
  zr-96        0.0000E+00  6.0894E+02
  mo-96        0.0000E+00  1.9504E+01
  zr-97        0.0000E+00  9.7418E-01
  nb-97        0.0000E+00  7.0408E-02
  mo-97        0.0000E+00  6.0392E+02
  mo-98        0.0000E+00  6.2167E+02
  mo-99        0.0000E+00  4.3581E+00
  tc-99        0.0000E+00  6.1088E+02
  tc-99m       0.0000E+00  3.4986E-01
  ru-99        0.0000E+00  2.1888E-02
  mo-100       0.0000E+00  7.0414E+02
  ru-100       0.0000E+00  5.2552E+01
  ru-101       0.0000E+00  5.9158E+02
  ru-102       0.0000E+00  5.8696E+02
  ru-103       0.0000E+00  5.7591E+01
  rh-103       0.0000E+00  3.6260E+02
  rh-103m      0.0000E+00  5.6541E-02
  ru-104       0.0000E+00  4.0823E+02
  pd-104       0.0000E+00  1.3159E+02
  ru-105       0.0000E+00  1.9618E-01
  rh-105       0.0000E+00  1.4049E+00
  pd-105       0.0000E+00  2.7821E+02
  ru-106       0.0000E+00  1.5393E+02
  pd-106       0.0000E+00  1.1709E+02
  pd-107       0.0000E+00  1.5823E+02
  pd-108       0.0000E+00  1.0270E+02
  pd-109       0.0000E+00  1.8212E-01
  ag-109       0.0000E+00  5.7885E+01
  pd-110       0.0000E+00  3.3622E+01
  ag-110m      0.0000E+00  4.1464E-01
  cd-110       0.0000E+00  1.7444E+01
  ag-111       0.0000E+00  4.8056E-01
  cd-111       0.0000E+00  1.6307E+01
  pd-112       0.0000E+00  2.5446E-02
  cd-112       0.0000E+00  8.5810E+00
  cd-113       0.0000E+00  1.0918E-01
  cd-114       0.0000E+00  1.0545E+01
  cd-115       0.0000E+00  2.4296E-02
  cd-115m      0.0000E+00  2.9631E-02
  in-115       0.0000E+00  1.7001E+00
  sn-115       0.0000E+00  1.7537E-01
  cd-116       0.0000E+00  4.0340E+00
  sn-116       0.0000E+00  2.0140E+00
  sn-117       0.0000E+00  3.6798E+00
  sn-118       0.0000E+00  3.4321E+00
  sn-119       0.0000E+00  3.3438E+00
  sn-119m      0.0000E+00  6.4315E-02
  sn-120       0.0000E+00  3.4301E+00
  sn-121m      0.0000E+00  2.7331E-01
  sb-121       0.0000E+00  3.3394E+00
  sn-122       0.0000E+00  4.3699E+00
  te-122       0.0000E+00  1.6870E-01
  sn-123       0.0000E+00  2.0969E-01
  sb-123       0.0000E+00  4.1629E+00
  sn-124       0.0000E+00  6.9646E+00
  sb-124       0.0000E+00  3.5700E-02
  te-124       0.0000E+00  9.8446E-02
  sn-125       0.0000E+00  1.1324E-01
  sb-125       0.0000E+00  7.7349E+00
  te-125       0.0000E+00  1.3653E+00
  te-125m      0.0000E+00  8.6838E-02
  sn-126       0.0000E+00  1.5054E+01
  te-126       0.0000E+00  3.7798E-01
  sb-127       0.0000E+00  4.1956E-01
  te-127       0.0000E+00  3.7790E-02
  te-127m      0.0000E+00  7.3225E-01
  i-127        0.0000E+00  3.2119E+01
  te-128       0.0000E+00  7.0297E+01
  xe-128       0.0000E+00  1.3398E+00
  sb-129       0.0000E+00  6.0242E-02
  te-129m      0.0000E+00  1.8086E+00
  i-129        0.0000E+00  1.1551E+02
  te-130       0.0000E+00  2.8275E+02
  xe-130       0.0000E+00  3.4822E+00
  te-131m      0.0000E+00  3.1472E-01
  i-131        0.0000E+00  9.2437E+00
  xe-131       0.0000E+00  3.4929E+02
  xe-131m      0.0000E+00  1.5902E-01
  te-132       0.0000E+00  5.2336E+00
  i-132        0.0000E+00  1.6031E-01
  xe-132       0.0000E+00  7.8508E+02
  te-133m      0.0000E+00  4.4798E-02
  i-133        0.0000E+00  2.0430E+00
  xe-133       0.0000E+00  1.2365E+01
  xe-133m      0.0000E+00  1.5967E-01
  cs-133       0.0000E+00  8.7613E+02
  te-134       0.0000E+00  5.9977E-02
  i-134        0.0000E+00  9.6627E-02
  xe-134       0.0000E+00  1.1436E+03
  cs-134       0.0000E+00  7.9681E+01
  ba-134       0.0000E+00  1.4598E+01
  i-135        0.0000E+00  6.2583E-01
  xe-135       0.0000E+00  1.8452E-01
  cs-135       0.0000E+00  2.0212E+02
  ba-135       0.0000E+00  6.4388E-02
  xe-136       0.0000E+00  1.8058E+03
  cs-136       0.0000E+00  4.5563E-01
  ba-136       0.0000E+00  9.0360E+00
  cs-137       0.0000E+00  9.2893E+02
  ba-137       0.0000E+00  1.6813E+01
  xe-138       0.0000E+00  2.0086E-02
  cs-138       0.0000E+00  5.2237E-02
  ba-138       0.0000E+00  9.7797E+02
  ba-139       0.0000E+00  1.2465E-01
  la-139       0.0000E+00  9.1994E+02
  ba-140       0.0000E+00  2.6627E+01
  la-140       0.0000E+00  3.5848E+00
  ce-140       0.0000E+00  8.9531E+02
  ba-141       0.0000E+00  2.5035E-02
  la-141       0.0000E+00  3.2468E-01
  ce-141       0.0000E+00  6.4041E+01
  pr-141       0.0000E+00  8.0528E+02
  la-142       0.0000E+00  1.2147E-01
  ce-142       0.0000E+00  8.5024E+02
  pr-142       0.0000E+00  4.5346E-02
  nd-142       0.0000E+00  1.1150E+01
  ce-143       0.0000E+00  2.5674E+00
  pr-143       0.0000E+00  2.5131E+01
  nd-143       0.0000E+00  6.3146E+02
  ce-144       0.0000E+00  4.0443E+02
  nd-144       0.0000E+00  5.4618E+02
  pr-145       0.0000E+00  3.2188E-01
  nd-145       0.0000E+00  5.2473E+02
  nd-146       0.0000E+00  5.0346E+02
  nd-147       0.0000E+00  8.9212E+00
  pm-147       0.0000E+00  1.7492E+02
  sm-147       0.0000E+00  3.7663E+01
  nd-148       0.0000E+00  2.8223E+02
  pm-148       0.0000E+00  1.3398E+00
  pm-148m      0.0000E+00  1.3340E+00
  sm-148       0.0000E+00  7.5741E+01
  nd-149       0.0000E+00  3.4995E-02
  pm-149       0.0000E+00  1.5221E+00
  sm-149       0.0000E+00  2.0945E+00
  nd-150       0.0000E+00  1.3265E+02
  sm-150       0.0000E+00  2.2362E+02
  pm-151       0.0000E+00  3.0526E-01
  sm-151       0.0000E+00  1.0174E+01
  sm-152       0.0000E+00  9.0168E+01
  sm-153       0.0000E+00  1.0256E+00
  eu-153       0.0000E+00  8.4747E+01
  sm-154       0.0000E+00  2.7410E+01
  eu-154       0.0000E+00  1.6357E+01
  gd-154       0.0000E+00  6.9594E-01
  eu-155       0.0000E+00  6.2010E+00
  gd-155       0.0000E+00  3.3486E-02
  eu-156       0.0000E+00  4.2093E+00
  gd-156       0.0000E+00  5.0350E+01
  gd-157       0.0000E+00  7.7854E-02
  gd-158       0.0000E+00  1.2011E+01
  tb-159       0.0000E+00  1.6715E+00
  gd-160       0.0000E+00  7.4944E-01
  tb-160       0.0000E+00  6.4973E-02
  dy-160       0.0000E+00  9.1969E-02
  dy-161       0.0000E+00  2.5210E-01
  dy-162       0.0000E+00  1.8641E-01
  dy-163       0.0000E+00  1.2737E-01
  dy-164       0.0000E+00  2.7274E-02
  ho-165       0.0000E+00  4.2786E-02
------------
  totals       1.0000E+06  1.0001E+06
=========================================================================================================================
.
.
=========================================================================================================================
=   History overview for case 'decay' (#2/2)                                                                            =
-------------------------------------------------------------------------------------------------------------------------
   step          t0          t1          dt           t        flux     fluence       power      energy
    (-)         (y)         (y)         (s)         (s)   (n/cm2-s)     (n/cm2)        (MW)       (MWd)
      1      1.5057      2.5057  3.1560E+07  7.9080E+07  0.0000E+00  1.9854E+22  0.0000E+00  2.4040E+04
          
              step - step index within this case
                t0 - time at beginning-of-step in input units
                t1 - time at end-of-step in input units
                dt - length of step in seconds
                 t - end-of-step cumulative time in seconds
              flux - flux in neutrons/cm^2-sec (CALCULATED)
           fluence - cumulative end-of-step fluence in neutrons/cm^2 (CALCULATED)
             power - power in mega-watts (INPUT)     
            energy - cumulative end-of-step energy released in mega-watt-days (INPUT)     
=========================================================================================================================
.
.
.
.
.
*************************************************************************************************************************
********************                                                                                 ********************
********************                                                                                 ********************
********************                    Library information                                          ********************
********************                                                                                 ********************
********************                                                                                 ********************
*************************************************************************************************************************
.
.
=========================================================================================================================
=   Library summary for case 'decay' (#2/2)                                                                             =
-------------------------------------------------------------------------------------------------------------------------
filename: C:/Users/Teddy/AppData/Local/Temp/scale.Teddy.1948/w17x17_100d.f33 cross-section data taken from position number: 1
library title delimited by {}: 
{}
date library was produced: 538976288/538976288/538976288
total number of nuclides in library: 2237
number of light-element nuclides: 910
number of actinide nuclides: 176
number of fission product nuclides: 1151
number of nonzero off-diagonal matrix elements: 54564
=========================================================================================================================
.
.
*************************************************************************************************************************
********************                                                                                 ********************
********************                                                                                 ********************
********************                    Concentration tables                                         ********************
********************                                                                                 ********************
********************                                                                                 ********************
*************************************************************************************************************************
.
.
=========================================================================================================================
=   Nuclide concentrations in grams for case 'decay' (#2/2)                                                             =
-------------------------------------------------------------------------------------------------------------------------
  (relative cutoff; integral of concentrations over time >   1.00E-06 % of integral of all concentrations over time)
.
                   1.506y      2.506y   
  h-3          3.7769E-02  3.5702E-02
  he-4         9.3764E-01  1.0534E+00
  u-234        1.3286E+00  1.9252E+00
  u-235        9.5315E+03  9.5317E+03
  u-236        3.1292E+03  3.1293E+03
  u-237        9.3550E+00  3.5868E-05
  u-238        9.5288E+05  9.5288E+05
  u-239        7.2683E-01  0.0000E+00
  np-237       2.7108E+02  2.8051E+02
  np-238       1.0288E+00  6.2834E-08
  np-239       1.0491E+02  3.9329E-05
  pu-238       7.2607E+01  7.8508E+01
  pu-239       4.9333E+03  5.0388E+03
  pu-240       1.6747E+03  1.6749E+03
  pu-241       1.2068E+03  1.1497E+03
  pu-242       3.3621E+02  3.3623E+02
  pu-243       1.1156E-01  7.5837E-15
  pu-244       1.0265E-02  1.0266E-02
  am-241       1.9919E+01  7.6985E+01
  am-242m      3.4028E-01  3.3861E-01
  am-242       7.8026E-02  4.3688E-06
  am-243       4.5582E+01  4.5689E+01
  cm-242       6.9991E+00  1.4941E+00
  cm-243       1.2496E-01  1.2202E-01
  cm-244       1.0749E+01  1.0351E+01
  cm-245       4.2990E-01  4.2986E-01
  cm-246       3.0514E-02  3.0509E-02
  ge-73        1.5185E-02  1.5193E-02
  ge-74        3.8837E-02  3.8838E-02
  as-75        9.5910E-02  9.5924E-02
  ge-76        2.5194E-01  2.5194E-01
  se-77        6.0241E-01  6.0529E-01
  se-78        1.7082E+00  1.7086E+00
  se-79        3.6769E+00  3.6770E+00
  se-80        9.6302E+00  9.6302E+00
  br-81        1.6076E+01  1.6076E+01
  se-82        2.5253E+01  2.5253E+01
  kr-82        3.5451E-01  3.5707E-01
  kr-83        3.3125E+01  3.3141E+01
  kr-84        8.1318E+01  8.1321E+01
  kr-85        1.9540E+01  1.8328E+01
  kr-85m       3.4221E-02  0.0000E+00
  rb-85        7.4655E+01  7.5902E+01
  kr-86        1.4101E+02  1.4101E+02
  rb-86        2.0088E-02  2.5172E-08
  sr-86        2.1441E-01  2.3450E-01
  rb-87        1.8553E+02  1.8555E+02
  kr-88        5.7329E-02  0.0000E+00
  sr-88        2.5805E+02  2.5811E+02
  sr-89        3.3202E+01  2.2138E-01
  y-89         3.1753E+02  3.5052E+02
  sr-90        4.1633E+02  4.0643E+02
  y-90         1.1143E-01  1.0310E-01
  zr-90        8.7941E+00  1.8707E+01
  sr-91        3.5480E-01  0.0000E+00
  y-91         5.6193E+01  7.4685E-01
  zr-91        3.9314E+02  4.4895E+02
  sr-92        1.0975E-01  0.0000E+00
  y-92         1.4504E-01  0.0000E+00
  zr-92        4.8728E+02  4.8753E+02
  y-93         4.8223E-01  0.0000E+00
  zr-93        5.3853E+02  5.3902E+02
  zr-94        5.7481E+02  5.7483E+02
  zr-95        8.9304E+01  1.7125E+00
  nb-95        4.8620E+01  2.0863E+00
  nb-95m       5.4461E-02  1.1052E-03
  mo-95        4.9022E+02  6.2447E+02
  zr-96        6.0894E+02  6.0894E+02
  mo-96        1.9504E+01  1.9509E+01
  zr-97        9.7418E-01  0.0000E+00
  nb-97        7.0408E-02  0.0000E+00
  mo-97        6.0392E+02  6.0496E+02
  mo-98        6.2167E+02  6.2167E+02
  mo-99        4.3581E+00  0.0000E+00
  tc-99        6.1088E+02  6.1559E+02
  tc-99m       3.4986E-01  0.0000E+00
  ru-99        2.1888E-02  2.4064E-02
  mo-100       7.0414E+02  7.0414E+02
  ru-100       5.2552E+01  5.2552E+01
  ru-101       5.9158E+02  5.9161E+02
  ru-102       5.8696E+02  5.8697E+02
  ru-103       5.7591E+01  9.0911E-02
  rh-103       3.6260E+02  4.2016E+02
  rh-103m      5.6541E-02  8.9297E-05
  ru-104       4.0823E+02  4.0825E+02
  pd-104       1.3159E+02  1.3159E+02
  ru-105       1.9618E-01  0.0000E+00
  rh-105       1.4049E+00  0.0000E+00
  pd-105       2.7821E+02  2.7982E+02
  ru-106       1.5393E+02  7.7905E+01
  pd-106       1.1709E+02  1.9312E+02
  pd-107       1.5823E+02  1.5824E+02
  pd-108       1.0270E+02  1.0270E+02
  pd-109       1.8212E-01  0.0000E+00
  ag-109       5.7885E+01  5.8068E+01
  pd-110       3.3622E+01  3.3623E+01
  ag-110m      4.1464E-01  1.5046E-01
  cd-110       1.7444E+01  1.7708E+01
  ag-111       4.8056E-01  8.3742E-16
  cd-111       1.6307E+01  1.6789E+01
  pd-112       2.5446E-02  0.0000E+00
  cd-112       8.5810E+00  8.6102E+00
  cd-113       1.0918E-01  1.1218E-01
  cd-114       1.0545E+01  1.0545E+01
  cd-115       2.4296E-02  0.0000E+00
  cd-115m      2.9631E-02  1.0097E-04
  in-115       1.7001E+00  1.7548E+00
  sn-115       1.7537E-01  1.7669E-01
  cd-116       4.0340E+00  4.0340E+00
  sn-116       2.0140E+00  2.0142E+00
  sn-117       3.6798E+00  3.6822E+00
  sn-118       3.4321E+00  3.4324E+00
  sn-119       3.3438E+00  3.3811E+00
  sn-119m      6.4315E-02  2.7104E-02
  sn-120       3.4301E+00  3.4301E+00
  sn-121m      2.7331E-01  2.6903E-01
  sb-121       3.3394E+00  3.3548E+00
  sn-122       4.3699E+00  4.3700E+00
  te-122       1.6870E-01  1.7123E-01
  sn-123       2.0969E-01  2.9545E-02
  sb-123       4.1629E+00  4.3433E+00
  sn-124       6.9646E+00  6.9646E+00
  sb-124       3.5700E-02  5.3221E-04
  te-124       9.8446E-02  1.3361E-01
  sn-125       1.1324E-01  4.4392E-13
  sb-125       7.7349E+00  6.1051E+00
  te-125       1.3653E+00  3.1103E+00
  te-125m      8.6838E-02  8.4839E-02
  sn-126       1.5054E+01  1.5054E+01
  te-126       3.7798E-01  3.8375E-01
  sb-127       4.1956E-01  0.0000E+00
  te-127       3.7790E-02  2.7613E-04
  te-127m      7.3225E-01  7.8874E-02
  i-127        3.2119E+01  3.3235E+01
  te-128       7.0297E+01  7.0311E+01
  xe-128       1.3398E+00  1.3400E+00
  sb-129       6.0242E-02  0.0000E+00
  te-129m      1.8086E+00  9.7041E-04
  i-129        1.1551E+02  1.1740E+02
  te-130       2.8275E+02  2.8276E+02
  xe-130       3.4822E+00  3.4909E+00
  te-131m      3.1472E-01  0.0000E+00
  i-131        9.2437E+00  1.9183E-13
  xe-131       3.4929E+02  3.5904E+02
  xe-131m      1.5902E-01  2.4947E-10
  te-132       5.2336E+00  0.0000E+00
  i-132        1.6031E-01  0.0000E+00
  xe-132       7.8508E+02  7.9048E+02
  te-133m      4.4798E-02  0.0000E+00
  i-133        2.0430E+00  0.0000E+00
  xe-133       1.2365E+01  1.6189E-20
  xe-133m      1.5967E-01  0.0000E+00
  cs-133       8.7613E+02  8.9076E+02
  te-134       5.9977E-02  0.0000E+00
  i-134        9.6627E-02  0.0000E+00
  xe-134       1.1436E+03  1.1437E+03
  cs-134       7.9681E+01  5.6965E+01
  ba-134       1.4598E+01  3.7319E+01
  i-135        6.2583E-01  0.0000E+00
  xe-135       1.8452E-01  0.0000E+00
  cs-135       2.0212E+02  2.0294E+02
  ba-135       6.4388E-02  6.4506E-02
  xe-136       1.8058E+03  1.8058E+03
  cs-136       4.5563E-01  2.0089E-09
  ba-136       9.0360E+00  9.4916E+00
  cs-137       9.2893E+02  9.0777E+02
  ba-137       1.6813E+01  3.7976E+01
  xe-138       2.0086E-02  0.0000E+00
  cs-138       5.2237E-02  0.0000E+00
  ba-138       9.7797E+02  9.7804E+02
  ba-139       1.2465E-01  0.0000E+00
  la-139       9.1994E+02  9.2008E+02
  ba-140       2.6627E+01  6.3536E-08
  la-140       3.5848E+00  9.6298E-09
  ce-140       8.9531E+02  9.2552E+02
  ba-141       2.5035E-02  0.0000E+00
  la-141       3.2468E-01  0.0000E+00
  ce-141       6.4041E+01  2.6685E-02
  pr-141       8.0528E+02  8.6964E+02
  la-142       1.2147E-01  0.0000E+00
  ce-142       8.5024E+02  8.5038E+02
  pr-142       4.5346E-02  0.0000E+00
  nd-142       1.1150E+01  1.1196E+01
  ce-143       2.5674E+00  0.0000E+00
  pr-143       2.5131E+01  2.2085E-07
  nd-143       6.3146E+02  6.5917E+02
  ce-144       4.0443E+02  1.6630E+02
  pr-144       1.7193E-02  7.0049E-03
  nd-144       5.4618E+02  7.8431E+02
  pr-145       3.2188E-01  0.0000E+00
  nd-145       5.2473E+02  5.2505E+02
  nd-146       5.0346E+02  5.0349E+02
  nd-147       8.9212E+00  8.6340E-10
  pm-147       1.7492E+02  1.4124E+02
  sm-147       3.7663E+01  8.0277E+01
  nd-148       2.8223E+02  2.8223E+02
  pm-148       1.3398E+00  1.8186E-05
  pm-148m      1.3340E+00  2.8977E-03
  sm-148       7.5741E+01  7.8412E+01
  nd-149       3.4995E-02  0.0000E+00
  pm-149       1.5221E+00  0.0000E+00
  sm-149       2.0945E+00  3.6523E+00
  nd-150       1.3265E+02  1.3265E+02
  sm-150       2.2362E+02  2.2362E+02
  pm-151       3.0526E-01  0.0000E+00
  sm-151       1.0174E+01  1.0401E+01
  eu-151       8.3994E-03  8.8811E-02
  sm-152       9.0168E+01  9.0170E+01
  gd-152       1.2110E-02  1.2217E-02
  sm-153       1.0256E+00  0.0000E+00
  eu-153       8.4747E+01  8.5774E+01
  sm-154       2.7410E+01  2.7411E+01
  eu-154       1.6357E+01  1.5091E+01
  gd-154       6.9594E-01  1.9623E+00
  eu-155       6.2010E+00  5.3602E+00
  gd-155       3.3486E-02  8.7514E-01
  eu-156       4.2093E+00  2.4359E-07
  gd-156       5.0350E+01  5.4573E+01
  gd-157       7.7854E-02  9.7806E-02
  gd-158       1.2011E+01  1.2012E+01
  tb-159       1.6715E+00  1.6777E+00
  gd-160       7.4944E-01  7.4944E-01
  tb-160       6.4973E-02  1.9581E-03
  dy-160       9.1969E-02  1.5498E-01
  dy-161       2.5210E-01  2.6379E-01
  dy-162       1.8641E-01  1.8641E-01
  dy-163       1.2737E-01  1.2737E-01
  dy-164       2.7274E-02  2.7274E-02
  ho-165       4.2786E-02  4.2817E-02
  er-166       1.1724E-02  1.1872E-02
------------
  totals       1.0001E+06  1.0001E+06
=========================================================================================================================
.
.
*************************************************************************************************************************
********************                                                                                 ********************
********************                                                                                 ********************
********************                    Written F71 File Information                                 ********************
********************                                                                                 ********************
********************                                                                                 ********************
*************************************************************************************************************************
.
.
   pos         time        power         flux      fluence       energy libpos   case   step DCGNAB
   (-)          (s)         (MW)    (n/cm2-s)      (n/cm2)        (MWd)    (-)    (-)    (-)    (-)
     1  4.75200e+07  0.00000e+00  0.00000e+00  1.98539e+22  2.40404e+04      1      2      0 DC----
     2  7.90800e+07  0.00000e+00  0.00000e+00  1.98539e+22  2.40404e+04      1      2      1 DC----
    D - state definition present
    C - concentrations present
    G - gamma emission spectra present
    N - neutron emission spectra present
    A - alpha emission spectra present
    B - beta emission spectra present
.
.
.
=========================================================================================================================
ORIGEN finished successfully.
=========================================================================================================================
    module origen used 0.441835 seconds cpu time for the current pass.

    module origen is finished. completion code    0. total cpu time used 2.7992e-006 seconds.


    SCALE is finished on Wed Feb 13 18:28:42 2019.
-------------------------- Summary --------------------------
arp finished. used 3.31012 seconds.
origen finished. used 0.447159 seconds.
SCALE driver required a maximum of 8.305 MiB of RAM.
------------------------ End Summary ------------------------

w17x17_100d.f33 copied to C:\Users\Teddy\Desktop\scale_test\output\w17x17_100d.f33.
discharge.f71 copied to C:\Users\Teddy\Desktop\scale_test\output\discharge.f71.
