 *******************************************************************************
 *                                                                             *
 *                                 SCALE 6.2.2                                 *
 *                                -------------                                *
 *                                February 2019                                *
 *                                                                             *
 *           SCALE:  A Comprehensive Modeling and Simulation Suite             *
 *                   for Nuclear Safety Analysis and Design                    *
 *                                                                             *
 *                      Reactor and Nuclear Systems Division                   *
 *                        Oak Ridge National Laboratory                        *
 *                                                                             *
 *                           http://scale.ornl.gov                             *
 *                            scalehelp@ornl.gov                               *
 *                                                                             *
 *******************************************************************************
 *******************************************************************************
      
                  Job Information
                  ---------------
      Job started on DESKTOP-J14NAA6 on Wed 13/02/2019 18:29:32
      Working directory: C:\Users\Teddy\AppData\Local\Temp\scale.Teddy.8972
      Input file name  : C:\Users\Teddy\Desktop\scale_test\output\2.800000_33232.323232.inp
      Output file name : C:\Users\Teddy\Desktop\scale_test\output\2.800000_33232.323232.out
      SCALE executable : C:\SCALE-6.2.2/bin/scale
      
 *******************************************************************************


    module arp will be called on Wed Feb 13 18:29:33 2019.
    sequence specification record:=arp
Input Data:

      'library type
      w17x17
      2.800000
      ' num cycles
      1
      ' num days per cycle
      550
      ' cycle average specific power (MW / MTU)
      60.422406
      ' number of interpolated cross section sets generated per cycle
      1
      ' moderator density (g/cc)
      0.723
      ' interpolated output ORIGEN library
      w17x17_100d.f33
end

1






        ************************************************************************************************************************
        ************************************************************************************************************************
        ************************************************************************************************************************
        *****                                                                                                              *****
        *****                                       program verification information                                       *****
        *****                                                                                                              *****
        *****                                   code system:  SCALE    version:  6.2                                       *****
        *****                                                                                                              *****
        ************************************************************************************************************************
        ************************************************************************************************************************
        *****                                                                                                              *****
        *****                                                                                                              *****
        *****              program:  arp.exe                                                                               *****
        *****                                                                                                              *****
        *****        creation date:   unknown                                                                              *****
        *****                                                                                                              *****
        *****              library:  C:\SCALE-6.2.2\bin                                                                    *****
        *****                                                                                                              *****
        *****                                                                                                              *****
        *****            prod code:  arp.exe                                                                               *****
        *****                                                                                                              *****
        *****              version:  6.2.2                                                                                 *****
        *****                                                                                                              *****
        *****              jobname:  Teddy                                                                                 *****
        *****                                                                                                              *****
        *****         machine name:  DESKTOP-J14NAA6                                                                       *****
        *****                                                                                                              *****
        *****    date of execution:  13_feb_2019                                                                           *****
        *****                                                                                                              *****
        *****    time of execution:  18:29:33.36                                                                           *****
        *****                                                                                                              *****
        *****                                                                                                              *****
        ************************************************************************************************************************
        ************************************************************************************************************************
        ************************************************************************************************************************


 'library type
    data library:       w17x17
       directory:       C:/SCALE-6.2.2/data/\arplibs
       definition:      C:/SCALE-6.2.2/data/\arpdata.txt
    u-235 enrichment:                        2.800

 ' num cycles
    number of cycles:                            1

 ' num days per cycle

 ' cycle average specific power (MW / MTU)

 ' number of interpolated cross section sets generated per cycle

 ' moderator density (g/cc)
    water density (g/cm3):                  0.7230
                                         cycle        cumulative      midpoint
   cycle time(d)        power(MW)      burnup(MWd/MTU)burnup(MWd/MTU)burnup(MWd/MTU)nlib
     1    550.000        60.4224        33232.3        33232.3        16616.2             1

 ' interpolated output ORIGEN library
    interpolated library name:                   w17x17_100d.f33
 interpolation type: spline
 Cross section library interpolation completed.
.
.
.
=========================================================================================================================
ARP finished successfully.
=========================================================================================================================
    module arp used 1.90413 seconds cpu time for the current pass.

    module arp is finished. completion code    0. total cpu time used 1.02637e-005 seconds.



    module origen will be called on Wed Feb 13 18:29:35 2019.
    sequence specification record:=origen
Input Data:

      case(irrad) {
          lib{
              file="w17x17_100d.f33" pos=1
          }
          mat {
              units=GRAMS
              iso=[u235=28000.000000 u238=972000.000000]
          }
          time = [ 550 ]
          power = [ 60.422406 ]
      }
      case (decay) {
          time {
              units=YEARS
              start=0
              t=[1]
          }
          save{ file="discharge.f71" steps=[0 LAST]}
      }
end

1






        ************************************************************************************************************************
        ************************************************************************************************************************
        ************************************************************************************************************************
        *****                                                                                                              *****
        *****                                       program verification information                                       *****
        *****                                                                                                              *****
        *****                                   code system:  SCALE    version:  6.2                                       *****
        *****                                                                                                              *****
        ************************************************************************************************************************
        ************************************************************************************************************************
        *****                                                                                                              *****
        *****                                                                                                              *****
        *****              program:  origen.exe                                                                            *****
        *****                                                                                                              *****
        *****        creation date:   unknown                                                                              *****
        *****                                                                                                              *****
        *****              library:  C:\SCALE-6.2.2\bin                                                                    *****
        *****                                                                                                              *****
        *****                                                                                                              *****
        *****            prod code:  origen.exe                                                                            *****
        *****                                                                                                              *****
        *****              version:  6.2.2                                                                                 *****
        *****                                                                                                              *****
        *****              jobname:  Teddy                                                                                 *****
        *****                                                                                                              *****
        *****         machine name:  DESKTOP-J14NAA6                                                                       *****
        *****                                                                                                              *****
        *****    date of execution:  13_feb_2019                                                                           *****
        *****                                                                                                              *****
        *****    time of execution:  18:29:35.27                                                                           *****
        *****                                                                                                              *****
        *****                                                                                                              *****
        ************************************************************************************************************************
        ************************************************************************************************************************
        ************************************************************************************************************************

*************************************************************************************************************************
********************                                                                                 ********************
********************                                                                                 ********************
********************                    USER INPUT SUMMARY                                           ********************
********************                                                                                 ********************
********************                                                                                 ********************
*************************************************************************************************************************
.
.
=========================================================================================================================
=   Case "irrad" (#1/2)                                                                                                 =
-------------------------------------------------------------------------------------------------------------------------
###   Library settings                                                                                                ###
.
                                Library file name:     C:/Users/Teddy/AppData/Local/Temp/scale.Teddy.8972/w17x17_100d.f33
                             Library set position:              1
                 Fission product reaction removal:             no
-------------------------------------------------------------------------------------------------------------------------
###   Global settings                                                                                                 ###
.
                                           Solver:              MATREX
                                             Mode:        forward
                             Fixed fission energy:             no
-------------------------------------------------------------------------------------------------------------------------
###   Concentrations output options                                                                                   ###
.
                            High-precision output:             no
                                  Relative cutoff:            yes
                         Step for applying cutoff:       integral
.
                      light els.   actinides  fis.prods.       total
                       nuc    el   nuc    el   nuc    el   nuc    el             cutoff
gram-atoms                                                                    1.000E-06
grams                                                      **                 1.000E-06
curies                                                                        1.000E-06
watts                                                                         1.000E-06
gamma watts                                                                   1.000E-06
m3 air                                                                        1.000E-06
m3 water                                                                      1.000E-06
grams ppm                                                                     1.000E-06
atoms ppm                                                                     1.000E-06
atoms/barn-cm                                                                 1.000E-06
becquerels                                                                    1.000E-06
-------------------------------------------------------------------------------------------------------------------------
###   Additional output options                                                                                       ###
.
                                      Print k-inf:             no
           Nuclides for absorption fraction print:           none
                              Print fission rates:             no
            Step for sorting absorption fractions:              1
=========================================================================================================================
=   Case "decay" (#2/2)                                                                                                 =
-------------------------------------------------------------------------------------------------------------------------
###   Library settings                                                                                                ###
.
                                Library file name:     C:/Users/Teddy/AppData/Local/Temp/scale.Teddy.8972/w17x17_100d.f33
                             Library set position:              1
                 Fission product reaction removal:             no
-------------------------------------------------------------------------------------------------------------------------
###   Global settings                                                                                                 ###
.
                                           Solver:              MATREX
                                             Mode:        forward
                             Fixed fission energy:             no
-------------------------------------------------------------------------------------------------------------------------
###   Concentrations output options                                                                                   ###
.
                            High-precision output:             no
                                  Relative cutoff:            yes
                         Step for applying cutoff:       integral
.
                      light els.   actinides  fis.prods.       total
                       nuc    el   nuc    el   nuc    el   nuc    el             cutoff
gram-atoms                                                                    1.000E-06
grams                                                      **                 1.000E-06
curies                                                                        1.000E-06
watts                                                                         1.000E-06
gamma watts                                                                   1.000E-06
m3 air                                                                        1.000E-06
m3 water                                                                      1.000E-06
grams ppm                                                                     1.000E-06
atoms ppm                                                                     1.000E-06
atoms/barn-cm                                                                 1.000E-06
becquerels                                                                    1.000E-06
-------------------------------------------------------------------------------------------------------------------------
###   Additional output options                                                                                       ###
.
                                      Print k-inf:             no
           Nuclides for absorption fraction print:           none
                              Print fission rates:             no
            Step for sorting absorption fractions:              1
=========================================================================================================================
###   Blending information                                                                                            ###
.
  --- no blending requested in this job ---
=========================================================================================================================
.
.
=========================================================================================================================
=   History overview for case 'irrad' (#1/2)                                                                            =
-------------------------------------------------------------------------------------------------------------------------
   step          t0          t1          dt           t        flux     fluence       power      energy
    (-)         (d)         (d)         (s)         (s)   (n/cm2-s)     (n/cm2)        (MW)       (MWd)
      1      0.0000    550.0000  4.7520E+07  4.7520E+07  6.0432E+14  2.8717E+22  6.0422E+01  3.3232E+04
          
              step - step index within this case
                t0 - time at beginning-of-step in input units
                t1 - time at end-of-step in input units
                dt - length of step in seconds
                 t - end-of-step cumulative time in seconds
              flux - flux in neutrons/cm^2-sec (CALCULATED)
           fluence - cumulative end-of-step fluence in neutrons/cm^2 (CALCULATED)
             power - power in mega-watts (INPUT)     
            energy - cumulative end-of-step energy released in mega-watt-days (INPUT)     
=========================================================================================================================
.
.
.
.
.
*************************************************************************************************************************
********************                                                                                 ********************
********************                                                                                 ********************
********************                    Library information                                          ********************
********************                                                                                 ********************
********************                                                                                 ********************
*************************************************************************************************************************
.
.
=========================================================================================================================
=   Library summary for case 'irrad' (#1/2)                                                                             =
-------------------------------------------------------------------------------------------------------------------------
filename: C:/Users/Teddy/AppData/Local/Temp/scale.Teddy.8972/w17x17_100d.f33 cross-section data taken from position number: 1
library title delimited by {}: 
{}
date library was produced: 538976288/538976288/538976288
total number of nuclides in library: 2237
number of light-element nuclides: 910
number of actinide nuclides: 176
number of fission product nuclides: 1151
number of nonzero off-diagonal matrix elements: 54564
=========================================================================================================================
.
.
*************************************************************************************************************************
********************                                                                                 ********************
********************                                                                                 ********************
********************                    Concentration tables                                         ********************
********************                                                                                 ********************
********************                                                                                 ********************
*************************************************************************************************************************
.
.
=========================================================================================================================
=   Nuclide concentrations in grams for case 'irrad' (#1/2)                                                             =
-------------------------------------------------------------------------------------------------------------------------
  (relative cutoff; integral of concentrations over time >   1.00E-06 % of integral of all concentrations over time)
.
                   0.000d    550.000d   
  h-3          0.0000E+00  5.3344E-02
  he-4         0.0000E+00  1.3534E+00
  u-234        0.0000E+00  1.6693E+00
  u-235        2.8000E+04  6.0079E+03
  u-236        0.0000E+00  3.5927E+03
  u-237        0.0000E+00  1.4568E+01
  u-238        9.7200E+05  9.4445E+05
  u-239        0.0000E+00  1.0422E+00
  np-237       0.0000E+00  3.9762E+02
  np-238       0.0000E+00  2.1412E+00
  np-239       0.0000E+00  1.5027E+02
  pu-238       0.0000E+00  1.4859E+02
  pu-239       0.0000E+00  5.1782E+03
  pu-240       0.0000E+00  2.1387E+03
  pu-241       0.0000E+00  1.6108E+03
  pu-242       0.0000E+00  6.7483E+02
  pu-243       0.0000E+00  3.1957E-01
  pu-244       0.0000E+00  4.6422E-02
  am-241       0.0000E+00  2.4094E+01
  am-242m      0.0000E+00  4.0863E-01
  am-242       0.0000E+00  1.3253E-01
  am-243       0.0000E+00  1.2994E+02
  cm-242       0.0000E+00  1.3085E+01
  cm-243       0.0000E+00  3.2575E-01
  cm-244       0.0000E+00  4.6507E+01
  cm-245       0.0000E+00  2.4557E+00
  cm-246       0.0000E+00  2.6682E-01
  ge-73        0.0000E+00  2.1583E-02
  ge-74        0.0000E+00  5.5114E-02
  as-75        0.0000E+00  1.3021E-01
  ge-76        0.0000E+00  3.3855E-01
  se-77        0.0000E+00  7.9015E-01
  se-78        0.0000E+00  2.3161E+00
  se-79        0.0000E+00  4.9175E+00
  se-80        0.0000E+00  1.2724E+01
  br-81        0.0000E+00  2.1292E+01
  se-82        0.0000E+00  3.3478E+01
  kr-82        0.0000E+00  6.7418E-01
  kr-83        0.0000E+00  3.9794E+01
  kr-84        0.0000E+00  1.0950E+02
  kr-85        0.0000E+00  2.5247E+01
  kr-85m       0.0000E+00  4.0160E-02
  rb-85        0.0000E+00  9.6232E+01
  kr-86        0.0000E+00  1.8136E+02
  rb-86        0.0000E+00  3.7311E-02
  sr-86        0.0000E+00  4.1037E-01
  kr-87        0.0000E+00  2.1971E-02
  rb-87        0.0000E+00  2.3834E+02
  kr-88        0.0000E+00  6.5876E-02
  sr-88        0.0000E+00  3.3056E+02
  sr-89        0.0000E+00  3.8152E+01
  y-89         0.0000E+00  4.1330E+02
  sr-90        0.0000E+00  5.3207E+02
  y-90         0.0000E+00  1.4577E-01
  zr-90        0.0000E+00  1.1902E+01
  sr-91        0.0000E+00  4.1693E-01
  y-91         0.0000E+00  6.7408E+01
  y-91m        0.0000E+00  2.1112E-02
  zr-91        0.0000E+00  5.1225E+02
  sr-92        0.0000E+00  1.3154E-01
  y-92         0.0000E+00  1.7382E-01
  zr-92        0.0000E+00  6.3548E+02
  y-93         0.0000E+00  5.9089E-01
  zr-93        0.0000E+00  7.0783E+02
  zr-94        0.0000E+00  7.6445E+02
  zr-95        0.0000E+00  1.1392E+02
  nb-95        0.0000E+00  6.1933E+01
  nb-95m       0.0000E+00  6.9489E-02
  mo-95        0.0000E+00  6.4917E+02
  zr-96        0.0000E+00  8.1853E+02
  mo-96        0.0000E+00  3.7616E+01
  zr-97        0.0000E+00  1.2603E+00
  nb-97        0.0000E+00  9.1149E-02
  mo-97        0.0000E+00  8.1855E+02
  mo-98        0.0000E+00  8.5309E+02
  mo-99        0.0000E+00  5.7440E+00
  tc-99        0.0000E+00  8.1195E+02
  tc-99m       0.0000E+00  4.6181E-01
  ru-99        0.0000E+00  2.9548E-02
  mo-100       0.0000E+00  9.6978E+02
  ru-100       0.0000E+00  1.0159E+02
  mo-101       0.0000E+00  2.0601E-02
  tc-101       0.0000E+00  2.0044E-02
  ru-101       0.0000E+00  8.1056E+02
  ru-102       0.0000E+00  8.4266E+02
  ru-103       0.0000E+00  8.1823E+01
  rh-103       0.0000E+00  4.7729E+02
  rh-103m      0.0000E+00  8.0345E-02
  tc-104       0.0000E+00  2.3111E-02
  ru-104       0.0000E+00  6.1611E+02
  pd-104       0.0000E+00  2.5563E+02
  ru-105       0.0000E+00  2.9467E-01
  rh-105       0.0000E+00  2.0235E+00
  pd-105       0.0000E+00  4.0907E+02
  ru-106       0.0000E+00  2.4678E+02
  pd-106       0.0000E+00  2.1268E+02
  pd-107       0.0000E+00  2.5784E+02
  pd-108       0.0000E+00  1.7136E+02
  pd-109       0.0000E+00  3.0908E-01
  ag-109       0.0000E+00  9.0663E+01
  pd-110       0.0000E+00  5.6700E+01
  ag-110m      0.0000E+00  8.3927E-01
  cd-110       0.0000E+00  4.0366E+01
  ag-111       0.0000E+00  7.8424E-01
  cd-111       0.0000E+00  2.7540E+01
  pd-112       0.0000E+00  3.9775E-02
  cd-112       0.0000E+00  1.4190E+01
  cd-113       0.0000E+00  1.2000E-01
  cd-114       0.0000E+00  1.6495E+01
  cd-115       0.0000E+00  3.5847E-02
  cd-115m      0.0000E+00  4.4213E-02
  in-115       0.0000E+00  1.9673E+00
  sn-115       0.0000E+00  2.5812E-01
  cd-116       0.0000E+00  6.0013E+00
  sn-116       0.0000E+00  3.6158E+00
  sn-117       0.0000E+00  5.4363E+00
  sn-118       0.0000E+00  5.0546E+00
  sn-119       0.0000E+00  4.8768E+00
  sn-119m      0.0000E+00  9.3070E-02
  sn-120       0.0000E+00  5.0198E+00
  sn-121m      0.0000E+00  4.0011E-01
  sb-121       0.0000E+00  4.7926E+00
  sn-122       0.0000E+00  6.4122E+00
  te-122       0.0000E+00  3.5188E-01
  sn-123       0.0000E+00  3.1559E-01
  sb-123       0.0000E+00  6.0073E+00
  sn-124       0.0000E+00  1.0158E+01
  sb-124       0.0000E+00  7.3643E-02
  te-124       0.0000E+00  2.0672E-01
  sn-125       0.0000E+00  1.6254E-01
  sb-125       0.0000E+00  1.1366E+01
  te-125       0.0000E+00  2.0333E+00
  te-125m      0.0000E+00  1.2826E-01
  sn-126       0.0000E+00  2.2248E+01
  te-126       0.0000E+00  5.4237E-01
  sb-127       0.0000E+00  5.9183E-01
  te-127       0.0000E+00  5.2427E-02
  te-127m      0.0000E+00  8.1676E-01
  i-127        0.0000E+00  4.5677E+01
  te-128       0.0000E+00  1.0185E+02
  xe-128       0.0000E+00  2.8142E+00
  sb-129       0.0000E+00  8.4410E-02
  te-129       0.0000E+00  2.1201E-02
  te-129m      0.0000E+00  2.5274E+00
  i-129        0.0000E+00  1.6630E+02
  te-130       0.0000E+00  3.9370E+02
  xe-130       0.0000E+00  7.1643E+00
  te-131       0.0000E+00  2.2728E-02
  te-131m      0.0000E+00  4.3209E-01
  i-131        0.0000E+00  1.2405E+01
  xe-131       0.0000E+00  4.3819E+02
  xe-131m      0.0000E+00  2.1831E-01
  te-132       0.0000E+00  6.9743E+00
  i-132        0.0000E+00  2.1421E-01
  xe-132       0.0000E+00  1.1457E+03
  te-133m      0.0000E+00  5.7881E-02
  i-133        0.0000E+00  2.6935E+00
  xe-133       0.0000E+00  1.6294E+01
  xe-133m      0.0000E+00  2.1273E-01
  cs-133       0.0000E+00  1.1503E+03
  te-134       0.0000E+00  7.6937E-02
  i-134        0.0000E+00  1.2667E-01
  xe-134       0.0000E+00  1.5703E+03
  cs-134       0.0000E+00  1.4893E+02
  ba-134       0.0000E+00  2.7962E+01
  i-135        0.0000E+00  8.2950E-01
  xe-135       0.0000E+00  1.8303E-01
  cs-135       0.0000E+00  2.1964E+02
  ba-135       0.0000E+00  1.7927E-01
  xe-136       0.0000E+00  2.5738E+03
  cs-136       0.0000E+00  6.9668E-01
  ba-136       0.0000E+00  1.4119E+01
  cs-137       0.0000E+00  1.2815E+03
  ba-137       0.0000E+00  2.3578E+01
  xe-138       0.0000E+00  2.6094E-02
  cs-138       0.0000E+00  6.8089E-02
  ba-138       0.0000E+00  1.3346E+03
  ba-139       0.0000E+00  1.6238E-01
  la-139       0.0000E+00  1.2482E+03
  ba-140       0.0000E+00  3.4562E+01
  la-140       0.0000E+00  4.7022E+00
  ce-140       0.0000E+00  1.2291E+03
  ba-141       0.0000E+00  3.2397E-02
  la-141       0.0000E+00  4.2042E-01
  ce-141       0.0000E+00  8.2605E+01
  pr-141       0.0000E+00  1.0970E+03
  la-142       0.0000E+00  1.5619E-01
  ce-142       0.0000E+00  1.1556E+03
  pr-142       0.0000E+00  8.8396E-02
  nd-142       0.0000E+00  2.2074E+01
  la-143       0.0000E+00  2.3237E-02
  ce-143       0.0000E+00  3.2689E+00
  pr-143       0.0000E+00  3.1901E+01
  nd-143       0.0000E+00  7.6259E+02
  ce-144       0.0000E+00  5.3318E+02
  pr-144       0.0000E+00  2.2746E-02
  nd-144       0.0000E+00  8.3093E+02
  pr-145       0.0000E+00  4.1300E-01
  nd-145       0.0000E+00  6.8146E+02
  pr-146       0.0000E+00  2.2766E-02
  nd-146       0.0000E+00  7.1102E+02
  nd-147       0.0000E+00  1.1606E+01
  pm-147       0.0000E+00  1.9853E+02
  sm-147       0.0000E+00  4.2516E+01
  nd-148       0.0000E+00  3.9252E+02
  pm-148       0.0000E+00  2.0948E+00
  pm-148m      0.0000E+00  1.5728E+00
  sm-148       0.0000E+00  1.2518E+02
  nd-149       0.0000E+00  4.7707E-02
  pm-149       0.0000E+00  2.2199E+00
  sm-149       0.0000E+00  2.1531E+00
  nd-150       0.0000E+00  1.8871E+02
  sm-150       0.0000E+00  3.2272E+02
  pm-151       0.0000E+00  4.3280E-01
  sm-151       0.0000E+00  1.1602E+01
  sm-152       0.0000E+00  1.1219E+02
  sm-153       0.0000E+00  1.7330E+00
  eu-153       0.0000E+00  1.2486E+02
  sm-154       0.0000E+00  4.3595E+01
  eu-154       0.0000E+00  2.7414E+01
  gd-154       0.0000E+00  1.2181E+00
  eu-155       0.0000E+00  9.6634E+00
  gd-155       0.0000E+00  3.8876E-02
  sm-156       0.0000E+00  2.1050E-02
  eu-156       0.0000E+00  8.8476E+00
  gd-156       0.0000E+00  1.0455E+02
  eu-157       0.0000E+00  3.9490E-02
  gd-157       0.0000E+00  1.2006E-01
  gd-158       0.0000E+00  2.3327E+01
  tb-159       0.0000E+00  2.8739E+00
  gd-160       0.0000E+00  1.2656E+00
  tb-160       0.0000E+00  1.4588E-01
  dy-160       0.0000E+00  1.9183E-01
  tb-161       0.0000E+00  2.2037E-02
  dy-161       0.0000E+00  4.1193E-01
  dy-162       0.0000E+00  3.2290E-01
  dy-163       0.0000E+00  2.5308E-01
  dy-164       0.0000E+00  5.4565E-02
  ho-165       0.0000E+00  1.0124E-01
  er-166       0.0000E+00  2.9211E-02
------------
  totals       1.0000E+06  1.0002E+06
=========================================================================================================================
.
.
=========================================================================================================================
=   History overview for case 'decay' (#2/2)                                                                            =
-------------------------------------------------------------------------------------------------------------------------
   step          t0          t1          dt           t        flux     fluence       power      energy
    (-)         (y)         (y)         (s)         (s)   (n/cm2-s)     (n/cm2)        (MW)       (MWd)
      1      1.5057      2.5057  3.1560E+07  7.9080E+07  0.0000E+00  2.8717E+22  0.0000E+00  3.3232E+04
          
              step - step index within this case
                t0 - time at beginning-of-step in input units
                t1 - time at end-of-step in input units
                dt - length of step in seconds
                 t - end-of-step cumulative time in seconds
              flux - flux in neutrons/cm^2-sec (CALCULATED)
           fluence - cumulative end-of-step fluence in neutrons/cm^2 (CALCULATED)
             power - power in mega-watts (INPUT)     
            energy - cumulative end-of-step energy released in mega-watt-days (INPUT)     
=========================================================================================================================
.
.
.
.
.
*************************************************************************************************************************
********************                                                                                 ********************
********************                                                                                 ********************
********************                    Library information                                          ********************
********************                                                                                 ********************
********************                                                                                 ********************
*************************************************************************************************************************
.
.
=========================================================================================================================
=   Library summary for case 'decay' (#2/2)                                                                             =
-------------------------------------------------------------------------------------------------------------------------
filename: C:/Users/Teddy/AppData/Local/Temp/scale.Teddy.8972/w17x17_100d.f33 cross-section data taken from position number: 1
library title delimited by {}: 
{}
date library was produced: 538976288/538976288/538976288
total number of nuclides in library: 2237
number of light-element nuclides: 910
number of actinide nuclides: 176
number of fission product nuclides: 1151
number of nonzero off-diagonal matrix elements: 54564
=========================================================================================================================
.
.
*************************************************************************************************************************
********************                                                                                 ********************
********************                                                                                 ********************
********************                    Concentration tables                                         ********************
********************                                                                                 ********************
********************                                                                                 ********************
*************************************************************************************************************************
.
.
=========================================================================================================================
=   Nuclide concentrations in grams for case 'decay' (#2/2)                                                             =
-------------------------------------------------------------------------------------------------------------------------
  (relative cutoff; integral of concentrations over time >   1.00E-06 % of integral of all concentrations over time)
.
                   1.506y      2.506y   
  h-3          5.3344E-02  5.0425E-02
  he-4         1.3534E+00  1.5833E+00
  u-234        1.6693E+00  2.8856E+00
  u-235        6.0079E+03  6.0081E+03
  u-236        3.5927E+03  3.5930E+03
  u-237        1.4568E+01  4.7874E-05
  u-238        9.4445E+05  9.4445E+05
  u-239        1.0422E+00  0.0000E+00
  np-237       3.9762E+02  4.1229E+02
  np-238       2.1412E+00  7.5456E-08
  np-239       1.5027E+02  1.1212E-04
  pu-238       1.4859E+02  1.5972E+02
  pu-239       5.1782E+03  5.3294E+03
  pu-240       2.1387E+03  2.1402E+03
  pu-241       1.6108E+03  1.5345E+03
  pu-242       6.7483E+02  6.7485E+02
  pu-243       3.1957E-01  9.7229E-14
  pu-244       4.6422E-02  4.6426E-02
  am-241       2.4094E+01  1.0027E+02
  am-242m      4.0863E-01  4.0663E-01
  am-242       1.3253E-01  5.2464E-06
  am-243       1.2994E+02  1.3025E+02
  cm-242       1.3085E+01  2.7906E+00
  cm-243       3.2575E-01  3.1808E-01
  cm-244       4.6507E+01  4.4785E+01
  cm-245       2.4557E+00  2.4555E+00
  cm-246       2.6682E-01  2.6678E-01
  ge-73        2.1583E-02  2.1595E-02
  ge-74        5.5114E-02  5.5115E-02
  as-75        1.3021E-01  1.3023E-01
  ge-76        3.3855E-01  3.3855E-01
  se-77        7.9015E-01  7.9373E-01
  se-78        2.3161E+00  2.3167E+00
  se-79        4.9175E+00  4.9176E+00
  se-80        1.2724E+01  1.2724E+01
  br-81        2.1292E+01  2.1293E+01
  se-82        3.3478E+01  3.3478E+01
  kr-82        6.7418E-01  6.7899E-01
  kr-83        3.9794E+01  3.9813E+01
  kr-84        1.0950E+02  1.0950E+02
  kr-85        2.5247E+01  2.3679E+01
  kr-85m       4.0160E-02  0.0000E+00
  rb-85        9.6232E+01  9.7840E+01
  kr-86        1.8136E+02  1.8136E+02
  rb-86        3.7311E-02  4.6755E-08
  sr-86        4.1037E-01  4.4768E-01
  kr-87        2.1971E-02  0.0000E+00
  rb-87        2.3834E+02  2.3836E+02
  kr-88        6.5876E-02  0.0000E+00
  sr-88        3.3056E+02  3.3063E+02
  sr-89        3.8152E+01  2.5438E-01
  y-89         4.1330E+02  4.5121E+02
  sr-90        5.3207E+02  5.1941E+02
  y-90         1.4577E-01  1.3175E-01
  zr-90        1.1902E+01  2.4574E+01
  sr-91        4.1693E-01  0.0000E+00
  y-91         6.7408E+01  8.9578E-01
  y-91m        2.1112E-02  0.0000E+00
  zr-91        5.1225E+02  5.7920E+02
  sr-92        1.3154E-01  0.0000E+00
  y-92         1.7382E-01  0.0000E+00
  zr-92        6.3548E+02  6.3578E+02
  y-93         5.9089E-01  0.0000E+00
  zr-93        7.0783E+02  7.0843E+02
  zr-94        7.6445E+02  7.6447E+02
  zr-95        1.1392E+02  2.1846E+00
  nb-95        6.1933E+01  2.6612E+00
  nb-95m       6.9489E-02  1.4098E-03
  mo-95        6.4917E+02  8.2033E+02
  zr-96        8.1853E+02  8.1853E+02
  mo-96        3.7616E+01  3.7625E+01
  zr-97        1.2603E+00  0.0000E+00
  nb-97        9.1149E-02  0.0000E+00
  mo-97        8.1855E+02  8.1990E+02
  mo-98        8.5309E+02  8.5309E+02
  mo-99        5.7440E+00  0.0000E+00
  tc-99        8.1195E+02  8.1815E+02
  tc-99m       4.6181E-01  0.0000E+00
  ru-99        2.9548E-02  3.2438E-02
  mo-100       9.6978E+02  9.6978E+02
  ru-100       1.0159E+02  1.0159E+02
  mo-101       2.0601E-02  0.0000E+00
  tc-101       2.0044E-02  0.0000E+00
  ru-101       8.1056E+02  8.1061E+02
  ru-102       8.4266E+02  8.4267E+02
  ru-103       8.1823E+01  1.2916E-01
  rh-103       4.7729E+02  5.5907E+02
  rh-103m      8.0345E-02  1.2687E-04
  tc-104       2.3111E-02  0.0000E+00
  ru-104       6.1611E+02  6.1614E+02
  pd-104       2.5563E+02  2.5563E+02
  ru-105       2.9467E-01  0.0000E+00
  rh-105       2.0235E+00  0.0000E+00
  pd-105       4.0907E+02  4.1140E+02
  ru-106       2.4678E+02  1.2490E+02
  pd-106       2.1268E+02  3.3456E+02
  pd-107       2.5784E+02  2.5786E+02
  pd-108       1.7136E+02  1.7137E+02
  pd-109       3.0908E-01  0.0000E+00
  ag-109       9.0663E+01  9.0973E+01
  pd-110       5.6700E+01  5.6700E+01
  ag-110m      8.3927E-01  3.0453E-01
  cd-110       4.0366E+01  4.0900E+01
  ag-111       7.8424E-01  1.3666E-15
  cd-111       2.7540E+01  2.8326E+01
  pd-112       3.9775E-02  0.0000E+00
  cd-112       1.4190E+01  1.4236E+01
  cd-113       1.2000E-01  1.2463E-01
  cd-114       1.6495E+01  1.6495E+01
  cd-115       3.5847E-02  0.0000E+00
  cd-115m      4.4213E-02  1.5066E-04
  in-115       1.9673E+00  2.0485E+00
  sn-115       2.5812E-01  2.6008E-01
  cd-116       6.0013E+00  6.0013E+00
  sn-116       3.6158E+00  3.6161E+00
  sn-117       5.4363E+00  5.4397E+00
  sn-118       5.0546E+00  5.0551E+00
  sn-119       4.8768E+00  4.9308E+00
  sn-119m      9.3070E-02  3.9222E-02
  sn-120       5.0198E+00  5.0198E+00
  sn-121m      4.0011E-01  3.9384E-01
  sb-121       4.7926E+00  4.8148E+00
  sn-122       6.4122E+00  6.4123E+00
  te-122       3.5188E-01  3.5711E-01
  sn-123       3.1559E-01  4.4467E-02
  sb-123       6.0073E+00  6.2789E+00
  sn-124       1.0158E+01  1.0158E+01
  sb-124       7.3643E-02  1.0979E-03
  te-124       2.0672E-01  2.7926E-01
  sn-125       1.6254E-01  6.3719E-13
  sb-125       1.1366E+01  8.9684E+00
  te-125       2.0333E+00  4.5975E+00
  te-125m      1.2826E-01  1.2464E-01
  sn-126       2.2248E+01  2.2248E+01
  te-126       5.4237E-01  5.5086E-01
  sb-127       5.9183E-01  0.0000E+00
  te-127       5.2427E-02  3.1536E-04
  te-127m      8.1676E-01  9.0079E-02
  i-127        4.5677E+01  4.7055E+01
  te-128       1.0185E+02  1.0187E+02
  xe-128       2.8142E+00  2.8144E+00
  sb-129       8.4410E-02  0.0000E+00
  te-129       2.1201E-02  1.2307E-06
  te-129m      2.5274E+00  1.3561E-03
  i-129        1.6630E+02  1.6893E+02
  xe-129       1.9325E-02  1.9491E-02
  te-130       3.9370E+02  3.9371E+02
  xe-130       7.1643E+00  7.1821E+00
  te-131       2.2728E-02  0.0000E+00
  te-131m      4.3209E-01  0.0000E+00
  i-131        1.2405E+01  2.5765E-13
  xe-131       4.3819E+02  4.5129E+02
  xe-131m      2.1831E-01  3.3750E-10
  te-132       6.9743E+00  0.0000E+00
  i-132        2.1421E-01  0.0000E+00
  xe-132       1.1457E+03  1.1529E+03
  te-133m      5.7881E-02  0.0000E+00
  i-133        2.6935E+00  0.0000E+00
  xe-133       1.6294E+01  2.1337E-20
  xe-133m      2.1273E-01  0.0000E+00
  cs-133       1.1503E+03  1.1696E+03
  te-134       7.6937E-02  0.0000E+00
  i-134        1.2667E-01  0.0000E+00
  xe-134       1.5703E+03  1.5705E+03
  cs-134       1.4893E+02  1.0647E+02
  ba-134       2.7962E+01  7.0431E+01
  i-135        8.2950E-01  0.0000E+00
  xe-135       1.8303E-01  0.0000E+00
  cs-135       2.1964E+02  2.2066E+02
  ba-135       1.7927E-01  1.7949E-01
  xe-136       2.5738E+03  2.5738E+03
  cs-136       6.9668E-01  3.0717E-09
  ba-136       1.4119E+01  1.4816E+01
  cs-137       1.2815E+03  1.2524E+03
  ba-137       2.3578E+01  5.2774E+01
  xe-138       2.6094E-02  0.0000E+00
  cs-138       6.8089E-02  0.0000E+00
  ba-138       1.3346E+03  1.3347E+03
  la-138       1.4178E-02  1.4178E-02
  ba-139       1.6238E-01  0.0000E+00
  la-139       1.2482E+03  1.2484E+03
  ba-140       3.4562E+01  8.2472E-08
  la-140       4.7022E+00  1.2500E-08
  ce-140       1.2291E+03  1.2683E+03
  ba-141       3.2397E-02  0.0000E+00
  la-141       4.2042E-01  0.0000E+00
  ce-141       8.2605E+01  3.4422E-02
  pr-141       1.0970E+03  1.1800E+03
  la-142       1.5619E-01  0.0000E+00
  ce-142       1.1556E+03  1.1557E+03
  pr-142       8.8396E-02  0.0000E+00
  nd-142       2.2074E+01  2.2162E+01
  la-143       2.3237E-02  0.0000E+00
  ce-143       3.2689E+00  0.0000E+00
  pr-143       3.1901E+01  2.8043E-07
  nd-143       7.6259E+02  7.9778E+02
  ce-144       5.3318E+02  2.1925E+02
  pr-144       2.2746E-02  9.2350E-03
  nd-144       8.3093E+02  1.1449E+03
  pr-145       4.1300E-01  0.0000E+00
  nd-145       6.8146E+02  6.8188E+02
  pr-146       2.2766E-02  0.0000E+00
  nd-146       7.1102E+02  7.1105E+02
  nd-147       1.1606E+01  1.1232E-09
  pm-147       1.9853E+02  1.6145E+02
  sm-147       4.2516E+01  9.1212E+01
  nd-148       3.9252E+02  3.9252E+02
  pm-148       2.0948E+00  2.1441E-05
  pm-148m      1.5728E+00  3.4162E-03
  sm-148       1.2518E+02  1.2885E+02
  nd-149       4.7707E-02  0.0000E+00
  pm-149       2.2199E+00  0.0000E+00
  sm-149       2.1531E+00  4.4217E+00
  nd-150       1.8871E+02  1.8871E+02
  sm-150       3.2272E+02  3.2272E+02
  pm-151       4.3280E-01  0.0000E+00
  sm-151       1.1602E+01  1.1946E+01
  eu-151       6.7392E-03  9.9090E-02
  sm-152       1.1219E+02  1.1219E+02
  gd-152       1.1297E-02  1.1391E-02
  sm-153       1.7330E+00  0.0000E+00
  eu-153       1.2486E+02  1.2659E+02
  sm-154       4.3595E+01  4.3595E+01
  eu-154       2.7414E+01  2.5292E+01
  gd-154       1.2181E+00  3.3406E+00
  eu-155       9.6634E+00  8.3531E+00
  gd-155       3.8876E-02  1.3505E+00
  sm-156       2.1050E-02  0.0000E+00
  eu-156       8.8476E+00  5.1155E-07
  gd-156       1.0455E+02  1.1342E+02
  eu-157       3.9490E-02  0.0000E+00
  gd-157       1.2006E-01  1.5974E-01
  gd-158       2.3327E+01  2.3327E+01
  tb-159       2.8739E+00  2.8850E+00
  gd-160       1.2656E+00  1.2656E+00
  tb-160       1.4588E-01  4.3965E-03
  dy-160       1.9183E-01  3.3331E-01
  tb-161       2.2037E-02  2.6352E-18
  dy-161       4.1193E-01  4.3397E-01
  dy-162       3.2290E-01  3.2290E-01
  dy-163       2.5308E-01  2.5309E-01
  dy-164       5.4565E-02  5.4565E-02
  ho-165       1.0124E-01  1.0132E-01
  er-166       2.9211E-02  2.9569E-02
------------
  totals       1.0002E+06  1.0002E+06
=========================================================================================================================
.
.
*************************************************************************************************************************
********************                                                                                 ********************
********************                                                                                 ********************
********************                    Written F71 File Information                                 ********************
********************                                                                                 ********************
********************                                                                                 ********************
*************************************************************************************************************************
.
.
   pos         time        power         flux      fluence       energy libpos   case   step DCGNAB
   (-)          (s)         (MW)    (n/cm2-s)      (n/cm2)        (MWd)    (-)    (-)    (-)    (-)
     1  4.75200e+07  0.00000e+00  0.00000e+00  2.87175e+22  3.32323e+04      1      2      0 DC----
     2  7.90800e+07  0.00000e+00  0.00000e+00  2.87175e+22  3.32323e+04      1      2      1 DC----
    D - state definition present
    C - concentrations present
    G - gamma emission spectra present
    N - neutron emission spectra present
    A - alpha emission spectra present
    B - beta emission spectra present
.
.
.
=========================================================================================================================
ORIGEN finished successfully.
=========================================================================================================================
    module origen used 0.478311 seconds cpu time for the current pass.

    module origen is finished. completion code    0. total cpu time used 4.66533e-006 seconds.


    SCALE is finished on Wed Feb 13 18:29:35 2019.
-------------------------- Summary --------------------------
arp finished. used 1.90979 seconds.
origen finished. used 0.484602 seconds.
SCALE driver required a maximum of 8.324 MiB of RAM.
------------------------ End Summary ------------------------

w17x17_100d.f33 copied to C:\Users\Teddy\Desktop\scale_test\output\w17x17_100d.f33.
discharge.f71 copied to C:\Users\Teddy\Desktop\scale_test\output\discharge.f71.
