 *******************************************************************************
 *                                                                             *
 *                                 SCALE 6.2.2                                 *
 *                                -------------                                *
 *                                February 2019                                *
 *                                                                             *
 *           SCALE:  A Comprehensive Modeling and Simulation Suite             *
 *                   for Nuclear Safety Analysis and Design                    *
 *                                                                             *
 *                      Reactor and Nuclear Systems Division                   *
 *                        Oak Ridge National Laboratory                        *
 *                                                                             *
 *                           http://scale.ornl.gov                             *
 *                            scalehelp@ornl.gov                               *
 *                                                                             *
 *******************************************************************************
 *******************************************************************************
      
                  Job Information
                  ---------------
      Job started on DESKTOP-J14NAA6 on Wed 13/02/2019 18:30:14
      Working directory: C:\Users\Teddy\AppData\Local\Temp\scale.Teddy.4364
      Input file name  : C:\Users\Teddy\Desktop\scale_test\output\2.800000_41717.171717.inp
      Output file name : C:\Users\Teddy\Desktop\scale_test\output\2.800000_41717.171717.out
      SCALE executable : C:\SCALE-6.2.2/bin/scale
      
 *******************************************************************************


    module arp will be called on Wed Feb 13 18:30:15 2019.
    sequence specification record:=arp
Input Data:

      'library type
      w17x17
      2.800000
      ' num cycles
      1
      ' num days per cycle
      550
      ' cycle average specific power (MW / MTU)
      75.849403
      ' number of interpolated cross section sets generated per cycle
      1
      ' moderator density (g/cc)
      0.723
      ' interpolated output ORIGEN library
      w17x17_100d.f33
end

1






        ************************************************************************************************************************
        ************************************************************************************************************************
        ************************************************************************************************************************
        *****                                                                                                              *****
        *****                                       program verification information                                       *****
        *****                                                                                                              *****
        *****                                   code system:  SCALE    version:  6.2                                       *****
        *****                                                                                                              *****
        ************************************************************************************************************************
        ************************************************************************************************************************
        *****                                                                                                              *****
        *****                                                                                                              *****
        *****              program:  arp.exe                                                                               *****
        *****                                                                                                              *****
        *****        creation date:   unknown                                                                              *****
        *****                                                                                                              *****
        *****              library:  C:\SCALE-6.2.2\bin                                                                    *****
        *****                                                                                                              *****
        *****                                                                                                              *****
        *****            prod code:  arp.exe                                                                               *****
        *****                                                                                                              *****
        *****              version:  6.2.2                                                                                 *****
        *****                                                                                                              *****
        *****              jobname:  Teddy                                                                                 *****
        *****                                                                                                              *****
        *****         machine name:  DESKTOP-J14NAA6                                                                       *****
        *****                                                                                                              *****
        *****    date of execution:  13_feb_2019                                                                           *****
        *****                                                                                                              *****
        *****    time of execution:  18:30:15.07                                                                           *****
        *****                                                                                                              *****
        *****                                                                                                              *****
        ************************************************************************************************************************
        ************************************************************************************************************************
        ************************************************************************************************************************


 'library type
    data library:       w17x17
       directory:       C:/SCALE-6.2.2/data/\arplibs
       definition:      C:/SCALE-6.2.2/data/\arpdata.txt
    u-235 enrichment:                        2.800

 ' num cycles
    number of cycles:                            1

 ' num days per cycle

 ' cycle average specific power (MW / MTU)

 ' number of interpolated cross section sets generated per cycle

 ' moderator density (g/cc)
    water density (g/cm3):                  0.7230
                                         cycle        cumulative      midpoint
   cycle time(d)        power(MW)      burnup(MWd/MTU)burnup(MWd/MTU)burnup(MWd/MTU)nlib
     1    550.000        75.8494        41717.2        41717.2        20858.6             1

 ' interpolated output ORIGEN library
    interpolated library name:                   w17x17_100d.f33
 interpolation type: spline
 Cross section library interpolation completed.
.
.
.
=========================================================================================================================
ARP finished successfully.
=========================================================================================================================
    module arp used 2.37728 seconds cpu time for the current pass.

    module arp is finished. completion code    0. total cpu time used 1.07303e-005 seconds.



    module origen will be called on Wed Feb 13 18:30:17 2019.
    sequence specification record:=origen
Input Data:

      case(irrad) {
          lib{
              file="w17x17_100d.f33" pos=1
          }
          mat {
              units=GRAMS
              iso=[u235=28000.000000 u238=972000.000000]
          }
          time = [ 550 ]
          power = [ 75.849403 ]
      }
      case (decay) {
          time {
              units=YEARS
              start=0
              t=[1]
          }
          save{ file="discharge.f71" steps=[0 LAST]}
      }
end

1






        ************************************************************************************************************************
        ************************************************************************************************************************
        ************************************************************************************************************************
        *****                                                                                                              *****
        *****                                       program verification information                                       *****
        *****                                                                                                              *****
        *****                                   code system:  SCALE    version:  6.2                                       *****
        *****                                                                                                              *****
        ************************************************************************************************************************
        ************************************************************************************************************************
        *****                                                                                                              *****
        *****                                                                                                              *****
        *****              program:  origen.exe                                                                            *****
        *****                                                                                                              *****
        *****        creation date:   unknown                                                                              *****
        *****                                                                                                              *****
        *****              library:  C:\SCALE-6.2.2\bin                                                                    *****
        *****                                                                                                              *****
        *****                                                                                                              *****
        *****            prod code:  origen.exe                                                                            *****
        *****                                                                                                              *****
        *****              version:  6.2.2                                                                                 *****
        *****                                                                                                              *****
        *****              jobname:  Teddy                                                                                 *****
        *****                                                                                                              *****
        *****         machine name:  DESKTOP-J14NAA6                                                                       *****
        *****                                                                                                              *****
        *****    date of execution:  13_feb_2019                                                                           *****
        *****                                                                                                              *****
        *****    time of execution:  18:30:17.45                                                                           *****
        *****                                                                                                              *****
        *****                                                                                                              *****
        ************************************************************************************************************************
        ************************************************************************************************************************
        ************************************************************************************************************************

*************************************************************************************************************************
********************                                                                                 ********************
********************                                                                                 ********************
********************                    USER INPUT SUMMARY                                           ********************
********************                                                                                 ********************
********************                                                                                 ********************
*************************************************************************************************************************
.
.
=========================================================================================================================
=   Case "irrad" (#1/2)                                                                                                 =
-------------------------------------------------------------------------------------------------------------------------
###   Library settings                                                                                                ###
.
                                Library file name:     C:/Users/Teddy/AppData/Local/Temp/scale.Teddy.4364/w17x17_100d.f33
                             Library set position:              1
                 Fission product reaction removal:             no
-------------------------------------------------------------------------------------------------------------------------
###   Global settings                                                                                                 ###
.
                                           Solver:              MATREX
                                             Mode:        forward
                             Fixed fission energy:             no
-------------------------------------------------------------------------------------------------------------------------
###   Concentrations output options                                                                                   ###
.
                            High-precision output:             no
                                  Relative cutoff:            yes
                         Step for applying cutoff:       integral
.
                      light els.   actinides  fis.prods.       total
                       nuc    el   nuc    el   nuc    el   nuc    el             cutoff
gram-atoms                                                                    1.000E-06
grams                                                      **                 1.000E-06
curies                                                                        1.000E-06
watts                                                                         1.000E-06
gamma watts                                                                   1.000E-06
m3 air                                                                        1.000E-06
m3 water                                                                      1.000E-06
grams ppm                                                                     1.000E-06
atoms ppm                                                                     1.000E-06
atoms/barn-cm                                                                 1.000E-06
becquerels                                                                    1.000E-06
-------------------------------------------------------------------------------------------------------------------------
###   Additional output options                                                                                       ###
.
                                      Print k-inf:             no
           Nuclides for absorption fraction print:           none
                              Print fission rates:             no
            Step for sorting absorption fractions:              1
=========================================================================================================================
=   Case "decay" (#2/2)                                                                                                 =
-------------------------------------------------------------------------------------------------------------------------
###   Library settings                                                                                                ###
.
                                Library file name:     C:/Users/Teddy/AppData/Local/Temp/scale.Teddy.4364/w17x17_100d.f33
                             Library set position:              1
                 Fission product reaction removal:             no
-------------------------------------------------------------------------------------------------------------------------
###   Global settings                                                                                                 ###
.
                                           Solver:              MATREX
                                             Mode:        forward
                             Fixed fission energy:             no
-------------------------------------------------------------------------------------------------------------------------
###   Concentrations output options                                                                                   ###
.
                            High-precision output:             no
                                  Relative cutoff:            yes
                         Step for applying cutoff:       integral
.
                      light els.   actinides  fis.prods.       total
                       nuc    el   nuc    el   nuc    el   nuc    el             cutoff
gram-atoms                                                                    1.000E-06
grams                                                      **                 1.000E-06
curies                                                                        1.000E-06
watts                                                                         1.000E-06
gamma watts                                                                   1.000E-06
m3 air                                                                        1.000E-06
m3 water                                                                      1.000E-06
grams ppm                                                                     1.000E-06
atoms ppm                                                                     1.000E-06
atoms/barn-cm                                                                 1.000E-06
becquerels                                                                    1.000E-06
-------------------------------------------------------------------------------------------------------------------------
###   Additional output options                                                                                       ###
.
                                      Print k-inf:             no
           Nuclides for absorption fraction print:           none
                              Print fission rates:             no
            Step for sorting absorption fractions:              1
=========================================================================================================================
###   Blending information                                                                                            ###
.
  --- no blending requested in this job ---
=========================================================================================================================
.
.
***Warning:  The flux over a step has changed by more than 20%.
=========================================================================================================================
=   History overview for case 'irrad' (#1/2)                                                                            =
-------------------------------------------------------------------------------------------------------------------------
   step          t0          t1          dt           t        flux     fluence       power      energy
    (-)         (d)         (d)         (s)         (s)   (n/cm2-s)     (n/cm2)        (MW)       (MWd)
      1      0.0000    550.0000  4.7520E+07  4.7520E+07  7.8335E+14  3.7225E+22  7.5849E+01  4.1717E+04
          
              step - step index within this case
                t0 - time at beginning-of-step in input units
                t1 - time at end-of-step in input units
                dt - length of step in seconds
                 t - end-of-step cumulative time in seconds
              flux - flux in neutrons/cm^2-sec (CALCULATED)
           fluence - cumulative end-of-step fluence in neutrons/cm^2 (CALCULATED)
             power - power in mega-watts (INPUT)     
            energy - cumulative end-of-step energy released in mega-watt-days (INPUT)     
=========================================================================================================================
.
.
.
.
.
*************************************************************************************************************************
********************                                                                                 ********************
********************                                                                                 ********************
********************                    Library information                                          ********************
********************                                                                                 ********************
********************                                                                                 ********************
*************************************************************************************************************************
.
.
=========================================================================================================================
=   Library summary for case 'irrad' (#1/2)                                                                             =
-------------------------------------------------------------------------------------------------------------------------
filename: C:/Users/Teddy/AppData/Local/Temp/scale.Teddy.4364/w17x17_100d.f33 cross-section data taken from position number: 1
library title delimited by {}: 
{}
date library was produced: 538976288/538976288/538976288
total number of nuclides in library: 2237
number of light-element nuclides: 910
number of actinide nuclides: 176
number of fission product nuclides: 1151
number of nonzero off-diagonal matrix elements: 54564
=========================================================================================================================
.
.
*************************************************************************************************************************
********************                                                                                 ********************
********************                                                                                 ********************
********************                    Concentration tables                                         ********************
********************                                                                                 ********************
********************                                                                                 ********************
*************************************************************************************************************************
.
.
=========================================================================================================================
=   Nuclide concentrations in grams for case 'irrad' (#1/2)                                                             =
-------------------------------------------------------------------------------------------------------------------------
  (relative cutoff; integral of concentrations over time >   1.00E-06 % of integral of all concentrations over time)
.
                   0.000d    550.000d   
  h-3          0.0000E+00  6.7649E-02
  he-4         0.0000E+00  1.7469E+00
  u-234        0.0000E+00  1.9277E+00
  u-235        2.8000E+04  3.8458E+03
  u-236        0.0000E+00  3.7966E+03
  u-237        0.0000E+00  1.9154E+01
  u-238        9.7200E+05  9.3640E+05
  u-239        0.0000E+00  1.3408E+00
  np-237       0.0000E+00  4.9573E+02
  np-238       0.0000E+00  3.4082E+00
  np-239       0.0000E+00  1.9314E+02
  pu-238       0.0000E+00  2.3299E+02
  pu-239       0.0000E+00  5.2640E+03
  pu-240       0.0000E+00  2.4523E+03
  pu-241       0.0000E+00  1.8255E+03
  pu-242       0.0000E+00  1.0146E+03
  pu-243       0.0000E+00  6.1029E-01
  pu-244       0.0000E+00  1.2320E-01
  am-241       0.0000E+00  2.4512E+01
  am-242m      0.0000E+00  4.1270E-01
  am-242       0.0000E+00  1.7142E-01
  am-243       0.0000E+00  2.4408E+02
  am-244m      0.0000E+00  2.3154E-02
  am-244       0.0000E+00  3.6023E-02
  cm-242       0.0000E+00  1.8317E+01
  cm-243       0.0000E+00  5.6482E-01
  cm-244       0.0000E+00  1.1756E+02
  cm-245       0.0000E+00  7.3746E+00
  cm-246       0.0000E+00  1.0998E+00
  ge-73        0.0000E+00  2.7360E-02
  ge-74        0.0000E+00  7.0107E-02
  as-75        0.0000E+00  1.5969E-01
  ge-76        0.0000E+00  4.1301E-01
  se-77        0.0000E+00  9.4203E-01
  se-78        0.0000E+00  2.8503E+00
  se-79        0.0000E+00  5.9683E+00
  se-80        0.0000E+00  1.5327E+01
  br-81        0.0000E+00  2.5633E+01
  se-82        0.0000E+00  4.0440E+01
  kr-82        0.0000E+00  1.0465E+00
  kr-83        0.0000E+00  4.3788E+01
  kr-84        0.0000E+00  1.3428E+02
  kr-85        0.0000E+00  2.9874E+01
  kr-85m       0.0000E+00  4.4542E-02
  rb-85        0.0000E+00  1.1362E+02
  kr-86        0.0000E+00  2.1379E+02
  rb-86        0.0000E+00  5.6963E-02
  sr-86        0.0000E+00  6.4106E-01
  kr-87        0.0000E+00  2.4144E-02
  rb-87        0.0000E+00  2.8064E+02
  kr-88        0.0000E+00  7.1729E-02
  sr-88        0.0000E+00  3.8832E+02
  sr-89        0.0000E+00  4.1544E+01
  y-89         0.0000E+00  4.9093E+02
  sr-90        0.0000E+00  6.2376E+02
  y-90         0.0000E+00  1.7474E-01
  zr-90        0.0000E+00  1.4650E+01
  sr-91        0.0000E+00  4.6273E-01
  y-91         0.0000E+00  7.5443E+01
  y-91m        0.0000E+00  2.3432E-02
  zr-91        0.0000E+00  6.0942E+02
  sr-92        0.0000E+00  1.4838E-01
  y-92         0.0000E+00  1.9604E-01
  zr-92        0.0000E+00  7.5787E+02
  y-93         0.0000E+00  6.7819E-01
  zr-93        0.0000E+00  8.4905E+02
  y-94         0.0000E+00  2.2691E-02
  zr-94        0.0000E+00  9.2653E+02
  zr-95        0.0000E+00  1.3399E+02
  nb-95        0.0000E+00  7.2748E+01
  nb-95m       0.0000E+00  8.1751E-02
  mo-95        0.0000E+00  7.8085E+02
  zr-96        0.0000E+00  1.0002E+03
  mo-96        0.0000E+00  5.9043E+01
  zr-97        0.0000E+00  1.5061E+00
  nb-97        0.0000E+00  1.0898E-01
  mo-97        0.0000E+00  1.0061E+03
  mo-98        0.0000E+00  1.0596E+03
  mo-99        0.0000E+00  6.9555E+00
  tc-99        0.0000E+00  9.7768E+02
  tc-99m       0.0000E+00  5.5997E-01
  ru-99        0.0000E+00  3.6147E-02
  mo-100       0.0000E+00  1.2072E+03
  ru-100       0.0000E+00  1.5965E+02
  mo-101       0.0000E+00  2.5254E-02
  tc-101       0.0000E+00  2.4572E-02
  ru-101       0.0000E+00  1.0024E+03
  ru-102       0.0000E+00  1.0849E+03
  ru-103       0.0000E+00  1.0396E+02
  rh-103       0.0000E+00  5.6088E+02
  rh-103m      0.0000E+00  1.0210E-01
  tc-104       0.0000E+00  2.9878E-02
  ru-104       0.0000E+00  8.1820E+02
  pd-104       0.0000E+00  3.9879E+02
  ru-105       0.0000E+00  3.8680E-01
  rh-105       0.0000E+00  2.5553E+00
  pd-105       0.0000E+00  5.2508E+02
  ru-106       0.0000E+00  3.3933E+02
  pd-106       0.0000E+00  3.2341E+02
  pd-107       0.0000E+00  3.5727E+02
  pd-108       0.0000E+00  2.4118E+02
  pd-109       0.0000E+00  4.4395E-01
  ag-109       0.0000E+00  1.2049E+02
  pd-110       0.0000E+00  8.0691E+01
  ag-110m      0.0000E+00  1.3072E+00
  cd-110       0.0000E+00  7.1026E+01
  ag-111       0.0000E+00  1.0935E+00
  cd-111       0.0000E+00  3.9630E+01
  pd-112       0.0000E+00  5.3867E-02
  cd-112       0.0000E+00  2.0214E+01
  cd-113       0.0000E+00  1.2683E-01
  cd-114       0.0000E+00  2.2475E+01
  cd-115       0.0000E+00  4.7177E-02
  cd-115m      0.0000E+00  5.8754E-02
  in-115       0.0000E+00  2.1132E+00
  sn-115       0.0000E+00  3.3621E-01
  cd-116       0.0000E+00  7.8880E+00
  sn-116       0.0000E+00  5.3026E+00
  sn-117       0.0000E+00  7.1094E+00
  sn-118       0.0000E+00  6.6092E+00
  sn-119       0.0000E+00  6.3273E+00
  sn-119m      0.0000E+00  1.1992E-01
  sn-120       0.0000E+00  6.5343E+00
  sn-121       0.0000E+00  2.0267E-02
  sn-121m      0.0000E+00  5.1785E-01
  sb-121       0.0000E+00  6.1102E+00
  sn-122       0.0000E+00  8.3532E+00
  te-122       0.0000E+00  5.8442E-01
  sn-123       0.0000E+00  4.1496E-01
  sb-123       0.0000E+00  7.7092E+00
  sn-124       0.0000E+00  1.3158E+01
  sb-124       0.0000E+00  1.2133E-01
  te-124       0.0000E+00  3.4703E-01
  sn-125       0.0000E+00  2.0769E-01
  sb-125       0.0000E+00  1.4791E+01
  te-125       0.0000E+00  2.6759E+00
  te-125m      0.0000E+00  1.6749E-01
  sn-126       0.0000E+00  2.9065E+01
  te-126       0.0000E+00  7.0086E-01
  sb-127       0.0000E+00  7.4843E-01
  te-127       0.0000E+00  6.5544E-02
  te-127m      0.0000E+00  8.5981E-01
  i-127        0.0000E+00  5.7716E+01
  te-128       0.0000E+00  1.3132E+02
  xe-128       0.0000E+00  4.6939E+00
  sb-129       0.0000E+00  1.0632E-01
  te-129       0.0000E+00  2.6712E-02
  te-129m      0.0000E+00  3.1783E+00
  i-129        0.0000E+00  2.1274E+02
  xe-129       0.0000E+00  4.1343E-02
  te-130       0.0000E+00  4.9393E+02
  i-130        0.0000E+00  2.8933E-02
  xe-130       0.0000E+00  1.1876E+01
  sb-131       0.0000E+00  2.3060E-02
  te-131       0.0000E+00  2.7766E-02
  te-131m      0.0000E+00  5.3719E-01
  i-131        0.0000E+00  1.5195E+01
  xe-131       0.0000E+00  4.9863E+02
  xe-131m      0.0000E+00  2.7186E-01
  te-132       0.0000E+00  8.5025E+00
  i-132        0.0000E+00  2.6162E-01
  xe-132       0.0000E+00  1.4924E+03
  te-133m      0.0000E+00  6.9068E-02
  i-133        0.0000E+00  3.2597E+00
  xe-133       0.0000E+00  1.9710E+01
  xe-133m      0.0000E+00  2.5957E-01
  cs-133       0.0000E+00  1.3679E+03
  te-134       0.0000E+00  9.1350E-02
  i-134        0.0000E+00  1.5272E-01
  xe-134       0.0000E+00  1.9517E+03
  cs-134       0.0000E+00  2.2581E+02
  ba-134       0.0000E+00  4.3379E+01
  i-135        0.0000E+00  1.0076E+00
  xe-135       0.0000E+00  1.7881E-01
  cs-135       0.0000E+00  2.3863E+02
  ba-135       0.0000E+00  3.6307E-01
  xe-136       0.0000E+00  3.2716E+03
  cs-136       0.0000E+00  9.5145E-01
  ba-136       0.0000E+00  1.9226E+01
  cs-137       0.0000E+00  1.5979E+03
  ba-137       0.0000E+00  2.9765E+01
  xe-138       0.0000E+00  3.1260E-02
  cs-138       0.0000E+00  8.1773E-02
  ba-138       0.0000E+00  1.6506E+03
  la-138       0.0000E+00  2.0147E-02
  cs-139       0.0000E+00  2.1201E-02
  ba-139       0.0000E+00  1.9495E-01
  la-139       0.0000E+00  1.5358E+03
  ba-140       0.0000E+00  4.1381E+01
  la-140       0.0000E+00  5.6877E+00
  ce-140       0.0000E+00  1.5272E+03
  ba-141       0.0000E+00  3.8715E-02
  la-141       0.0000E+00  5.0263E-01
  ce-141       0.0000E+00  9.8398E+01
  pr-141       0.0000E+00  1.3495E+03
  ba-142       0.0000E+00  2.0818E-02
  la-142       0.0000E+00  1.8579E-01
  ce-142       0.0000E+00  1.4255E+03
  pr-142       0.0000E+00  1.4023E-01
  nd-142       0.0000E+00  3.5434E+01
  la-143       0.0000E+00  2.7427E-02
  ce-143       0.0000E+00  3.8623E+00
  pr-143       0.0000E+00  3.7582E+01
  nd-143       0.0000E+00  8.4039E+02
  ce-144       0.0000E+00  6.4218E+02
  pr-144       0.0000E+00  2.7488E-02
  nd-144       0.0000E+00  1.1159E+03
  pr-145       0.0000E+00  4.9070E-01
  nd-145       0.0000E+00  8.0565E+02
  pr-146       0.0000E+00  2.7252E-02
  nd-146       0.0000E+00  9.0726E+02
  nd-147       0.0000E+00  1.3902E+01
  pm-147       0.0000E+00  2.0843E+02
  sm-147       0.0000E+00  4.3921E+01
  nd-148       0.0000E+00  4.9335E+02
  pm-148       0.0000E+00  2.7404E+00
  pm-148m      0.0000E+00  1.6783E+00
  sm-148       0.0000E+00  1.7258E+02
  nd-149       0.0000E+00  5.9266E-02
  pm-149       0.0000E+00  2.8603E+00
  sm-149       0.0000E+00  2.1618E+00
  nd-150       0.0000E+00  2.4063E+02
  sm-150       0.0000E+00  4.1198E+02
  pm-151       0.0000E+00  5.5049E-01
  sm-151       0.0000E+00  1.2821E+01
  sm-152       0.0000E+00  1.2819E+02
  sm-153       0.0000E+00  2.4644E+00
  eu-153       0.0000E+00  1.5695E+02
  sm-154       0.0000E+00  6.0799E+01
  eu-154       0.0000E+00  4.1424E+01
  gd-154       0.0000E+00  2.0476E+00
  eu-155       0.0000E+00  1.4008E+01
  gd-155       0.0000E+00  4.7120E-02
  sm-156       0.0000E+00  2.7984E-02
  eu-156       0.0000E+00  1.5811E+01
  gd-156       0.0000E+00  1.9443E+02
  eu-157       0.0000E+00  6.9696E-02
  gd-157       0.0000E+00  1.8100E-01
  gd-158       0.0000E+00  4.1186E+01
  tb-159       0.0000E+00  4.2992E+00
  gd-160       0.0000E+00  1.8050E+00
  tb-160       0.0000E+00  2.5887E-01
  dy-160       0.0000E+00  3.1567E-01
  tb-161       0.0000E+00  3.6212E-02
  dy-161       0.0000E+00  5.9324E-01
  dy-162       0.0000E+00  4.7986E-01
  dy-163       0.0000E+00  4.1252E-01
  dy-164       0.0000E+00  1.1560E-01
  ho-165       0.0000E+00  2.4510E-01
  er-166       0.0000E+00  7.9369E-02
------------
  totals       1.0000E+06  1.0004E+06
=========================================================================================================================
.
.
=========================================================================================================================
=   History overview for case 'decay' (#2/2)                                                                            =
-------------------------------------------------------------------------------------------------------------------------
   step          t0          t1          dt           t        flux     fluence       power      energy
    (-)         (y)         (y)         (s)         (s)   (n/cm2-s)     (n/cm2)        (MW)       (MWd)
      1      1.5057      2.5057  3.1560E+07  7.9080E+07  0.0000E+00  3.7225E+22  0.0000E+00  4.1717E+04
          
              step - step index within this case
                t0 - time at beginning-of-step in input units
                t1 - time at end-of-step in input units
                dt - length of step in seconds
                 t - end-of-step cumulative time in seconds
              flux - flux in neutrons/cm^2-sec (CALCULATED)
           fluence - cumulative end-of-step fluence in neutrons/cm^2 (CALCULATED)
             power - power in mega-watts (INPUT)     
            energy - cumulative end-of-step energy released in mega-watt-days (INPUT)     
=========================================================================================================================
.
.
.
.
.
*************************************************************************************************************************
********************                                                                                 ********************
********************                                                                                 ********************
********************                    Library information                                          ********************
********************                                                                                 ********************
********************                                                                                 ********************
*************************************************************************************************************************
.
.
=========================================================================================================================
=   Library summary for case 'decay' (#2/2)                                                                             =
-------------------------------------------------------------------------------------------------------------------------
filename: C:/Users/Teddy/AppData/Local/Temp/scale.Teddy.4364/w17x17_100d.f33 cross-section data taken from position number: 1
library title delimited by {}: 
{}
date library was produced: 538976288/538976288/538976288
total number of nuclides in library: 2237
number of light-element nuclides: 910
number of actinide nuclides: 176
number of fission product nuclides: 1151
number of nonzero off-diagonal matrix elements: 54564
=========================================================================================================================
.
.
*************************************************************************************************************************
********************                                                                                 ********************
********************                                                                                 ********************
********************                    Concentration tables                                         ********************
********************                                                                                 ********************
********************                                                                                 ********************
*************************************************************************************************************************
.
.
=========================================================================================================================
=   Nuclide concentrations in grams for case 'decay' (#2/2)                                                             =
-------------------------------------------------------------------------------------------------------------------------
  (relative cutoff; integral of concentrations over time >   1.00E-06 % of integral of all concentrations over time)
.
                   1.506y      2.506y   
  h-3          6.7649E-02  6.3948E-02
  he-4         1.7469E+00  2.1019E+00
  u-234        1.9277E+00  3.8267E+00
  u-235        3.8458E+03  3.8459E+03
  u-236        3.7966E+03  3.7968E+03
  u-237        1.9154E+01  5.4255E-05
  u-238        9.3640E+05  9.3640E+05
  u-239        1.3408E+00  0.0000E+00
  np-237       4.9573E+02  5.1499E+02
  np-238       3.4082E+00  7.6208E-08
  np-239       1.9314E+02  2.1061E-04
  pu-238       2.3299E+02  2.4878E+02
  pu-239       5.2640E+03  5.4584E+03
  pu-240       2.4523E+03  2.4563E+03
  pu-241       1.8255E+03  1.7390E+03
  pu-242       1.0146E+03  1.0146E+03
  pu-243       6.1029E-01  5.2356E-13
  pu-244       1.2320E-01  1.2321E-01
  am-241       2.4512E+01  1.1084E+02
  am-242m      4.1270E-01  4.1068E-01
  am-242       1.7142E-01  5.2986E-06
  am-243       2.4408E+02  2.4466E+02
  am-244m      2.3154E-02  0.0000E+00
  am-244       3.6023E-02  3.7892E-14
  cm-242       1.8317E+01  3.9035E+00
  cm-243       5.6482E-01  5.5152E-01
  cm-244       1.1756E+02  1.1320E+02
  cm-245       7.3746E+00  7.3740E+00
  cm-246       1.0998E+00  1.0996E+00
  cm-247       1.4684E-02  1.4684E-02
  ge-72        1.2015E-02  1.2096E-02
  ge-73        2.7360E-02  2.7375E-02
  ge-74        7.0107E-02  7.0108E-02
  as-75        1.5969E-01  1.5971E-01
  ge-76        4.1301E-01  4.1301E-01
  se-77        9.4203E-01  9.4620E-01
  se-78        2.8503E+00  2.8510E+00
  se-79        5.9683E+00  5.9684E+00
  se-80        1.5327E+01  1.5327E+01
  br-81        2.5633E+01  2.5634E+01
  se-82        4.0440E+01  4.0440E+01
  kr-82        1.0465E+00  1.0540E+00
  kr-83        4.3788E+01  4.3809E+01
  kr-84        1.3428E+02  1.3428E+02
  kr-85        2.9874E+01  2.8018E+01
  kr-85m       4.4542E-02  0.0000E+00
  rb-85        1.1362E+02  1.1552E+02
  kr-86        2.1379E+02  2.1379E+02
  rb-86        5.6963E-02  7.1380E-08
  sr-86        6.4106E-01  6.9802E-01
  kr-87        2.4144E-02  0.0000E+00
  rb-87        2.8064E+02  2.8066E+02
  kr-88        7.1729E-02  0.0000E+00
  sr-88        3.8832E+02  3.8840E+02
  sr-89        4.1544E+01  2.7699E-01
  y-89         4.9093E+02  5.3220E+02
  sr-90        6.2376E+02  6.0892E+02
  y-90         1.7474E-01  1.5446E-01
  zr-90        1.4650E+01  2.9510E+01
  sr-91        4.6273E-01  0.0000E+00
  y-91         7.5443E+01  1.0025E+00
  y-91m        2.3432E-02  0.0000E+00
  zr-91        6.0942E+02  6.8434E+02
  sr-92        1.4838E-01  0.0000E+00
  y-92         1.9604E-01  0.0000E+00
  zr-92        7.5787E+02  7.5822E+02
  y-93         6.7819E-01  0.0000E+00
  zr-93        8.4905E+02  8.4974E+02
  y-94         2.2691E-02  0.0000E+00
  zr-94        9.2653E+02  9.2655E+02
  mo-94        1.2815E-02  1.2815E-02
  zr-95        1.3399E+02  2.5695E+00
  nb-95        7.2748E+01  3.1301E+00
  nb-95m       8.1751E-02  1.6583E-03
  mo-95        7.8085E+02  9.8207E+02
  zr-96        1.0002E+03  1.0002E+03
  mo-96        5.9043E+01  5.9057E+01
  zr-97        1.5061E+00  0.0000E+00
  nb-97        1.0898E-01  0.0000E+00
  mo-97        1.0061E+03  1.0077E+03
  mo-98        1.0596E+03  1.0596E+03
  mo-99        6.9555E+00  0.0000E+00
  tc-99        9.7768E+02  9.8519E+02
  tc-99m       5.5997E-01  0.0000E+00
  ru-99        3.6147E-02  3.9629E-02
  mo-100       1.2072E+03  1.2072E+03
  ru-100       1.5965E+02  1.5965E+02
  mo-101       2.5254E-02  0.0000E+00
  tc-101       2.4572E-02  0.0000E+00
  ru-101       1.0024E+03  1.0024E+03
  ru-102       1.0849E+03  1.0849E+03
  ru-103       1.0396E+02  1.6411E-01
  rh-103       5.6088E+02  6.6478E+02
  rh-103m      1.0210E-01  1.6119E-04
  tc-104       2.9878E-02  0.0000E+00
  ru-104       8.1820E+02  8.1823E+02
  pd-104       3.9879E+02  3.9879E+02
  ru-105       3.8680E-01  0.0000E+00
  rh-105       2.5553E+00  0.0000E+00
  pd-105       5.2508E+02  5.2803E+02
  ru-106       3.3933E+02  1.7173E+02
  pd-106       3.2341E+02  4.9100E+02
  pd-107       3.5727E+02  3.5729E+02
  pd-108       2.4118E+02  2.4118E+02
  pd-109       4.4395E-01  0.0000E+00
  ag-109       1.2049E+02  1.2093E+02
  pd-110       8.0691E+01  8.0691E+01
  ag-110m      1.3072E+00  4.7432E-01
  cd-110       7.1026E+01  7.1859E+01
  ag-111       1.0935E+00  1.9053E-15
  cd-111       3.9630E+01  4.0726E+01
  pd-112       5.3867E-02  0.0000E+00
  cd-112       2.0214E+01  2.0276E+01
  cd-113       1.2683E-01  1.3308E-01
  cd-114       2.2475E+01  2.2475E+01
  cd-115       4.7177E-02  0.0000E+00
  cd-115m      5.8754E-02  2.0020E-04
  in-115       2.1132E+00  2.2206E+00
  sn-115       3.3621E-01  3.3878E-01
  cd-116       7.8880E+00  7.8880E+00
  sn-116       5.3026E+00  5.3031E+00
  sn-117       7.1094E+00  7.1138E+00
  sn-118       6.6092E+00  6.6098E+00
  sn-119       6.3273E+00  6.3969E+00
  sn-119m      1.1992E-01  5.0537E-02
  sn-120       6.5343E+00  6.5343E+00
  sn-121       2.0267E-02  2.7787E-05
  sn-121m      5.1785E-01  5.0974E-01
  sb-121       6.1102E+00  6.1385E+00
  sn-122       8.3532E+00  8.3534E+00
  te-122       5.8442E-01  5.9303E-01
  sn-123       4.1496E-01  5.8469E-02
  sb-123       7.7092E+00  8.0663E+00
  sn-124       1.3158E+01  1.3158E+01
  sb-124       1.2133E-01  1.8088E-03
  te-124       3.4703E-01  4.6655E-01
  sn-125       2.0769E-01  8.1419E-13
  sb-125       1.4791E+01  1.1668E+01
  te-125       2.6759E+00  6.0125E+00
  te-125m      1.6749E-01  1.6216E-01
  sn-126       2.9065E+01  2.9065E+01
  te-126       7.0086E-01  7.1222E-01
  sb-127       7.4843E-01  0.0000E+00
  te-127       6.5544E-02  3.3943E-04
  te-127m      8.5981E-01  9.6955E-02
  i-127        5.7716E+01  5.9303E+01
  te-128       1.3132E+02  1.3135E+02
  xe-128       4.6939E+00  4.6944E+00
  sb-129       1.0632E-01  0.0000E+00
  te-129       2.6712E-02  1.5477E-06
  te-129m      3.1783E+00  1.7054E-03
  i-129        2.1274E+02  2.1605E+02
  xe-129       4.1343E-02  4.1695E-02
  te-130       4.9393E+02  4.9395E+02
  i-130        2.8933E-02  0.0000E+00
  xe-130       1.1876E+01  1.1905E+01
  sb-131       2.3060E-02  0.0000E+00
  te-131       2.7766E-02  0.0000E+00
  te-131m      5.3719E-01  0.0000E+00
  i-131        1.5195E+01  3.1580E-13
  xe-131       4.9863E+02  5.1468E+02
  xe-131m      2.7186E-01  4.1587E-10
  te-132       8.5025E+00  0.0000E+00
  i-132        2.6162E-01  0.0000E+00
  xe-132       1.4924E+03  1.5012E+03
  te-133m      6.9068E-02  0.0000E+00
  i-133        3.2597E+00  0.0000E+00
  xe-133       1.9710E+01  2.5815E-20
  xe-133m      2.5957E-01  0.0000E+00
  cs-133       1.3679E+03  1.3912E+03
  te-134       9.1350E-02  0.0000E+00
  i-134        1.5272E-01  0.0000E+00
  xe-134       1.9517E+03  1.9520E+03
  cs-134       2.2581E+02  1.6143E+02
  ba-134       4.3379E+01  1.0777E+02
  i-135        1.0076E+00  0.0000E+00
  xe-135       1.7881E-01  0.0000E+00
  cs-135       2.3863E+02  2.3982E+02
  ba-135       3.6307E-01  3.6346E-01
  xe-136       3.2716E+03  3.2716E+03
  cs-136       9.5145E-01  4.1950E-09
  ba-136       1.9226E+01  2.0178E+01
  cs-137       1.5979E+03  1.5615E+03
  ba-137       2.9765E+01  6.6169E+01
  xe-138       3.1260E-02  0.0000E+00
  cs-138       8.1773E-02  0.0000E+00
  ba-138       1.6506E+03  1.6507E+03
  la-138       2.0147E-02  2.0147E-02
  cs-139       2.1201E-02  0.0000E+00
  ba-139       1.9495E-01  0.0000E+00
  la-139       1.5358E+03  1.5360E+03
  ba-140       4.1381E+01  9.8744E-08
  la-140       5.6877E+00  1.4966E-08
  ce-140       1.5272E+03  1.5743E+03
  ba-141       3.8715E-02  0.0000E+00
  la-141       5.0263E-01  0.0000E+00
  ce-141       9.8398E+01  4.1003E-02
  pr-141       1.3495E+03  1.4484E+03
  ba-142       2.0818E-02  0.0000E+00
  la-142       1.8579E-01  0.0000E+00
  ce-142       1.4255E+03  1.4257E+03
  pr-142       1.4023E-01  0.0000E+00
  nd-142       3.5434E+01  3.5574E+01
  la-143       2.7427E-02  0.0000E+00
  ce-143       3.8623E+00  0.0000E+00
  pr-143       3.7582E+01  3.3047E-07
  nd-143       8.4039E+02  8.8187E+02
  ce-144       6.4218E+02  2.6407E+02
  pr-144       2.7488E-02  1.1123E-02
  nd-144       1.1159E+03  1.4941E+03
  pr-145       4.9070E-01  0.0000E+00
  nd-145       8.0565E+02  8.0614E+02
  pr-146       2.7252E-02  0.0000E+00
  nd-146       9.0726E+02  9.0730E+02
  nd-147       1.3902E+01  1.3455E-09
  pm-147       2.0843E+02  1.7083E+02
  sm-147       4.3921E+01  9.5428E+01
  nd-148       4.9335E+02  4.9335E+02
  pm-148       2.7404E+00  2.2880E-05
  pm-148m      1.6783E+00  3.6455E-03
  sm-148       1.7258E+02  1.7699E+02
  nd-149       5.9266E-02  0.0000E+00
  pm-149       2.8603E+00  0.0000E+00
  sm-149       2.1618E+00  5.0826E+00
  nd-150       2.4063E+02  2.4063E+02
  sm-150       4.1198E+02  4.1199E+02
  pm-151       5.5049E-01  0.0000E+00
  sm-151       1.2821E+01  1.3273E+01
  eu-151       5.7968E-03  1.0841E-01
  sm-152       1.2819E+02  1.2820E+02
  gd-152       1.0382E-02  1.0471E-02
  sm-153       2.4644E+00  0.0000E+00
  eu-153       1.5695E+02  1.5941E+02
  sm-154       6.0799E+01  6.0799E+01
  eu-154       4.1424E+01  3.8217E+01
  gd-154       2.0476E+00  5.2546E+00
  eu-155       1.4008E+01  1.2109E+01
  gd-155       4.7120E-02  1.9484E+00
  sm-156       2.7984E-02  0.0000E+00
  eu-156       1.5811E+01  9.1360E-07
  gd-156       1.9443E+02  2.1027E+02
  eu-157       6.9696E-02  0.0000E+00
  gd-157       1.8100E-01  2.5095E-01
  gd-158       4.1186E+01  4.1187E+01
  tb-159       4.2992E+00  4.3170E+00
  gd-160       1.8050E+00  1.8050E+00
  tb-160       2.5887E-01  7.8017E-03
  dy-160       3.1567E-01  5.6673E-01
  tb-161       3.6212E-02  4.3302E-18
  dy-161       5.9324E-01  6.2946E-01
  dy-162       4.7986E-01  4.7987E-01
  dy-163       4.1252E-01  4.1253E-01
  dy-164       1.1560E-01  1.1560E-01
  ho-165       2.4510E-01  2.4531E-01
  er-166       7.9369E-02  8.0282E-02
  er-168       1.4327E-02  1.4327E-02
------------
  totals       1.0004E+06  1.0004E+06
=========================================================================================================================
.
.
*************************************************************************************************************************
********************                                                                                 ********************
********************                                                                                 ********************
********************                    Written F71 File Information                                 ********************
********************                                                                                 ********************
********************                                                                                 ********************
*************************************************************************************************************************
.
.
   pos         time        power         flux      fluence       energy libpos   case   step DCGNAB
   (-)          (s)         (MW)    (n/cm2-s)      (n/cm2)        (MWd)    (-)    (-)    (-)    (-)
     1  4.75200e+07  0.00000e+00  0.00000e+00  3.72249e+22  4.17172e+04      1      2      0 DC----
     2  7.90800e+07  0.00000e+00  0.00000e+00  3.72249e+22  4.17172e+04      1      2      1 DC----
    D - state definition present
    C - concentrations present
    G - gamma emission spectra present
    N - neutron emission spectra present
    A - alpha emission spectra present
    B - beta emission spectra present
.
.
.
=========================================================================================================================
ORIGEN finished successfully.
=========================================================================================================================
    module origen used 0.639206 seconds cpu time for the current pass.

    module origen is finished. completion code    0. total cpu time used 4.1988e-006 seconds.


    SCALE is finished on Wed Feb 13 18:30:18 2019.
-------------------------- Summary --------------------------
arp finished. used 2.3838 seconds.
origen finished. used 0.642111 seconds.
SCALE driver required a maximum of 8.281 MiB of RAM.
------------------------ End Summary ------------------------

w17x17_100d.f33 copied to C:\Users\Teddy\Desktop\scale_test\output\w17x17_100d.f33.
discharge.f71 copied to C:\Users\Teddy\Desktop\scale_test\output\discharge.f71.
