 *******************************************************************************
 *                                                                             *
 *                                 SCALE 6.2.2                                 *
 *                                -------------                                *
 *                                February 2019                                *
 *                                                                             *
 *           SCALE:  A Comprehensive Modeling and Simulation Suite             *
 *                   for Nuclear Safety Analysis and Design                    *
 *                                                                             *
 *                      Reactor and Nuclear Systems Division                   *
 *                        Oak Ridge National Laboratory                        *
 *                                                                             *
 *                           http://scale.ornl.gov                             *
 *                            scalehelp@ornl.gov                               *
 *                                                                             *
 *******************************************************************************
 *******************************************************************************
      
                  Job Information
                  ---------------
      Job started on DESKTOP-J14NAA6 on Wed 13/02/2019 18:27:16
      Working directory: C:\Users\Teddy\AppData\Local\Temp\scale.Teddy.2332
      Input file name  : C:\Users\Teddy\Desktop\scale_test\output\2.800000_5656.565657.inp
      Output file name : C:\Users\Teddy\Desktop\scale_test\output\2.800000_5656.565657.out
      SCALE executable : C:\SCALE-6.2.2/bin/scale
      
 *******************************************************************************


    module arp will be called on Wed Feb 13 18:27:17 2019.
    sequence specification record:=arp
Input Data:

      'library type
      w17x17
      2.800000
      ' num cycles
      1
      ' num days per cycle
      550
      ' cycle average specific power (MW / MTU)
      10.284665
      ' number of interpolated cross section sets generated per cycle
      1
      ' moderator density (g/cc)
      0.723
      ' interpolated output ORIGEN library
      w17x17_100d.f33
end

1






        ************************************************************************************************************************
        ************************************************************************************************************************
        ************************************************************************************************************************
        *****                                                                                                              *****
        *****                                       program verification information                                       *****
        *****                                                                                                              *****
        *****                                   code system:  SCALE    version:  6.2                                       *****
        *****                                                                                                              *****
        ************************************************************************************************************************
        ************************************************************************************************************************
        *****                                                                                                              *****
        *****                                                                                                              *****
        *****              program:  arp.exe                                                                               *****
        *****                                                                                                              *****
        *****        creation date:   unknown                                                                              *****
        *****                                                                                                              *****
        *****              library:  C:\SCALE-6.2.2\bin                                                                    *****
        *****                                                                                                              *****
        *****                                                                                                              *****
        *****            prod code:  arp.exe                                                                               *****
        *****                                                                                                              *****
        *****              version:  6.2.2                                                                                 *****
        *****                                                                                                              *****
        *****              jobname:  Teddy                                                                                 *****
        *****                                                                                                              *****
        *****         machine name:  DESKTOP-J14NAA6                                                                       *****
        *****                                                                                                              *****
        *****    date of execution:  13_feb_2019                                                                           *****
        *****                                                                                                              *****
        *****    time of execution:  18:27:17.19                                                                           *****
        *****                                                                                                              *****
        *****                                                                                                              *****
        ************************************************************************************************************************
        ************************************************************************************************************************
        ************************************************************************************************************************


 'library type
    data library:       w17x17
       directory:       C:/SCALE-6.2.2/data/\arplibs
       definition:      C:/SCALE-6.2.2/data/\arpdata.txt
    u-235 enrichment:                        2.800

 ' num cycles
    number of cycles:                            1

 ' num days per cycle

 ' cycle average specific power (MW / MTU)

 ' number of interpolated cross section sets generated per cycle

 ' moderator density (g/cc)
    water density (g/cm3):                  0.7230
                                         cycle        cumulative      midpoint
   cycle time(d)        power(MW)      burnup(MWd/MTU)burnup(MWd/MTU)burnup(MWd/MTU)nlib
     1    550.000        10.2847        5656.57        5656.57        2828.28             1

 ' interpolated output ORIGEN library
    interpolated library name:                   w17x17_100d.f33
 interpolation type: spline
 Cross section library interpolation completed.
.
.
.
=========================================================================================================================
ARP finished successfully.
=========================================================================================================================
    module arp used 1.96392 seconds cpu time for the current pass.

    module arp is finished. completion code    0. total cpu time used 1.07303e-005 seconds.



    module origen will be called on Wed Feb 13 18:27:19 2019.
    sequence specification record:=origen
Input Data:

      case(irrad) {
          lib{
              file="w17x17_100d.f33" pos=1
          }
          mat {
              units=GRAMS
              iso=[u235=28000.000000 u238=972000.000000]
          }
          time = [ 550 ]
          power = [ 10.284665 ]
      }
      case (decay) {
          time {
              units=YEARS
              start=0
              t=[1]
          }
          save{ file="discharge.f71" steps=[0 LAST]}
      }
end

1






        ************************************************************************************************************************
        ************************************************************************************************************************
        ************************************************************************************************************************
        *****                                                                                                              *****
        *****                                       program verification information                                       *****
        *****                                                                                                              *****
        *****                                   code system:  SCALE    version:  6.2                                       *****
        *****                                                                                                              *****
        ************************************************************************************************************************
        ************************************************************************************************************************
        *****                                                                                                              *****
        *****                                                                                                              *****
        *****              program:  origen.exe                                                                            *****
        *****                                                                                                              *****
        *****        creation date:   unknown                                                                              *****
        *****                                                                                                              *****
        *****              library:  C:\SCALE-6.2.2\bin                                                                    *****
        *****                                                                                                              *****
        *****                                                                                                              *****
        *****            prod code:  origen.exe                                                                            *****
        *****                                                                                                              *****
        *****              version:  6.2.2                                                                                 *****
        *****                                                                                                              *****
        *****              jobname:  Teddy                                                                                 *****
        *****                                                                                                              *****
        *****         machine name:  DESKTOP-J14NAA6                                                                       *****
        *****                                                                                                              *****
        *****    date of execution:  13_feb_2019                                                                           *****
        *****                                                                                                              *****
        *****    time of execution:  18:27:19.18                                                                           *****
        *****                                                                                                              *****
        *****                                                                                                              *****
        ************************************************************************************************************************
        ************************************************************************************************************************
        ************************************************************************************************************************

*************************************************************************************************************************
********************                                                                                 ********************
********************                                                                                 ********************
********************                    USER INPUT SUMMARY                                           ********************
********************                                                                                 ********************
********************                                                                                 ********************
*************************************************************************************************************************
.
.
=========================================================================================================================
=   Case "irrad" (#1/2)                                                                                                 =
-------------------------------------------------------------------------------------------------------------------------
###   Library settings                                                                                                ###
.
                                Library file name:     C:/Users/Teddy/AppData/Local/Temp/scale.Teddy.2332/w17x17_100d.f33
                             Library set position:              1
                 Fission product reaction removal:             no
-------------------------------------------------------------------------------------------------------------------------
###   Global settings                                                                                                 ###
.
                                           Solver:              MATREX
                                             Mode:        forward
                             Fixed fission energy:             no
-------------------------------------------------------------------------------------------------------------------------
###   Concentrations output options                                                                                   ###
.
                            High-precision output:             no
                                  Relative cutoff:            yes
                         Step for applying cutoff:       integral
.
                      light els.   actinides  fis.prods.       total
                       nuc    el   nuc    el   nuc    el   nuc    el             cutoff
gram-atoms                                                                    1.000E-06
grams                                                      **                 1.000E-06
curies                                                                        1.000E-06
watts                                                                         1.000E-06
gamma watts                                                                   1.000E-06
m3 air                                                                        1.000E-06
m3 water                                                                      1.000E-06
grams ppm                                                                     1.000E-06
atoms ppm                                                                     1.000E-06
atoms/barn-cm                                                                 1.000E-06
becquerels                                                                    1.000E-06
-------------------------------------------------------------------------------------------------------------------------
###   Additional output options                                                                                       ###
.
                                      Print k-inf:             no
           Nuclides for absorption fraction print:           none
                              Print fission rates:             no
            Step for sorting absorption fractions:              1
=========================================================================================================================
=   Case "decay" (#2/2)                                                                                                 =
-------------------------------------------------------------------------------------------------------------------------
###   Library settings                                                                                                ###
.
                                Library file name:     C:/Users/Teddy/AppData/Local/Temp/scale.Teddy.2332/w17x17_100d.f33
                             Library set position:              1
                 Fission product reaction removal:             no
-------------------------------------------------------------------------------------------------------------------------
###   Global settings                                                                                                 ###
.
                                           Solver:              MATREX
                                             Mode:        forward
                             Fixed fission energy:             no
-------------------------------------------------------------------------------------------------------------------------
###   Concentrations output options                                                                                   ###
.
                            High-precision output:             no
                                  Relative cutoff:            yes
                         Step for applying cutoff:       integral
.
                      light els.   actinides  fis.prods.       total
                       nuc    el   nuc    el   nuc    el   nuc    el             cutoff
gram-atoms                                                                    1.000E-06
grams                                                      **                 1.000E-06
curies                                                                        1.000E-06
watts                                                                         1.000E-06
gamma watts                                                                   1.000E-06
m3 air                                                                        1.000E-06
m3 water                                                                      1.000E-06
grams ppm                                                                     1.000E-06
atoms ppm                                                                     1.000E-06
atoms/barn-cm                                                                 1.000E-06
becquerels                                                                    1.000E-06
-------------------------------------------------------------------------------------------------------------------------
###   Additional output options                                                                                       ###
.
                                      Print k-inf:             no
           Nuclides for absorption fraction print:           none
                              Print fission rates:             no
            Step for sorting absorption fractions:              1
=========================================================================================================================
###   Blending information                                                                                            ###
.
  --- no blending requested in this job ---
=========================================================================================================================
.
.
=========================================================================================================================
=   History overview for case 'irrad' (#1/2)                                                                            =
-------------------------------------------------------------------------------------------------------------------------
   step          t0          t1          dt           t        flux     fluence       power      energy
    (-)         (d)         (d)         (s)         (s)   (n/cm2-s)     (n/cm2)        (MW)       (MWd)
      1      0.0000    550.0000  4.7520E+07  4.7520E+07  8.6601E+13  4.1153E+21  1.0285E+01  5.6566E+03
          
              step - step index within this case
                t0 - time at beginning-of-step in input units
                t1 - time at end-of-step in input units
                dt - length of step in seconds
                 t - end-of-step cumulative time in seconds
              flux - flux in neutrons/cm^2-sec (CALCULATED)
           fluence - cumulative end-of-step fluence in neutrons/cm^2 (CALCULATED)
             power - power in mega-watts (INPUT)     
            energy - cumulative end-of-step energy released in mega-watt-days (INPUT)     
=========================================================================================================================
.
.
.
.
.
*************************************************************************************************************************
********************                                                                                 ********************
********************                                                                                 ********************
********************                    Library information                                          ********************
********************                                                                                 ********************
********************                                                                                 ********************
*************************************************************************************************************************
.
.
=========================================================================================================================
=   Library summary for case 'irrad' (#1/2)                                                                             =
-------------------------------------------------------------------------------------------------------------------------
filename: C:/Users/Teddy/AppData/Local/Temp/scale.Teddy.2332/w17x17_100d.f33 cross-section data taken from position number: 1
library title delimited by {}: 
{}
date library was produced: 538976288/538976288/538976288
total number of nuclides in library: 2237
number of light-element nuclides: 910
number of actinide nuclides: 176
number of fission product nuclides: 1151
number of nonzero off-diagonal matrix elements: 54564
=========================================================================================================================
.
.
*************************************************************************************************************************
********************                                                                                 ********************
********************                                                                                 ********************
********************                    Concentration tables                                         ********************
********************                                                                                 ********************
********************                                                                                 ********************
*************************************************************************************************************************
.
.
=========================================================================================================================
=   Nuclide concentrations in grams for case 'irrad' (#1/2)                                                             =
-------------------------------------------------------------------------------------------------------------------------
  (relative cutoff; integral of concentrations over time >   1.00E-06 % of integral of all concentrations over time)
.
                   0.000d    550.000d   
  he-4         0.0000E+00  1.9694E-01
  u-234        0.0000E+00  3.8135E-01
  u-235        2.8000E+04  2.2003E+04
  u-236        0.0000E+00  1.0682E+03
  u-237        0.0000E+00  9.6134E-01
  u-238        9.7200E+05  9.6800E+05
  u-239        0.0000E+00  1.5401E-01
  np-237       0.0000E+00  3.4669E+01
  np-238       0.0000E+00  2.8942E-02
  np-239       0.0000E+00  2.2270E+01
  pu-238       0.0000E+00  2.1999E+00
  pu-239       0.0000E+00  2.4854E+03
  pu-240       0.0000E+00  2.9420E+02
  pu-241       0.0000E+00  8.7076E+01
  pu-242       0.0000E+00  4.5632E+00
  am-241       0.0000E+00  1.5977E+00
  am-243       0.0000E+00  1.2275E-01
  cm-242       0.0000E+00  1.0568E-01
  as-75        0.0000E+00  2.2180E-02
  ge-76        0.0000E+00  6.1234E-02
  se-77        0.0000E+00  1.5305E-01
  se-78        0.0000E+00  4.1132E-01
  se-79        0.0000E+00  8.9858E-01
  se-80        0.0000E+00  2.4633E+00
  br-81        0.0000E+00  4.0254E+00
  se-82        0.0000E+00  6.4404E+00
  kr-82        0.0000E+00  2.0051E-02
  kr-83        0.0000E+00  1.0169E+01
  kr-84        0.0000E+00  2.0393E+01
  kr-85        0.0000E+00  5.3368E+00
  rb-85        0.0000E+00  2.0515E+01
  kr-86        0.0000E+00  3.9035E+01
  rb-87        0.0000E+00  5.1456E+01
  kr-88        0.0000E+00  2.0681E-02
  sr-88        0.0000E+00  7.2069E+01
  sr-89        0.0000E+00  1.1962E+01
  y-89         0.0000E+00  8.5126E+01
  sr-90        0.0000E+00  1.1686E+02
  y-90         0.0000E+00  2.9990E-02
  zr-90        0.0000E+00  2.1908E+00
  sr-91        0.0000E+00  1.2211E-01
  y-91         0.0000E+00  1.8113E+01
  zr-91        0.0000E+00  1.0518E+02
  sr-92        0.0000E+00  3.6138E-02
  y-92         0.0000E+00  4.7756E-02
  zr-92        0.0000E+00  1.3039E+02
  y-93         0.0000E+00  1.5051E-01
  zr-93        0.0000E+00  1.4082E+02
  zr-94        0.0000E+00  1.4647E+02
  zr-95        0.0000E+00  2.4806E+01
  nb-95        0.0000E+00  1.3539E+01
  mo-95        0.0000E+00  1.2437E+02
  zr-96        0.0000E+00  1.5078E+02
  mo-96        0.0000E+00  1.0290E+00
  zr-97        0.0000E+00  2.6348E-01
  mo-97        0.0000E+00  1.4553E+02
  mo-98        0.0000E+00  1.4527E+02
  mo-99        0.0000E+00  1.1169E+00
  tc-99        0.0000E+00  1.5095E+02
  tc-99m       0.0000E+00  8.9430E-02
  mo-100       0.0000E+00  1.6246E+02
  ru-100       0.0000E+00  2.7330E+00
  ru-101       0.0000E+00  1.3665E+02
  ru-102       0.0000E+00  1.2182E+02
  ru-103       0.0000E+00  1.1017E+01
  rh-103       0.0000E+00  8.2198E+01
  ru-104       0.0000E+00  6.8433E+01
  pd-104       0.0000E+00  6.3002E+00
  ru-105       0.0000E+00  2.8008E-02
  rh-105       0.0000E+00  2.1759E-01
  pd-105       0.0000E+00  4.4175E+01
  ru-106       0.0000E+00  1.8175E+01
  pd-106       0.0000E+00  1.0482E+01
  pd-107       0.0000E+00  1.6560E+01
  pd-108       0.0000E+00  9.5022E+00
  ag-109       0.0000E+00  5.9361E+00
  pd-110       0.0000E+00  3.1776E+00
  cd-110       0.0000E+00  3.7201E-01
  ag-111       0.0000E+00  4.8510E-02
  cd-111       0.0000E+00  1.6743E+00
  cd-112       0.0000E+00  1.0338E+00
  cd-113       0.0000E+00  6.3085E-02
  cd-114       0.0000E+00  1.5171E+00
  in-115       0.0000E+00  5.2623E-01
  sn-115       0.0000E+00  3.1475E-02
  cd-116       0.0000E+00  6.9364E-01
  sn-116       0.0000E+00  1.1313E-01
  sn-117       0.0000E+00  6.4969E-01
  sn-118       0.0000E+00  6.3186E-01
  sn-119       0.0000E+00  6.3423E-01
  sn-120       0.0000E+00  6.4959E-01
  sn-121m      0.0000E+00  4.8372E-02
  sb-121       0.0000E+00  6.4093E-01
  sn-122       0.0000E+00  8.0357E-01
  sn-123       0.0000E+00  2.7749E-02
  sb-123       0.0000E+00  8.0086E-01
  sn-124       0.0000E+00  1.2821E+00
  sb-125       0.0000E+00  1.3665E+00
  te-125       0.0000E+00  2.4307E-01
  sn-126       0.0000E+00  2.5993E+00
  te-126       0.0000E+00  7.7919E-02
  sb-127       0.0000E+00  7.7474E-02
  te-127m      0.0000E+00  2.4633E-01
  i-127        0.0000E+00  6.0539E+00
  te-128       0.0000E+00  1.3346E+01
  xe-128       0.0000E+00  5.1194E-02
  te-129m      0.0000E+00  3.5846E-01
  i-129        0.0000E+00  2.1974E+01
  te-130       0.0000E+00  6.2693E+01
  xe-130       0.0000E+00  1.6153E-01
  te-131m      0.0000E+00  6.4448E-02
  i-131        0.0000E+00  2.1961E+00
  xe-131       0.0000E+00  9.3695E+01
  xe-131m      0.0000E+00  3.5784E-02
  te-132       0.0000E+00  1.2810E+00
  i-132        0.0000E+00  3.8783E-02
  xe-132       0.0000E+00  1.5620E+02
  i-133        0.0000E+00  5.2109E-01
  xe-133       0.0000E+00  3.1553E+00
  xe-133m      0.0000E+00  3.9148E-02
  cs-133       0.0000E+00  2.2017E+02
  i-134        0.0000E+00  2.5245E-02
  xe-134       0.0000E+00  2.6784E+02
  cs-134       0.0000E+00  4.3211E+00
  ba-134       0.0000E+00  7.6093E-01
  i-135        0.0000E+00  1.5787E-01
  xe-135       0.0000E+00  1.2021E-01
  cs-135       0.0000E+00  1.1824E+02
  xe-136       0.0000E+00  3.3518E+02
  cs-136       0.0000E+00  5.7947E-02
  ba-136       0.0000E+00  1.0543E+00
  cs-137       0.0000E+00  2.1396E+02
  ba-137       0.0000E+00  3.7456E+00
  ba-138       0.0000E+00  2.3321E+02
  ba-139       0.0000E+00  3.3290E-02
  la-139       0.0000E+00  2.2210E+02
  ba-140       0.0000E+00  7.1740E+00
  la-140       0.0000E+00  9.4920E-01
  ce-140       0.0000E+00  2.1068E+02
  la-141       0.0000E+00  8.7571E-02
  ce-141       0.0000E+00  1.7395E+01
  pr-141       0.0000E+00  1.8996E+02
  la-142       0.0000E+00  3.3474E-02
  ce-142       0.0000E+00  2.0535E+02
  nd-142       0.0000E+00  5.6087E-01
  ce-143       0.0000E+00  7.3195E-01
  pr-143       0.0000E+00  7.2041E+00
  nd-143       0.0000E+00  1.8950E+02
  ce-144       0.0000E+00  1.0529E+02
  nd-144       0.0000E+00  9.8341E+01
  pr-145       0.0000E+00  9.0103E-02
  nd-145       0.0000E+00  1.3842E+02
  nd-146       0.0000E+00  1.1277E+02
  nd-147       0.0000E+00  2.3837E+00
  pm-147       0.0000E+00  6.0210E+01
  sm-147       0.0000E+00  1.2795E+01
  nd-148       0.0000E+00  6.4460E+01
  pm-148       0.0000E+00  1.0925E-01
  pm-148m      0.0000E+00  3.0567E-01
  sm-148       0.0000E+00  6.1575E+00
  pm-149       0.0000E+00  2.7656E-01
  sm-149       0.0000E+00  1.6667E+00
  nd-150       0.0000E+00  2.7898E+01
  sm-150       0.0000E+00  4.3051E+01
  pm-151       0.0000E+00  6.1452E-02
  sm-151       0.0000E+00  6.1280E+00
  sm-152       0.0000E+00  2.2123E+01
  sm-153       0.0000E+00  8.5488E-02
  eu-153       0.0000E+00  1.0320E+01
  sm-154       0.0000E+00  4.1843E+00
  eu-154       0.0000E+00  8.3710E-01
  gd-154       0.0000E+00  3.3916E-02
  eu-155       0.0000E+00  8.1489E-01
  eu-156       0.0000E+00  1.7738E-01
  gd-156       0.0000E+00  2.8819E+00
  gd-157       0.0000E+00  2.3170E-02
  gd-158       0.0000E+00  1.0614E+00
  tb-159       0.0000E+00  1.6220E-01
  gd-160       0.0000E+00  7.0850E-02
  dy-161       0.0000E+00  2.7974E-02
------------
  totals       1.0000E+06  1.0000E+06
=========================================================================================================================
.
.
=========================================================================================================================
=   History overview for case 'decay' (#2/2)                                                                            =
-------------------------------------------------------------------------------------------------------------------------
   step          t0          t1          dt           t        flux     fluence       power      energy
    (-)         (y)         (y)         (s)         (s)   (n/cm2-s)     (n/cm2)        (MW)       (MWd)
      1      1.5057      2.5057  3.1560E+07  7.9080E+07  0.0000E+00  4.1153E+21  0.0000E+00  5.6566E+03
          
              step - step index within this case
                t0 - time at beginning-of-step in input units
                t1 - time at end-of-step in input units
                dt - length of step in seconds
                 t - end-of-step cumulative time in seconds
              flux - flux in neutrons/cm^2-sec (CALCULATED)
           fluence - cumulative end-of-step fluence in neutrons/cm^2 (CALCULATED)
             power - power in mega-watts (INPUT)     
            energy - cumulative end-of-step energy released in mega-watt-days (INPUT)     
=========================================================================================================================
.
.
.
.
.
*************************************************************************************************************************
********************                                                                                 ********************
********************                                                                                 ********************
********************                    Library information                                          ********************
********************                                                                                 ********************
********************                                                                                 ********************
*************************************************************************************************************************
.
.
=========================================================================================================================
=   Library summary for case 'decay' (#2/2)                                                                             =
-------------------------------------------------------------------------------------------------------------------------
filename: C:/Users/Teddy/AppData/Local/Temp/scale.Teddy.2332/w17x17_100d.f33 cross-section data taken from position number: 1
library title delimited by {}: 
{}
date library was produced: 538976288/538976288/538976288
total number of nuclides in library: 2237
number of light-element nuclides: 910
number of actinide nuclides: 176
number of fission product nuclides: 1151
number of nonzero off-diagonal matrix elements: 54564
=========================================================================================================================
.
.
*************************************************************************************************************************
********************                                                                                 ********************
********************                                                                                 ********************
********************                    Concentration tables                                         ********************
********************                                                                                 ********************
********************                                                                                 ********************
*************************************************************************************************************************
.
.
=========================================================================================================================
=   Nuclide concentrations in grams for case 'decay' (#2/2)                                                             =
-------------------------------------------------------------------------------------------------------------------------
  (relative cutoff; integral of concentrations over time >   1.00E-06 % of integral of all concentrations over time)
.
                   1.506y      2.506y   
  he-4         1.9694E-01  2.0047E-01
  u-234        3.8135E-01  3.9915E-01
  u-235        2.2003E+04  2.2003E+04
  u-236        1.0682E+03  1.0682E+03
  u-237        9.6134E-01  2.5880E-06
  u-238        9.6800E+05  9.6800E+05
  u-239        1.5401E-01  0.0000E+00
  np-237       3.4669E+01  3.5636E+01
  np-238       2.8942E-02  2.3422E-09
  np-239       2.2270E+01  1.0593E-07
  pu-238       2.1999E+00  2.2938E+00
  pu-239       2.4854E+03  2.5077E+03
  pu-240       2.9420E+02  2.9417E+02
  pu-241       8.7076E+01  8.2953E+01
  pu-242       4.5632E+00  4.5635E+00
  am-241       1.5977E+00  5.7150E+00
  am-242m      1.2684E-02  1.2622E-02
  am-243       1.2275E-01  1.2306E-01
  cm-242       1.0568E-01  2.2624E-02
  as-75        2.2180E-02  2.2184E-02
  ge-76        6.1234E-02  6.1234E-02
  se-77        1.5305E-01  1.5388E-01
  se-78        4.1132E-01  4.1145E-01
  se-79        8.9858E-01  8.9860E-01
  se-80        2.4633E+00  2.4633E+00
  br-81        4.0254E+00  4.0256E+00
  se-82        6.4404E+00  6.4404E+00
  kr-82        2.0051E-02  2.0198E-02
  kr-83        1.0169E+01  1.0174E+01
  kr-84        2.0393E+01  2.0394E+01
  kr-85        5.3368E+00  5.0061E+00
  rb-85        2.0515E+01  2.0857E+01
  kr-86        3.9035E+01  3.9035E+01
  sr-86        1.1656E-02  1.2824E-02
  rb-87        5.1456E+01  5.1463E+01
  kr-88        2.0681E-02  0.0000E+00
  sr-88        7.2069E+01  7.2092E+01
  sr-89        1.1962E+01  7.9759E-02
  y-89         8.5126E+01  9.7011E+01
  sr-90        1.1686E+02  1.1408E+02
  y-90         2.9990E-02  2.8939E-02
  zr-90        2.1908E+00  4.9720E+00
  sr-91        1.2211E-01  0.0000E+00
  y-91         1.8113E+01  2.4085E-01
  zr-91        1.0518E+02  1.2318E+02
  sr-92        3.6138E-02  0.0000E+00
  y-92         4.7756E-02  0.0000E+00
  zr-92        1.3039E+02  1.3047E+02
  y-93         1.5051E-01  0.0000E+00
  zr-93        1.4082E+02  1.4098E+02
  zr-94        1.4647E+02  1.4647E+02
  zr-95        2.4806E+01  4.7570E-01
  nb-95        1.3539E+01  5.7954E-01
  mo-95        1.2437E+02  1.6169E+02
  zr-96        1.5078E+02  1.5078E+02
  mo-96        1.0290E+00  1.0294E+00
  zr-97        2.6348E-01  0.0000E+00
  mo-97        1.4553E+02  1.4582E+02
  mo-98        1.4527E+02  1.4527E+02
  mo-99        1.1169E+00  0.0000E+00
  tc-99        1.5095E+02  1.5216E+02
  tc-99m       8.9430E-02  0.0000E+00
  mo-100       1.6246E+02  1.6246E+02
  ru-100       2.7330E+00  2.7330E+00
  ru-101       1.3665E+02  1.3666E+02
  ru-102       1.2182E+02  1.2183E+02
  ru-103       1.1017E+01  1.7392E-02
  rh-103       8.2198E+01  9.3209E+01
  ru-104       6.8433E+01  6.8436E+01
  pd-104       6.3002E+00  6.3002E+00
  ru-105       2.8008E-02  0.0000E+00
  rh-105       2.1759E-01  0.0000E+00
  pd-105       4.4175E+01  4.4422E+01
  ru-106       1.8175E+01  9.1985E+00
  pd-106       1.0482E+01  1.9458E+01
  pd-107       1.6560E+01  1.6561E+01
  pd-108       9.5022E+00  9.5023E+00
  ag-109       5.9361E+00  5.9518E+00
  pd-110       3.1776E+00  3.1776E+00
  cd-110       3.7201E-01  3.7921E-01
  ag-111       4.8510E-02  8.4536E-17
  cd-111       1.6743E+00  1.7230E+00
  cd-112       1.0338E+00  1.0373E+00
  cd-113       6.3085E-02  6.3491E-02
  cd-114       1.5171E+00  1.5171E+00
  in-115       5.2623E-01  5.3555E-01
  sn-115       3.1475E-02  3.1704E-02
  cd-116       6.9364E-01  6.9365E-01
  sn-116       1.1313E-01  1.1315E-01
  sn-117       6.4969E-01  6.5011E-01
  sn-118       6.3186E-01  6.3192E-01
  sn-119       6.3423E-01  6.4128E-01
  sn-120       6.4959E-01  6.4959E-01
  sn-121m      4.8372E-02  4.7614E-02
  sb-121       6.4093E-01  6.4379E-01
  sn-122       8.0357E-01  8.0357E-01
  sn-123       2.7749E-02  3.9098E-03
  sb-123       8.0086E-01  8.2476E-01
  sn-124       1.2821E+00  1.2821E+00
  sb-125       1.3665E+00  1.0779E+00
  te-125       2.4307E-01  5.5114E-01
  te-125m      1.5298E-02  1.4978E-02
  sn-126       2.5993E+00  2.5993E+00
  te-126       7.7919E-02  7.9049E-02
  sb-127       7.7474E-02  0.0000E+00
  te-127m      2.4633E-01  2.5454E-02
  i-127        6.0539E+00  6.3607E+00
  te-128       1.3346E+01  1.3349E+01
  xe-128       5.1194E-02  5.1199E-02
  te-129m      3.5846E-01  1.9232E-04
  i-129        2.1974E+01  2.2347E+01
  te-130       6.2693E+01  6.2696E+01
  xe-130       1.6153E-01  1.6193E-01
  te-131m      6.4448E-02  0.0000E+00
  i-131        2.1961E+00  4.5334E-14
  xe-131       9.3695E+01  9.5999E+01
  xe-131m      3.5784E-02  5.8043E-11
  te-132       1.2810E+00  0.0000E+00
  i-132        3.8783E-02  0.0000E+00
  xe-132       1.5620E+02  1.5752E+02
  i-133        5.2109E-01  0.0000E+00
  xe-133       3.1553E+00  4.1288E-21
  xe-133m      3.9148E-02  0.0000E+00
  cs-133       2.2017E+02  2.2390E+02
  i-134        2.5245E-02  0.0000E+00
  xe-134       2.6784E+02  2.6788E+02
  cs-134       4.3211E+00  3.0892E+00
  ba-134       7.6093E-01  1.9931E+00
  i-135        1.5787E-01  0.0000E+00
  xe-135       1.2021E-01  0.0000E+00
  cs-135       1.1824E+02  1.1852E+02
  xe-136       3.3518E+02  3.3518E+02
  cs-136       5.7947E-02  2.5549E-10
  ba-136       1.0543E+00  1.1123E+00
  cs-137       2.1396E+02  2.0909E+02
  ba-137       3.7456E+00  8.6202E+00
  ba-138       2.3321E+02  2.3323E+02
  ba-139       3.3290E-02  0.0000E+00
  la-139       2.2210E+02  2.2214E+02
  ba-140       7.1740E+00  1.7119E-08
  la-140       9.4920E-01  2.5946E-09
  ce-140       2.1068E+02  2.1881E+02
  la-141       8.7571E-02  0.0000E+00
  ce-141       1.7395E+01  7.2481E-03
  pr-141       1.8996E+02  2.0744E+02
  la-142       3.3474E-02  0.0000E+00
  ce-142       2.0535E+02  2.0539E+02
  nd-142       5.6087E-01  5.6323E-01
  ce-143       7.3195E-01  0.0000E+00
  pr-143       7.2041E+00  6.3273E-08
  nd-143       1.8950E+02  1.9744E+02
  ce-144       1.0529E+02  4.3295E+01
  nd-144       9.8341E+01  1.6034E+02
  pr-145       9.0103E-02  0.0000E+00
  nd-145       1.3842E+02  1.3851E+02
  nd-146       1.1277E+02  1.1278E+02
  nd-147       2.3837E+00  2.3069E-10
  pm-147       6.0210E+01  4.8082E+01
  sm-147       1.2795E+01  2.7310E+01
  nd-148       6.4460E+01  6.4460E+01
  pm-148       1.0925E-01  4.1670E-06
  pm-148m      3.0567E-01  6.6394E-04
  sm-148       6.1575E+00  6.5717E+00
  pm-149       2.7656E-01  0.0000E+00
  sm-149       1.6667E+00  1.9517E+00
  nd-150       2.7898E+01  2.7898E+01
  sm-150       4.3051E+01  4.3051E+01
  pm-151       6.1452E-02  0.0000E+00
  sm-151       6.1280E+00  6.1424E+00
  eu-151       1.8441E-02  6.5933E-02
  sm-152       2.2123E+01  2.2124E+01
  sm-153       8.5488E-02  0.0000E+00
  eu-153       1.0320E+01  1.0405E+01
  sm-154       4.1843E+00  4.1844E+00
  eu-154       8.3710E-01  7.7229E-01
  gd-154       3.3916E-02  9.8724E-02
  eu-155       8.1489E-01  7.0440E-01
  gd-155       1.7678E-02  1.2828E-01
  eu-156       1.7738E-01  1.0333E-08
  gd-156       2.8819E+00  3.0610E+00
  gd-157       2.3170E-02  2.4803E-02
  gd-158       1.0614E+00  1.0614E+00
  tb-159       1.6220E-01  1.6272E-01
  gd-160       7.0850E-02  7.0850E-02
  dy-161       2.7974E-02  2.8909E-02
  dy-162       1.5523E-02  1.5524E-02
------------
  totals       1.0000E+06  1.0000E+06
=========================================================================================================================
.
.
*************************************************************************************************************************
********************                                                                                 ********************
********************                                                                                 ********************
********************                    Written F71 File Information                                 ********************
********************                                                                                 ********************
********************                                                                                 ********************
*************************************************************************************************************************
.
.
   pos         time        power         flux      fluence       energy libpos   case   step DCGNAB
   (-)          (s)         (MW)    (n/cm2-s)      (n/cm2)        (MWd)    (-)    (-)    (-)    (-)
     1  4.75200e+07  0.00000e+00  0.00000e+00  4.11530e+21  5.65657e+03      1      2      0 DC----
     2  7.90800e+07  0.00000e+00  0.00000e+00  4.11530e+21  5.65657e+03      1      2      1 DC----
    D - state definition present
    C - concentrations present
    G - gamma emission spectra present
    N - neutron emission spectra present
    A - alpha emission spectra present
    B - beta emission spectra present
.
.
.
=========================================================================================================================
ORIGEN finished successfully.
=========================================================================================================================
    module origen used 0.611154 seconds cpu time for the current pass.

    module origen is finished. completion code    0. total cpu time used 3.26573e-006 seconds.


    SCALE is finished on Wed Feb 13 18:27:19 2019.
-------------------------- Summary --------------------------
arp finished. used 1.9732 seconds.
origen finished. used 0.613265 seconds.
SCALE driver required a maximum of 8.301 MiB of RAM.
------------------------ End Summary ------------------------

w17x17_100d.f33 copied to C:\Users\Teddy\Desktop\scale_test\output\w17x17_100d.f33.
discharge.f71 copied to C:\Users\Teddy\Desktop\scale_test\output\discharge.f71.
