 *******************************************************************************
 *                                                                             *
 *                                 SCALE 6.2.2                                 *
 *                                -------------                                *
 *                                February 2019                                *
 *                                                                             *
 *           SCALE:  A Comprehensive Modeling and Simulation Suite             *
 *                   for Nuclear Safety Analysis and Design                    *
 *                                                                             *
 *                      Reactor and Nuclear Systems Division                   *
 *                        Oak Ridge National Laboratory                        *
 *                                                                             *
 *                           http://scale.ornl.gov                             *
 *                            scalehelp@ornl.gov                               *
 *                                                                             *
 *******************************************************************************
 *******************************************************************************
      
                  Job Information
                  ---------------
      Job started on DESKTOP-J14NAA6 on Wed 13/02/2019 18:31:01
      Working directory: C:\Users\Teddy\AppData\Local\Temp\scale.Teddy.7008
      Input file name  : C:\Users\Teddy\Desktop\scale_test\output\2.800000_50202.020202.inp
      Output file name : C:\Users\Teddy\Desktop\scale_test\output\2.800000_50202.020202.out
      SCALE executable : C:\SCALE-6.2.2/bin/scale
      
 *******************************************************************************


    module arp will be called on Wed Feb 13 18:31:02 2019.
    sequence specification record:=arp
Input Data:

      'library type
      w17x17
      2.800000
      ' num cycles
      1
      ' num days per cycle
      550
      ' cycle average specific power (MW / MTU)
      91.276400
      ' number of interpolated cross section sets generated per cycle
      1
      ' moderator density (g/cc)
      0.723
      ' interpolated output ORIGEN library
      w17x17_100d.f33
end

1






        ************************************************************************************************************************
        ************************************************************************************************************************
        ************************************************************************************************************************
        *****                                                                                                              *****
        *****                                       program verification information                                       *****
        *****                                                                                                              *****
        *****                                   code system:  SCALE    version:  6.2                                       *****
        *****                                                                                                              *****
        ************************************************************************************************************************
        ************************************************************************************************************************
        *****                                                                                                              *****
        *****                                                                                                              *****
        *****              program:  arp.exe                                                                               *****
        *****                                                                                                              *****
        *****        creation date:   unknown                                                                              *****
        *****                                                                                                              *****
        *****              library:  C:\SCALE-6.2.2\bin                                                                    *****
        *****                                                                                                              *****
        *****                                                                                                              *****
        *****            prod code:  arp.exe                                                                               *****
        *****                                                                                                              *****
        *****              version:  6.2.2                                                                                 *****
        *****                                                                                                              *****
        *****              jobname:  Teddy                                                                                 *****
        *****                                                                                                              *****
        *****         machine name:  DESKTOP-J14NAA6                                                                       *****
        *****                                                                                                              *****
        *****    date of execution:  13_feb_2019                                                                           *****
        *****                                                                                                              *****
        *****    time of execution:  18:31:02.13                                                                           *****
        *****                                                                                                              *****
        *****                                                                                                              *****
        ************************************************************************************************************************
        ************************************************************************************************************************
        ************************************************************************************************************************


 'library type
    data library:       w17x17
       directory:       C:/SCALE-6.2.2/data/\arplibs
       definition:      C:/SCALE-6.2.2/data/\arpdata.txt
    u-235 enrichment:                        2.800

 ' num cycles
    number of cycles:                            1

 ' num days per cycle

 ' cycle average specific power (MW / MTU)

 ' number of interpolated cross section sets generated per cycle

 ' moderator density (g/cc)
    water density (g/cm3):                  0.7230
                                         cycle        cumulative      midpoint
   cycle time(d)        power(MW)      burnup(MWd/MTU)burnup(MWd/MTU)burnup(MWd/MTU)nlib
     1    550.000        91.2764        50202.0        50202.0        25101.0             1

 ' interpolated output ORIGEN library
    interpolated library name:                   w17x17_100d.f33
 interpolation type: spline
 Cross section library interpolation completed.
.
.
.
=========================================================================================================================
ARP finished successfully.
=========================================================================================================================
    module arp used 1.81203 seconds cpu time for the current pass.

    module arp is finished. completion code    0. total cpu time used 1.11968e-005 seconds.



    module origen will be called on Wed Feb 13 18:31:03 2019.
    sequence specification record:=origen
Input Data:

      case(irrad) {
          lib{
              file="w17x17_100d.f33" pos=1
          }
          mat {
              units=GRAMS
              iso=[u235=28000.000000 u238=972000.000000]
          }
          time = [ 550 ]
          power = [ 91.276400 ]
      }
      case (decay) {
          time {
              units=YEARS
              start=0
              t=[1]
          }
          save{ file="discharge.f71" steps=[0 LAST]}
      }
end

1






        ************************************************************************************************************************
        ************************************************************************************************************************
        ************************************************************************************************************************
        *****                                                                                                              *****
        *****                                       program verification information                                       *****
        *****                                                                                                              *****
        *****                                   code system:  SCALE    version:  6.2                                       *****
        *****                                                                                                              *****
        ************************************************************************************************************************
        ************************************************************************************************************************
        *****                                                                                                              *****
        *****                                                                                                              *****
        *****              program:  origen.exe                                                                            *****
        *****                                                                                                              *****
        *****        creation date:   unknown                                                                              *****
        *****                                                                                                              *****
        *****              library:  C:\SCALE-6.2.2\bin                                                                    *****
        *****                                                                                                              *****
        *****                                                                                                              *****
        *****            prod code:  origen.exe                                                                            *****
        *****                                                                                                              *****
        *****              version:  6.2.2                                                                                 *****
        *****                                                                                                              *****
        *****              jobname:  Teddy                                                                                 *****
        *****                                                                                                              *****
        *****         machine name:  DESKTOP-J14NAA6                                                                       *****
        *****                                                                                                              *****
        *****    date of execution:  13_feb_2019                                                                           *****
        *****                                                                                                              *****
        *****    time of execution:  18:31:03.96                                                                           *****
        *****                                                                                                              *****
        *****                                                                                                              *****
        ************************************************************************************************************************
        ************************************************************************************************************************
        ************************************************************************************************************************

*************************************************************************************************************************
********************                                                                                 ********************
********************                                                                                 ********************
********************                    USER INPUT SUMMARY                                           ********************
********************                                                                                 ********************
********************                                                                                 ********************
*************************************************************************************************************************
.
.
=========================================================================================================================
=   Case "irrad" (#1/2)                                                                                                 =
-------------------------------------------------------------------------------------------------------------------------
###   Library settings                                                                                                ###
.
                                Library file name:     C:/Users/Teddy/AppData/Local/Temp/scale.Teddy.7008/w17x17_100d.f33
                             Library set position:              1
                 Fission product reaction removal:             no
-------------------------------------------------------------------------------------------------------------------------
###   Global settings                                                                                                 ###
.
                                           Solver:              MATREX
                                             Mode:        forward
                             Fixed fission energy:             no
-------------------------------------------------------------------------------------------------------------------------
###   Concentrations output options                                                                                   ###
.
                            High-precision output:             no
                                  Relative cutoff:            yes
                         Step for applying cutoff:       integral
.
                      light els.   actinides  fis.prods.       total
                       nuc    el   nuc    el   nuc    el   nuc    el             cutoff
gram-atoms                                                                    1.000E-06
grams                                                      **                 1.000E-06
curies                                                                        1.000E-06
watts                                                                         1.000E-06
gamma watts                                                                   1.000E-06
m3 air                                                                        1.000E-06
m3 water                                                                      1.000E-06
grams ppm                                                                     1.000E-06
atoms ppm                                                                     1.000E-06
atoms/barn-cm                                                                 1.000E-06
becquerels                                                                    1.000E-06
-------------------------------------------------------------------------------------------------------------------------
###   Additional output options                                                                                       ###
.
                                      Print k-inf:             no
           Nuclides for absorption fraction print:           none
                              Print fission rates:             no
            Step for sorting absorption fractions:              1
=========================================================================================================================
=   Case "decay" (#2/2)                                                                                                 =
-------------------------------------------------------------------------------------------------------------------------
###   Library settings                                                                                                ###
.
                                Library file name:     C:/Users/Teddy/AppData/Local/Temp/scale.Teddy.7008/w17x17_100d.f33
                             Library set position:              1
                 Fission product reaction removal:             no
-------------------------------------------------------------------------------------------------------------------------
###   Global settings                                                                                                 ###
.
                                           Solver:              MATREX
                                             Mode:        forward
                             Fixed fission energy:             no
-------------------------------------------------------------------------------------------------------------------------
###   Concentrations output options                                                                                   ###
.
                            High-precision output:             no
                                  Relative cutoff:            yes
                         Step for applying cutoff:       integral
.
                      light els.   actinides  fis.prods.       total
                       nuc    el   nuc    el   nuc    el   nuc    el             cutoff
gram-atoms                                                                    1.000E-06
grams                                                      **                 1.000E-06
curies                                                                        1.000E-06
watts                                                                         1.000E-06
gamma watts                                                                   1.000E-06
m3 air                                                                        1.000E-06
m3 water                                                                      1.000E-06
grams ppm                                                                     1.000E-06
atoms ppm                                                                     1.000E-06
atoms/barn-cm                                                                 1.000E-06
becquerels                                                                    1.000E-06
-------------------------------------------------------------------------------------------------------------------------
###   Additional output options                                                                                       ###
.
                                      Print k-inf:             no
           Nuclides for absorption fraction print:           none
                              Print fission rates:             no
            Step for sorting absorption fractions:              1
=========================================================================================================================
###   Blending information                                                                                            ###
.
  --- no blending requested in this job ---
=========================================================================================================================
.
.
***Warning:  The flux over a step has changed by more than 20%.
=========================================================================================================================
=   History overview for case 'irrad' (#1/2)                                                                            =
-------------------------------------------------------------------------------------------------------------------------
   step          t0          t1          dt           t        flux     fluence       power      energy
    (-)         (d)         (d)         (s)         (s)   (n/cm2-s)     (n/cm2)        (MW)       (MWd)
      1      0.0000    550.0000  4.7520E+07  4.7520E+07  9.6575E+14  4.5893E+22  9.1276E+01  5.0202E+04
          
              step - step index within this case
                t0 - time at beginning-of-step in input units
                t1 - time at end-of-step in input units
                dt - length of step in seconds
                 t - end-of-step cumulative time in seconds
              flux - flux in neutrons/cm^2-sec (CALCULATED)
           fluence - cumulative end-of-step fluence in neutrons/cm^2 (CALCULATED)
             power - power in mega-watts (INPUT)     
            energy - cumulative end-of-step energy released in mega-watt-days (INPUT)     
=========================================================================================================================
.
.
.
.
.
*************************************************************************************************************************
********************                                                                                 ********************
********************                                                                                 ********************
********************                    Library information                                          ********************
********************                                                                                 ********************
********************                                                                                 ********************
*************************************************************************************************************************
.
.
=========================================================================================================================
=   Library summary for case 'irrad' (#1/2)                                                                             =
-------------------------------------------------------------------------------------------------------------------------
filename: C:/Users/Teddy/AppData/Local/Temp/scale.Teddy.7008/w17x17_100d.f33 cross-section data taken from position number: 1
library title delimited by {}: 
{}
date library was produced: 538976288/538976288/538976288
total number of nuclides in library: 2237
number of light-element nuclides: 910
number of actinide nuclides: 176
number of fission product nuclides: 1151
number of nonzero off-diagonal matrix elements: 54564
=========================================================================================================================
.
.
*************************************************************************************************************************
********************                                                                                 ********************
********************                                                                                 ********************
********************                    Concentration tables                                         ********************
********************                                                                                 ********************
********************                                                                                 ********************
*************************************************************************************************************************
.
.
=========================================================================================================================
=   Nuclide concentrations in grams for case 'irrad' (#1/2)                                                             =
-------------------------------------------------------------------------------------------------------------------------
  (relative cutoff; integral of concentrations over time >   1.00E-06 % of integral of all concentrations over time)
.
                   0.000d    550.000d   
  h-3          0.0000E+00  8.2414E-02
  he-4         0.0000E+00  2.2391E+00
  u-234        0.0000E+00  2.1505E+00
  u-235        2.8000E+04  2.4279E+03
  u-236        0.0000E+00  3.8523E+03
  u-237        0.0000E+00  2.3257E+01
  u-238        9.7200E+05  9.2824E+05
  u-239        0.0000E+00  1.6408E+00
  np-237       0.0000E+00  5.7049E+02
  np-238       0.0000E+00  4.7683E+00
  np-239       0.0000E+00  2.3612E+02
  pu-238       0.0000E+00  3.2347E+02
  pu-239       0.0000E+00  5.3069E+03
  pu-240       0.0000E+00  2.3486E+03
  pu-241       0.0000E+00  1.7286E+03
  pu-242       0.0000E+00  1.3623E+03
  pu-243       0.0000E+00  9.8582E-01
  pu-244       0.0000E+00  3.1166E-01
  am-241       0.0000E+00  2.1640E+01
  am-242m      0.0000E+00  3.6174E-01
  am-242       0.0000E+00  1.8385E-01
  am-243       0.0000E+00  4.2198E+02
  am-244m      0.0000E+00  4.8780E-02
  am-244       0.0000E+00  7.5892E-02
  cm-242       0.0000E+00  2.3428E+01
  cm-243       0.0000E+00  9.1568E-01
  cm-244       0.0000E+00  2.9169E+02
  cm-245       0.0000E+00  3.1994E+01
  cm-246       0.0000E+00  7.0586E+00
  cm-247       0.0000E+00  1.3665E-01
  ge-73        0.0000E+00  2.6622E-02
  ge-74        0.0000E+00  7.1553E-02
  as-75        0.0000E+00  1.7722E-01
  ge-76        0.0000E+00  4.8330E-01
  se-77        0.0000E+00  1.0586E+00
  se-78        0.0000E+00  3.3790E+00
  se-79        0.0000E+00  6.9225E+00
  se-80        0.0000E+00  1.7788E+01
  br-81        0.0000E+00  2.9597E+01
  se-82        0.0000E+00  4.7095E+01
  kr-82        0.0000E+00  1.5420E+00
  kr-83        0.0000E+00  4.5681E+01
  kr-84        0.0000E+00  1.5934E+02
  kr-85        0.0000E+00  3.4091E+01
  kr-85m       0.0000E+00  4.8133E-02
  rb-85        0.0000E+00  1.2962E+02
  kr-86        0.0000E+00  2.4356E+02
  rb-86        0.0000E+00  7.9946E-02
  sr-86        0.0000E+00  9.2778E-01
  kr-87        0.0000E+00  2.5865E-02
  rb-87        0.0000E+00  3.1928E+02
  kr-88        0.0000E+00  7.6230E-02
  sr-88        0.0000E+00  4.4084E+02
  sr-89        0.0000E+00  4.4195E+01
  y-89         0.0000E+00  5.4123E+02
  sr-90        0.0000E+00  7.0637E+02
  y-90         0.0000E+00  2.0154E-01
  zr-90        0.0000E+00  1.7705E+01
  sr-91        0.0000E+00  4.9961E-01
  y-91         0.0000E+00  7.6968E+01
  y-91m        0.0000E+00  2.5301E-02
  zr-91        0.0000E+00  7.0429E+02
  sr-92        0.0000E+00  1.6219E-01
  y-92         0.0000E+00  2.1430E-01
  zr-92        0.0000E+00  8.7293E+02
  y-93         0.0000E+00  7.5112E-01
  zr-93        0.0000E+00  9.8221E+02
  y-94         0.0000E+00  2.5270E-02
  zr-94        0.0000E+00  1.0844E+03
  zr-95        0.0000E+00  1.4081E+02
  nb-95        0.0000E+00  7.6349E+01
  nb-95m       0.0000E+00  8.5940E-02
  mo-95        0.0000E+00  9.1303E+02
  zr-96        0.0000E+00  1.1792E+03
  mo-96        0.0000E+00  8.8847E+01
  zr-97        0.0000E+00  1.7149E+00
  nb-97        0.0000E+00  1.2416E-01
  mo-97        0.0000E+00  1.1902E+03
  mo-98        0.0000E+00  1.2685E+03
  mo-99        0.0000E+00  7.9882E+00
  tc-99        0.0000E+00  1.1196E+03
  tc-99m       0.0000E+00  6.4402E-01
  ru-99        0.0000E+00  2.6651E-02
  mo-100       0.0000E+00  1.4472E+03
  ru-100       0.0000E+00  2.3994E+02
  mo-101       0.0000E+00  2.9222E-02
  tc-101       0.0000E+00  2.8435E-02
  ru-101       0.0000E+00  1.1886E+03
  mo-102       0.0000E+00  2.2706E-02
  ru-102       0.0000E+00  1.3480E+03
  ru-103       0.0000E+00  1.2328E+02
  rh-103       0.0000E+00  5.6350E+02
  rh-103m      0.0000E+00  1.2107E-01
  tc-104       0.0000E+00  3.5638E-02
  ru-104       0.0000E+00  1.0368E+03
  pd-104       0.0000E+00  5.6073E+02
  ru-105       0.0000E+00  4.6737E-01
  rh-105       0.0000E+00  2.9719E+00
  pd-105       0.0000E+00  6.3453E+02
  ru-106       0.0000E+00  4.2434E+02
  pd-106       0.0000E+00  4.8200E+02
  rh-107       0.0000E+00  2.3706E-02
  pd-107       0.0000E+00  4.6498E+02
  pd-108       0.0000E+00  3.1936E+02
  pd-109       0.0000E+00  5.8157E-01
  ag-109       0.0000E+00  1.4603E+02
  pd-110       0.0000E+00  1.0921E+02
  ag-110m      0.0000E+00  1.8413E+00
  cd-110       0.0000E+00  1.2262E+02
  ag-111       0.0000E+00  1.4115E+00
  cd-111       0.0000E+00  5.4775E+01
  pd-112       0.0000E+00  6.9516E-02
  cd-112       0.0000E+00  2.8053E+01
  cd-113       0.0000E+00  1.3414E-01
  cd-114       0.0000E+00  2.9445E+01
  cd-115       0.0000E+00  5.9838E-02
  cd-115m      0.0000E+00  7.5211E-02
  in-115       0.0000E+00  2.0802E+00
  sn-115       0.0000E+00  4.0321E-01
  cd-116       0.0000E+00  9.8641E+00
  sn-116       0.0000E+00  7.3121E+00
  sn-117       0.0000E+00  8.8092E+00
  sn-118       0.0000E+00  8.2314E+00
  sn-119       0.0000E+00  7.8062E+00
  sn-119m      0.0000E+00  1.2517E-01
  sn-120       0.0000E+00  8.1181E+00
  sn-121       0.0000E+00  2.4348E-02
  sn-121m      0.0000E+00  6.2098E-01
  sb-121       0.0000E+00  7.3459E+00
  sn-122       0.0000E+00  1.0374E+01
  te-122       0.0000E+00  9.1972E-01
  sn-123       0.0000E+00  4.6635E-01
  sb-123       0.0000E+00  9.4333E+00
  sn-124       0.0000E+00  1.6226E+01
  sb-124       0.0000E+00  1.8231E-01
  te-124       0.0000E+00  5.6299E-01
  sn-125       0.0000E+00  2.4991E-01
  sb-125       0.0000E+00  1.7918E+01
  te-125       0.0000E+00  3.5482E+00
  te-125m      0.0000E+00  2.0728E-01
  sn-126       0.0000E+00  3.6108E+01
  te-126       0.0000E+00  8.7205E-01
  sb-127       0.0000E+00  8.9527E-01
  te-127       0.0000E+00  7.7696E-02
  te-127m      0.0000E+00  8.7777E-01
  i-127        0.0000E+00  6.8202E+01
  te-128       0.0000E+00  1.6095E+02
  xe-128       0.0000E+00  7.5489E+00
  sb-129       0.0000E+00  1.2638E-01
  te-129       0.0000E+00  3.1763E-02
  te-129m      0.0000E+00  3.7739E+00
  i-129        0.0000E+00  2.5591E+02
  xe-129       0.0000E+00  8.5955E-02
  te-130       0.0000E+00  5.9560E+02
  i-130        0.0000E+00  4.2663E-02
  xe-130       0.0000E+00  1.9021E+01
  sb-131       0.0000E+00  2.6448E-02
  te-131       0.0000E+00  3.2083E-02
  te-131m      0.0000E+00  6.3724E-01
  i-131        0.0000E+00  1.7630E+01
  xe-131       0.0000E+00  5.2080E+02
  xe-131m      0.0000E+00  3.1825E-01
  te-132       0.0000E+00  9.8191E+00
  i-132        0.0000E+00  3.0269E-01
  xe-132       0.0000E+00  1.8669E+03
  te-133m      0.0000E+00  7.8194E-02
  i-133        0.0000E+00  3.7385E+00
  xe-133       0.0000E+00  2.2600E+01
  xe-133m      0.0000E+00  3.0060E-01
  cs-133       0.0000E+00  1.5338E+03
  te-134       0.0000E+00  1.0277E-01
  i-134        0.0000E+00  1.7446E-01
  xe-134       0.0000E+00  2.3389E+03
  cs-134       0.0000E+00  3.2123E+02
  cs-134m      0.0000E+00  2.2741E-02
  ba-134       0.0000E+00  6.5774E+01
  i-135        0.0000E+00  1.1568E+00
  xe-135       0.0000E+00  1.7114E-01
  cs-135       0.0000E+00  2.7063E+02
  ba-135       0.0000E+00  7.0113E-01
  xe-136       0.0000E+00  3.9840E+03
  cs-136       0.0000E+00  1.2750E+00
  ba-136       0.0000E+00  2.5263E+01
  cs-137       0.0000E+00  1.9185E+03
  ba-137       0.0000E+00  3.7964E+01
  xe-138       0.0000E+00  3.5457E-02
  cs-138       0.0000E+00  9.3126E-02
  ba-138       0.0000E+00  1.9703E+03
  la-138       0.0000E+00  2.1861E-02
  cs-139       0.0000E+00  2.4100E-02
  ba-139       0.0000E+00  2.2200E-01
  la-139       0.0000E+00  1.8218E+03
  ba-140       0.0000E+00  4.7048E+01
  la-140       0.0000E+00  6.5427E+00
  ce-140       0.0000E+00  1.8027E+03
  ba-141       0.0000E+00  4.4067E-02
  la-141       0.0000E+00  5.7243E-01
  ce-141       0.0000E+00  1.1165E+02
  pr-141       0.0000E+00  1.5340E+03
  ba-142       0.0000E+00  2.3552E-02
  la-142       0.0000E+00  2.1065E-01
  ce-142       0.0000E+00  1.6954E+03
  pr-142       0.0000E+00  1.9600E-01
  nd-142       0.0000E+00  5.2649E+01
  la-143       0.0000E+00  3.0886E-02
  ce-143       0.0000E+00  4.3552E+00
  pr-143       0.0000E+00  4.2252E+01
  nd-143       0.0000E+00  8.5565E+02
  ce-144       0.0000E+00  7.2787E+02
  pr-144       0.0000E+00  3.1265E-02
  nd-144       0.0000E+00  1.4569E+03
  pr-145       0.0000E+00  5.5521E-01
  nd-145       0.0000E+00  9.1183E+02
  pr-146       0.0000E+00  3.0986E-02
  nd-146       0.0000E+00  1.1233E+03
  nd-147       0.0000E+00  1.5794E+01
  pm-147       0.0000E+00  1.9873E+02
  sm-147       0.0000E+00  4.3647E+01
  nd-148       0.0000E+00  5.9719E+02
  pm-148       0.0000E+00  3.1091E+00
  pm-148m      0.0000E+00  1.6125E+00
  sm-148       0.0000E+00  2.2436E+02
  nd-149       0.0000E+00  6.9444E-02
  pm-149       0.0000E+00  3.3606E+00
  sm-149       0.0000E+00  2.0734E+00
  nd-150       0.0000E+00  2.9495E+02
  sm-150       0.0000E+00  4.9695E+02
  pm-151       0.0000E+00  6.5334E-01
  sm-151       0.0000E+00  1.3814E+01
  sm-152       0.0000E+00  1.3502E+02
  sm-153       0.0000E+00  3.1117E+00
  eu-153       0.0000E+00  1.8087E+02
  sm-154       0.0000E+00  8.1275E+01
  eu-154       0.0000E+00  4.8083E+01
  gd-154       0.0000E+00  2.6304E+00
  eu-155       0.0000E+00  1.6130E+01
  gd-155       0.0000E+00  4.7749E-02
  sm-156       0.0000E+00  3.4047E-02
  eu-156       0.0000E+00  2.1767E+01
  gd-156       0.0000E+00  2.9669E+02
  eu-157       0.0000E+00  1.0370E-01
  gd-157       0.0000E+00  2.3866E-01
  gd-158       0.0000E+00  6.6492E+01
  gd-159       0.0000E+00  2.6731E-02
  tb-159       0.0000E+00  6.2153E+00
  gd-160       0.0000E+00  2.4447E+00
  tb-160       0.0000E+00  4.2473E-01
  dy-160       0.0000E+00  5.0652E-01
  tb-161       0.0000E+00  5.7801E-02
  dy-161       0.0000E+00  8.3403E-01
  dy-162       0.0000E+00  6.8714E-01
  dy-163       0.0000E+00  6.4695E-01
  dy-164       0.0000E+00  1.7935E-01
  ho-165       0.0000E+00  4.0938E-01
  er-166       0.0000E+00  1.3867E-01
  er-168       0.0000E+00  2.1746E-02
------------
  totals       1.0000E+06  1.0002E+06
=========================================================================================================================
.
.
=========================================================================================================================
=   History overview for case 'decay' (#2/2)                                                                            =
-------------------------------------------------------------------------------------------------------------------------
   step          t0          t1          dt           t        flux     fluence       power      energy
    (-)         (y)         (y)         (s)         (s)   (n/cm2-s)     (n/cm2)        (MW)       (MWd)
      1      1.5057      2.5057  3.1560E+07  7.9080E+07  0.0000E+00  4.5893E+22  0.0000E+00  5.0202E+04
          
              step - step index within this case
                t0 - time at beginning-of-step in input units
                t1 - time at end-of-step in input units
                dt - length of step in seconds
                 t - end-of-step cumulative time in seconds
              flux - flux in neutrons/cm^2-sec (CALCULATED)
           fluence - cumulative end-of-step fluence in neutrons/cm^2 (CALCULATED)
             power - power in mega-watts (INPUT)     
            energy - cumulative end-of-step energy released in mega-watt-days (INPUT)     
=========================================================================================================================
.
.
.
.
.
*************************************************************************************************************************
********************                                                                                 ********************
********************                                                                                 ********************
********************                    Library information                                          ********************
********************                                                                                 ********************
********************                                                                                 ********************
*************************************************************************************************************************
.
.
=========================================================================================================================
=   Library summary for case 'decay' (#2/2)                                                                             =
-------------------------------------------------------------------------------------------------------------------------
filename: C:/Users/Teddy/AppData/Local/Temp/scale.Teddy.7008/w17x17_100d.f33 cross-section data taken from position number: 1
library title delimited by {}: 
{}
date library was produced: 538976288/538976288/538976288
total number of nuclides in library: 2237
number of light-element nuclides: 910
number of actinide nuclides: 176
number of fission product nuclides: 1151
number of nonzero off-diagonal matrix elements: 54564
=========================================================================================================================
.
.
*************************************************************************************************************************
********************                                                                                 ********************
********************                                                                                 ********************
********************                    Concentration tables                                         ********************
********************                                                                                 ********************
********************                                                                                 ********************
*************************************************************************************************************************
.
.
=========================================================================================================================
=   Nuclide concentrations in grams for case 'decay' (#2/2)                                                             =
-------------------------------------------------------------------------------------------------------------------------
  (relative cutoff; integral of concentrations over time >   1.00E-06 % of integral of all concentrations over time)
.
                   1.506y      2.506y   
  h-3          8.2414E-02  7.7905E-02
  he-4         2.2391E+00  2.7810E+00
  u-234        2.1505E+00  4.7796E+00
  u-235        2.4279E+03  2.4281E+03
  u-236        3.8523E+03  3.8525E+03
  u-237        2.3257E+01  5.1377E-05
  u-238        9.2824E+05  9.2824E+05
  u-239        1.6408E+00  0.0000E+00
  np-237       5.7049E+02  5.9384E+02
  np-238       4.7683E+00  6.6798E-08
  np-239       2.3612E+02  3.6405E-04
  pu-238       3.2347E+02  3.4385E+02
  pu-239       5.3069E+03  5.5446E+03
  pu-240       2.3486E+03  2.3591E+03
  pu-241       1.7286E+03  1.6468E+03
  pu-242       1.3623E+03  1.3624E+03
  pu-243       9.8582E-01  4.8721E-12
  pu-244       3.1166E-01  3.1168E-01
  am-241       2.1640E+01  1.0339E+02
  am-242m      3.6174E-01  3.5997E-01
  am-242       1.8385E-01  4.6444E-06
  am-243       4.2198E+02  4.2292E+02
  am-244m      4.8780E-02  0.0000E+00
  am-244       7.5892E-02  7.5750E-13
  cm-242       2.3428E+01  4.9861E+00
  cm-243       9.1568E-01  8.9413E-01
  cm-244       2.9169E+02  2.8085E+02
  cm-245       3.1994E+01  3.1991E+01
  cm-246       7.0586E+00  7.0576E+00
  cm-247       1.3665E-01  1.3665E-01
  cm-248       1.6382E-02  1.6419E-02
  ge-73        2.6622E-02  2.6639E-02
  ge-74        7.1553E-02  7.1554E-02
  as-75        1.7722E-01  1.7725E-01
  ge-76        4.8330E-01  4.8330E-01
  se-76        1.0111E-02  1.0168E-02
  se-77        1.0586E+00  1.0634E+00
  se-78        3.3790E+00  3.3798E+00
  se-79        6.9225E+00  6.9226E+00
  se-80        1.7788E+01  1.7788E+01
  br-81        2.9597E+01  2.9599E+01
  se-82        4.7095E+01  4.7095E+01
  kr-82        1.5420E+00  1.5525E+00
  kr-83        4.5681E+01  4.5705E+01
  kr-84        1.5934E+02  1.5935E+02
  kr-85        3.4091E+01  3.1973E+01
  kr-85m       4.8133E-02  0.0000E+00
  rb-85        1.2962E+02  1.3179E+02
  kr-86        2.4356E+02  2.4356E+02
  rb-86        7.9946E-02  1.0018E-07
  sr-86        9.2778E-01  1.0077E+00
  kr-87        2.5865E-02  0.0000E+00
  rb-87        3.1928E+02  3.1930E+02
  kr-88        7.6230E-02  0.0000E+00
  sr-88        4.4084E+02  4.4092E+02
  sr-89        4.4195E+01  2.9467E-01
  y-89         5.4123E+02  5.8514E+02
  sr-90        7.0637E+02  6.8957E+02
  y-90         2.0154E-01  1.7492E-01
  zr-90        1.7705E+01  3.4536E+01
  sr-91        4.9961E-01  0.0000E+00
  y-91         7.6968E+01  1.0232E+00
  y-91m        2.5301E-02  0.0000E+00
  zr-91        7.0429E+02  7.8076E+02
  sr-92        1.6219E-01  0.0000E+00
  y-92         2.1430E-01  0.0000E+00
  zr-92        8.7293E+02  8.7330E+02
  y-93         7.5112E-01  0.0000E+00
  zr-93        9.8221E+02  9.8297E+02
  y-94         2.5270E-02  0.0000E+00
  zr-94        1.0844E+03  1.0844E+03
  mo-94        1.9991E-02  1.9991E-02
  zr-95        1.4081E+02  2.7003E+00
  nb-95        7.6349E+01  3.2894E+00
  nb-95m       8.5940E-02  1.7427E-03
  mo-95        9.1303E+02  1.1244E+03
  zr-96        1.1792E+03  1.1792E+03
  mo-96        8.8847E+01  8.8865E+01
  zr-97        1.7149E+00  0.0000E+00
  nb-97        1.2416E-01  0.0000E+00
  mo-97        1.1902E+03  1.1921E+03
  mo-98        1.2685E+03  1.2686E+03
  tc-98        1.1283E-02  1.1283E-02
  mo-99        7.9882E+00  0.0000E+00
  tc-99        1.1196E+03  1.1282E+03
  tc-99m       6.4402E-01  0.0000E+00
  ru-99        2.6651E-02  3.0639E-02
  mo-100       1.4472E+03  1.4472E+03
  ru-100       2.3994E+02  2.3994E+02
  mo-101       2.9222E-02  0.0000E+00
  tc-101       2.8435E-02  0.0000E+00
  ru-101       1.1886E+03  1.1887E+03
  mo-102       2.2706E-02  0.0000E+00
  ru-102       1.3480E+03  1.3480E+03
  ru-103       1.2328E+02  1.9461E-01
  rh-103       5.6350E+02  6.8671E+02
  rh-103m      1.2107E-01  1.9115E-04
  tc-104       3.5638E-02  0.0000E+00
  ru-104       1.0368E+03  1.0368E+03
  pd-104       5.6073E+02  5.6073E+02
  ru-105       4.6737E-01  0.0000E+00
  rh-105       2.9719E+00  0.0000E+00
  pd-105       6.3453E+02  6.3798E+02
  ru-106       4.2434E+02  2.1476E+02
  pd-106       4.8200E+02  6.9158E+02
  rh-107       2.3706E-02  0.0000E+00
  pd-107       4.6498E+02  4.6500E+02
  pd-108       3.1936E+02  3.1936E+02
  pd-109       5.8157E-01  0.0000E+00
  ag-109       1.4603E+02  1.4661E+02
  pd-110       1.0921E+02  1.0921E+02
  ag-110m      1.8413E+00  6.6812E-01
  cd-110       1.2262E+02  1.2380E+02
  ag-111       1.4115E+00  2.4595E-15
  cd-111       5.4775E+01  5.6189E+01
  pd-112       6.9516E-02  0.0000E+00
  cd-112       2.8053E+01  2.8133E+01
  cd-113       1.3414E-01  1.4217E-01
  cd-114       2.9445E+01  2.9445E+01
  cd-115       5.9838E-02  0.0000E+00
  cd-115m      7.5211E-02  2.5628E-04
  in-115       2.0802E+00  2.2171E+00
  sn-115       4.0321E-01  4.0647E-01
  cd-116       9.8641E+00  9.8642E+00
  sn-116       7.3121E+00  7.3127E+00
  sn-117       8.8092E+00  8.8146E+00
  sn-118       8.2314E+00  8.2321E+00
  sn-119       7.8062E+00  7.8788E+00
  sn-119m      1.2517E-01  5.2748E-02
  sn-120       8.1181E+00  8.1181E+00
  sn-121       2.4348E-02  3.3321E-05
  sn-121m      6.2098E-01  6.1125E-01
  sb-121       7.3459E+00  7.3799E+00
  sn-122       1.0374E+01  1.0374E+01
  te-122       9.1972E-01  9.3244E-01
  sn-123       4.6635E-01  6.5709E-02
  sb-123       9.4333E+00  9.8345E+00
  te-123       1.0068E-02  1.3109E-02
  sn-124       1.6226E+01  1.6226E+01
  sb-124       1.8231E-01  2.7178E-03
  te-124       5.6299E-01  7.4257E-01
  sn-125       2.4991E-01  9.7970E-13
  sb-125       1.7918E+01  1.4133E+01
  te-125       3.5482E+00  7.5942E+00
  te-125m      2.0728E-01  1.9648E-01
  sn-126       3.6108E+01  3.6108E+01
  te-126       8.7205E-01  8.8662E-01
  sb-127       8.9527E-01  0.0000E+00
  te-127       7.7696E-02  3.5431E-04
  te-127m      8.7777E-01  1.0121E-01
  i-127        6.8202E+01  6.9963E+01
  te-128       1.6095E+02  1.6098E+02
  xe-128       7.5489E+00  7.5496E+00
  sb-129       1.2638E-01  0.0000E+00
  te-129       3.1763E-02  1.8377E-06
  te-129m      3.7739E+00  2.0249E-03
  i-129        2.5591E+02  2.5984E+02
  xe-129       8.5955E-02  8.6642E-02
  te-130       5.9560E+02  5.9562E+02
  i-130        4.2663E-02  0.0000E+00
  xe-130       1.9021E+01  1.9064E+01
  sb-131       2.6448E-02  0.0000E+00
  te-131       3.2083E-02  0.0000E+00
  te-131m      6.3724E-01  0.0000E+00
  i-131        1.7630E+01  3.6673E-13
  xe-131       5.2080E+02  5.3944E+02
  xe-131m      3.1825E-01  4.8424E-10
  te-132       9.8191E+00  0.0000E+00
  i-132        3.0269E-01  0.0000E+00
  xe-132       1.8669E+03  1.8770E+03
  te-133m      7.8194E-02  0.0000E+00
  i-133        3.7385E+00  0.0000E+00
  xe-133       2.2600E+01  2.9606E-20
  xe-133m      3.0060E-01  0.0000E+00
  cs-133       1.5338E+03  1.5606E+03
  te-134       1.0277E-01  0.0000E+00
  i-134        1.7446E-01  0.0000E+00
  xe-134       2.3389E+03  2.3392E+03
  cs-134       3.2123E+02  2.2965E+02
  cs-134m      2.2741E-02  0.0000E+00
  ba-134       6.5774E+01  1.5737E+02
  i-135        1.1568E+00  0.0000E+00
  xe-135       1.7114E-01  0.0000E+00
  cs-135       2.7063E+02  2.7197E+02
  ba-135       7.0113E-01  7.0179E-01
  xe-136       3.9840E+03  3.9840E+03
  cs-136       1.2750E+00  5.6213E-09
  ba-136       2.5263E+01  2.6538E+01
  cs-137       1.9185E+03  1.8748E+03
  ba-137       3.7964E+01  8.1671E+01
  xe-138       3.5457E-02  0.0000E+00
  cs-138       9.3126E-02  0.0000E+00
  ba-138       1.9703E+03  1.9704E+03
  la-138       2.1861E-02  2.1861E-02
  cs-139       2.4100E-02  0.0000E+00
  ba-139       2.2200E-01  0.0000E+00
  la-139       1.8218E+03  1.8221E+03
  ba-140       4.7048E+01  1.1227E-07
  la-140       6.5427E+00  1.7015E-08
  ce-140       1.8027E+03  1.8563E+03
  ba-141       4.4067E-02  0.0000E+00
  la-141       5.7243E-01  0.0000E+00
  ce-141       1.1165E+02  4.6526E-02
  pr-141       1.5340E+03  1.6462E+03
  ba-142       2.3552E-02  0.0000E+00
  la-142       2.1065E-01  0.0000E+00
  ce-142       1.6954E+03  1.6956E+03
  pr-142       1.9600E-01  0.0000E+00
  nd-142       5.2649E+01  5.2846E+01
  la-143       3.0886E-02  0.0000E+00
  ce-143       4.3552E+00  0.0000E+00
  pr-143       4.2252E+01  3.7165E-07
  nd-143       8.5565E+02  9.0229E+02
  ce-144       7.2787E+02  2.9930E+02
  pr-144       3.1265E-02  1.2607E-02
  nd-144       1.4569E+03  1.8854E+03
  pr-145       5.5521E-01  0.0000E+00
  nd-145       9.1183E+02  9.1239E+02
  pr-146       3.0986E-02  0.0000E+00
  nd-146       1.1233E+03  1.1234E+03
  nd-147       1.5794E+01  1.5285E-09
  pm-147       1.9873E+02  1.6486E+02
  sm-147       4.3647E+01  9.3323E+01
  nd-148       5.9719E+02  5.9720E+02
  pm-148       3.1091E+00  2.1982E-05
  pm-148m      1.6125E+00  3.5025E-03
  sm-148       2.2436E+02  2.2908E+02
  nd-149       6.9444E-02  0.0000E+00
  pm-149       3.3606E+00  0.0000E+00
  sm-149       2.0734E+00  5.5049E+00
  nd-150       2.9495E+02  2.9495E+02
  sm-150       4.9695E+02  4.9696E+02
  pm-151       6.5334E-01  0.0000E+00
  sm-151       1.3814E+01  1.4361E+01
  eu-151       5.0901E-03  1.1611E-01
  sm-152       1.3502E+02  1.3502E+02
  sm-153       3.1117E+00  0.0000E+00
  eu-153       1.8087E+02  1.8399E+02
  sm-154       8.1275E+01  8.1276E+01
  eu-154       4.8083E+01  4.4360E+01
  gd-154       2.6304E+00  6.3531E+00
  eu-155       1.6130E+01  1.3943E+01
  gd-155       4.7749E-02  2.2371E+00
  sm-156       3.4047E-02  0.0000E+00
  eu-156       2.1767E+01  1.2575E-06
  gd-156       2.9669E+02  3.1849E+02
  eu-157       1.0370E-01  0.0000E+00
  gd-157       2.3866E-01  3.4267E-01
  gd-158       6.6492E+01  6.6493E+01
  gd-159       2.6731E-02  0.0000E+00
  tb-159       6.2153E+00  6.2423E+00
  gd-160       2.4447E+00  2.4447E+00
  tb-160       4.2473E-01  1.2800E-02
  dy-160       5.0652E-01  9.1844E-01
  tb-161       5.7801E-02  6.9115E-18
  dy-161       8.3403E-01  8.9184E-01
  dy-162       6.8714E-01  6.8716E-01
  dy-163       6.4695E-01  6.4696E-01
  dy-164       1.7935E-01  1.7935E-01
  ho-165       4.0938E-01  4.0979E-01
  er-166       1.3867E-01  1.4049E-01
  er-168       2.1746E-02  2.1746E-02
------------
  totals       1.0002E+06  1.0002E+06
=========================================================================================================================
.
.
*************************************************************************************************************************
********************                                                                                 ********************
********************                                                                                 ********************
********************                    Written F71 File Information                                 ********************
********************                                                                                 ********************
********************                                                                                 ********************
*************************************************************************************************************************
.
.
   pos         time        power         flux      fluence       energy libpos   case   step DCGNAB
   (-)          (s)         (MW)    (n/cm2-s)      (n/cm2)        (MWd)    (-)    (-)    (-)    (-)
     1  4.75200e+07  0.00000e+00  0.00000e+00  4.58926e+22  5.02020e+04      1      2      0 DC----
     2  7.90800e+07  0.00000e+00  0.00000e+00  4.58926e+22  5.02020e+04      1      2      1 DC----
    D - state definition present
    C - concentrations present
    G - gamma emission spectra present
    N - neutron emission spectra present
    A - alpha emission spectra present
    B - beta emission spectra present
.
.
.
=========================================================================================================================
ORIGEN finished successfully.
=========================================================================================================================
    module origen used 0.581658 seconds cpu time for the current pass.

    module origen is finished. completion code    0. total cpu time used 2.7992e-006 seconds.


    SCALE is finished on Wed Feb 13 18:31:04 2019.
-------------------------- Summary --------------------------
arp finished. used 1.81826 seconds.
origen finished. used 0.587766 seconds.
SCALE driver required a maximum of 8.301 MiB of RAM.
------------------------ End Summary ------------------------

w17x17_100d.f33 copied to C:\Users\Teddy\Desktop\scale_test\output\w17x17_100d.f33.
discharge.f71 copied to C:\Users\Teddy\Desktop\scale_test\output\discharge.f71.
