 *******************************************************************************
 *                                                                             *
 *                                 SCALE 6.2.2                                 *
 *                                -------------                                *
 *                                February 2019                                *
 *                                                                             *
 *           SCALE:  A Comprehensive Modeling and Simulation Suite             *
 *                   for Nuclear Safety Analysis and Design                    *
 *                                                                             *
 *                      Reactor and Nuclear Systems Division                   *
 *                        Oak Ridge National Laboratory                        *
 *                                                                             *
 *                           http://scale.ornl.gov                             *
 *                            scalehelp@ornl.gov                               *
 *                                                                             *
 *******************************************************************************
 *******************************************************************************
      
                  Job Information
                  ---------------
      Job started on DESKTOP-J14NAA6 on Wed 13/02/2019 18:32:52
      Working directory: C:\Users\Teddy\AppData\Local\Temp\scale.Teddy.9384
      Input file name  : C:\Users\Teddy\Desktop\scale_test\output\2.800000_69292.929293.inp
      Output file name : C:\Users\Teddy\Desktop\scale_test\output\2.800000_69292.929293.out
      SCALE executable : C:\SCALE-6.2.2/bin/scale
      
 *******************************************************************************


    module arp will be called on Wed Feb 13 18:32:52 2019.
    sequence specification record:=arp
Input Data:

      'library type
      w17x17
      2.800000
      ' num cycles
      1
      ' num days per cycle
      550
      ' cycle average specific power (MW / MTU)
      125.987144
      ' number of interpolated cross section sets generated per cycle
      1
      ' moderator density (g/cc)
      0.723
      ' interpolated output ORIGEN library
      w17x17_100d.f33
end

1






        ************************************************************************************************************************
        ************************************************************************************************************************
        ************************************************************************************************************************
        *****                                                                                                              *****
        *****                                       program verification information                                       *****
        *****                                                                                                              *****
        *****                                   code system:  SCALE    version:  6.2                                       *****
        *****                                                                                                              *****
        ************************************************************************************************************************
        ************************************************************************************************************************
        *****                                                                                                              *****
        *****                                                                                                              *****
        *****              program:  arp.exe                                                                               *****
        *****                                                                                                              *****
        *****        creation date:   unknown                                                                              *****
        *****                                                                                                              *****
        *****              library:  C:\SCALE-6.2.2\bin                                                                    *****
        *****                                                                                                              *****
        *****                                                                                                              *****
        *****            prod code:  arp.exe                                                                               *****
        *****                                                                                                              *****
        *****              version:  6.2.2                                                                                 *****
        *****                                                                                                              *****
        *****              jobname:  Teddy                                                                                 *****
        *****                                                                                                              *****
        *****         machine name:  DESKTOP-J14NAA6                                                                       *****
        *****                                                                                                              *****
        *****    date of execution:  13_feb_2019                                                                           *****
        *****                                                                                                              *****
        *****    time of execution:  18:32:52.97                                                                           *****
        *****                                                                                                              *****
        *****                                                                                                              *****
        ************************************************************************************************************************
        ************************************************************************************************************************
        ************************************************************************************************************************


 'library type
    data library:       w17x17
       directory:       C:/SCALE-6.2.2/data/\arplibs
       definition:      C:/SCALE-6.2.2/data/\arpdata.txt
    u-235 enrichment:                        2.800

 ' num cycles
    number of cycles:                            1

 ' num days per cycle

 ' cycle average specific power (MW / MTU)

 ' number of interpolated cross section sets generated per cycle

 ' moderator density (g/cc)
    water density (g/cm3):                  0.7230
                                         cycle        cumulative      midpoint
   cycle time(d)        power(MW)      burnup(MWd/MTU)burnup(MWd/MTU)burnup(MWd/MTU)nlib
     1    550.000        125.987        69292.9        69292.9        34646.5             1

 ' interpolated output ORIGEN library
    interpolated library name:                   w17x17_100d.f33
 interpolation type: spline
 Cross section library interpolation completed.
.
.
.
=========================================================================================================================
ARP finished successfully.
=========================================================================================================================
    module arp used 3.04629 seconds cpu time for the current pass.

    module arp is finished. completion code    0. total cpu time used 1.3996e-005 seconds.



    module origen will be called on Wed Feb 13 18:32:55 2019.
    sequence specification record:=origen
Input Data:

      case(irrad) {
          lib{
              file="w17x17_100d.f33" pos=1
          }
          mat {
              units=GRAMS
              iso=[u235=28000.000000 u238=972000.000000]
          }
          time = [ 550 ]
          power = [ 125.987144 ]
      }
      case (decay) {
          time {
              units=YEARS
              start=0
              t=[1]
          }
          save{ file="discharge.f71" steps=[0 LAST]}
      }
end

1






        ************************************************************************************************************************
        ************************************************************************************************************************
        ************************************************************************************************************************
        *****                                                                                                              *****
        *****                                       program verification information                                       *****
        *****                                                                                                              *****
        *****                                   code system:  SCALE    version:  6.2                                       *****
        *****                                                                                                              *****
        ************************************************************************************************************************
        ************************************************************************************************************************
        *****                                                                                                              *****
        *****                                                                                                              *****
        *****              program:  origen.exe                                                                            *****
        *****                                                                                                              *****
        *****        creation date:   unknown                                                                              *****
        *****                                                                                                              *****
        *****              library:  C:\SCALE-6.2.2\bin                                                                    *****
        *****                                                                                                              *****
        *****                                                                                                              *****
        *****            prod code:  origen.exe                                                                            *****
        *****                                                                                                              *****
        *****              version:  6.2.2                                                                                 *****
        *****                                                                                                              *****
        *****              jobname:  Teddy                                                                                 *****
        *****                                                                                                              *****
        *****         machine name:  DESKTOP-J14NAA6                                                                       *****
        *****                                                                                                              *****
        *****    date of execution:  13_feb_2019                                                                           *****
        *****                                                                                                              *****
        *****    time of execution:  18:32:56.02                                                                           *****
        *****                                                                                                              *****
        *****                                                                                                              *****
        ************************************************************************************************************************
        ************************************************************************************************************************
        ************************************************************************************************************************

*************************************************************************************************************************
********************                                                                                 ********************
********************                                                                                 ********************
********************                    USER INPUT SUMMARY                                           ********************
********************                                                                                 ********************
********************                                                                                 ********************
*************************************************************************************************************************
.
.
=========================================================================================================================
=   Case "irrad" (#1/2)                                                                                                 =
-------------------------------------------------------------------------------------------------------------------------
###   Library settings                                                                                                ###
.
                                Library file name:     C:/Users/Teddy/AppData/Local/Temp/scale.Teddy.9384/w17x17_100d.f33
                             Library set position:              1
                 Fission product reaction removal:             no
-------------------------------------------------------------------------------------------------------------------------
###   Global settings                                                                                                 ###
.
                                           Solver:              MATREX
                                             Mode:        forward
                             Fixed fission energy:             no
-------------------------------------------------------------------------------------------------------------------------
###   Concentrations output options                                                                                   ###
.
                            High-precision output:             no
                                  Relative cutoff:            yes
                         Step for applying cutoff:       integral
.
                      light els.   actinides  fis.prods.       total
                       nuc    el   nuc    el   nuc    el   nuc    el             cutoff
gram-atoms                                                                    1.000E-06
grams                                                      **                 1.000E-06
curies                                                                        1.000E-06
watts                                                                         1.000E-06
gamma watts                                                                   1.000E-06
m3 air                                                                        1.000E-06
m3 water                                                                      1.000E-06
grams ppm                                                                     1.000E-06
atoms ppm                                                                     1.000E-06
atoms/barn-cm                                                                 1.000E-06
becquerels                                                                    1.000E-06
-------------------------------------------------------------------------------------------------------------------------
###   Additional output options                                                                                       ###
.
                                      Print k-inf:             no
           Nuclides for absorption fraction print:           none
                              Print fission rates:             no
            Step for sorting absorption fractions:              1
=========================================================================================================================
=   Case "decay" (#2/2)                                                                                                 =
-------------------------------------------------------------------------------------------------------------------------
###   Library settings                                                                                                ###
.
                                Library file name:     C:/Users/Teddy/AppData/Local/Temp/scale.Teddy.9384/w17x17_100d.f33
                             Library set position:              1
                 Fission product reaction removal:             no
-------------------------------------------------------------------------------------------------------------------------
###   Global settings                                                                                                 ###
.
                                           Solver:              MATREX
                                             Mode:        forward
                             Fixed fission energy:             no
-------------------------------------------------------------------------------------------------------------------------
###   Concentrations output options                                                                                   ###
.
                            High-precision output:             no
                                  Relative cutoff:            yes
                         Step for applying cutoff:       integral
.
                      light els.   actinides  fis.prods.       total
                       nuc    el   nuc    el   nuc    el   nuc    el             cutoff
gram-atoms                                                                    1.000E-06
grams                                                      **                 1.000E-06
curies                                                                        1.000E-06
watts                                                                         1.000E-06
gamma watts                                                                   1.000E-06
m3 air                                                                        1.000E-06
m3 water                                                                      1.000E-06
grams ppm                                                                     1.000E-06
atoms ppm                                                                     1.000E-06
atoms/barn-cm                                                                 1.000E-06
becquerels                                                                    1.000E-06
-------------------------------------------------------------------------------------------------------------------------
###   Additional output options                                                                                       ###
.
                                      Print k-inf:             no
           Nuclides for absorption fraction print:           none
                              Print fission rates:             no
            Step for sorting absorption fractions:              1
=========================================================================================================================
###   Blending information                                                                                            ###
.
  --- no blending requested in this job ---
=========================================================================================================================
.
.
***Warning:  The flux over a step has changed by more than 20%.
=========================================================================================================================
=   History overview for case 'irrad' (#1/2)                                                                            =
-------------------------------------------------------------------------------------------------------------------------
   step          t0          t1          dt           t        flux     fluence       power      energy
    (-)         (d)         (d)         (s)         (s)   (n/cm2-s)     (n/cm2)        (MW)       (MWd)
      1      0.0000    550.0000  4.7520E+07  4.7520E+07  1.3924E+15  6.6165E+22  1.2599E+02  6.9293E+04
          
              step - step index within this case
                t0 - time at beginning-of-step in input units
                t1 - time at end-of-step in input units
                dt - length of step in seconds
                 t - end-of-step cumulative time in seconds
              flux - flux in neutrons/cm^2-sec (CALCULATED)
           fluence - cumulative end-of-step fluence in neutrons/cm^2 (CALCULATED)
             power - power in mega-watts (INPUT)     
            energy - cumulative end-of-step energy released in mega-watt-days (INPUT)     
=========================================================================================================================
.
.
.
.
.
*************************************************************************************************************************
********************                                                                                 ********************
********************                                                                                 ********************
********************                    Library information                                          ********************
********************                                                                                 ********************
********************                                                                                 ********************
*************************************************************************************************************************
.
.
=========================================================================================================================
=   Library summary for case 'irrad' (#1/2)                                                                             =
-------------------------------------------------------------------------------------------------------------------------
filename: C:/Users/Teddy/AppData/Local/Temp/scale.Teddy.9384/w17x17_100d.f33 cross-section data taken from position number: 1
library title delimited by {}: 
{}
date library was produced: 538976288/538976288/538976288
total number of nuclides in library: 2237
number of light-element nuclides: 910
number of actinide nuclides: 176
number of fission product nuclides: 1151
number of nonzero off-diagonal matrix elements: 54564
=========================================================================================================================
.
.
*************************************************************************************************************************
********************                                                                                 ********************
********************                                                                                 ********************
********************                    Concentration tables                                         ********************
********************                                                                                 ********************
********************                                                                                 ********************
*************************************************************************************************************************
.
.
=========================================================================================================================
=   Nuclide concentrations in grams for case 'irrad' (#1/2)                                                             =
-------------------------------------------------------------------------------------------------------------------------
  (relative cutoff; integral of concentrations over time >   1.00E-06 % of integral of all concentrations over time)
.
                   0.000d    550.000d   
  h-3          0.0000E+00  1.1672E-01
  he-4         0.0000E+00  3.5107E+00
  u-234        0.0000E+00  2.5233E+00
  u-235        2.8000E+04  8.2030E+02
  u-236        0.0000E+00  3.6805E+03
  u-237        0.0000E+00  3.0722E+01
  u-238        9.7200E+05  9.0937E+05
  u-239        0.0000E+00  2.3254E+00
  np-237       0.0000E+00  6.6174E+02
  np-238       0.0000E+00  7.7500E+00
  np-239       0.0000E+00  3.3388E+02
  pu-238       0.0000E+00  5.0855E+02
  pu-239       0.0000E+00  5.2899E+03
  pu-240       0.0000E+00  2.7595E+03
  pu-241       0.0000E+00  1.8387E+03
  pu-242       0.0000E+00  2.0609E+03
  pu-243       0.0000E+00  2.0122E+00
  pu-244       0.0000E+00  1.1145E+00
  am-241       0.0000E+00  1.7109E+01
  am-242m      0.0000E+00  2.8194E-01
  am-242       0.0000E+00  2.0449E-01
  am-243       0.0000E+00  8.0378E+02
  am-244m      0.0000E+00  1.3021E-01
  am-244       0.0000E+00  2.0259E-01
  cm-242       0.0000E+00  3.1022E+01
  cm-243       0.0000E+00  1.5788E+00
  cm-244       0.0000E+00  8.9900E+02
  cm-245       0.0000E+00  9.8210E+01
  cm-246       0.0000E+00  4.0056E+01
  cm-247       0.0000E+00  1.1479E+00
  cm-248       0.0000E+00  2.2221E-01
  ge-73        0.0000E+00  3.4016E-02
  ge-74        0.0000E+00  9.5340E-02
  as-75        0.0000E+00  2.2735E-01
  ge-76        0.0000E+00  6.3791E-01
  se-77        0.0000E+00  1.3180E+00
  se-78        0.0000E+00  4.5584E+00
  se-79        0.0000E+00  8.9806E+00
  se-80        0.0000E+00  2.3047E+01
  br-81        0.0000E+00  3.7923E+01
  se-82        0.0000E+00  6.1426E+01
  kr-82        0.0000E+00  2.7677E+00
  kr-83        0.0000E+00  4.8181E+01
  kr-84        0.0000E+00  2.1374E+02
  kr-85        0.0000E+00  4.2972E+01
  kr-85m       0.0000E+00  5.9322E-02
  rb-85        0.0000E+00  1.6249E+02
  kr-86        0.0000E+00  3.0479E+02
  rb-86        0.0000E+00  1.4396E-01
  sr-86        0.0000E+00  1.7137E+00
  kr-87        0.0000E+00  3.1405E-02
  rb-87        0.0000E+00  3.9838E+02
  kr-88        0.0000E+00  9.1390E-02
  sr-88        0.0000E+00  5.4782E+02
  sr-89        0.0000E+00  5.3007E+01
  y-89         0.0000E+00  6.7412E+02
  sr-90        0.0000E+00  8.7448E+02
  y-90         0.0000E+00  2.6186E-01
  zr-90        0.0000E+00  2.3726E+01
  sr-91        0.0000E+00  6.1355E-01
  y-91         0.0000E+00  9.3007E+01
  y-91m        0.0000E+00  3.1073E-02
  zr-91        0.0000E+00  8.8728E+02
  sr-92        0.0000E+00  2.0327E-01
  y-92         0.0000E+00  2.6859E-01
  zr-92        0.0000E+00  1.1163E+03
  y-93         0.0000E+00  9.6067E-01
  zr-93        0.0000E+00  1.2661E+03
  y-94         0.0000E+00  3.2589E-02
  zr-94        0.0000E+00  1.4287E+03
  mo-94        0.0000E+00  3.9279E-02
  zr-95        0.0000E+00  1.8311E+02
  nb-95        0.0000E+00  9.8971E+01
  nb-95m       0.0000E+00  1.1180E-01
  mo-95        0.0000E+00  1.1637E+03
  zr-96        0.0000E+00  1.5741E+03
  nb-96        0.0000E+00  3.2446E-02
  mo-96        0.0000E+00  1.6459E+02
  zr-97        0.0000E+00  2.2926E+00
  nb-97        0.0000E+00  1.6605E-01
  mo-97        0.0000E+00  1.6001E+03
  mo-98        0.0000E+00  1.7408E+03
  tc-98        0.0000E+00  2.0492E-02
  mo-99        0.0000E+00  1.0837E+01
  tc-99        0.0000E+00  1.4245E+03
  tc-99m       0.0000E+00  8.7599E-01
  ru-99        0.0000E+00  2.6256E-02
  mo-100       0.0000E+00  1.9896E+03
  ru-100       0.0000E+00  4.4582E+02
  mo-101       0.0000E+00  4.0157E-02
  tc-101       0.0000E+00  3.9078E-02
  ru-101       0.0000E+00  1.6010E+03
  mo-102       0.0000E+00  3.1481E-02
  ru-102       0.0000E+00  1.9713E+03
  ru-103       0.0000E+00  1.7458E+02
  rh-103       0.0000E+00  6.5528E+02
  rh-103m      0.0000E+00  1.7149E-01
  tc-104       0.0000E+00  5.1082E-02
  ru-104       0.0000E+00  1.5620E+03
  pd-104       0.0000E+00  9.9229E+02
  ru-105       0.0000E+00  6.8125E-01
  rh-105       0.0000E+00  3.9812E+00
  pd-105       0.0000E+00  8.6645E+02
  ru-106       0.0000E+00  6.6379E+02
  pd-106       0.0000E+00  8.7637E+02
  rh-107       0.0000E+00  3.5118E-02
  pd-107       0.0000E+00  7.2498E+02
  pd-108       0.0000E+00  5.1111E+02
  pd-109       0.0000E+00  1.0008E+00
  ag-109       0.0000E+00  2.0866E+02
  pd-110       0.0000E+00  1.8235E+02
  ag-110m      0.0000E+00  3.0383E+00
  cd-110       0.0000E+00  2.6080E+02
  ag-111       0.0000E+00  2.4032E+00
  cd-111       0.0000E+00  9.8223E+01
  pd-112       0.0000E+00  1.1927E-01
  cd-112       0.0000E+00  5.0562E+01
  cd-113       0.0000E+00  1.6277E-01
  cd-114       0.0000E+00  4.8266E+01
  cd-115       0.0000E+00  9.7378E-02
  cd-115m      0.0000E+00  1.2436E-01
  in-115       0.0000E+00  2.4152E+00
  sn-115       0.0000E+00  6.0084E-01
  cd-116       0.0000E+00  1.4632E+01
  sn-116       0.0000E+00  1.2188E+01
  sn-117       0.0000E+00  1.2916E+01
  sn-118       0.0000E+00  1.2123E+01
  sn-119       0.0000E+00  1.1298E+01
  sn-119m      0.0000E+00  1.7065E-01
  sn-120       0.0000E+00  1.1863E+01
  sn-121       0.0000E+00  3.4576E-02
  sn-121m      0.0000E+00  8.7602E-01
  sb-121       0.0000E+00  1.0124E+01
  sn-122       0.0000E+00  1.5116E+01
  sb-122       0.0000E+00  2.5727E-02
  te-122       0.0000E+00  1.8295E+00
  sn-123       0.0000E+00  6.9686E-01
  sb-123       0.0000E+00  1.3256E+01
  sn-124       0.0000E+00  2.3336E+01
  sb-124       0.0000E+00  4.1442E-01
  te-124       0.0000E+00  1.2925E+00
  sn-125       0.0000E+00  3.5503E-01
  sb-125       0.0000E+00  2.6034E+01
  te-125       0.0000E+00  5.1573E+00
  te-125m      0.0000E+00  3.0053E-01
  sn-126       0.0000E+00  5.2546E+01
  sb-126       0.0000E+00  2.3776E-02
  te-126       0.0000E+00  1.2838E+00
  sb-127       0.0000E+00  1.2636E+00
  te-127       0.0000E+00  1.0795E-01
  te-127m      0.0000E+00  9.2089E-01
  i-127        0.0000E+00  9.2850E+01
  te-128       0.0000E+00  2.3121E+02
  xe-128       0.0000E+00  1.5068E+01
  sb-129       0.0000E+00  1.7760E-01
  te-129       0.0000E+00  4.4678E-02
  te-129m      0.0000E+00  5.2973E+00
  i-129        0.0000E+00  3.5842E+02
  xe-129       0.0000E+00  2.4000E-01
  sb-130       0.0000E+00  2.1312E-02
  te-130       0.0000E+00  8.2700E+02
  i-130        0.0000E+00  8.5686E-02
  xe-130       0.0000E+00  3.8617E+01
  sb-131       0.0000E+00  3.5875E-02
  te-131       0.0000E+00  4.3777E-02
  te-131m      0.0000E+00  8.8654E-01
  i-131        0.0000E+00  2.4129E+01
  xe-131       0.0000E+00  5.8143E+02
  xe-131m      0.0000E+00  4.4134E-01
  te-132       0.0000E+00  1.3372E+01
  i-132        0.0000E+00  4.1298E-01
  xe-132       0.0000E+00  2.7419E+03
  te-133       0.0000E+00  2.5623E-02
  te-133m      0.0000E+00  1.0427E-01
  i-133        0.0000E+00  5.0557E+00
  xe-133       0.0000E+00  3.0529E+01
  xe-133m      0.0000E+00  4.1167E-01
  cs-133       0.0000E+00  1.8915E+03
  te-134       0.0000E+00  1.3627E-01
  i-134        0.0000E+00  2.3537E-01
  xe-134       0.0000E+00  3.2196E+03
  cs-134       0.0000E+00  5.4105E+02
  cs-134m      0.0000E+00  4.0077E-02
  ba-134       0.0000E+00  1.1636E+02
  i-135        0.0000E+00  1.5708E+00
  xe-135       0.0000E+00  1.6611E-01
  cs-135       0.0000E+00  3.7779E+02
  ba-135       0.0000E+00  1.8204E+00
  xe-136       0.0000E+00  5.6101E+03
  cs-136       0.0000E+00  2.3373E+00
  ba-136       0.0000E+00  4.1597E+01
  cs-137       0.0000E+00  2.6509E+03
  ba-137       0.0000E+00  5.3017E+01
  xe-138       0.0000E+00  4.7494E-02
  cs-138       0.0000E+00  1.2535E-01
  ba-138       0.0000E+00  2.6916E+03
  la-138       0.0000E+00  3.8896E-02
  cs-139       0.0000E+00  3.2376E-02
  ba-139       0.0000E+00  2.9879E-01
  la-139       0.0000E+00  2.4591E+03
  ba-140       0.0000E+00  6.3089E+01
  la-140       0.0000E+00  8.9802E+00
  ce-140       0.0000E+00  2.4807E+03
  ba-141       0.0000E+00  5.9043E-02
  la-141       0.0000E+00  7.6743E-01
  ce-141       0.0000E+00  1.4839E+02
  pr-141       0.0000E+00  2.0385E+03
  ba-142       0.0000E+00  3.1340E-02
  la-142       0.0000E+00  2.8088E-01
  ce-142       0.0000E+00  2.3088E+03
  pr-142       0.0000E+00  3.7466E-01
  nd-142       0.0000E+00  1.0152E+02
  la-143       0.0000E+00  4.0853E-02
  ce-143       0.0000E+00  5.7762E+00
  pr-143       0.0000E+00  5.5648E+01
  nd-143       0.0000E+00  8.9686E+02
  ce-144       0.0000E+00  9.5914E+02
  pr-144       0.0000E+00  4.1553E-02
  nd-144       0.0000E+00  2.2051E+03
  pr-145       0.0000E+00  7.4020E-01
  nd-145       0.0000E+00  1.1280E+03
  ce-146       0.0000E+00  2.3167E-02
  pr-146       0.0000E+00  4.1587E-02
  nd-146       0.0000E+00  1.6320E+03
  nd-147       0.0000E+00  2.1075E+01
  pm-147       0.0000E+00  1.9750E+02
  sm-147       0.0000E+00  3.9096E+01
  nd-148       0.0000E+00  8.4103E+02
  pm-148       0.0000E+00  4.1509E+00
  pm-148m      0.0000E+00  1.6105E+00
  sm-148       0.0000E+00  3.2533E+02
  nd-149       0.0000E+00  9.8296E-02
  pm-149       0.0000E+00  4.7827E+00
  sm-149       0.0000E+00  2.0613E+00
  nd-150       0.0000E+00  4.2153E+02
  sm-150       0.0000E+00  6.7738E+02
  pm-151       0.0000E+00  9.3899E-01
  sm-151       0.0000E+00  1.6371E+01
  sm-152       0.0000E+00  1.6386E+02
  sm-153       0.0000E+00  5.1456E+00
  eu-153       0.0000E+00  2.2786E+02
  sm-154       0.0000E+00  1.3727E+02
  eu-154       0.0000E+00  6.1027E+01
  gd-154       0.0000E+00  3.4122E+00
  eu-155       0.0000E+00  2.0491E+01
  gd-155       0.0000E+00  4.7492E-02
  sm-156       0.0000E+00  5.0900E-02
  eu-156       0.0000E+00  3.7762E+01
  gd-156       0.0000E+00  5.5297E+02
  eu-157       0.0000E+00  2.2148E-01
  gd-157       0.0000E+00  3.8620E-01
  gd-158       0.0000E+00  1.4933E+02
  gd-159       0.0000E+00  6.3714E-02
  tb-159       0.0000E+00  1.2393E+01
  gd-160       0.0000E+00  4.2002E+00
  tb-160       0.0000E+00  1.0297E+00
  dy-160       0.0000E+00  1.0128E+00
  tb-161       0.0000E+00  1.5188E-01
  dy-161       0.0000E+00  1.6812E+00
  dy-162       0.0000E+00  1.4491E+00
  dy-163       0.0000E+00  1.4937E+00
  dy-164       0.0000E+00  4.0467E-01
  ho-165       0.0000E+00  1.1925E+00
  er-166       0.0000E+00  5.4439E-01
  er-167       0.0000E+00  2.7484E-02
  er-168       0.0000E+00  9.4695E-02
------------
  totals       1.0000E+06  1.0022E+06
=========================================================================================================================
.
.
=========================================================================================================================
=   History overview for case 'decay' (#2/2)                                                                            =
-------------------------------------------------------------------------------------------------------------------------
   step          t0          t1          dt           t        flux     fluence       power      energy
    (-)         (y)         (y)         (s)         (s)   (n/cm2-s)     (n/cm2)        (MW)       (MWd)
      1      1.5057      2.5057  3.1560E+07  7.9080E+07  0.0000E+00  6.6165E+22  0.0000E+00  6.9293E+04
          
              step - step index within this case
                t0 - time at beginning-of-step in input units
                t1 - time at end-of-step in input units
                dt - length of step in seconds
                 t - end-of-step cumulative time in seconds
              flux - flux in neutrons/cm^2-sec (CALCULATED)
           fluence - cumulative end-of-step fluence in neutrons/cm^2 (CALCULATED)
             power - power in mega-watts (INPUT)     
            energy - cumulative end-of-step energy released in mega-watt-days (INPUT)     
=========================================================================================================================
.
.
.
.
.
*************************************************************************************************************************
********************                                                                                 ********************
********************                                                                                 ********************
********************                    Library information                                          ********************
********************                                                                                 ********************
********************                                                                                 ********************
*************************************************************************************************************************
.
.
=========================================================================================================================
=   Library summary for case 'decay' (#2/2)                                                                             =
-------------------------------------------------------------------------------------------------------------------------
filename: C:/Users/Teddy/AppData/Local/Temp/scale.Teddy.9384/w17x17_100d.f33 cross-section data taken from position number: 1
library title delimited by {}: 
{}
date library was produced: 538976288/538976288/538976288
total number of nuclides in library: 2237
number of light-element nuclides: 910
number of actinide nuclides: 176
number of fission product nuclides: 1151
number of nonzero off-diagonal matrix elements: 54564
=========================================================================================================================
.
.
*************************************************************************************************************************
********************                                                                                 ********************
********************                                                                                 ********************
********************                    Concentration tables                                         ********************
********************                                                                                 ********************
********************                                                                                 ********************
*************************************************************************************************************************
.
.
=========================================================================================================================
=   Nuclide concentrations in grams for case 'decay' (#2/2)                                                             =
-------------------------------------------------------------------------------------------------------------------------
  (relative cutoff; integral of concentrations over time >   1.00E-06 % of integral of all concentrations over time)
.
                   1.506y      2.506y   
  h-3          1.1672E-01  1.1033E-01
  he-4         3.5107E+00  4.5531E+00
  u-234        2.5233E+00  6.6364E+00
  u-235        8.2030E+02  8.2046E+02
  u-236        3.6805E+03  3.6808E+03
  u-237        3.0722E+01  5.4647E-05
  u-238        9.0937E+05  9.0937E+05
  u-239        2.3254E+00  0.0000E+00
  np-237       6.6174E+02  6.9256E+02
  np-238       7.7500E+00  5.2061E-08
  np-239       3.3388E+02  6.9356E-04
  pu-238       5.0855E+02  5.3631E+02
  pu-239       5.2899E+03  5.6261E+03
  pu-240       2.7595E+03  2.7925E+03
  pu-241       1.8387E+03  1.7516E+03
  pu-242       2.0609E+03  2.0609E+03
  pu-243       2.0122E+00  4.0929E-11
  pu-244       1.1145E+00  1.1145E+00
  am-241       1.7109E+01  1.0407E+02
  am-242m      2.8194E-01  2.8056E-01
  am-242       2.0449E-01  3.6198E-06
  am-243       8.0378E+02  8.0572E+02
  am-244m      1.3021E-01  0.0000E+00
  am-244       2.0259E-01  1.5501E-11
  cm-242       3.1022E+01  6.5952E+00
  cm-243       1.5788E+00  1.5416E+00
  cm-244       8.9900E+02  8.6556E+02
  cm-245       9.8210E+01  9.8202E+01
  cm-246       4.0056E+01  4.0050E+01
  cm-247       1.1479E+00  1.1479E+00
  cm-248       2.2221E-01  2.2307E-01
  ge-73        3.4016E-02  3.4041E-02
  ge-74        9.5340E-02  9.5342E-02
  as-75        2.2735E-01  2.2738E-01
  ge-76        6.3791E-01  6.3791E-01
  se-76        1.8114E-02  1.8220E-02
  se-77        1.3180E+00  1.3241E+00
  se-78        4.5584E+00  4.5594E+00
  se-79        8.9806E+00  8.9807E+00
  se-80        2.3047E+01  2.3047E+01
  br-81        3.7923E+01  3.7925E+01
  se-82        6.1426E+01  6.1426E+01
  kr-82        2.7677E+00  2.7870E+00
  kr-83        4.8181E+01  4.8212E+01
  kr-84        2.1374E+02  2.1375E+02
  kr-85        4.2972E+01  4.0302E+01
  kr-85m       5.9322E-02  0.0000E+00
  rb-85        1.6249E+02  1.6522E+02
  kr-86        3.0479E+02  3.0479E+02
  rb-86        1.4396E-01  1.8040E-07
  sr-86        1.7137E+00  1.8576E+00
  kr-87        3.1405E-02  0.0000E+00
  rb-87        3.9838E+02  3.9842E+02
  sr-87        1.1691E-02  1.1698E-02
  kr-88        9.1390E-02  0.0000E+00
  sr-88        5.4782E+02  5.4793E+02
  sr-89        5.3007E+01  3.5343E-01
  y-89         6.7412E+02  7.2678E+02
  sr-90        8.7448E+02  8.5368E+02
  y-90         2.6186E-01  2.1655E-01
  zr-90        2.3726E+01  4.4575E+01
  sr-91        6.1355E-01  0.0000E+00
  y-91         9.3007E+01  1.2365E+00
  y-91m        3.1073E-02  0.0000E+00
  zr-91        8.8728E+02  9.7969E+02
  sr-92        2.0327E-01  0.0000E+00
  y-92         2.6859E-01  0.0000E+00
  zr-92        1.1163E+03  1.1167E+03
  y-93         9.6067E-01  0.0000E+00
  zr-93        1.2661E+03  1.2671E+03
  y-94         3.2589E-02  0.0000E+00
  zr-94        1.4287E+03  1.4288E+03
  mo-94        3.9279E-02  3.9279E-02
  zr-95        1.8311E+02  3.5114E+00
  nb-95        9.8971E+01  4.2772E+00
  nb-95m       1.1180E-01  2.2662E-03
  mo-95        1.1637E+03  1.4383E+03
  zr-96        1.5741E+03  1.5741E+03
  nb-96        3.2446E-02  0.0000E+00
  mo-96        1.6459E+02  1.6462E+02
  zr-97        2.2926E+00  0.0000E+00
  nb-97        1.6605E-01  0.0000E+00
  mo-97        1.6001E+03  1.6026E+03
  mo-98        1.7408E+03  1.7408E+03
  tc-98        2.0492E-02  2.0492E-02
  mo-99        1.0837E+01  0.0000E+00
  tc-99        1.4245E+03  1.4362E+03
  tc-99m       8.7599E-01  0.0000E+00
  ru-99        2.6256E-02  3.1357E-02
  mo-100       1.9896E+03  1.9896E+03
  ru-100       4.4582E+02  4.4582E+02
  mo-101       4.0157E-02  0.0000E+00
  tc-101       3.9078E-02  0.0000E+00
  ru-101       1.6010E+03  1.6011E+03
  mo-102       3.1481E-02  0.0000E+00
  ru-102       1.9713E+03  1.9714E+03
  ru-103       1.7458E+02  2.7559E-01
  rh-103       6.5528E+02  8.2977E+02
  rh-103m      1.7149E-01  2.7070E-04
  tc-104       5.1082E-02  0.0000E+00
  ru-104       1.5620E+03  1.5620E+03
  pd-104       9.9229E+02  9.9229E+02
  ru-105       6.8125E-01  0.0000E+00
  rh-105       3.9812E+00  0.0000E+00
  pd-105       8.6645E+02  8.7113E+02
  ru-106       6.6379E+02  3.3594E+02
  pd-106       8.7637E+02  1.2042E+03
  rh-107       3.5118E-02  0.0000E+00
  pd-107       7.2498E+02  7.2503E+02
  pd-108       5.1111E+02  5.1112E+02
  pd-109       1.0008E+00  0.0000E+00
  ag-109       2.0866E+02  2.0966E+02
  pd-110       1.8235E+02  1.8236E+02
  ag-110m      3.0383E+00  1.1025E+00
  cd-110       2.6080E+02  2.6273E+02
  ag-111       2.4032E+00  4.1877E-15
  cd-111       9.8223E+01  1.0063E+02
  pd-112       1.1927E-01  0.0000E+00
  cd-112       5.0562E+01  5.0699E+01
  cd-113       1.6277E-01  1.7654E-01
  cd-114       4.8266E+01  4.8266E+01
  cd-115       9.7378E-02  0.0000E+00
  cd-115m      1.2436E-01  4.2376E-04
  in-115       2.4152E+00  2.6399E+00
  sn-115       6.0084E-01  6.0614E-01
  cd-116       1.4632E+01  1.4632E+01
  sn-116       1.2188E+01  1.2189E+01
  sn-117       1.2916E+01  1.2924E+01
  sn-118       1.2123E+01  1.2124E+01
  sn-119       1.1298E+01  1.1397E+01
  sn-119m      1.7065E-01  7.1916E-02
  sn-120       1.1863E+01  1.1863E+01
  sn-121       3.4576E-02  4.7006E-05
  sn-121m      8.7602E-01  8.6230E-01
  sb-121       1.0124E+01  1.0173E+01
  sn-122       1.5116E+01  1.5117E+01
  sb-122       2.5727E-02  0.0000E+00
  te-122       1.8295E+00  1.8546E+00
  sn-123       6.9686E-01  9.8188E-02
  sb-123       1.3256E+01  1.3855E+01
  te-123       1.9581E-02  2.6245E-02
  sn-124       2.3336E+01  2.3336E+01
  sb-124       4.1442E-01  6.1781E-03
  te-124       1.2925E+00  1.7007E+00
  sn-125       3.5503E-01  1.3918E-12
  sb-125       2.6034E+01  2.0528E+01
  te-125       5.1573E+00  1.1034E+01
  te-125m      3.0053E-01  2.8538E-01
  sn-126       5.2546E+01  5.2545E+01
  sb-126       2.3776E-02  1.0815E-06
  te-126       1.2838E+00  1.3077E+00
  sb-127       1.2636E+00  0.0000E+00
  te-127       1.0795E-01  3.9098E-04
  te-127m      9.2089E-01  1.1168E-01
  i-127        9.2850E+01  9.5047E+01
  te-128       2.3121E+02  2.3125E+02
  xe-128       1.5068E+01  1.5069E+01
  sb-129       1.7760E-01  0.0000E+00
  te-129       4.4678E-02  2.5796E-06
  te-129m      5.2973E+00  2.8423E-03
  i-129        3.5842E+02  3.6393E+02
  xe-129       2.4000E-01  2.4195E-01
  sb-130       2.1312E-02  0.0000E+00
  te-130       8.2700E+02  8.2703E+02
  i-130        8.5686E-02  0.0000E+00
  xe-130       3.8617E+01  3.8703E+01
  sb-131       3.5875E-02  0.0000E+00
  te-131       4.3777E-02  0.0000E+00
  te-131m      8.8654E-01  0.0000E+00
  i-131        2.4129E+01  5.0225E-13
  xe-131       5.8143E+02  6.0697E+02
  xe-131m      4.4134E-01  6.6599E-10
  te-132       1.3372E+01  0.0000E+00
  i-132        4.1298E-01  0.0000E+00
  xe-132       2.7419E+03  2.7557E+03
  te-133       2.5623E-02  0.0000E+00
  te-133m      1.0427E-01  0.0000E+00
  i-133        5.0557E+00  0.0000E+00
  xe-133       3.0529E+01  4.0008E-20
  xe-133m      4.1167E-01  0.0000E+00
  cs-133       1.8915E+03  1.9276E+03
  te-134       1.3627E-01  0.0000E+00
  i-134        2.3537E-01  0.0000E+00
  xe-134       3.2196E+03  3.2199E+03
  cs-134       5.4105E+02  3.8680E+02
  cs-134m      4.0077E-02  0.0000E+00
  ba-134       1.1636E+02  2.7064E+02
  i-135        1.5708E+00  0.0000E+00
  xe-135       1.6611E-01  0.0000E+00
  cs-135       3.7779E+02  3.7955E+02
  ba-135       1.8204E+00  1.8219E+00
  xe-136       5.6101E+03  5.6101E+03
  cs-136       2.3373E+00  1.0305E-08
  ba-136       4.1597E+01  4.3935E+01
  cs-137       2.6509E+03  2.5906E+03
  ba-137       5.3017E+01  1.1341E+02
  xe-138       4.7494E-02  0.0000E+00
  cs-138       1.2535E-01  0.0000E+00
  ba-138       2.6916E+03  2.6918E+03
  la-138       3.8896E-02  3.8896E-02
  cs-139       3.2376E-02  0.0000E+00
  ba-139       2.9879E-01  0.0000E+00
  la-139       2.4591E+03  2.4595E+03
  ba-140       6.3089E+01  1.5054E-07
  la-140       8.9802E+00  2.2817E-08
  ce-140       2.4807E+03  2.5528E+03
  ba-141       5.9043E-02  0.0000E+00
  la-141       7.6743E-01  0.0000E+00
  ce-141       1.4839E+02  6.1840E-02
  pr-141       2.0385E+03  2.1877E+03
  ba-142       3.1340E-02  0.0000E+00
  la-142       2.8088E-01  0.0000E+00
  ce-142       2.3088E+03  2.3091E+03
  pr-142       3.7466E-01  0.0000E+00
  nd-142       1.0152E+02  1.0189E+02
  la-143       4.0853E-02  0.0000E+00
  ce-143       5.7762E+00  0.0000E+00
  pr-143       5.5648E+01  4.8983E-07
  nd-143       8.9686E+02  9.5833E+02
  ce-144       9.5914E+02  3.9440E+02
  pr-144       4.1553E-02  1.6613E-02
  nd-144       2.2051E+03  2.7699E+03
  pr-145       7.4020E-01  0.0000E+00
  nd-145       1.1280E+03  1.1287E+03
  ce-146       2.3167E-02  0.0000E+00
  pr-146       4.1587E-02  0.0000E+00
  nd-146       1.6320E+03  1.6321E+03
  nd-147       2.1075E+01  2.0397E-09
  pm-147       1.9750E+02  1.6802E+02
  sm-147       3.9096E+01  8.9668E+01
  nd-148       8.4103E+02  8.4103E+02
  pm-148       4.1509E+00  2.1954E-05
  pm-148m      1.6105E+00  3.4981E-03
  sm-148       3.2533E+02  3.3109E+02
  nd-149       9.8296E-02  0.0000E+00
  pm-149       4.7827E+00  0.0000E+00
  sm-149       2.0613E+00  6.9442E+00
  nd-150       4.2153E+02  4.2153E+02
  sm-150       6.7738E+02  6.7739E+02
  pm-151       9.3899E-01  0.0000E+00
  sm-151       1.6371E+01  1.7184E+01
  eu-151       4.2028E-03  1.3704E-01
  sm-152       1.6386E+02  1.6386E+02
  sm-153       5.1456E+00  0.0000E+00
  eu-153       2.2786E+02  2.3301E+02
  sm-154       1.3727E+02  1.3728E+02
  eu-154       6.1027E+01  5.6302E+01
  gd-154       3.4122E+00  8.1369E+00
  eu-155       2.0491E+01  1.7713E+01
  gd-155       4.7492E-02  2.8288E+00
  sm-156       5.0900E-02  0.0000E+00
  eu-156       3.7762E+01  2.1810E-06
  gd-156       5.5297E+02  5.9079E+02
  eu-157       2.2148E-01  0.0000E+00
  gd-157       3.8620E-01  6.0816E-01
  gd-158       1.4933E+02  1.4933E+02
  gd-159       6.3714E-02  0.0000E+00
  tb-159       1.2393E+01  1.2457E+01
  gd-160       4.2002E+00  4.2002E+00
  tb-160       1.0297E+00  3.1033E-02
  dy-160       1.0128E+00  2.0115E+00
  tb-161       1.5188E-01  1.8160E-17
  dy-161       1.6812E+00  1.8331E+00
  dy-162       1.4491E+00  1.4492E+00
  dy-163       1.4937E+00  1.4937E+00
  dy-164       4.0467E-01  4.0468E-01
  ho-165       1.1925E+00  1.1938E+00
  er-166       5.4439E-01  5.5155E-01
  er-167       2.7484E-02  2.7531E-02
  er-168       9.4695E-02  9.4695E-02
------------
  totals       1.0022E+06  1.0022E+06
=========================================================================================================================
.
.
*************************************************************************************************************************
********************                                                                                 ********************
********************                                                                                 ********************
********************                    Written F71 File Information                                 ********************
********************                                                                                 ********************
********************                                                                                 ********************
*************************************************************************************************************************
.
.
   pos         time        power         flux      fluence       energy libpos   case   step DCGNAB
   (-)          (s)         (MW)    (n/cm2-s)      (n/cm2)        (MWd)    (-)    (-)    (-)    (-)
     1  4.75200e+07  0.00000e+00  0.00000e+00  6.61648e+22  6.92929e+04      1      2      0 DC----
     2  7.90800e+07  0.00000e+00  0.00000e+00  6.61648e+22  6.92929e+04      1      2      1 DC----
    D - state definition present
    C - concentrations present
    G - gamma emission spectra present
    N - neutron emission spectra present
    A - alpha emission spectra present
    B - beta emission spectra present
.
.
.
=========================================================================================================================
ORIGEN finished successfully.
=========================================================================================================================
    module origen used 0.894184 seconds cpu time for the current pass.

    module origen is finished. completion code    0. total cpu time used 4.66533e-006 seconds.


    SCALE is finished on Wed Feb 13 18:32:56 2019.
-------------------------- Summary --------------------------
arp finished. used 3.05569 seconds.
origen finished. used 0.899232 seconds.
SCALE driver required a maximum of 8.305 MiB of RAM.
------------------------ End Summary ------------------------

w17x17_100d.f33 copied to C:\Users\Teddy\Desktop\scale_test\output\w17x17_100d.f33.
discharge.f71 copied to C:\Users\Teddy\Desktop\scale_test\output\discharge.f71.
