 *******************************************************************************
 *                                                                             *
 *                                 SCALE 6.2.2                                 *
 *                                -------------                                *
 *                                February 2019                                *
 *                                                                             *
 *           SCALE:  A Comprehensive Modeling and Simulation Suite             *
 *                   for Nuclear Safety Analysis and Design                    *
 *                                                                             *
 *                      Reactor and Nuclear Systems Division                   *
 *                        Oak Ridge National Laboratory                        *
 *                                                                             *
 *                           http://scale.ornl.gov                             *
 *                            scalehelp@ornl.gov                               *
 *                                                                             *
 *******************************************************************************
 *******************************************************************************
      
                  Job Information
                  ---------------
      Job started on DESKTOP-J14NAA6 on Wed 13/02/2019 18:29:38
      Working directory: C:\Users\Teddy\AppData\Local\Temp\scale.Teddy.7900
      Input file name  : C:\Users\Teddy\Desktop\scale_test\output\2.800000_34646.464646.inp
      Output file name : C:\Users\Teddy\Desktop\scale_test\output\2.800000_34646.464646.out
      SCALE executable : C:\SCALE-6.2.2/bin/scale
      
 *******************************************************************************


    module arp will be called on Wed Feb 13 18:29:39 2019.
    sequence specification record:=arp
Input Data:

      'library type
      w17x17
      2.800000
      ' num cycles
      1
      ' num days per cycle
      550
      ' cycle average specific power (MW / MTU)
      62.993572
      ' number of interpolated cross section sets generated per cycle
      1
      ' moderator density (g/cc)
      0.723
      ' interpolated output ORIGEN library
      w17x17_100d.f33
end

1






        ************************************************************************************************************************
        ************************************************************************************************************************
        ************************************************************************************************************************
        *****                                                                                                              *****
        *****                                       program verification information                                       *****
        *****                                                                                                              *****
        *****                                   code system:  SCALE    version:  6.2                                       *****
        *****                                                                                                              *****
        ************************************************************************************************************************
        ************************************************************************************************************************
        *****                                                                                                              *****
        *****                                                                                                              *****
        *****              program:  arp.exe                                                                               *****
        *****                                                                                                              *****
        *****        creation date:   unknown                                                                              *****
        *****                                                                                                              *****
        *****              library:  C:\SCALE-6.2.2\bin                                                                    *****
        *****                                                                                                              *****
        *****                                                                                                              *****
        *****            prod code:  arp.exe                                                                               *****
        *****                                                                                                              *****
        *****              version:  6.2.2                                                                                 *****
        *****                                                                                                              *****
        *****              jobname:  Teddy                                                                                 *****
        *****                                                                                                              *****
        *****         machine name:  DESKTOP-J14NAA6                                                                       *****
        *****                                                                                                              *****
        *****    date of execution:  13_feb_2019                                                                           *****
        *****                                                                                                              *****
        *****    time of execution:  18:29:39.46                                                                           *****
        *****                                                                                                              *****
        *****                                                                                                              *****
        ************************************************************************************************************************
        ************************************************************************************************************************
        ************************************************************************************************************************


 'library type
    data library:       w17x17
       directory:       C:/SCALE-6.2.2/data/\arplibs
       definition:      C:/SCALE-6.2.2/data/\arpdata.txt
    u-235 enrichment:                        2.800

 ' num cycles
    number of cycles:                            1

 ' num days per cycle

 ' cycle average specific power (MW / MTU)

 ' number of interpolated cross section sets generated per cycle

 ' moderator density (g/cc)
    water density (g/cm3):                  0.7230
                                         cycle        cumulative      midpoint
   cycle time(d)        power(MW)      burnup(MWd/MTU)burnup(MWd/MTU)burnup(MWd/MTU)nlib
     1    550.000        62.9936        34646.5        34646.5        17323.2             1

 ' interpolated output ORIGEN library
    interpolated library name:                   w17x17_100d.f33
 interpolation type: spline
 Cross section library interpolation completed.
.
.
.
=========================================================================================================================
ARP finished successfully.
=========================================================================================================================
    module arp used 1.89792 seconds cpu time for the current pass.

    module arp is finished. completion code    0. total cpu time used 1.07303e-005 seconds.



    module origen will be called on Wed Feb 13 18:29:41 2019.
    sequence specification record:=origen
Input Data:

      case(irrad) {
          lib{
              file="w17x17_100d.f33" pos=1
          }
          mat {
              units=GRAMS
              iso=[u235=28000.000000 u238=972000.000000]
          }
          time = [ 550 ]
          power = [ 62.993572 ]
      }
      case (decay) {
          time {
              units=YEARS
              start=0
              t=[1]
          }
          save{ file="discharge.f71" steps=[0 LAST]}
      }
end

1






        ************************************************************************************************************************
        ************************************************************************************************************************
        ************************************************************************************************************************
        *****                                                                                                              *****
        *****                                       program verification information                                       *****
        *****                                                                                                              *****
        *****                                   code system:  SCALE    version:  6.2                                       *****
        *****                                                                                                              *****
        ************************************************************************************************************************
        ************************************************************************************************************************
        *****                                                                                                              *****
        *****                                                                                                              *****
        *****              program:  origen.exe                                                                            *****
        *****                                                                                                              *****
        *****        creation date:   unknown                                                                              *****
        *****                                                                                                              *****
        *****              library:  C:\SCALE-6.2.2\bin                                                                    *****
        *****                                                                                                              *****
        *****                                                                                                              *****
        *****            prod code:  origen.exe                                                                            *****
        *****                                                                                                              *****
        *****              version:  6.2.2                                                                                 *****
        *****                                                                                                              *****
        *****              jobname:  Teddy                                                                                 *****
        *****                                                                                                              *****
        *****         machine name:  DESKTOP-J14NAA6                                                                       *****
        *****                                                                                                              *****
        *****    date of execution:  13_feb_2019                                                                           *****
        *****                                                                                                              *****
        *****    time of execution:  18:29:41.36                                                                           *****
        *****                                                                                                              *****
        *****                                                                                                              *****
        ************************************************************************************************************************
        ************************************************************************************************************************
        ************************************************************************************************************************

*************************************************************************************************************************
********************                                                                                 ********************
********************                                                                                 ********************
********************                    USER INPUT SUMMARY                                           ********************
********************                                                                                 ********************
********************                                                                                 ********************
*************************************************************************************************************************
.
.
=========================================================================================================================
=   Case "irrad" (#1/2)                                                                                                 =
-------------------------------------------------------------------------------------------------------------------------
###   Library settings                                                                                                ###
.
                                Library file name:     C:/Users/Teddy/AppData/Local/Temp/scale.Teddy.7900/w17x17_100d.f33
                             Library set position:              1
                 Fission product reaction removal:             no
-------------------------------------------------------------------------------------------------------------------------
###   Global settings                                                                                                 ###
.
                                           Solver:              MATREX
                                             Mode:        forward
                             Fixed fission energy:             no
-------------------------------------------------------------------------------------------------------------------------
###   Concentrations output options                                                                                   ###
.
                            High-precision output:             no
                                  Relative cutoff:            yes
                         Step for applying cutoff:       integral
.
                      light els.   actinides  fis.prods.       total
                       nuc    el   nuc    el   nuc    el   nuc    el             cutoff
gram-atoms                                                                    1.000E-06
grams                                                      **                 1.000E-06
curies                                                                        1.000E-06
watts                                                                         1.000E-06
gamma watts                                                                   1.000E-06
m3 air                                                                        1.000E-06
m3 water                                                                      1.000E-06
grams ppm                                                                     1.000E-06
atoms ppm                                                                     1.000E-06
atoms/barn-cm                                                                 1.000E-06
becquerels                                                                    1.000E-06
-------------------------------------------------------------------------------------------------------------------------
###   Additional output options                                                                                       ###
.
                                      Print k-inf:             no
           Nuclides for absorption fraction print:           none
                              Print fission rates:             no
            Step for sorting absorption fractions:              1
=========================================================================================================================
=   Case "decay" (#2/2)                                                                                                 =
-------------------------------------------------------------------------------------------------------------------------
###   Library settings                                                                                                ###
.
                                Library file name:     C:/Users/Teddy/AppData/Local/Temp/scale.Teddy.7900/w17x17_100d.f33
                             Library set position:              1
                 Fission product reaction removal:             no
-------------------------------------------------------------------------------------------------------------------------
###   Global settings                                                                                                 ###
.
                                           Solver:              MATREX
                                             Mode:        forward
                             Fixed fission energy:             no
-------------------------------------------------------------------------------------------------------------------------
###   Concentrations output options                                                                                   ###
.
                            High-precision output:             no
                                  Relative cutoff:            yes
                         Step for applying cutoff:       integral
.
                      light els.   actinides  fis.prods.       total
                       nuc    el   nuc    el   nuc    el   nuc    el             cutoff
gram-atoms                                                                    1.000E-06
grams                                                      **                 1.000E-06
curies                                                                        1.000E-06
watts                                                                         1.000E-06
gamma watts                                                                   1.000E-06
m3 air                                                                        1.000E-06
m3 water                                                                      1.000E-06
grams ppm                                                                     1.000E-06
atoms ppm                                                                     1.000E-06
atoms/barn-cm                                                                 1.000E-06
becquerels                                                                    1.000E-06
-------------------------------------------------------------------------------------------------------------------------
###   Additional output options                                                                                       ###
.
                                      Print k-inf:             no
           Nuclides for absorption fraction print:           none
                              Print fission rates:             no
            Step for sorting absorption fractions:              1
=========================================================================================================================
###   Blending information                                                                                            ###
.
  --- no blending requested in this job ---
=========================================================================================================================
.
.
=========================================================================================================================
=   History overview for case 'irrad' (#1/2)                                                                            =
-------------------------------------------------------------------------------------------------------------------------
   step          t0          t1          dt           t        flux     fluence       power      energy
    (-)         (d)         (d)         (s)         (s)   (n/cm2-s)     (n/cm2)        (MW)       (MWd)
      1      0.0000    550.0000  4.7520E+07  4.7520E+07  6.3381E+14  3.0119E+22  6.2994E+01  3.4646E+04
          
              step - step index within this case
                t0 - time at beginning-of-step in input units
                t1 - time at end-of-step in input units
                dt - length of step in seconds
                 t - end-of-step cumulative time in seconds
              flux - flux in neutrons/cm^2-sec (CALCULATED)
           fluence - cumulative end-of-step fluence in neutrons/cm^2 (CALCULATED)
             power - power in mega-watts (INPUT)     
            energy - cumulative end-of-step energy released in mega-watt-days (INPUT)     
=========================================================================================================================
.
.
.
.
.
*************************************************************************************************************************
********************                                                                                 ********************
********************                                                                                 ********************
********************                    Library information                                          ********************
********************                                                                                 ********************
********************                                                                                 ********************
*************************************************************************************************************************
.
.
=========================================================================================================================
=   Library summary for case 'irrad' (#1/2)                                                                             =
-------------------------------------------------------------------------------------------------------------------------
filename: C:/Users/Teddy/AppData/Local/Temp/scale.Teddy.7900/w17x17_100d.f33 cross-section data taken from position number: 1
library title delimited by {}: 
{}
date library was produced: 538976288/538976288/538976288
total number of nuclides in library: 2237
number of light-element nuclides: 910
number of actinide nuclides: 176
number of fission product nuclides: 1151
number of nonzero off-diagonal matrix elements: 54564
=========================================================================================================================
.
.
*************************************************************************************************************************
********************                                                                                 ********************
********************                                                                                 ********************
********************                    Concentration tables                                         ********************
********************                                                                                 ********************
********************                                                                                 ********************
*************************************************************************************************************************
.
.
=========================================================================================================================
=   Nuclide concentrations in grams for case 'irrad' (#1/2)                                                             =
-------------------------------------------------------------------------------------------------------------------------
  (relative cutoff; integral of concentrations over time >   1.00E-06 % of integral of all concentrations over time)
.
                   0.000d    550.000d   
  h-3          0.0000E+00  5.5739E-02
  he-4         0.0000E+00  1.4187E+00
  u-234        0.0000E+00  1.7158E+00
  u-235        2.8000E+04  5.5839E+03
  u-236        0.0000E+00  3.6396E+03
  u-237        0.0000E+00  1.5357E+01
  u-238        9.7200E+05  9.4312E+05
  u-239        0.0000E+00  1.0917E+00
  np-237       0.0000E+00  4.1546E+02
  np-238       0.0000E+00  2.3403E+00
  np-239       0.0000E+00  1.5738E+02
  pu-238       0.0000E+00  1.6199E+02
  pu-239       0.0000E+00  5.1987E+03
  pu-240       0.0000E+00  2.1976E+03
  pu-241       0.0000E+00  1.6558E+03
  pu-242       0.0000E+00  7.3107E+02
  pu-243       0.0000E+00  3.6197E-01
  pu-244       0.0000E+00  5.5833E-02
  am-241       0.0000E+00  2.4349E+01
  am-242m      0.0000E+00  4.1247E-01
  am-242       0.0000E+00  1.3996E-01
  am-243       0.0000E+00  1.4689E+02
  cm-242       0.0000E+00  1.4012E+01
  cm-243       0.0000E+00  3.6334E-01
  cm-244       0.0000E+00  5.5510E+01
  cm-245       0.0000E+00  3.0299E+00
  cm-246       0.0000E+00  3.4850E-01
  ge-73        0.0000E+00  2.2558E-02
  ge-74        0.0000E+00  5.7620E-02
  as-75        0.0000E+00  1.3527E-01
  ge-76        0.0000E+00  3.5131E-01
  se-77        0.0000E+00  8.1681E-01
  se-78        0.0000E+00  2.4069E+00
  se-79        0.0000E+00  5.0987E+00
  se-80        0.0000E+00  1.3173E+01
  br-81        0.0000E+00  2.2046E+01
  se-82        0.0000E+00  3.4678E+01
  kr-82        0.0000E+00  7.3146E-01
  kr-83        0.0000E+00  4.0588E+01
  kr-84        0.0000E+00  1.1371E+02
  kr-85        0.0000E+00  2.6057E+01
  kr-85m       0.0000E+00  4.0932E-02
  rb-85        0.0000E+00  9.9283E+01
  kr-86        0.0000E+00  1.8705E+02
  rb-86        0.0000E+00  4.0354E-02
  sr-86        0.0000E+00  4.4569E-01
  kr-87        0.0000E+00  2.2359E-02
  rb-87        0.0000E+00  2.4578E+02
  kr-88        0.0000E+00  6.6931E-02
  sr-88        0.0000E+00  3.4074E+02
  sr-89        0.0000E+00  3.8763E+01
  y-89         0.0000E+00  4.2692E+02
  sr-90        0.0000E+00  5.4826E+02
  y-90         0.0000E+00  1.5076E-01
  zr-90        0.0000E+00  1.2369E+01
  sr-91        0.0000E+00  4.2501E-01
  y-91         0.0000E+00  6.8861E+01
  y-91m        0.0000E+00  2.1521E-02
  zr-91        0.0000E+00  5.2925E+02
  sr-92        0.0000E+00  1.3448E-01
  y-92         0.0000E+00  1.7769E-01
  zr-92        0.0000E+00  6.5676E+02
  y-93         0.0000E+00  6.0596E-01
  zr-93        0.0000E+00  7.3231E+02
  y-94         0.0000E+00  2.0135E-02
  zr-94        0.0000E+00  7.9227E+02
  zr-95        0.0000E+00  1.1740E+02
  nb-95        0.0000E+00  6.3813E+01
  nb-95m       0.0000E+00  7.1616E-02
  mo-95        0.0000E+00  6.7210E+02
  zr-96        0.0000E+00  8.4958E+02
  mo-96        0.0000E+00  4.0892E+01
  zr-97        0.0000E+00  1.3020E+00
  nb-97        0.0000E+00  9.4178E-02
  mo-97        0.0000E+00  8.5052E+02
  mo-98        0.0000E+00  8.8800E+02
  mo-99        0.0000E+00  5.9489E+00
  tc-99        0.0000E+00  8.4088E+02
  tc-99m       0.0000E+00  4.7839E-01
  ru-99        0.0000E+00  3.0679E-02
  mo-100       0.0000E+00  1.0099E+03
  ru-100       0.0000E+00  1.1047E+02
  mo-101       0.0000E+00  2.1386E-02
  tc-101       0.0000E+00  2.0807E-02
  ru-101       0.0000E+00  8.4327E+02
  ru-102       0.0000E+00  8.8273E+02
  ru-103       0.0000E+00  8.5529E+01
  rh-103       0.0000E+00  4.9269E+02
  rh-103m      0.0000E+00  8.3986E-02
  tc-104       0.0000E+00  2.4242E-02
  ru-104       0.0000E+00  6.4930E+02
  pd-104       0.0000E+00  2.7780E+02
  ru-105       0.0000E+00  3.1000E-01
  rh-105       0.0000E+00  2.1151E+00
  pd-105       0.0000E+00  4.2888E+02
  ru-106       0.0000E+00  2.6187E+02
  pd-106       0.0000E+00  2.2972E+02
  pd-107       0.0000E+00  2.7407E+02
  pd-108       0.0000E+00  1.8268E+02
  pd-109       0.0000E+00  3.3047E-01
  ag-109       0.0000E+00  9.5717E+01
  pd-110       0.0000E+00  6.0553E+01
  ag-110m      0.0000E+00  9.1360E-01
  cd-110       0.0000E+00  4.4853E+01
  ag-111       0.0000E+00  8.3403E-01
  cd-111       0.0000E+00  2.9449E+01
  pd-112       0.0000E+00  4.2067E-02
  cd-112       0.0000E+00  1.5141E+01
  cd-113       0.0000E+00  1.2127E-01
  cd-114       0.0000E+00  1.7464E+01
  cd-115       0.0000E+00  3.7687E-02
  cd-115m      0.0000E+00  4.6561E-02
  in-115       0.0000E+00  1.9966E+00
  sn-115       0.0000E+00  2.7108E-01
  cd-116       0.0000E+00  6.3124E+00
  sn-116       0.0000E+00  3.8860E+00
  sn-117       0.0000E+00  5.7129E+00
  sn-118       0.0000E+00  5.3110E+00
  sn-119       0.0000E+00  5.1172E+00
  sn-119m      0.0000E+00  9.7539E-02
  sn-120       0.0000E+00  5.2700E+00
  sn-121m      0.0000E+00  4.1978E-01
  sb-121       0.0000E+00  5.0148E+00
  sn-122       0.0000E+00  6.7333E+00
  te-122       0.0000E+00  3.8649E-01
  sn-123       0.0000E+00  3.3210E-01
  sb-123       0.0000E+00  6.2923E+00
  sn-124       0.0000E+00  1.0657E+01
  sb-124       0.0000E+00  8.0767E-02
  te-124       0.0000E+00  2.2739E-01
  sn-125       0.0000E+00  1.7008E-01
  sb-125       0.0000E+00  1.1934E+01
  te-125       0.0000E+00  2.1392E+00
  te-125m      0.0000E+00  1.3476E-01
  sn-126       0.0000E+00  2.3378E+01
  te-126       0.0000E+00  5.6833E-01
  sb-127       0.0000E+00  6.1805E-01
  te-127       0.0000E+00  5.4633E-02
  te-127m      0.0000E+00  8.2563E-01
  i-127        0.0000E+00  4.7723E+01
  te-128       0.0000E+00  1.0676E+02
  xe-128       0.0000E+00  3.0934E+00
  sb-129       0.0000E+00  8.8082E-02
  te-129       0.0000E+00  2.2124E-02
  te-129m      0.0000E+00  2.6365E+00
  i-129        0.0000E+00  1.7410E+02
  xe-129       0.0000E+00  2.2236E-02
  te-130       0.0000E+00  4.1058E+02
  xe-130       0.0000E+00  7.8620E+00
  te-131       0.0000E+00  2.3579E-02
  te-131m      0.0000E+00  4.4974E-01
  i-131        0.0000E+00  1.2876E+01
  xe-131       0.0000E+00  4.4960E+02
  xe-131m      0.0000E+00  2.2729E-01
  te-132       0.0000E+00  7.2326E+00
  i-132        0.0000E+00  2.2222E-01
  xe-132       0.0000E+00  1.2028E+03
  te-133m      0.0000E+00  5.9785E-02
  i-133        0.0000E+00  2.7894E+00
  xe-133       0.0000E+00  1.6873E+01
  xe-133m      0.0000E+00  2.2063E-01
  cs-133       0.0000E+00  1.1889E+03
  te-134       0.0000E+00  7.9395E-02
  i-134        0.0000E+00  1.3109E-01
  xe-134       0.0000E+00  1.6348E+03
  cs-134       0.0000E+00  1.6102E+02
  ba-134       0.0000E+00  3.0348E+01
  i-135        0.0000E+00  8.5964E-01
  xe-135       0.0000E+00  1.8240E-01
  cs-135       0.0000E+00  2.2247E+02
  ba-135       0.0000E+00  2.0428E-01
  xe-136       0.0000E+00  2.6912E+03
  cs-136       0.0000E+00  7.3658E-01
  ba-136       0.0000E+00  1.4943E+01
  cs-137       0.0000E+00  1.3349E+03
  ba-137       0.0000E+00  2.4616E+01
  xe-138       0.0000E+00  2.6972E-02
  cs-138       0.0000E+00  7.0411E-02
  ba-138       0.0000E+00  1.3881E+03
  ba-139       0.0000E+00  1.6791E-01
  la-139       0.0000E+00  1.2972E+03
  ba-140       0.0000E+00  3.5721E+01
  la-140       0.0000E+00  4.8681E+00
  ce-140       0.0000E+00  1.2794E+03
  ba-141       0.0000E+00  3.3471E-02
  la-141       0.0000E+00  4.3438E-01
  ce-141       0.0000E+00  8.5298E+01
  pr-141       0.0000E+00  1.1402E+03
  la-142       0.0000E+00  1.6123E-01
  ce-142       0.0000E+00  1.2013E+03
  pr-142       0.0000E+00  9.6258E-02
  nd-142       0.0000E+00  2.4089E+01
  la-143       0.0000E+00  2.3952E-02
  ce-143       0.0000E+00  3.3701E+00
  pr-143       0.0000E+00  3.2872E+01
  nd-143       0.0000E+00  7.7816E+02
  ce-144       0.0000E+00  5.5195E+02
  pr-144       0.0000E+00  2.3560E-02
  nd-144       0.0000E+00  8.7726E+02
  pr-145       0.0000E+00  4.2622E-01
  nd-145       0.0000E+00  7.0347E+02
  pr-146       0.0000E+00  2.3528E-02
  nd-146       0.0000E+00  7.4346E+02
  nd-147       0.0000E+00  1.1997E+01
  pm-147       0.0000E+00  2.0083E+02
  sm-147       0.0000E+00  4.2925E+01
  nd-148       0.0000E+00  4.0941E+02
  pm-148       0.0000E+00  2.2071E+00
  pm-148m      0.0000E+00  1.5967E+00
  sm-148       0.0000E+00  1.3307E+02
  nd-149       0.0000E+00  4.9637E-02
  pm-149       0.0000E+00  2.3273E+00
  sm-149       0.0000E+00  2.1568E+00
  nd-150       0.0000E+00  1.9738E+02
  sm-150       0.0000E+00  3.3786E+02
  pm-151       0.0000E+00  4.5241E-01
  sm-151       0.0000E+00  1.1812E+01
  sm-152       0.0000E+00  1.1509E+02
  sm-153       0.0000E+00  1.8504E+00
  eu-153       0.0000E+00  1.3059E+02
  sm-154       0.0000E+00  4.6320E+01
  eu-154       0.0000E+00  3.4138E+01
  gd-154       0.0000E+00  1.6207E+00
  eu-155       0.0000E+00  1.1707E+01
  gd-155       0.0000E+00  4.6039E-02
  sm-156       0.0000E+00  2.2202E-02
  eu-156       0.0000E+00  1.1026E+01
  gd-156       0.0000E+00  1.3009E+02
  eu-157       0.0000E+00  4.6068E-02
  gd-157       0.0000E+00  1.3820E-01
  gd-158       0.0000E+00  2.6988E+01
  tb-159       0.0000E+00  3.1153E+00
  gd-160       0.0000E+00  1.3520E+00
  tb-160       0.0000E+00  1.6336E-01
  dy-160       0.0000E+00  2.1178E-01
  tb-161       0.0000E+00  2.4107E-02
  dy-161       0.0000E+00  4.4058E-01
  dy-162       0.0000E+00  3.4718E-01
  dy-163       0.0000E+00  2.7679E-01
  dy-164       0.0000E+00  5.9859E-02
  ho-165       0.0000E+00  1.1372E-01
  er-166       0.0000E+00  3.3253E-02
------------
  totals       1.0000E+06  1.0003E+06
=========================================================================================================================
.
.
=========================================================================================================================
=   History overview for case 'decay' (#2/2)                                                                            =
-------------------------------------------------------------------------------------------------------------------------
   step          t0          t1          dt           t        flux     fluence       power      energy
    (-)         (y)         (y)         (s)         (s)   (n/cm2-s)     (n/cm2)        (MW)       (MWd)
      1      1.5057      2.5057  3.1560E+07  7.9080E+07  0.0000E+00  3.0119E+22  0.0000E+00  3.4646E+04
          
              step - step index within this case
                t0 - time at beginning-of-step in input units
                t1 - time at end-of-step in input units
                dt - length of step in seconds
                 t - end-of-step cumulative time in seconds
              flux - flux in neutrons/cm^2-sec (CALCULATED)
           fluence - cumulative end-of-step fluence in neutrons/cm^2 (CALCULATED)
             power - power in mega-watts (INPUT)     
            energy - cumulative end-of-step energy released in mega-watt-days (INPUT)     
=========================================================================================================================
.
.
.
.
.
*************************************************************************************************************************
********************                                                                                 ********************
********************                                                                                 ********************
********************                    Library information                                          ********************
********************                                                                                 ********************
********************                                                                                 ********************
*************************************************************************************************************************
.
.
=========================================================================================================================
=   Library summary for case 'decay' (#2/2)                                                                             =
-------------------------------------------------------------------------------------------------------------------------
filename: C:/Users/Teddy/AppData/Local/Temp/scale.Teddy.7900/w17x17_100d.f33 cross-section data taken from position number: 1
library title delimited by {}: 
{}
date library was produced: 538976288/538976288/538976288
total number of nuclides in library: 2237
number of light-element nuclides: 910
number of actinide nuclides: 176
number of fission product nuclides: 1151
number of nonzero off-diagonal matrix elements: 54564
=========================================================================================================================
.
.
*************************************************************************************************************************
********************                                                                                 ********************
********************                                                                                 ********************
********************                    Concentration tables                                         ********************
********************                                                                                 ********************
********************                                                                                 ********************
*************************************************************************************************************************
.
.
=========================================================================================================================
=   Nuclide concentrations in grams for case 'decay' (#2/2)                                                             =
-------------------------------------------------------------------------------------------------------------------------
  (relative cutoff; integral of concentrations over time >   1.00E-06 % of integral of all concentrations over time)
.
                   1.506y      2.506y   
  h-3          5.5739E-02  5.2689E-02
  he-4         1.4187E+00  1.6683E+00
  u-234        1.7158E+00  3.0409E+00
  u-235        5.5839E+03  5.5841E+03
  u-236        3.6396E+03  3.6398E+03
  u-237        1.5357E+01  4.9213E-05
  u-238        9.4312E+05  9.4312E+05
  u-239        1.0917E+00  0.0000E+00
  np-237       4.1546E+02  4.3092E+02
  np-238       2.3403E+00  7.6164E-08
  np-239       1.5738E+02  1.2674E-04
  pu-238       1.6199E+02  1.7394E+02
  pu-239       5.1987E+03  5.3570E+03
  pu-240       2.1976E+03  2.1995E+03
  pu-241       1.6558E+03  1.5774E+03
  pu-242       7.3107E+02  7.3110E+02
  pu-243       3.6197E-01  1.3340E-13
  pu-244       5.5833E-02  5.5837E-02
  am-241       2.4349E+01  1.0265E+02
  am-242m      4.1247E-01  4.1044E-01
  am-242       1.3996E-01  5.2956E-06
  am-243       1.4689E+02  1.4724E+02
  cm-242       1.4012E+01  2.9878E+00
  cm-243       3.6334E-01  3.5479E-01
  cm-244       5.5510E+01  5.3453E+01
  cm-245       3.0299E+00  3.0297E+00
  cm-246       3.4850E-01  3.4845E-01
  ge-73        2.2558E-02  2.2570E-02
  ge-74        5.7620E-02  5.7621E-02
  as-75        1.3527E-01  1.3529E-01
  ge-76        3.5131E-01  3.5131E-01
  se-77        8.1681E-01  8.2049E-01
  se-78        2.4069E+00  2.4075E+00
  se-79        5.0987E+00  5.0988E+00
  se-80        1.3173E+01  1.3173E+01
  br-81        2.2046E+01  2.2047E+01
  se-82        3.4678E+01  3.4678E+01
  kr-82        7.3146E-01  7.3668E-01
  kr-83        4.0588E+01  4.0607E+01
  kr-84        1.1371E+02  1.1371E+02
  kr-85        2.6057E+01  2.4439E+01
  kr-85m       4.0932E-02  0.0000E+00
  rb-85        9.9283E+01  1.0094E+02
  kr-86        1.8705E+02  1.8705E+02
  rb-86        4.0354E-02  5.0568E-08
  sr-86        4.4569E-01  4.8604E-01
  kr-87        2.2359E-02  0.0000E+00
  rb-87        2.4578E+02  2.4580E+02
  kr-88        6.6931E-02  0.0000E+00
  sr-88        3.4074E+02  3.4082E+02
  sr-89        3.8763E+01  2.5845E-01
  y-89         4.2692E+02  4.6544E+02
  sr-90        5.4826E+02  5.3522E+02
  y-90         1.5076E-01  1.3576E-01
  zr-90        1.2369E+01  2.5427E+01
  sr-91        4.2501E-01  0.0000E+00
  y-91         6.8861E+01  9.1508E-01
  y-91m        2.1521E-02  0.0000E+00
  zr-91        5.2925E+02  5.9764E+02
  sr-92        1.3448E-01  0.0000E+00
  y-92         1.7769E-01  0.0000E+00
  zr-92        6.5676E+02  6.5707E+02
  y-93         6.0596E-01  0.0000E+00
  zr-93        7.3231E+02  7.3292E+02
  y-94         2.0135E-02  0.0000E+00
  zr-94        7.9227E+02  7.9229E+02
  zr-95        1.1740E+02  2.2513E+00
  nb-95        6.3813E+01  2.7426E+00
  nb-95m       7.1616E-02  1.4530E-03
  mo-95        6.7210E+02  8.4849E+02
  zr-96        8.4958E+02  8.4958E+02
  mo-96        4.0892E+01  4.0902E+01
  zr-97        1.3020E+00  0.0000E+00
  nb-97        9.4178E-02  0.0000E+00
  mo-97        8.5052E+02  8.5191E+02
  mo-98        8.8800E+02  8.8800E+02
  mo-99        5.9489E+00  0.0000E+00
  tc-99        8.4088E+02  8.4731E+02
  tc-99m       4.7839E-01  0.0000E+00
  ru-99        3.0679E-02  3.3672E-02
  mo-100       1.0099E+03  1.0099E+03
  ru-100       1.1047E+02  1.1047E+02
  mo-101       2.1386E-02  0.0000E+00
  tc-101       2.0807E-02  0.0000E+00
  ru-101       8.4327E+02  8.4331E+02
  ru-102       8.8273E+02  8.8274E+02
  ru-103       8.5529E+01  1.3501E-01
  rh-103       4.9269E+02  5.7817E+02
  rh-103m      8.3986E-02  1.3262E-04
  tc-104       2.4242E-02  0.0000E+00
  ru-104       6.4930E+02  6.4932E+02
  pd-104       2.7780E+02  2.7780E+02
  ru-105       3.1000E-01  0.0000E+00
  rh-105       2.1151E+00  0.0000E+00
  pd-105       4.2888E+02  4.3132E+02
  ru-106       2.6187E+02  1.3253E+02
  pd-106       2.2972E+02  3.5906E+02
  pd-107       2.7407E+02  2.7408E+02
  pd-108       1.8268E+02  1.8268E+02
  pd-109       3.3047E-01  0.0000E+00
  ag-109       9.5717E+01  9.6049E+01
  pd-110       6.0553E+01  6.0553E+01
  ag-110m      9.1360E-01  3.3151E-01
  cd-110       4.4853E+01  4.5435E+01
  ag-111       8.3403E-01  1.4533E-15
  cd-111       2.9449E+01  3.0285E+01
  pd-112       4.2067E-02  0.0000E+00
  cd-112       1.5141E+01  1.5190E+01
  cd-113       1.2127E-01  1.2617E-01
  cd-114       1.7464E+01  1.7465E+01
  cd-115       3.7687E-02  0.0000E+00
  cd-115m      4.6561E-02  1.5866E-04
  in-115       1.9966E+00  2.0820E+00
  sn-115       2.7108E-01  2.7314E-01
  cd-116       6.3124E+00  6.3124E+00
  sn-116       3.8860E+00  3.8864E+00
  sn-117       5.7129E+00  5.7164E+00
  sn-118       5.3110E+00  5.3115E+00
  sn-119       5.1172E+00  5.1737E+00
  sn-119m      9.7539E-02  4.1105E-02
  sn-120       5.2700E+00  5.2700E+00
  sn-121m      4.1978E-01  4.1321E-01
  sb-121       5.0148E+00  5.0380E+00
  sn-122       6.7333E+00  6.7334E+00
  te-122       3.8649E-01  3.9223E-01
  sn-123       3.3210E-01  4.6793E-02
  sb-123       6.2923E+00  6.5780E+00
  sn-124       1.0657E+01  1.0657E+01
  sb-124       8.0767E-02  1.2041E-03
  te-124       2.2739E-01  3.0695E-01
  sn-125       1.7008E-01  6.6678E-13
  sb-125       1.1934E+01  9.4162E+00
  te-125       2.1392E+00  4.8315E+00
  te-125m      1.3476E-01  1.3086E-01
  sn-126       2.3378E+01  2.3378E+01
  te-126       5.6833E-01  5.7728E-01
  sb-127       6.1805E-01  0.0000E+00
  te-127       5.4633E-02  3.1996E-04
  te-127m      8.2563E-01  9.1393E-02
  i-127        4.7723E+01  4.9138E+01
  te-128       1.0676E+02  1.0678E+02
  xe-128       3.0934E+00  3.0937E+00
  sb-129       8.8082E-02  0.0000E+00
  te-129       2.2124E-02  1.2839E-06
  te-129m      2.6365E+00  1.4146E-03
  i-129        1.7410E+02  1.7685E+02
  xe-129       2.2236E-02  2.2427E-02
  te-130       4.1058E+02  4.1059E+02
  xe-130       7.8620E+00  7.8815E+00
  te-131       2.3579E-02  0.0000E+00
  te-131m      4.4974E-01  0.0000E+00
  i-131        1.2876E+01  2.6746E-13
  xe-131       4.4960E+02  4.6320E+02
  xe-131m      2.2729E-01  3.5070E-10
  te-132       7.2326E+00  0.0000E+00
  i-132        2.2222E-01  0.0000E+00
  xe-132       1.2028E+03  1.2103E+03
  te-133m      5.9785E-02  0.0000E+00
  i-133        2.7894E+00  0.0000E+00
  xe-133       1.6873E+01  2.2096E-20
  xe-133m      2.2063E-01  0.0000E+00
  cs-133       1.1889E+03  1.2089E+03
  te-134       7.9395E-02  0.0000E+00
  i-134        1.3109E-01  0.0000E+00
  xe-134       1.6348E+03  1.6350E+03
  cs-134       1.6102E+02  1.1512E+02
  ba-134       3.0348E+01  7.6263E+01
  i-135        8.5964E-01  0.0000E+00
  xe-135       1.8240E-01  0.0000E+00
  cs-135       2.2247E+02  2.2352E+02
  ba-135       2.0428E-01  2.0452E-01
  xe-136       2.6912E+03  2.6912E+03
  cs-136       7.3658E-01  3.2476E-09
  ba-136       1.4943E+01  1.5680E+01
  cs-137       1.3349E+03  1.3045E+03
  ba-137       2.4616E+01  5.5028E+01
  xe-138       2.6972E-02  0.0000E+00
  cs-138       7.0411E-02  0.0000E+00
  ba-138       1.3881E+03  1.3882E+03
  la-138       1.5116E-02  1.5116E-02
  ba-139       1.6791E-01  0.0000E+00
  la-139       1.2972E+03  1.2974E+03
  ba-140       3.5721E+01  8.5237E-08
  la-140       4.8681E+00  1.2919E-08
  ce-140       1.2794E+03  1.3200E+03
  ba-141       3.3471E-02  0.0000E+00
  la-141       4.3438E-01  0.0000E+00
  ce-141       8.5298E+01  3.5544E-02
  pr-141       1.1402E+03  1.2260E+03
  la-142       1.6123E-01  0.0000E+00
  ce-142       1.2013E+03  1.2015E+03
  pr-142       9.6258E-02  0.0000E+00
  nd-142       2.4089E+01  2.4186E+01
  la-143       2.3952E-02  0.0000E+00
  ce-143       3.3701E+00  0.0000E+00
  pr-143       3.2872E+01  2.8898E-07
  nd-143       7.7816E+02  8.1442E+02
  ce-144       5.5195E+02  2.2696E+02
  pr-144       2.3560E-02  9.5600E-03
  nd-144       8.7726E+02  1.2023E+03
  pr-145       4.2622E-01  0.0000E+00
  nd-145       7.0347E+02  7.0390E+02
  pr-146       2.3528E-02  0.0000E+00
  nd-146       7.4346E+02  7.4350E+02
  nd-147       1.1997E+01  1.1611E-09
  pm-147       2.0083E+02  1.6352E+02
  sm-147       4.2925E+01  9.2241E+01
  nd-148       4.0941E+02  4.0941E+02
  pm-148       2.2071E+00  2.1767E-05
  pm-148m      1.5967E+00  3.4682E-03
  sm-148       1.3307E+02  1.3687E+02
  nd-149       4.9637E-02  0.0000E+00
  pm-149       2.3273E+00  0.0000E+00
  sm-149       2.1568E+00  4.5348E+00
  nd-150       1.9738E+02  1.9738E+02
  sm-150       3.3786E+02  3.3786E+02
  pm-151       4.5241E-01  0.0000E+00
  sm-151       1.1812E+01  1.2173E+01
  eu-151       6.5540E-03  1.0066E-01
  sm-152       1.1509E+02  1.1509E+02
  gd-152       1.1146E-02  1.1240E-02
  sm-153       1.8504E+00  0.0000E+00
  eu-153       1.3059E+02  1.3244E+02
  sm-154       4.6320E+01  4.6320E+01
  eu-154       3.4138E+01  3.1495E+01
  gd-154       1.6207E+00  4.2637E+00
  eu-155       1.1707E+01  1.0119E+01
  gd-155       4.6039E-02  1.6350E+00
  sm-156       2.2202E-02  0.0000E+00
  eu-156       1.1026E+01  6.3725E-07
  gd-156       1.3009E+02  1.4114E+02
  eu-157       4.6068E-02  0.0000E+00
  gd-157       1.3820E-01  1.8447E-01
  gd-158       2.6988E+01  2.6989E+01
  tb-159       3.1153E+00  3.1276E+00
  gd-160       1.3520E+00  1.3520E+00
  tb-160       1.6336E-01  4.9231E-03
  dy-160       2.1178E-01  3.7021E-01
  tb-161       2.4107E-02  2.8828E-18
  dy-161       4.4058E-01  4.6469E-01
  dy-162       3.4718E-01  3.4719E-01
  dy-163       2.7679E-01  2.7680E-01
  dy-164       5.9859E-02  5.9859E-02
  ho-165       1.1372E-01  1.1381E-01
  er-166       3.3253E-02  3.3660E-02
------------
  totals       1.0003E+06  1.0003E+06
=========================================================================================================================
.
.
*************************************************************************************************************************
********************                                                                                 ********************
********************                                                                                 ********************
********************                    Written F71 File Information                                 ********************
********************                                                                                 ********************
********************                                                                                 ********************
*************************************************************************************************************************
.
.
   pos         time        power         flux      fluence       energy libpos   case   step DCGNAB
   (-)          (s)         (MW)    (n/cm2-s)      (n/cm2)        (MWd)    (-)    (-)    (-)    (-)
     1  4.75200e+07  0.00000e+00  0.00000e+00  3.01187e+22  3.46465e+04      1      2      0 DC----
     2  7.90800e+07  0.00000e+00  0.00000e+00  3.01187e+22  3.46465e+04      1      2      1 DC----
    D - state definition present
    C - concentrations present
    G - gamma emission spectra present
    N - neutron emission spectra present
    A - alpha emission spectra present
    B - beta emission spectra present
.
.
.
=========================================================================================================================
ORIGEN finished successfully.
=========================================================================================================================
    module origen used 0.428826 seconds cpu time for the current pass.

    module origen is finished. completion code    0. total cpu time used 3.73226e-006 seconds.


    SCALE is finished on Wed Feb 13 18:29:41 2019.
-------------------------- Summary --------------------------
arp finished. used 1.90699 seconds.
origen finished. used 0.434429 seconds.
SCALE driver required a maximum of 8.289 MiB of RAM.
------------------------ End Summary ------------------------

w17x17_100d.f33 copied to C:\Users\Teddy\Desktop\scale_test\output\w17x17_100d.f33.
discharge.f71 copied to C:\Users\Teddy\Desktop\scale_test\output\discharge.f71.
