 *******************************************************************************
 *                                                                             *
 *                                 SCALE 6.2.2                                 *
 *                                -------------                                *
 *                                February 2019                                *
 *                                                                             *
 *           SCALE:  A Comprehensive Modeling and Simulation Suite             *
 *                   for Nuclear Safety Analysis and Design                    *
 *                                                                             *
 *                      Reactor and Nuclear Systems Division                   *
 *                        Oak Ridge National Laboratory                        *
 *                                                                             *
 *                           http://scale.ornl.gov                             *
 *                            scalehelp@ornl.gov                               *
 *                                                                             *
 *******************************************************************************
 *******************************************************************************
      
                  Job Information
                  ---------------
      Job started on DESKTOP-J14NAA6 on Wed 13/02/2019 18:31:52
      Working directory: C:\Users\Teddy\AppData\Local\Temp\scale.Teddy.12108
      Input file name  : C:\Users\Teddy\Desktop\scale_test\output\2.800000_57979.797980.inp
      Output file name : C:\Users\Teddy\Desktop\scale_test\output\2.800000_57979.797980.out
      SCALE executable : C:\SCALE-6.2.2/bin/scale
      
 *******************************************************************************


    module arp will be called on Wed Feb 13 18:31:52 2019.
    sequence specification record:=arp
Input Data:

      'library type
      w17x17
      2.800000
      ' num cycles
      1
      ' num days per cycle
      550
      ' cycle average specific power (MW / MTU)
      105.417815
      ' number of interpolated cross section sets generated per cycle
      1
      ' moderator density (g/cc)
      0.723
      ' interpolated output ORIGEN library
      w17x17_100d.f33
end

1






        ************************************************************************************************************************
        ************************************************************************************************************************
        ************************************************************************************************************************
        *****                                                                                                              *****
        *****                                       program verification information                                       *****
        *****                                                                                                              *****
        *****                                   code system:  SCALE    version:  6.2                                       *****
        *****                                                                                                              *****
        ************************************************************************************************************************
        ************************************************************************************************************************
        *****                                                                                                              *****
        *****                                                                                                              *****
        *****              program:  arp.exe                                                                               *****
        *****                                                                                                              *****
        *****        creation date:   unknown                                                                              *****
        *****                                                                                                              *****
        *****              library:  C:\SCALE-6.2.2\bin                                                                    *****
        *****                                                                                                              *****
        *****                                                                                                              *****
        *****            prod code:  arp.exe                                                                               *****
        *****                                                                                                              *****
        *****              version:  6.2.2                                                                                 *****
        *****                                                                                                              *****
        *****              jobname:  Teddy                                                                                 *****
        *****                                                                                                              *****
        *****         machine name:  DESKTOP-J14NAA6                                                                       *****
        *****                                                                                                              *****
        *****    date of execution:  13_feb_2019                                                                           *****
        *****                                                                                                              *****
        *****    time of execution:  18:31:53.03                                                                           *****
        *****                                                                                                              *****
        *****                                                                                                              *****
        ************************************************************************************************************************
        ************************************************************************************************************************
        ************************************************************************************************************************


 'library type
    data library:       w17x17
       directory:       C:/SCALE-6.2.2/data/\arplibs
       definition:      C:/SCALE-6.2.2/data/\arpdata.txt
    u-235 enrichment:                        2.800

 ' num cycles
    number of cycles:                            1

 ' num days per cycle

 ' cycle average specific power (MW / MTU)

 ' number of interpolated cross section sets generated per cycle

 ' moderator density (g/cc)
    water density (g/cm3):                  0.7230
                                         cycle        cumulative      midpoint
   cycle time(d)        power(MW)      burnup(MWd/MTU)burnup(MWd/MTU)burnup(MWd/MTU)nlib
     1    550.000        105.418        57979.8        57979.8        28989.9             1

 ' interpolated output ORIGEN library
    interpolated library name:                   w17x17_100d.f33
 interpolation type: spline
 Cross section library interpolation completed.
.
.
.
=========================================================================================================================
ARP finished successfully.
=========================================================================================================================
    module arp used 2.71984 seconds cpu time for the current pass.

    module arp is finished. completion code    0. total cpu time used 1.11968e-005 seconds.



    module origen will be called on Wed Feb 13 18:31:55 2019.
    sequence specification record:=origen
Input Data:

      case(irrad) {
          lib{
              file="w17x17_100d.f33" pos=1
          }
          mat {
              units=GRAMS
              iso=[u235=28000.000000 u238=972000.000000]
          }
          time = [ 550 ]
          power = [ 105.417815 ]
      }
      case (decay) {
          time {
              units=YEARS
              start=0
              t=[1]
          }
          save{ file="discharge.f71" steps=[0 LAST]}
      }
end

1






        ************************************************************************************************************************
        ************************************************************************************************************************
        ************************************************************************************************************************
        *****                                                                                                              *****
        *****                                       program verification information                                       *****
        *****                                                                                                              *****
        *****                                   code system:  SCALE    version:  6.2                                       *****
        *****                                                                                                              *****
        ************************************************************************************************************************
        ************************************************************************************************************************
        *****                                                                                                              *****
        *****                                                                                                              *****
        *****              program:  origen.exe                                                                            *****
        *****                                                                                                              *****
        *****        creation date:   unknown                                                                              *****
        *****                                                                                                              *****
        *****              library:  C:\SCALE-6.2.2\bin                                                                    *****
        *****                                                                                                              *****
        *****                                                                                                              *****
        *****            prod code:  origen.exe                                                                            *****
        *****                                                                                                              *****
        *****              version:  6.2.2                                                                                 *****
        *****                                                                                                              *****
        *****              jobname:  Teddy                                                                                 *****
        *****                                                                                                              *****
        *****         machine name:  DESKTOP-J14NAA6                                                                       *****
        *****                                                                                                              *****
        *****    date of execution:  13_feb_2019                                                                           *****
        *****                                                                                                              *****
        *****    time of execution:  18:31:55.74                                                                           *****
        *****                                                                                                              *****
        *****                                                                                                              *****
        ************************************************************************************************************************
        ************************************************************************************************************************
        ************************************************************************************************************************

*************************************************************************************************************************
********************                                                                                 ********************
********************                                                                                 ********************
********************                    USER INPUT SUMMARY                                           ********************
********************                                                                                 ********************
********************                                                                                 ********************
*************************************************************************************************************************
.
.
=========================================================================================================================
=   Case "irrad" (#1/2)                                                                                                 =
-------------------------------------------------------------------------------------------------------------------------
###   Library settings                                                                                                ###
.
                                Library file name:     C:/Users/Teddy/AppData/Local/Temp/scale.Teddy.12108/w17x17_100d.f33
                             Library set position:              1
                 Fission product reaction removal:             no
-------------------------------------------------------------------------------------------------------------------------
###   Global settings                                                                                                 ###
.
                                           Solver:              MATREX
                                             Mode:        forward
                             Fixed fission energy:             no
-------------------------------------------------------------------------------------------------------------------------
###   Concentrations output options                                                                                   ###
.
                            High-precision output:             no
                                  Relative cutoff:            yes
                         Step for applying cutoff:       integral
.
                      light els.   actinides  fis.prods.       total
                       nuc    el   nuc    el   nuc    el   nuc    el             cutoff
gram-atoms                                                                    1.000E-06
grams                                                      **                 1.000E-06
curies                                                                        1.000E-06
watts                                                                         1.000E-06
gamma watts                                                                   1.000E-06
m3 air                                                                        1.000E-06
m3 water                                                                      1.000E-06
grams ppm                                                                     1.000E-06
atoms ppm                                                                     1.000E-06
atoms/barn-cm                                                                 1.000E-06
becquerels                                                                    1.000E-06
-------------------------------------------------------------------------------------------------------------------------
###   Additional output options                                                                                       ###
.
                                      Print k-inf:             no
           Nuclides for absorption fraction print:           none
                              Print fission rates:             no
            Step for sorting absorption fractions:              1
=========================================================================================================================
=   Case "decay" (#2/2)                                                                                                 =
-------------------------------------------------------------------------------------------------------------------------
###   Library settings                                                                                                ###
.
                                Library file name:     C:/Users/Teddy/AppData/Local/Temp/scale.Teddy.12108/w17x17_100d.f33
                             Library set position:              1
                 Fission product reaction removal:             no
-------------------------------------------------------------------------------------------------------------------------
###   Global settings                                                                                                 ###
.
                                           Solver:              MATREX
                                             Mode:        forward
                             Fixed fission energy:             no
-------------------------------------------------------------------------------------------------------------------------
###   Concentrations output options                                                                                   ###
.
                            High-precision output:             no
                                  Relative cutoff:            yes
                         Step for applying cutoff:       integral
.
                      light els.   actinides  fis.prods.       total
                       nuc    el   nuc    el   nuc    el   nuc    el             cutoff
gram-atoms                                                                    1.000E-06
grams                                                      **                 1.000E-06
curies                                                                        1.000E-06
watts                                                                         1.000E-06
gamma watts                                                                   1.000E-06
m3 air                                                                        1.000E-06
m3 water                                                                      1.000E-06
grams ppm                                                                     1.000E-06
atoms ppm                                                                     1.000E-06
atoms/barn-cm                                                                 1.000E-06
becquerels                                                                    1.000E-06
-------------------------------------------------------------------------------------------------------------------------
###   Additional output options                                                                                       ###
.
                                      Print k-inf:             no
           Nuclides for absorption fraction print:           none
                              Print fission rates:             no
            Step for sorting absorption fractions:              1
=========================================================================================================================
###   Blending information                                                                                            ###
.
  --- no blending requested in this job ---
=========================================================================================================================
.
.
***Warning:  The flux over a step has changed by more than 20%.
=========================================================================================================================
=   History overview for case 'irrad' (#1/2)                                                                            =
-------------------------------------------------------------------------------------------------------------------------
   step          t0          t1          dt           t        flux     fluence       power      energy
    (-)         (d)         (d)         (s)         (s)   (n/cm2-s)     (n/cm2)        (MW)       (MWd)
      1      0.0000    550.0000  4.7520E+07  4.7520E+07  1.1479E+15  5.4548E+22  1.0542E+02  5.7980E+04
          
              step - step index within this case
                t0 - time at beginning-of-step in input units
                t1 - time at end-of-step in input units
                dt - length of step in seconds
                 t - end-of-step cumulative time in seconds
              flux - flux in neutrons/cm^2-sec (CALCULATED)
           fluence - cumulative end-of-step fluence in neutrons/cm^2 (CALCULATED)
             power - power in mega-watts (INPUT)     
            energy - cumulative end-of-step energy released in mega-watt-days (INPUT)     
=========================================================================================================================
.
.
.
.
.
*************************************************************************************************************************
********************                                                                                 ********************
********************                                                                                 ********************
********************                    Library information                                          ********************
********************                                                                                 ********************
********************                                                                                 ********************
*************************************************************************************************************************
.
.
=========================================================================================================================
=   Library summary for case 'irrad' (#1/2)                                                                             =
-------------------------------------------------------------------------------------------------------------------------
filename: C:/Users/Teddy/AppData/Local/Temp/scale.Teddy.12108/w17x17_100d.f33 cross-section data taken from position number: 1
library title delimited by {}: 
{}
date library was produced: 538976288/538976288/538976288
total number of nuclides in library: 2237
number of light-element nuclides: 910
number of actinide nuclides: 176
number of fission product nuclides: 1151
number of nonzero off-diagonal matrix elements: 54564
=========================================================================================================================
.
.
*************************************************************************************************************************
********************                                                                                 ********************
********************                                                                                 ********************
********************                    Concentration tables                                         ********************
********************                                                                                 ********************
********************                                                                                 ********************
*************************************************************************************************************************
.
.
=========================================================================================================================
=   Nuclide concentrations in grams for case 'irrad' (#1/2)                                                             =
-------------------------------------------------------------------------------------------------------------------------
  (relative cutoff; integral of concentrations over time >   1.00E-06 % of integral of all concentrations over time)
.
                   0.000d    550.000d   
  h-3          0.0000E+00  9.8440E-02
  he-4         0.0000E+00  2.8477E+00
  u-234        0.0000E+00  2.3387E+00
  u-235        2.8000E+04  1.5310E+03
  u-236        0.0000E+00  3.8143E+03
  u-237        0.0000E+00  2.6802E+01
  u-238        9.7200E+05  9.2015E+05
  u-239        0.0000E+00  1.9359E+00
  np-237       0.0000E+00  6.2243E+02
  np-238       0.0000E+00  6.1067E+00
  np-239       0.0000E+00  2.7832E+02
  pu-238       0.0000E+00  4.1045E+02
  pu-239       0.0000E+00  5.3056E+03
  pu-240       0.0000E+00  2.5428E+03
  pu-241       0.0000E+00  1.7971E+03
  pu-242       0.0000E+00  1.7754E+03
  pu-243       0.0000E+00  1.4882E+00
  pu-244       0.0000E+00  6.7865E-01
  am-241       0.0000E+00  1.9811E+01
  am-242m      0.0000E+00  3.2911E-01
  am-242       0.0000E+00  1.9782E-01
  am-243       0.0000E+00  6.5056E+02
  am-244m      0.0000E+00  8.8386E-02
  am-244       0.0000E+00  1.3751E-01
  cm-242       0.0000E+00  2.8390E+01
  cm-243       0.0000E+00  1.2965E+00
  cm-244       0.0000E+00  6.0687E+02
  cm-245       0.0000E+00  6.6534E+01
  cm-246       0.0000E+00  2.0949E+01
  cm-247       0.0000E+00  5.1160E-01
  cm-248       0.0000E+00  8.0701E-02
  ge-73        0.0000E+00  2.9336E-02
  ge-74        0.0000E+00  8.0816E-02
  as-75        0.0000E+00  1.9850E-01
  ge-76        0.0000E+00  5.5320E-01
  se-77        0.0000E+00  1.1792E+00
  se-78        0.0000E+00  3.9178E+00
  se-79        0.0000E+00  7.8615E+00
  se-80        0.0000E+00  2.0169E+01
  br-81        0.0000E+00  3.3446E+01
  se-82        0.0000E+00  5.3721E+01
  kr-82        0.0000E+00  2.0488E+00
  kr-83        0.0000E+00  4.7425E+01
  kr-84        0.0000E+00  1.8413E+02
  kr-85        0.0000E+00  3.8238E+01
  kr-85m       0.0000E+00  5.2636E-02
  rb-85        0.0000E+00  1.4508E+02
  kr-86        0.0000E+00  2.7235E+02
  rb-86        0.0000E+00  1.0617E-01
  sr-86        0.0000E+00  1.2490E+00
  kr-87        0.0000E+00  2.8079E-02
  rb-87        0.0000E+00  3.5651E+02
  kr-88        0.0000E+00  8.2215E-02
  sr-88        0.0000E+00  4.9123E+02
  sr-89        0.0000E+00  4.7675E+01
  y-89         0.0000E+00  6.0383E+02
  sr-90        0.0000E+00  7.8558E+02
  y-90         0.0000E+00  2.2888E-01
  zr-90        0.0000E+00  2.0449E+01
  sr-91        0.0000E+00  5.4560E-01
  y-91         0.0000E+00  8.3715E+01
  y-91m        0.0000E+00  2.7631E-02
  zr-91        0.0000E+00  7.9118E+02
  sr-92        0.0000E+00  1.7901E-01
  y-92         0.0000E+00  2.3652E-01
  zr-92        0.0000E+00  9.8672E+02
  y-93         0.0000E+00  8.3793E-01
  zr-93        0.0000E+00  1.1156E+03
  y-94         0.0000E+00  2.8316E-02
  zr-94        0.0000E+00  1.2445E+03
  mo-94        0.0000E+00  2.7843E-02
  zr-95        0.0000E+00  1.5901E+02
  nb-95        0.0000E+00  8.6103E+01
  nb-95m       0.0000E+00  9.7068E-02
  mo-95        0.0000E+00  1.0355E+03
  zr-96        0.0000E+00  1.3640E+03
  nb-96        0.0000E+00  2.3566E-02
  mo-96        0.0000E+00  1.2057E+02
  zr-97        0.0000E+00  1.9585E+00
  nb-97        0.0000E+00  1.4182E-01
  mo-97        0.0000E+00  1.3826E+03
  mo-98        0.0000E+00  1.4877E+03
  mo-99        0.0000E+00  9.1940E+00
  tc-99        0.0000E+00  1.2712E+03
  tc-99m       0.0000E+00  7.4219E-01
  ru-99        0.0000E+00  2.4144E-02
  mo-100       0.0000E+00  1.7008E+03
  ru-100       0.0000E+00  3.2720E+02
  mo-101       0.0000E+00  3.3872E-02
  tc-101       0.0000E+00  3.2960E-02
  ru-101       0.0000E+00  1.3869E+03
  mo-102       0.0000E+00  2.6458E-02
  ru-102       0.0000E+00  1.6349E+03
  ru-103       0.0000E+00  1.4530E+02
  rh-103       0.0000E+00  6.1463E+02
  rh-103m      0.0000E+00  1.4271E-01
  tc-104       0.0000E+00  4.2298E-02
  ru-104       0.0000E+00  1.2830E+03
  pd-104       0.0000E+00  7.5313E+02
  ru-105       0.0000E+00  5.5958E-01
  rh-105       0.0000E+00  3.4294E+00
  pd-105       0.0000E+00  7.5291E+02
  ru-106       0.0000E+00  5.3568E+02
  pd-106       0.0000E+00  6.5789E+02
  rh-107       0.0000E+00  2.8655E-02
  pd-107       0.0000E+00  5.9072E+02
  pd-108       0.0000E+00  4.1227E+02
  pd-109       0.0000E+00  7.5932E-01
  ag-109       0.0000E+00  1.7813E+02
  pd-110       0.0000E+00  1.4444E+02
  ag-110m      0.0000E+00  2.4366E+00
  cd-110       0.0000E+00  1.8407E+02
  ag-111       0.0000E+00  1.8379E+00
  cd-111       0.0000E+00  7.4710E+01
  pd-112       0.0000E+00  9.1020E-02
  cd-112       0.0000E+00  3.8219E+01
  cd-113       0.0000E+00  1.4915E-01
  cd-114       0.0000E+00  3.8176E+01
  cd-115       0.0000E+00  7.5806E-02
  cd-115m      0.0000E+00  9.6111E-02
  in-115       0.0000E+00  2.2445E+00
  sn-115       0.0000E+00  4.9424E-01
  cd-116       0.0000E+00  1.1998E+01
  sn-116       0.0000E+00  9.4872E+00
  sn-117       0.0000E+00  1.0640E+01
  sn-118       0.0000E+00  9.9744E+00
  sn-119       0.0000E+00  9.3770E+00
  sn-119m      0.0000E+00  1.4255E-01
  sn-120       0.0000E+00  9.8132E+00
  sn-121       0.0000E+00  2.8739E-02
  sn-121m      0.0000E+00  7.3607E-01
  sb-121       0.0000E+00  8.6404E+00
  sn-122       0.0000E+00  1.2501E+01
  te-122       0.0000E+00  1.2918E+00
  sn-123       0.0000E+00  5.6546E-01
  sb-123       0.0000E+00  1.1188E+01
  sn-124       0.0000E+00  1.9404E+01
  sb-124       0.0000E+00  2.5398E-01
  te-124       0.0000E+00  7.9981E-01
  sn-125       0.0000E+00  2.9508E-01
  sb-125       0.0000E+00  2.1525E+01
  te-125       0.0000E+00  4.2759E+00
  te-125m      0.0000E+00  2.4906E-01
  sn-126       0.0000E+00  4.3471E+01
  te-126       0.0000E+00  1.0404E+00
  sb-127       0.0000E+00  1.0533E+00
  te-127       0.0000E+00  9.0730E-02
  te-127m      0.0000E+00  9.0014E-01
  i-127        0.0000E+00  7.9780E+01
  te-128       0.0000E+00  1.9269E+02
  xe-128       0.0000E+00  1.0613E+01
  sb-129       0.0000E+00  1.4834E-01
  te-129       0.0000E+00  3.7295E-02
  te-129m      0.0000E+00  4.4265E+00
  i-129        0.0000E+00  3.0356E+02
  xe-129       0.0000E+00  1.4197E-01
  te-130       0.0000E+00  7.0268E+02
  i-130        0.0000E+00  5.9949E-02
  xe-130       0.0000E+00  2.6955E+01
  sb-131       0.0000E+00  3.0452E-02
  te-131       0.0000E+00  3.7056E-02
  te-131m      0.0000E+00  7.4368E-01
  i-131        0.0000E+00  2.0396E+01
  xe-131       0.0000E+00  5.5649E+02
  xe-131m      0.0000E+00  3.7143E-01
  te-132       0.0000E+00  1.1330E+01
  i-132        0.0000E+00  3.4960E-01
  xe-132       0.0000E+00  2.2655E+03
  te-133       0.0000E+00  2.1771E-02
  te-133m      0.0000E+00  8.9203E-02
  i-133        0.0000E+00  4.2974E+00
  xe-133       0.0000E+00  2.5969E+01
  xe-133m      0.0000E+00  3.4768E-01
  cs-133       0.0000E+00  1.7178E+03
  te-134       0.0000E+00  1.1690E-01
  i-134        0.0000E+00  2.0027E-01
  xe-134       0.0000E+00  2.7515E+03
  cs-134       0.0000E+00  4.2006E+02
  cs-134m      0.0000E+00  3.0165E-02
  ba-134       0.0000E+00  8.8056E+01
  i-135        0.0000E+00  1.3327E+00
  xe-135       0.0000E+00  1.6862E-01
  cs-135       0.0000E+00  3.1381E+02
  ba-135       0.0000E+00  1.1251E+00
  xe-136       0.0000E+00  4.7419E+03
  cs-136       0.0000E+00  1.6828E+00
  ba-136       0.0000E+00  3.2009E+01
  cs-137       0.0000E+00  2.2618E+03
  ba-137       0.0000E+00  4.5162E+01
  xe-138       0.0000E+00  4.0547E-02
  cs-138       0.0000E+00  1.0676E-01
  ba-138       0.0000E+00  2.3102E+03
  la-138       0.0000E+00  2.9077E-02
  cs-139       0.0000E+00  2.7601E-02
  ba-139       0.0000E+00  2.5449E-01
  la-139       0.0000E+00  2.1250E+03
  ba-140       0.0000E+00  5.3833E+01
  la-140       0.0000E+00  7.5690E+00
  ce-140       0.0000E+00  2.1198E+03
  ba-141       0.0000E+00  5.0392E-02
  la-141       0.0000E+00  6.5478E-01
  ce-141       0.0000E+00  1.2725E+02
  pr-141       0.0000E+00  1.7747E+03
  ba-142       0.0000E+00  2.6834E-02
  la-142       0.0000E+00  2.4027E-01
  ce-142       0.0000E+00  1.9813E+03
  pr-142       0.0000E+00  2.6918E-01
  nd-142       0.0000E+00  7.2922E+01
  la-143       0.0000E+00  3.5077E-02
  ce-143       0.0000E+00  4.9523E+00
  pr-143       0.0000E+00  4.7901E+01
  nd-143       0.0000E+00  8.8918E+02
  ce-144       0.0000E+00  8.3537E+02
  pr-144       0.0000E+00  3.6004E-02
  nd-144       0.0000E+00  1.7986E+03
  pr-145       0.0000E+00  6.3312E-01
  nd-145       0.0000E+00  1.0217E+03
  pr-146       0.0000E+00  3.5469E-02
  nd-146       0.0000E+00  1.3542E+03
  nd-147       0.0000E+00  1.8052E+01
  pm-147       0.0000E+00  2.0013E+02
  sm-147       0.0000E+00  4.2636E+01
  nd-148       0.0000E+00  7.1062E+02
  pm-148       0.0000E+00  3.6069E+00
  pm-148m      0.0000E+00  1.6300E+00
  sm-148       0.0000E+00  2.7377E+02
  nd-149       0.0000E+00  8.1659E-02
  pm-149       0.0000E+00  3.9828E+00
  sm-149       0.0000E+00  2.0763E+00
  nd-150       0.0000E+00  3.5480E+02
  sm-150       0.0000E+00  5.8605E+02
  pm-151       0.0000E+00  7.7538E-01
  sm-151       0.0000E+00  1.5090E+01
  sm-152       0.0000E+00  1.4936E+02
  sm-153       0.0000E+00  3.9818E+00
  eu-153       0.0000E+00  2.0621E+02
  sm-154       0.0000E+00  1.0608E+02
  eu-154       0.0000E+00  5.5046E+01
  gd-154       0.0000E+00  3.0858E+00
  eu-155       0.0000E+00  1.8425E+01
  gd-155       0.0000E+00  4.8684E-02
  sm-156       0.0000E+00  4.1343E-02
  eu-156       0.0000E+00  2.8819E+01
  gd-156       0.0000E+00  4.1161E+02
  eu-157       0.0000E+00  1.5000E-01
  gd-157       0.0000E+00  3.0578E-01
  gd-158       0.0000E+00  1.0017E+02
  gd-159       0.0000E+00  4.0476E-02
  tb-159       0.0000E+00  8.8174E+00
  gd-160       0.0000E+00  3.2809E+00
  tb-160       0.0000E+00  6.6349E-01
  dy-160       0.0000E+00  7.3426E-01
  tb-161       0.0000E+00  9.2250E-02
  dy-161       0.0000E+00  1.1922E+00
  dy-162       0.0000E+00  1.0055E+00
  dy-163       0.0000E+00  9.9460E-01
  dy-164       0.0000E+00  2.7317E-01
  ho-165       0.0000E+00  7.0812E-01
  er-166       0.0000E+00  2.7450E-01
  er-168       0.0000E+00  4.4106E-02
------------
  totals       1.0000E+06  1.0020E+06
=========================================================================================================================
.
.
=========================================================================================================================
=   History overview for case 'decay' (#2/2)                                                                            =
-------------------------------------------------------------------------------------------------------------------------
   step          t0          t1          dt           t        flux     fluence       power      energy
    (-)         (y)         (y)         (s)         (s)   (n/cm2-s)     (n/cm2)        (MW)       (MWd)
      1      1.5057      2.5057  3.1560E+07  7.9080E+07  0.0000E+00  5.4548E+22  0.0000E+00  5.7980E+04
          
              step - step index within this case
                t0 - time at beginning-of-step in input units
                t1 - time at end-of-step in input units
                dt - length of step in seconds
                 t - end-of-step cumulative time in seconds
              flux - flux in neutrons/cm^2-sec (CALCULATED)
           fluence - cumulative end-of-step fluence in neutrons/cm^2 (CALCULATED)
             power - power in mega-watts (INPUT)     
            energy - cumulative end-of-step energy released in mega-watt-days (INPUT)     
=========================================================================================================================
.
.
.
.
.
*************************************************************************************************************************
********************                                                                                 ********************
********************                                                                                 ********************
********************                    Library information                                          ********************
********************                                                                                 ********************
********************                                                                                 ********************
*************************************************************************************************************************
.
.
=========================================================================================================================
=   Library summary for case 'decay' (#2/2)                                                                             =
-------------------------------------------------------------------------------------------------------------------------
filename: C:/Users/Teddy/AppData/Local/Temp/scale.Teddy.12108/w17x17_100d.f33 cross-section data taken from position number: 1
library title delimited by {}: 
{}
date library was produced: 538976288/538976288/538976288
total number of nuclides in library: 2237
number of light-element nuclides: 910
number of actinide nuclides: 176
number of fission product nuclides: 1151
number of nonzero off-diagonal matrix elements: 54564
=========================================================================================================================
.
.
*************************************************************************************************************************
********************                                                                                 ********************
********************                                                                                 ********************
********************                    Concentration tables                                         ********************
********************                                                                                 ********************
********************                                                                                 ********************
*************************************************************************************************************************
.
.
=========================================================================================================================
=   Nuclide concentrations in grams for case 'decay' (#2/2)                                                             =
-------------------------------------------------------------------------------------------------------------------------
  (relative cutoff; integral of concentrations over time >   1.00E-06 % of integral of all concentrations over time)
.
                   1.506y      2.506y   
  h-3          9.8440E-02  9.3054E-02
  he-4         2.8477E+00  3.6616E+00
  u-234        2.3387E+00  5.6700E+00
  u-235        1.5310E+03  1.5311E+03
  u-236        3.8143E+03  3.8146E+03
  u-237        2.6802E+01  5.3413E-05
  u-238        9.2015E+05  9.2015E+05
  u-239        1.9359E+00  0.0000E+00
  np-237       6.2243E+02  6.4933E+02
  np-238       6.1067E+00  6.0773E-08
  np-239       2.7832E+02  5.6123E-04
  pu-238       4.1045E+02  4.3531E+02
  pu-239       5.3056E+03  5.5858E+03
  pu-240       2.5428E+03  2.5650E+03
  pu-241       1.7971E+03  1.7120E+03
  pu-242       1.7754E+03  1.7754E+03
  pu-243       1.4882E+00  1.8241E-11
  pu-244       6.7865E-01  6.7868E-01
  am-241       1.9811E+01  1.0481E+02
  am-242m      3.2911E-01  3.2750E-01
  am-242       1.9782E-01  4.2255E-06
  am-243       6.5056E+02  6.5199E+02
  am-244m      8.8386E-02  0.0000E+00
  am-244       1.3751E-01  4.7078E-12
  cm-242       2.8390E+01  6.0376E+00
  cm-243       1.2965E+00  1.2659E+00
  cm-244       6.0687E+02  5.8430E+02
  cm-245       6.6534E+01  6.6529E+01
  cm-246       2.0949E+01  2.0946E+01
  cm-247       5.1160E-01  5.1160E-01
  cm-248       8.0701E-02  8.0946E-02
  ge-73        2.9336E-02  2.9356E-02
  ge-74        8.0816E-02  8.0818E-02
  as-75        1.9850E-01  1.9853E-01
  ge-76        5.5320E-01  5.5320E-01
  se-76        1.3334E-02  1.3410E-02
  se-77        1.1792E+00  1.1846E+00
  se-78        3.9178E+00  3.9187E+00
  se-79        7.8615E+00  7.8616E+00
  se-80        2.0169E+01  2.0169E+01
  br-81        3.3446E+01  3.3447E+01
  se-82        5.3721E+01  5.3721E+01
  kr-82        2.0488E+00  2.0629E+00
  kr-83        4.7425E+01  4.7451E+01
  kr-84        1.8413E+02  1.8413E+02
  kr-85        3.8238E+01  3.5862E+01
  kr-85m       5.2636E-02  0.0000E+00
  rb-85        1.4508E+02  1.4750E+02
  kr-86        2.7235E+02  2.7235E+02
  rb-86        1.0617E-01  1.3304E-07
  sr-86        1.2490E+00  1.3551E+00
  kr-87        2.8079E-02  0.0000E+00
  rb-87        3.5651E+02  3.5654E+02
  kr-88        8.2215E-02  0.0000E+00
  sr-88        4.9123E+02  4.9132E+02
  sr-89        4.7675E+01  3.1788E-01
  y-89         6.0383E+02  6.5119E+02
  sr-90        7.8558E+02  7.6690E+02
  y-90         2.2888E-01  1.9453E-01
  zr-90        2.0449E+01  3.9172E+01
  sr-91        5.4560E-01  0.0000E+00
  y-91         8.3715E+01  1.1129E+00
  y-91m        2.7631E-02  0.0000E+00
  zr-91        7.9118E+02  8.7436E+02
  sr-92        1.7901E-01  0.0000E+00
  y-92         2.3652E-01  0.0000E+00
  zr-92        9.8672E+02  9.8714E+02
  y-93         8.3793E-01  0.0000E+00
  zr-93        1.1156E+03  1.1165E+03
  y-94         2.8316E-02  0.0000E+00
  zr-94        1.2445E+03  1.2445E+03
  mo-94        2.7843E-02  2.7843E-02
  zr-95        1.5901E+02  3.0494E+00
  nb-95        8.6103E+01  3.7145E+00
  nb-95m       9.7068E-02  1.9680E-03
  mo-95        1.0355E+03  1.2741E+03
  zr-96        1.3640E+03  1.3640E+03
  nb-96        2.3566E-02  0.0000E+00
  mo-96        1.2057E+02  1.2059E+02
  zr-97        1.9585E+00  0.0000E+00
  nb-97        1.4182E-01  0.0000E+00
  mo-97        1.3826E+03  1.3847E+03
  mo-98        1.4877E+03  1.4877E+03
  tc-98        1.5246E-02  1.5246E-02
  mo-99        9.1940E+00  0.0000E+00
  tc-99        1.2712E+03  1.2812E+03
  tc-99m       7.4219E-01  0.0000E+00
  ru-99        2.4144E-02  2.8678E-02
  mo-100       1.7008E+03  1.7008E+03
  ru-100       3.2720E+02  3.2720E+02
  mo-101       3.3872E-02  0.0000E+00
  tc-101       3.2960E-02  0.0000E+00
  ru-101       1.3869E+03  1.3869E+03
  mo-102       2.6458E-02  0.0000E+00
  ru-102       1.6349E+03  1.6350E+03
  ru-103       1.4530E+02  2.2936E-01
  rh-103       6.1463E+02  7.5984E+02
  rh-103m      1.4271E-01  2.2529E-04
  tc-104       4.2298E-02  0.0000E+00
  ru-104       1.2830E+03  1.2830E+03
  pd-104       7.5313E+02  7.5313E+02
  ru-105       5.5958E-01  0.0000E+00
  rh-105       3.4294E+00  0.0000E+00
  pd-105       7.5291E+02  7.5692E+02
  ru-106       5.3568E+02  2.7111E+02
  pd-106       6.5789E+02  9.2247E+02
  rh-107       2.8655E-02  0.0000E+00
  pd-107       5.9072E+02  5.9076E+02
  pd-108       4.1227E+02  4.1228E+02
  pd-109       7.5932E-01  0.0000E+00
  ag-109       1.7813E+02  1.7889E+02
  pd-110       1.4444E+02  1.4444E+02
  ag-110m      2.4366E+00  8.8412E-01
  cd-110       1.8407E+02  1.8562E+02
  ag-111       1.8379E+00  3.2025E-15
  cd-111       7.4710E+01  7.6552E+01
  pd-112       9.1020E-02  0.0000E+00
  cd-112       3.8219E+01  3.8324E+01
  cd-113       1.4915E-01  1.5966E-01
  cd-114       3.8176E+01  3.8176E+01
  cd-115       7.5806E-02  0.0000E+00
  cd-115m      9.6111E-02  3.2749E-04
  in-115       2.2445E+00  2.4187E+00
  sn-115       4.9424E-01  4.9837E-01
  cd-116       1.1998E+01  1.1998E+01
  sn-116       9.4872E+00  9.4880E+00
  sn-117       1.0640E+01  1.0647E+01
  sn-118       9.9744E+00  9.9753E+00
  sn-119       9.3770E+00  9.4597E+00
  sn-119m      1.4255E-01  6.0075E-02
  sn-120       9.8132E+00  9.8133E+00
  sn-121       2.8739E-02  3.9496E-05
  sn-121m      7.3607E-01  7.2453E-01
  sb-121       8.6404E+00  8.6807E+00
  sn-122       1.2501E+01  1.2501E+01
  te-122       1.2918E+00  1.3096E+00
  sn-123       5.6546E-01  7.9674E-02
  sb-123       1.1188E+01  1.1675E+01
  te-123       1.3973E-02  1.8454E-02
  sn-124       1.9404E+01  1.9404E+01
  sb-124       2.5398E-01  3.7863E-03
  te-124       7.9981E-01  1.0500E+00
  sn-125       2.9508E-01  1.1568E-12
  sb-125       2.1525E+01  1.6974E+01
  te-125       4.2759E+00  9.1352E+00
  te-125m      2.4906E-01  2.3597E-01
  sn-126       4.3471E+01  4.3471E+01
  te-126       1.0404E+00  1.0587E+00
  sb-127       1.0533E+00  0.0000E+00
  te-127       9.0730E-02  3.7137E-04
  te-127m      9.0014E-01  1.0608E-01
  i-127        7.9780E+01  8.1732E+01
  te-128       1.9269E+02  1.9272E+02
  xe-128       1.0613E+01  1.0614E+01
  sb-129       1.4834E-01  0.0000E+00
  te-129       3.7295E-02  2.1555E-06
  te-129m      4.4265E+00  2.3751E-03
  i-129        3.0356E+02  3.0817E+02
  xe-129       1.4197E-01  1.4311E-01
  te-130       7.0268E+02  7.0271E+02
  i-130        5.9949E-02  0.0000E+00
  xe-130       2.6955E+01  2.7015E+01
  sb-131       3.0452E-02  0.0000E+00
  te-131       3.7056E-02  0.0000E+00
  te-131m      7.4368E-01  0.0000E+00
  i-131        2.0396E+01  4.2442E-13
  xe-131       5.5649E+02  5.7807E+02
  xe-131m      3.7143E-01  5.6201E-10
  te-132       1.1330E+01  0.0000E+00
  i-132        3.4960E-01  0.0000E+00
  xe-132       2.2655E+03  2.2772E+03
  te-133       2.1771E-02  0.0000E+00
  te-133m      8.9203E-02  0.0000E+00
  i-133        4.2974E+00  0.0000E+00
  xe-133       2.5969E+01  3.4024E-20
  xe-133m      3.4768E-01  0.0000E+00
  cs-133       1.7178E+03  1.7486E+03
  te-134       1.1690E-01  0.0000E+00
  i-134        2.0027E-01  0.0000E+00
  xe-134       2.7515E+03  2.7518E+03
  cs-134       4.2006E+02  3.0030E+02
  cs-134m      3.0165E-02  0.0000E+00
  ba-134       8.8056E+01  2.0784E+02
  i-135        1.3327E+00  0.0000E+00
  xe-135       1.6862E-01  0.0000E+00
  cs-135       3.1381E+02  3.1533E+02
  ba-135       1.1251E+00  1.1261E+00
  xe-136       4.7419E+03  4.7419E+03
  cs-136       1.6828E+00  7.4194E-09
  ba-136       3.2009E+01  3.3692E+01
  cs-137       2.2618E+03  2.2103E+03
  ba-137       4.5162E+01  9.6690E+01
  xe-138       4.0547E-02  0.0000E+00
  cs-138       1.0676E-01  0.0000E+00
  ba-138       2.3102E+03  2.3104E+03
  la-138       2.9077E-02  2.9077E-02
  cs-139       2.7601E-02  0.0000E+00
  ba-139       2.5449E-01  0.0000E+00
  la-139       2.1250E+03  2.1252E+03
  ba-140       5.3833E+01  1.2846E-07
  la-140       7.5690E+00  1.9469E-08
  ce-140       2.1198E+03  2.1812E+03
  ba-141       5.0392E-02  0.0000E+00
  la-141       6.5478E-01  0.0000E+00
  ce-141       1.2725E+02  5.3027E-02
  pr-141       1.7747E+03  1.9026E+03
  ba-142       2.6834E-02  0.0000E+00
  la-142       2.4027E-01  0.0000E+00
  ce-142       1.9813E+03  1.9816E+03
  pr-142       2.6918E-01  0.0000E+00
  nd-142       7.2922E+01  7.3192E+01
  la-143       3.5077E-02  0.0000E+00
  ce-143       4.9523E+00  0.0000E+00
  pr-143       4.7901E+01  4.2147E-07
  nd-143       8.8918E+02  9.4207E+02
  ce-144       8.3537E+02  3.4351E+02
  pr-144       3.6004E-02  1.4469E-02
  nd-144       1.7986E+03  2.2905E+03
  pr-145       6.3312E-01  0.0000E+00
  nd-145       1.0217E+03  1.0223E+03
  pr-146       3.5469E-02  0.0000E+00
  nd-146       1.3542E+03  1.3542E+03
  nd-147       1.8052E+01  1.7471E-09
  pm-147       2.0013E+02  1.6769E+02
  sm-147       4.2636E+01  9.3144E+01
  nd-148       7.1062E+02  7.1062E+02
  pm-148       3.6069E+00  2.2221E-05
  pm-148m      1.6300E+00  3.5405E-03
  sm-148       2.7377E+02  2.7900E+02
  nd-149       8.1659E-02  0.0000E+00
  pm-149       3.9828E+00  0.0000E+00
  sm-149       2.0763E+00  6.1424E+00
  nd-150       3.5480E+02  3.5480E+02
  sm-150       5.8605E+02  5.8606E+02
  pm-151       7.7538E-01  0.0000E+00
  sm-151       1.5090E+01  1.5750E+01
  eu-151       4.6895E-03  1.2644E-01
  sm-152       1.4936E+02  1.4937E+02
  sm-153       3.9818E+00  0.0000E+00
  eu-153       2.0621E+02  2.1019E+02
  sm-154       1.0608E+02  1.0608E+02
  eu-154       5.5046E+01  5.0784E+01
  gd-154       3.0858E+00  7.3474E+00
  eu-155       1.8425E+01  1.5927E+01
  gd-155       4.8684E-02  2.5495E+00
  sm-156       4.1343E-02  0.0000E+00
  eu-156       2.8819E+01  1.6646E-06
  gd-156       4.1161E+02  4.4047E+02
  eu-157       1.5000E-01  0.0000E+00
  gd-157       3.0578E-01  4.5617E-01
  gd-158       1.0017E+02  1.0017E+02
  gd-159       4.0476E-02  0.0000E+00
  tb-159       8.8174E+00  8.8582E+00
  gd-160       3.2809E+00  3.2810E+00
  tb-160       6.6349E-01  1.9996E-02
  dy-160       7.3426E-01  1.3777E+00
  tb-161       9.2250E-02  1.1030E-17
  dy-161       1.1922E+00  1.2845E+00
  dy-162       1.0055E+00  1.0055E+00
  dy-163       9.9460E-01  9.9461E-01
  dy-164       2.7317E-01  2.7317E-01
  ho-165       7.0812E-01  7.0887E-01
  er-166       2.7450E-01  2.7811E-01
  er-167       1.4907E-02  1.4931E-02
  er-168       4.4106E-02  4.4106E-02
------------
  totals       1.0020E+06  1.0020E+06
=========================================================================================================================
.
.
*************************************************************************************************************************
********************                                                                                 ********************
********************                                                                                 ********************
********************                    Written F71 File Information                                 ********************
********************                                                                                 ********************
********************                                                                                 ********************
*************************************************************************************************************************
.
.
   pos         time        power         flux      fluence       energy libpos   case   step DCGNAB
   (-)          (s)         (MW)    (n/cm2-s)      (n/cm2)        (MWd)    (-)    (-)    (-)    (-)
     1  4.75200e+07  0.00000e+00  0.00000e+00  5.45475e+22  5.79798e+04      1      2      0 DC----
     2  7.90800e+07  0.00000e+00  0.00000e+00  5.45475e+22  5.79798e+04      1      2      1 DC----
    D - state definition present
    C - concentrations present
    G - gamma emission spectra present
    N - neutron emission spectra present
    A - alpha emission spectra present
    B - beta emission spectra present
.
.
.
=========================================================================================================================
ORIGEN finished successfully.
=========================================================================================================================
    module origen used 0.661815 seconds cpu time for the current pass.

    module origen is finished. completion code    0. total cpu time used 5.59839e-006 seconds.


    SCALE is finished on Wed Feb 13 18:31:56 2019.
-------------------------- Summary --------------------------
arp finished. used 2.72891 seconds.
origen finished. used 0.667127 seconds.
SCALE driver required a maximum of 8.285 MiB of RAM.
------------------------ End Summary ------------------------

w17x17_100d.f33 copied to C:\Users\Teddy\Desktop\scale_test\output\w17x17_100d.f33.
discharge.f71 copied to C:\Users\Teddy\Desktop\scale_test\output\discharge.f71.
