 *******************************************************************************
 *                                                                             *
 *                                 SCALE 6.2.2                                 *
 *                                -------------                                *
 *                                February 2019                                *
 *                                                                             *
 *           SCALE:  A Comprehensive Modeling and Simulation Suite             *
 *                   for Nuclear Safety Analysis and Design                    *
 *                                                                             *
 *                      Reactor and Nuclear Systems Division                   *
 *                        Oak Ridge National Laboratory                        *
 *                                                                             *
 *                           http://scale.ornl.gov                             *
 *                            scalehelp@ornl.gov                               *
 *                                                                             *
 *******************************************************************************
 *******************************************************************************
      
                  Job Information
                  ---------------
      Job started on DESKTOP-J14NAA6 on Wed 13/02/2019 18:28:10
      Working directory: C:\Users\Teddy\AppData\Local\Temp\scale.Teddy.7148
      Input file name  : C:\Users\Teddy\Desktop\scale_test\output\2.800000_17676.767677.inp
      Output file name : C:\Users\Teddy\Desktop\scale_test\output\2.800000_17676.767677.out
      SCALE executable : C:\SCALE-6.2.2/bin/scale
      
 *******************************************************************************


    module arp will be called on Wed Feb 13 18:28:10 2019.
    sequence specification record:=arp
Input Data:

      'library type
      w17x17
      2.800000
      ' num cycles
      1
      ' num days per cycle
      550
      ' cycle average specific power (MW / MTU)
      32.139578
      ' number of interpolated cross section sets generated per cycle
      1
      ' moderator density (g/cc)
      0.723
      ' interpolated output ORIGEN library
      w17x17_100d.f33
end

1






        ************************************************************************************************************************
        ************************************************************************************************************************
        ************************************************************************************************************************
        *****                                                                                                              *****
        *****                                       program verification information                                       *****
        *****                                                                                                              *****
        *****                                   code system:  SCALE    version:  6.2                                       *****
        *****                                                                                                              *****
        ************************************************************************************************************************
        ************************************************************************************************************************
        *****                                                                                                              *****
        *****                                                                                                              *****
        *****              program:  arp.exe                                                                               *****
        *****                                                                                                              *****
        *****        creation date:   unknown                                                                              *****
        *****                                                                                                              *****
        *****              library:  C:\SCALE-6.2.2\bin                                                                    *****
        *****                                                                                                              *****
        *****                                                                                                              *****
        *****            prod code:  arp.exe                                                                               *****
        *****                                                                                                              *****
        *****              version:  6.2.2                                                                                 *****
        *****                                                                                                              *****
        *****              jobname:  Teddy                                                                                 *****
        *****                                                                                                              *****
        *****         machine name:  DESKTOP-J14NAA6                                                                       *****
        *****                                                                                                              *****
        *****    date of execution:  13_feb_2019                                                                           *****
        *****                                                                                                              *****
        *****    time of execution:  18:28:10.62                                                                           *****
        *****                                                                                                              *****
        *****                                                                                                              *****
        ************************************************************************************************************************
        ************************************************************************************************************************
        ************************************************************************************************************************


 'library type
    data library:       w17x17
       directory:       C:/SCALE-6.2.2/data/\arplibs
       definition:      C:/SCALE-6.2.2/data/\arpdata.txt
    u-235 enrichment:                        2.800

 ' num cycles
    number of cycles:                            1

 ' num days per cycle

 ' cycle average specific power (MW / MTU)

 ' number of interpolated cross section sets generated per cycle

 ' moderator density (g/cc)
    water density (g/cm3):                  0.7230
                                         cycle        cumulative      midpoint
   cycle time(d)        power(MW)      burnup(MWd/MTU)burnup(MWd/MTU)burnup(MWd/MTU)nlib
     1    550.000        32.1396        17676.8        17676.8        8838.38             1

 ' interpolated output ORIGEN library
    interpolated library name:                   w17x17_100d.f33
 interpolation type: spline
 Cross section library interpolation completed.
.
.
.
=========================================================================================================================
ARP finished successfully.
=========================================================================================================================
    module arp used 1.88069 seconds cpu time for the current pass.

    module arp is finished. completion code    0. total cpu time used 1.07303e-005 seconds.



    module origen will be called on Wed Feb 13 18:28:12 2019.
    sequence specification record:=origen
Input Data:

      case(irrad) {
          lib{
              file="w17x17_100d.f33" pos=1
          }
          mat {
              units=GRAMS
              iso=[u235=28000.000000 u238=972000.000000]
          }
          time = [ 550 ]
          power = [ 32.139578 ]
      }
      case (decay) {
          time {
              units=YEARS
              start=0
              t=[1]
          }
          save{ file="discharge.f71" steps=[0 LAST]}
      }
end

1






        ************************************************************************************************************************
        ************************************************************************************************************************
        ************************************************************************************************************************
        *****                                                                                                              *****
        *****                                       program verification information                                       *****
        *****                                                                                                              *****
        *****                                   code system:  SCALE    version:  6.2                                       *****
        *****                                                                                                              *****
        ************************************************************************************************************************
        ************************************************************************************************************************
        *****                                                                                                              *****
        *****                                                                                                              *****
        *****              program:  origen.exe                                                                            *****
        *****                                                                                                              *****
        *****        creation date:   unknown                                                                              *****
        *****                                                                                                              *****
        *****              library:  C:\SCALE-6.2.2\bin                                                                    *****
        *****                                                                                                              *****
        *****                                                                                                              *****
        *****            prod code:  origen.exe                                                                            *****
        *****                                                                                                              *****
        *****              version:  6.2.2                                                                                 *****
        *****                                                                                                              *****
        *****              jobname:  Teddy                                                                                 *****
        *****                                                                                                              *****
        *****         machine name:  DESKTOP-J14NAA6                                                                       *****
        *****                                                                                                              *****
        *****    date of execution:  13_feb_2019                                                                           *****
        *****                                                                                                              *****
        *****    time of execution:  18:28:12.50                                                                           *****
        *****                                                                                                              *****
        *****                                                                                                              *****
        ************************************************************************************************************************
        ************************************************************************************************************************
        ************************************************************************************************************************

*************************************************************************************************************************
********************                                                                                 ********************
********************                                                                                 ********************
********************                    USER INPUT SUMMARY                                           ********************
********************                                                                                 ********************
********************                                                                                 ********************
*************************************************************************************************************************
.
.
=========================================================================================================================
=   Case "irrad" (#1/2)                                                                                                 =
-------------------------------------------------------------------------------------------------------------------------
###   Library settings                                                                                                ###
.
                                Library file name:     C:/Users/Teddy/AppData/Local/Temp/scale.Teddy.7148/w17x17_100d.f33
                             Library set position:              1
                 Fission product reaction removal:             no
-------------------------------------------------------------------------------------------------------------------------
###   Global settings                                                                                                 ###
.
                                           Solver:              MATREX
                                             Mode:        forward
                             Fixed fission energy:             no
-------------------------------------------------------------------------------------------------------------------------
###   Concentrations output options                                                                                   ###
.
                            High-precision output:             no
                                  Relative cutoff:            yes
                         Step for applying cutoff:       integral
.
                      light els.   actinides  fis.prods.       total
                       nuc    el   nuc    el   nuc    el   nuc    el             cutoff
gram-atoms                                                                    1.000E-06
grams                                                      **                 1.000E-06
curies                                                                        1.000E-06
watts                                                                         1.000E-06
gamma watts                                                                   1.000E-06
m3 air                                                                        1.000E-06
m3 water                                                                      1.000E-06
grams ppm                                                                     1.000E-06
atoms ppm                                                                     1.000E-06
atoms/barn-cm                                                                 1.000E-06
becquerels                                                                    1.000E-06
-------------------------------------------------------------------------------------------------------------------------
###   Additional output options                                                                                       ###
.
                                      Print k-inf:             no
           Nuclides for absorption fraction print:           none
                              Print fission rates:             no
            Step for sorting absorption fractions:              1
=========================================================================================================================
=   Case "decay" (#2/2)                                                                                                 =
-------------------------------------------------------------------------------------------------------------------------
###   Library settings                                                                                                ###
.
                                Library file name:     C:/Users/Teddy/AppData/Local/Temp/scale.Teddy.7148/w17x17_100d.f33
                             Library set position:              1
                 Fission product reaction removal:             no
-------------------------------------------------------------------------------------------------------------------------
###   Global settings                                                                                                 ###
.
                                           Solver:              MATREX
                                             Mode:        forward
                             Fixed fission energy:             no
-------------------------------------------------------------------------------------------------------------------------
###   Concentrations output options                                                                                   ###
.
                            High-precision output:             no
                                  Relative cutoff:            yes
                         Step for applying cutoff:       integral
.
                      light els.   actinides  fis.prods.       total
                       nuc    el   nuc    el   nuc    el   nuc    el             cutoff
gram-atoms                                                                    1.000E-06
grams                                                      **                 1.000E-06
curies                                                                        1.000E-06
watts                                                                         1.000E-06
gamma watts                                                                   1.000E-06
m3 air                                                                        1.000E-06
m3 water                                                                      1.000E-06
grams ppm                                                                     1.000E-06
atoms ppm                                                                     1.000E-06
atoms/barn-cm                                                                 1.000E-06
becquerels                                                                    1.000E-06
-------------------------------------------------------------------------------------------------------------------------
###   Additional output options                                                                                       ###
.
                                      Print k-inf:             no
           Nuclides for absorption fraction print:           none
                              Print fission rates:             no
            Step for sorting absorption fractions:              1
=========================================================================================================================
###   Blending information                                                                                            ###
.
  --- no blending requested in this job ---
=========================================================================================================================
.
.
=========================================================================================================================
=   History overview for case 'irrad' (#1/2)                                                                            =
-------------------------------------------------------------------------------------------------------------------------
   step          t0          t1          dt           t        flux     fluence       power      energy
    (-)         (d)         (d)         (s)         (s)   (n/cm2-s)     (n/cm2)        (MW)       (MWd)
      1      0.0000    550.0000  4.7520E+07  4.7520E+07  2.9558E+14  1.4046E+22  3.2140E+01  1.7677E+04
          
              step - step index within this case
                t0 - time at beginning-of-step in input units
                t1 - time at end-of-step in input units
                dt - length of step in seconds
                 t - end-of-step cumulative time in seconds
              flux - flux in neutrons/cm^2-sec (CALCULATED)
           fluence - cumulative end-of-step fluence in neutrons/cm^2 (CALCULATED)
             power - power in mega-watts (INPUT)     
            energy - cumulative end-of-step energy released in mega-watt-days (INPUT)     
=========================================================================================================================
.
.
.
.
.
*************************************************************************************************************************
********************                                                                                 ********************
********************                                                                                 ********************
********************                    Library information                                          ********************
********************                                                                                 ********************
********************                                                                                 ********************
*************************************************************************************************************************
.
.
=========================================================================================================================
=   Library summary for case 'irrad' (#1/2)                                                                             =
-------------------------------------------------------------------------------------------------------------------------
filename: C:/Users/Teddy/AppData/Local/Temp/scale.Teddy.7148/w17x17_100d.f33 cross-section data taken from position number: 1
library title delimited by {}: 
{}
date library was produced: 538976288/538976288/538976288
total number of nuclides in library: 2237
number of light-element nuclides: 910
number of actinide nuclides: 176
number of fission product nuclides: 1151
number of nonzero off-diagonal matrix elements: 54564
=========================================================================================================================
.
.
*************************************************************************************************************************
********************                                                                                 ********************
********************                                                                                 ********************
********************                    Concentration tables                                         ********************
********************                                                                                 ********************
********************                                                                                 ********************
*************************************************************************************************************************
.
.
=========================================================================================================================
=   Nuclide concentrations in grams for case 'irrad' (#1/2)                                                             =
-------------------------------------------------------------------------------------------------------------------------
  (relative cutoff; integral of concentrations over time >   1.00E-06 % of integral of all concentrations over time)
.
                   0.000d    550.000d   
  h-3          0.0000E+00  2.6943E-02
  he-4         0.0000E+00  6.6401E-01
  u-234        0.0000E+00  1.0466E+00
  u-235        2.8000E+04  1.2904E+04
  u-236        0.0000E+00  2.6127E+03
  u-237        0.0000E+00  5.9043E+00
  u-238        9.7200E+05  9.5843E+05
  u-239        0.0000E+00  5.1761E-01
  np-237       0.0000E+00  1.7945E+02
  np-238       0.0000E+00  4.8981E-01
  np-239       0.0000E+00  7.4758E+01
  pu-238       0.0000E+00  3.5061E+01
  pu-239       0.0000E+00  4.5490E+03
  pu-240       0.0000E+00  1.2581E+03
  pu-241       0.0000E+00  8.1506E+02
  pu-242       0.0000E+00  1.5542E+02
  pu-243       0.0000E+00  3.6658E-02
  am-241       0.0000E+00  1.4178E+01
  am-242m      0.0000E+00  2.4334E-01
  am-242       0.0000E+00  4.0448E-02
  am-243       0.0000E+00  1.4894E+01
  cm-242       0.0000E+00  3.3799E+00
  cm-243       0.0000E+00  4.3381E-02
  cm-244       0.0000E+00  2.3928E+00
  cm-245       0.0000E+00  7.1882E-02
  ge-74        0.0000E+00  2.7703E-02
  as-75        0.0000E+00  7.0858E-02
  ge-76        0.0000E+00  1.8823E-01
  se-77        0.0000E+00  4.5731E-01
  se-78        0.0000E+00  1.2696E+00
  se-79        0.0000E+00  2.7542E+00
  se-80        0.0000E+00  7.2980E+00
  br-81        0.0000E+00  1.2132E+01
  se-82        0.0000E+00  1.9098E+01
  kr-82        0.0000E+00  1.9127E-01
  kr-83        0.0000E+00  2.6753E+01
  kr-84        0.0000E+00  6.0942E+01
  kr-85        0.0000E+00  1.5082E+01
  kr-85m       0.0000E+00  2.8559E-02
  rb-85        0.0000E+00  5.7721E+01
  kr-86        0.0000E+00  1.0924E+02
  sr-86        0.0000E+00  1.1506E-01
  rb-87        0.0000E+00  1.4384E+02
  kr-88        0.0000E+00  4.8554E-02
  sr-88        0.0000E+00  2.0049E+02
  sr-89        0.0000E+00  2.8117E+01
  y-89         0.0000E+00  2.4346E+02
  sr-90        0.0000E+00  3.2403E+02
  y-90         0.0000E+00  8.5403E-02
  zr-90        0.0000E+00  6.5670E+00
  sr-91        0.0000E+00  2.9578E-01
  y-91         0.0000E+00  4.5908E+01
  zr-91        0.0000E+00  3.0131E+02
  sr-92        0.0000E+00  9.0173E-02
  y-92         0.0000E+00  1.1918E-01
  zr-92        0.0000E+00  3.7353E+02
  y-93         0.0000E+00  3.8959E-01
  zr-93        0.0000E+00  4.1012E+02
  zr-94        0.0000E+00  4.3406E+02
  zr-95        0.0000E+00  6.9627E+01
  nb-95        0.0000E+00  3.7941E+01
  nb-95m       0.0000E+00  4.2453E-02
  mo-95        0.0000E+00  3.7032E+02
  zr-96        0.0000E+00  4.5587E+02
  mo-96        0.0000E+00  1.0390E+01
  zr-97        0.0000E+00  7.5340E-01
  nb-97        0.0000E+00  5.4416E-02
  mo-97        0.0000E+00  4.4881E+02
  mo-98        0.0000E+00  4.5768E+02
  mo-99        0.0000E+00  3.3177E+00
  tc-99        0.0000E+00  4.5909E+02
  tc-99m       0.0000E+00  2.6607E-01
  mo-100       0.0000E+00  5.1663E+02
  ru-100       0.0000E+00  2.7921E+01
  ru-101       0.0000E+00  4.3491E+02
  ru-102       0.0000E+00  4.1694E+02
  ru-103       0.0000E+00  4.0815E+01
  rh-103       0.0000E+00  2.7003E+02
  rh-103m      0.0000E+00  4.0066E-02
  ru-104       0.0000E+00  2.7585E+02
  pd-104       0.0000E+00  6.8911E+01
  ru-105       0.0000E+00  1.3104E-01
  rh-105       0.0000E+00  9.6565E-01
  pd-105       0.0000E+00  1.8909E+02
  ru-106       0.0000E+00  9.7290E+01
  pd-106       0.0000E+00  6.7258E+01
  pd-107       0.0000E+00  9.8029E+01
  pd-108       0.0000E+00  6.2132E+01
  pd-109       0.0000E+00  1.0885E-01
  ag-109       0.0000E+00  3.6544E+01
  pd-110       0.0000E+00  2.0243E+01
  ag-110m      0.0000E+00  2.0067E-01
  cd-110       0.0000E+00  7.7085E+00
  ag-111       0.0000E+00  2.9677E-01
  cd-111       0.0000E+00  9.9031E+00
  cd-112       0.0000E+00  5.3502E+00
  cd-113       0.0000E+00  9.7807E-02
  cd-114       0.0000E+00  6.8881E+00
  cd-115m      0.0000E+00  2.0250E-02
  in-115       0.0000E+00  1.4052E+00
  sn-115       0.0000E+00  1.2090E-01
  cd-116       0.0000E+00  2.7561E+00
  sn-116       0.0000E+00  1.1187E+00
  sn-117       0.0000E+00  2.5301E+00
  sn-118       0.0000E+00  2.3741E+00
  sn-119       0.0000E+00  2.3317E+00
  sn-119m      0.0000E+00  4.5035E-02
  sn-120       0.0000E+00  2.3874E+00
  sn-121m      0.0000E+00  1.8873E-01
  sb-121       0.0000E+00  2.3480E+00
  sn-122       0.0000E+00  3.0282E+00
  te-122       0.0000E+00  8.3857E-02
  sn-123       0.0000E+00  1.3940E-01
  sb-123       0.0000E+00  2.9210E+00
  sn-124       0.0000E+00  4.8418E+00
  te-124       0.0000E+00  4.9190E-02
  sn-125       0.0000E+00  7.9079E-02
  sb-125       0.0000E+00  5.3339E+00
  te-125       0.0000E+00  9.3458E-01
  te-125m      0.0000E+00  5.9662E-02
  sn-126       0.0000E+00  1.0326E+01
  te-126       0.0000E+00  2.6887E-01
  sb-127       0.0000E+00  2.9837E-01
  te-127       0.0000E+00  2.7301E-02
  te-127m      0.0000E+00  6.3088E-01
  i-127        0.0000E+00  2.2670E+01
  te-128       0.0000E+00  4.9183E+01
  xe-128       0.0000E+00  6.6078E-01
  sb-129       0.0000E+00  4.3196E-02
  te-129m      0.0000E+00  1.3005E+00
  i-129        0.0000E+00  8.1048E+01
  te-130       0.0000E+00  2.0540E+02
  xe-130       0.0000E+00  1.7691E+00
  te-131m      0.0000E+00  2.2960E-01
  i-131        0.0000E+00  6.9152E+00
  xe-131       0.0000E+00  2.7195E+02
  xe-131m      0.0000E+00  1.1684E-01
  te-132       0.0000E+00  3.9414E+00
  i-132        0.0000E+00  1.2042E-01
  xe-132       0.0000E+00  5.5018E+02
  te-133m      0.0000E+00  3.4691E-02
  i-133        0.0000E+00  1.5539E+00
  xe-133       0.0000E+00  9.4077E+00
  xe-133m      0.0000E+00  1.2034E-01
  cs-133       0.0000E+00  6.6320E+02
  te-134       0.0000E+00  4.6772E-02
  i-134        0.0000E+00  7.3890E-02
  xe-134       0.0000E+00  8.4180E+02
  cs-134       0.0000E+00  4.3149E+01
  ba-134       0.0000E+00  7.7804E+00
  i-135        0.0000E+00  4.7396E-01
  xe-135       0.0000E+00  1.7933E-01
  cs-135       0.0000E+00  1.8698E+02
  ba-135       0.0000E+00  2.4319E-02
  xe-136       0.0000E+00  1.2759E+03
  cs-136       0.0000E+00  3.0317E-01
  ba-136       0.0000E+00  5.8409E+00
  cs-137       0.0000E+00  6.8087E+02
  ba-137       0.0000E+00  1.2171E+01
  cs-138       0.0000E+00  4.0152E-02
  ba-138       0.0000E+00  7.2358E+02
  ba-139       0.0000E+00  9.5860E-02
  la-139       0.0000E+00  6.8340E+02
  ba-140       0.0000E+00  2.0536E+01
  la-140       0.0000E+00  2.7465E+00
  ce-140       0.0000E+00  6.5935E+02
  la-141       0.0000E+00  2.5086E-01
  ce-141       0.0000E+00  4.9608E+01
  pr-141       0.0000E+00  5.9479E+02
  la-142       0.0000E+00  9.4410E-02
  ce-142       0.0000E+00  6.3139E+02
  pr-142       0.0000E+00  2.3993E-02
  nd-142       0.0000E+00  5.8334E+00
  ce-143       0.0000E+00  2.0131E+00
  pr-143       0.0000E+00  1.9744E+01
  nd-143       0.0000E+00  5.0686E+02
  ce-144       0.0000E+00  3.0753E+02
  nd-144       0.0000E+00  3.7022E+02
  pr-145       0.0000E+00  2.5085E-01
  nd-145       0.0000E+00  4.0189E+02
  nd-146       0.0000E+00  3.6392E+02
  nd-147       0.0000E+00  6.8634E+00
  pm-147       0.0000E+00  1.4716E+02
  sm-147       0.0000E+00  3.1623E+01
  nd-148       0.0000E+00  2.0589E+02
  pm-148       0.0000E+00  8.2904E-01
  pm-148m      0.0000E+00  1.0643E+00
  sm-148       0.0000E+00  4.5493E+01
  nd-149       0.0000E+00  2.5934E-02
  pm-149       0.0000E+00  1.0527E+00
  sm-149       0.0000E+00  2.0034E+00
  nd-150       0.0000E+00  9.4731E+01
  sm-150       0.0000E+00  1.5658E+02
  pm-151       0.0000E+00  2.1759E-01
  sm-151       0.0000E+00  9.1042E+00
  sm-152       0.0000E+00  7.0762E+01
  sm-153       0.0000E+00  6.1010E-01
  eu-153       0.0000E+00  5.5872E+01
  sm-154       0.0000E+00  1.7888E+01
  eu-154       0.0000E+00  9.2854E+00
  gd-154       0.0000E+00  3.8475E-01
  eu-155       0.0000E+00  3.9509E+00
  gd-155       0.0000E+00  2.8473E-02
  eu-156       0.0000E+00  2.0486E+00
  gd-156       0.0000E+00  2.5592E+01
  gd-157       0.0000E+00  5.5211E-02
  gd-158       0.0000E+00  6.7512E+00
  tb-159       0.0000E+00  1.0024E+00
  gd-160       0.0000E+00  4.5094E-01
  tb-160       0.0000E+00  2.3291E-02
  dy-160       0.0000E+00  3.6475E-02
  dy-161       0.0000E+00  1.5602E-01
  dy-162       0.0000E+00  1.0955E-01
  dy-163       0.0000E+00  6.6892E-02
  ho-165       0.0000E+00  2.0260E-02
------------
  totals       1.0000E+06  1.0001E+06
=========================================================================================================================
.
.
=========================================================================================================================
=   History overview for case 'decay' (#2/2)                                                                            =
-------------------------------------------------------------------------------------------------------------------------
   step          t0          t1          dt           t        flux     fluence       power      energy
    (-)         (y)         (y)         (s)         (s)   (n/cm2-s)     (n/cm2)        (MW)       (MWd)
      1      1.5057      2.5057  3.1560E+07  7.9080E+07  0.0000E+00  1.4046E+22  0.0000E+00  1.7677E+04
          
              step - step index within this case
                t0 - time at beginning-of-step in input units
                t1 - time at end-of-step in input units
                dt - length of step in seconds
                 t - end-of-step cumulative time in seconds
              flux - flux in neutrons/cm^2-sec (CALCULATED)
           fluence - cumulative end-of-step fluence in neutrons/cm^2 (CALCULATED)
             power - power in mega-watts (INPUT)     
            energy - cumulative end-of-step energy released in mega-watt-days (INPUT)     
=========================================================================================================================
.
.
.
.
.
*************************************************************************************************************************
********************                                                                                 ********************
********************                                                                                 ********************
********************                    Library information                                          ********************
********************                                                                                 ********************
********************                                                                                 ********************
*************************************************************************************************************************
.
.
=========================================================================================================================
=   Library summary for case 'decay' (#2/2)                                                                             =
-------------------------------------------------------------------------------------------------------------------------
filename: C:/Users/Teddy/AppData/Local/Temp/scale.Teddy.7148/w17x17_100d.f33 cross-section data taken from position number: 1
library title delimited by {}: 
{}
date library was produced: 538976288/538976288/538976288
total number of nuclides in library: 2237
number of light-element nuclides: 910
number of actinide nuclides: 176
number of fission product nuclides: 1151
number of nonzero off-diagonal matrix elements: 54564
=========================================================================================================================
.
.
*************************************************************************************************************************
********************                                                                                 ********************
********************                                                                                 ********************
********************                    Concentration tables                                         ********************
********************                                                                                 ********************
********************                                                                                 ********************
*************************************************************************************************************************
.
.
=========================================================================================================================
=   Nuclide concentrations in grams for case 'decay' (#2/2)                                                             =
-------------------------------------------------------------------------------------------------------------------------
  (relative cutoff; integral of concentrations over time >   1.00E-06 % of integral of all concentrations over time)
.
                   1.506y      2.506y   
  h-3          2.6943E-02  2.5469E-02
  he-4         6.6401E-01  7.2033E-01
  u-234        1.0466E+00  1.3347E+00
  u-235        1.2904E+04  1.2904E+04
  u-236        2.6127E+03  2.6128E+03
  u-237        5.9043E+00  2.4224E-05
  u-238        9.5843E+05  9.5843E+05
  u-239        5.1761E-01  0.0000E+00
  np-237       1.7945E+02  1.8541E+02
  np-238       4.8981E-01  4.4933E-08
  np-239       7.4758E+01  1.2852E-05
  pu-238       3.5061E+01  3.7906E+01
  pu-239       4.5490E+03  4.6241E+03
  pu-240       1.2581E+03  1.2580E+03
  pu-241       8.1506E+02  7.7646E+02
  pu-242       1.5542E+02  1.5543E+02
  pu-243       3.6658E-02  6.0634E-16
  am-241       1.4178E+01  5.2719E+01
  am-242m      2.4334E-01  2.4214E-01
  am-242       4.0448E-02  3.1242E-06
  am-243       1.4894E+01  1.4930E+01
  cm-242       3.3799E+00  7.2218E-01
  cm-243       4.3381E-02  4.2360E-02
  cm-244       2.3928E+00  2.3043E+00
  cm-245       7.1882E-02  7.1876E-02
  ge-73        1.0771E-02  1.0777E-02
  ge-74        2.7703E-02  2.7704E-02
  as-75        7.0858E-02  7.0869E-02
  ge-76        1.8823E-01  1.8823E-01
  se-77        4.5731E-01  4.5959E-01
  se-78        1.2696E+00  1.2699E+00
  se-79        2.7542E+00  2.7543E+00
  se-80        7.2980E+00  7.2980E+00
  br-81        1.2132E+01  1.2132E+01
  se-82        1.9098E+01  1.9098E+01
  kr-82        1.9127E-01  1.9266E-01
  kr-83        2.6753E+01  2.6765E+01
  kr-84        6.0942E+01  6.0945E+01
  kr-85        1.5082E+01  1.4146E+01
  kr-85m       2.8559E-02  0.0000E+00
  rb-85        5.7721E+01  5.8686E+01
  kr-86        1.0924E+02  1.0924E+02
  sr-86        1.1506E-01  1.2609E-01
  rb-87        1.4384E+02  1.4386E+02
  kr-88        4.8554E-02  0.0000E+00
  sr-88        2.0049E+02  2.0055E+02
  sr-89        2.8117E+01  1.8747E-01
  y-89         2.4346E+02  2.7139E+02
  sr-90        3.2403E+02  3.1632E+02
  y-90         8.5403E-02  8.0239E-02
  zr-90        6.5670E+00  1.4281E+01
  sr-91        2.9578E-01  0.0000E+00
  y-91         4.5908E+01  6.1024E-01
  zr-91        3.0131E+02  3.4692E+02
  sr-92        9.0173E-02  0.0000E+00
  y-92         1.1918E-01  0.0000E+00
  zr-92        3.7353E+02  3.7374E+02
  y-93         3.8959E-01  0.0000E+00
  zr-93        4.1012E+02  4.1052E+02
  zr-94        4.3406E+02  4.3408E+02
  zr-95        6.9627E+01  1.3352E+00
  nb-95        3.7941E+01  1.6266E+00
  nb-95m       4.2453E-02  8.6171E-04
  mo-95        3.7032E+02  4.7503E+02
  zr-96        4.5587E+02  4.5587E+02
  mo-96        1.0390E+01  1.0393E+01
  zr-97        7.5340E-01  0.0000E+00
  nb-97        5.4416E-02  0.0000E+00
  mo-97        4.4881E+02  4.4961E+02
  mo-98        4.5768E+02  4.5768E+02
  mo-99        3.3177E+00  0.0000E+00
  tc-99        4.5909E+02  4.6268E+02
  tc-99m       2.6607E-01  0.0000E+00
  ru-99        1.6290E-02  1.7927E-02
  mo-100       5.1663E+02  5.1663E+02
  ru-100       2.7921E+01  2.7921E+01
  ru-101       4.3491E+02  4.3493E+02
  ru-102       4.1694E+02  4.1695E+02
  ru-103       4.0815E+01  6.4430E-02
  rh-103       2.7003E+02  3.1082E+02
  rh-103m      4.0066E-02  6.3286E-05
  ru-104       2.7585E+02  2.7587E+02
  pd-104       6.8911E+01  6.8911E+01
  ru-105       1.3104E-01  0.0000E+00
  rh-105       9.6565E-01  0.0000E+00
  pd-105       1.8909E+02  1.9019E+02
  ru-106       9.7290E+01  4.9238E+01
  pd-106       6.7258E+01  1.1531E+02
  pd-107       9.8029E+01  9.8036E+01
  pd-108       6.2132E+01  6.2133E+01
  pd-109       1.0885E-01  0.0000E+00
  ag-109       3.6544E+01  3.6653E+01
  pd-110       2.0243E+01  2.0244E+01
  ag-110m      2.0067E-01  7.2814E-02
  cd-110       7.7085E+00  7.8364E+00
  ag-111       2.9677E-01  5.1716E-16
  cd-111       9.9031E+00  1.0201E+01
  cd-112       5.3502E+00  5.3690E+00
  cd-113       9.7807E-02  9.9763E-02
  cd-114       6.8881E+00  6.8881E+00
  cd-115m      2.0250E-02  6.9002E-05
  in-115       1.4052E+00  1.4427E+00
  sn-115       1.2090E-01  1.2182E-01
  cd-116       2.7561E+00  2.7561E+00
  sn-116       1.1187E+00  1.1188E+00
  sn-117       2.5301E+00  2.5318E+00
  sn-118       2.3741E+00  2.3743E+00
  sn-119       2.3317E+00  2.3578E+00
  sn-119m      4.5035E-02  1.8979E-02
  sn-120       2.3874E+00  2.3874E+00
  sn-121m      1.8873E-01  1.8577E-01
  sb-121       2.3480E+00  2.3589E+00
  sn-122       3.0282E+00  3.0282E+00
  te-122       8.3857E-02  8.5120E-02
  sn-123       1.3940E-01  1.9642E-02
  sb-123       2.9210E+00  3.0410E+00
  sn-124       4.8418E+00  4.8418E+00
  te-124       4.9190E-02  6.6839E-02
  sn-125       7.9079E-02  3.1001E-13
  sb-125       5.3339E+00  4.2108E+00
  te-125       9.3458E-01  2.1379E+00
  te-125m      5.9662E-02  5.8511E-02
  sn-126       1.0326E+01  1.0326E+01
  te-126       2.6887E-01  2.7294E-01
  sb-127       2.9837E-01  0.0000E+00
  te-127       2.7301E-02  2.3415E-04
  te-127m      6.3088E-01  6.6884E-02
  i-127        2.2670E+01  2.3564E+01
  te-128       4.9183E+01  4.9194E+01
  xe-128       6.6078E-01  6.6085E-01
  sb-129       4.3196E-02  0.0000E+00
  te-129m      1.3005E+00  6.9774E-04
  i-129        8.1048E+01  8.2402E+01
  te-130       2.0540E+02  2.0541E+02
  xe-130       1.7691E+00  1.7736E+00
  te-131m      2.2960E-01  0.0000E+00
  i-131        6.9152E+00  1.4337E-13
  xe-131       2.7195E+02  2.7924E+02
  xe-131m      1.1684E-01  1.8542E-10
  te-132       3.9414E+00  0.0000E+00
  i-132        1.2042E-01  0.0000E+00
  xe-132       5.5018E+02  5.5424E+02
  te-133m      3.4691E-02  0.0000E+00
  i-133        1.5539E+00  0.0000E+00
  xe-133       9.4077E+00  1.2315E-20
  xe-133m      1.2034E-01  0.0000E+00
  cs-133       6.6320E+02  6.7433E+02
  te-134       4.6772E-02  0.0000E+00
  i-134        7.3890E-02  0.0000E+00
  xe-134       8.4180E+02  8.4192E+02
  cs-134       4.3149E+01  3.0848E+01
  ba-134       7.7804E+00  2.0085E+01
  i-135        4.7396E-01  0.0000E+00
  xe-135       1.7933E-01  0.0000E+00
  cs-135       1.8698E+02  1.8764E+02
  ba-135       2.4319E-02  2.4398E-02
  xe-136       1.2759E+03  1.2759E+03
  cs-136       3.0317E-01  1.3367E-09
  ba-136       5.8409E+00  6.1440E+00
  cs-137       6.8087E+02  6.6537E+02
  ba-137       1.2171E+01  2.7683E+01
  cs-138       4.0152E-02  0.0000E+00
  ba-138       7.2358E+02  7.2364E+02
  ba-139       9.5860E-02  0.0000E+00
  la-139       6.8340E+02  6.8351E+02
  ba-140       2.0536E+01  4.9003E-08
  la-140       2.7465E+00  7.4271E-09
  ce-140       6.5935E+02  6.8263E+02
  la-141       2.5086E-01  0.0000E+00
  ce-141       4.9608E+01  2.0671E-02
  pr-141       5.9479E+02  6.4464E+02
  la-142       9.4410E-02  0.0000E+00
  ce-142       6.3139E+02  6.3149E+02
  pr-142       2.3993E-02  0.0000E+00
  nd-142       5.8334E+00  5.8574E+00
  ce-143       2.0131E+00  0.0000E+00
  pr-143       1.9744E+01  1.7348E-07
  nd-143       5.0686E+02  5.2863E+02
  ce-144       3.0753E+02  1.2646E+02
  nd-144       3.7022E+02  5.5129E+02
  pr-145       2.5085E-01  0.0000E+00
  nd-145       4.0189E+02  4.0214E+02
  nd-146       3.6392E+02  3.6394E+02
  nd-147       6.8634E+00  6.6424E-10
  pm-147       1.4716E+02  1.1832E+02
  sm-147       3.1623E+01  6.7329E+01
  nd-148       2.0589E+02  2.0590E+02
  pm-148       8.2904E-01  1.4509E-05
  pm-148m      1.0643E+00  2.3117E-03
  sm-148       4.5493E+01  4.7384E+01
  nd-149       2.5934E-02  0.0000E+00
  pm-149       1.0527E+00  0.0000E+00
  sm-149       2.0034E+00  3.0826E+00
  nd-150       9.4731E+01  9.4731E+01
  sm-150       1.5658E+02  1.5658E+02
  pm-151       2.1759E-01  0.0000E+00
  sm-151       9.1042E+00  9.2519E+00
  eu-151       1.0417E-02  8.1946E-02
  sm-152       7.0762E+01  7.0764E+01
  gd-152       1.2251E-02  1.2374E-02
  sm-153       6.1010E-01  0.0000E+00
  eu-153       5.5872E+01  5.6482E+01
  sm-154       1.7888E+01  1.7888E+01
  eu-154       9.2854E+00  8.5665E+00
  gd-154       3.8475E-01  1.1036E+00
  eu-155       3.9509E+00  3.4152E+00
  gd-155       2.8473E-02  5.6473E-01
  eu-156       2.0486E+00  1.1868E-07
  gd-156       2.5592E+01  2.7650E+01
  gd-157       5.5211E-02  6.6203E-02
  gd-158       6.7512E+00  6.7515E+00
  tb-159       1.0024E+00  1.0060E+00
  gd-160       4.5094E-01  4.5094E-01
  tb-160       2.3291E-02  7.0194E-04
  dy-160       3.6475E-02  5.9064E-02
  dy-161       1.5602E-01  1.6253E-01
  dy-162       1.0955E-01  1.0955E-01
  dy-163       6.6892E-02  6.6894E-02
  dy-164       1.4837E-02  1.4837E-02
  ho-165       2.0260E-02  2.0273E-02
------------
  totals       1.0001E+06  1.0001E+06
=========================================================================================================================
.
.
*************************************************************************************************************************
********************                                                                                 ********************
********************                                                                                 ********************
********************                    Written F71 File Information                                 ********************
********************                                                                                 ********************
********************                                                                                 ********************
*************************************************************************************************************************
.
.
   pos         time        power         flux      fluence       energy libpos   case   step DCGNAB
   (-)          (s)         (MW)    (n/cm2-s)      (n/cm2)        (MWd)    (-)    (-)    (-)    (-)
     1  4.75200e+07  0.00000e+00  0.00000e+00  1.40462e+22  1.76768e+04      1      2      0 DC----
     2  7.90800e+07  0.00000e+00  0.00000e+00  1.40462e+22  1.76768e+04      1      2      1 DC----
    D - state definition present
    C - concentrations present
    G - gamma emission spectra present
    N - neutron emission spectra present
    A - alpha emission spectra present
    B - beta emission spectra present
.
.
.
=========================================================================================================================
ORIGEN finished successfully.
=========================================================================================================================
    module origen used 0.397188 seconds cpu time for the current pass.

    module origen is finished. completion code    0. total cpu time used 3.26573e-006 seconds.


    SCALE is finished on Wed Feb 13 18:28:12 2019.
-------------------------- Summary --------------------------
arp finished. used 1.88818 seconds.
origen finished. used 0.399047 seconds.
SCALE driver required a maximum of 8.273 MiB of RAM.
------------------------ End Summary ------------------------

w17x17_100d.f33 copied to C:\Users\Teddy\Desktop\scale_test\output\w17x17_100d.f33.
discharge.f71 copied to C:\Users\Teddy\Desktop\scale_test\output\discharge.f71.
