 *******************************************************************************
 *                                                                             *
 *                                 SCALE 6.2.2                                 *
 *                                -------------                                *
 *                                February 2019                                *
 *                                                                             *
 *           SCALE:  A Comprehensive Modeling and Simulation Suite             *
 *                   for Nuclear Safety Analysis and Design                    *
 *                                                                             *
 *                      Reactor and Nuclear Systems Division                   *
 *                        Oak Ridge National Laboratory                        *
 *                                                                             *
 *                           http://scale.ornl.gov                             *
 *                            scalehelp@ornl.gov                               *
 *                                                                             *
 *******************************************************************************
 *******************************************************************************
      
                  Job Information
                  ---------------
      Job started on DESKTOP-J14NAA6 on Wed 13/02/2019 18:29:21
      Working directory: C:\Users\Teddy\AppData\Local\Temp\scale.Teddy.5352
      Input file name  : C:\Users\Teddy\Desktop\scale_test\output\2.800000_31111.111111.inp
      Output file name : C:\Users\Teddy\Desktop\scale_test\output\2.800000_31111.111111.out
      SCALE executable : C:\SCALE-6.2.2/bin/scale
      
 *******************************************************************************


    module arp will be called on Wed Feb 13 18:29:21 2019.
    sequence specification record:=arp
Input Data:

      'library type
      w17x17
      2.800000
      ' num cycles
      1
      ' num days per cycle
      550
      ' cycle average specific power (MW / MTU)
      56.565657
      ' number of interpolated cross section sets generated per cycle
      1
      ' moderator density (g/cc)
      0.723
      ' interpolated output ORIGEN library
      w17x17_100d.f33
end

1






        ************************************************************************************************************************
        ************************************************************************************************************************
        ************************************************************************************************************************
        *****                                                                                                              *****
        *****                                       program verification information                                       *****
        *****                                                                                                              *****
        *****                                   code system:  SCALE    version:  6.2                                       *****
        *****                                                                                                              *****
        ************************************************************************************************************************
        ************************************************************************************************************************
        *****                                                                                                              *****
        *****                                                                                                              *****
        *****              program:  arp.exe                                                                               *****
        *****                                                                                                              *****
        *****        creation date:   unknown                                                                              *****
        *****                                                                                                              *****
        *****              library:  C:\SCALE-6.2.2\bin                                                                    *****
        *****                                                                                                              *****
        *****                                                                                                              *****
        *****            prod code:  arp.exe                                                                               *****
        *****                                                                                                              *****
        *****              version:  6.2.2                                                                                 *****
        *****                                                                                                              *****
        *****              jobname:  Teddy                                                                                 *****
        *****                                                                                                              *****
        *****         machine name:  DESKTOP-J14NAA6                                                                       *****
        *****                                                                                                              *****
        *****    date of execution:  13_feb_2019                                                                           *****
        *****                                                                                                              *****
        *****    time of execution:  18:29:21.79                                                                           *****
        *****                                                                                                              *****
        *****                                                                                                              *****
        ************************************************************************************************************************
        ************************************************************************************************************************
        ************************************************************************************************************************


 'library type
    data library:       w17x17
       directory:       C:/SCALE-6.2.2/data/\arplibs
       definition:      C:/SCALE-6.2.2/data/\arpdata.txt
    u-235 enrichment:                        2.800

 ' num cycles
    number of cycles:                            1

 ' num days per cycle

 ' cycle average specific power (MW / MTU)

 ' number of interpolated cross section sets generated per cycle

 ' moderator density (g/cc)
    water density (g/cm3):                  0.7230
                                         cycle        cumulative      midpoint
   cycle time(d)        power(MW)      burnup(MWd/MTU)burnup(MWd/MTU)burnup(MWd/MTU)nlib
     1    550.000        56.5657        31111.1        31111.1        15555.6             1

 ' interpolated output ORIGEN library
    interpolated library name:                   w17x17_100d.f33
 interpolation type: spline
 Cross section library interpolation completed.
.
.
.
=========================================================================================================================
ARP finished successfully.
=========================================================================================================================
    module arp used 2.80662 seconds cpu time for the current pass.

    module arp is finished. completion code    0. total cpu time used 1.4929e-005 seconds.



    module origen will be called on Wed Feb 13 18:29:24 2019.
    sequence specification record:=origen
Input Data:

      case(irrad) {
          lib{
              file="w17x17_100d.f33" pos=1
          }
          mat {
              units=GRAMS
              iso=[u235=28000.000000 u238=972000.000000]
          }
          time = [ 550 ]
          power = [ 56.565657 ]
      }
      case (decay) {
          time {
              units=YEARS
              start=0
              t=[1]
          }
          save{ file="discharge.f71" steps=[0 LAST]}
      }
end

1






        ************************************************************************************************************************
        ************************************************************************************************************************
        ************************************************************************************************************************
        *****                                                                                                              *****
        *****                                       program verification information                                       *****
        *****                                                                                                              *****
        *****                                   code system:  SCALE    version:  6.2                                       *****
        *****                                                                                                              *****
        ************************************************************************************************************************
        ************************************************************************************************************************
        *****                                                                                                              *****
        *****                                                                                                              *****
        *****              program:  origen.exe                                                                            *****
        *****                                                                                                              *****
        *****        creation date:   unknown                                                                              *****
        *****                                                                                                              *****
        *****              library:  C:\SCALE-6.2.2\bin                                                                    *****
        *****                                                                                                              *****
        *****                                                                                                              *****
        *****            prod code:  origen.exe                                                                            *****
        *****                                                                                                              *****
        *****              version:  6.2.2                                                                                 *****
        *****                                                                                                              *****
        *****              jobname:  Teddy                                                                                 *****
        *****                                                                                                              *****
        *****         machine name:  DESKTOP-J14NAA6                                                                       *****
        *****                                                                                                              *****
        *****    date of execution:  13_feb_2019                                                                           *****
        *****                                                                                                              *****
        *****    time of execution:  18:29:24.59                                                                           *****
        *****                                                                                                              *****
        *****                                                                                                              *****
        ************************************************************************************************************************
        ************************************************************************************************************************
        ************************************************************************************************************************

*************************************************************************************************************************
********************                                                                                 ********************
********************                                                                                 ********************
********************                    USER INPUT SUMMARY                                           ********************
********************                                                                                 ********************
********************                                                                                 ********************
*************************************************************************************************************************
.
.
=========================================================================================================================
=   Case "irrad" (#1/2)                                                                                                 =
-------------------------------------------------------------------------------------------------------------------------
###   Library settings                                                                                                ###
.
                                Library file name:     C:/Users/Teddy/AppData/Local/Temp/scale.Teddy.5352/w17x17_100d.f33
                             Library set position:              1
                 Fission product reaction removal:             no
-------------------------------------------------------------------------------------------------------------------------
###   Global settings                                                                                                 ###
.
                                           Solver:              MATREX
                                             Mode:        forward
                             Fixed fission energy:             no
-------------------------------------------------------------------------------------------------------------------------
###   Concentrations output options                                                                                   ###
.
                            High-precision output:             no
                                  Relative cutoff:            yes
                         Step for applying cutoff:       integral
.
                      light els.   actinides  fis.prods.       total
                       nuc    el   nuc    el   nuc    el   nuc    el             cutoff
gram-atoms                                                                    1.000E-06
grams                                                      **                 1.000E-06
curies                                                                        1.000E-06
watts                                                                         1.000E-06
gamma watts                                                                   1.000E-06
m3 air                                                                        1.000E-06
m3 water                                                                      1.000E-06
grams ppm                                                                     1.000E-06
atoms ppm                                                                     1.000E-06
atoms/barn-cm                                                                 1.000E-06
becquerels                                                                    1.000E-06
-------------------------------------------------------------------------------------------------------------------------
###   Additional output options                                                                                       ###
.
                                      Print k-inf:             no
           Nuclides for absorption fraction print:           none
                              Print fission rates:             no
            Step for sorting absorption fractions:              1
=========================================================================================================================
=   Case "decay" (#2/2)                                                                                                 =
-------------------------------------------------------------------------------------------------------------------------
###   Library settings                                                                                                ###
.
                                Library file name:     C:/Users/Teddy/AppData/Local/Temp/scale.Teddy.5352/w17x17_100d.f33
                             Library set position:              1
                 Fission product reaction removal:             no
-------------------------------------------------------------------------------------------------------------------------
###   Global settings                                                                                                 ###
.
                                           Solver:              MATREX
                                             Mode:        forward
                             Fixed fission energy:             no
-------------------------------------------------------------------------------------------------------------------------
###   Concentrations output options                                                                                   ###
.
                            High-precision output:             no
                                  Relative cutoff:            yes
                         Step for applying cutoff:       integral
.
                      light els.   actinides  fis.prods.       total
                       nuc    el   nuc    el   nuc    el   nuc    el             cutoff
gram-atoms                                                                    1.000E-06
grams                                                      **                 1.000E-06
curies                                                                        1.000E-06
watts                                                                         1.000E-06
gamma watts                                                                   1.000E-06
m3 air                                                                        1.000E-06
m3 water                                                                      1.000E-06
grams ppm                                                                     1.000E-06
atoms ppm                                                                     1.000E-06
atoms/barn-cm                                                                 1.000E-06
becquerels                                                                    1.000E-06
-------------------------------------------------------------------------------------------------------------------------
###   Additional output options                                                                                       ###
.
                                      Print k-inf:             no
           Nuclides for absorption fraction print:           none
                              Print fission rates:             no
            Step for sorting absorption fractions:              1
=========================================================================================================================
###   Blending information                                                                                            ###
.
  --- no blending requested in this job ---
=========================================================================================================================
.
.
=========================================================================================================================
=   History overview for case 'irrad' (#1/2)                                                                            =
-------------------------------------------------------------------------------------------------------------------------
   step          t0          t1          dt           t        flux     fluence       power      energy
    (-)         (d)         (d)         (s)         (s)   (n/cm2-s)     (n/cm2)        (MW)       (MWd)
      1      0.0000    550.0000  4.7520E+07  4.7520E+07  5.6044E+14  2.6632E+22  5.6566E+01  3.1111E+04
          
              step - step index within this case
                t0 - time at beginning-of-step in input units
                t1 - time at end-of-step in input units
                dt - length of step in seconds
                 t - end-of-step cumulative time in seconds
              flux - flux in neutrons/cm^2-sec (CALCULATED)
           fluence - cumulative end-of-step fluence in neutrons/cm^2 (CALCULATED)
             power - power in mega-watts (INPUT)     
            energy - cumulative end-of-step energy released in mega-watt-days (INPUT)     
=========================================================================================================================
.
.
.
.
.
*************************************************************************************************************************
********************                                                                                 ********************
********************                                                                                 ********************
********************                    Library information                                          ********************
********************                                                                                 ********************
********************                                                                                 ********************
*************************************************************************************************************************
.
.
=========================================================================================================================
=   Library summary for case 'irrad' (#1/2)                                                                             =
-------------------------------------------------------------------------------------------------------------------------
filename: C:/Users/Teddy/AppData/Local/Temp/scale.Teddy.5352/w17x17_100d.f33 cross-section data taken from position number: 1
library title delimited by {}: 
{}
date library was produced: 538976288/538976288/538976288
total number of nuclides in library: 2237
number of light-element nuclides: 910
number of actinide nuclides: 176
number of fission product nuclides: 1151
number of nonzero off-diagonal matrix elements: 54564
=========================================================================================================================
.
.
*************************************************************************************************************************
********************                                                                                 ********************
********************                                                                                 ********************
********************                    Concentration tables                                         ********************
********************                                                                                 ********************
********************                                                                                 ********************
*************************************************************************************************************************
.
.
=========================================================================================================================
=   Nuclide concentrations in grams for case 'irrad' (#1/2)                                                             =
-------------------------------------------------------------------------------------------------------------------------
  (relative cutoff; integral of concentrations over time >   1.00E-06 % of integral of all concentrations over time)
.
                   0.000d    550.000d   
  h-3          0.0000E+00  4.9747E-02
  he-4         0.0000E+00  1.2560E+00
  u-234        0.0000E+00  1.5968E+00
  u-235        2.8000E+04  6.6983E+03
  u-236        0.0000E+00  3.5113E+03
  u-237        0.0000E+00  1.3371E+01
  u-238        9.7200E+05  9.4643E+05
  u-239        0.0000E+00  9.6841E-01
  np-237       0.0000E+00  3.6988E+02
  np-238       0.0000E+00  1.8548E+00
  np-239       0.0000E+00  1.3967E+02
  pu-238       0.0000E+00  1.2919E+02
  pu-239       0.0000E+00  5.1412E+03
  pu-240       0.0000E+00  2.0447E+03
  pu-241       0.0000E+00  1.5351E+03
  pu-242       0.0000E+00  5.9170E+02
  pu-243       0.0000E+00  2.6100E-01
  pu-244       0.0000E+00  3.4497E-02
  am-241       0.0000E+00  2.3537E+01
  am-242m      0.0000E+00  3.9989E-01
  am-242       0.0000E+00  1.2077E-01
  am-243       0.0000E+00  1.0638E+02
  cm-242       0.0000E+00  1.1673E+01
  cm-243       0.0000E+00  2.7210E-01
  cm-244       0.0000E+00  3.4945E+01
  cm-245       0.0000E+00  1.7485E+00
  cm-246       0.0000E+00  1.7377E-01
  ge-73        0.0000E+00  2.0114E-02
  ge-74        0.0000E+00  5.1354E-02
  as-75        0.0000E+00  1.2251E-01
  ge-76        0.0000E+00  3.1913E-01
  se-77        0.0000E+00  7.4908E-01
  se-78        0.0000E+00  2.1785E+00
  se-79        0.0000E+00  4.6410E+00
  se-80        0.0000E+00  1.2037E+01
  br-81        0.0000E+00  2.0138E+01
  se-82        0.0000E+00  3.1647E+01
  kr-82        0.0000E+00  5.9213E-01
  kr-83        0.0000E+00  3.8494E+01
  kr-84        0.0000E+00  1.0312E+02
  kr-85        0.0000E+00  2.4000E+01
  kr-85m       0.0000E+00  3.8948E-02
  rb-85        0.0000E+00  9.1528E+01
  kr-86        0.0000E+00  1.7257E+02
  rb-86        0.0000E+00  3.2935E-02
  sr-86        0.0000E+00  3.5990E-01
  kr-87        0.0000E+00  2.1359E-02
  rb-87        0.0000E+00  2.2686E+02
  kr-88        0.0000E+00  6.4195E-02
  sr-88        0.0000E+00  3.1483E+02
  sr-89        0.0000E+00  3.7179E+01
  y-89         0.0000E+00  3.9233E+02
  sr-90        0.0000E+00  5.0702E+02
  y-90         0.0000E+00  1.3814E-01
  zr-90        0.0000E+00  1.1197E+01
  sr-91        0.0000E+00  4.0424E-01
  y-91         0.0000E+00  6.5113E+01
  y-91m        0.0000E+00  2.0469E-02
  zr-91        0.0000E+00  4.8611E+02
  sr-92        0.0000E+00  1.2698E-01
  y-92         0.0000E+00  1.6779E-01
  zr-92        0.0000E+00  6.0284E+02
  y-93         0.0000E+00  5.6764E-01
  zr-93        0.0000E+00  6.7037E+02
  zr-94        0.0000E+00  7.2206E+02
  zr-95        0.0000E+00  1.0856E+02
  nb-95        0.0000E+00  5.9041E+01
  nb-95m       0.0000E+00  6.6218E-02
  mo-95        0.0000E+00  6.1401E+02
  zr-96        0.0000E+00  7.7137E+02
  mo-96        0.0000E+00  3.2940E+01
  zr-97        0.0000E+00  1.1968E+00
  nb-97        0.0000E+00  8.6543E-02
  mo-97        0.0000E+00  7.7007E+02
  mo-98        0.0000E+00  8.0036E+02
  mo-99        0.0000E+00  5.4334E+00
  tc-99        0.0000E+00  7.6754E+02
  tc-99m       0.0000E+00  4.3668E-01
  ru-99        0.0000E+00  2.7828E-02
  mo-100       0.0000E+00  9.0918E+02
  ru-100       0.0000E+00  8.8926E+01
  ru-101       0.0000E+00  7.6098E+02
  ru-102       0.0000E+00  7.8286E+02
  ru-103       0.0000E+00  7.6252E+01
  rh-103       0.0000E+00  4.5305E+02
  rh-103m      0.0000E+00  7.4871E-02
  tc-104       0.0000E+00  2.1413E-02
  ru-104       0.0000E+00  5.6683E+02
  pd-104       0.0000E+00  2.2381E+02
  ru-105       0.0000E+00  2.7171E-01
  rh-105       0.0000E+00  1.8841E+00
  pd-105       0.0000E+00  3.7911E+02
  ru-106       0.0000E+00  2.2448E+02
  pd-106       0.0000E+00  1.8825E+02
  pd-107       0.0000E+00  2.3388E+02
  pd-108       0.0000E+00  1.5471E+02
  pd-109       0.0000E+00  2.7786E-01
  ag-109       0.0000E+00  8.3055E+01
  pd-110       0.0000E+00  5.1055E+01
  ag-110m      0.0000E+00  7.3157E-01
  cd-110       0.0000E+00  3.4115E+01
  ag-111       0.0000E+00  7.1097E-01
  cd-111       0.0000E+00  2.4762E+01
  pd-112       0.0000E+00  3.6377E-02
  cd-112       0.0000E+00  1.2806E+01
  cd-113       0.0000E+00  1.1793E-01
  cd-114       0.0000E+00  1.5065E+01
  cd-115       0.0000E+00  3.3119E-02
  cd-115m      0.0000E+00  4.0745E-02
  in-115       0.0000E+00  1.9185E+00
  sn-115       0.0000E+00  2.3876E-01
  cd-116       0.0000E+00  5.5382E+00
  sn-116       0.0000E+00  3.2207E+00
  sn-117       0.0000E+00  5.0240E+00
  sn-118       0.0000E+00  4.6729E+00
  sn-119       0.0000E+00  4.5181E+00
  sn-119m      0.0000E+00  8.6382E-02
  sn-120       0.0000E+00  4.6467E+00
  sn-121m      0.0000E+00  3.7063E-01
  sb-121       0.0000E+00  4.4580E+00
  sn-122       0.0000E+00  5.9333E+00
  te-122       0.0000E+00  3.0316E-01
  sn-123       0.0000E+00  2.9090E-01
  sb-123       0.0000E+00  5.5798E+00
  sn-124       0.0000E+00  9.4133E+00
  sb-124       0.0000E+00  6.3595E-02
  te-124       0.0000E+00  1.7775E-01
  sn-125       0.0000E+00  1.5120E-01
  sb-125       0.0000E+00  1.0518E+01
  te-125       0.0000E+00  1.8757E+00
  te-125m      0.0000E+00  1.1855E-01
  sn-126       0.0000E+00  2.0563E+01
  te-126       0.0000E+00  5.0376E-01
  sb-127       0.0000E+00  5.5238E-01
  te-127       0.0000E+00  4.9097E-02
  te-127m      0.0000E+00  8.0178E-01
  i-127        0.0000E+00  4.2583E+01
  te-128       0.0000E+00  9.4511E+01
  xe-128       0.0000E+00  2.4214E+00
  sb-129       0.0000E+00  7.8881E-02
  te-129m      0.0000E+00  2.3631E+00
  i-129        0.0000E+00  1.5457E+02
  te-130       0.0000E+00  3.6827E+02
  xe-130       0.0000E+00  6.1838E+00
  te-131       0.0000E+00  2.1440E-02
  te-131m      0.0000E+00  4.0546E-01
  i-131        0.0000E+00  1.1692E+01
  xe-131       0.0000E+00  4.1998E+02
  xe-131m      0.0000E+00  2.0477E-01
  te-132       0.0000E+00  6.5829E+00
  i-132        0.0000E+00  2.0208E-01
  xe-132       0.0000E+00  1.0608E+03
  te-133m      0.0000E+00  5.4981E-02
  i-133        0.0000E+00  2.5479E+00
  xe-133       0.0000E+00  1.5415E+01
  xe-133m      0.0000E+00  2.0078E-01
  cs-133       0.0000E+00  1.0907E+03
  te-134       0.0000E+00  7.3189E-02
  i-134        0.0000E+00  1.1996E-01
  xe-134       0.0000E+00  1.4730E+03
  cs-134       0.0000E+00  1.3145E+02
  ba-134       0.0000E+00  2.4539E+01
  i-135        0.0000E+00  7.8379E-01
  xe-135       0.0000E+00  1.8385E-01
  cs-135       0.0000E+00  2.1556E+02
  ba-135       0.0000E+00  1.4568E-01
  xe-136       0.0000E+00  2.3973E+03
  cs-136       0.0000E+00  6.3843E-01
  ba-136       0.0000E+00  1.2904E+01
  cs-137       0.0000E+00  1.2010E+03
  ba-137       0.0000E+00  2.2017E+01
  xe-138       0.0000E+00  2.4758E-02
  cs-138       0.0000E+00  6.4557E-02
  ba-138       0.0000E+00  1.2535E+03
  ba-139       0.0000E+00  1.5398E-01
  la-139       0.0000E+00  1.1740E+03
  ba-140       0.0000E+00  3.2799E+01
  la-140       0.0000E+00  4.4512E+00
  ce-140       0.0000E+00  1.1530E+03
  ba-141       0.0000E+00  3.0763E-02
  la-141       0.0000E+00  3.9916E-01
  ce-141       0.0000E+00  7.8500E+01
  pr-141       0.0000E+00  1.0312E+03
  la-142       0.0000E+00  1.4851E-01
  ce-142       0.0000E+00  1.0863E+03
  pr-142       0.0000E+00  7.7210E-02
  nd-142       0.0000E+00  1.9216E+01
  la-143       0.0000E+00  2.2144E-02
  ce-143       0.0000E+00  3.1145E+00
  pr-143       0.0000E+00  3.0416E+01
  nd-143       0.0000E+00  7.3706E+02
  ce-144       0.0000E+00  5.0455E+02
  pr-144       0.0000E+00  2.1507E-02
  nd-144       0.0000E+00  7.6256E+02
  pr-145       0.0000E+00  3.9285E-01
  nd-145       0.0000E+00  6.4742E+02
  pr-146       0.0000E+00  2.1607E-02
  nd-146       0.0000E+00  6.6259E+02
  nd-147       0.0000E+00  1.1010E+01
  pm-147       0.0000E+00  1.9450E+02
  sm-147       0.0000E+00  4.1748E+01
  nd-148       0.0000E+00  3.6713E+02
  pm-148       0.0000E+00  1.9236E+00
  pm-148m      0.0000E+00  1.5312E+00
  sm-148       0.0000E+00  1.1343E+02
  nd-149       0.0000E+00  4.4803E-02
  pm-149       0.0000E+00  2.0585E+00
  sm-149       0.0000E+00  2.1454E+00
  nd-150       0.0000E+00  1.7571E+02
  sm-150       0.0000E+00  2.9990E+02
  pm-151       0.0000E+00  4.0337E-01
  sm-151       0.0000E+00  1.1283E+01
  sm-152       0.0000E+00  1.0762E+02
  sm-153       0.0000E+00  1.5607E+00
  eu-153       0.0000E+00  1.1601E+02
  sm-154       0.0000E+00  3.9621E+01
  eu-154       0.0000E+00  2.4881E+01
  gd-154       0.0000E+00  1.0946E+00
  eu-155       0.0000E+00  8.8710E+00
  gd-155       0.0000E+00  3.7853E-02
  eu-156       0.0000E+00  7.6338E+00
  gd-156       0.0000E+00  9.0137E+01
  eu-157       0.0000E+00  3.4154E-02
  gd-157       0.0000E+00  1.0936E-01
  gd-158       0.0000E+00  2.0272E+01
  tb-159       0.0000E+00  2.5724E+00
  gd-160       0.0000E+00  1.1391E+00
  tb-160       0.0000E+00  1.2392E-01
  dy-160       0.0000E+00  1.6579E-01
  dy-161       0.0000E+00  3.7221E-01
  dy-162       0.0000E+00  2.8856E-01
  dy-163       0.0000E+00  2.1988E-01
  dy-164       0.0000E+00  4.7206E-02
  ho-165       0.0000E+00  8.4437E-02
  er-166       0.0000E+00  2.3930E-02
------------
  totals       1.0000E+06  1.0002E+06
=========================================================================================================================
.
.
=========================================================================================================================
=   History overview for case 'decay' (#2/2)                                                                            =
-------------------------------------------------------------------------------------------------------------------------
   step          t0          t1          dt           t        flux     fluence       power      energy
    (-)         (y)         (y)         (s)         (s)   (n/cm2-s)     (n/cm2)        (MW)       (MWd)
      1      1.5057      2.5057  3.1560E+07  7.9080E+07  0.0000E+00  2.6632E+22  0.0000E+00  3.1111E+04
          
              step - step index within this case
                t0 - time at beginning-of-step in input units
                t1 - time at end-of-step in input units
                dt - length of step in seconds
                 t - end-of-step cumulative time in seconds
              flux - flux in neutrons/cm^2-sec (CALCULATED)
           fluence - cumulative end-of-step fluence in neutrons/cm^2 (CALCULATED)
             power - power in mega-watts (INPUT)     
            energy - cumulative end-of-step energy released in mega-watt-days (INPUT)     
=========================================================================================================================
.
.
.
.
.
*************************************************************************************************************************
********************                                                                                 ********************
********************                                                                                 ********************
********************                    Library information                                          ********************
********************                                                                                 ********************
********************                                                                                 ********************
*************************************************************************************************************************
.
.
=========================================================================================================================
=   Library summary for case 'decay' (#2/2)                                                                             =
-------------------------------------------------------------------------------------------------------------------------
filename: C:/Users/Teddy/AppData/Local/Temp/scale.Teddy.5352/w17x17_100d.f33 cross-section data taken from position number: 1
library title delimited by {}: 
{}
date library was produced: 538976288/538976288/538976288
total number of nuclides in library: 2237
number of light-element nuclides: 910
number of actinide nuclides: 176
number of fission product nuclides: 1151
number of nonzero off-diagonal matrix elements: 54564
=========================================================================================================================
.
.
*************************************************************************************************************************
********************                                                                                 ********************
********************                                                                                 ********************
********************                    Concentration tables                                         ********************
********************                                                                                 ********************
********************                                                                                 ********************
*************************************************************************************************************************
.
.
=========================================================================================================================
=   Nuclide concentrations in grams for case 'decay' (#2/2)                                                             =
-------------------------------------------------------------------------------------------------------------------------
  (relative cutoff; integral of concentrations over time >   1.00E-06 % of integral of all concentrations over time)
.
                   1.506y      2.506y   
  h-3          4.9747E-02  4.7025E-02
  he-4         1.2560E+00  1.4572E+00
  u-234        1.5968E+00  2.6554E+00
  u-235        6.6983E+03  6.6985E+03
  u-236        3.5113E+03  3.5115E+03
  u-237        1.3371E+01  4.5625E-05
  u-238        9.4643E+05  9.4643E+05
  u-239        9.6841E-01  0.0000E+00
  np-237       3.6988E+02  3.8335E+02
  np-238       1.8548E+00  7.3842E-08
  np-239       1.3967E+02  9.1789E-05
  pu-238       1.2919E+02  1.3910E+02
  pu-239       5.1412E+03  5.2817E+03
  pu-240       2.0447E+03  2.0458E+03
  pu-241       1.5351E+03  1.4624E+03
  pu-242       5.9170E+02  5.9172E+02
  pu-243       2.6100E-01  5.8570E-14
  pu-244       3.4497E-02  3.4500E-02
  am-241       2.3537E+01  9.6130E+01
  am-242m      3.9989E-01  3.9793E-01
  am-242       1.2077E-01  5.1342E-06
  am-243       1.0638E+02  1.0663E+02
  cm-242       1.1673E+01  2.4899E+00
  cm-243       2.7210E-01  2.6570E-01
  cm-244       3.4945E+01  3.3651E+01
  cm-245       1.7485E+00  1.7483E+00
  cm-246       1.7377E-01  1.7375E-01
  ge-73        2.0114E-02  2.0125E-02
  ge-74        5.1354E-02  5.1355E-02
  as-75        1.2251E-01  1.2253E-01
  ge-76        3.1913E-01  3.1913E-01
  se-77        7.4908E-01  7.5250E-01
  se-78        2.1785E+00  2.1791E+00
  se-79        4.6410E+00  4.6411E+00
  se-80        1.2037E+01  1.2037E+01
  br-81        2.0138E+01  2.0139E+01
  se-82        3.1647E+01  3.1647E+01
  kr-82        5.9213E-01  5.9637E-01
  kr-83        3.8494E+01  3.8513E+01
  kr-84        1.0312E+02  1.0313E+02
  kr-85        2.4000E+01  2.2510E+01
  kr-85m       3.8948E-02  0.0000E+00
  rb-85        9.1528E+01  9.3058E+01
  kr-86        1.7257E+02  1.7257E+02
  rb-86        3.2935E-02  4.1271E-08
  sr-86        3.5990E-01  3.9283E-01
  kr-87        2.1359E-02  0.0000E+00
  rb-87        2.2686E+02  2.2688E+02
  kr-88        6.4195E-02  0.0000E+00
  sr-88        3.1483E+02  3.1490E+02
  sr-89        3.7179E+01  2.4789E-01
  y-89         3.9233E+02  4.2927E+02
  sr-90        5.0702E+02  4.9496E+02
  y-90         1.3814E-01  1.2555E-01
  zr-90        1.1197E+01  2.3272E+01
  sr-91        4.0424E-01  0.0000E+00
  y-91         6.5113E+01  8.6531E-01
  y-91m        2.0469E-02  0.0000E+00
  zr-91        4.8611E+02  5.5078E+02
  sr-92        1.2698E-01  0.0000E+00
  y-92         1.6779E-01  0.0000E+00
  zr-92        6.0284E+02  6.0313E+02
  y-93         5.6764E-01  0.0000E+00
  zr-93        6.7037E+02  6.7094E+02
  zr-94        7.2206E+02  7.2208E+02
  zr-95        1.0856E+02  2.0818E+00
  nb-95        5.9041E+01  2.5361E+00
  nb-95m       6.6218E-02  1.3436E-03
  mo-95        6.1401E+02  7.7715E+02
  zr-96        7.7137E+02  7.7137E+02
  mo-96        3.2940E+01  3.2948E+01
  zr-97        1.1968E+00  0.0000E+00
  nb-97        8.6543E-02  0.0000E+00
  mo-97        7.7007E+02  7.7135E+02
  mo-98        8.0036E+02  8.0036E+02
  mo-99        5.4334E+00  0.0000E+00
  tc-99        7.6754E+02  7.7341E+02
  tc-99m       4.3668E-01  0.0000E+00
  ru-99        2.7828E-02  3.0560E-02
  mo-100       9.0918E+02  9.0919E+02
  ru-100       8.8926E+01  8.8926E+01
  ru-101       7.6098E+02  7.6102E+02
  ru-102       7.8286E+02  7.8287E+02
  ru-103       7.6252E+01  1.2037E-01
  rh-103       4.5305E+02  5.2925E+02
  rh-103m      7.4871E-02  1.1823E-04
  tc-104       2.1413E-02  0.0000E+00
  ru-104       5.6683E+02  5.6686E+02
  pd-104       2.2381E+02  2.2381E+02
  ru-105       2.7171E-01  0.0000E+00
  rh-105       1.8841E+00  0.0000E+00
  pd-105       3.7911E+02  3.8127E+02
  ru-106       2.2448E+02  1.1361E+02
  pd-106       1.8825E+02  2.9912E+02
  pd-107       2.3388E+02  2.3389E+02
  pd-108       1.5471E+02  1.5471E+02
  pd-109       2.7786E-01  0.0000E+00
  ag-109       8.3055E+01  8.3333E+01
  pd-110       5.1055E+01  5.1055E+01
  ag-110m      7.3157E-01  2.6545E-01
  cd-110       3.4115E+01  3.4581E+01
  ag-111       7.1097E-01  1.2389E-15
  cd-111       2.4762E+01  2.5474E+01
  pd-112       3.6377E-02  0.0000E+00
  cd-112       1.2806E+01  1.2848E+01
  cd-113       1.1793E-01  1.2218E-01
  cd-114       1.5065E+01  1.5065E+01
  cd-115       3.3119E-02  0.0000E+00
  cd-115m      4.0745E-02  1.3884E-04
  in-115       1.9185E+00  1.9935E+00
  sn-115       2.3876E-01  2.4057E-01
  cd-116       5.5382E+00  5.5382E+00
  sn-116       3.2207E+00  3.2210E+00
  sn-117       5.0240E+00  5.0272E+00
  sn-118       4.6729E+00  4.6733E+00
  sn-119       4.5181E+00  4.5682E+00
  sn-119m      8.6382E-02  3.6403E-02
  sn-120       4.6467E+00  4.6467E+00
  sn-121m      3.7063E-01  3.6482E-01
  sb-121       4.4580E+00  4.4786E+00
  sn-122       5.9333E+00  5.9334E+00
  te-122       3.0316E-01  3.0768E-01
  sn-123       2.9090E-01  4.0988E-02
  sb-123       5.5798E+00  5.8301E+00
  sn-124       9.4133E+00  9.4133E+00
  sb-124       6.3595E-02  9.4806E-04
  te-124       1.7775E-01  2.4040E-01
  sn-125       1.5120E-01  5.9273E-13
  sb-125       1.0518E+01  8.2993E+00
  te-125       1.8757E+00  4.2484E+00
  te-125m      1.1855E-01  1.1534E-01
  sn-126       2.0563E+01  2.0563E+01
  te-126       5.0376E-01  5.1159E-01
  sb-127       5.5238E-01  0.0000E+00
  te-127       4.9097E-02  3.0787E-04
  te-127m      8.0178E-01  8.7941E-02
  i-127        4.2583E+01  4.3906E+01
  te-128       9.4511E+01  9.4529E+01
  xe-128       2.4214E+00  2.4216E+00
  sb-129       7.8881E-02  0.0000E+00
  te-129m      2.3631E+00  1.2679E-03
  i-129        1.5457E+02  1.5703E+02
  xe-129       1.5468E-02  1.5602E-02
  te-130       3.6827E+02  3.6828E+02
  xe-130       6.1838E+00  6.1991E+00
  te-131       2.1440E-02  0.0000E+00
  te-131m      4.0546E-01  0.0000E+00
  i-131        1.1692E+01  2.4281E-13
  xe-131       4.1998E+02  4.3233E+02
  xe-131m      2.0477E-01  3.1756E-10
  te-132       6.5829E+00  0.0000E+00
  i-132        2.0208E-01  0.0000E+00
  xe-132       1.0608E+03  1.0676E+03
  te-133m      5.4981E-02  0.0000E+00
  i-133        2.5479E+00  0.0000E+00
  xe-133       1.5415E+01  2.0185E-20
  xe-133m      2.0078E-01  0.0000E+00
  cs-133       1.0907E+03  1.1089E+03
  te-134       7.3189E-02  0.0000E+00
  i-134        1.1996E-01  0.0000E+00
  xe-134       1.4730E+03  1.4732E+03
  cs-134       1.3145E+02  9.3976E+01
  ba-134       2.4539E+01  6.2022E+01
  i-135        7.8379E-01  0.0000E+00
  xe-135       1.8385E-01  0.0000E+00
  cs-135       2.1556E+02  2.1653E+02
  ba-135       1.4568E-01  1.4587E-01
  xe-136       2.3973E+03  2.3973E+03
  cs-136       6.3843E-01  2.8149E-09
  ba-136       1.2904E+01  1.3542E+01
  cs-137       1.2010E+03  1.1736E+03
  ba-137       2.2017E+01  4.9378E+01
  xe-138       2.4758E-02  0.0000E+00
  cs-138       6.4557E-02  0.0000E+00
  ba-138       1.2535E+03  1.2536E+03
  la-138       1.2816E-02  1.2816E-02
  ba-139       1.5398E-01  0.0000E+00
  la-139       1.1740E+03  1.1742E+03
  ba-140       3.2799E+01  7.8264E-08
  la-140       4.4512E+00  1.1862E-08
  ce-140       1.1530E+03  1.1902E+03
  ba-141       3.0763E-02  0.0000E+00
  la-141       3.9916E-01  0.0000E+00
  ce-141       7.8500E+01  3.2711E-02
  pr-141       1.0312E+03  1.1101E+03
  la-142       1.4851E-01  0.0000E+00
  ce-142       1.0863E+03  1.0865E+03
  pr-142       7.7210E-02  0.0000E+00
  nd-142       1.9216E+01  1.9293E+01
  la-143       2.2144E-02  0.0000E+00
  ce-143       3.1145E+00  0.0000E+00
  pr-143       3.0416E+01  2.6735E-07
  nd-143       7.3706E+02  7.7061E+02
  ce-144       5.0455E+02  2.0747E+02
  pr-144       2.1507E-02  8.7390E-03
  nd-144       7.6256E+02  1.0596E+03
  pr-145       3.9285E-01  0.0000E+00
  nd-145       6.4742E+02  6.4781E+02
  pr-146       2.1607E-02  0.0000E+00
  nd-146       6.6259E+02  6.6262E+02
  nd-147       1.1010E+01  1.0656E-09
  pm-147       1.9450E+02  1.5790E+02
  sm-147       4.1748E+01  8.9375E+01
  nd-148       3.6713E+02  3.6713E+02
  pm-148       1.9236E+00  2.0874E-05
  pm-148m      1.5312E+00  3.3259E-03
  sm-148       1.1343E+02  1.1688E+02
  nd-149       4.4803E-02  0.0000E+00
  pm-149       2.0585E+00  0.0000E+00
  sm-149       2.1454E+00  4.2496E+00
  nd-150       1.7571E+02  1.7571E+02
  sm-150       2.9990E+02  2.9990E+02
  pm-151       4.0337E-01  0.0000E+00
  sm-151       1.1283E+01  1.1600E+01
  eu-151       7.0447E-03  9.6721E-02
  sm-152       1.0762E+02  1.0762E+02
  gd-152       1.1515E-02  1.1612E-02
  sm-153       1.5607E+00  0.0000E+00
  eu-153       1.1601E+02  1.1757E+02
  sm-154       3.9621E+01  3.9622E+01
  eu-154       2.4881E+01  2.2954E+01
  gd-154       1.0946E+00  3.0209E+00
  eu-155       8.8710E+00  7.6681E+00
  gd-155       3.7853E-02  1.2419E+00
  eu-156       7.6338E+00  4.4143E-07
  gd-156       9.0137E+01  9.7790E+01
  eu-157       3.4154E-02  0.0000E+00
  gd-157       1.0936E-01  1.4369E-01
  gd-158       2.0272E+01  2.0273E+01
  tb-159       2.5724E+00  2.5822E+00
  gd-160       1.1391E+00  1.1391E+00
  tb-160       1.2392E-01  3.7346E-03
  dy-160       1.6579E-01  2.8598E-01
  dy-161       3.7221E-01  3.9149E-01
  dy-162       2.8856E-01  2.8857E-01
  dy-163       2.1988E-01  2.1989E-01
  dy-164       4.7206E-02  4.7206E-02
  ho-165       8.4437E-02  8.4504E-02
  er-166       2.3930E-02  2.4224E-02
------------
  totals       1.0002E+06  1.0002E+06
=========================================================================================================================
.
.
*************************************************************************************************************************
********************                                                                                 ********************
********************                                                                                 ********************
********************                    Written F71 File Information                                 ********************
********************                                                                                 ********************
********************                                                                                 ********************
*************************************************************************************************************************
.
.
   pos         time        power         flux      fluence       energy libpos   case   step DCGNAB
   (-)          (s)         (MW)    (n/cm2-s)      (n/cm2)        (MWd)    (-)    (-)    (-)    (-)
     1  4.75200e+07  0.00000e+00  0.00000e+00  2.66321e+22  3.11111e+04      1      2      0 DC----
     2  7.90800e+07  0.00000e+00  0.00000e+00  2.66321e+22  3.11111e+04      1      2      1 DC----
    D - state definition present
    C - concentrations present
    G - gamma emission spectra present
    N - neutron emission spectra present
    A - alpha emission spectra present
    B - beta emission spectra present
.
.
.
=========================================================================================================================
ORIGEN finished successfully.
=========================================================================================================================
    module origen used 0.967302 seconds cpu time for the current pass.

    module origen is finished. completion code    0. total cpu time used 5.13186e-006 seconds.


    SCALE is finished on Wed Feb 13 18:29:25 2019.
-------------------------- Summary --------------------------
arp finished. used 2.81898 seconds.
origen finished. used 0.969849 seconds.
SCALE driver required a maximum of 8.293 MiB of RAM.
------------------------ End Summary ------------------------

w17x17_100d.f33 copied to C:\Users\Teddy\Desktop\scale_test\output\w17x17_100d.f33.
discharge.f71 copied to C:\Users\Teddy\Desktop\scale_test\output\discharge.f71.
