 *******************************************************************************
 *                                                                             *
 *                                 SCALE 6.2.2                                 *
 *                                -------------                                *
 *                                February 2019                                *
 *                                                                             *
 *           SCALE:  A Comprehensive Modeling and Simulation Suite             *
 *                   for Nuclear Safety Analysis and Design                    *
 *                                                                             *
 *                      Reactor and Nuclear Systems Division                   *
 *                        Oak Ridge National Laboratory                        *
 *                                                                             *
 *                           http://scale.ornl.gov                             *
 *                            scalehelp@ornl.gov                               *
 *                                                                             *
 *******************************************************************************
 *******************************************************************************
      
                  Job Information
                  ---------------
      Job started on DESKTOP-J14NAA6 on Wed 13/02/2019 18:32:22
      Working directory: C:\Users\Teddy\AppData\Local\Temp\scale.Teddy.8932
      Input file name  : C:\Users\Teddy\Desktop\scale_test\output\2.800000_63636.363636.inp
      Output file name : C:\Users\Teddy\Desktop\scale_test\output\2.800000_63636.363636.out
      SCALE executable : C:\SCALE-6.2.2/bin/scale
      
 *******************************************************************************


    module arp will be called on Wed Feb 13 18:32:23 2019.
    sequence specification record:=arp
Input Data:

      'library type
      w17x17
      2.800000
      ' num cycles
      1
      ' num days per cycle
      550
      ' cycle average specific power (MW / MTU)
      115.702479
      ' number of interpolated cross section sets generated per cycle
      1
      ' moderator density (g/cc)
      0.723
      ' interpolated output ORIGEN library
      w17x17_100d.f33
end

1






        ************************************************************************************************************************
        ************************************************************************************************************************
        ************************************************************************************************************************
        *****                                                                                                              *****
        *****                                       program verification information                                       *****
        *****                                                                                                              *****
        *****                                   code system:  SCALE    version:  6.2                                       *****
        *****                                                                                                              *****
        ************************************************************************************************************************
        ************************************************************************************************************************
        *****                                                                                                              *****
        *****                                                                                                              *****
        *****              program:  arp.exe                                                                               *****
        *****                                                                                                              *****
        *****        creation date:   unknown                                                                              *****
        *****                                                                                                              *****
        *****              library:  C:\SCALE-6.2.2\bin                                                                    *****
        *****                                                                                                              *****
        *****                                                                                                              *****
        *****            prod code:  arp.exe                                                                               *****
        *****                                                                                                              *****
        *****              version:  6.2.2                                                                                 *****
        *****                                                                                                              *****
        *****              jobname:  Teddy                                                                                 *****
        *****                                                                                                              *****
        *****         machine name:  DESKTOP-J14NAA6                                                                       *****
        *****                                                                                                              *****
        *****    date of execution:  13_feb_2019                                                                           *****
        *****                                                                                                              *****
        *****    time of execution:  18:32:23.38                                                                           *****
        *****                                                                                                              *****
        *****                                                                                                              *****
        ************************************************************************************************************************
        ************************************************************************************************************************
        ************************************************************************************************************************


 'library type
    data library:       w17x17
       directory:       C:/SCALE-6.2.2/data/\arplibs
       definition:      C:/SCALE-6.2.2/data/\arpdata.txt
    u-235 enrichment:                        2.800

 ' num cycles
    number of cycles:                            1

 ' num days per cycle

 ' cycle average specific power (MW / MTU)

 ' number of interpolated cross section sets generated per cycle

 ' moderator density (g/cc)
    water density (g/cm3):                  0.7230
                                         cycle        cumulative      midpoint
   cycle time(d)        power(MW)      burnup(MWd/MTU)burnup(MWd/MTU)burnup(MWd/MTU)nlib
     1    550.000        115.702        63636.4        63636.4        31818.2             1

 ' interpolated output ORIGEN library
    interpolated library name:                   w17x17_100d.f33
 interpolation type: spline
 Cross section library interpolation completed.
.
.
.
=========================================================================================================================
ARP finished successfully.
=========================================================================================================================
    module arp used 2.32409 seconds cpu time for the current pass.

    module arp is finished. completion code    0. total cpu time used 1.44625e-005 seconds.



    module origen will be called on Wed Feb 13 18:32:25 2019.
    sequence specification record:=origen
Input Data:

      case(irrad) {
          lib{
              file="w17x17_100d.f33" pos=1
          }
          mat {
              units=GRAMS
              iso=[u235=28000.000000 u238=972000.000000]
          }
          time = [ 550 ]
          power = [ 115.702479 ]
      }
      case (decay) {
          time {
              units=YEARS
              start=0
              t=[1]
          }
          save{ file="discharge.f71" steps=[0 LAST]}
      }
end

1






        ************************************************************************************************************************
        ************************************************************************************************************************
        ************************************************************************************************************************
        *****                                                                                                              *****
        *****                                       program verification information                                       *****
        *****                                                                                                              *****
        *****                                   code system:  SCALE    version:  6.2                                       *****
        *****                                                                                                              *****
        ************************************************************************************************************************
        ************************************************************************************************************************
        *****                                                                                                              *****
        *****                                                                                                              *****
        *****              program:  origen.exe                                                                            *****
        *****                                                                                                              *****
        *****        creation date:   unknown                                                                              *****
        *****                                                                                                              *****
        *****              library:  C:\SCALE-6.2.2\bin                                                                    *****
        *****                                                                                                              *****
        *****                                                                                                              *****
        *****            prod code:  origen.exe                                                                            *****
        *****                                                                                                              *****
        *****              version:  6.2.2                                                                                 *****
        *****                                                                                                              *****
        *****              jobname:  Teddy                                                                                 *****
        *****                                                                                                              *****
        *****         machine name:  DESKTOP-J14NAA6                                                                       *****
        *****                                                                                                              *****
        *****    date of execution:  13_feb_2019                                                                           *****
        *****                                                                                                              *****
        *****    time of execution:  18:32:25.72                                                                           *****
        *****                                                                                                              *****
        *****                                                                                                              *****
        ************************************************************************************************************************
        ************************************************************************************************************************
        ************************************************************************************************************************

*************************************************************************************************************************
********************                                                                                 ********************
********************                                                                                 ********************
********************                    USER INPUT SUMMARY                                           ********************
********************                                                                                 ********************
********************                                                                                 ********************
*************************************************************************************************************************
.
.
=========================================================================================================================
=   Case "irrad" (#1/2)                                                                                                 =
-------------------------------------------------------------------------------------------------------------------------
###   Library settings                                                                                                ###
.
                                Library file name:     C:/Users/Teddy/AppData/Local/Temp/scale.Teddy.8932/w17x17_100d.f33
                             Library set position:              1
                 Fission product reaction removal:             no
-------------------------------------------------------------------------------------------------------------------------
###   Global settings                                                                                                 ###
.
                                           Solver:              MATREX
                                             Mode:        forward
                             Fixed fission energy:             no
-------------------------------------------------------------------------------------------------------------------------
###   Concentrations output options                                                                                   ###
.
                            High-precision output:             no
                                  Relative cutoff:            yes
                         Step for applying cutoff:       integral
.
                      light els.   actinides  fis.prods.       total
                       nuc    el   nuc    el   nuc    el   nuc    el             cutoff
gram-atoms                                                                    1.000E-06
grams                                                      **                 1.000E-06
curies                                                                        1.000E-06
watts                                                                         1.000E-06
gamma watts                                                                   1.000E-06
m3 air                                                                        1.000E-06
m3 water                                                                      1.000E-06
grams ppm                                                                     1.000E-06
atoms ppm                                                                     1.000E-06
atoms/barn-cm                                                                 1.000E-06
becquerels                                                                    1.000E-06
-------------------------------------------------------------------------------------------------------------------------
###   Additional output options                                                                                       ###
.
                                      Print k-inf:             no
           Nuclides for absorption fraction print:           none
                              Print fission rates:             no
            Step for sorting absorption fractions:              1
=========================================================================================================================
=   Case "decay" (#2/2)                                                                                                 =
-------------------------------------------------------------------------------------------------------------------------
###   Library settings                                                                                                ###
.
                                Library file name:     C:/Users/Teddy/AppData/Local/Temp/scale.Teddy.8932/w17x17_100d.f33
                             Library set position:              1
                 Fission product reaction removal:             no
-------------------------------------------------------------------------------------------------------------------------
###   Global settings                                                                                                 ###
.
                                           Solver:              MATREX
                                             Mode:        forward
                             Fixed fission energy:             no
-------------------------------------------------------------------------------------------------------------------------
###   Concentrations output options                                                                                   ###
.
                            High-precision output:             no
                                  Relative cutoff:            yes
                         Step for applying cutoff:       integral
.
                      light els.   actinides  fis.prods.       total
                       nuc    el   nuc    el   nuc    el   nuc    el             cutoff
gram-atoms                                                                    1.000E-06
grams                                                      **                 1.000E-06
curies                                                                        1.000E-06
watts                                                                         1.000E-06
gamma watts                                                                   1.000E-06
m3 air                                                                        1.000E-06
m3 water                                                                      1.000E-06
grams ppm                                                                     1.000E-06
atoms ppm                                                                     1.000E-06
atoms/barn-cm                                                                 1.000E-06
becquerels                                                                    1.000E-06
-------------------------------------------------------------------------------------------------------------------------
###   Additional output options                                                                                       ###
.
                                      Print k-inf:             no
           Nuclides for absorption fraction print:           none
                              Print fission rates:             no
            Step for sorting absorption fractions:              1
=========================================================================================================================
###   Blending information                                                                                            ###
.
  --- no blending requested in this job ---
=========================================================================================================================
.
.
***Warning:  The flux over a step has changed by more than 20%.
=========================================================================================================================
=   History overview for case 'irrad' (#1/2)                                                                            =
-------------------------------------------------------------------------------------------------------------------------
   step          t0          t1          dt           t        flux     fluence       power      energy
    (-)         (d)         (d)         (s)         (s)   (n/cm2-s)     (n/cm2)        (MW)       (MWd)
      1      0.0000    550.0000  4.7520E+07  4.7520E+07  1.2688E+15  6.0296E+22  1.1570E+02  6.3636E+04
          
              step - step index within this case
                t0 - time at beginning-of-step in input units
                t1 - time at end-of-step in input units
                dt - length of step in seconds
                 t - end-of-step cumulative time in seconds
              flux - flux in neutrons/cm^2-sec (CALCULATED)
           fluence - cumulative end-of-step fluence in neutrons/cm^2 (CALCULATED)
             power - power in mega-watts (INPUT)     
            energy - cumulative end-of-step energy released in mega-watt-days (INPUT)     
=========================================================================================================================
.
.
.
.
.
*************************************************************************************************************************
********************                                                                                 ********************
********************                                                                                 ********************
********************                    Library information                                          ********************
********************                                                                                 ********************
********************                                                                                 ********************
*************************************************************************************************************************
.
.
=========================================================================================================================
=   Library summary for case 'irrad' (#1/2)                                                                             =
-------------------------------------------------------------------------------------------------------------------------
filename: C:/Users/Teddy/AppData/Local/Temp/scale.Teddy.8932/w17x17_100d.f33 cross-section data taken from position number: 1
library title delimited by {}: 
{}
date library was produced: 538976288/538976288/538976288
total number of nuclides in library: 2237
number of light-element nuclides: 910
number of actinide nuclides: 176
number of fission product nuclides: 1151
number of nonzero off-diagonal matrix elements: 54564
=========================================================================================================================
.
.
*************************************************************************************************************************
********************                                                                                 ********************
********************                                                                                 ********************
********************                    Concentration tables                                         ********************
********************                                                                                 ********************
********************                                                                                 ********************
*************************************************************************************************************************
.
.
=========================================================================================================================
=   Nuclide concentrations in grams for case 'irrad' (#1/2)                                                             =
-------------------------------------------------------------------------------------------------------------------------
  (relative cutoff; integral of concentrations over time >   1.00E-06 % of integral of all concentrations over time)
.
                   0.000d    550.000d   
  h-3          0.0000E+00  1.0753E-01
  he-4         0.0000E+00  3.2536E+00
  u-234        0.0000E+00  2.4507E+00
  u-235        2.8000E+04  1.1246E+03
  u-236        0.0000E+00  3.7569E+03
  u-237        0.0000E+00  2.8847E+01
  u-238        9.7200E+05  9.1480E+05
  u-239        0.0000E+00  2.1296E+00
  np-237       0.0000E+00  6.4558E+02
  np-238       0.0000E+00  6.9455E+00
  np-239       0.0000E+00  3.0598E+02
  pu-238       0.0000E+00  4.6380E+02
  pu-239       0.0000E+00  5.3004E+03
  pu-240       0.0000E+00  2.6586E+03
  pu-241       0.0000E+00  1.8205E+03
  pu-242       0.0000E+00  1.9228E+03
  pu-243       0.0000E+00  1.7464E+00
  pu-244       0.0000E+00  8.8156E-01
  am-241       0.0000E+00  1.8512E+01
  am-242m      0.0000E+00  3.0622E-01
  am-242       0.0000E+00  2.0293E-01
  am-243       0.0000E+00  7.2988E+02
  am-244m      0.0000E+00  1.0867E-01
  am-244       0.0000E+00  1.6908E-01
  cm-242       0.0000E+00  3.0664E+01
  cm-243       0.0000E+00  1.5285E+00
  cm-244       0.0000E+00  7.4912E+02
  cm-245       0.0000E+00  8.2003E+01
  cm-246       0.0000E+00  2.9544E+01
  cm-247       0.0000E+00  7.8488E-01
  cm-248       0.0000E+00  1.3769E-01
  ge-73        0.0000E+00  3.1683E-02
  ge-74        0.0000E+00  8.8017E-02
  as-75        0.0000E+00  2.1288E-01
  ge-76        0.0000E+00  5.9553E-01
  se-77        0.0000E+00  1.2498E+00
  se-78        0.0000E+00  4.2371E+00
  se-79        0.0000E+00  8.4247E+00
  se-80        0.0000E+00  2.1611E+01
  br-81        0.0000E+00  3.5706E+01
  se-82        0.0000E+00  5.7585E+01
  kr-82        0.0000E+00  2.3973E+00
  kr-83        0.0000E+00  4.7897E+01
  kr-84        0.0000E+00  1.9893E+02
  kr-85        0.0000E+00  4.0621E+01
  kr-85m       0.0000E+00  5.5833E-02
  rb-85        0.0000E+00  1.5386E+02
  kr-86        0.0000E+00  2.8872E+02
  rb-86        0.0000E+00  1.2435E-01
  sr-86        0.0000E+00  1.4726E+00
  kr-87        0.0000E+00  2.9663E-02
  rb-87        0.0000E+00  3.7766E+02
  kr-88        0.0000E+00  8.6561E-02
  sr-88        0.0000E+00  5.1983E+02
  sr-89        0.0000E+00  5.0202E+01
  y-89         0.0000E+00  6.3951E+02
  sr-90        0.0000E+00  8.3054E+02
  y-90         0.0000E+00  2.4531E-01
  zr-90        0.0000E+00  2.2089E+01
  sr-91        0.0000E+00  5.7815E-01
  y-91         0.0000E+00  8.8212E+01
  y-91m        0.0000E+00  2.9280E-02
  zr-91        0.0000E+00  8.3990E+02
  sr-92        0.0000E+00  1.9071E-01
  y-92         0.0000E+00  2.5198E-01
  zr-92        0.0000E+00  1.0519E+03
  y-93         0.0000E+00  8.9746E-01
  zr-93        0.0000E+00  1.1913E+03
  y-94         0.0000E+00  3.0394E-02
  zr-94        0.0000E+00  1.3367E+03
  mo-94        0.0000E+00  3.3317E-02
  zr-95        0.0000E+00  1.7084E+02
  nb-95        0.0000E+00  9.2421E+01
  nb-95m       0.0000E+00  1.0430E-01
  mo-95        0.0000E+00  1.1008E+03
  zr-96        0.0000E+00  1.4691E+03
  nb-96        0.0000E+00  2.7779E-02
  mo-96        0.0000E+00  1.4183E+02
  zr-97        0.0000E+00  2.1219E+00
  nb-97        0.0000E+00  1.5367E-01
  mo-97        0.0000E+00  1.4915E+03
  mo-98        0.0000E+00  1.6139E+03
  mo-99        0.0000E+00  9.9985E+00
  tc-99        0.0000E+00  1.3496E+03
  tc-99m       0.0000E+00  8.0770E-01
  ru-99        0.0000E+00  2.5189E-02
  mo-100       0.0000E+00  1.8449E+03
  ru-100       0.0000E+00  3.8452E+02
  mo-101       0.0000E+00  3.6954E-02
  tc-101       0.0000E+00  3.5961E-02
  ru-101       0.0000E+00  1.4947E+03
  mo-102       0.0000E+00  2.8929E-02
  ru-102       0.0000E+00  1.8013E+03
  ru-103       0.0000E+00  1.5973E+02
  rh-103       0.0000E+00  6.3643E+02
  rh-103m      0.0000E+00  1.5690E-01
  tc-104       0.0000E+00  4.6637E-02
  ru-104       0.0000E+00  1.4213E+03
  pd-104       0.0000E+00  8.7054E+02
  ru-105       0.0000E+00  6.1966E-01
  rh-105       0.0000E+00  3.7083E+00
  pd-105       0.0000E+00  8.1117E+02
  ru-106       0.0000E+00  5.9910E+02
  pd-106       0.0000E+00  7.6379E+02
  rh-107       0.0000E+00  3.1851E-02
  pd-107       0.0000E+00  6.5764E+02
  pd-108       0.0000E+00  4.6133E+02
  pd-109       0.0000E+00  8.7589E-01
  ag-109       0.0000E+00  1.9363E+02
  pd-110       0.0000E+00  1.6310E+02
  ag-110m      0.0000E+00  2.7400E+00
  cd-110       0.0000E+00  2.2091E+02
  ag-111       0.0000E+00  2.1108E+00
  cd-111       0.0000E+00  8.6049E+01
  pd-112       0.0000E+00  1.0460E-01
  cd-112       0.0000E+00  4.4146E+01
  cd-113       0.0000E+00  1.5584E-01
  cd-114       0.0000E+00  4.3085E+01
  cd-115       0.0000E+00  8.6183E-02
  cd-115m      0.0000E+00  1.0968E-01
  in-115       0.0000E+00  2.3266E+00
  sn-115       0.0000E+00  5.4661E-01
  cd-116       0.0000E+00  1.3299E+01
  sn-116       0.0000E+00  1.0808E+01
  sn-117       0.0000E+00  1.1766E+01
  sn-118       0.0000E+00  1.1037E+01
  sn-119       0.0000E+00  1.0330E+01
  sn-119m      0.0000E+00  1.5648E-01
  sn-120       0.0000E+00  1.0829E+01
  sn-121       0.0000E+00  3.1624E-02
  sn-121m      0.0000E+00  8.0612E-01
  sb-121       0.0000E+00  9.3886E+00
  sn-122       0.0000E+00  1.3797E+01
  sb-122       0.0000E+00  2.1784E-02
  te-122       0.0000E+00  1.5491E+00
  sn-123       0.0000E+00  6.3033E-01
  sb-123       0.0000E+00  1.2223E+01
  sn-124       0.0000E+00  2.1357E+01
  sb-124       0.0000E+00  3.0476E-01
  te-124       0.0000E+00  9.7023E-01
  sn-125       0.0000E+00  3.2472E-01
  sb-125       0.0000E+00  2.3752E+01
  te-125       0.0000E+00  4.7105E+00
  te-125m      0.0000E+00  2.7452E-01
  sn-126       0.0000E+00  4.7972E+01
  sb-126       0.0000E+00  2.0859E-02
  te-126       0.0000E+00  1.1588E+00
  sb-127       0.0000E+00  1.1571E+00
  te-127       0.0000E+00  9.9246E-02
  te-127m      0.0000E+00  9.1107E-01
  i-127        0.0000E+00  8.6381E+01
  te-128       0.0000E+00  2.1182E+02
  xe-128       0.0000E+00  1.2741E+01
  sb-129       0.0000E+00  1.6277E-01
  te-129       0.0000E+00  4.0936E-02
  te-129m      0.0000E+00  4.8560E+00
  i-129        0.0000E+00  3.3106E+02
  xe-129       0.0000E+00  1.8669E-01
  te-130       0.0000E+00  7.6466E+02
  i-130        0.0000E+00  7.2186E-02
  xe-130       0.0000E+00  3.2500E+01
  sb-131       0.0000E+00  3.3112E-02
  te-131       0.0000E+00  4.0357E-02
  te-131m      0.0000E+00  8.1409E-01
  i-131        0.0000E+00  2.2231E+01
  xe-131       0.0000E+00  5.7020E+02
  xe-131m      0.0000E+00  4.0594E-01
  te-132       0.0000E+00  1.2332E+01
  i-132        0.0000E+00  3.8073E-01
  xe-132       0.0000E+00  2.5018E+03
  te-133       0.0000E+00  2.3660E-02
  te-133m      0.0000E+00  9.6565E-02
  i-133        0.0000E+00  4.6692E+00
  xe-133       0.0000E+00  2.8206E+01
  xe-133m      0.0000E+00  3.7904E-01
  cs-133       0.0000E+00  1.8078E+03
  te-134       0.0000E+00  1.2635E-01
  i-134        0.0000E+00  2.1746E-01
  xe-134       0.0000E+00  2.9849E+03
  cs-134       0.0000E+00  4.8012E+02
  cs-134m      0.0000E+00  3.4994E-02
  ba-134       0.0000E+00  1.0197E+02
  i-135        0.0000E+00  1.4494E+00
  xe-135       0.0000E+00  1.6717E-01
  cs-135       0.0000E+00  3.4333E+02
  ba-135       0.0000E+00  1.4472E+00
  xe-136       0.0000E+00  5.1748E+03
  cs-136       0.0000E+00  1.9847E+00
  ba-136       0.0000E+00  3.6566E+01
  cs-137       0.0000E+00  2.4558E+03
  ba-137       0.0000E+00  4.9097E+01
  xe-138       0.0000E+00  4.3944E-02
  cs-138       0.0000E+00  1.1585E-01
  ba-138       0.0000E+00  2.5006E+03
  la-138       0.0000E+00  3.3841E-02
  cs-139       0.0000E+00  2.9935E-02
  ba-139       0.0000E+00  2.7615E-01
  la-139       0.0000E+00  2.2924E+03
  ba-140       0.0000E+00  5.8359E+01
  la-140       0.0000E+00  8.2566E+00
  ce-140       0.0000E+00  2.2996E+03
  ba-141       0.0000E+00  5.4620E-02
  la-141       0.0000E+00  7.0984E-01
  ce-141       0.0000E+00  1.3760E+02
  pr-141       0.0000E+00  1.9077E+03
  ba-142       0.0000E+00  2.9033E-02
  la-142       0.0000E+00  2.6010E-01
  ce-142       0.0000E+00  2.1445E+03
  pr-142       0.0000E+00  3.1966E-01
  nd-142       0.0000E+00  8.6652E+01
  la-143       0.0000E+00  3.7892E-02
  ce-143       0.0000E+00  5.3537E+00
  pr-143       0.0000E+00  5.1682E+01
  nd-143       0.0000E+00  8.9482E+02
  ce-144       0.0000E+00  8.9702E+02
  pr-144       0.0000E+00  3.8758E-02
  nd-144       0.0000E+00  2.0008E+03
  pr-145       0.0000E+00  6.8535E-01
  nd-145       0.0000E+00  1.0763E+03
  ce-146       0.0000E+00  2.1426E-02
  pr-146       0.0000E+00  3.8459E-02
  nd-146       0.0000E+00  1.4913E+03
  nd-147       0.0000E+00  1.9536E+01
  pm-147       0.0000E+00  1.9886E+02
  sm-147       0.0000E+00  4.0938E+01
  nd-148       0.0000E+00  7.7534E+02
  pm-148       0.0000E+00  3.8832E+00
  pm-148m      0.0000E+00  1.6210E+00
  sm-148       0.0000E+00  3.0016E+02
  nd-149       0.0000E+00  8.9779E-02
  pm-149       0.0000E+00  4.3771E+00
  sm-149       0.0000E+00  2.0674E+00
  nd-150       0.0000E+00  3.8803E+02
  sm-150       0.0000E+00  6.3271E+02
  pm-151       0.0000E+00  8.5562E-01
  sm-151       0.0000E+00  1.5740E+01
  sm-152       0.0000E+00  1.5670E+02
  sm-153       0.0000E+00  4.5482E+00
  eu-153       0.0000E+00  2.1751E+02
  sm-154       0.0000E+00  1.2115E+02
  eu-154       0.0000E+00  5.8176E+01
  gd-154       0.0000E+00  3.2640E+00
  eu-155       0.0000E+00  1.9497E+01
  gd-155       0.0000E+00  4.8123E-02
  sm-156       0.0000E+00  4.6047E-02
  eu-156       0.0000E+00  3.3212E+01
  gd-156       0.0000E+00  4.8112E+02
  eu-157       0.0000E+00  1.8358E-01
  gd-157       0.0000E+00  3.4554E-01
  gd-158       0.0000E+00  1.2323E+02
  gd-159       0.0000E+00  5.1023E-02
  tb-159       0.0000E+00  1.0485E+01
  gd-160       0.0000E+00  3.7285E+00
  tb-160       0.0000E+00  8.3157E-01
  dy-160       0.0000E+00  8.6683E-01
  tb-161       0.0000E+00  1.1889E-01
  dy-161       0.0000E+00  1.4197E+00
  dy-162       0.0000E+00  1.2100E+00
  dy-163       0.0000E+00  1.2238E+00
  dy-164       0.0000E+00  3.3379E-01
  ho-165       0.0000E+00  9.2667E-01
  er-166       0.0000E+00  3.9096E-01
  er-167       0.0000E+00  2.0406E-02
  er-168       0.0000E+00  6.5268E-02
------------
  totals       1.0000E+06  1.0021E+06
=========================================================================================================================
.
.
=========================================================================================================================
=   History overview for case 'decay' (#2/2)                                                                            =
-------------------------------------------------------------------------------------------------------------------------
   step          t0          t1          dt           t        flux     fluence       power      energy
    (-)         (y)         (y)         (s)         (s)   (n/cm2-s)     (n/cm2)        (MW)       (MWd)
      1      1.5057      2.5057  3.1560E+07  7.9080E+07  0.0000E+00  6.0296E+22  0.0000E+00  6.3636E+04
          
              step - step index within this case
                t0 - time at beginning-of-step in input units
                t1 - time at end-of-step in input units
                dt - length of step in seconds
                 t - end-of-step cumulative time in seconds
              flux - flux in neutrons/cm^2-sec (CALCULATED)
           fluence - cumulative end-of-step fluence in neutrons/cm^2 (CALCULATED)
             power - power in mega-watts (INPUT)     
            energy - cumulative end-of-step energy released in mega-watt-days (INPUT)     
=========================================================================================================================
.
.
.
.
.
*************************************************************************************************************************
********************                                                                                 ********************
********************                                                                                 ********************
********************                    Library information                                          ********************
********************                                                                                 ********************
********************                                                                                 ********************
*************************************************************************************************************************
.
.
=========================================================================================================================
=   Library summary for case 'decay' (#2/2)                                                                             =
-------------------------------------------------------------------------------------------------------------------------
filename: C:/Users/Teddy/AppData/Local/Temp/scale.Teddy.8932/w17x17_100d.f33 cross-section data taken from position number: 1
library title delimited by {}: 
{}
date library was produced: 538976288/538976288/538976288
total number of nuclides in library: 2237
number of light-element nuclides: 910
number of actinide nuclides: 176
number of fission product nuclides: 1151
number of nonzero off-diagonal matrix elements: 54564
=========================================================================================================================
.
.
*************************************************************************************************************************
********************                                                                                 ********************
********************                                                                                 ********************
********************                    Concentration tables                                         ********************
********************                                                                                 ********************
********************                                                                                 ********************
*************************************************************************************************************************
.
.
=========================================================================================================================
=   Nuclide concentrations in grams for case 'decay' (#2/2)                                                             =
-------------------------------------------------------------------------------------------------------------------------
  (relative cutoff; integral of concentrations over time >   1.00E-06 % of integral of all concentrations over time)
.
                   1.506y      2.506y   
  h-3          1.0753E-01  1.0164E-01
  he-4         3.2536E+00  4.1925E+00
  u-234        2.4507E+00  6.2100E+00
  u-235        1.1246E+03  1.1248E+03
  u-236        3.7569E+03  3.7571E+03
  u-237        2.8847E+01  5.4108E-05
  u-238        9.1480E+05  9.1480E+05
  u-239        2.1296E+00  0.0000E+00
  np-237       6.4558E+02  6.7453E+02
  np-238       6.9455E+00  5.6545E-08
  np-239       3.0598E+02  6.2972E-04
  pu-238       4.6380E+02  4.9083E+02
  pu-239       5.3004E+03  5.6084E+03
  pu-240       2.6586E+03  2.6860E+03
  pu-241       1.8205E+03  1.7343E+03
  pu-242       1.9228E+03  1.9229E+03
  pu-243       1.7464E+00  2.7985E-11
  pu-244       8.8156E-01  8.8160E-01
  am-241       1.8512E+01  1.0462E+02
  am-242m      3.0622E-01  3.0472E-01
  am-242       2.0293E-01  3.9315E-06
  am-243       7.2988E+02  7.3156E+02
  am-244m      1.0867E-01  0.0000E+00
  am-244       1.6908E-01  8.8309E-12
  cm-242       3.0664E+01  6.5193E+00
  cm-243       1.5285E+00  1.4925E+00
  cm-244       7.4912E+02  7.2126E+02
  cm-245       8.2003E+01  8.1997E+01
  cm-246       2.9544E+01  2.9539E+01
  cm-247       7.8488E-01  7.8488E-01
  cm-248       1.3769E-01  1.3816E-01
  ge-73        3.1683E-02  3.1705E-02
  ge-74        8.8017E-02  8.8019E-02
  as-75        2.1288E-01  2.1291E-01
  ge-76        5.9553E-01  5.9553E-01
  se-76        1.5645E-02  1.5735E-02
  se-77        1.2498E+00  1.2555E+00
  se-78        4.2371E+00  4.2381E+00
  se-79        8.4247E+00  8.4248E+00
  se-80        2.1611E+01  2.1611E+01
  br-81        3.5706E+01  3.5707E+01
  se-82        5.7585E+01  5.7585E+01
  kr-82        2.3973E+00  2.4139E+00
  kr-83        4.7897E+01  4.7925E+01
  kr-84        1.9893E+02  1.9893E+02
  kr-85        4.0621E+01  3.8097E+01
  kr-85m       5.5833E-02  0.0000E+00
  rb-85        1.5386E+02  1.5644E+02
  kr-86        2.8872E+02  2.8872E+02
  rb-86        1.2435E-01  1.5582E-07
  sr-86        1.4726E+00  1.5970E+00
  kr-87        2.9663E-02  0.0000E+00
  rb-87        3.7766E+02  3.7769E+02
  kr-88        8.6561E-02  0.0000E+00
  sr-88        5.1983E+02  5.1993E+02
  sr-89        5.0202E+01  3.3472E-01
  y-89         6.3951E+02  6.8939E+02
  sr-90        8.3054E+02  8.1078E+02
  y-90         2.4531E-01  2.0566E-01
  zr-90        2.2089E+01  4.1887E+01
  sr-91        5.7815E-01  0.0000E+00
  y-91         8.8212E+01  1.1727E+00
  y-91m        2.9280E-02  0.0000E+00
  zr-91        8.3990E+02  9.2754E+02
  sr-92        1.9071E-01  0.0000E+00
  y-92         2.5198E-01  0.0000E+00
  zr-92        1.0519E+03  1.0523E+03
  y-93         8.9746E-01  0.0000E+00
  zr-93        1.1913E+03  1.1922E+03
  y-94         3.0394E-02  0.0000E+00
  zr-94        1.3367E+03  1.3367E+03
  mo-94        3.3317E-02  3.3317E-02
  zr-95        1.7084E+02  3.2761E+00
  nb-95        9.2421E+01  3.9906E+00
  nb-95m       1.0430E-01  2.1143E-03
  mo-95        1.1008E+03  1.3571E+03
  zr-96        1.4691E+03  1.4691E+03
  nb-96        2.7779E-02  0.0000E+00
  mo-96        1.4183E+02  1.4185E+02
  zr-97        2.1219E+00  0.0000E+00
  nb-97        1.5367E-01  0.0000E+00
  mo-97        1.4915E+03  1.4938E+03
  mo-98        1.6139E+03  1.6139E+03
  tc-98        1.7812E-02  1.7812E-02
  mo-99        9.9985E+00  0.0000E+00
  tc-99        1.3496E+03  1.3604E+03
  tc-99m       8.0770E-01  0.0000E+00
  ru-99        2.5189E-02  3.0011E-02
  mo-100       1.8449E+03  1.8449E+03
  ru-100       3.8452E+02  3.8452E+02
  mo-101       3.6954E-02  0.0000E+00
  tc-101       3.5961E-02  0.0000E+00
  ru-101       1.4947E+03  1.4947E+03
  mo-102       2.8929E-02  0.0000E+00
  ru-102       1.8013E+03  1.8013E+03
  ru-103       1.5973E+02  2.5215E-01
  rh-103       6.3643E+02  7.9607E+02
  rh-103m      1.5690E-01  2.4768E-04
  tc-104       4.6637E-02  0.0000E+00
  ru-104       1.4213E+03  1.4213E+03
  pd-104       8.7054E+02  8.7054E+02
  ru-105       6.1966E-01  0.0000E+00
  rh-105       3.7083E+00  0.0000E+00
  pd-105       8.1117E+02  8.1552E+02
  ru-106       5.9910E+02  3.0320E+02
  pd-106       7.6379E+02  1.0597E+03
  rh-107       3.1851E-02  0.0000E+00
  pd-107       6.5764E+02  6.5768E+02
  pd-108       4.6133E+02  4.6133E+02
  pd-109       8.7589E-01  0.0000E+00
  ag-109       1.9363E+02  1.9451E+02
  pd-110       1.6310E+02  1.6310E+02
  ag-110m      2.7400E+00  9.9421E-01
  cd-110       2.2091E+02  2.2265E+02
  ag-111       2.1108E+00  3.6783E-15
  cd-111       8.6049E+01  8.8165E+01
  pd-112       1.0460E-01  0.0000E+00
  cd-112       4.4146E+01  4.4267E+01
  cd-113       1.5584E-01  1.6792E-01
  cd-114       4.3085E+01  4.3085E+01
  cd-115       8.6183E-02  0.0000E+00
  cd-115m      1.0968E-01  3.7374E-04
  in-115       2.3266E+00  2.5251E+00
  sn-115       5.4661E-01  5.5130E-01
  cd-116       1.3299E+01  1.3299E+01
  sn-116       1.0808E+01  1.0808E+01
  sn-117       1.1766E+01  1.1774E+01
  sn-118       1.1037E+01  1.1038E+01
  sn-119       1.0330E+01  1.0421E+01
  sn-119m      1.5648E-01  6.5943E-02
  sn-120       1.0829E+01  1.0829E+01
  sn-121       3.1624E-02  4.3255E-05
  sn-121m      8.0612E-01  7.9349E-01
  sb-121       9.3886E+00  9.4329E+00
  sn-122       1.3797E+01  1.3797E+01
  sb-122       2.1784E-02  0.0000E+00
  te-122       1.5491E+00  1.5704E+00
  sn-123       6.3033E-01  8.8814E-02
  sb-123       1.2223E+01  1.2765E+01
  te-123       1.6659E-02  2.2174E-02
  sn-124       2.1357E+01  2.1357E+01
  sb-124       3.0476E-01  4.5433E-03
  te-124       9.7023E-01  1.2704E+00
  sn-125       3.2472E-01  1.2730E-12
  sb-125       2.3752E+01  1.8730E+01
  te-125       4.7105E+00  1.0072E+01
  te-125m      2.7452E-01  2.6038E-01
  sn-126       4.7972E+01  4.7971E+01
  sb-126       2.0859E-02  9.8736E-07
  te-126       1.1588E+00  1.1798E+00
  sb-127       1.1571E+00  0.0000E+00
  te-127       9.9246E-02  3.8129E-04
  te-127m      9.1107E-01  1.0891E-01
  i-127        8.6381E+01  8.8455E+01
  te-128       2.1182E+02  2.1186E+02
  xe-128       1.2741E+01  1.2742E+01
  sb-129       1.6277E-01  0.0000E+00
  te-129       4.0936E-02  2.3647E-06
  te-129m      4.8560E+00  2.6055E-03
  i-129        3.3106E+02  3.3612E+02
  xe-129       1.8669E-01  1.8820E-01
  te-130       7.6466E+02  7.6468E+02
  i-130        7.2186E-02  0.0000E+00
  xe-130       3.2500E+01  3.2573E+01
  sb-131       3.3112E-02  0.0000E+00
  te-131       4.0357E-02  0.0000E+00
  te-131m      8.1409E-01  0.0000E+00
  i-131        2.2231E+01  4.6267E-13
  xe-131       5.7020E+02  5.9372E+02
  xe-131m      4.0594E-01  6.1319E-10
  te-132       1.2332E+01  0.0000E+00
  i-132        3.8073E-01  0.0000E+00
  xe-132       2.5018E+03  2.5145E+03
  te-133       2.3660E-02  0.0000E+00
  te-133m      9.6565E-02  0.0000E+00
  i-133        4.6692E+00  0.0000E+00
  xe-133       2.8206E+01  3.6959E-20
  xe-133m      3.7904E-01  0.0000E+00
  cs-133       1.8078E+03  1.8411E+03
  te-134       1.2635E-01  0.0000E+00
  i-134        2.1746E-01  0.0000E+00
  xe-134       2.9849E+03  2.9852E+03
  cs-134       4.8012E+02  3.4324E+02
  cs-134m      3.4994E-02  0.0000E+00
  ba-134       1.0197E+02  2.3887E+02
  i-135        1.4494E+00  0.0000E+00
  xe-135       1.6717E-01  0.0000E+00
  cs-135       3.4333E+02  3.4496E+02
  ba-135       1.4472E+00  1.4484E+00
  xe-136       5.1748E+03  5.1748E+03
  cs-136       1.9847E+00  8.7506E-09
  ba-136       3.6566E+01  3.8551E+01
  cs-137       2.4558E+03  2.3999E+03
  ba-137       4.9097E+01  1.0505E+02
  xe-138       4.3944E-02  0.0000E+00
  cs-138       1.1585E-01  0.0000E+00
  ba-138       2.5006E+03  2.5008E+03
  la-138       3.3841E-02  3.3841E-02
  cs-139       2.9935E-02  0.0000E+00
  ba-139       2.7615E-01  0.0000E+00
  la-139       2.2924E+03  2.2927E+03
  ba-140       5.8359E+01  1.3925E-07
  la-140       8.2566E+00  2.1106E-08
  ce-140       2.2996E+03  2.3663E+03
  ba-141       5.4620E-02  0.0000E+00
  la-141       7.0984E-01  0.0000E+00
  ce-141       1.3760E+02  5.7344E-02
  pr-141       1.9077E+03  2.0460E+03
  ba-142       2.9033E-02  0.0000E+00
  la-142       2.6010E-01  0.0000E+00
  ce-142       2.1445E+03  2.1448E+03
  pr-142       3.1966E-01  0.0000E+00
  nd-142       8.6652E+01  8.6973E+01
  la-143       3.7892E-02  0.0000E+00
  ce-143       5.3537E+00  0.0000E+00
  pr-143       5.1682E+01  4.5482E-07
  nd-143       8.9482E+02  9.5190E+02
  ce-144       8.9702E+02  3.6885E+02
  pr-144       3.8758E-02  1.5537E-02
  nd-144       2.0008E+03  2.5289E+03
  pr-145       6.8535E-01  0.0000E+00
  nd-145       1.0763E+03  1.0770E+03
  ce-146       2.1426E-02  0.0000E+00
  pr-146       3.8459E-02  0.0000E+00
  nd-146       1.4913E+03  1.4913E+03
  nd-147       1.9536E+01  1.8907E-09
  pm-147       1.9886E+02  1.6787E+02
  sm-147       4.0938E+01  9.1483E+01
  nd-148       7.7534E+02  7.7534E+02
  pm-148       3.8832E+00  2.2098E-05
  pm-148m      1.6210E+00  3.5209E-03
  sm-148       3.0016E+02  3.0566E+02
  nd-149       8.9779E-02  0.0000E+00
  pm-149       4.3771E+00  0.0000E+00
  sm-149       2.0674E+00  6.5361E+00
  nd-150       3.8803E+02  3.8803E+02
  sm-150       6.3271E+02  6.3272E+02
  pm-151       8.5562E-01  0.0000E+00
  sm-151       1.5740E+01  1.6475E+01
  eu-151       4.4302E-03  1.3178E-01
  sm-152       1.5670E+02  1.5670E+02
  sm-153       4.5482E+00  0.0000E+00
  eu-153       2.1751E+02  2.2206E+02
  sm-154       1.2115E+02  1.2115E+02
  eu-154       5.8176E+01  5.3672E+01
  gd-154       3.2640E+00  7.7681E+00
  eu-155       1.9497E+01  1.6854E+01
  gd-155       4.8123E-02  2.6945E+00
  sm-156       4.6047E-02  0.0000E+00
  eu-156       3.3212E+01  1.9183E-06
  gd-156       4.8112E+02  5.1438E+02
  eu-157       1.8358E-01  0.0000E+00
  gd-157       3.4554E-01  5.2956E-01
  gd-158       1.2323E+02  1.2324E+02
  gd-159       5.1023E-02  0.0000E+00
  tb-159       1.0485E+01  1.0536E+01
  gd-160       3.7285E+00  3.7285E+00
  tb-160       8.3157E-01  2.5062E-02
  dy-160       8.6683E-01  1.6733E+00
  tb-161       1.1889E-01  1.4215E-17
  dy-161       1.4197E+00  1.5386E+00
  dy-162       1.2100E+00  1.2101E+00
  dy-163       1.2238E+00  1.2239E+00
  dy-164       3.3379E-01  3.3380E-01
  ho-165       9.2667E-01  9.2767E-01
  er-166       3.9096E-01  3.9610E-01
  er-167       2.0406E-02  2.0440E-02
  er-168       6.5268E-02  6.5268E-02
------------
  totals       1.0021E+06  1.0021E+06
=========================================================================================================================
.
.
*************************************************************************************************************************
********************                                                                                 ********************
********************                                                                                 ********************
********************                    Written F71 File Information                                 ********************
********************                                                                                 ********************
********************                                                                                 ********************
*************************************************************************************************************************
.
.
   pos         time        power         flux      fluence       energy libpos   case   step DCGNAB
   (-)          (s)         (MW)    (n/cm2-s)      (n/cm2)        (MWd)    (-)    (-)    (-)    (-)
     1  4.75200e+07  0.00000e+00  0.00000e+00  6.02956e+22  6.36364e+04      1      2      0 DC----
     2  7.90800e+07  0.00000e+00  0.00000e+00  6.02956e+22  6.36364e+04      1      2      1 DC----
    D - state definition present
    C - concentrations present
    G - gamma emission spectra present
    N - neutron emission spectra present
    A - alpha emission spectra present
    B - beta emission spectra present
.
.
.
=========================================================================================================================
ORIGEN finished successfully.
=========================================================================================================================
    module origen used 0.699432 seconds cpu time for the current pass.

    module origen is finished. completion code    0. total cpu time used 3.26573e-006 seconds.


    SCALE is finished on Wed Feb 13 18:32:26 2019.
-------------------------- Summary --------------------------
arp finished. used 2.33166 seconds.
origen finished. used 0.70712 seconds.
SCALE driver required a maximum of 8.313 MiB of RAM.
------------------------ End Summary ------------------------

w17x17_100d.f33 copied to C:\Users\Teddy\Desktop\scale_test\output\w17x17_100d.f33.
discharge.f71 copied to C:\Users\Teddy\Desktop\scale_test\output\discharge.f71.
