 *******************************************************************************
 *                                                                             *
 *                                 SCALE 6.2.2                                 *
 *                                -------------                                *
 *                                February 2019                                *
 *                                                                             *
 *           SCALE:  A Comprehensive Modeling and Simulation Suite             *
 *                   for Nuclear Safety Analysis and Design                    *
 *                                                                             *
 *                      Reactor and Nuclear Systems Division                   *
 *                        Oak Ridge National Laboratory                        *
 *                                                                             *
 *                           http://scale.ornl.gov                             *
 *                            scalehelp@ornl.gov                               *
 *                                                                             *
 *******************************************************************************
 *******************************************************************************
      
                  Job Information
                  ---------------
      Job started on DESKTOP-J14NAA6 on Wed 13/02/2019 18:27:13
      Working directory: C:\Users\Teddy\AppData\Local\Temp\scale.Teddy.7488
      Input file name  : C:\Users\Teddy\Desktop\scale_test\output\2.800000_4949.494949.inp
      Output file name : C:\Users\Teddy\Desktop\scale_test\output\2.800000_4949.494949.out
      SCALE executable : C:\SCALE-6.2.2/bin/scale
      
 *******************************************************************************


    module arp will be called on Wed Feb 13 18:27:13 2019.
    sequence specification record:=arp
Input Data:

      'library type
      w17x17
      2.800000
      ' num cycles
      1
      ' num days per cycle
      550
      ' cycle average specific power (MW / MTU)
      8.999082
      ' number of interpolated cross section sets generated per cycle
      1
      ' moderator density (g/cc)
      0.723
      ' interpolated output ORIGEN library
      w17x17_100d.f33
end

1






        ************************************************************************************************************************
        ************************************************************************************************************************
        ************************************************************************************************************************
        *****                                                                                                              *****
        *****                                       program verification information                                       *****
        *****                                                                                                              *****
        *****                                   code system:  SCALE    version:  6.2                                       *****
        *****                                                                                                              *****
        ************************************************************************************************************************
        ************************************************************************************************************************
        *****                                                                                                              *****
        *****                                                                                                              *****
        *****              program:  arp.exe                                                                               *****
        *****                                                                                                              *****
        *****        creation date:   unknown                                                                              *****
        *****                                                                                                              *****
        *****              library:  C:\SCALE-6.2.2\bin                                                                    *****
        *****                                                                                                              *****
        *****                                                                                                              *****
        *****            prod code:  arp.exe                                                                               *****
        *****                                                                                                              *****
        *****              version:  6.2.2                                                                                 *****
        *****                                                                                                              *****
        *****              jobname:  Teddy                                                                                 *****
        *****                                                                                                              *****
        *****         machine name:  DESKTOP-J14NAA6                                                                       *****
        *****                                                                                                              *****
        *****    date of execution:  13_feb_2019                                                                           *****
        *****                                                                                                              *****
        *****    time of execution:  18:27:14.01                                                                           *****
        *****                                                                                                              *****
        *****                                                                                                              *****
        ************************************************************************************************************************
        ************************************************************************************************************************
        ************************************************************************************************************************


 'library type
    data library:       w17x17
       directory:       C:/SCALE-6.2.2/data/\arplibs
       definition:      C:/SCALE-6.2.2/data/\arpdata.txt
    u-235 enrichment:                        2.800

 ' num cycles
    number of cycles:                            1

 ' num days per cycle

 ' cycle average specific power (MW / MTU)

 ' number of interpolated cross section sets generated per cycle

 ' moderator density (g/cc)
    water density (g/cm3):                  0.7230
                                         cycle        cumulative      midpoint
   cycle time(d)        power(MW)      burnup(MWd/MTU)burnup(MWd/MTU)burnup(MWd/MTU)nlib
     1    550.000        8.99908        4949.50        4949.50        2474.75             1

 ' interpolated output ORIGEN library
    interpolated library name:                   w17x17_100d.f33
 interpolation type: spline
 Cross section library interpolation completed.
.
.
.
=========================================================================================================================
ARP finished successfully.
=========================================================================================================================
    module arp used 1.84223 seconds cpu time for the current pass.

    module arp is finished. completion code    0. total cpu time used 1.02637e-005 seconds.



    module origen will be called on Wed Feb 13 18:27:15 2019.
    sequence specification record:=origen
Input Data:

      case(irrad) {
          lib{
              file="w17x17_100d.f33" pos=1
          }
          mat {
              units=GRAMS
              iso=[u235=28000.000000 u238=972000.000000]
          }
          time = [ 550 ]
          power = [ 8.999082 ]
      }
      case (decay) {
          time {
              units=YEARS
              start=0
              t=[1]
          }
          save{ file="discharge.f71" steps=[0 LAST]}
      }
end

1






        ************************************************************************************************************************
        ************************************************************************************************************************
        ************************************************************************************************************************
        *****                                                                                                              *****
        *****                                       program verification information                                       *****
        *****                                                                                                              *****
        *****                                   code system:  SCALE    version:  6.2                                       *****
        *****                                                                                                              *****
        ************************************************************************************************************************
        ************************************************************************************************************************
        *****                                                                                                              *****
        *****                                                                                                              *****
        *****              program:  origen.exe                                                                            *****
        *****                                                                                                              *****
        *****        creation date:   unknown                                                                              *****
        *****                                                                                                              *****
        *****              library:  C:\SCALE-6.2.2\bin                                                                    *****
        *****                                                                                                              *****
        *****                                                                                                              *****
        *****            prod code:  origen.exe                                                                            *****
        *****                                                                                                              *****
        *****              version:  6.2.2                                                                                 *****
        *****                                                                                                              *****
        *****              jobname:  Teddy                                                                                 *****
        *****                                                                                                              *****
        *****         machine name:  DESKTOP-J14NAA6                                                                       *****
        *****                                                                                                              *****
        *****    date of execution:  13_feb_2019                                                                           *****
        *****                                                                                                              *****
        *****    time of execution:  18:27:15.87                                                                           *****
        *****                                                                                                              *****
        *****                                                                                                              *****
        ************************************************************************************************************************
        ************************************************************************************************************************
        ************************************************************************************************************************

*************************************************************************************************************************
********************                                                                                 ********************
********************                                                                                 ********************
********************                    USER INPUT SUMMARY                                           ********************
********************                                                                                 ********************
********************                                                                                 ********************
*************************************************************************************************************************
.
.
=========================================================================================================================
=   Case "irrad" (#1/2)                                                                                                 =
-------------------------------------------------------------------------------------------------------------------------
###   Library settings                                                                                                ###
.
                                Library file name:     C:/Users/Teddy/AppData/Local/Temp/scale.Teddy.7488/w17x17_100d.f33
                             Library set position:              1
                 Fission product reaction removal:             no
-------------------------------------------------------------------------------------------------------------------------
###   Global settings                                                                                                 ###
.
                                           Solver:              MATREX
                                             Mode:        forward
                             Fixed fission energy:             no
-------------------------------------------------------------------------------------------------------------------------
###   Concentrations output options                                                                                   ###
.
                            High-precision output:             no
                                  Relative cutoff:            yes
                         Step for applying cutoff:       integral
.
                      light els.   actinides  fis.prods.       total
                       nuc    el   nuc    el   nuc    el   nuc    el             cutoff
gram-atoms                                                                    1.000E-06
grams                                                      **                 1.000E-06
curies                                                                        1.000E-06
watts                                                                         1.000E-06
gamma watts                                                                   1.000E-06
m3 air                                                                        1.000E-06
m3 water                                                                      1.000E-06
grams ppm                                                                     1.000E-06
atoms ppm                                                                     1.000E-06
atoms/barn-cm                                                                 1.000E-06
becquerels                                                                    1.000E-06
-------------------------------------------------------------------------------------------------------------------------
###   Additional output options                                                                                       ###
.
                                      Print k-inf:             no
           Nuclides for absorption fraction print:           none
                              Print fission rates:             no
            Step for sorting absorption fractions:              1
=========================================================================================================================
=   Case "decay" (#2/2)                                                                                                 =
-------------------------------------------------------------------------------------------------------------------------
###   Library settings                                                                                                ###
.
                                Library file name:     C:/Users/Teddy/AppData/Local/Temp/scale.Teddy.7488/w17x17_100d.f33
                             Library set position:              1
                 Fission product reaction removal:             no
-------------------------------------------------------------------------------------------------------------------------
###   Global settings                                                                                                 ###
.
                                           Solver:              MATREX
                                             Mode:        forward
                             Fixed fission energy:             no
-------------------------------------------------------------------------------------------------------------------------
###   Concentrations output options                                                                                   ###
.
                            High-precision output:             no
                                  Relative cutoff:            yes
                         Step for applying cutoff:       integral
.
                      light els.   actinides  fis.prods.       total
                       nuc    el   nuc    el   nuc    el   nuc    el             cutoff
gram-atoms                                                                    1.000E-06
grams                                                      **                 1.000E-06
curies                                                                        1.000E-06
watts                                                                         1.000E-06
gamma watts                                                                   1.000E-06
m3 air                                                                        1.000E-06
m3 water                                                                      1.000E-06
grams ppm                                                                     1.000E-06
atoms ppm                                                                     1.000E-06
atoms/barn-cm                                                                 1.000E-06
becquerels                                                                    1.000E-06
-------------------------------------------------------------------------------------------------------------------------
###   Additional output options                                                                                       ###
.
                                      Print k-inf:             no
           Nuclides for absorption fraction print:           none
                              Print fission rates:             no
            Step for sorting absorption fractions:              1
=========================================================================================================================
###   Blending information                                                                                            ###
.
  --- no blending requested in this job ---
=========================================================================================================================
.
.
=========================================================================================================================
=   History overview for case 'irrad' (#1/2)                                                                            =
-------------------------------------------------------------------------------------------------------------------------
   step          t0          t1          dt           t        flux     fluence       power      energy
    (-)         (d)         (d)         (s)         (s)   (n/cm2-s)     (n/cm2)        (MW)       (MWd)
      1      0.0000    550.0000  4.7520E+07  4.7520E+07  7.5385E+13  3.5823E+21  8.9991E+00  4.9495E+03
          
              step - step index within this case
                t0 - time at beginning-of-step in input units
                t1 - time at end-of-step in input units
                dt - length of step in seconds
                 t - end-of-step cumulative time in seconds
              flux - flux in neutrons/cm^2-sec (CALCULATED)
           fluence - cumulative end-of-step fluence in neutrons/cm^2 (CALCULATED)
             power - power in mega-watts (INPUT)     
            energy - cumulative end-of-step energy released in mega-watt-days (INPUT)     
=========================================================================================================================
.
.
.
.
.
*************************************************************************************************************************
********************                                                                                 ********************
********************                                                                                 ********************
********************                    Library information                                          ********************
********************                                                                                 ********************
********************                                                                                 ********************
*************************************************************************************************************************
.
.
=========================================================================================================================
=   Library summary for case 'irrad' (#1/2)                                                                             =
-------------------------------------------------------------------------------------------------------------------------
filename: C:/Users/Teddy/AppData/Local/Temp/scale.Teddy.7488/w17x17_100d.f33 cross-section data taken from position number: 1
library title delimited by {}: 
{}
date library was produced: 538976288/538976288/538976288
total number of nuclides in library: 2237
number of light-element nuclides: 910
number of actinide nuclides: 176
number of fission product nuclides: 1151
number of nonzero off-diagonal matrix elements: 54564
=========================================================================================================================
.
.
*************************************************************************************************************************
********************                                                                                 ********************
********************                                                                                 ********************
********************                    Concentration tables                                         ********************
********************                                                                                 ********************
********************                                                                                 ********************
*************************************************************************************************************************
.
.
=========================================================================================================================
=   Nuclide concentrations in grams for case 'irrad' (#1/2)                                                             =
-------------------------------------------------------------------------------------------------------------------------
  (relative cutoff; integral of concentrations over time >   1.00E-06 % of integral of all concentrations over time)
.
                   0.000d    550.000d   
  he-4         0.0000E+00  1.7165E-01
  u-234        0.0000E+00  3.3630E-01
  u-235        2.8000E+04  2.2676E+04
  u-236        0.0000E+00  9.4945E+02
  u-237        0.0000E+00  7.7903E-01
  u-238        9.7200E+05  9.6851E+05
  u-239        0.0000E+00  1.3421E-01
  np-237       0.0000E+00  2.8710E+01
  np-238       0.0000E+00  2.0930E-02
  np-239       0.0000E+00  1.9408E+01
  pu-238       0.0000E+00  1.6048E+00
  pu-239       0.0000E+00  2.2585E+03
  pu-240       0.0000E+00  2.3984E+02
  pu-241       0.0000E+00  6.3185E+01
  pu-242       0.0000E+00  2.8713E+00
  am-241       0.0000E+00  1.1603E+00
  am-243       0.0000E+00  6.6972E-02
  cm-242       0.0000E+00  6.6710E-02
  ge-76        0.0000E+00  5.3605E-02
  se-77        0.0000E+00  1.3420E-01
  se-78        0.0000E+00  3.6012E-01
  se-79        0.0000E+00  7.8667E-01
  se-80        0.0000E+00  2.1625E+00
  br-81        0.0000E+00  3.5283E+00
  se-82        0.0000E+00  5.6550E+00
  kr-83        0.0000E+00  8.9922E+00
  kr-84        0.0000E+00  1.7910E+01
  kr-85        0.0000E+00  4.7023E+00
  rb-85        0.0000E+00  1.8082E+01
  kr-86        0.0000E+00  3.4421E+01
  rb-87        0.0000E+00  4.5375E+01
  sr-88        0.0000E+00  6.3574E+01
  sr-89        0.0000E+00  1.0653E+01
  y-89         0.0000E+00  7.4970E+01
  sr-90        0.0000E+00  1.0311E+02
  y-90         0.0000E+00  2.6421E-02
  zr-90        0.0000E+00  1.9244E+00
  sr-91        0.0000E+00  1.0854E-01
  y-91         0.0000E+00  1.6057E+01
  zr-91        0.0000E+00  9.2612E+01
  sr-92        0.0000E+00  3.2060E-02
  y-92         0.0000E+00  4.2366E-02
  zr-92        0.0000E+00  1.1479E+02
  y-93         0.0000E+00  1.3319E-01
  zr-93        0.0000E+00  1.2383E+02
  zr-94        0.0000E+00  1.2864E+02
  zr-95        0.0000E+00  2.1836E+01
  nb-95        0.0000E+00  1.1918E+01
  mo-95        0.0000E+00  1.0918E+02
  zr-96        0.0000E+00  1.3224E+02
  mo-96        0.0000E+00  7.8796E-01
  zr-97        0.0000E+00  2.3151E-01
  mo-97        0.0000E+00  1.2744E+02
  mo-98        0.0000E+00  1.2702E+02
  mo-99        0.0000E+00  9.7864E-01
  tc-99        0.0000E+00  1.3224E+02
  tc-99m       0.0000E+00  7.8350E-02
  mo-100       0.0000E+00  1.4195E+02
  ru-100       0.0000E+00  2.0890E+00
  ru-101       0.0000E+00  1.1936E+02
  ru-102       0.0000E+00  1.0589E+02
  ru-103       0.0000E+00  9.4617E+00
  rh-103       0.0000E+00  7.1410E+01
  ru-104       0.0000E+00  5.8599E+01
  pd-104       0.0000E+00  4.7825E+00
  ru-105       0.0000E+00  2.3428E-02
  rh-105       0.0000E+00  1.8257E-01
  pd-105       0.0000E+00  3.7449E+01
  ru-106       0.0000E+00  1.5058E+01
  pd-106       0.0000E+00  8.6193E+00
  pd-107       0.0000E+00  1.3534E+01
  pd-108       0.0000E+00  7.6632E+00
  ag-109       0.0000E+00  4.7891E+00
  pd-110       0.0000E+00  2.5807E+00
  cd-110       0.0000E+00  2.6282E-01
  ag-111       0.0000E+00  3.9432E-02
  cd-111       0.0000E+00  1.3755E+00
  cd-112       0.0000E+00  8.6430E-01
  cd-113       0.0000E+00  6.0311E-02
  cd-114       0.0000E+00  1.2816E+00
  in-115       0.0000E+00  4.6237E-01
  sn-115       0.0000E+00  2.7054E-02
  cd-116       0.0000E+00  5.9402E-01
  sn-116       0.0000E+00  8.6285E-02
  sn-117       0.0000E+00  5.5743E-01
  sn-118       0.0000E+00  5.4447E-01
  sn-119       0.0000E+00  5.4749E-01
  sn-120       0.0000E+00  5.6095E-01
  sn-121m      0.0000E+00  4.1464E-02
  sb-121       0.0000E+00  5.5291E-01
  sn-122       0.0000E+00  6.9190E-01
  sn-123       0.0000E+00  2.2919E-02
  sb-123       0.0000E+00  6.9152E-01
  sn-124       0.0000E+00  1.1029E+00
  sb-125       0.0000E+00  1.1714E+00
  te-125       0.0000E+00  2.0921E-01
  sn-126       0.0000E+00  2.2242E+00
  te-126       0.0000E+00  6.7615E-02
  sb-127       0.0000E+00  6.6003E-02
  te-127m      0.0000E+00  2.1676E-01
  i-127        0.0000E+00  5.2063E+00
  te-128       0.0000E+00  1.1515E+01
  xe-128       0.0000E+00  3.8418E-02
  te-129m      0.0000E+00  3.0781E-01
  i-129        0.0000E+00  1.8942E+01
  te-130       0.0000E+00  5.4636E+01
  xe-130       0.0000E+00  1.2345E-01
  te-131m      0.0000E+00  5.5314E-02
  i-131        0.0000E+00  1.9136E+00
  xe-131       0.0000E+00  8.2203E+01
  xe-131m      0.0000E+00  3.1112E-02
  te-132       0.0000E+00  1.1187E+00
  i-132        0.0000E+00  3.3840E-02
  xe-132       0.0000E+00  1.3554E+02
  i-133        0.0000E+00  4.5640E-01
  xe-133       0.0000E+00  2.7635E+00
  xe-133m      0.0000E+00  3.4186E-02
  cs-133       0.0000E+00  1.9295E+02
  i-134        0.0000E+00  2.2151E-02
  xe-134       0.0000E+00  2.3427E+02
  cs-134       0.0000E+00  3.3049E+00
  ba-134       0.0000E+00  5.8145E-01
  i-135        0.0000E+00  1.3824E-01
  xe-135       0.0000E+00  1.1175E-01
  cs-135       0.0000E+00  1.0982E+02
  xe-136       0.0000E+00  2.8595E+02
  cs-136       0.0000E+00  4.7035E-02
  ba-136       0.0000E+00  8.5677E-01
  cs-137       0.0000E+00  1.8695E+02
  ba-137       0.0000E+00  3.2701E+00
  ba-138       0.0000E+00  2.0418E+02
  ba-139       0.0000E+00  2.9250E-02
  la-139       0.0000E+00  1.9456E+02
  ba-140       0.0000E+00  6.3058E+00
  la-140       0.0000E+00  8.3386E-01
  ce-140       0.0000E+00  1.8438E+02
  la-141       0.0000E+00  7.6937E-02
  ce-141       0.0000E+00  1.5287E+01
  pr-141       0.0000E+00  1.6620E+02
  la-142       0.0000E+00  2.9446E-02
  ce-142       0.0000E+00  1.7990E+02
  nd-142       0.0000E+00  4.2852E-01
  ce-143       0.0000E+00  6.4526E-01
  pr-143       0.0000E+00  6.3520E+00
  nd-143       0.0000E+00  1.6737E+02
  ce-144       0.0000E+00  9.2551E+01
  nd-144       0.0000E+00  8.5026E+01
  pr-145       0.0000E+00  7.9374E-02
  nd-145       0.0000E+00  1.2169E+02
  nd-146       0.0000E+00  9.8539E+01
  nd-147       0.0000E+00  2.0945E+00
  pm-147       0.0000E+00  5.3448E+01
  sm-147       0.0000E+00  1.1351E+01
  nd-148       0.0000E+00  5.6330E+01
  pm-148       0.0000E+00  8.5041E-02
  pm-148m      0.0000E+00  2.5576E-01
  sm-148       0.0000E+00  4.8450E+00
  pm-149       0.0000E+00  2.3829E-01
  sm-149       0.0000E+00  1.6398E+00
  nd-150       0.0000E+00  2.4259E+01
  sm-150       0.0000E+00  3.7164E+01
  pm-151       0.0000E+00  5.3099E-02
  sm-151       0.0000E+00  5.8496E+00
  sm-152       0.0000E+00  1.8950E+01
  sm-153       0.0000E+00  6.8693E-02
  eu-153       0.0000E+00  8.5978E+00
  sm-154       0.0000E+00  3.5725E+00
  eu-154       0.0000E+00  6.3512E-01
  gd-154       0.0000E+00  2.5799E-02
  eu-155       0.0000E+00  7.2639E-01
  eu-156       0.0000E+00  1.4157E-01
  gd-156       0.0000E+00  2.3373E+00
  gd-157       0.0000E+00  2.1484E-02
  gd-158       0.0000E+00  8.7252E-01
  tb-159       0.0000E+00  1.3258E-01
  gd-160       0.0000E+00  5.7569E-02
  dy-161       0.0000E+00  2.2806E-02
------------
  totals       1.0000E+06  1.0000E+06
=========================================================================================================================
.
.
=========================================================================================================================
=   History overview for case 'decay' (#2/2)                                                                            =
-------------------------------------------------------------------------------------------------------------------------
   step          t0          t1          dt           t        flux     fluence       power      energy
    (-)         (y)         (y)         (s)         (s)   (n/cm2-s)     (n/cm2)        (MW)       (MWd)
      1      1.5057      2.5057  3.1560E+07  7.9080E+07  0.0000E+00  3.5823E+21  0.0000E+00  4.9495E+03
          
              step - step index within this case
                t0 - time at beginning-of-step in input units
                t1 - time at end-of-step in input units
                dt - length of step in seconds
                 t - end-of-step cumulative time in seconds
              flux - flux in neutrons/cm^2-sec (CALCULATED)
           fluence - cumulative end-of-step fluence in neutrons/cm^2 (CALCULATED)
             power - power in mega-watts (INPUT)     
            energy - cumulative end-of-step energy released in mega-watt-days (INPUT)     
=========================================================================================================================
.
.
.
.
.
*************************************************************************************************************************
********************                                                                                 ********************
********************                                                                                 ********************
********************                    Library information                                          ********************
********************                                                                                 ********************
********************                                                                                 ********************
*************************************************************************************************************************
.
.
=========================================================================================================================
=   Library summary for case 'decay' (#2/2)                                                                             =
-------------------------------------------------------------------------------------------------------------------------
filename: C:/Users/Teddy/AppData/Local/Temp/scale.Teddy.7488/w17x17_100d.f33 cross-section data taken from position number: 1
library title delimited by {}: 
{}
date library was produced: 538976288/538976288/538976288
total number of nuclides in library: 2237
number of light-element nuclides: 910
number of actinide nuclides: 176
number of fission product nuclides: 1151
number of nonzero off-diagonal matrix elements: 54564
=========================================================================================================================
.
.
*************************************************************************************************************************
********************                                                                                 ********************
********************                                                                                 ********************
********************                    Concentration tables                                         ********************
********************                                                                                 ********************
********************                                                                                 ********************
*************************************************************************************************************************
.
.
=========================================================================================================================
=   Nuclide concentrations in grams for case 'decay' (#2/2)                                                             =
-------------------------------------------------------------------------------------------------------------------------
  (relative cutoff; integral of concentrations over time >   1.00E-06 % of integral of all concentrations over time)
.
                   1.506y      2.506y   
  he-4         1.7165E-01  1.7434E-01
  u-234        3.3630E-01  3.4928E-01
  u-235        2.2676E+04  2.2676E+04
  u-236        9.4945E+02  9.4948E+02
  u-237        7.7903E-01  1.8779E-06
  u-238        9.6851E+05  9.6851E+05
  u-239        1.3421E-01  0.0000E+00
  np-237       2.8710E+01  2.9494E+01
  np-238       2.0930E-02  1.5592E-09
  np-239       1.9408E+01  5.7793E-08
  pu-238       1.6048E+00  1.6650E+00
  pu-239       2.2585E+03  2.2779E+03
  pu-240       2.3984E+02  2.3982E+02
  pu-241       6.3185E+01  6.0193E+01
  pu-242       2.8713E+00  2.8714E+00
  am-241       1.1603E+00  4.1480E+00
  am-243       6.6972E-02  6.7138E-02
  cm-242       6.6710E-02  1.4284E-02
  as-75        1.9349E-02  1.9353E-02
  ge-76        5.3605E-02  5.3605E-02
  se-77        1.3420E-01  1.3493E-01
  se-78        3.6012E-01  3.6024E-01
  se-79        7.8667E-01  7.8669E-01
  se-80        2.1625E+00  2.1625E+00
  br-81        3.5283E+00  3.5285E+00
  se-82        5.6550E+00  5.6550E+00
  kr-82        1.5487E-02  1.5600E-02
  kr-83        8.9922E+00  8.9967E+00
  kr-84        1.7910E+01  1.7911E+01
  kr-85        4.7023E+00  4.4110E+00
  rb-85        1.8082E+01  1.8384E+01
  kr-86        3.4421E+01  3.4421E+01
  rb-87        4.5375E+01  4.5381E+01
  sr-88        6.3574E+01  6.3594E+01
  sr-89        1.0653E+01  7.1031E-02
  y-89         7.4970E+01  8.5555E+01
  sr-90        1.0311E+02  1.0066E+02
  y-90         2.6421E-02  2.5533E-02
  zr-90        1.9244E+00  4.3782E+00
  sr-91        1.0854E-01  0.0000E+00
  y-91         1.6057E+01  2.1352E-01
  zr-91        9.2612E+01  1.0857E+02
  sr-92        3.2060E-02  0.0000E+00
  y-92         4.2366E-02  0.0000E+00
  zr-92        1.1479E+02  1.1486E+02
  y-93         1.3319E-01  0.0000E+00
  zr-93        1.2383E+02  1.2396E+02
  zr-94        1.2864E+02  1.2864E+02
  zr-95        2.1836E+01  4.1874E-01
  nb-95        1.1918E+01  5.1014E-01
  mo-95        1.0918E+02  1.4204E+02
  zr-96        1.3224E+02  1.3224E+02
  mo-96        7.8796E-01  7.8822E-01
  zr-97        2.3151E-01  0.0000E+00
  mo-97        1.2744E+02  1.2769E+02
  mo-98        1.2702E+02  1.2702E+02
  mo-99        9.7864E-01  0.0000E+00
  tc-99        1.3224E+02  1.3330E+02
  tc-99m       7.8350E-02  0.0000E+00
  mo-100       1.4195E+02  1.4195E+02
  ru-100       2.0890E+00  2.0890E+00
  ru-101       1.1936E+02  1.1937E+02
  ru-102       1.0589E+02  1.0589E+02
  ru-103       9.4617E+00  1.4936E-02
  rh-103       7.1410E+01  8.0866E+01
  ru-104       5.8599E+01  5.8601E+01
  pd-104       4.7825E+00  4.7825E+00
  ru-105       2.3428E-02  0.0000E+00
  rh-105       1.8257E-01  0.0000E+00
  pd-105       3.7449E+01  3.7655E+01
  ru-106       1.5058E+01  7.6208E+00
  pd-106       8.6193E+00  1.6056E+01
  pd-107       1.3534E+01  1.3535E+01
  pd-108       7.6632E+00  7.6633E+00
  ag-109       4.7891E+00  4.8016E+00
  pd-110       2.5807E+00  2.5807E+00
  cd-110       2.6282E-01  2.6794E-01
  ag-111       3.9432E-02  6.8717E-17
  cd-111       1.3755E+00  1.4150E+00
  cd-112       8.6430E-01  8.6725E-01
  cd-113       6.0311E-02  6.0651E-02
  cd-114       1.2816E+00  1.2816E+00
  in-115       4.6237E-01  4.7032E-01
  sn-115       2.7054E-02  2.7250E-02
  cd-116       5.9402E-01  5.9402E-01
  sn-116       8.6285E-02  8.6296E-02
  sn-117       5.5743E-01  5.5779E-01
  sn-118       5.4447E-01  5.4452E-01
  sn-119       5.4749E-01  5.5357E-01
  sn-120       5.6095E-01  5.6095E-01
  sn-121m      4.1464E-02  4.0814E-02
  sb-121       5.5291E-01  5.5536E-01
  sn-122       6.9190E-01  6.9190E-01
  sn-123       2.2919E-02  3.2293E-03
  sb-123       6.9152E-01  7.1126E-01
  sn-124       1.1029E+00  1.1029E+00
  sb-125       1.1714E+00  9.2375E-01
  te-125       2.0921E-01  4.7325E-01
  te-125m      1.3128E-02  1.2837E-02
  sn-126       2.2242E+00  2.2242E+00
  te-126       6.7615E-02  6.8588E-02
  sb-127       6.6003E-02  0.0000E+00
  te-127m      2.1676E-01  2.2361E-02
  i-127        5.2063E+00  5.4738E+00
  te-128       1.1515E+01  1.1517E+01
  xe-128       3.8418E-02  3.8422E-02
  te-129m      3.0781E-01  1.6514E-04
  i-129        1.8942E+01  1.9262E+01
  te-130       5.4636E+01  5.4638E+01
  xe-130       1.2345E-01  1.2375E-01
  te-131m      5.5314E-02  0.0000E+00
  i-131        1.9136E+00  3.9481E-14
  xe-131       8.2203E+01  8.4210E+01
  xe-131m      3.1112E-02  5.0523E-11
  te-132       1.1187E+00  0.0000E+00
  i-132        3.3840E-02  0.0000E+00
  xe-132       1.3554E+02  1.3669E+02
  i-133        4.5640E-01  0.0000E+00
  xe-133       2.7635E+00  3.6160E-21
  xe-133m      3.4186E-02  0.0000E+00
  cs-133       1.9295E+02  1.9621E+02
  i-134        2.2151E-02  0.0000E+00
  xe-134       2.3427E+02  2.3431E+02
  cs-134       3.3049E+00  2.3627E+00
  ba-134       5.8145E-01  1.5239E+00
  i-135        1.3824E-01  0.0000E+00
  xe-135       1.1175E-01  0.0000E+00
  cs-135       1.0982E+02  1.1007E+02
  xe-136       2.8595E+02  2.8595E+02
  cs-136       4.7035E-02  2.0738E-10
  ba-136       8.5677E-01  9.0380E-01
  cs-137       1.8695E+02  1.8269E+02
  ba-137       3.2701E+00  7.5293E+00
  ba-138       2.0418E+02  2.0420E+02
  ba-139       2.9250E-02  0.0000E+00
  la-139       1.9456E+02  1.9459E+02
  ba-140       6.3058E+00  1.5047E-08
  la-140       8.3386E-01  2.2806E-09
  ce-140       1.8438E+02  1.9152E+02
  la-141       7.6937E-02  0.0000E+00
  ce-141       1.5287E+01  6.3695E-03
  pr-141       1.6620E+02  1.8156E+02
  la-142       2.9446E-02  0.0000E+00
  ce-142       1.7990E+02  1.7993E+02
  nd-142       4.2852E-01  4.3032E-01
  ce-143       6.4526E-01  0.0000E+00
  pr-143       6.3520E+00  5.5789E-08
  nd-143       1.6737E+02  1.7438E+02
  ce-144       9.2551E+01  3.8057E+01
  nd-144       8.5026E+01  1.3952E+02
  pr-145       7.9374E-02  0.0000E+00
  nd-145       1.2169E+02  1.2177E+02
  nd-146       9.8539E+01  9.8546E+01
  nd-147       2.0945E+00  2.0271E-10
  pm-147       5.3448E+01  4.2665E+01
  sm-147       1.1351E+01  2.4230E+01
  nd-148       5.6330E+01  5.6331E+01
  pm-148       8.5041E-02  3.4865E-06
  pm-148m      2.5576E-01  5.5552E-04
  sm-148       4.8450E+00  5.1853E+00
  pm-149       2.3829E-01  0.0000E+00
  sm-149       1.6398E+00  1.8854E+00
  nd-150       2.4259E+01  2.4259E+01
  sm-150       3.7164E+01  3.7164E+01
  pm-151       5.3099E-02  0.0000E+00
  sm-151       5.8496E+00  5.8578E+00
  eu-151       1.9092E-02  6.4383E-02
  sm-152       1.8950E+01  1.8950E+01
  sm-153       6.8693E-02  0.0000E+00
  eu-153       8.5978E+00  8.6666E+00
  sm-154       3.5725E+00  3.5726E+00
  eu-154       6.3512E-01  5.8595E-01
  gd-154       2.5799E-02  7.4970E-02
  eu-155       7.2639E-01  6.2789E-01
  gd-155       1.7951E-02  1.1654E-01
  eu-156       1.4157E-01  8.2503E-09
  gd-156       2.3373E+00  2.4803E+00
  gd-157       2.1484E-02  2.2816E-02
  gd-158       8.7252E-01  8.7256E-01
  tb-159       1.3258E-01  1.3300E-01
  gd-160       5.7569E-02  5.7569E-02
  dy-161       2.2806E-02  2.3555E-02
  dy-162       1.2353E-02  1.2354E-02
------------
  totals       1.0000E+06  1.0000E+06
=========================================================================================================================
.
.
*************************************************************************************************************************
********************                                                                                 ********************
********************                                                                                 ********************
********************                    Written F71 File Information                                 ********************
********************                                                                                 ********************
********************                                                                                 ********************
*************************************************************************************************************************
.
.
   pos         time        power         flux      fluence       energy libpos   case   step DCGNAB
   (-)          (s)         (MW)    (n/cm2-s)      (n/cm2)        (MWd)    (-)    (-)    (-)    (-)
     1  4.75200e+07  0.00000e+00  0.00000e+00  3.58227e+21  4.94950e+03      1      2      0 DC----
     2  7.90800e+07  0.00000e+00  0.00000e+00  3.58227e+21  4.94950e+03      1      2      1 DC----
    D - state definition present
    C - concentrations present
    G - gamma emission spectra present
    N - neutron emission spectra present
    A - alpha emission spectra present
    B - beta emission spectra present
.
.
.
=========================================================================================================================
ORIGEN finished successfully.
=========================================================================================================================
    module origen used 0.426812 seconds cpu time for the current pass.

    module origen is finished. completion code    0. total cpu time used 3.26573e-006 seconds.


    SCALE is finished on Wed Feb 13 18:27:16 2019.
-------------------------- Summary --------------------------
arp finished. used 1.85122 seconds.
origen finished. used 0.432287 seconds.
SCALE driver required a maximum of 8.297 MiB of RAM.
------------------------ End Summary ------------------------

w17x17_100d.f33 copied to C:\Users\Teddy\Desktop\scale_test\output\w17x17_100d.f33.
discharge.f71 copied to C:\Users\Teddy\Desktop\scale_test\output\discharge.f71.
