 *******************************************************************************
 *                                                                             *
 *                                 SCALE 6.2.2                                 *
 *                                -------------                                *
 *                                February 2019                                *
 *                                                                             *
 *           SCALE:  A Comprehensive Modeling and Simulation Suite             *
 *                   for Nuclear Safety Analysis and Design                    *
 *                                                                             *
 *                      Reactor and Nuclear Systems Division                   *
 *                        Oak Ridge National Laboratory                        *
 *                                                                             *
 *                           http://scale.ornl.gov                             *
 *                            scalehelp@ornl.gov                               *
 *                                                                             *
 *******************************************************************************
 *******************************************************************************
      
                  Job Information
                  ---------------
      Job started on DESKTOP-J14NAA6 on Wed 13/02/2019 18:31:16
      Working directory: C:\Users\Teddy\AppData\Local\Temp\scale.Teddy.11452
      Input file name  : C:\Users\Teddy\Desktop\scale_test\output\2.800000_53030.303030.inp
      Output file name : C:\Users\Teddy\Desktop\scale_test\output\2.800000_53030.303030.out
      SCALE executable : C:\SCALE-6.2.2/bin/scale
      
 *******************************************************************************


    module arp will be called on Wed Feb 13 18:31:17 2019.
    sequence specification record:=arp
Input Data:

      'library type
      w17x17
      2.800000
      ' num cycles
      1
      ' num days per cycle
      550
      ' cycle average specific power (MW / MTU)
      96.418733
      ' number of interpolated cross section sets generated per cycle
      1
      ' moderator density (g/cc)
      0.723
      ' interpolated output ORIGEN library
      w17x17_100d.f33
end

1






        ************************************************************************************************************************
        ************************************************************************************************************************
        ************************************************************************************************************************
        *****                                                                                                              *****
        *****                                       program verification information                                       *****
        *****                                                                                                              *****
        *****                                   code system:  SCALE    version:  6.2                                       *****
        *****                                                                                                              *****
        ************************************************************************************************************************
        ************************************************************************************************************************
        *****                                                                                                              *****
        *****                                                                                                              *****
        *****              program:  arp.exe                                                                               *****
        *****                                                                                                              *****
        *****        creation date:   unknown                                                                              *****
        *****                                                                                                              *****
        *****              library:  C:\SCALE-6.2.2\bin                                                                    *****
        *****                                                                                                              *****
        *****                                                                                                              *****
        *****            prod code:  arp.exe                                                                               *****
        *****                                                                                                              *****
        *****              version:  6.2.2                                                                                 *****
        *****                                                                                                              *****
        *****              jobname:  Teddy                                                                                 *****
        *****                                                                                                              *****
        *****         machine name:  DESKTOP-J14NAA6                                                                       *****
        *****                                                                                                              *****
        *****    date of execution:  13_feb_2019                                                                           *****
        *****                                                                                                              *****
        *****    time of execution:  18:31:17.07                                                                           *****
        *****                                                                                                              *****
        *****                                                                                                              *****
        ************************************************************************************************************************
        ************************************************************************************************************************
        ************************************************************************************************************************


 'library type
    data library:       w17x17
       directory:       C:/SCALE-6.2.2/data/\arplibs
       definition:      C:/SCALE-6.2.2/data/\arpdata.txt
    u-235 enrichment:                        2.800

 ' num cycles
    number of cycles:                            1

 ' num days per cycle

 ' cycle average specific power (MW / MTU)

 ' number of interpolated cross section sets generated per cycle

 ' moderator density (g/cc)
    water density (g/cm3):                  0.7230
                                         cycle        cumulative      midpoint
   cycle time(d)        power(MW)      burnup(MWd/MTU)burnup(MWd/MTU)burnup(MWd/MTU)nlib
     1    550.000        96.4187        53030.3        53030.3        26515.2             1

 ' interpolated output ORIGEN library
    interpolated library name:                   w17x17_100d.f33
 interpolation type: spline
 Cross section library interpolation completed.
.
.
.
=========================================================================================================================
ARP finished successfully.
=========================================================================================================================
    module arp used 2.30199 seconds cpu time for the current pass.

    module arp is finished. completion code    0. total cpu time used 1.81948e-005 seconds.



    module origen will be called on Wed Feb 13 18:31:19 2019.
    sequence specification record:=origen
Input Data:

      case(irrad) {
          lib{
              file="w17x17_100d.f33" pos=1
          }
          mat {
              units=GRAMS
              iso=[u235=28000.000000 u238=972000.000000]
          }
          time = [ 550 ]
          power = [ 96.418733 ]
      }
      case (decay) {
          time {
              units=YEARS
              start=0
              t=[1]
          }
          save{ file="discharge.f71" steps=[0 LAST]}
      }
end

1






        ************************************************************************************************************************
        ************************************************************************************************************************
        ************************************************************************************************************************
        *****                                                                                                              *****
        *****                                       program verification information                                       *****
        *****                                                                                                              *****
        *****                                   code system:  SCALE    version:  6.2                                       *****
        *****                                                                                                              *****
        ************************************************************************************************************************
        ************************************************************************************************************************
        *****                                                                                                              *****
        *****                                                                                                              *****
        *****              program:  origen.exe                                                                            *****
        *****                                                                                                              *****
        *****        creation date:   unknown                                                                              *****
        *****                                                                                                              *****
        *****              library:  C:\SCALE-6.2.2\bin                                                                    *****
        *****                                                                                                              *****
        *****                                                                                                              *****
        *****            prod code:  origen.exe                                                                            *****
        *****                                                                                                              *****
        *****              version:  6.2.2                                                                                 *****
        *****                                                                                                              *****
        *****              jobname:  Teddy                                                                                 *****
        *****                                                                                                              *****
        *****         machine name:  DESKTOP-J14NAA6                                                                       *****
        *****                                                                                                              *****
        *****    date of execution:  13_feb_2019                                                                           *****
        *****                                                                                                              *****
        *****    time of execution:  18:31:19.38                                                                           *****
        *****                                                                                                              *****
        *****                                                                                                              *****
        ************************************************************************************************************************
        ************************************************************************************************************************
        ************************************************************************************************************************

*************************************************************************************************************************
********************                                                                                 ********************
********************                                                                                 ********************
********************                    USER INPUT SUMMARY                                           ********************
********************                                                                                 ********************
********************                                                                                 ********************
*************************************************************************************************************************
.
.
=========================================================================================================================
=   Case "irrad" (#1/2)                                                                                                 =
-------------------------------------------------------------------------------------------------------------------------
###   Library settings                                                                                                ###
.
                                Library file name:     C:/Users/Teddy/AppData/Local/Temp/scale.Teddy.11452/w17x17_100d.f33
                             Library set position:              1
                 Fission product reaction removal:             no
-------------------------------------------------------------------------------------------------------------------------
###   Global settings                                                                                                 ###
.
                                           Solver:              MATREX
                                             Mode:        forward
                             Fixed fission energy:             no
-------------------------------------------------------------------------------------------------------------------------
###   Concentrations output options                                                                                   ###
.
                            High-precision output:             no
                                  Relative cutoff:            yes
                         Step for applying cutoff:       integral
.
                      light els.   actinides  fis.prods.       total
                       nuc    el   nuc    el   nuc    el   nuc    el             cutoff
gram-atoms                                                                    1.000E-06
grams                                                      **                 1.000E-06
curies                                                                        1.000E-06
watts                                                                         1.000E-06
gamma watts                                                                   1.000E-06
m3 air                                                                        1.000E-06
m3 water                                                                      1.000E-06
grams ppm                                                                     1.000E-06
atoms ppm                                                                     1.000E-06
atoms/barn-cm                                                                 1.000E-06
becquerels                                                                    1.000E-06
-------------------------------------------------------------------------------------------------------------------------
###   Additional output options                                                                                       ###
.
                                      Print k-inf:             no
           Nuclides for absorption fraction print:           none
                              Print fission rates:             no
            Step for sorting absorption fractions:              1
=========================================================================================================================
=   Case "decay" (#2/2)                                                                                                 =
-------------------------------------------------------------------------------------------------------------------------
###   Library settings                                                                                                ###
.
                                Library file name:     C:/Users/Teddy/AppData/Local/Temp/scale.Teddy.11452/w17x17_100d.f33
                             Library set position:              1
                 Fission product reaction removal:             no
-------------------------------------------------------------------------------------------------------------------------
###   Global settings                                                                                                 ###
.
                                           Solver:              MATREX
                                             Mode:        forward
                             Fixed fission energy:             no
-------------------------------------------------------------------------------------------------------------------------
###   Concentrations output options                                                                                   ###
.
                            High-precision output:             no
                                  Relative cutoff:            yes
                         Step for applying cutoff:       integral
.
                      light els.   actinides  fis.prods.       total
                       nuc    el   nuc    el   nuc    el   nuc    el             cutoff
gram-atoms                                                                    1.000E-06
grams                                                      **                 1.000E-06
curies                                                                        1.000E-06
watts                                                                         1.000E-06
gamma watts                                                                   1.000E-06
m3 air                                                                        1.000E-06
m3 water                                                                      1.000E-06
grams ppm                                                                     1.000E-06
atoms ppm                                                                     1.000E-06
atoms/barn-cm                                                                 1.000E-06
becquerels                                                                    1.000E-06
-------------------------------------------------------------------------------------------------------------------------
###   Additional output options                                                                                       ###
.
                                      Print k-inf:             no
           Nuclides for absorption fraction print:           none
                              Print fission rates:             no
            Step for sorting absorption fractions:              1
=========================================================================================================================
###   Blending information                                                                                            ###
.
  --- no blending requested in this job ---
=========================================================================================================================
.
.
***Warning:  The flux over a step has changed by more than 20%.
=========================================================================================================================
=   History overview for case 'irrad' (#1/2)                                                                            =
-------------------------------------------------------------------------------------------------------------------------
   step          t0          t1          dt           t        flux     fluence       power      energy
    (-)         (d)         (d)         (s)         (s)   (n/cm2-s)     (n/cm2)        (MW)       (MWd)
      1      0.0000    550.0000  4.7520E+07  4.7520E+07  1.0270E+15  4.8802E+22  9.6419E+01  5.3030E+04
          
              step - step index within this case
                t0 - time at beginning-of-step in input units
                t1 - time at end-of-step in input units
                dt - length of step in seconds
                 t - end-of-step cumulative time in seconds
              flux - flux in neutrons/cm^2-sec (CALCULATED)
           fluence - cumulative end-of-step fluence in neutrons/cm^2 (CALCULATED)
             power - power in mega-watts (INPUT)     
            energy - cumulative end-of-step energy released in mega-watt-days (INPUT)     
=========================================================================================================================
.
.
.
.
.
*************************************************************************************************************************
********************                                                                                 ********************
********************                                                                                 ********************
********************                    Library information                                          ********************
********************                                                                                 ********************
********************                                                                                 ********************
*************************************************************************************************************************
.
.
=========================================================================================================================
=   Library summary for case 'irrad' (#1/2)                                                                             =
-------------------------------------------------------------------------------------------------------------------------
filename: C:/Users/Teddy/AppData/Local/Temp/scale.Teddy.11452/w17x17_100d.f33 cross-section data taken from position number: 1
library title delimited by {}: 
{}
date library was produced: 538976288/538976288/538976288
total number of nuclides in library: 2237
number of light-element nuclides: 910
number of actinide nuclides: 176
number of fission product nuclides: 1151
number of nonzero off-diagonal matrix elements: 54564
=========================================================================================================================
.
.
*************************************************************************************************************************
********************                                                                                 ********************
********************                                                                                 ********************
********************                    Concentration tables                                         ********************
********************                                                                                 ********************
********************                                                                                 ********************
*************************************************************************************************************************
.
.
=========================================================================================================================
=   Nuclide concentrations in grams for case 'irrad' (#1/2)                                                             =
-------------------------------------------------------------------------------------------------------------------------
  (relative cutoff; integral of concentrations over time >   1.00E-06 % of integral of all concentrations over time)
.
                   0.000d    550.000d   
  h-3          0.0000E+00  8.9216E-02
  he-4         0.0000E+00  2.5797E+00
  u-234        0.0000E+00  2.2314E+00
  u-235        2.8000E+04  2.0794E+03
  u-236        0.0000E+00  3.8479E+03
  u-237        0.0000E+00  2.4504E+01
  u-238        9.7200E+05  9.2552E+05
  u-239        0.0000E+00  1.7406E+00
  np-237       0.0000E+00  5.9023E+02
  np-238       0.0000E+00  5.2229E+00
  np-239       0.0000E+00  2.5040E+02
  pu-238       0.0000E+00  3.5664E+02
  pu-239       0.0000E+00  5.3095E+03
  pu-240       0.0000E+00  2.4228E+03
  pu-241       0.0000E+00  1.7668E+03
  pu-242       0.0000E+00  1.6160E+03
  pu-243       0.0000E+00  1.2323E+00
  pu-244       0.0000E+00  5.0114E-01
  am-241       0.0000E+00  2.1408E+01
  am-242m      0.0000E+00  3.5706E-01
  am-242       0.0000E+00  1.9259E-01
  am-243       0.0000E+00  5.6430E+02
  am-244m      0.0000E+00  6.9091E-02
  am-244       0.0000E+00  1.0749E-01
  cm-242       0.0000E+00  2.7344E+01
  cm-243       0.0000E+00  1.1920E+00
  cm-244       0.0000E+00  4.7153E+02
  cm-245       0.0000E+00  5.1725E+01
  cm-246       0.0000E+00  1.4019E+01
  cm-247       0.0000E+00  3.1113E-01
  cm-248       0.0000E+00  4.3615E-02
  ge-73        0.0000E+00  2.6892E-02
  ge-74        0.0000E+00  7.3520E-02
  as-75        0.0000E+00  1.8349E-01
  ge-76        0.0000E+00  5.0965E-01
  se-77        0.0000E+00  1.1040E+00
  se-78        0.0000E+00  3.5921E+00
  se-79        0.0000E+00  7.2757E+00
  se-80        0.0000E+00  1.8683E+01
  br-81        0.0000E+00  3.1079E+01
  se-82        0.0000E+00  4.9728E+01
  kr-82        0.0000E+00  1.7165E+00
  kr-83        0.0000E+00  4.6668E+01
  kr-84        0.0000E+00  1.6898E+02
  kr-85        0.0000E+00  3.5748E+01
  kr-85m       0.0000E+00  4.9674E-02
  rb-85        0.0000E+00  1.3585E+02
  kr-86        0.0000E+00  2.5516E+02
  rb-86        0.0000E+00  8.9042E-02
  sr-86        0.0000E+00  1.0385E+00
  kr-87        0.0000E+00  2.6621E-02
  rb-87        0.0000E+00  3.3428E+02
  kr-88        0.0000E+00  7.8266E-02
  sr-88        0.0000E+00  4.6111E+02
  sr-89        0.0000E+00  4.5378E+01
  y-89         0.0000E+00  5.6596E+02
  sr-90        0.0000E+00  7.3819E+02
  y-90         0.0000E+00  2.1210E-01
  zr-90        0.0000E+00  1.8766E+01
  sr-91        0.0000E+00  5.1529E-01
  y-91         0.0000E+00  7.9369E+01
  y-91m        0.0000E+00  2.6095E-02
  zr-91        0.0000E+00  7.3968E+02
  sr-92        0.0000E+00  1.6796E-01
  y-92         0.0000E+00  2.2192E-01
  zr-92        0.0000E+00  9.1896E+02
  y-93         0.0000E+00  7.8106E-01
  zr-93        0.0000E+00  1.0369E+03
  y-94         0.0000E+00  2.6320E-02
  zr-94        0.0000E+00  1.1496E+03
  mo-94        0.0000E+00  2.2800E-02
  zr-95        0.0000E+00  1.4735E+02
  nb-95        0.0000E+00  7.9859E+01
  nb-95m       0.0000E+00  8.9937E-02
  mo-95        0.0000E+00  9.6597E+02
  zr-96        0.0000E+00  1.2560E+03
  mo-96        0.0000E+00  1.0036E+02
  zr-97        0.0000E+00  1.7997E+00
  nb-97        0.0000E+00  1.3030E-01
  mo-97        0.0000E+00  1.2707E+03
  mo-98        0.0000E+00  1.3593E+03
  mo-99        0.0000E+00  8.4097E+00
  tc-99        0.0000E+00  1.1874E+03
  tc-99m       0.0000E+00  6.7836E-01
  ru-99        0.0000E+00  2.3073E-02
  mo-100       0.0000E+00  1.5537E+03
  ru-100       0.0000E+00  2.7260E+02
  mo-101       0.0000E+00  3.0858E-02
  tc-101       0.0000E+00  3.0027E-02
  ru-101       0.0000E+00  1.2750E+03
  mo-102       0.0000E+00  2.4028E-02
  ru-102       0.0000E+00  1.4687E+03
  ru-103       0.0000E+00  1.3104E+02
  rh-103       0.0000E+00  5.8923E+02
  rh-103m      0.0000E+00  1.2870E-01
  tc-104       0.0000E+00  3.7995E-02
  ru-104       0.0000E+00  1.1441E+03
  pd-104       0.0000E+00  6.3772E+02
  ru-105       0.0000E+00  5.0005E-01
  rh-105       0.0000E+00  3.1401E+00
  pd-105       0.0000E+00  6.9028E+02
  ru-106       0.0000E+00  4.7230E+02
  pd-106       0.0000E+00  5.5669E+02
  rh-107       0.0000E+00  2.5480E-02
  pd-107       0.0000E+00  5.2294E+02
  pd-108       0.0000E+00  3.6298E+02
  pd-109       0.0000E+00  6.4886E-01
  ag-109       0.0000E+00  1.6184E+02
  pd-110       0.0000E+00  1.2603E+02
  ag-110m      0.0000E+00  2.1214E+00
  cd-110       0.0000E+00  1.4956E+02
  ag-111       0.0000E+00  1.5796E+00
  cd-111       0.0000E+00  6.3945E+01
  pd-112       0.0000E+00  7.8324E-02
  cd-112       0.0000E+00  3.2635E+01
  cd-113       0.0000E+00  1.4271E-01
  cd-114       0.0000E+00  3.3402E+01
  cd-115       0.0000E+00  6.6051E-02
  cd-115m      0.0000E+00  8.3380E-02
  in-115       0.0000E+00  2.1667E+00
  sn-115       0.0000E+00  4.4201E-01
  cd-116       0.0000E+00  1.0701E+01
  sn-116       0.0000E+00  8.1933E+00
  sn-117       0.0000E+00  9.5143E+00
  sn-118       0.0000E+00  8.9135E+00
  sn-119       0.0000E+00  8.4183E+00
  sn-119m      0.0000E+00  1.2858E-01
  sn-120       0.0000E+00  8.7942E+00
  sn-121       0.0000E+00  2.5876E-02
  sn-121m      0.0000E+00  6.6423E-01
  sb-121       0.0000E+00  7.8639E+00
  sn-122       0.0000E+00  1.1200E+01
  te-122       0.0000E+00  1.0530E+00
  sn-123       0.0000E+00  5.0086E-01
  sb-123       0.0000E+00  1.0128E+01
  sn-124       0.0000E+00  1.7436E+01
  sb-124       0.0000E+00  2.0702E-01
  te-124       0.0000E+00  6.4463E-01
  sn-125       0.0000E+00  2.6566E-01
  sb-125       0.0000E+00  1.9287E+01
  te-125       0.0000E+00  3.8362E+00
  te-125m      0.0000E+00  2.2341E-01
  sn-126       0.0000E+00  3.8942E+01
  te-126       0.0000E+00  9.2533E-01
  sb-127       0.0000E+00  9.5054E-01
  te-127       0.0000E+00  8.2273E-02
  te-127m      0.0000E+00  8.8809E-01
  i-127        0.0000E+00  7.2888E+01
  te-128       0.0000E+00  1.7342E+02
  xe-128       0.0000E+00  8.6432E+00
  sb-129       0.0000E+00  1.3406E-01
  te-129       0.0000E+00  3.3698E-02
  te-129m      0.0000E+00  4.0023E+00
  i-129        0.0000E+00  2.7531E+02
  xe-129       0.0000E+00  1.0438E-01
  te-130       0.0000E+00  6.3968E+02
  i-130        0.0000E+00  4.8732E-02
  xe-130       0.0000E+00  2.1873E+01
  sb-131       0.0000E+00  2.7852E-02
  te-131       0.0000E+00  3.3822E-02
  te-131m      0.0000E+00  6.7427E-01
  i-131        0.0000E+00  1.8597E+01
  xe-131       0.0000E+00  5.3968E+02
  xe-131m      0.0000E+00  3.3729E-01
  te-132       0.0000E+00  1.0347E+01
  i-132        0.0000E+00  3.1909E-01
  xe-132       0.0000E+00  2.0281E+03
  te-133m      0.0000E+00  8.2055E-02
  i-133        0.0000E+00  3.9342E+00
  xe-133       0.0000E+00  2.3782E+01
  xe-133m      0.0000E+00  3.1705E-01
  cs-133       0.0000E+00  1.6190E+03
  te-134       0.0000E+00  1.0773E-01
  i-134        0.0000E+00  1.8353E-01
  xe-134       0.0000E+00  2.5138E+03
  cs-134       0.0000E+00  3.5981E+02
  cs-134m      0.0000E+00  2.5491E-02
  ba-134       0.0000E+00  7.4394E+01
  i-135        0.0000E+00  1.2186E+00
  xe-135       0.0000E+00  1.7059E-01
  cs-135       0.0000E+00  2.8836E+02
  ba-135       0.0000E+00  8.4601E-01
  xe-136       0.0000E+00  4.3014E+03
  cs-136       0.0000E+00  1.4186E+00
  ba-136       0.0000E+00  2.7765E+01
  cs-137       0.0000E+00  2.0641E+03
  ba-137       0.0000E+00  4.1121E+01
  xe-138       0.0000E+00  3.7247E-02
  cs-138       0.0000E+00  9.7931E-02
  ba-138       0.0000E+00  2.1157E+03
  la-138       0.0000E+00  2.4608E-02
  cs-139       0.0000E+00  2.5335E-02
  ba-139       0.0000E+00  2.3345E-01
  la-139       0.0000E+00  1.9527E+03
  ba-140       0.0000E+00  4.9438E+01
  la-140       0.0000E+00  6.9054E+00
  ce-140       0.0000E+00  1.9368E+03
  ba-141       0.0000E+00  4.6288E-02
  la-141       0.0000E+00  6.0134E-01
  ce-141       0.0000E+00  1.1715E+02
  pr-141       0.0000E+00  1.6362E+03
  ba-142       0.0000E+00  2.4705E-02
  la-142       0.0000E+00  2.2105E-01
  ce-142       0.0000E+00  1.8150E+03
  pr-142       0.0000E+00  2.2219E-01
  nd-142       0.0000E+00  6.0078E+01
  la-143       0.0000E+00  3.2360E-02
  ce-143       0.0000E+00  4.5652E+00
  pr-143       0.0000E+00  4.4245E+01
  nd-143       0.0000E+00  8.7824E+02
  ce-144       0.0000E+00  7.7255E+02
  pr-144       0.0000E+00  3.3216E-02
  nd-144       0.0000E+00  1.5951E+03
  pr-145       0.0000E+00  5.8262E-01
  nd-145       0.0000E+00  9.6224E+02
  pr-146       0.0000E+00  3.2566E-02
  nd-146       0.0000E+00  1.2177E+03
  nd-147       0.0000E+00  1.6599E+01
  pm-147       0.0000E+00  2.0123E+02
  sm-147       0.0000E+00  4.4140E+01
  nd-148       0.0000E+00  6.4531E+02
  pm-148       0.0000E+00  3.3110E+00
  pm-148m      0.0000E+00  1.6352E+00
  sm-148       0.0000E+00  2.4550E+02
  nd-149       0.0000E+00  7.3795E-02
  pm-149       0.0000E+00  3.5907E+00
  sm-149       0.0000E+00  2.0869E+00
  nd-150       0.0000E+00  3.2111E+02
  sm-150       0.0000E+00  5.3617E+02
  pm-151       0.0000E+00  6.9695E-01
  sm-151       0.0000E+00  1.4404E+01
  sm-152       0.0000E+00  1.4173E+02
  sm-153       0.0000E+00  3.4356E+00
  eu-153       0.0000E+00  1.9338E+02
  sm-154       0.0000E+00  9.1711E+01
  eu-154       0.0000E+00  5.1495E+01
  gd-154       0.0000E+00  2.8688E+00
  eu-155       0.0000E+00  1.7241E+01
  gd-155       0.0000E+00  4.9130E-02
  sm-156       0.0000E+00  3.6717E-02
  eu-156       0.0000E+00  2.4504E+01
  gd-156       0.0000E+00  3.4349E+02
  eu-157       0.0000E+00  1.1991E-01
  gd-157       0.0000E+00  2.6605E-01
  gd-158       0.0000E+00  7.9548E+01
  gd-159       0.0000E+00  3.1621E-02
  tb-159       0.0000E+00  7.3257E+00
  gd-160       0.0000E+00  2.8447E+00
  tb-160       0.0000E+00  5.1852E-01
  dy-160       0.0000E+00  6.1075E-01
  tb-161       0.0000E+00  7.0472E-02
  dy-161       0.0000E+00  9.8955E-01
  dy-162       0.0000E+00  8.2290E-01
  dy-163       0.0000E+00  7.9104E-01
  dy-164       0.0000E+00  2.1897E-01
  ho-165       0.0000E+00  5.2269E-01
  er-166       0.0000E+00  1.8452E-01
  er-168       0.0000E+00  2.8749E-02
------------
  totals       1.0000E+06  1.0019E+06
=========================================================================================================================
.
.
=========================================================================================================================
=   History overview for case 'decay' (#2/2)                                                                            =
-------------------------------------------------------------------------------------------------------------------------
   step          t0          t1          dt           t        flux     fluence       power      energy
    (-)         (y)         (y)         (s)         (s)   (n/cm2-s)     (n/cm2)        (MW)       (MWd)
      1      1.5057      2.5057  3.1560E+07  7.9080E+07  0.0000E+00  4.8802E+22  0.0000E+00  5.3030E+04
          
              step - step index within this case
                t0 - time at beginning-of-step in input units
                t1 - time at end-of-step in input units
                dt - length of step in seconds
                 t - end-of-step cumulative time in seconds
              flux - flux in neutrons/cm^2-sec (CALCULATED)
           fluence - cumulative end-of-step fluence in neutrons/cm^2 (CALCULATED)
             power - power in mega-watts (INPUT)     
            energy - cumulative end-of-step energy released in mega-watt-days (INPUT)     
=========================================================================================================================
.
.
.
.
.
*************************************************************************************************************************
********************                                                                                 ********************
********************                                                                                 ********************
********************                    Library information                                          ********************
********************                                                                                 ********************
********************                                                                                 ********************
*************************************************************************************************************************
.
.
=========================================================================================================================
=   Library summary for case 'decay' (#2/2)                                                                             =
-------------------------------------------------------------------------------------------------------------------------
filename: C:/Users/Teddy/AppData/Local/Temp/scale.Teddy.11452/w17x17_100d.f33 cross-section data taken from position number: 1
library title delimited by {}: 
{}
date library was produced: 538976288/538976288/538976288
total number of nuclides in library: 2237
number of light-element nuclides: 910
number of actinide nuclides: 176
number of fission product nuclides: 1151
number of nonzero off-diagonal matrix elements: 54564
=========================================================================================================================
.
.
*************************************************************************************************************************
********************                                                                                 ********************
********************                                                                                 ********************
********************                    Concentration tables                                         ********************
********************                                                                                 ********************
********************                                                                                 ********************
*************************************************************************************************************************
.
.
=========================================================================================================================
=   Nuclide concentrations in grams for case 'decay' (#2/2)                                                             =
-------------------------------------------------------------------------------------------------------------------------
  (relative cutoff; integral of concentrations over time >   1.00E-06 % of integral of all concentrations over time)
.
                   1.506y      2.506y   
  h-3          8.9216E-02  8.4335E-02
  he-4         2.5797E+00  3.2887E+00
  u-234        2.2314E+00  5.1355E+00
  u-235        2.0794E+03  2.0796E+03
  u-236        3.8479E+03  3.8481E+03
  u-237        2.4504E+01  5.2511E-05
  u-238        9.2552E+05  9.2552E+05
  u-239        1.7406E+00  0.0000E+00
  np-237       5.9023E+02  6.1484E+02
  np-238       5.2229E+00  6.5933E-08
  np-239       2.5040E+02  4.8677E-04
  pu-238       3.5664E+02  3.8024E+02
  pu-239       5.3095E+03  5.5616E+03
  pu-240       2.4228E+03  2.4400E+03
  pu-241       1.7668E+03  1.6831E+03
  pu-242       1.6160E+03  1.6160E+03
  pu-243       1.2323E+00  1.1093E-11
  pu-244       5.0114E-01  5.0116E-01
  am-241       2.1408E+01  1.0497E+02
  am-242m      3.5706E-01  3.5531E-01
  am-242       1.9259E-01  4.5842E-06
  am-243       5.6430E+02  5.6548E+02
  am-244m      6.9091E-02  0.0000E+00
  am-244       1.0749E-01  2.2834E-12
  cm-242       2.7344E+01  5.8157E+00
  cm-243       1.1920E+00  1.1640E+00
  cm-244       4.7153E+02  4.5399E+02
  cm-245       5.1725E+01  5.1720E+01
  cm-246       1.4019E+01  1.4017E+01
  cm-247       3.1113E-01  3.1113E-01
  cm-248       4.3615E-02  4.3730E-02
  ge-73        2.6892E-02  2.6911E-02
  ge-74        7.3520E-02  7.3521E-02
  as-75        1.8349E-01  1.8352E-01
  ge-76        5.0965E-01  5.0965E-01
  se-76        1.1130E-02  1.1193E-02
  se-77        1.1040E+00  1.1089E+00
  se-78        3.5921E+00  3.5929E+00
  se-79        7.2757E+00  7.2759E+00
  se-80        1.8683E+01  1.8683E+01
  br-81        3.1079E+01  3.1080E+01
  se-82        4.9728E+01  4.9728E+01
  kr-82        1.7165E+00  1.7282E+00
  kr-83        4.6668E+01  4.6693E+01
  kr-84        1.6898E+02  1.6899E+02
  kr-85        3.5748E+01  3.3526E+01
  kr-85m       4.9674E-02  0.0000E+00
  rb-85        1.3585E+02  1.3812E+02
  kr-86        2.5516E+02  2.5516E+02
  rb-86        8.9042E-02  1.1158E-07
  sr-86        1.0385E+00  1.1276E+00
  kr-87        2.6621E-02  0.0000E+00
  rb-87        3.3428E+02  3.3430E+02
  kr-88        7.8266E-02  0.0000E+00
  sr-88        4.6111E+02  4.6120E+02
  sr-89        4.5378E+01  3.0256E-01
  y-89         5.6596E+02  6.1104E+02
  sr-90        7.3819E+02  7.2063E+02
  y-90         2.1210E-01  1.8280E-01
  zr-90        1.8766E+01  3.6357E+01
  sr-91        5.1529E-01  0.0000E+00
  y-91         7.9369E+01  1.0551E+00
  y-91m        2.6095E-02  0.0000E+00
  zr-91        7.3968E+02  8.1853E+02
  sr-92        1.6796E-01  0.0000E+00
  y-92         2.2192E-01  0.0000E+00
  zr-92        9.1896E+02  9.1935E+02
  y-93         7.8106E-01  0.0000E+00
  zr-93        1.0369E+03  1.0377E+03
  y-94         2.6320E-02  0.0000E+00
  zr-94        1.1496E+03  1.1496E+03
  mo-94        2.2800E-02  2.2800E-02
  zr-95        1.4735E+02  2.8257E+00
  nb-95        7.9859E+01  3.4421E+00
  nb-95m       8.9937E-02  1.8236E-03
  mo-95        9.6597E+02  1.1871E+03
  zr-96        1.2560E+03  1.2560E+03
  mo-96        1.0036E+02  1.0038E+02
  zr-97        1.7997E+00  0.0000E+00
  nb-97        1.3030E-01  0.0000E+00
  mo-97        1.2707E+03  1.2726E+03
  mo-98        1.3593E+03  1.3593E+03
  tc-98        1.2791E-02  1.2791E-02
  mo-99        8.4097E+00  0.0000E+00
  tc-99        1.1874E+03  1.1965E+03
  tc-99m       6.7836E-01  0.0000E+00
  ru-99        2.3073E-02  2.7300E-02
  mo-100       1.5537E+03  1.5537E+03
  ru-100       2.7260E+02  2.7260E+02
  mo-101       3.0858E-02  0.0000E+00
  tc-101       3.0027E-02  0.0000E+00
  ru-101       1.2750E+03  1.2751E+03
  mo-102       2.4028E-02  0.0000E+00
  ru-102       1.4687E+03  1.4687E+03
  ru-103       1.3104E+02  2.0685E-01
  rh-103       5.8923E+02  7.2020E+02
  rh-103m      1.2870E-01  2.0318E-04
  tc-104       3.7995E-02  0.0000E+00
  ru-104       1.1441E+03  1.1441E+03
  pd-104       6.3772E+02  6.3772E+02
  ru-105       5.0005E-01  0.0000E+00
  rh-105       3.1401E+00  0.0000E+00
  pd-105       6.9028E+02  6.9394E+02
  ru-106       4.7230E+02  2.3903E+02
  pd-106       5.5669E+02  7.8996E+02
  rh-107       2.5480E-02  0.0000E+00
  pd-107       5.2294E+02  5.2297E+02
  pd-108       3.6298E+02  3.6299E+02
  pd-109       6.4886E-01  0.0000E+00
  ag-109       1.6184E+02  1.6249E+02
  pd-110       1.2603E+02  1.2603E+02
  ag-110m      2.1214E+00  7.6975E-01
  cd-110       1.4956E+02  1.5091E+02
  ag-111       1.5796E+00  2.7526E-15
  cd-111       6.3945E+01  6.5529E+01
  pd-112       7.8324E-02  0.0000E+00
  cd-112       3.2635E+01  3.2725E+01
  cd-113       1.4271E-01  1.5176E-01
  cd-114       3.3402E+01  3.3402E+01
  cd-115       6.6051E-02  0.0000E+00
  cd-115m      8.3380E-02  2.8411E-04
  in-115       2.1667E+00  2.3182E+00
  sn-115       4.4201E-01  4.4561E-01
  cd-116       1.0701E+01  1.0701E+01
  sn-116       8.1933E+00  8.1940E+00
  sn-117       9.5143E+00  9.5200E+00
  sn-118       8.9135E+00  8.9143E+00
  sn-119       8.4183E+00  8.4929E+00
  sn-119m      1.2858E-01  5.4187E-02
  sn-120       8.7942E+00  8.7942E+00
  sn-121       2.5876E-02  3.5641E-05
  sn-121m      6.6423E-01  6.5382E-01
  sb-121       7.8639E+00  7.9002E+00
  sn-122       1.1200E+01  1.1200E+01
  te-122       1.0530E+00  1.0675E+00
  sn-123       5.0086E-01  7.0572E-02
  sb-123       1.0128E+01  1.0559E+01
  te-123       1.1478E-02  1.5021E-02
  sn-124       1.7436E+01  1.7436E+01
  sb-124       2.0702E-01  3.0862E-03
  te-124       6.4463E-01  8.4856E-01
  sn-125       2.6566E-01  1.0415E-12
  sb-125       1.9287E+01  1.5210E+01
  te-125       3.8362E+00  8.1908E+00
  te-125m      2.2341E-01  2.1145E-01
  sn-126       3.8942E+01  3.8941E+01
  te-126       9.2533E-01  9.4119E-01
  sb-127       9.5054E-01  0.0000E+00
  te-127       8.2273E-02  3.6113E-04
  te-127m      8.8809E-01  1.0316E-01
  i-127        7.2888E+01  7.4719E+01
  te-128       1.7342E+02  1.7345E+02
  xe-128       8.6432E+00  8.6439E+00
  sb-129       1.3406E-01  0.0000E+00
  te-129       3.3698E-02  1.9489E-06
  te-129m      4.0023E+00  2.1474E-03
  i-129        2.7531E+02  2.7948E+02
  xe-129       1.0438E-01  1.0521E-01
  te-130       6.3968E+02  6.3970E+02
  i-130        4.8732E-02  0.0000E+00
  xe-130       2.1873E+01  2.1922E+01
  sb-131       2.7852E-02  0.0000E+00
  te-131       3.3822E-02  0.0000E+00
  te-131m      6.7427E-01  0.0000E+00
  i-131        1.8597E+01  3.8688E-13
  xe-131       5.3968E+02  5.5935E+02
  xe-131m      3.3729E-01  5.1164E-10
  te-132       1.0347E+01  0.0000E+00
  i-132        3.1909E-01  0.0000E+00
  xe-132       2.0281E+03  2.0388E+03
  te-133m      8.2055E-02  0.0000E+00
  i-133        3.9342E+00  0.0000E+00
  xe-133       2.3782E+01  3.1154E-20
  xe-133m      3.1705E-01  0.0000E+00
  cs-133       1.6190E+03  1.6472E+03
  te-134       1.0773E-01  0.0000E+00
  i-134        1.8353E-01  0.0000E+00
  xe-134       2.5138E+03  2.5141E+03
  cs-134       3.5981E+02  2.5724E+02
  cs-134m      2.5491E-02  0.0000E+00
  ba-134       7.4394E+01  1.7700E+02
  i-135        1.2186E+00  0.0000E+00
  xe-135       1.7059E-01  0.0000E+00
  cs-135       2.8836E+02  2.8976E+02
  ba-135       8.4601E-01  8.4679E-01
  xe-136       4.3014E+03  4.3014E+03
  cs-136       1.4186E+00  6.2549E-09
  ba-136       2.7765E+01  2.9183E+01
  cs-137       2.0641E+03  2.0171E+03
  ba-137       4.1121E+01  8.8146E+01
  xe-138       3.7247E-02  0.0000E+00
  cs-138       9.7931E-02  0.0000E+00
  ba-138       2.1157E+03  2.1158E+03
  la-138       2.4608E-02  2.4608E-02
  cs-139       2.5335E-02  0.0000E+00
  ba-139       2.3345E-01  0.0000E+00
  la-139       1.9527E+03  1.9530E+03
  ba-140       4.9438E+01  1.1797E-07
  la-140       6.9054E+00  1.7879E-08
  ce-140       1.9368E+03  1.9931E+03
  ba-141       4.6288E-02  0.0000E+00
  la-141       6.0134E-01  0.0000E+00
  ce-141       1.1715E+02  4.8819E-02
  pr-141       1.6362E+03  1.7540E+03
  ba-142       2.4705E-02  0.0000E+00
  la-142       2.2105E-01  0.0000E+00
  ce-142       1.8150E+03  1.8153E+03
  pr-142       2.2219E-01  0.0000E+00
  nd-142       6.0078E+01  6.0301E+01
  la-143       3.2360E-02  0.0000E+00
  ce-143       4.5652E+00  0.0000E+00
  pr-143       4.4245E+01  3.8922E-07
  nd-143       8.7824E+02  9.2709E+02
  ce-144       7.7255E+02  3.1767E+02
  pr-144       3.3216E-02  1.3381E-02
  nd-144       1.5951E+03  2.0500E+03
  pr-145       5.8262E-01  0.0000E+00
  nd-145       9.6224E+02  9.6282E+02
  pr-146       3.2566E-02  0.0000E+00
  nd-146       1.2177E+03  1.2177E+03
  nd-147       1.6599E+01  1.6065E-09
  pm-147       2.0123E+02  1.6741E+02
  sm-147       4.4140E+01  9.4580E+01
  nd-148       6.4531E+02  6.4531E+02
  pm-148       3.3110E+00  2.2291E-05
  pm-148m      1.6352E+00  3.5518E-03
  sm-148       2.4550E+02  2.5045E+02
  nd-149       7.3795E-02  0.0000E+00
  pm-149       3.5907E+00  0.0000E+00
  sm-149       2.0869E+00  5.7529E+00
  nd-150       3.2111E+02  3.2111E+02
  sm-150       5.3617E+02  5.3618E+02
  pm-151       6.9695E-01  0.0000E+00
  sm-151       1.4404E+01  1.4990E+01
  eu-151       4.9964E-03  1.2088E-01
  sm-152       1.4173E+02  1.4173E+02
  sm-153       3.4356E+00  0.0000E+00
  eu-153       1.9338E+02  1.9682E+02
  sm-154       9.1711E+01  9.1712E+01
  eu-154       5.1495E+01  4.7508E+01
  gd-154       2.8688E+00  6.8556E+00
  eu-155       1.7241E+01  1.4904E+01
  gd-155       4.9130E-02  2.3893E+00
  sm-156       3.6717E-02  0.0000E+00
  eu-156       2.4504E+01  1.4155E-06
  gd-156       3.4349E+02  3.6803E+02
  eu-157       1.1991E-01  0.0000E+00
  gd-157       2.6605E-01  3.8631E-01
  gd-158       7.9548E+01  7.9549E+01
  gd-159       3.1621E-02  0.0000E+00
  tb-159       7.3257E+00  7.3576E+00
  gd-160       2.8447E+00  2.8447E+00
  tb-160       5.1852E-01  1.5627E-02
  dy-160       6.1075E-01  1.1136E+00
  tb-161       7.0472E-02  8.4266E-18
  dy-161       9.8955E-01  1.0600E+00
  dy-162       8.2290E-01  8.2292E-01
  dy-163       7.9104E-01  7.9105E-01
  dy-164       2.1897E-01  2.1897E-01
  ho-165       5.2269E-01  5.2323E-01
  er-166       1.8452E-01  1.8696E-01
  er-167       1.0543E-02  1.0559E-02
  er-168       2.8749E-02  2.8749E-02
------------
  totals       1.0019E+06  1.0019E+06
=========================================================================================================================
.
.
*************************************************************************************************************************
********************                                                                                 ********************
********************                                                                                 ********************
********************                    Written F71 File Information                                 ********************
********************                                                                                 ********************
********************                                                                                 ********************
*************************************************************************************************************************
.
.
   pos         time        power         flux      fluence       energy libpos   case   step DCGNAB
   (-)          (s)         (MW)    (n/cm2-s)      (n/cm2)        (MWd)    (-)    (-)    (-)    (-)
     1  4.75200e+07  0.00000e+00  0.00000e+00  4.88024e+22  5.30303e+04      1      2      0 DC----
     2  7.90800e+07  0.00000e+00  0.00000e+00  4.88024e+22  5.30303e+04      1      2      1 DC----
    D - state definition present
    C - concentrations present
    G - gamma emission spectra present
    N - neutron emission spectra present
    A - alpha emission spectra present
    B - beta emission spectra present
.
.
.
=========================================================================================================================
ORIGEN finished successfully.
=========================================================================================================================
    module origen used 0.565273 seconds cpu time for the current pass.

    module origen is finished. completion code    0. total cpu time used 3.26573e-006 seconds.


    SCALE is finished on Wed Feb 13 18:31:19 2019.
-------------------------- Summary --------------------------
arp finished. used 2.30967 seconds.
origen finished. used 0.571596 seconds.
SCALE driver required a maximum of 8.289 MiB of RAM.
------------------------ End Summary ------------------------

w17x17_100d.f33 copied to C:\Users\Teddy\Desktop\scale_test\output\w17x17_100d.f33.
discharge.f71 copied to C:\Users\Teddy\Desktop\scale_test\output\discharge.f71.
