 *******************************************************************************
 *                                                                             *
 *                                 SCALE 6.2.2                                 *
 *                                -------------                                *
 *                                February 2019                                *
 *                                                                             *
 *           SCALE:  A Comprehensive Modeling and Simulation Suite             *
 *                   for Nuclear Safety Analysis and Design                    *
 *                                                                             *
 *                      Reactor and Nuclear Systems Division                   *
 *                        Oak Ridge National Laboratory                        *
 *                                                                             *
 *                           http://scale.ornl.gov                             *
 *                            scalehelp@ornl.gov                               *
 *                                                                             *
 *******************************************************************************
 *******************************************************************************
      
                  Job Information
                  ---------------
      Job started on DESKTOP-J14NAA6 on Wed 13/02/2019 18:29:29
      Working directory: C:\Users\Teddy\AppData\Local\Temp\scale.Teddy.5780
      Input file name  : C:\Users\Teddy\Desktop\scale_test\output\2.800000_32525.252525.inp
      Output file name : C:\Users\Teddy\Desktop\scale_test\output\2.800000_32525.252525.out
      SCALE executable : C:\SCALE-6.2.2/bin/scale
      
 *******************************************************************************


    module arp will be called on Wed Feb 13 18:29:30 2019.
    sequence specification record:=arp
Input Data:

      'library type
      w17x17
      2.800000
      ' num cycles
      1
      ' num days per cycle
      550
      ' cycle average specific power (MW / MTU)
      59.136823
      ' number of interpolated cross section sets generated per cycle
      1
      ' moderator density (g/cc)
      0.723
      ' interpolated output ORIGEN library
      w17x17_100d.f33
end

1






        ************************************************************************************************************************
        ************************************************************************************************************************
        ************************************************************************************************************************
        *****                                                                                                              *****
        *****                                       program verification information                                       *****
        *****                                                                                                              *****
        *****                                   code system:  SCALE    version:  6.2                                       *****
        *****                                                                                                              *****
        ************************************************************************************************************************
        ************************************************************************************************************************
        *****                                                                                                              *****
        *****                                                                                                              *****
        *****              program:  arp.exe                                                                               *****
        *****                                                                                                              *****
        *****        creation date:   unknown                                                                              *****
        *****                                                                                                              *****
        *****              library:  C:\SCALE-6.2.2\bin                                                                    *****
        *****                                                                                                              *****
        *****                                                                                                              *****
        *****            prod code:  arp.exe                                                                               *****
        *****                                                                                                              *****
        *****              version:  6.2.2                                                                                 *****
        *****                                                                                                              *****
        *****              jobname:  Teddy                                                                                 *****
        *****                                                                                                              *****
        *****         machine name:  DESKTOP-J14NAA6                                                                       *****
        *****                                                                                                              *****
        *****    date of execution:  13_feb_2019                                                                           *****
        *****                                                                                                              *****
        *****    time of execution:  18:29:30.33                                                                           *****
        *****                                                                                                              *****
        *****                                                                                                              *****
        ************************************************************************************************************************
        ************************************************************************************************************************
        ************************************************************************************************************************


 'library type
    data library:       w17x17
       directory:       C:/SCALE-6.2.2/data/\arplibs
       definition:      C:/SCALE-6.2.2/data/\arpdata.txt
    u-235 enrichment:                        2.800

 ' num cycles
    number of cycles:                            1

 ' num days per cycle

 ' cycle average specific power (MW / MTU)

 ' number of interpolated cross section sets generated per cycle

 ' moderator density (g/cc)
    water density (g/cm3):                  0.7230
                                         cycle        cumulative      midpoint
   cycle time(d)        power(MW)      burnup(MWd/MTU)burnup(MWd/MTU)burnup(MWd/MTU)nlib
     1    550.000        59.1368        32525.3        32525.3        16262.6             1

 ' interpolated output ORIGEN library
    interpolated library name:                   w17x17_100d.f33
 interpolation type: spline
 Cross section library interpolation completed.
.
.
.
=========================================================================================================================
ARP finished successfully.
=========================================================================================================================
    module arp used 1.90787 seconds cpu time for the current pass.

    module arp is finished. completion code    0. total cpu time used 1.07303e-005 seconds.



    module origen will be called on Wed Feb 13 18:29:32 2019.
    sequence specification record:=origen
Input Data:

      case(irrad) {
          lib{
              file="w17x17_100d.f33" pos=1
          }
          mat {
              units=GRAMS
              iso=[u235=28000.000000 u238=972000.000000]
          }
          time = [ 550 ]
          power = [ 59.136823 ]
      }
      case (decay) {
          time {
              units=YEARS
              start=0
              t=[1]
          }
          save{ file="discharge.f71" steps=[0 LAST]}
      }
end

1






        ************************************************************************************************************************
        ************************************************************************************************************************
        ************************************************************************************************************************
        *****                                                                                                              *****
        *****                                       program verification information                                       *****
        *****                                                                                                              *****
        *****                                   code system:  SCALE    version:  6.2                                       *****
        *****                                                                                                              *****
        ************************************************************************************************************************
        ************************************************************************************************************************
        *****                                                                                                              *****
        *****                                                                                                              *****
        *****              program:  origen.exe                                                                            *****
        *****                                                                                                              *****
        *****        creation date:   unknown                                                                              *****
        *****                                                                                                              *****
        *****              library:  C:\SCALE-6.2.2\bin                                                                    *****
        *****                                                                                                              *****
        *****                                                                                                              *****
        *****            prod code:  origen.exe                                                                            *****
        *****                                                                                                              *****
        *****              version:  6.2.2                                                                                 *****
        *****                                                                                                              *****
        *****              jobname:  Teddy                                                                                 *****
        *****                                                                                                              *****
        *****         machine name:  DESKTOP-J14NAA6                                                                       *****
        *****                                                                                                              *****
        *****    date of execution:  13_feb_2019                                                                           *****
        *****                                                                                                              *****
        *****    time of execution:  18:29:32.24                                                                           *****
        *****                                                                                                              *****
        *****                                                                                                              *****
        ************************************************************************************************************************
        ************************************************************************************************************************
        ************************************************************************************************************************

*************************************************************************************************************************
********************                                                                                 ********************
********************                                                                                 ********************
********************                    USER INPUT SUMMARY                                           ********************
********************                                                                                 ********************
********************                                                                                 ********************
*************************************************************************************************************************
.
.
=========================================================================================================================
=   Case "irrad" (#1/2)                                                                                                 =
-------------------------------------------------------------------------------------------------------------------------
###   Library settings                                                                                                ###
.
                                Library file name:     C:/Users/Teddy/AppData/Local/Temp/scale.Teddy.5780/w17x17_100d.f33
                             Library set position:              1
                 Fission product reaction removal:             no
-------------------------------------------------------------------------------------------------------------------------
###   Global settings                                                                                                 ###
.
                                           Solver:              MATREX
                                             Mode:        forward
                             Fixed fission energy:             no
-------------------------------------------------------------------------------------------------------------------------
###   Concentrations output options                                                                                   ###
.
                            High-precision output:             no
                                  Relative cutoff:            yes
                         Step for applying cutoff:       integral
.
                      light els.   actinides  fis.prods.       total
                       nuc    el   nuc    el   nuc    el   nuc    el             cutoff
gram-atoms                                                                    1.000E-06
grams                                                      **                 1.000E-06
curies                                                                        1.000E-06
watts                                                                         1.000E-06
gamma watts                                                                   1.000E-06
m3 air                                                                        1.000E-06
m3 water                                                                      1.000E-06
grams ppm                                                                     1.000E-06
atoms ppm                                                                     1.000E-06
atoms/barn-cm                                                                 1.000E-06
becquerels                                                                    1.000E-06
-------------------------------------------------------------------------------------------------------------------------
###   Additional output options                                                                                       ###
.
                                      Print k-inf:             no
           Nuclides for absorption fraction print:           none
                              Print fission rates:             no
            Step for sorting absorption fractions:              1
=========================================================================================================================
=   Case "decay" (#2/2)                                                                                                 =
-------------------------------------------------------------------------------------------------------------------------
###   Library settings                                                                                                ###
.
                                Library file name:     C:/Users/Teddy/AppData/Local/Temp/scale.Teddy.5780/w17x17_100d.f33
                             Library set position:              1
                 Fission product reaction removal:             no
-------------------------------------------------------------------------------------------------------------------------
###   Global settings                                                                                                 ###
.
                                           Solver:              MATREX
                                             Mode:        forward
                             Fixed fission energy:             no
-------------------------------------------------------------------------------------------------------------------------
###   Concentrations output options                                                                                   ###
.
                            High-precision output:             no
                                  Relative cutoff:            yes
                         Step for applying cutoff:       integral
.
                      light els.   actinides  fis.prods.       total
                       nuc    el   nuc    el   nuc    el   nuc    el             cutoff
gram-atoms                                                                    1.000E-06
grams                                                      **                 1.000E-06
curies                                                                        1.000E-06
watts                                                                         1.000E-06
gamma watts                                                                   1.000E-06
m3 air                                                                        1.000E-06
m3 water                                                                      1.000E-06
grams ppm                                                                     1.000E-06
atoms ppm                                                                     1.000E-06
atoms/barn-cm                                                                 1.000E-06
becquerels                                                                    1.000E-06
-------------------------------------------------------------------------------------------------------------------------
###   Additional output options                                                                                       ###
.
                                      Print k-inf:             no
           Nuclides for absorption fraction print:           none
                              Print fission rates:             no
            Step for sorting absorption fractions:              1
=========================================================================================================================
###   Blending information                                                                                            ###
.
  --- no blending requested in this job ---
=========================================================================================================================
.
.
=========================================================================================================================
=   History overview for case 'irrad' (#1/2)                                                                            =
-------------------------------------------------------------------------------------------------------------------------
   step          t0          t1          dt           t        flux     fluence       power      energy
    (-)         (d)         (d)         (s)         (s)   (n/cm2-s)     (n/cm2)        (MW)       (MWd)
      1      0.0000    550.0000  4.7520E+07  4.7520E+07  5.8965E+14  2.8020E+22  5.9137E+01  3.2525E+04
          
              step - step index within this case
                t0 - time at beginning-of-step in input units
                t1 - time at end-of-step in input units
                dt - length of step in seconds
                 t - end-of-step cumulative time in seconds
              flux - flux in neutrons/cm^2-sec (CALCULATED)
           fluence - cumulative end-of-step fluence in neutrons/cm^2 (CALCULATED)
             power - power in mega-watts (INPUT)     
            energy - cumulative end-of-step energy released in mega-watt-days (INPUT)     
=========================================================================================================================
.
.
.
.
.
*************************************************************************************************************************
********************                                                                                 ********************
********************                                                                                 ********************
********************                    Library information                                          ********************
********************                                                                                 ********************
********************                                                                                 ********************
*************************************************************************************************************************
.
.
=========================================================================================================================
=   Library summary for case 'irrad' (#1/2)                                                                             =
-------------------------------------------------------------------------------------------------------------------------
filename: C:/Users/Teddy/AppData/Local/Temp/scale.Teddy.5780/w17x17_100d.f33 cross-section data taken from position number: 1
library title delimited by {}: 
{}
date library was produced: 538976288/538976288/538976288
total number of nuclides in library: 2237
number of light-element nuclides: 910
number of actinide nuclides: 176
number of fission product nuclides: 1151
number of nonzero off-diagonal matrix elements: 54564
=========================================================================================================================
.
.
*************************************************************************************************************************
********************                                                                                 ********************
********************                                                                                 ********************
********************                    Concentration tables                                         ********************
********************                                                                                 ********************
********************                                                                                 ********************
*************************************************************************************************************************
.
.
=========================================================================================================================
=   Nuclide concentrations in grams for case 'irrad' (#1/2)                                                             =
-------------------------------------------------------------------------------------------------------------------------
  (relative cutoff; integral of concentrations over time >   1.00E-06 % of integral of all concentrations over time)
.
                   0.000d    550.000d   
  h-3          0.0000E+00  5.2145E-02
  he-4         0.0000E+00  1.3209E+00
  u-234        0.0000E+00  1.6455E+00
  u-235        2.8000E+04  6.2306E+03
  u-236        0.0000E+00  3.5671E+03
  u-237        0.0000E+00  1.4170E+01
  u-238        9.7200E+05  9.4511E+05
  u-239        0.0000E+00  1.0176E+00
  np-237       0.0000E+00  3.8850E+02
  np-238       0.0000E+00  2.0441E+00
  np-239       0.0000E+00  1.4673E+02
  pu-238       0.0000E+00  1.4202E+02
  pu-239       0.0000E+00  5.1668E+03
  pu-240       0.0000E+00  2.1081E+03
  pu-241       0.0000E+00  1.5866E+03
  pu-242       0.0000E+00  6.4692E+02
  pu-243       0.0000E+00  2.9936E-01
  pu-244       0.0000E+00  4.2166E-02
  am-241       0.0000E+00  2.3933E+01
  am-242m      0.0000E+00  4.0614E-01
  am-242       0.0000E+00  1.2869E-01
  am-243       0.0000E+00  1.2183E+02
  cm-242       0.0000E+00  1.2617E+01
  cm-243       0.0000E+00  3.0748E-01
  cm-244       0.0000E+00  4.2401E+01
  cm-245       0.0000E+00  2.2003E+00
  cm-246       0.0000E+00  2.3219E-01
  ge-73        0.0000E+00  2.1094E-02
  ge-74        0.0000E+00  5.3861E-02
  as-75        0.0000E+00  1.2766E-01
  ge-76        0.0000E+00  3.3211E-01
  se-77        0.0000E+00  7.7660E-01
  se-78        0.0000E+00  2.2704E+00
  se-79        0.0000E+00  4.8260E+00
  se-80        0.0000E+00  1.2497E+01
  br-81        0.0000E+00  2.0911E+01
  se-82        0.0000E+00  3.2872E+01
  kr-82        0.0000E+00  6.4630E-01
  kr-83        0.0000E+00  3.9375E+01
  kr-84        0.0000E+00  1.0738E+02
  kr-85        0.0000E+00  2.4836E+01
  kr-85m       0.0000E+00  3.9763E-02
  rb-85        0.0000E+00  9.4681E+01
  kr-86        0.0000E+00  1.7846E+02
  rb-86        0.0000E+00  3.5827E-02
  sr-86        0.0000E+00  3.9321E-01
  kr-87        0.0000E+00  2.1772E-02
  rb-87        0.0000E+00  2.3456E+02
  kr-88        0.0000E+00  6.5330E-02
  sr-88        0.0000E+00  3.2538E+02
  sr-89        0.0000E+00  3.7836E+01
  y-89         0.0000E+00  4.0639E+02
  sr-90        0.0000E+00  5.2382E+02
  y-90         0.0000E+00  1.4324E-01
  zr-90        0.0000E+00  1.1668E+01
  sr-91        0.0000E+00  4.1278E-01
  y-91         0.0000E+00  6.6659E+01
  y-91m        0.0000E+00  2.0901E-02
  zr-91        0.0000E+00  5.0362E+02
  sr-92        0.0000E+00  1.3005E-01
  y-92         0.0000E+00  1.7184E-01
  zr-92        0.0000E+00  6.2470E+02
  y-93         0.0000E+00  5.8323E-01
  zr-93        0.0000E+00  6.9545E+02
  zr-94        0.0000E+00  7.5040E+02
  zr-95        0.0000E+00  1.1215E+02
  nb-95        0.0000E+00  6.0979E+01
  nb-95m       0.0000E+00  6.8410E-02
  mo-95        0.0000E+00  6.3755E+02
  zr-96        0.0000E+00  8.0289E+02
  mo-96        0.0000E+00  3.6025E+01
  zr-97        0.0000E+00  1.2392E+00
  nb-97        0.0000E+00  8.9623E-02
  mo-97        0.0000E+00  8.0246E+02
  mo-98        0.0000E+00  8.3556E+02
  mo-99        0.0000E+00  5.6410E+00
  tc-99        0.0000E+00  7.9728E+02
  tc-99m       0.0000E+00  4.5347E-01
  ru-99        0.0000E+00  2.8978E-02
  mo-100       0.0000E+00  9.4963E+02
  ru-100       0.0000E+00  9.7285E+01
  mo-101       0.0000E+00  2.0207E-02
  ru-101       0.0000E+00  7.9411E+02
  ru-102       0.0000E+00  8.2268E+02
  ru-103       0.0000E+00  7.9968E+01
  rh-103       0.0000E+00  4.6936E+02
  rh-103m      0.0000E+00  7.8522E-02
  tc-104       0.0000E+00  2.2545E-02
  ru-104       0.0000E+00  5.9962E+02
  pd-104       0.0000E+00  2.4482E+02
  ru-105       0.0000E+00  2.8701E-01
  rh-105       0.0000E+00  1.9773E+00
  pd-105       0.0000E+00  3.9912E+02
  ru-106       0.0000E+00  2.3930E+02
  pd-106       0.0000E+00  2.0438E+02
  pd-107       0.0000E+00  2.4980E+02
  pd-108       0.0000E+00  1.6577E+02
  pd-109       0.0000E+00  2.9855E-01
  ag-109       0.0000E+00  8.8130E+01
  pd-110       0.0000E+00  5.4800E+01
  ag-110m      0.0000E+00  8.0283E-01
  cd-110       0.0000E+00  3.8218E+01
  ag-111       0.0000E+00  7.5963E-01
  cd-111       0.0000E+00  2.6602E+01
  pd-112       0.0000E+00  3.8637E-02
  cd-112       0.0000E+00  1.3723E+01
  cd-113       0.0000E+00  1.1933E-01
  cd-114       0.0000E+00  1.6015E+01
  cd-115       0.0000E+00  3.4933E-02
  cd-115m      0.0000E+00  4.3050E-02
  in-115       0.0000E+00  1.9518E+00
  sn-115       0.0000E+00  2.5166E-01
  cd-116       0.0000E+00  5.8464E+00
  sn-116       0.0000E+00  3.4827E+00
  sn-117       0.0000E+00  5.2986E+00
  sn-118       0.0000E+00  4.9269E+00
  sn-119       0.0000E+00  4.7570E+00
  sn-119m      0.0000E+00  9.0839E-02
  sn-120       0.0000E+00  4.8951E+00
  sn-121m      0.0000E+00  3.9028E-01
  sb-121       0.0000E+00  4.6812E+00
  sn-122       0.0000E+00  6.2522E+00
  te-122       0.0000E+00  3.3521E-01
  sn-123       0.0000E+00  3.0735E-01
  sb-123       0.0000E+00  5.8648E+00
  sn-124       0.0000E+00  9.9097E+00
  sb-124       0.0000E+00  7.0208E-02
  te-124       0.0000E+00  1.9679E-01
  sn-125       0.0000E+00  1.5876E-01
  sb-125       0.0000E+00  1.1083E+01
  te-125       0.0000E+00  1.9806E+00
  te-125m      0.0000E+00  1.2502E-01
  sn-126       0.0000E+00  2.1685E+01
  te-126       0.0000E+00  5.2945E-01
  sb-127       0.0000E+00  5.7870E-01
  te-127       0.0000E+00  5.1319E-02
  te-127m      0.0000E+00  8.1200E-01
  i-127        0.0000E+00  4.4649E+01
  te-128       0.0000E+00  9.9404E+01
  xe-128       0.0000E+00  2.6797E+00
  sb-129       0.0000E+00  8.2570E-02
  te-129       0.0000E+00  2.0739E-02
  te-129m      0.0000E+00  2.4727E+00
  i-129        0.0000E+00  1.6239E+02
  te-130       0.0000E+00  3.8524E+02
  xe-130       0.0000E+00  6.8286E+00
  te-131       0.0000E+00  2.2301E-02
  te-131m      0.0000E+00  4.2324E-01
  i-131        0.0000E+00  1.2168E+01
  xe-131       0.0000E+00  4.3227E+02
  xe-131m      0.0000E+00  2.1380E-01
  te-132       0.0000E+00  6.8444E+00
  i-132        0.0000E+00  2.1018E-01
  xe-132       0.0000E+00  1.1173E+03
  te-133m      0.0000E+00  5.6921E-02
  i-133        0.0000E+00  2.6452E+00
  xe-133       0.0000E+00  1.6002E+01
  xe-133m      0.0000E+00  2.0876E-01
  cs-133       0.0000E+00  1.1307E+03
  te-134       0.0000E+00  7.5697E-02
  i-134        0.0000E+00  1.2445E-01
  xe-134       0.0000E+00  1.5379E+03
  cs-134       0.0000E+00  1.4302E+02
  ba-134       0.0000E+00  2.6800E+01
  i-135        0.0000E+00  8.1433E-01
  xe-135       0.0000E+00  1.8332E-01
  cs-135       0.0000E+00  2.1827E+02
  ba-135       0.0000E+00  1.6756E-01
  xe-136       0.0000E+00  2.5151E+03
  cs-136       0.0000E+00  6.7706E-01
  ba-136       0.0000E+00  1.3712E+01
  cs-137       0.0000E+00  1.2548E+03
  ba-137       0.0000E+00  2.3058E+01
  xe-138       0.0000E+00  2.5651E-02
  cs-138       0.0000E+00  6.6918E-02
  ba-138       0.0000E+00  1.3077E+03
  ba-139       0.0000E+00  1.5960E-01
  la-139       0.0000E+00  1.2236E+03
  ba-140       0.0000E+00  3.3978E+01
  la-140       0.0000E+00  4.6189E+00
  ce-140       0.0000E+00  1.2038E+03
  ba-141       0.0000E+00  3.1856E-02
  la-141       0.0000E+00  4.1338E-01
  ce-141       0.0000E+00  8.1246E+01
  pr-141       0.0000E+00  1.0752E+03
  la-142       0.0000E+00  1.5365E-01
  ce-142       0.0000E+00  1.1325E+03
  pr-142       0.0000E+00  8.4586E-02
  nd-142       0.0000E+00  2.1099E+01
  la-143       0.0000E+00  2.2875E-02
  ce-143       0.0000E+00  3.2179E+00
  pr-143       0.0000E+00  3.1410E+01
  nd-143       0.0000E+00  7.5437E+02
  ce-144       0.0000E+00  5.2371E+02
  pr-144       0.0000E+00  2.2336E-02
  nd-144       0.0000E+00  8.0799E+02
  pr-145       0.0000E+00  4.0633E-01
  nd-145       0.0000E+00  6.7025E+02
  pr-146       0.0000E+00  2.2382E-02
  nd-146       0.0000E+00  6.9484E+02
  nd-147       0.0000E+00  1.1409E+01
  pm-147       0.0000E+00  1.9727E+02
  sm-147       0.0000E+00  4.2281E+01
  nd-148       0.0000E+00  3.8406E+02
  pm-148       0.0000E+00  2.0381E+00
  pm-148m      0.0000E+00  1.5597E+00
  sm-148       0.0000E+00  1.2125E+02
  nd-149       0.0000E+00  4.6740E-02
  pm-149       0.0000E+00  2.1661E+00
  sm-149       0.0000E+00  2.1509E+00
  nd-150       0.0000E+00  1.8438E+02
  sm-150       0.0000E+00  3.1512E+02
  pm-151       0.0000E+00  4.2299E-01
  sm-151       0.0000E+00  1.1496E+01
  sm-152       0.0000E+00  1.1069E+02
  sm-153       0.0000E+00  1.6750E+00
  eu-153       0.0000E+00  1.2194E+02
  sm-154       0.0000E+00  4.2255E+01
  eu-154       0.0000E+00  2.6574E+01
  gd-154       0.0000E+00  1.1769E+00
  eu-155       0.0000E+00  9.4007E+00
  gd-155       0.0000E+00  3.8551E-02
  sm-156       0.0000E+00  2.0476E-02
  eu-156       0.0000E+00  8.4344E+00
  gd-156       0.0000E+00  9.9626E+01
  eu-157       0.0000E+00  3.7655E-02
  gd-157       0.0000E+00  1.1644E-01
  gd-158       0.0000E+00  2.2277E+01
  tb-159       0.0000E+00  2.7718E+00
  gd-160       0.0000E+00  1.2231E+00
  tb-160       0.0000E+00  1.3834E-01
  dy-160       0.0000E+00  1.8296E-01
  tb-161       0.0000E+00  2.1085E-02
  dy-161       0.0000E+00  3.9849E-01
  dy-162       0.0000E+00  3.1126E-01
  dy-163       0.0000E+00  2.4173E-01
  dy-164       0.0000E+00  5.2039E-02
  ho-165       0.0000E+00  9.5393E-02
  er-166       0.0000E+00  2.7352E-02
------------
  totals       1.0000E+06  1.0002E+06
=========================================================================================================================
.
.
=========================================================================================================================
=   History overview for case 'decay' (#2/2)                                                                            =
-------------------------------------------------------------------------------------------------------------------------
   step          t0          t1          dt           t        flux     fluence       power      energy
    (-)         (y)         (y)         (s)         (s)   (n/cm2-s)     (n/cm2)        (MW)       (MWd)
      1      1.5057      2.5057  3.1560E+07  7.9080E+07  0.0000E+00  2.8020E+22  0.0000E+00  3.2525E+04
          
              step - step index within this case
                t0 - time at beginning-of-step in input units
                t1 - time at end-of-step in input units
                dt - length of step in seconds
                 t - end-of-step cumulative time in seconds
              flux - flux in neutrons/cm^2-sec (CALCULATED)
           fluence - cumulative end-of-step fluence in neutrons/cm^2 (CALCULATED)
             power - power in mega-watts (INPUT)     
            energy - cumulative end-of-step energy released in mega-watt-days (INPUT)     
=========================================================================================================================
.
.
.
.
.
*************************************************************************************************************************
********************                                                                                 ********************
********************                                                                                 ********************
********************                    Library information                                          ********************
********************                                                                                 ********************
********************                                                                                 ********************
*************************************************************************************************************************
.
.
=========================================================================================================================
=   Library summary for case 'decay' (#2/2)                                                                             =
-------------------------------------------------------------------------------------------------------------------------
filename: C:/Users/Teddy/AppData/Local/Temp/scale.Teddy.5780/w17x17_100d.f33 cross-section data taken from position number: 1
library title delimited by {}: 
{}
date library was produced: 538976288/538976288/538976288
total number of nuclides in library: 2237
number of light-element nuclides: 910
number of actinide nuclides: 176
number of fission product nuclides: 1151
number of nonzero off-diagonal matrix elements: 54564
=========================================================================================================================
.
.
*************************************************************************************************************************
********************                                                                                 ********************
********************                                                                                 ********************
********************                    Concentration tables                                         ********************
********************                                                                                 ********************
********************                                                                                 ********************
*************************************************************************************************************************
.
.
=========================================================================================================================
=   Nuclide concentrations in grams for case 'decay' (#2/2)                                                             =
-------------------------------------------------------------------------------------------------------------------------
  (relative cutoff; integral of concentrations over time >   1.00E-06 % of integral of all concentrations over time)
.
                   1.506y      2.506y   
  h-3          5.2145E-02  4.9292E-02
  he-4         1.3209E+00  1.5411E+00
  u-234        1.6455E+00  2.8085E+00
  u-235        6.2306E+03  6.2308E+03
  u-236        3.5671E+03  3.5673E+03
  u-237        1.4170E+01  4.7157E-05
  u-238        9.4511E+05  9.4511E+05
  u-239        1.0176E+00  0.0000E+00
  np-237       3.8850E+02  4.0277E+02
  np-238       2.0441E+00  7.4995E-08
  np-239       1.4673E+02  1.0512E-04
  pu-238       1.4202E+02  1.5275E+02
  pu-239       5.1668E+03  5.3144E+03
  pu-240       2.1081E+03  2.1095E+03
  pu-241       1.5866E+03  1.5115E+03
  pu-242       6.4692E+02  6.4694E+02
  pu-243       2.9936E-01  8.2485E-14
  pu-244       4.2166E-02  4.2169E-02
  am-241       2.3933E+01  9.8964E+01
  am-242m      4.0614E-01  4.0414E-01
  am-242       1.2869E-01  5.2143E-06
  am-243       1.2183E+02  1.2212E+02
  cm-242       1.2617E+01  2.6909E+00
  cm-243       3.0748E-01  3.0024E-01
  cm-244       4.2401E+01  4.0831E+01
  cm-245       2.2003E+00  2.2001E+00
  cm-246       2.3219E-01  2.3216E-01
  ge-73        2.1094E-02  2.1106E-02
  ge-74        5.3861E-02  5.3862E-02
  as-75        1.2766E-01  1.2768E-01
  ge-76        3.3211E-01  3.3211E-01
  se-77        7.7660E-01  7.8013E-01
  se-78        2.2704E+00  2.2710E+00
  se-79        4.8260E+00  4.8261E+00
  se-80        1.2497E+01  1.2497E+01
  br-81        2.0911E+01  2.0911E+01
  se-82        3.2872E+01  3.2872E+01
  kr-82        6.4630E-01  6.5092E-01
  kr-83        3.9375E+01  3.9394E+01
  kr-84        1.0738E+02  1.0739E+02
  kr-85        2.4836E+01  2.3294E+01
  kr-85m       3.9763E-02  0.0000E+00
  rb-85        9.4681E+01  9.6264E+01
  kr-86        1.7846E+02  1.7846E+02
  rb-86        3.5827E-02  4.4895E-08
  sr-86        3.9321E-01  4.2903E-01
  kr-87        2.1772E-02  0.0000E+00
  rb-87        2.3456E+02  2.3458E+02
  kr-88        6.5330E-02  0.0000E+00
  sr-88        3.2538E+02  3.2545E+02
  sr-89        3.7836E+01  2.5227E-01
  y-89         4.0639E+02  4.4398E+02
  sr-90        5.2382E+02  5.1136E+02
  y-90         1.4324E-01  1.2971E-01
  zr-90        1.1668E+01  2.4143E+01
  sr-91        4.1278E-01  0.0000E+00
  y-91         6.6659E+01  8.8584E-01
  y-91m        2.0901E-02  0.0000E+00
  zr-91        5.0362E+02  5.6983E+02
  sr-92        1.3005E-01  0.0000E+00
  y-92         1.7184E-01  0.0000E+00
  zr-92        6.2470E+02  6.2500E+02
  y-93         5.8323E-01  0.0000E+00
  zr-93        6.9545E+02  6.9604E+02
  zr-94        7.5040E+02  7.5042E+02
  zr-95        1.1215E+02  2.1507E+00
  nb-95        6.0979E+01  2.6199E+00
  nb-95m       6.8410E-02  1.3880E-03
  mo-95        6.3755E+02  8.0607E+02
  zr-96        8.0289E+02  8.0289E+02
  mo-96        3.6025E+01  3.6034E+01
  zr-97        1.2392E+00  0.0000E+00
  nb-97        8.9623E-02  0.0000E+00
  mo-97        8.0246E+02  8.0379E+02
  mo-98        8.3556E+02  8.3556E+02
  mo-99        5.6410E+00  0.0000E+00
  tc-99        7.9728E+02  8.0337E+02
  tc-99m       4.5347E-01  0.0000E+00
  ru-99        2.8978E-02  3.1816E-02
  mo-100       9.4963E+02  9.4963E+02
  ru-100       9.7285E+01  9.7285E+01
  mo-101       2.0207E-02  0.0000E+00
  ru-101       7.9411E+02  7.9415E+02
  ru-102       8.2268E+02  8.2270E+02
  ru-103       7.9968E+01  1.2623E-01
  rh-103       4.6936E+02  5.4928E+02
  rh-103m      7.8522E-02  1.2399E-04
  tc-104       2.2545E-02  0.0000E+00
  ru-104       5.9962E+02  5.9964E+02
  pd-104       2.4482E+02  2.4482E+02
  ru-105       2.8701E-01  0.0000E+00
  rh-105       1.9773E+00  0.0000E+00
  pd-105       3.9912E+02  4.0139E+02
  ru-106       2.3930E+02  1.2111E+02
  pd-106       2.0438E+02  3.2257E+02
  pd-107       2.4980E+02  2.4982E+02
  pd-108       1.6577E+02  1.6577E+02
  pd-109       2.9855E-01  0.0000E+00
  ag-109       8.8130E+01  8.8429E+01
  pd-110       5.4800E+01  5.4800E+01
  ag-110m      8.0283E-01  2.9131E-01
  cd-110       3.8218E+01  3.8729E+01
  ag-111       7.5963E-01  1.3237E-15
  cd-111       2.6602E+01  2.7363E+01
  pd-112       3.8637E-02  0.0000E+00
  cd-112       1.3723E+01  1.3768E+01
  cd-113       1.1933E-01  1.2383E-01
  cd-114       1.6015E+01  1.6015E+01
  cd-115       3.4933E-02  0.0000E+00
  cd-115m      4.3050E-02  1.4669E-04
  in-115       1.9518E+00  2.0308E+00
  sn-115       2.5166E-01  2.5356E-01
  cd-116       5.8464E+00  5.8465E+00
  sn-116       3.4827E+00  3.4830E+00
  sn-117       5.2986E+00  5.3019E+00
  sn-118       4.9269E+00  4.9274E+00
  sn-119       4.7570E+00  4.8097E+00
  sn-119m      9.0839E-02  3.8281E-02
  sn-120       4.8951E+00  4.8951E+00
  sn-121m      3.9028E-01  3.8416E-01
  sb-121       4.6812E+00  4.7028E+00
  sn-122       6.2522E+00  6.2523E+00
  te-122       3.3521E-01  3.4020E-01
  sn-123       3.0735E-01  4.3306E-02
  sb-123       5.8648E+00  6.1293E+00
  sn-124       9.9097E+00  9.9097E+00
  sb-124       7.0208E-02  1.0467E-03
  te-124       1.9679E-01  2.6595E-01
  sn-125       1.5876E-01  6.2238E-13
  sb-125       1.1083E+01  8.7450E+00
  te-125       1.9806E+00  4.4808E+00
  te-125m      1.2502E-01  1.2153E-01
  sn-126       2.1685E+01  2.1685E+01
  te-126       5.2945E-01  5.3772E-01
  sb-127       5.7870E-01  0.0000E+00
  te-127       5.1319E-02  3.1294E-04
  te-127m      8.1200E-01  8.9390E-02
  i-127        4.4649E+01  4.6009E+01
  te-128       9.9404E+01  9.9423E+01
  xe-128       2.6797E+00  2.6800E+00
  sb-129       8.2570E-02  0.0000E+00
  te-129       2.0739E-02  1.2041E-06
  te-129m      2.4727E+00  1.3267E-03
  i-129        1.6239E+02  1.6497E+02
  xe-129       1.7973E-02  1.8128E-02
  te-130       3.8524E+02  3.8525E+02
  xe-130       6.8286E+00  6.8456E+00
  te-131       2.2301E-02  0.0000E+00
  te-131m      4.2324E-01  0.0000E+00
  i-131        1.2168E+01  2.5272E-13
  xe-131       4.3227E+02  4.4511E+02
  xe-131m      2.1380E-01  3.3088E-10
  te-132       6.8444E+00  0.0000E+00
  i-132        2.1018E-01  0.0000E+00
  xe-132       1.1173E+03  1.1244E+03
  te-133m      5.6921E-02  0.0000E+00
  i-133        2.6452E+00  0.0000E+00
  xe-133       1.6002E+01  2.0955E-20
  xe-133m      2.0876E-01  0.0000E+00
  cs-133       1.1307E+03  1.1496E+03
  te-134       7.5697E-02  0.0000E+00
  i-134        1.2445E-01  0.0000E+00
  xe-134       1.5379E+03  1.5381E+03
  cs-134       1.4302E+02  1.0224E+02
  ba-134       2.6800E+01  6.7581E+01
  i-135        8.1433E-01  0.0000E+00
  xe-135       1.8332E-01  0.0000E+00
  cs-135       2.1827E+02  2.1927E+02
  ba-135       1.6756E-01  1.6777E-01
  xe-136       2.5151E+03  2.5151E+03
  cs-136       6.7706E-01  2.9852E-09
  ba-136       1.3712E+01  1.4389E+01
  cs-137       1.2548E+03  1.2262E+03
  ba-137       2.3058E+01  5.1644E+01
  xe-138       2.5651E-02  0.0000E+00
  cs-138       6.6918E-02  0.0000E+00
  ba-138       1.3077E+03  1.3077E+03
  la-138       1.3717E-02  1.3717E-02
  ba-139       1.5960E-01  0.0000E+00
  la-139       1.2236E+03  1.2238E+03
  ba-140       3.3978E+01  8.1078E-08
  la-140       4.6189E+00  1.2288E-08
  ce-140       1.2038E+03  1.2423E+03
  ba-141       3.1856E-02  0.0000E+00
  la-141       4.1338E-01  0.0000E+00
  ce-141       8.1246E+01  3.3855E-02
  pr-141       1.0752E+03  1.1568E+03
  la-142       1.5365E-01  0.0000E+00
  ce-142       1.1325E+03  1.1327E+03
  pr-142       8.4586E-02  0.0000E+00
  nd-142       2.1099E+01  2.1184E+01
  la-143       2.2875E-02  0.0000E+00
  ce-143       3.2179E+00  0.0000E+00
  pr-143       3.1410E+01  2.7611E-07
  nd-143       7.5437E+02  7.8902E+02
  ce-144       5.2371E+02  2.1535E+02
  pr-144       2.2336E-02  9.0709E-03
  nd-144       8.0799E+02  1.1164E+03
  pr-145       4.0633E-01  0.0000E+00
  nd-145       6.7025E+02  6.7066E+02
  pr-146       2.2382E-02  0.0000E+00
  nd-146       6.9484E+02  6.9488E+02
  nd-147       1.1409E+01  1.1041E-09
  pm-147       1.9727E+02  1.6033E+02
  sm-147       4.2281E+01  9.0640E+01
  nd-148       3.8406E+02  3.8406E+02
  pm-148       2.0381E+00  2.1262E-05
  pm-148m      1.5597E+00  3.3878E-03
  sm-148       1.2125E+02  1.2485E+02
  nd-149       4.6740E-02  0.0000E+00
  pm-149       2.1661E+00  0.0000E+00
  sm-149       2.1509E+00  4.3647E+00
  nd-150       1.8438E+02  1.8438E+02
  sm-150       3.1512E+02  3.1513E+02
  pm-151       4.2299E-01  0.0000E+00
  sm-151       1.1496E+01  1.1831E+01
  eu-151       6.8371E-03  9.8301E-02
  sm-152       1.1069E+02  1.1070E+02
  gd-152       1.1370E-02  1.1466E-02
  sm-153       1.6750E+00  0.0000E+00
  eu-153       1.2194E+02  1.2362E+02
  sm-154       4.2255E+01  4.2256E+01
  eu-154       2.6574E+01  2.4517E+01
  gd-154       1.1769E+00  3.2343E+00
  eu-155       9.4007E+00  8.1260E+00
  gd-155       3.8551E-02  1.3145E+00
  sm-156       2.0476E-02  0.0000E+00
  eu-156       8.4344E+00  4.8768E-07
  gd-156       9.9626E+01  1.0808E+02
  eu-157       3.7655E-02  0.0000E+00
  gd-157       1.1644E-01  1.5428E-01
  gd-158       2.2277E+01  2.2278E+01
  tb-159       2.7718E+00  2.7825E+00
  gd-160       1.2231E+00  1.2231E+00
  tb-160       1.3834E-01  4.1691E-03
  dy-160       1.8296E-01  3.1713E-01
  tb-161       2.1085E-02  2.5215E-18
  dy-161       3.9849E-01  4.1958E-01
  dy-162       3.1126E-01  3.1127E-01
  dy-163       2.4173E-01  2.4174E-01
  dy-164       5.2039E-02  5.2039E-02
  ho-165       9.5393E-02  9.5470E-02
  er-166       2.7352E-02  2.7686E-02
------------
  totals       1.0002E+06  1.0002E+06
=========================================================================================================================
.
.
*************************************************************************************************************************
********************                                                                                 ********************
********************                                                                                 ********************
********************                    Written F71 File Information                                 ********************
********************                                                                                 ********************
********************                                                                                 ********************
*************************************************************************************************************************
.
.
   pos         time        power         flux      fluence       energy libpos   case   step DCGNAB
   (-)          (s)         (MW)    (n/cm2-s)      (n/cm2)        (MWd)    (-)    (-)    (-)    (-)
     1  4.75200e+07  0.00000e+00  0.00000e+00  2.80200e+22  3.25253e+04      1      2      0 DC----
     2  7.90800e+07  0.00000e+00  0.00000e+00  2.80200e+22  3.25253e+04      1      2      1 DC----
    D - state definition present
    C - concentrations present
    G - gamma emission spectra present
    N - neutron emission spectra present
    A - alpha emission spectra present
    B - beta emission spectra present
.
.
.
=========================================================================================================================
ORIGEN finished successfully.
=========================================================================================================================
    module origen used 0.439098 seconds cpu time for the current pass.

    module origen is finished. completion code    0. total cpu time used 5.13186e-006 seconds.


    SCALE is finished on Wed Feb 13 18:29:32 2019.
-------------------------- Summary --------------------------
arp finished. used 1.91481 seconds.
origen finished. used 0.444636 seconds.
SCALE driver required a maximum of 8.285 MiB of RAM.
------------------------ End Summary ------------------------

w17x17_100d.f33 copied to C:\Users\Teddy\Desktop\scale_test\output\w17x17_100d.f33.
discharge.f71 copied to C:\Users\Teddy\Desktop\scale_test\output\discharge.f71.
