 *******************************************************************************
 *                                                                             *
 *                                 SCALE 6.2.2                                 *
 *                                -------------                                *
 *                                February 2019                                *
 *                                                                             *
 *           SCALE:  A Comprehensive Modeling and Simulation Suite             *
 *                   for Nuclear Safety Analysis and Design                    *
 *                                                                             *
 *                      Reactor and Nuclear Systems Division                   *
 *                        Oak Ridge National Laboratory                        *
 *                                                                             *
 *                           http://scale.ornl.gov                             *
 *                            scalehelp@ornl.gov                               *
 *                                                                             *
 *******************************************************************************
 *******************************************************************************
      
                  Job Information
                  ---------------
      Job started on DESKTOP-J14NAA6 on Wed 13/02/2019 18:31:20
      Working directory: C:\Users\Teddy\AppData\Local\Temp\scale.Teddy.10884
      Input file name  : C:\Users\Teddy\Desktop\scale_test\output\2.800000_53737.373737.inp
      Output file name : C:\Users\Teddy\Desktop\scale_test\output\2.800000_53737.373737.out
      SCALE executable : C:\SCALE-6.2.2/bin/scale
      
 *******************************************************************************


    module arp will be called on Wed Feb 13 18:31:20 2019.
    sequence specification record:=arp
Input Data:

      'library type
      w17x17
      2.800000
      ' num cycles
      1
      ' num days per cycle
      550
      ' cycle average specific power (MW / MTU)
      97.704316
      ' number of interpolated cross section sets generated per cycle
      1
      ' moderator density (g/cc)
      0.723
      ' interpolated output ORIGEN library
      w17x17_100d.f33
end

1






        ************************************************************************************************************************
        ************************************************************************************************************************
        ************************************************************************************************************************
        *****                                                                                                              *****
        *****                                       program verification information                                       *****
        *****                                                                                                              *****
        *****                                   code system:  SCALE    version:  6.2                                       *****
        *****                                                                                                              *****
        ************************************************************************************************************************
        ************************************************************************************************************************
        *****                                                                                                              *****
        *****                                                                                                              *****
        *****              program:  arp.exe                                                                               *****
        *****                                                                                                              *****
        *****        creation date:   unknown                                                                              *****
        *****                                                                                                              *****
        *****              library:  C:\SCALE-6.2.2\bin                                                                    *****
        *****                                                                                                              *****
        *****                                                                                                              *****
        *****            prod code:  arp.exe                                                                               *****
        *****                                                                                                              *****
        *****              version:  6.2.2                                                                                 *****
        *****                                                                                                              *****
        *****              jobname:  Teddy                                                                                 *****
        *****                                                                                                              *****
        *****         machine name:  DESKTOP-J14NAA6                                                                       *****
        *****                                                                                                              *****
        *****    date of execution:  13_feb_2019                                                                           *****
        *****                                                                                                              *****
        *****    time of execution:  18:31:20.84                                                                           *****
        *****                                                                                                              *****
        *****                                                                                                              *****
        ************************************************************************************************************************
        ************************************************************************************************************************
        ************************************************************************************************************************


 'library type
    data library:       w17x17
       directory:       C:/SCALE-6.2.2/data/\arplibs
       definition:      C:/SCALE-6.2.2/data/\arpdata.txt
    u-235 enrichment:                        2.800

 ' num cycles
    number of cycles:                            1

 ' num days per cycle

 ' cycle average specific power (MW / MTU)

 ' number of interpolated cross section sets generated per cycle

 ' moderator density (g/cc)
    water density (g/cm3):                  0.7230
                                         cycle        cumulative      midpoint
   cycle time(d)        power(MW)      burnup(MWd/MTU)burnup(MWd/MTU)burnup(MWd/MTU)nlib
     1    550.000        97.7043        53737.4        53737.4        26868.7             1

 ' interpolated output ORIGEN library
    interpolated library name:                   w17x17_100d.f33
 interpolation type: spline
 Cross section library interpolation completed.
.
.
.
=========================================================================================================================
ARP finished successfully.
=========================================================================================================================
    module arp used 2.78973 seconds cpu time for the current pass.

    module arp is finished. completion code    0. total cpu time used 1.3996e-005 seconds.



    module origen will be called on Wed Feb 13 18:31:23 2019.
    sequence specification record:=origen
Input Data:

      case(irrad) {
          lib{
              file="w17x17_100d.f33" pos=1
          }
          mat {
              units=GRAMS
              iso=[u235=28000.000000 u238=972000.000000]
          }
          time = [ 550 ]
          power = [ 97.704316 ]
      }
      case (decay) {
          time {
              units=YEARS
              start=0
              t=[1]
          }
          save{ file="discharge.f71" steps=[0 LAST]}
      }
end

1






        ************************************************************************************************************************
        ************************************************************************************************************************
        ************************************************************************************************************************
        *****                                                                                                              *****
        *****                                       program verification information                                       *****
        *****                                                                                                              *****
        *****                                   code system:  SCALE    version:  6.2                                       *****
        *****                                                                                                              *****
        ************************************************************************************************************************
        ************************************************************************************************************************
        *****                                                                                                              *****
        *****                                                                                                              *****
        *****              program:  origen.exe                                                                            *****
        *****                                                                                                              *****
        *****        creation date:   unknown                                                                              *****
        *****                                                                                                              *****
        *****              library:  C:\SCALE-6.2.2\bin                                                                    *****
        *****                                                                                                              *****
        *****                                                                                                              *****
        *****            prod code:  origen.exe                                                                            *****
        *****                                                                                                              *****
        *****              version:  6.2.2                                                                                 *****
        *****                                                                                                              *****
        *****              jobname:  Teddy                                                                                 *****
        *****                                                                                                              *****
        *****         machine name:  DESKTOP-J14NAA6                                                                       *****
        *****                                                                                                              *****
        *****    date of execution:  13_feb_2019                                                                           *****
        *****                                                                                                              *****
        *****    time of execution:  18:31:23.66                                                                           *****
        *****                                                                                                              *****
        *****                                                                                                              *****
        ************************************************************************************************************************
        ************************************************************************************************************************
        ************************************************************************************************************************

*************************************************************************************************************************
********************                                                                                 ********************
********************                                                                                 ********************
********************                    USER INPUT SUMMARY                                           ********************
********************                                                                                 ********************
********************                                                                                 ********************
*************************************************************************************************************************
.
.
=========================================================================================================================
=   Case "irrad" (#1/2)                                                                                                 =
-------------------------------------------------------------------------------------------------------------------------
###   Library settings                                                                                                ###
.
                                Library file name:     C:/Users/Teddy/AppData/Local/Temp/scale.Teddy.10884/w17x17_100d.f33
                             Library set position:              1
                 Fission product reaction removal:             no
-------------------------------------------------------------------------------------------------------------------------
###   Global settings                                                                                                 ###
.
                                           Solver:              MATREX
                                             Mode:        forward
                             Fixed fission energy:             no
-------------------------------------------------------------------------------------------------------------------------
###   Concentrations output options                                                                                   ###
.
                            High-precision output:             no
                                  Relative cutoff:            yes
                         Step for applying cutoff:       integral
.
                      light els.   actinides  fis.prods.       total
                       nuc    el   nuc    el   nuc    el   nuc    el             cutoff
gram-atoms                                                                    1.000E-06
grams                                                      **                 1.000E-06
curies                                                                        1.000E-06
watts                                                                         1.000E-06
gamma watts                                                                   1.000E-06
m3 air                                                                        1.000E-06
m3 water                                                                      1.000E-06
grams ppm                                                                     1.000E-06
atoms ppm                                                                     1.000E-06
atoms/barn-cm                                                                 1.000E-06
becquerels                                                                    1.000E-06
-------------------------------------------------------------------------------------------------------------------------
###   Additional output options                                                                                       ###
.
                                      Print k-inf:             no
           Nuclides for absorption fraction print:           none
                              Print fission rates:             no
            Step for sorting absorption fractions:              1
=========================================================================================================================
=   Case "decay" (#2/2)                                                                                                 =
-------------------------------------------------------------------------------------------------------------------------
###   Library settings                                                                                                ###
.
                                Library file name:     C:/Users/Teddy/AppData/Local/Temp/scale.Teddy.10884/w17x17_100d.f33
                             Library set position:              1
                 Fission product reaction removal:             no
-------------------------------------------------------------------------------------------------------------------------
###   Global settings                                                                                                 ###
.
                                           Solver:              MATREX
                                             Mode:        forward
                             Fixed fission energy:             no
-------------------------------------------------------------------------------------------------------------------------
###   Concentrations output options                                                                                   ###
.
                            High-precision output:             no
                                  Relative cutoff:            yes
                         Step for applying cutoff:       integral
.
                      light els.   actinides  fis.prods.       total
                       nuc    el   nuc    el   nuc    el   nuc    el             cutoff
gram-atoms                                                                    1.000E-06
grams                                                      **                 1.000E-06
curies                                                                        1.000E-06
watts                                                                         1.000E-06
gamma watts                                                                   1.000E-06
m3 air                                                                        1.000E-06
m3 water                                                                      1.000E-06
grams ppm                                                                     1.000E-06
atoms ppm                                                                     1.000E-06
atoms/barn-cm                                                                 1.000E-06
becquerels                                                                    1.000E-06
-------------------------------------------------------------------------------------------------------------------------
###   Additional output options                                                                                       ###
.
                                      Print k-inf:             no
           Nuclides for absorption fraction print:           none
                              Print fission rates:             no
            Step for sorting absorption fractions:              1
=========================================================================================================================
###   Blending information                                                                                            ###
.
  --- no blending requested in this job ---
=========================================================================================================================
.
.
***Warning:  The flux over a step has changed by more than 20%.
=========================================================================================================================
=   History overview for case 'irrad' (#1/2)                                                                            =
-------------------------------------------------------------------------------------------------------------------------
   step          t0          t1          dt           t        flux     fluence       power      energy
    (-)         (d)         (d)         (s)         (s)   (n/cm2-s)     (n/cm2)        (MW)       (MWd)
      1      0.0000    550.0000  4.7520E+07  4.7520E+07  1.0423E+15  4.9531E+22  9.7704E+01  5.3737E+04
          
              step - step index within this case
                t0 - time at beginning-of-step in input units
                t1 - time at end-of-step in input units
                dt - length of step in seconds
                 t - end-of-step cumulative time in seconds
              flux - flux in neutrons/cm^2-sec (CALCULATED)
           fluence - cumulative end-of-step fluence in neutrons/cm^2 (CALCULATED)
             power - power in mega-watts (INPUT)     
            energy - cumulative end-of-step energy released in mega-watt-days (INPUT)     
=========================================================================================================================
.
.
.
.
.
*************************************************************************************************************************
********************                                                                                 ********************
********************                                                                                 ********************
********************                    Library information                                          ********************
********************                                                                                 ********************
********************                                                                                 ********************
*************************************************************************************************************************
.
.
=========================================================================================================================
=   Library summary for case 'irrad' (#1/2)                                                                             =
-------------------------------------------------------------------------------------------------------------------------
filename: C:/Users/Teddy/AppData/Local/Temp/scale.Teddy.10884/w17x17_100d.f33 cross-section data taken from position number: 1
library title delimited by {}: 
{}
date library was produced: 538976288/538976288/538976288
total number of nuclides in library: 2237
number of light-element nuclides: 910
number of actinide nuclides: 176
number of fission product nuclides: 1151
number of nonzero off-diagonal matrix elements: 54564
=========================================================================================================================
.
.
*************************************************************************************************************************
********************                                                                                 ********************
********************                                                                                 ********************
********************                    Concentration tables                                         ********************
********************                                                                                 ********************
********************                                                                                 ********************
*************************************************************************************************************************
.
.
=========================================================================================================================
=   Nuclide concentrations in grams for case 'irrad' (#1/2)                                                             =
-------------------------------------------------------------------------------------------------------------------------
  (relative cutoff; integral of concentrations over time >   1.00E-06 % of integral of all concentrations over time)
.
                   0.000d    550.000d   
  h-3          0.0000E+00  9.0393E-02
  he-4         0.0000E+00  2.6138E+00
  u-234        0.0000E+00  2.2460E+00
  u-235        2.8000E+04  2.0003E+03
  u-236        0.0000E+00  3.8454E+03
  u-237        0.0000E+00  2.4806E+01
  u-238        9.7200E+05  9.2483E+05
  u-239        0.0000E+00  1.7655E+00
  np-237       0.0000E+00  5.9479E+02
  np-238       0.0000E+00  5.3360E+00
  np-239       0.0000E+00  2.5396E+02
  pu-238       0.0000E+00  3.6361E+02
  pu-239       0.0000E+00  5.3097E+03
  pu-240       0.0000E+00  2.4403E+03
  pu-241       0.0000E+00  1.7711E+03
  pu-242       0.0000E+00  1.6371E+03
  pu-243       0.0000E+00  1.2641E+00
  pu-244       0.0000E+00  5.2192E-01
  am-241       0.0000E+00  2.1198E+01
  am-242m      0.0000E+00  3.5337E-01
  am-242       0.0000E+00  1.9336E-01
  am-243       0.0000E+00  5.7544E+02
  am-244m      0.0000E+00  7.1433E-02
  am-244       0.0000E+00  1.1114E-01
  cm-242       0.0000E+00  2.7495E+01
  cm-243       0.0000E+00  1.2064E+00
  cm-244       0.0000E+00  4.8790E+02
  cm-245       0.0000E+00  5.3519E+01
  cm-246       0.0000E+00  1.4797E+01
  cm-247       0.0000E+00  3.3264E-01
  cm-248       0.0000E+00  4.7360E-02
  ge-73        0.0000E+00  2.7208E-02
  ge-74        0.0000E+00  7.4452E-02
  as-75        0.0000E+00  1.8543E-01
  ge-76        0.0000E+00  5.1525E-01
  se-77        0.0000E+00  1.1138E+00
  se-78        0.0000E+00  3.6338E+00
  se-79        0.0000E+00  7.3515E+00
  se-80        0.0000E+00  1.8875E+01
  br-81        0.0000E+00  3.1386E+01
  se-82        0.0000E+00  5.0243E+01
  kr-82        0.0000E+00  1.7577E+00
  kr-83        0.0000E+00  4.6782E+01
  kr-84        0.0000E+00  1.7093E+02
  kr-85        0.0000E+00  3.6071E+01
  kr-85m       0.0000E+00  5.0038E-02
  rb-85        0.0000E+00  1.3705E+02
  kr-86        0.0000E+00  2.5740E+02
  rb-86        0.0000E+00  9.1157E-02
  sr-86        0.0000E+00  1.0645E+00
  kr-87        0.0000E+00  2.6799E-02
  rb-87        0.0000E+00  3.3717E+02
  kr-88        0.0000E+00  7.8747E-02
  sr-88        0.0000E+00  4.6503E+02
  sr-89        0.0000E+00  4.5658E+01
  y-89         0.0000E+00  5.7090E+02
  sr-90        0.0000E+00  7.4436E+02
  y-90         0.0000E+00  2.1425E-01
  zr-90        0.0000E+00  1.8982E+01
  sr-91        0.0000E+00  5.1902E-01
  y-91         0.0000E+00  7.9915E+01
  y-91m        0.0000E+00  2.6284E-02
  zr-91        0.0000E+00  7.4639E+02
  sr-92        0.0000E+00  1.6933E-01
  y-92         0.0000E+00  2.2373E-01
  zr-92        0.0000E+00  9.2773E+02
  y-93         0.0000E+00  7.8814E-01
  zr-93        0.0000E+00  1.0471E+03
  y-94         0.0000E+00  2.6569E-02
  zr-94        0.0000E+00  1.1618E+03
  mo-94        0.0000E+00  2.3421E-02
  zr-95        0.0000E+00  1.4883E+02
  nb-95        0.0000E+00  8.0649E+01
  nb-95m       0.0000E+00  9.0838E-02
  mo-95        0.0000E+00  9.7506E+02
  zr-96        0.0000E+00  1.2699E+03
  nb-96        0.0000E+00  2.0172E-02
  mo-96        0.0000E+00  1.0285E+02
  zr-97        0.0000E+00  1.8196E+00
  nb-97        0.0000E+00  1.3175E-01
  mo-97        0.0000E+00  1.2851E+03
  mo-98        0.0000E+00  1.3757E+03
  mo-99        0.0000E+00  8.5082E+00
  tc-99        0.0000E+00  1.1984E+03
  tc-99m       0.0000E+00  6.8638E-01
  ru-99        0.0000E+00  2.3212E-02
  mo-100       0.0000E+00  1.5725E+03
  ru-100       0.0000E+00  2.7933E+02
  mo-101       0.0000E+00  3.1237E-02
  tc-101       0.0000E+00  3.0396E-02
  ru-101       0.0000E+00  1.2895E+03
  mo-102       0.0000E+00  2.4334E-02
  ru-102       0.0000E+00  1.4898E+03
  ru-103       0.0000E+00  1.3284E+02
  rh-103       0.0000E+00  5.9276E+02
  rh-103m      0.0000E+00  1.3047E-01
  tc-104       0.0000E+00  3.8540E-02
  ru-104       0.0000E+00  1.1617E+03
  pd-104       0.0000E+00  6.5212E+02
  ru-105       0.0000E+00  5.0758E-01
  rh-105       0.0000E+00  3.1775E+00
  pd-105       0.0000E+00  6.9847E+02
  ru-106       0.0000E+00  4.8033E+02
  pd-106       0.0000E+00  5.6923E+02
  rh-107       0.0000E+00  2.5882E-02
  pd-107       0.0000E+00  5.3157E+02
  pd-108       0.0000E+00  3.6924E+02
  pd-109       0.0000E+00  6.6250E-01
  ag-109       0.0000E+00  1.6396E+02
  pd-110       0.0000E+00  1.2835E+02
  ag-110m      0.0000E+00  2.1617E+00
  cd-110       0.0000E+00  1.5378E+02
  ag-111       0.0000E+00  1.6115E+00
  cd-111       0.0000E+00  6.5275E+01
  pd-112       0.0000E+00  7.9880E-02
  cd-112       0.0000E+00  3.3319E+01
  cd-113       0.0000E+00  1.4351E-01
  cd-114       0.0000E+00  3.3998E+01
  cd-115       0.0000E+00  6.7252E-02
  cd-115m      0.0000E+00  8.4946E-02
  in-115       0.0000E+00  2.1765E+00
  sn-115       0.0000E+00  4.4862E-01
  cd-116       0.0000E+00  1.0865E+01
  sn-116       0.0000E+00  8.3556E+00
  sn-117       0.0000E+00  9.6572E+00
  sn-118       0.0000E+00  9.0481E+00
  sn-119       0.0000E+00  8.5403E+00
  sn-119m      0.0000E+00  1.3036E-01
  sn-120       0.0000E+00  8.9238E+00
  sn-121       0.0000E+00  2.6239E-02
  sn-121m      0.0000E+00  6.7365E-01
  sb-121       0.0000E+00  7.9642E+00
  sn-122       0.0000E+00  1.1366E+01
  te-122       0.0000E+00  1.0822E+00
  sn-123       0.0000E+00  5.0904E-01
  sb-123       0.0000E+00  1.0264E+01
  sn-124       0.0000E+00  1.7687E+01
  sb-124       0.0000E+00  2.1276E-01
  te-124       0.0000E+00  6.6347E-01
  sn-125       0.0000E+00  2.6939E-01
  sb-125       0.0000E+00  1.9571E+01
  te-125       0.0000E+00  3.8923E+00
  te-125m      0.0000E+00  2.2667E-01
  sn-126       0.0000E+00  3.9518E+01
  te-126       0.0000E+00  9.3976E-01
  sb-127       0.0000E+00  9.6353E-01
  te-127       0.0000E+00  8.3345E-02
  te-127m      0.0000E+00  8.8973E-01
  i-127        0.0000E+00  7.3780E+01
  te-128       0.0000E+00  1.7587E+02
  xe-128       0.0000E+00  8.8840E+00
  sb-129       0.0000E+00  1.3587E-01
  te-129       0.0000E+00  3.4153E-02
  te-129m      0.0000E+00  4.0559E+00
  i-129        0.0000E+00  2.7894E+02
  xe-129       0.0000E+00  1.0876E-01
  te-130       0.0000E+00  6.4774E+02
  i-130        0.0000E+00  5.0097E-02
  xe-130       0.0000E+00  2.2491E+01
  sb-131       0.0000E+00  2.8179E-02
  te-131       0.0000E+00  3.4229E-02
  te-131m      0.0000E+00  6.8303E-01
  i-131        0.0000E+00  1.8823E+01
  xe-131       0.0000E+00  5.4206E+02
  xe-131m      0.0000E+00  3.4161E-01
  te-132       0.0000E+00  1.0471E+01
  i-132        0.0000E+00  3.2293E-01
  xe-132       0.0000E+00  2.0582E+03
  te-133       0.0000E+00  2.0155E-02
  te-133m      0.0000E+00  8.2951E-02
  i-133        0.0000E+00  3.9798E+00
  xe-133       0.0000E+00  2.4057E+01
  xe-133m      0.0000E+00  3.2090E-01
  cs-133       0.0000E+00  1.6321E+03
  te-134       0.0000E+00  1.0888E-01
  i-134        0.0000E+00  1.8563E-01
  xe-134       0.0000E+00  2.5442E+03
  cs-134       0.0000E+00  3.6741E+02
  cs-134m      0.0000E+00  2.6072E-02
  ba-134       0.0000E+00  7.6100E+01
  i-135        0.0000E+00  1.2329E+00
  xe-135       0.0000E+00  1.7031E-01
  cs-135       0.0000E+00  2.9135E+02
  ba-135       0.0000E+00  8.7893E-01
  xe-136       0.0000E+00  4.3577E+03
  cs-136       0.0000E+00  1.4501E+00
  ba-136       0.0000E+00  2.8286E+01
  cs-137       0.0000E+00  2.0894E+03
  ba-137       0.0000E+00  4.1640E+01
  xe-138       0.0000E+00  3.7661E-02
  cs-138       0.0000E+00  9.9038E-02
  ba-138       0.0000E+00  2.1406E+03
  la-138       0.0000E+00  2.5166E-02
  cs-139       0.0000E+00  2.5619E-02
  ba-139       0.0000E+00  2.3609E-01
  la-139       0.0000E+00  1.9748E+03
  ba-140       0.0000E+00  4.9989E+01
  la-140       0.0000E+00  6.9883E+00
  ce-140       0.0000E+00  1.9602E+03
  ba-141       0.0000E+00  4.6803E-02
  la-141       0.0000E+00  6.0804E-01
  ce-141       0.0000E+00  1.1842E+02
  pr-141       0.0000E+00  1.6541E+03
  ba-142       0.0000E+00  2.4972E-02
  la-142       0.0000E+00  2.2346E-01
  ce-142       0.0000E+00  1.8363E+03
  pr-142       0.0000E+00  2.2795E-01
  nd-142       0.0000E+00  6.1654E+01
  la-143       0.0000E+00  3.2700E-02
  ce-143       0.0000E+00  4.6136E+00
  pr-143       0.0000E+00  4.4702E+01
  nd-143       0.0000E+00  8.7999E+02
  ce-144       0.0000E+00  7.8060E+02
  pr-144       0.0000E+00  3.3572E-02
  nd-144       0.0000E+00  1.6210E+03
  pr-145       0.0000E+00  5.8894E-01
  nd-145       0.0000E+00  9.7008E+02
  pr-146       0.0000E+00  3.2930E-02
  nd-146       0.0000E+00  1.2350E+03
  nd-147       0.0000E+00  1.6782E+01
  pm-147       0.0000E+00  2.0114E+02
  sm-147       0.0000E+00  4.3968E+01
  nd-148       0.0000E+00  6.5363E+02
  pm-148       0.0000E+00  3.3498E+00
  pm-148m      0.0000E+00  1.6349E+00
  sm-148       0.0000E+00  2.4918E+02
  nd-149       0.0000E+00  7.4780E-02
  pm-149       0.0000E+00  3.6403E+00
  sm-149       0.0000E+00  2.0854E+00
  nd-150       0.0000E+00  3.2541E+02
  sm-150       0.0000E+00  5.4267E+02
  pm-151       0.0000E+00  7.0681E-01
  sm-151       0.0000E+00  1.4493E+01
  sm-152       0.0000E+00  1.4272E+02
  sm-153       0.0000E+00  3.5036E+00
  eu-153       0.0000E+00  1.9510E+02
  sm-154       0.0000E+00  9.3491E+01
  eu-154       0.0000E+00  5.1972E+01
  gd-154       0.0000E+00  2.8986E+00
  eu-155       0.0000E+00  1.7400E+01
  gd-155       0.0000E+00  4.9081E-02
  sm-156       0.0000E+00  3.7300E-02
  eu-156       0.0000E+00  2.5045E+01
  gd-156       0.0000E+00  3.5201E+02
  eu-157       0.0000E+00  1.2353E-01
  gd-157       0.0000E+00  2.7103E-01
  gd-158       0.0000E+00  8.2036E+01
  gd-159       0.0000E+00  3.2658E-02
  tb-159       0.0000E+00  7.5057E+00
  gd-160       0.0000E+00  2.8991E+00
  tb-160       0.0000E+00  5.3571E-01
  dy-160       0.0000E+00  6.2595E-01
  tb-161       0.0000E+00  7.2986E-02
  dy-161       0.0000E+00  1.0139E+00
  dy-162       0.0000E+00  8.4450E-01
  dy-163       0.0000E+00  8.1495E-01
  dy-164       0.0000E+00  2.2535E-01
  ho-165       0.0000E+00  5.4400E-01
  er-166       0.0000E+00  1.9444E-01
  er-168       0.0000E+00  3.0397E-02
------------
  totals       1.0000E+06  1.0019E+06
=========================================================================================================================
.
.
=========================================================================================================================
=   History overview for case 'decay' (#2/2)                                                                            =
-------------------------------------------------------------------------------------------------------------------------
   step          t0          t1          dt           t        flux     fluence       power      energy
    (-)         (y)         (y)         (s)         (s)   (n/cm2-s)     (n/cm2)        (MW)       (MWd)
      1      1.5057      2.5057  3.1560E+07  7.9080E+07  0.0000E+00  4.9531E+22  0.0000E+00  5.3737E+04
          
              step - step index within this case
                t0 - time at beginning-of-step in input units
                t1 - time at end-of-step in input units
                dt - length of step in seconds
                 t - end-of-step cumulative time in seconds
              flux - flux in neutrons/cm^2-sec (CALCULATED)
           fluence - cumulative end-of-step fluence in neutrons/cm^2 (CALCULATED)
             power - power in mega-watts (INPUT)     
            energy - cumulative end-of-step energy released in mega-watt-days (INPUT)     
=========================================================================================================================
.
.
.
.
.
*************************************************************************************************************************
********************                                                                                 ********************
********************                                                                                 ********************
********************                    Library information                                          ********************
********************                                                                                 ********************
********************                                                                                 ********************
*************************************************************************************************************************
.
.
=========================================================================================================================
=   Library summary for case 'decay' (#2/2)                                                                             =
-------------------------------------------------------------------------------------------------------------------------
filename: C:/Users/Teddy/AppData/Local/Temp/scale.Teddy.10884/w17x17_100d.f33 cross-section data taken from position number: 1
library title delimited by {}: 
{}
date library was produced: 538976288/538976288/538976288
total number of nuclides in library: 2237
number of light-element nuclides: 910
number of actinide nuclides: 176
number of fission product nuclides: 1151
number of nonzero off-diagonal matrix elements: 54564
=========================================================================================================================
.
.
*************************************************************************************************************************
********************                                                                                 ********************
********************                                                                                 ********************
********************                    Concentration tables                                         ********************
********************                                                                                 ********************
********************                                                                                 ********************
*************************************************************************************************************************
.
.
=========================================================================================================================
=   Nuclide concentrations in grams for case 'decay' (#2/2)                                                             =
-------------------------------------------------------------------------------------------------------------------------
  (relative cutoff; integral of concentrations over time >   1.00E-06 % of integral of all concentrations over time)
.
                   1.506y      2.506y   
  h-3          9.0393E-02  8.5447E-02
  he-4         2.6138E+00  3.3359E+00
  u-234        2.2460E+00  5.2054E+00
  u-235        2.0003E+03  2.0005E+03
  u-236        3.8454E+03  3.8457E+03
  u-237        2.4806E+01  5.2640E-05
  u-238        9.2483E+05  9.2483E+05
  u-239        1.7655E+00  0.0000E+00
  np-237       5.9479E+02  6.1969E+02
  np-238       5.3360E+00  6.5251E-08
  np-239       2.5396E+02  4.9638E-04
  pu-238       3.6361E+02  3.8738E+02
  pu-239       5.3097E+03  5.5653E+03
  pu-240       2.4403E+03  2.4581E+03
  pu-241       1.7711E+03  1.6873E+03
  pu-242       1.6371E+03  1.6371E+03
  pu-243       1.2641E+00  1.1860E-11
  pu-244       5.2192E-01  5.2194E-01
  am-241       2.1198E+01  1.0496E+02
  am-242m      3.5337E-01  3.5163E-01
  am-242       1.9336E-01  4.5368E-06
  am-243       5.7544E+02  5.7665E+02
  am-244m      7.1433E-02  0.0000E+00
  am-244       1.1114E-01  2.5164E-12
  cm-242       2.7495E+01  5.8477E+00
  cm-243       1.2064E+00  1.1780E+00
  cm-244       4.8790E+02  4.6975E+02
  cm-245       5.3519E+01  5.3515E+01
  cm-246       1.4797E+01  1.4795E+01
  cm-247       3.3264E-01  3.3264E-01
  cm-248       4.7360E-02  4.7488E-02
  ge-73        2.7208E-02  2.7227E-02
  ge-74        7.4452E-02  7.4454E-02
  as-75        1.8543E-01  1.8546E-01
  ge-76        5.1525E-01  5.1525E-01
  se-76        1.1403E-02  1.1468E-02
  se-77        1.1138E+00  1.1188E+00
  se-78        3.6338E+00  3.6346E+00
  se-79        7.3515E+00  7.3516E+00
  se-80        1.8875E+01  1.8875E+01
  br-81        3.1386E+01  3.1387E+01
  se-82        5.0243E+01  5.0243E+01
  kr-82        1.7577E+00  1.7697E+00
  kr-83        4.6782E+01  4.6807E+01
  kr-84        1.7093E+02  1.7093E+02
  kr-85        3.6071E+01  3.3829E+01
  kr-85m       5.0038E-02  0.0000E+00
  rb-85        1.3705E+02  1.3934E+02
  kr-86        2.5740E+02  2.5740E+02
  rb-86        9.1157E-02  1.1423E-07
  sr-86        1.0645E+00  1.1556E+00
  kr-87        2.6799E-02  0.0000E+00
  rb-87        3.3717E+02  3.3719E+02
  kr-88        7.8747E-02  0.0000E+00
  sr-88        4.6503E+02  4.6512E+02
  sr-89        4.5658E+01  3.0443E-01
  y-89         5.7090E+02  6.1626E+02
  sr-90        7.4436E+02  7.2666E+02
  y-90         2.1425E-01  1.8433E-01
  zr-90        1.8982E+01  3.6721E+01
  sr-91        5.1902E-01  0.0000E+00
  y-91         7.9915E+01  1.0623E+00
  y-91m        2.6284E-02  0.0000E+00
  zr-91        7.4639E+02  8.2579E+02
  sr-92        1.6933E-01  0.0000E+00
  y-92         2.2373E-01  0.0000E+00
  zr-92        9.2773E+02  9.2812E+02
  y-93         7.8814E-01  0.0000E+00
  zr-93        1.0471E+03  1.0478E+03
  y-94         2.6569E-02  0.0000E+00
  zr-94        1.1618E+03  1.1618E+03
  mo-94        2.3421E-02  2.3421E-02
  zr-95        1.4883E+02  2.8540E+00
  nb-95        8.0649E+01  3.4765E+00
  nb-95m       9.0838E-02  1.8419E-03
  mo-95        9.7506E+02  1.1984E+03
  zr-96        1.2699E+03  1.2699E+03
  nb-96        2.0172E-02  0.0000E+00
  mo-96        1.0285E+02  1.0287E+02
  zr-97        1.8196E+00  0.0000E+00
  nb-97        1.3175E-01  0.0000E+00
  mo-97        1.2851E+03  1.2870E+03
  mo-98        1.3757E+03  1.3757E+03
  tc-98        1.3100E-02  1.3100E-02
  mo-99        8.5082E+00  0.0000E+00
  tc-99        1.1984E+03  1.2076E+03
  tc-99m       6.8638E-01  0.0000E+00
  ru-99        2.3212E-02  2.7480E-02
  mo-100       1.5725E+03  1.5725E+03
  ru-100       2.7933E+02  2.7933E+02
  mo-101       3.1237E-02  0.0000E+00
  tc-101       3.0396E-02  0.0000E+00
  ru-101       1.2895E+03  1.2895E+03
  mo-102       2.4334E-02  0.0000E+00
  ru-102       1.4898E+03  1.4898E+03
  ru-103       1.3284E+02  2.0970E-01
  rh-103       5.9276E+02  7.2553E+02
  rh-103m      1.3047E-01  2.0597E-04
  tc-104       3.8540E-02  0.0000E+00
  ru-104       1.1617E+03  1.1618E+03
  pd-104       6.5212E+02  6.5212E+02
  ru-105       5.0758E-01  0.0000E+00
  rh-105       3.1775E+00  0.0000E+00
  pd-105       6.9847E+02  7.0217E+02
  ru-106       4.8033E+02  2.4309E+02
  pd-106       5.6923E+02  8.0646E+02
  rh-107       2.5882E-02  0.0000E+00
  pd-107       5.3157E+02  5.3160E+02
  pd-108       3.6924E+02  3.6924E+02
  pd-109       6.6250E-01  0.0000E+00
  ag-109       1.6396E+02  1.6462E+02
  pd-110       1.2835E+02  1.2835E+02
  ag-110m      2.1617E+00  7.8438E-01
  cd-110       1.5378E+02  1.5515E+02
  ag-111       1.6115E+00  2.8080E-15
  cd-111       6.5275E+01  6.6890E+01
  pd-112       7.9880E-02  0.0000E+00
  cd-112       3.3319E+01  3.3411E+01
  cd-113       1.4351E-01  1.5274E-01
  cd-114       3.3998E+01  3.3998E+01
  cd-115       6.7252E-02  0.0000E+00
  cd-115m      8.4946E-02  2.8945E-04
  in-115       2.1765E+00  2.3308E+00
  sn-115       4.4862E-01  4.5229E-01
  cd-116       1.0865E+01  1.0865E+01
  sn-116       8.3556E+00  8.3562E+00
  sn-117       9.6572E+00  9.6631E+00
  sn-118       9.0481E+00  9.0489E+00
  sn-119       8.5403E+00  8.6160E+00
  sn-119m      1.3036E-01  5.4936E-02
  sn-120       8.9238E+00  8.9238E+00
  sn-121       2.6239E-02  3.6147E-05
  sn-121m      6.7365E-01  6.6310E-01
  sb-121       7.9642E+00  8.0009E+00
  sn-122       1.1366E+01  1.1366E+01
  te-122       1.0822E+00  1.0971E+00
  sn-123       5.0904E-01  7.1725E-02
  sb-123       1.0264E+01  1.0702E+01
  te-123       1.1784E-02  1.5441E-02
  sn-124       1.7687E+01  1.7687E+01
  sb-124       2.1276E-01  3.1718E-03
  te-124       6.6347E-01  8.7306E-01
  sn-125       2.6939E-01  1.0561E-12
  sb-125       1.9571E+01  1.5434E+01
  te-125       3.8923E+00  8.3111E+00
  te-125m      2.2667E-01  2.1457E-01
  sn-126       3.9518E+01  3.9518E+01
  te-126       9.3976E-01  9.5592E-01
  sb-127       9.6353E-01  0.0000E+00
  te-127       8.3345E-02  3.6247E-04
  te-127m      8.8973E-01  1.0354E-01
  i-127        7.3780E+01  7.5625E+01
  te-128       1.7587E+02  1.7590E+02
  xe-128       8.8840E+00  8.8847E+00
  sb-129       1.3587E-01  0.0000E+00
  te-129       3.4153E-02  1.9751E-06
  te-129m      4.0559E+00  2.1762E-03
  i-129        2.7894E+02  2.8316E+02
  xe-129       1.0876E-01  1.0963E-01
  te-130       6.4774E+02  6.4776E+02
  i-130        5.0097E-02  0.0000E+00
  xe-130       2.2491E+01  2.2542E+01
  sb-131       2.8179E-02  0.0000E+00
  te-131       3.4229E-02  0.0000E+00
  te-131m      6.8303E-01  0.0000E+00
  i-131        1.8823E+01  3.9161E-13
  xe-131       5.4206E+02  5.6198E+02
  xe-131m      3.4161E-01  5.1800E-10
  te-132       1.0471E+01  0.0000E+00
  i-132        3.2293E-01  0.0000E+00
  xe-132       2.0582E+03  2.0690E+03
  te-133       2.0155E-02  0.0000E+00
  te-133m      8.2951E-02  0.0000E+00
  i-133        3.9798E+00  0.0000E+00
  xe-133       2.4057E+01  3.1515E-20
  xe-133m      3.2090E-01  0.0000E+00
  cs-133       1.6321E+03  1.6606E+03
  te-134       1.0888E-01  0.0000E+00
  i-134        1.8563E-01  0.0000E+00
  xe-134       2.5442E+03  2.5445E+03
  cs-134       3.6741E+02  2.6266E+02
  cs-134m      2.6072E-02  0.0000E+00
  ba-134       7.6100E+01  1.8087E+02
  i-135        1.2329E+00  0.0000E+00
  xe-135       1.7031E-01  0.0000E+00
  cs-135       2.9135E+02  2.9276E+02
  ba-135       8.7893E-01  8.7975E-01
  xe-136       4.3577E+03  4.3577E+03
  cs-136       1.4501E+00  6.3937E-09
  ba-136       2.8286E+01  2.9737E+01
  cs-137       2.0894E+03  2.0418E+03
  ba-137       4.1640E+01  8.9241E+01
  xe-138       3.7661E-02  0.0000E+00
  cs-138       9.9038E-02  0.0000E+00
  ba-138       2.1406E+03  2.1408E+03
  la-138       2.5166E-02  2.5166E-02
  cs-139       2.5619E-02  0.0000E+00
  ba-139       2.3609E-01  0.0000E+00
  la-139       1.9748E+03  1.9751E+03
  ba-140       4.9989E+01  1.1928E-07
  la-140       6.9883E+00  1.8079E-08
  ce-140       1.9602E+03  2.0172E+03
  ba-141       4.6803E-02  0.0000E+00
  la-141       6.0804E-01  0.0000E+00
  ce-141       1.1842E+02  4.9347E-02
  pr-141       1.6541E+03  1.7731E+03
  ba-142       2.4972E-02  0.0000E+00
  la-142       2.2346E-01  0.0000E+00
  ce-142       1.8363E+03  1.8366E+03
  pr-142       2.2795E-01  0.0000E+00
  nd-142       6.1654E+01  6.1883E+01
  la-143       3.2700E-02  0.0000E+00
  ce-143       4.6136E+00  0.0000E+00
  pr-143       4.4702E+01  3.9325E-07
  nd-143       8.7999E+02  9.2934E+02
  ce-144       7.8060E+02  3.2098E+02
  pr-144       3.3572E-02  1.3520E-02
  nd-144       1.6210E+03  2.0806E+03
  pr-145       5.8894E-01  0.0000E+00
  nd-145       9.7008E+02  9.7067E+02
  pr-146       3.2930E-02  0.0000E+00
  nd-146       1.2350E+03  1.2350E+03
  nd-147       1.6782E+01  1.6242E-09
  pm-147       2.0114E+02  1.6748E+02
  sm-147       4.3968E+01  9.4427E+01
  nd-148       6.5363E+02  6.5363E+02
  pm-148       3.3498E+00  2.2287E-05
  pm-148m      1.6349E+00  3.5511E-03
  sm-148       2.4918E+02  2.5416E+02
  nd-149       7.4780E-02  0.0000E+00
  pm-149       3.6403E+00  0.0000E+00
  sm-149       2.0854E+00  5.8020E+00
  nd-150       3.2541E+02  3.2541E+02
  sm-150       5.4267E+02  5.4268E+02
  pm-151       7.0681E-01  0.0000E+00
  sm-151       1.4493E+01  1.5088E+01
  eu-151       4.9543E-03  1.2159E-01
  sm-152       1.4272E+02  1.4273E+02
  sm-153       3.5036E+00  0.0000E+00
  eu-153       1.9510E+02  1.9860E+02
  sm-154       9.3491E+01  9.3492E+01
  eu-154       5.1972E+01  4.7948E+01
  gd-154       2.8986E+00  6.9223E+00
  eu-155       1.7400E+01  1.5041E+01
  gd-155       4.9081E-02  2.4108E+00
  sm-156       3.7300E-02  0.0000E+00
  eu-156       2.5045E+01  1.4467E-06
  gd-156       3.5201E+02  3.7709E+02
  eu-157       1.2353E-01  0.0000E+00
  gd-157       2.7103E-01  3.9491E-01
  gd-158       8.2036E+01  8.2038E+01
  gd-159       3.2658E-02  0.0000E+00
  tb-159       7.5057E+00  7.5386E+00
  gd-160       2.8991E+00  2.8991E+00
  tb-160       5.3571E-01  1.6145E-02
  dy-160       6.2595E-01  1.1455E+00
  tb-161       7.2986E-02  8.7271E-18
  dy-161       1.0139E+00  1.0869E+00
  dy-162       8.4450E-01  8.4452E-01
  dy-163       8.1495E-01  8.1496E-01
  dy-164       2.2535E-01  2.2535E-01
  ho-165       5.4400E-01  5.4456E-01
  er-166       1.9444E-01  1.9701E-01
  er-167       1.1031E-02  1.1048E-02
  er-168       3.0397E-02  3.0398E-02
------------
  totals       1.0019E+06  1.0019E+06
=========================================================================================================================
.
.
*************************************************************************************************************************
********************                                                                                 ********************
********************                                                                                 ********************
********************                    Written F71 File Information                                 ********************
********************                                                                                 ********************
********************                                                                                 ********************
*************************************************************************************************************************
.
.
   pos         time        power         flux      fluence       energy libpos   case   step DCGNAB
   (-)          (s)         (MW)    (n/cm2-s)      (n/cm2)        (MWd)    (-)    (-)    (-)    (-)
     1  4.75200e+07  0.00000e+00  0.00000e+00  4.95310e+22  5.37374e+04      1      2      0 DC----
     2  7.90800e+07  0.00000e+00  0.00000e+00  4.95310e+22  5.37374e+04      1      2      1 DC----
    D - state definition present
    C - concentrations present
    G - gamma emission spectra present
    N - neutron emission spectra present
    A - alpha emission spectra present
    B - beta emission spectra present
.
.
.
=========================================================================================================================
ORIGEN finished successfully.
=========================================================================================================================
    module origen used 0.711719 seconds cpu time for the current pass.

    module origen is finished. completion code    0. total cpu time used 5.13186e-006 seconds.


    SCALE is finished on Wed Feb 13 18:31:24 2019.
-------------------------- Summary --------------------------
arp finished. used 2.79592 seconds.
origen finished. used 0.722362 seconds.
SCALE driver required a maximum of 8.301 MiB of RAM.
------------------------ End Summary ------------------------

w17x17_100d.f33 copied to C:\Users\Teddy\Desktop\scale_test\output\w17x17_100d.f33.
discharge.f71 copied to C:\Users\Teddy\Desktop\scale_test\output\discharge.f71.
