 *******************************************************************************
 *                                                                             *
 *                                 SCALE 6.2.2                                 *
 *                                -------------                                *
 *                                February 2019                                *
 *                                                                             *
 *           SCALE:  A Comprehensive Modeling and Simulation Suite             *
 *                   for Nuclear Safety Analysis and Design                    *
 *                                                                             *
 *                      Reactor and Nuclear Systems Division                   *
 *                        Oak Ridge National Laboratory                        *
 *                                                                             *
 *                           http://scale.ornl.gov                             *
 *                            scalehelp@ornl.gov                               *
 *                                                                             *
 *******************************************************************************
 *******************************************************************************
      
                  Job Information
                  ---------------
      Job started on DESKTOP-J14NAA6 on Wed 13/02/2019 18:26:56
      Working directory: C:\Users\Teddy\AppData\Local\Temp\scale.Teddy.224
      Input file name  : C:\Users\Teddy\Desktop\scale_test\output\2.800000_1414.141414.inp
      Output file name : C:\Users\Teddy\Desktop\scale_test\output\2.800000_1414.141414.out
      SCALE executable : C:\SCALE-6.2.2/bin/scale
      
 *******************************************************************************


    module arp will be called on Wed Feb 13 18:26:57 2019.
    sequence specification record:=arp
Input Data:

      'library type
      w17x17
      2.800000
      ' num cycles
      1
      ' num days per cycle
      550
      ' cycle average specific power (MW / MTU)
      2.571166
      ' number of interpolated cross section sets generated per cycle
      1
      ' moderator density (g/cc)
      0.723
      ' interpolated output ORIGEN library
      w17x17_100d.f33
end

1






        ************************************************************************************************************************
        ************************************************************************************************************************
        ************************************************************************************************************************
        *****                                                                                                              *****
        *****                                       program verification information                                       *****
        *****                                                                                                              *****
        *****                                   code system:  SCALE    version:  6.2                                       *****
        *****                                                                                                              *****
        ************************************************************************************************************************
        ************************************************************************************************************************
        *****                                                                                                              *****
        *****                                                                                                              *****
        *****              program:  arp.exe                                                                               *****
        *****                                                                                                              *****
        *****        creation date:   unknown                                                                              *****
        *****                                                                                                              *****
        *****              library:  C:\SCALE-6.2.2\bin                                                                    *****
        *****                                                                                                              *****
        *****                                                                                                              *****
        *****            prod code:  arp.exe                                                                               *****
        *****                                                                                                              *****
        *****              version:  6.2.2                                                                                 *****
        *****                                                                                                              *****
        *****              jobname:  Teddy                                                                                 *****
        *****                                                                                                              *****
        *****         machine name:  DESKTOP-J14NAA6                                                                       *****
        *****                                                                                                              *****
        *****    date of execution:  13_feb_2019                                                                           *****
        *****                                                                                                              *****
        *****    time of execution:  18:26:57.26                                                                           *****
        *****                                                                                                              *****
        *****                                                                                                              *****
        ************************************************************************************************************************
        ************************************************************************************************************************
        ************************************************************************************************************************


 'library type
    data library:       w17x17
       directory:       C:/SCALE-6.2.2/data/\arplibs
       definition:      C:/SCALE-6.2.2/data/\arpdata.txt
    u-235 enrichment:                        2.800

 ' num cycles
    number of cycles:                            1

 ' num days per cycle

 ' cycle average specific power (MW / MTU)

 ' number of interpolated cross section sets generated per cycle

 ' moderator density (g/cc)
    water density (g/cm3):                  0.7230
                                         cycle        cumulative      midpoint
   cycle time(d)        power(MW)      burnup(MWd/MTU)burnup(MWd/MTU)burnup(MWd/MTU)nlib
     1    550.000        2.57117        1414.14        1414.14        707.071             1

 ' interpolated output ORIGEN library
    interpolated library name:                   w17x17_100d.f33
 interpolation type: spline
 Cross section library interpolation completed.
.
.
.
=========================================================================================================================
ARP finished successfully.
=========================================================================================================================
    module arp used 2.16279 seconds cpu time for the current pass.

    module arp is finished. completion code    0. total cpu time used 1.25964e-005 seconds.



    module origen will be called on Wed Feb 13 18:26:59 2019.
    sequence specification record:=origen
Input Data:

      case(irrad) {
          lib{
              file="w17x17_100d.f33" pos=1
          }
          mat {
              units=GRAMS
              iso=[u235=28000.000000 u238=972000.000000]
          }
          time = [ 550 ]
          power = [ 2.571166 ]
      }
      case (decay) {
          time {
              units=YEARS
              start=0
              t=[1]
          }
          save{ file="discharge.f71" steps=[0 LAST]}
      }
end

1






        ************************************************************************************************************************
        ************************************************************************************************************************
        ************************************************************************************************************************
        *****                                                                                                              *****
        *****                                       program verification information                                       *****
        *****                                                                                                              *****
        *****                                   code system:  SCALE    version:  6.2                                       *****
        *****                                                                                                              *****
        ************************************************************************************************************************
        ************************************************************************************************************************
        *****                                                                                                              *****
        *****                                                                                                              *****
        *****              program:  origen.exe                                                                            *****
        *****                                                                                                              *****
        *****        creation date:   unknown                                                                              *****
        *****                                                                                                              *****
        *****              library:  C:\SCALE-6.2.2\bin                                                                    *****
        *****                                                                                                              *****
        *****                                                                                                              *****
        *****            prod code:  origen.exe                                                                            *****
        *****                                                                                                              *****
        *****              version:  6.2.2                                                                                 *****
        *****                                                                                                              *****
        *****              jobname:  Teddy                                                                                 *****
        *****                                                                                                              *****
        *****         machine name:  DESKTOP-J14NAA6                                                                       *****
        *****                                                                                                              *****
        *****    date of execution:  13_feb_2019                                                                           *****
        *****                                                                                                              *****
        *****    time of execution:  18:26:59.44                                                                           *****
        *****                                                                                                              *****
        *****                                                                                                              *****
        ************************************************************************************************************************
        ************************************************************************************************************************
        ************************************************************************************************************************

*************************************************************************************************************************
********************                                                                                 ********************
********************                                                                                 ********************
********************                    USER INPUT SUMMARY                                           ********************
********************                                                                                 ********************
********************                                                                                 ********************
*************************************************************************************************************************
.
.
=========================================================================================================================
=   Case "irrad" (#1/2)                                                                                                 =
-------------------------------------------------------------------------------------------------------------------------
###   Library settings                                                                                                ###
.
                                Library file name:     C:/Users/Teddy/AppData/Local/Temp/scale.Teddy.224/w17x17_100d.f33
                             Library set position:              1
                 Fission product reaction removal:             no
-------------------------------------------------------------------------------------------------------------------------
###   Global settings                                                                                                 ###
.
                                           Solver:              MATREX
                                             Mode:        forward
                             Fixed fission energy:             no
-------------------------------------------------------------------------------------------------------------------------
###   Concentrations output options                                                                                   ###
.
                            High-precision output:             no
                                  Relative cutoff:            yes
                         Step for applying cutoff:       integral
.
                      light els.   actinides  fis.prods.       total
                       nuc    el   nuc    el   nuc    el   nuc    el             cutoff
gram-atoms                                                                    1.000E-06
grams                                                      **                 1.000E-06
curies                                                                        1.000E-06
watts                                                                         1.000E-06
gamma watts                                                                   1.000E-06
m3 air                                                                        1.000E-06
m3 water                                                                      1.000E-06
grams ppm                                                                     1.000E-06
atoms ppm                                                                     1.000E-06
atoms/barn-cm                                                                 1.000E-06
becquerels                                                                    1.000E-06
-------------------------------------------------------------------------------------------------------------------------
###   Additional output options                                                                                       ###
.
                                      Print k-inf:             no
           Nuclides for absorption fraction print:           none
                              Print fission rates:             no
            Step for sorting absorption fractions:              1
=========================================================================================================================
=   Case "decay" (#2/2)                                                                                                 =
-------------------------------------------------------------------------------------------------------------------------
###   Library settings                                                                                                ###
.
                                Library file name:     C:/Users/Teddy/AppData/Local/Temp/scale.Teddy.224/w17x17_100d.f33
                             Library set position:              1
                 Fission product reaction removal:             no
-------------------------------------------------------------------------------------------------------------------------
###   Global settings                                                                                                 ###
.
                                           Solver:              MATREX
                                             Mode:        forward
                             Fixed fission energy:             no
-------------------------------------------------------------------------------------------------------------------------
###   Concentrations output options                                                                                   ###
.
                            High-precision output:             no
                                  Relative cutoff:            yes
                         Step for applying cutoff:       integral
.
                      light els.   actinides  fis.prods.       total
                       nuc    el   nuc    el   nuc    el   nuc    el             cutoff
gram-atoms                                                                    1.000E-06
grams                                                      **                 1.000E-06
curies                                                                        1.000E-06
watts                                                                         1.000E-06
gamma watts                                                                   1.000E-06
m3 air                                                                        1.000E-06
m3 water                                                                      1.000E-06
grams ppm                                                                     1.000E-06
atoms ppm                                                                     1.000E-06
atoms/barn-cm                                                                 1.000E-06
becquerels                                                                    1.000E-06
-------------------------------------------------------------------------------------------------------------------------
###   Additional output options                                                                                       ###
.
                                      Print k-inf:             no
           Nuclides for absorption fraction print:           none
                              Print fission rates:             no
            Step for sorting absorption fractions:              1
=========================================================================================================================
###   Blending information                                                                                            ###
.
  --- no blending requested in this job ---
=========================================================================================================================
.
.
=========================================================================================================================
=   History overview for case 'irrad' (#1/2)                                                                            =
-------------------------------------------------------------------------------------------------------------------------
   step          t0          t1          dt           t        flux     fluence       power      energy
    (-)         (d)         (d)         (s)         (s)   (n/cm2-s)     (n/cm2)        (MW)       (MWd)
      1      0.0000    550.0000  4.7520E+07  4.7520E+07  2.0984E+13  9.9716E+20  2.5712E+00  1.4141E+03
          
              step - step index within this case
                t0 - time at beginning-of-step in input units
                t1 - time at end-of-step in input units
                dt - length of step in seconds
                 t - end-of-step cumulative time in seconds
              flux - flux in neutrons/cm^2-sec (CALCULATED)
           fluence - cumulative end-of-step fluence in neutrons/cm^2 (CALCULATED)
             power - power in mega-watts (INPUT)     
            energy - cumulative end-of-step energy released in mega-watt-days (INPUT)     
=========================================================================================================================
.
.
.
.
.
*************************************************************************************************************************
********************                                                                                 ********************
********************                                                                                 ********************
********************                    Library information                                          ********************
********************                                                                                 ********************
********************                                                                                 ********************
*************************************************************************************************************************
.
.
=========================================================================================================================
=   Library summary for case 'irrad' (#1/2)                                                                             =
-------------------------------------------------------------------------------------------------------------------------
filename: C:/Users/Teddy/AppData/Local/Temp/scale.Teddy.224/w17x17_100d.f33 cross-section data taken from position number: 1
library title delimited by {}: 
{}
date library was produced: 538976288/538976288/538976288
total number of nuclides in library: 2237
number of light-element nuclides: 910
number of actinide nuclides: 176
number of fission product nuclides: 1151
number of nonzero off-diagonal matrix elements: 54564
=========================================================================================================================
.
.
*************************************************************************************************************************
********************                                                                                 ********************
********************                                                                                 ********************
********************                    Concentration tables                                         ********************
********************                                                                                 ********************
********************                                                                                 ********************
*************************************************************************************************************************
.
.
=========================================================================================================================
=   Nuclide concentrations in grams for case 'irrad' (#1/2)                                                             =
-------------------------------------------------------------------------------------------------------------------------
  (relative cutoff; integral of concentrations over time >   1.00E-06 % of integral of all concentrations over time)
.
                   0.000d    550.000d   
  he-4         0.0000E+00  4.8201E-02
  u-234        0.0000E+00  9.9971E-02
  u-235        2.8000E+04  2.6350E+04
  u-236        0.0000E+00  2.9550E+02
  u-237        0.0000E+00  1.2369E-01
  u-238        9.7200E+05  9.7103E+05
  u-239        0.0000E+00  3.7612E-02
  np-237       0.0000E+00  5.5745E+00
  np-239       0.0000E+00  5.4407E+00
  pu-238       0.0000E+00  9.5848E-02
  pu-239       0.0000E+00  7.9248E+02
  pu-240       0.0000E+00  2.7763E+01
  pu-241       0.0000E+00  2.2009E+00
  pu-242       0.0000E+00  2.7523E-02
  am-241       0.0000E+00  4.0430E-02
  se-77        0.0000E+00  3.8803E-02
  se-78        0.0000E+00  1.0342E-01
  se-79        0.0000E+00  2.2553E-01
  se-80        0.0000E+00  6.3033E-01
  br-81        0.0000E+00  1.0184E+00
  se-82        0.0000E+00  1.6505E+00
  kr-83        0.0000E+00  2.7218E+00
  kr-84        0.0000E+00  5.2426E+00
  kr-85        0.0000E+00  1.3996E+00
  rb-85        0.0000E+00  5.3931E+00
  kr-86        0.0000E+00  1.0291E+01
  rb-87        0.0000E+00  1.3569E+01
  sr-88        0.0000E+00  1.9046E+01
  sr-89        0.0000E+00  3.3392E+00
  y-89         0.0000E+00  2.2284E+01
  sr-90        0.0000E+00  3.0923E+01
  zr-90        0.0000E+00  5.6477E-01
  sr-91        0.0000E+00  3.3674E-02
  y-91         0.0000E+00  4.9190E+00
  zr-91        0.0000E+00  2.7485E+01
  zr-92        0.0000E+00  3.4015E+01
  y-93         0.0000E+00  4.0278E-02
  zr-93        0.0000E+00  3.6436E+01
  zr-94        0.0000E+00  3.7617E+01
  zr-95        0.0000E+00  6.4278E+00
  nb-95        0.0000E+00  3.5099E+00
  mo-95        0.0000E+00  3.1852E+01
  zr-96        0.0000E+00  3.8367E+01
  mo-96        0.0000E+00  6.6528E-02
  zr-97        0.0000E+00  6.7204E-02
  mo-97        0.0000E+00  3.6642E+01
  mo-98        0.0000E+00  3.6205E+01
  mo-99        0.0000E+00  2.7945E-01
  tc-99        0.0000E+00  3.8059E+01
  tc-99m       0.0000E+00  2.2364E-02
  mo-100       0.0000E+00  4.0288E+01
  ru-100       0.0000E+00  1.6989E-01
  ru-101       0.0000E+00  3.3798E+01
  ru-102       0.0000E+00  2.9190E+01
  ru-103       0.0000E+00  2.3684E+00
  rh-103       0.0000E+00  1.9462E+01
  ru-104       0.0000E+00  1.4680E+01
  pd-104       0.0000E+00  3.7239E-01
  rh-105       0.0000E+00  3.7738E-02
  pd-105       0.0000E+00  8.6580E+00
  ru-106       0.0000E+00  2.9140E+00
  pd-106       0.0000E+00  1.6658E+00
  pd-107       0.0000E+00  2.3069E+00
  pd-108       0.0000E+00  1.1370E+00
  ag-109       0.0000E+00  6.8814E-01
  pd-110       0.0000E+00  4.1859E-01
  cd-111       0.0000E+00  2.5037E-01
  cd-112       0.0000E+00  1.8324E-01
  cd-113       0.0000E+00  4.1555E-02
  cd-114       0.0000E+00  2.7174E-01
  in-115       0.0000E+00  1.3263E-01
  cd-116       0.0000E+00  1.4848E-01
  sn-117       0.0000E+00  1.4110E-01
  sn-118       0.0000E+00  1.4200E-01
  sn-119       0.0000E+00  1.4439E-01
  sn-120       0.0000E+00  1.4836E-01
  sb-121       0.0000E+00  1.4490E-01
  sn-122       0.0000E+00  1.7939E-01
  sb-123       0.0000E+00  1.8255E-01
  sn-124       0.0000E+00  2.8387E-01
  sb-125       0.0000E+00  2.9423E-01
  te-125       0.0000E+00  5.4418E-02
  sn-126       0.0000E+00  5.5222E-01
  te-127m      0.0000E+00  6.1691E-02
  i-127        0.0000E+00  1.3322E+00
  te-128       0.0000E+00  3.0266E+00
  te-129m      0.0000E+00  7.6559E-02
  i-129        0.0000E+00  4.9401E+00
  te-130       0.0000E+00  1.5270E+01
  i-131        0.0000E+00  5.2699E-01
  xe-131       0.0000E+00  2.3752E+01
  te-132       0.0000E+00  3.1283E-01
  xe-132       0.0000E+00  3.7077E+01
  i-133        0.0000E+00  1.3000E-01
  xe-133       0.0000E+00  7.8693E-01
  cs-133       0.0000E+00  5.5608E+01
  xe-134       0.0000E+00  6.6927E+01
  cs-134       0.0000E+00  2.6944E-01
  ba-134       0.0000E+00  4.7258E-02
  i-135        0.0000E+00  3.9366E-02
  xe-135       0.0000E+00  4.6109E-02
  cs-135       0.0000E+00  4.5588E+01
  xe-136       0.0000E+00  6.6108E+01
  ba-136       0.0000E+00  1.2091E-01
  cs-137       0.0000E+00  5.3083E+01
  ba-137       0.0000E+00  9.2691E-01
  ba-138       0.0000E+00  5.8662E+01
  la-139       0.0000E+00  5.6069E+01
  ba-140       0.0000E+00  1.8367E+00
  la-140       0.0000E+00  2.4220E-01
  ce-140       0.0000E+00  5.2898E+01
  la-141       0.0000E+00  2.2327E-02
  ce-141       0.0000E+00  4.4414E+00
  pr-141       0.0000E+00  4.7599E+01
  ce-142       0.0000E+00  5.1881E+01
  nd-142       0.0000E+00  3.4990E-02
  ce-143       0.0000E+00  1.9116E-01
  pr-143       0.0000E+00  1.8837E+00
  nd-143       0.0000E+00  5.0328E+01
  ce-144       0.0000E+00  2.7159E+01
  nd-144       0.0000E+00  2.2908E+01
  pr-145       0.0000E+00  2.3428E-02
  nd-145       0.0000E+00  3.5721E+01
  nd-146       0.0000E+00  2.8054E+01
  nd-147       0.0000E+00  6.0887E-01
  pm-147       0.0000E+00  1.6459E+01
  sm-147       0.0000E+00  3.4890E+00
  nd-148       0.0000E+00  1.6023E+01
  pm-148m      0.0000E+00  3.6885E-02
  sm-148       0.0000E+00  4.8052E-01
  pm-149       0.0000E+00  6.2883E-02
  sm-149       0.0000E+00  1.4913E+00
  nd-150       0.0000E+00  6.6986E+00
  sm-150       0.0000E+00  9.1952E+00
  sm-151       0.0000E+00  3.0138E+00
  sm-152       0.0000E+00  4.0566E+00
  eu-153       0.0000E+00  1.8661E+00
  sm-154       0.0000E+00  8.8162E-01
  eu-154       0.0000E+00  5.0473E-02
  eu-155       0.0000E+00  2.7428E-01
  gd-156       0.0000E+00  3.5924E-01
  gd-158       0.0000E+00  1.5876E-01
  tb-159       0.0000E+00  2.3066E-02
------------
  totals       1.0000E+06  1.0000E+06
=========================================================================================================================
.
.
=========================================================================================================================
=   History overview for case 'decay' (#2/2)                                                                            =
-------------------------------------------------------------------------------------------------------------------------
   step          t0          t1          dt           t        flux     fluence       power      energy
    (-)         (y)         (y)         (s)         (s)   (n/cm2-s)     (n/cm2)        (MW)       (MWd)
      1      1.5057      2.5057  3.1560E+07  7.9080E+07  0.0000E+00  9.9716E+20  0.0000E+00  1.4141E+03
          
              step - step index within this case
                t0 - time at beginning-of-step in input units
                t1 - time at end-of-step in input units
                dt - length of step in seconds
                 t - end-of-step cumulative time in seconds
              flux - flux in neutrons/cm^2-sec (CALCULATED)
           fluence - cumulative end-of-step fluence in neutrons/cm^2 (CALCULATED)
             power - power in mega-watts (INPUT)     
            energy - cumulative end-of-step energy released in mega-watt-days (INPUT)     
=========================================================================================================================
.
.
.
.
.
*************************************************************************************************************************
********************                                                                                 ********************
********************                                                                                 ********************
********************                    Library information                                          ********************
********************                                                                                 ********************
********************                                                                                 ********************
*************************************************************************************************************************
.
.
=========================================================================================================================
=   Library summary for case 'decay' (#2/2)                                                                             =
-------------------------------------------------------------------------------------------------------------------------
filename: C:/Users/Teddy/AppData/Local/Temp/scale.Teddy.224/w17x17_100d.f33 cross-section data taken from position number: 1
library title delimited by {}: 
{}
date library was produced: 538976288/538976288/538976288
total number of nuclides in library: 2237
number of light-element nuclides: 910
number of actinide nuclides: 176
number of fission product nuclides: 1151
number of nonzero off-diagonal matrix elements: 54564
=========================================================================================================================
.
.
*************************************************************************************************************************
********************                                                                                 ********************
********************                                                                                 ********************
********************                    Concentration tables                                         ********************
********************                                                                                 ********************
********************                                                                                 ********************
*************************************************************************************************************************
.
.
=========================================================================================================================
=   Nuclide concentrations in grams for case 'decay' (#2/2)                                                             =
-------------------------------------------------------------------------------------------------------------------------
  (relative cutoff; integral of concentrations over time >   1.00E-06 % of integral of all concentrations over time)
.
                   1.506y      2.506y   
  he-4         4.8201E-02  4.8661E-02
  u-234        9.9971E-02  1.0087E-01
  u-235        2.6350E+04  2.6350E+04
  u-236        2.9550E+02  2.9550E+02
  u-237        1.2369E-01  6.5413E-08
  u-238        9.7103E+05  9.7103E+05
  u-239        3.7612E-02  0.0000E+00
  np-237       5.5745E+00  5.6983E+00
  np-239       5.4407E+00  1.5056E-10
  pu-238       9.5848E-02  9.6740E-02
  pu-239       7.9248E+02  7.9793E+02
  pu-240       2.7763E+01  2.7760E+01
  pu-241       2.2009E+00  2.0967E+00
  pu-242       2.7523E-02  2.7524E-02
  am-241       4.0430E-02  1.4450E-01
  ge-76        1.5368E-02  1.5368E-02
  se-77        3.8803E-02  3.9017E-02
  se-78        1.0342E-01  1.0345E-01
  se-79        2.2553E-01  2.2553E-01
  se-80        6.3033E-01  6.3033E-01
  br-81        1.0184E+00  1.0184E+00
  se-82        1.6505E+00  1.6505E+00
  kr-83        2.7218E+00  2.7232E+00
  kr-84        5.2426E+00  5.2429E+00
  kr-85        1.3996E+00  1.3129E+00
  rb-85        5.3931E+00  5.4830E+00
  kr-86        1.0291E+01  1.0291E+01
  rb-87        1.3569E+01  1.3571E+01
  sr-88        1.9046E+01  1.9053E+01
  sr-89        3.3392E+00  2.2265E-02
  y-89         2.2284E+01  2.5602E+01
  sr-90        3.0923E+01  3.0187E+01
  zr-90        5.6477E-01  1.3006E+00
  sr-91        3.3674E-02  0.0000E+00
  y-91         4.9190E+00  6.5414E-02
  zr-91        2.7485E+01  3.2374E+01
  zr-92        3.4015E+01  3.4037E+01
  y-93         4.0278E-02  0.0000E+00
  zr-93        3.6436E+01  3.6477E+01
  zr-94        3.7617E+01  3.7618E+01
  zr-95        6.4278E+00  1.2326E-01
  nb-95        3.5099E+00  1.5017E-01
  mo-95        3.1852E+01  4.1526E+01
  zr-96        3.8367E+01  3.8367E+01
  mo-96        6.6528E-02  6.6556E-02
  zr-97        6.7204E-02  0.0000E+00
  mo-97        3.6642E+01  3.6714E+01
  mo-98        3.6205E+01  3.6205E+01
  mo-99        2.7945E-01  0.0000E+00
  tc-99        3.8059E+01  3.8361E+01
  tc-99m       2.2364E-02  0.0000E+00
  mo-100       4.0288E+01  4.0288E+01
  ru-100       1.6989E-01  1.6989E-01
  ru-101       3.3798E+01  3.3800E+01
  ru-102       2.9190E+01  2.9191E+01
  ru-103       2.3684E+00  3.7387E-03
  rh-103       1.9462E+01  2.1829E+01
  ru-104       1.4680E+01  1.4681E+01
  pd-104       3.7239E-01  3.7239E-01
  rh-105       3.7738E-02  0.0000E+00
  pd-105       8.6580E+00  8.7006E+00
  ru-106       2.9140E+00  1.4748E+00
  pd-106       1.6658E+00  3.1050E+00
  pd-107       2.3069E+00  2.3070E+00
  pd-108       1.1370E+00  1.1370E+00
  ag-109       6.8814E-01  6.8970E-01
  pd-110       4.1859E-01  4.1859E-01
  cd-110       1.1504E-02  1.1732E-02
  cd-111       2.5037E-01  2.5661E-01
  cd-112       1.8324E-01  1.8380E-01
  cd-113       4.1555E-02  4.1627E-02
  cd-114       2.7174E-01  2.7174E-01
  in-115       1.3263E-01  1.3453E-01
  cd-116       1.4848E-01  1.4848E-01
  sn-117       1.4110E-01  1.4118E-01
  sn-118       1.4200E-01  1.4201E-01
  sn-119       1.4439E-01  1.4596E-01
  sn-120       1.4836E-01  1.4836E-01
  sn-121m      1.0412E-02  1.0249E-02
  sb-121       1.4490E-01  1.4551E-01
  sn-122       1.7939E-01  1.7939E-01
  sb-123       1.8255E-01  1.8613E-01
  sn-124       2.8387E-01  2.8387E-01
  sb-125       2.9423E-01  2.3161E-01
  te-125       5.4418E-02  1.2067E-01
  sn-126       5.5222E-01  5.5221E-01
  te-126       1.8425E-02  1.8672E-02
  te-127m      6.1691E-02  6.3068E-03
  i-127        1.3322E+00  1.4047E+00
  te-128       3.0266E+00  3.0272E+00
  te-129m      7.6559E-02  4.1073E-05
  i-129        4.9401E+00  5.0198E+00
  te-130       1.5270E+01  1.5271E+01
  xe-130       1.0993E-02  1.1018E-02
  i-131        5.2699E-01  1.0835E-14
  xe-131       2.3752E+01  2.4303E+01
  te-132       3.1283E-01  0.0000E+00
  xe-132       3.7077E+01  3.7400E+01
  i-133        1.3000E-01  0.0000E+00
  xe-133       7.8693E-01  1.0296E-21
  cs-133       5.5608E+01  5.6538E+01
  xe-134       6.6927E+01  6.6938E+01
  cs-134       2.6944E-01  1.9263E-01
  ba-134       4.7258E-02  1.2409E-01
  i-135        3.9366E-02  0.0000E+00
  xe-135       4.6109E-02  0.0000E+00
  cs-135       4.5588E+01  4.5674E+01
  xe-136       6.6108E+01  6.6108E+01
  ba-136       1.2091E-01  1.2694E-01
  cs-137       5.3083E+01  5.1874E+01
  ba-137       9.2691E-01  2.1363E+00
  ba-138       5.8662E+01  5.8667E+01
  la-139       5.6069E+01  5.6078E+01
  ba-140       1.8367E+00  4.3828E-09
  la-140       2.4220E-01  6.6427E-10
  ce-140       5.2898E+01  5.4977E+01
  la-141       2.2327E-02  0.0000E+00
  ce-141       4.4414E+00  1.8506E-03
  pr-141       4.7599E+01  5.2062E+01
  ce-142       5.1881E+01  5.1890E+01
  nd-142       3.4990E-02  3.5137E-02
  ce-143       1.9116E-01  0.0000E+00
  pr-143       1.8837E+00  1.6542E-08
  nd-143       5.0328E+01  5.2404E+01
  ce-144       2.7159E+01  1.1168E+01
  nd-144       2.2908E+01  3.8899E+01
  pr-145       2.3428E-02  0.0000E+00
  nd-145       3.5721E+01  3.5745E+01
  nd-146       2.8054E+01  2.8056E+01
  nd-147       6.0887E-01  5.8925E-11
  pm-147       1.6459E+01  1.3110E+01
  sm-147       3.4890E+00  7.4471E+00
  nd-148       1.6023E+01  1.6024E+01
  pm-148m      3.6885E-02  8.0118E-05
  sm-148       4.8052E-01  5.2492E-01
  pm-149       6.2883E-02  0.0000E+00
  sm-149       1.4913E+00  1.5562E+00
  nd-150       6.6986E+00  6.6986E+00
  sm-150       9.1952E+00  9.1953E+00
  sm-151       3.0138E+00  3.0046E+00
  eu-151       1.4955E-02  3.8187E-02
  sm-152       4.0566E+00  4.0568E+00
  eu-153       1.8661E+00  1.8773E+00
  sm-154       8.8162E-01  8.8162E-01
  eu-154       5.0473E-02  4.6565E-02
  eu-155       2.7428E-01  2.3708E-01
  gd-155       1.5952E-02  5.3178E-02
  gd-156       3.5924E-01  3.7919E-01
  gd-157       1.2088E-02  1.2311E-02
  gd-158       1.5876E-01  1.5877E-01
  tb-159       2.3066E-02  2.3128E-02
------------
  totals       1.0000E+06  1.0000E+06
=========================================================================================================================
.
.
*************************************************************************************************************************
********************                                                                                 ********************
********************                                                                                 ********************
********************                    Written F71 File Information                                 ********************
********************                                                                                 ********************
********************                                                                                 ********************
*************************************************************************************************************************
.
.
   pos         time        power         flux      fluence       energy libpos   case   step DCGNAB
   (-)          (s)         (MW)    (n/cm2-s)      (n/cm2)        (MWd)    (-)    (-)    (-)    (-)
     1  4.75200e+07  0.00000e+00  0.00000e+00  9.97165e+20  1.41414e+03      1      2      0 DC----
     2  7.90800e+07  0.00000e+00  0.00000e+00  9.97165e+20  1.41414e+03      1      2      1 DC----
    D - state definition present
    C - concentrations present
    G - gamma emission spectra present
    N - neutron emission spectra present
    A - alpha emission spectra present
    B - beta emission spectra present
.
.
.
=========================================================================================================================
ORIGEN finished successfully.
=========================================================================================================================
    module origen used 0.402221 seconds cpu time for the current pass.

    module origen is finished. completion code    0. total cpu time used 3.26573e-006 seconds.


    SCALE is finished on Wed Feb 13 18:26:59 2019.
-------------------------- Summary --------------------------
arp finished. used 2.16891 seconds.
origen finished. used 0.407453 seconds.
SCALE driver required a maximum of 8.313 MiB of RAM.
------------------------ End Summary ------------------------

w17x17_100d.f33 copied to C:\Users\Teddy\Desktop\scale_test\output\w17x17_100d.f33.
discharge.f71 copied to C:\Users\Teddy\Desktop\scale_test\output\discharge.f71.
