 *******************************************************************************
 *                                                                             *
 *                                 SCALE 6.2.2                                 *
 *                                -------------                                *
 *                                February 2019                                *
 *                                                                             *
 *           SCALE:  A Comprehensive Modeling and Simulation Suite             *
 *                   for Nuclear Safety Analysis and Design                    *
 *                                                                             *
 *                      Reactor and Nuclear Systems Division                   *
 *                        Oak Ridge National Laboratory                        *
 *                                                                             *
 *                           http://scale.ornl.gov                             *
 *                            scalehelp@ornl.gov                               *
 *                                                                             *
 *******************************************************************************
 *******************************************************************************
      
                  Job Information
                  ---------------
      Job started on DESKTOP-J14NAA6 on Wed 13/02/2019 18:32:37
      Working directory: C:\Users\Teddy\AppData\Local\Temp\scale.Teddy.1432
      Input file name  : C:\Users\Teddy\Desktop\scale_test\output\2.800000_66464.646465.inp
      Output file name : C:\Users\Teddy\Desktop\scale_test\output\2.800000_66464.646465.out
      SCALE executable : C:\SCALE-6.2.2/bin/scale
      
 *******************************************************************************


    module arp will be called on Wed Feb 13 18:32:38 2019.
    sequence specification record:=arp
Input Data:

      'library type
      w17x17
      2.800000
      ' num cycles
      1
      ' num days per cycle
      550
      ' cycle average specific power (MW / MTU)
      120.844812
      ' number of interpolated cross section sets generated per cycle
      1
      ' moderator density (g/cc)
      0.723
      ' interpolated output ORIGEN library
      w17x17_100d.f33
end

1






        ************************************************************************************************************************
        ************************************************************************************************************************
        ************************************************************************************************************************
        *****                                                                                                              *****
        *****                                       program verification information                                       *****
        *****                                                                                                              *****
        *****                                   code system:  SCALE    version:  6.2                                       *****
        *****                                                                                                              *****
        ************************************************************************************************************************
        ************************************************************************************************************************
        *****                                                                                                              *****
        *****                                                                                                              *****
        *****              program:  arp.exe                                                                               *****
        *****                                                                                                              *****
        *****        creation date:   unknown                                                                              *****
        *****                                                                                                              *****
        *****              library:  C:\SCALE-6.2.2\bin                                                                    *****
        *****                                                                                                              *****
        *****                                                                                                              *****
        *****            prod code:  arp.exe                                                                               *****
        *****                                                                                                              *****
        *****              version:  6.2.2                                                                                 *****
        *****                                                                                                              *****
        *****              jobname:  Teddy                                                                                 *****
        *****                                                                                                              *****
        *****         machine name:  DESKTOP-J14NAA6                                                                       *****
        *****                                                                                                              *****
        *****    date of execution:  13_feb_2019                                                                           *****
        *****                                                                                                              *****
        *****    time of execution:  18:32:38.50                                                                           *****
        *****                                                                                                              *****
        *****                                                                                                              *****
        ************************************************************************************************************************
        ************************************************************************************************************************
        ************************************************************************************************************************


 'library type
    data library:       w17x17
       directory:       C:/SCALE-6.2.2/data/\arplibs
       definition:      C:/SCALE-6.2.2/data/\arpdata.txt
    u-235 enrichment:                        2.800

 ' num cycles
    number of cycles:                            1

 ' num days per cycle

 ' cycle average specific power (MW / MTU)

 ' number of interpolated cross section sets generated per cycle

 ' moderator density (g/cc)
    water density (g/cm3):                  0.7230
                                         cycle        cumulative      midpoint
   cycle time(d)        power(MW)      burnup(MWd/MTU)burnup(MWd/MTU)burnup(MWd/MTU)nlib
     1    550.000        120.845        66464.6        66464.6        33232.3             1

 ' interpolated output ORIGEN library
    interpolated library name:                   w17x17_100d.f33
 interpolation type: spline
 Cross section library interpolation completed.
.
.
.
=========================================================================================================================
ARP finished successfully.
=========================================================================================================================
    module arp used 2.38275 seconds cpu time for the current pass.

    module arp is finished. completion code    0. total cpu time used 1.11968e-005 seconds.



    module origen will be called on Wed Feb 13 18:32:40 2019.
    sequence specification record:=origen
Input Data:

      case(irrad) {
          lib{
              file="w17x17_100d.f33" pos=1
          }
          mat {
              units=GRAMS
              iso=[u235=28000.000000 u238=972000.000000]
          }
          time = [ 550 ]
          power = [ 120.844812 ]
      }
      case (decay) {
          time {
              units=YEARS
              start=0
              t=[1]
          }
          save{ file="discharge.f71" steps=[0 LAST]}
      }
end

1






        ************************************************************************************************************************
        ************************************************************************************************************************
        ************************************************************************************************************************
        *****                                                                                                              *****
        *****                                       program verification information                                       *****
        *****                                                                                                              *****
        *****                                   code system:  SCALE    version:  6.2                                       *****
        *****                                                                                                              *****
        ************************************************************************************************************************
        ************************************************************************************************************************
        *****                                                                                                              *****
        *****                                                                                                              *****
        *****              program:  origen.exe                                                                            *****
        *****                                                                                                              *****
        *****        creation date:   unknown                                                                              *****
        *****                                                                                                              *****
        *****              library:  C:\SCALE-6.2.2\bin                                                                    *****
        *****                                                                                                              *****
        *****                                                                                                              *****
        *****            prod code:  origen.exe                                                                            *****
        *****                                                                                                              *****
        *****              version:  6.2.2                                                                                 *****
        *****                                                                                                              *****
        *****              jobname:  Teddy                                                                                 *****
        *****                                                                                                              *****
        *****         machine name:  DESKTOP-J14NAA6                                                                       *****
        *****                                                                                                              *****
        *****    date of execution:  13_feb_2019                                                                           *****
        *****                                                                                                              *****
        *****    time of execution:  18:32:40.88                                                                           *****
        *****                                                                                                              *****
        *****                                                                                                              *****
        ************************************************************************************************************************
        ************************************************************************************************************************
        ************************************************************************************************************************

*************************************************************************************************************************
********************                                                                                 ********************
********************                                                                                 ********************
********************                    USER INPUT SUMMARY                                           ********************
********************                                                                                 ********************
********************                                                                                 ********************
*************************************************************************************************************************
.
.
=========================================================================================================================
=   Case "irrad" (#1/2)                                                                                                 =
-------------------------------------------------------------------------------------------------------------------------
###   Library settings                                                                                                ###
.
                                Library file name:     C:/Users/Teddy/AppData/Local/Temp/scale.Teddy.1432/w17x17_100d.f33
                             Library set position:              1
                 Fission product reaction removal:             no
-------------------------------------------------------------------------------------------------------------------------
###   Global settings                                                                                                 ###
.
                                           Solver:              MATREX
                                             Mode:        forward
                             Fixed fission energy:             no
-------------------------------------------------------------------------------------------------------------------------
###   Concentrations output options                                                                                   ###
.
                            High-precision output:             no
                                  Relative cutoff:            yes
                         Step for applying cutoff:       integral
.
                      light els.   actinides  fis.prods.       total
                       nuc    el   nuc    el   nuc    el   nuc    el             cutoff
gram-atoms                                                                    1.000E-06
grams                                                      **                 1.000E-06
curies                                                                        1.000E-06
watts                                                                         1.000E-06
gamma watts                                                                   1.000E-06
m3 air                                                                        1.000E-06
m3 water                                                                      1.000E-06
grams ppm                                                                     1.000E-06
atoms ppm                                                                     1.000E-06
atoms/barn-cm                                                                 1.000E-06
becquerels                                                                    1.000E-06
-------------------------------------------------------------------------------------------------------------------------
###   Additional output options                                                                                       ###
.
                                      Print k-inf:             no
           Nuclides for absorption fraction print:           none
                              Print fission rates:             no
            Step for sorting absorption fractions:              1
=========================================================================================================================
=   Case "decay" (#2/2)                                                                                                 =
-------------------------------------------------------------------------------------------------------------------------
###   Library settings                                                                                                ###
.
                                Library file name:     C:/Users/Teddy/AppData/Local/Temp/scale.Teddy.1432/w17x17_100d.f33
                             Library set position:              1
                 Fission product reaction removal:             no
-------------------------------------------------------------------------------------------------------------------------
###   Global settings                                                                                                 ###
.
                                           Solver:              MATREX
                                             Mode:        forward
                             Fixed fission energy:             no
-------------------------------------------------------------------------------------------------------------------------
###   Concentrations output options                                                                                   ###
.
                            High-precision output:             no
                                  Relative cutoff:            yes
                         Step for applying cutoff:       integral
.
                      light els.   actinides  fis.prods.       total
                       nuc    el   nuc    el   nuc    el   nuc    el             cutoff
gram-atoms                                                                    1.000E-06
grams                                                      **                 1.000E-06
curies                                                                        1.000E-06
watts                                                                         1.000E-06
gamma watts                                                                   1.000E-06
m3 air                                                                        1.000E-06
m3 water                                                                      1.000E-06
grams ppm                                                                     1.000E-06
atoms ppm                                                                     1.000E-06
atoms/barn-cm                                                                 1.000E-06
becquerels                                                                    1.000E-06
-------------------------------------------------------------------------------------------------------------------------
###   Additional output options                                                                                       ###
.
                                      Print k-inf:             no
           Nuclides for absorption fraction print:           none
                              Print fission rates:             no
            Step for sorting absorption fractions:              1
=========================================================================================================================
###   Blending information                                                                                            ###
.
  --- no blending requested in this job ---
=========================================================================================================================
.
.
***Warning:  The flux over a step has changed by more than 20%.
=========================================================================================================================
=   History overview for case 'irrad' (#1/2)                                                                            =
-------------------------------------------------------------------------------------------------------------------------
   step          t0          t1          dt           t        flux     fluence       power      energy
    (-)         (d)         (d)         (s)         (s)   (n/cm2-s)     (n/cm2)        (MW)       (MWd)
      1      0.0000    550.0000  4.7520E+07  4.7520E+07  1.3307E+15  6.3234E+22  1.2084E+02  6.6465E+04
          
              step - step index within this case
                t0 - time at beginning-of-step in input units
                t1 - time at end-of-step in input units
                dt - length of step in seconds
                 t - end-of-step cumulative time in seconds
              flux - flux in neutrons/cm^2-sec (CALCULATED)
           fluence - cumulative end-of-step fluence in neutrons/cm^2 (CALCULATED)
             power - power in mega-watts (INPUT)     
            energy - cumulative end-of-step energy released in mega-watt-days (INPUT)     
=========================================================================================================================
.
.
.
.
.
*************************************************************************************************************************
********************                                                                                 ********************
********************                                                                                 ********************
********************                    Library information                                          ********************
********************                                                                                 ********************
********************                                                                                 ********************
*************************************************************************************************************************
.
.
=========================================================================================================================
=   Library summary for case 'irrad' (#1/2)                                                                             =
-------------------------------------------------------------------------------------------------------------------------
filename: C:/Users/Teddy/AppData/Local/Temp/scale.Teddy.1432/w17x17_100d.f33 cross-section data taken from position number: 1
library title delimited by {}: 
{}
date library was produced: 538976288/538976288/538976288
total number of nuclides in library: 2237
number of light-element nuclides: 910
number of actinide nuclides: 176
number of fission product nuclides: 1151
number of nonzero off-diagonal matrix elements: 54564
=========================================================================================================================
.
.
*************************************************************************************************************************
********************                                                                                 ********************
********************                                                                                 ********************
********************                    Concentration tables                                         ********************
********************                                                                                 ********************
********************                                                                                 ********************
*************************************************************************************************************************
.
.
=========================================================================================================================
=   Nuclide concentrations in grams for case 'irrad' (#1/2)                                                             =
-------------------------------------------------------------------------------------------------------------------------
  (relative cutoff; integral of concentrations over time >   1.00E-06 % of integral of all concentrations over time)
.
                   0.000d    550.000d   
  h-3          0.0000E+00  1.1214E-01
  he-4         0.0000E+00  3.3829E+00
  u-234        0.0000E+00  2.4891E+00
  u-235        2.8000E+04  9.6030E+02
  u-236        0.0000E+00  3.7204E+03
  u-237        0.0000E+00  2.9812E+01
  u-238        9.7200E+05  9.1208E+05
  u-239        0.0000E+00  2.2279E+00
  np-237       0.0000E+00  6.5454E+02
  np-238       0.0000E+00  7.3556E+00
  np-239       0.0000E+00  3.1999E+02
  pu-238       0.0000E+00  4.8688E+02
  pu-239       0.0000E+00  5.2955E+03
  pu-240       0.0000E+00  2.7108E+03
  pu-241       0.0000E+00  1.8302E+03
  pu-242       0.0000E+00  1.9933E+03
  pu-243       0.0000E+00  1.8793E+00
  pu-244       0.0000E+00  9.9491E-01
  am-241       0.0000E+00  1.7783E+01
  am-242m      0.0000E+00  2.9359E-01
  am-242       0.0000E+00  2.0378E-01
  am-243       0.0000E+00  7.6774E+02
  am-244m      0.0000E+00  1.1937E-01
  am-244       0.0000E+00  1.8571E-01
  cm-242       0.0000E+00  3.0871E+01
  cm-243       0.0000E+00  1.5557E+00
  cm-244       0.0000E+00  8.2365E+02
  cm-245       0.0000E+00  9.0073E+01
  cm-246       0.0000E+00  3.4581E+01
  cm-247       0.0000E+00  9.5530E-01
  cm-248       0.0000E+00  1.7625E-01
  ge-73        0.0000E+00  3.2860E-02
  ge-74        0.0000E+00  9.1689E-02
  as-75        0.0000E+00  2.2005E-01
  ge-76        0.0000E+00  6.1685E-01
  se-77        0.0000E+00  1.2844E+00
  se-78        0.0000E+00  4.3985E+00
  se-79        0.0000E+00  8.7052E+00
  se-80        0.0000E+00  2.2334E+01
  br-81        0.0000E+00  3.6826E+01
  se-82        0.0000E+00  5.9519E+01
  kr-82        0.0000E+00  2.5811E+00
  kr-83        0.0000E+00  4.8060E+01
  kr-84        0.0000E+00  2.0638E+02
  kr-85        0.0000E+00  4.1807E+01
  kr-85m       0.0000E+00  5.7551E-02
  rb-85        0.0000E+00  1.5822E+02
  kr-86        0.0000E+00  2.9684E+02
  rb-86        0.0000E+00  1.3404E-01
  sr-86        0.0000E+00  1.5918E+00
  kr-87        0.0000E+00  3.0520E-02
  rb-87        0.0000E+00  3.8813E+02
  kr-88        0.0000E+00  8.8930E-02
  sr-88        0.0000E+00  5.3398E+02
  sr-89        0.0000E+00  5.1578E+01
  y-89         0.0000E+00  6.5704E+02
  sr-90        0.0000E+00  8.5275E+02
  y-90         0.0000E+00  2.5362E-01
  zr-90        0.0000E+00  2.2913E+01
  sr-91        0.0000E+00  5.9560E-01
  y-91         0.0000E+00  9.0584E+01
  y-91m        0.0000E+00  3.0164E-02
  zr-91        0.0000E+00  8.6388E+02
  sr-92        0.0000E+00  1.9692E-01
  y-92         0.0000E+00  2.6019E-01
  zr-92        0.0000E+00  1.0844E+03
  y-93         0.0000E+00  9.2880E-01
  zr-93        0.0000E+00  1.2290E+03
  y-94         0.0000E+00  3.1483E-02
  zr-94        0.0000E+00  1.3830E+03
  mo-94        0.0000E+00  3.6255E-02
  zr-95        0.0000E+00  1.7695E+02
  nb-95        0.0000E+00  9.5686E+01
  nb-95m       0.0000E+00  1.0804E-01
  mo-95        0.0000E+00  1.1327E+03
  zr-96        0.0000E+00  1.5219E+03
  nb-96        0.0000E+00  3.0068E-02
  mo-96        0.0000E+00  1.5310E+02
  zr-97        0.0000E+00  2.2069E+00
  nb-97        0.0000E+00  1.5983E-01
  mo-97        0.0000E+00  1.5462E+03
  mo-98        0.0000E+00  1.6776E+03
  mo-99        0.0000E+00  1.0416E+01
  tc-99        0.0000E+00  1.3877E+03
  tc-99m       0.0000E+00  8.4171E-01
  ru-99        0.0000E+00  2.5721E-02
  mo-100       0.0000E+00  1.9176E+03
  ru-100       0.0000E+00  4.1488E+02
  mo-101       0.0000E+00  3.8551E-02
  tc-101       0.0000E+00  3.7514E-02
  ru-101       0.0000E+00  1.5483E+03
  mo-102       0.0000E+00  3.0203E-02
  ru-102       0.0000E+00  1.8863E+03
  ru-103       0.0000E+00  1.6715E+02
  rh-103       0.0000E+00  6.4623E+02
  rh-103m      0.0000E+00  1.6419E-01
  tc-104       0.0000E+00  4.8860E-02
  ru-104       0.0000E+00  1.4918E+03
  pd-104       0.0000E+00  9.3131E+02
  ru-105       0.0000E+00  6.5046E-01
  rh-105       0.0000E+00  3.8463E+00
  pd-105       0.0000E+00  8.3934E+02
  ru-106       0.0000E+00  6.3149E+02
  pd-106       0.0000E+00  8.1962E+02
  rh-107       0.0000E+00  3.3486E-02
  pd-107       0.0000E+00  6.9148E+02
  pd-108       0.0000E+00  4.8628E+02
  pd-109       0.0000E+00  9.3768E-01
  ag-109       0.0000E+00  2.0124E+02
  pd-110       0.0000E+00  1.7271E+02
  ag-110m      0.0000E+00  2.8907E+00
  cd-110       0.0000E+00  2.4060E+02
  ag-111       0.0000E+00  2.2555E+00
  cd-111       0.0000E+00  9.2066E+01
  pd-112       0.0000E+00  1.1184E-01
  cd-112       0.0000E+00  4.7309E+01
  cd-113       0.0000E+00  1.5929E-01
  cd-114       0.0000E+00  4.5658E+01
  cd-115       0.0000E+00  9.1711E-02
  cd-115m      0.0000E+00  1.1693E-01
  in-115       0.0000E+00  2.3703E+00
  sn-115       0.0000E+00  5.7352E-01
  cd-116       0.0000E+00  1.3966E+01
  sn-116       0.0000E+00  1.1495E+01
  sn-117       0.0000E+00  1.2342E+01
  sn-118       0.0000E+00  1.1580E+01
  sn-119       0.0000E+00  1.0815E+01
  sn-119m      0.0000E+00  1.6358E-01
  sn-120       0.0000E+00  1.1347E+01
  sn-121       0.0000E+00  3.3101E-02
  sn-121m      0.0000E+00  8.4131E-01
  sb-121       0.0000E+00  9.7604E+00
  sn-122       0.0000E+00  1.4458E+01
  sb-122       0.0000E+00  2.3727E-02
  te-122       0.0000E+00  1.6873E+00
  sn-123       0.0000E+00  6.6361E-01
  sb-123       0.0000E+00  1.2743E+01
  sn-124       0.0000E+00  2.2350E+01
  sb-124       0.0000E+00  3.8247E-01
  te-124       0.0000E+00  1.1858E+00
  sn-125       0.0000E+00  3.3989E-01
  sb-125       0.0000E+00  2.4900E+01
  te-125       0.0000E+00  4.9375E+00
  te-125m      0.0000E+00  2.8763E-01
  sn-126       0.0000E+00  5.0265E+01
  sb-126       0.0000E+00  2.2297E-02
  te-126       0.0000E+00  1.2210E+00
  sb-127       0.0000E+00  1.2103E+00
  te-127       0.0000E+00  1.0360E-01
  te-127m      0.0000E+00  9.1611E-01
  i-127        0.0000E+00  8.9653E+01
  te-128       0.0000E+00  2.2155E+02
  xe-128       0.0000E+00  1.3887E+01
  sb-129       0.0000E+00  1.7019E-01
  te-129       0.0000E+00  4.2806E-02
  te-129m      0.0000E+00  5.0765E+00
  i-129        0.0000E+00  3.4484E+02
  xe-129       0.0000E+00  2.1240E-01
  sb-130       0.0000E+00  2.0466E-02
  te-130       0.0000E+00  7.9597E+02
  i-130        0.0000E+00  7.8820E-02
  xe-130       0.0000E+00  3.5507E+01
  sb-131       0.0000E+00  3.4489E-02
  te-131       0.0000E+00  4.2062E-02
  te-131m      0.0000E+00  8.5028E-01
  i-131        0.0000E+00  2.3178E+01
  xe-131       0.0000E+00  5.7611E+02
  xe-131m      0.0000E+00  4.2364E-01
  te-132       0.0000E+00  1.2851E+01
  i-132        0.0000E+00  3.9682E-01
  xe-132       0.0000E+00  2.6221E+03
  te-133       0.0000E+00  2.4638E-02
  te-133m      0.0000E+00  1.0040E-01
  i-133        0.0000E+00  4.8618E+00
  xe-133       0.0000E+00  2.9364E+01
  xe-133m      0.0000E+00  3.9530E-01
  cs-133       0.0000E+00  1.8506E+03
  te-134       0.0000E+00  1.3129E-01
  i-134        0.0000E+00  2.2638E-01
  xe-134       0.0000E+00  3.1028E+03
  cs-134       0.0000E+00  5.1070E+02
  cs-134m      0.0000E+00  3.7521E-02
  ba-134       0.0000E+00  1.0916E+02
  i-135        0.0000E+00  1.5099E+00
  xe-135       0.0000E+00  1.6659E-01
  cs-135       0.0000E+00  3.6004E+02
  ba-135       0.0000E+00  1.6285E+00
  xe-136       0.0000E+00  5.3935E+03
  cs-136       0.0000E+00  2.1553E+00
  ba-136       0.0000E+00  3.9034E+01
  cs-137       0.0000E+00  2.5538E+03
  ba-137       0.0000E+00  5.1071E+01
  xe-138       0.0000E+00  4.5710E-02
  cs-138       0.0000E+00  1.2058E-01
  ba-138       0.0000E+00  2.5966E+03
  la-138       0.0000E+00  3.6346E-02
  cs-139       0.0000E+00  3.1150E-02
  ba-139       0.0000E+00  2.8742E-01
  la-139       0.0000E+00  2.3763E+03
  ba-140       0.0000E+00  6.0713E+01
  la-140       0.0000E+00  8.6162E+00
  ce-140       0.0000E+00  2.3906E+03
  ba-141       0.0000E+00  5.6821E-02
  la-141       0.0000E+00  7.3849E-01
  ce-141       0.0000E+00  1.4298E+02
  pr-141       0.0000E+00  1.9738E+03
  ba-142       0.0000E+00  3.0180E-02
  la-142       0.0000E+00  2.7043E-01
  ce-142       0.0000E+00  2.2270E+03
  pr-142       0.0000E+00  3.4677E-01
  nd-142       0.0000E+00  9.3992E+01
  la-143       0.0000E+00  3.9364E-02
  ce-143       0.0000E+00  5.5636E+00
  pr-143       0.0000E+00  5.3654E+01
  nd-143       0.0000E+00  8.9621E+02
  ce-144       0.0000E+00  9.2819E+02
  pr-144       0.0000E+00  4.0158E-02
  nd-144       0.0000E+00  2.1033E+03
  pr-145       0.0000E+00  7.1262E-01
  nd-145       0.0000E+00  1.1027E+03
  ce-146       0.0000E+00  2.2292E-02
  pr-146       0.0000E+00  4.0015E-02
  nd-146       0.0000E+00  1.5616E+03
  nd-147       0.0000E+00  2.0303E+01
  pm-147       0.0000E+00  1.9817E+02
  sm-147       0.0000E+00  4.0022E+01
  nd-148       0.0000E+00  8.0826E+02
  pm-148       0.0000E+00  4.0187E+00
  pm-148m      0.0000E+00  1.6157E+00
  sm-148       0.0000E+00  3.1298E+02
  nd-149       0.0000E+00  9.4014E-02
  pm-149       0.0000E+00  4.5797E+00
  sm-149       0.0000E+00  2.0640E+00
  nd-150       0.0000E+00  4.0485E+02
  sm-150       0.0000E+00  6.5543E+02
  pm-151       0.0000E+00  8.9717E-01
  sm-151       0.0000E+00  1.6060E+01
  sm-152       0.0000E+00  1.6032E+02
  sm-153       0.0000E+00  4.8450E+00
  eu-153       0.0000E+00  2.2282E+02
  sm-154       0.0000E+00  1.2913E+02
  eu-154       0.0000E+00  5.9641E+01
  gd-154       0.0000E+00  3.3421E+00
  eu-155       0.0000E+00  2.0005E+01
  gd-155       0.0000E+00  4.7812E-02
  sm-156       0.0000E+00  4.8470E-02
  eu-156       0.0000E+00  3.5482E+01
  gd-156       0.0000E+00  5.1702E+02
  eu-157       0.0000E+00  2.0210E-01
  gd-157       0.0000E+00  3.6590E-01
  gd-158       0.0000E+00  1.3599E+02
  gd-159       0.0000E+00  5.7126E-02
  tb-159       0.0000E+00  1.1414E+01
  gd-160       0.0000E+00  3.9629E+00
  tb-160       0.0000E+00  9.2733E-01
  dy-160       0.0000E+00  9.3858E-01
  tb-161       0.0000E+00  1.3463E-01
  dy-161       0.0000E+00  1.5468E+00
  dy-162       0.0000E+00  1.3272E+00
  dy-163       0.0000E+00  1.3561E+00
  dy-164       0.0000E+00  3.6858E-01
  ho-165       0.0000E+00  1.0559E+00
  er-166       0.0000E+00  4.6399E-01
  er-167       0.0000E+00  2.3793E-02
  er-168       0.0000E+00  7.9032E-02
------------
  totals       1.0000E+06  1.0022E+06
=========================================================================================================================
.
.
=========================================================================================================================
=   History overview for case 'decay' (#2/2)                                                                            =
-------------------------------------------------------------------------------------------------------------------------
   step          t0          t1          dt           t        flux     fluence       power      energy
    (-)         (y)         (y)         (s)         (s)   (n/cm2-s)     (n/cm2)        (MW)       (MWd)
      1      1.5057      2.5057  3.1560E+07  7.9080E+07  0.0000E+00  6.3234E+22  0.0000E+00  6.6465E+04
          
              step - step index within this case
                t0 - time at beginning-of-step in input units
                t1 - time at end-of-step in input units
                dt - length of step in seconds
                 t - end-of-step cumulative time in seconds
              flux - flux in neutrons/cm^2-sec (CALCULATED)
           fluence - cumulative end-of-step fluence in neutrons/cm^2 (CALCULATED)
             power - power in mega-watts (INPUT)     
            energy - cumulative end-of-step energy released in mega-watt-days (INPUT)     
=========================================================================================================================
.
.
.
.
.
*************************************************************************************************************************
********************                                                                                 ********************
********************                                                                                 ********************
********************                    Library information                                          ********************
********************                                                                                 ********************
********************                                                                                 ********************
*************************************************************************************************************************
.
.
=========================================================================================================================
=   Library summary for case 'decay' (#2/2)                                                                             =
-------------------------------------------------------------------------------------------------------------------------
filename: C:/Users/Teddy/AppData/Local/Temp/scale.Teddy.1432/w17x17_100d.f33 cross-section data taken from position number: 1
library title delimited by {}: 
{}
date library was produced: 538976288/538976288/538976288
total number of nuclides in library: 2237
number of light-element nuclides: 910
number of actinide nuclides: 176
number of fission product nuclides: 1151
number of nonzero off-diagonal matrix elements: 54564
=========================================================================================================================
.
.
*************************************************************************************************************************
********************                                                                                 ********************
********************                                                                                 ********************
********************                    Concentration tables                                         ********************
********************                                                                                 ********************
********************                                                                                 ********************
*************************************************************************************************************************
.
.
=========================================================================================================================
=   Nuclide concentrations in grams for case 'decay' (#2/2)                                                             =
-------------------------------------------------------------------------------------------------------------------------
  (relative cutoff; integral of concentrations over time >   1.00E-06 % of integral of all concentrations over time)
.
                   1.506y      2.506y   
  h-3          1.1214E-01  1.0600E-01
  he-4         3.3829E+00  4.3738E+00
  u-234        2.4891E+00  6.4310E+00
  u-235        9.6030E+02  9.6046E+02
  u-236        3.7204E+03  3.7207E+03
  u-237        2.9812E+01  5.4396E-05
  u-238        9.1208E+05  9.1208E+05
  u-239        2.2279E+00  0.0000E+00
  np-237       6.5454E+02  6.8445E+02
  np-238       7.3556E+00  5.4214E-08
  np-239       3.1999E+02  6.6243E-04
  pu-238       4.8688E+02  5.1430E+02
  pu-239       5.2955E+03  5.6177E+03
  pu-240       2.7108E+03  2.7410E+03
  pu-241       1.8302E+03  1.7435E+03
  pu-242       1.9933E+03  1.9933E+03
  pu-243       1.8793E+00  3.4061E-11
  pu-244       9.9491E-01  9.9495E-01
  am-241       1.7783E+01  1.0435E+02
  am-242m      2.9359E-01  2.9215E-01
  am-242       2.0378E-01  3.7694E-06
  am-243       7.6774E+02  7.6955E+02
  am-244m      1.1937E-01  0.0000E+00
  am-244       1.8571E-01  1.1806E-11
  cm-242       3.0871E+01  6.5631E+00
  cm-243       1.5557E+00  1.5191E+00
  cm-244       8.2365E+02  7.9301E+02
  cm-245       9.0073E+01  9.0066E+01
  cm-246       3.4581E+01  3.4576E+01
  cm-247       9.5530E-01  9.5530E-01
  cm-248       1.7625E-01  1.7689E-01
  ge-73        3.2860E-02  3.2884E-02
  ge-74        9.1689E-02  9.1691E-02
  as-75        2.2005E-01  2.2009E-01
  ge-76        6.1685E-01  6.1685E-01
  se-76        1.6863E-02  1.6961E-02
  se-77        1.2844E+00  1.2903E+00
  se-78        4.3985E+00  4.3995E+00
  se-79        8.7052E+00  8.7053E+00
  se-80        2.2334E+01  2.2334E+01
  br-81        3.6826E+01  3.6828E+01
  se-82        5.9519E+01  5.9519E+01
  kr-82        2.5811E+00  2.5990E+00
  kr-83        4.8060E+01  4.8089E+01
  kr-84        2.0638E+02  2.0638E+02
  kr-85        4.1807E+01  3.9209E+01
  kr-85m       5.7551E-02  0.0000E+00
  rb-85        1.5822E+02  1.6088E+02
  kr-86        2.9684E+02  2.9684E+02
  rb-86        1.3404E-01  1.6796E-07
  sr-86        1.5918E+00  1.7258E+00
  kr-87        3.0520E-02  0.0000E+00
  rb-87        3.8813E+02  3.8816E+02
  sr-87        1.0460E-02  1.0467E-02
  kr-88        8.8930E-02  0.0000E+00
  sr-88        5.3398E+02  5.3408E+02
  sr-89        5.1578E+01  3.4390E-01
  y-89         6.5704E+02  7.0828E+02
  sr-90        8.5275E+02  8.3246E+02
  y-90         2.5362E-01  2.1116E-01
  zr-90        2.2913E+01  4.3242E+01
  sr-91        5.9560E-01  0.0000E+00
  y-91         9.0584E+01  1.2043E+00
  y-91m        3.0164E-02  0.0000E+00
  zr-91        8.6388E+02  9.5389E+02
  sr-92        1.9692E-01  0.0000E+00
  y-92         2.6019E-01  0.0000E+00
  zr-92        1.0844E+03  1.0848E+03
  y-93         9.2880E-01  0.0000E+00
  zr-93        1.2290E+03  1.2300E+03
  y-94         3.1483E-02  0.0000E+00
  zr-94        1.3830E+03  1.3830E+03
  mo-94        3.6255E-02  3.6255E-02
  zr-95        1.7695E+02  3.3933E+00
  nb-95        9.5686E+01  4.1334E+00
  nb-95m       1.0804E-01  2.1900E-03
  mo-95        1.1327E+03  1.3981E+03
  zr-96        1.5219E+03  1.5219E+03
  nb-96        3.0068E-02  0.0000E+00
  mo-96        1.5310E+02  1.5313E+02
  zr-97        2.2069E+00  0.0000E+00
  nb-97        1.5983E-01  0.0000E+00
  mo-97        1.5462E+03  1.5486E+03
  mo-98        1.6776E+03  1.6776E+03
  tc-98        1.9147E-02  1.9147E-02
  mo-99        1.0416E+01  0.0000E+00
  tc-99        1.3877E+03  1.3989E+03
  tc-99m       8.4171E-01  0.0000E+00
  ru-99        2.5721E-02  3.0684E-02
  mo-100       1.9176E+03  1.9176E+03
  ru-100       4.1488E+02  4.1488E+02
  mo-101       3.8551E-02  0.0000E+00
  tc-101       3.7514E-02  0.0000E+00
  ru-101       1.5483E+03  1.5484E+03
  mo-102       3.0203E-02  0.0000E+00
  ru-102       1.8863E+03  1.8864E+03
  ru-103       1.6715E+02  2.6386E-01
  rh-103       6.4623E+02  8.1329E+02
  rh-103m      1.6419E-01  2.5918E-04
  tc-104       4.8860E-02  0.0000E+00
  ru-104       1.4918E+03  1.4918E+03
  pd-104       9.3131E+02  9.3131E+02
  ru-105       6.5046E-01  0.0000E+00
  rh-105       3.8463E+00  0.0000E+00
  pd-105       8.3934E+02  8.4386E+02
  ru-106       6.3149E+02  3.1960E+02
  pd-106       8.1962E+02  1.1315E+03
  rh-107       3.3486E-02  0.0000E+00
  pd-107       6.9148E+02  6.9152E+02
  pd-108       4.8628E+02  4.8629E+02
  pd-109       9.3768E-01  0.0000E+00
  ag-109       2.0124E+02  2.0218E+02
  pd-110       1.7271E+02  1.7271E+02
  ag-110m      2.8907E+00  1.0489E+00
  cd-110       2.4060E+02  2.4245E+02
  ag-111       2.2555E+00  3.9303E-15
  cd-111       9.2066E+01  9.4327E+01
  pd-112       1.1184E-01  0.0000E+00
  cd-112       4.7309E+01  4.7438E+01
  cd-113       1.5929E-01  1.7221E-01
  cd-114       4.5658E+01  4.5658E+01
  cd-115       9.1711E-02  0.0000E+00
  cd-115m      1.1693E-01  3.9842E-04
  in-115       2.3703E+00  2.5818E+00
  sn-115       5.7352E-01  5.7851E-01
  cd-116       1.3966E+01  1.3966E+01
  sn-116       1.1495E+01  1.1496E+01
  sn-117       1.2342E+01  1.2349E+01
  sn-118       1.1580E+01  1.1581E+01
  sn-119       1.0815E+01  1.0910E+01
  sn-119m      1.6358E-01  6.8935E-02
  sn-120       1.1347E+01  1.1347E+01
  sn-121       3.3101E-02  4.5144E-05
  sn-121m      8.4131E-01  8.2813E-01
  sb-121       9.7604E+00  9.8067E+00
  sn-122       1.4458E+01  1.4458E+01
  sb-122       2.3727E-02  0.0000E+00
  te-122       1.6873E+00  1.7105E+00
  sn-123       6.6361E-01  9.3503E-02
  sb-123       1.2743E+01  1.3314E+01
  te-123       1.8100E-02  2.4179E-02
  sn-124       2.2350E+01  2.2350E+01
  sb-124       3.8247E-01  5.7018E-03
  te-124       1.1858E+00  1.5625E+00
  sn-125       3.3989E-01  1.3324E-12
  sb-125       2.4900E+01  1.9634E+01
  te-125       4.9375E+00  1.0558E+01
  te-125m      2.8763E-01  2.7296E-01
  sn-126       5.0265E+01  5.0264E+01
  sb-126       2.2297E-02  1.0346E-06
  te-126       1.2210E+00  1.2435E+00
  sb-127       1.2103E+00  0.0000E+00
  te-127       1.0360E-01  3.8618E-04
  te-127m      9.1611E-01  1.1031E-01
  i-127        8.9653E+01  9.1789E+01
  te-128       2.2155E+02  2.2159E+02
  xe-128       1.3887E+01  1.3888E+01
  sb-129       1.7019E-01  0.0000E+00
  te-129       4.2806E-02  2.4721E-06
  te-129m      5.0765E+00  2.7239E-03
  i-129        3.4484E+02  3.5013E+02
  xe-129       2.1240E-01  2.1412E-01
  sb-130       2.0466E-02  0.0000E+00
  te-130       7.9597E+02  7.9600E+02
  i-130        7.8820E-02  0.0000E+00
  xe-130       3.5507E+01  3.5586E+01
  sb-131       3.4489E-02  0.0000E+00
  te-131       4.2062E-02  0.0000E+00
  te-131m      8.5028E-01  0.0000E+00
  i-131        2.3178E+01  4.8242E-13
  xe-131       5.7611E+02  6.0064E+02
  xe-131m      4.2364E-01  6.3955E-10
  te-132       1.2851E+01  0.0000E+00
  i-132        3.9682E-01  0.0000E+00
  xe-132       2.6221E+03  2.6354E+03
  te-133       2.4638E-02  0.0000E+00
  te-133m      1.0040E-01  0.0000E+00
  i-133        4.8618E+00  0.0000E+00
  xe-133       2.9364E+01  3.8478E-20
  xe-133m      3.9530E-01  0.0000E+00
  cs-133       1.8506E+03  1.8854E+03
  te-134       1.3129E-01  0.0000E+00
  i-134        2.2638E-01  0.0000E+00
  xe-134       3.1028E+03  3.1031E+03
  cs-134       5.1070E+02  3.6511E+02
  cs-134m      3.7521E-02  0.0000E+00
  ba-134       1.0916E+02  2.5478E+02
  i-135        1.5099E+00  0.0000E+00
  xe-135       1.6659E-01  0.0000E+00
  cs-135       3.6004E+02  3.6173E+02
  ba-135       1.6285E+00  1.6299E+00
  xe-136       5.3935E+03  5.3935E+03
  cs-136       2.1553E+00  9.5029E-09
  ba-136       3.9034E+01  4.1190E+01
  cs-137       2.5538E+03  2.4957E+03
  ba-137       5.1071E+01  1.0925E+02
  xe-138       4.5710E-02  0.0000E+00
  cs-138       1.2058E-01  0.0000E+00
  ba-138       2.5966E+03  2.5968E+03
  la-138       3.6346E-02  3.6346E-02
  cs-139       3.1150E-02  0.0000E+00
  ba-139       2.8742E-01  0.0000E+00
  la-139       2.3763E+03  2.3766E+03
  ba-140       6.0713E+01  1.4487E-07
  la-140       8.6162E+00  2.1957E-08
  ce-140       2.3906E+03  2.4599E+03
  ba-141       5.6821E-02  0.0000E+00
  la-141       7.3849E-01  0.0000E+00
  ce-141       1.4298E+02  5.9584E-02
  pr-141       1.9738E+03  2.1175E+03
  ba-142       3.0180E-02  0.0000E+00
  la-142       2.7043E-01  0.0000E+00
  ce-142       2.2270E+03  2.2273E+03
  pr-142       3.4677E-01  0.0000E+00
  nd-142       9.3992E+01  9.4341E+01
  la-143       3.9364E-02  0.0000E+00
  ce-143       5.5636E+00  0.0000E+00
  pr-143       5.3654E+01  4.7223E-07
  nd-143       8.9621E+02  9.5546E+02
  ce-144       9.2819E+02  3.8167E+02
  pr-144       4.0158E-02  1.6077E-02
  nd-144       2.1033E+03  2.6499E+03
  pr-145       7.1262E-01  0.0000E+00
  nd-145       1.1027E+03  1.1034E+03
  ce-146       2.2292E-02  0.0000E+00
  pr-146       4.0015E-02  0.0000E+00
  nd-146       1.5616E+03  1.5617E+03
  nd-147       2.0303E+01  1.9650E-09
  pm-147       1.9817E+02  1.6794E+02
  sm-147       4.0022E+01  9.0578E+01
  nd-148       8.0826E+02  8.0826E+02
  pm-148       4.0187E+00  2.2026E-05
  pm-148m      1.6157E+00  3.5095E-03
  sm-148       3.1298E+02  3.1861E+02
  nd-149       9.4014E-02  0.0000E+00
  pm-149       4.5797E+00  0.0000E+00
  sm-149       2.0640E+00  6.7395E+00
  nd-150       4.0485E+02  4.0485E+02
  sm-150       6.5543E+02  6.5544E+02
  pm-151       8.9717E-01  0.0000E+00
  sm-151       1.6060E+01  1.6833E+01
  eu-151       4.3121E-03  1.3444E-01
  sm-152       1.6032E+02  1.6032E+02
  sm-153       4.8450E+00  0.0000E+00
  eu-153       2.2282E+02  2.2767E+02
  sm-154       1.2913E+02  1.2913E+02
  eu-154       5.9641E+01  5.5024E+01
  gd-154       3.3421E+00  7.9596E+00
  eu-155       2.0005E+01  1.7293E+01
  gd-155       4.7812E-02  2.7632E+00
  sm-156       4.8470E-02  0.0000E+00
  eu-156       3.5482E+01  2.0494E-06
  gd-156       5.1702E+02  5.5255E+02
  eu-157       2.0210E-01  0.0000E+00
  gd-157       3.6590E-01  5.6846E-01
  gd-158       1.3599E+02  1.3599E+02
  gd-159       5.7126E-02  0.0000E+00
  tb-159       1.1414E+01  1.1471E+01
  gd-160       3.9629E+00  3.9629E+00
  tb-160       9.2733E-01  2.7948E-02
  dy-160       9.3858E-01  1.8380E+00
  tb-161       1.3463E-01  1.6097E-17
  dy-161       1.5468E+00  1.6815E+00
  dy-162       1.3272E+00  1.3273E+00
  dy-163       1.3561E+00  1.3561E+00
  dy-164       3.6858E-01  3.6858E-01
  ho-165       1.0559E+00  1.0570E+00
  er-166       4.6399E-01  4.7009E-01
  er-167       2.3793E-02  2.3833E-02
  er-168       7.9032E-02  7.9032E-02
------------
  totals       1.0022E+06  1.0022E+06
=========================================================================================================================
.
.
*************************************************************************************************************************
********************                                                                                 ********************
********************                                                                                 ********************
********************                    Written F71 File Information                                 ********************
********************                                                                                 ********************
********************                                                                                 ********************
*************************************************************************************************************************
.
.
   pos         time        power         flux      fluence       energy libpos   case   step DCGNAB
   (-)          (s)         (MW)    (n/cm2-s)      (n/cm2)        (MWd)    (-)    (-)    (-)    (-)
     1  4.75200e+07  0.00000e+00  0.00000e+00  6.32343e+22  6.64646e+04      1      2      0 DC----
     2  7.90800e+07  0.00000e+00  0.00000e+00  6.32343e+22  6.64646e+04      1      2      1 DC----
    D - state definition present
    C - concentrations present
    G - gamma emission spectra present
    N - neutron emission spectra present
    A - alpha emission spectra present
    B - beta emission spectra present
.
.
.
=========================================================================================================================
ORIGEN finished successfully.
=========================================================================================================================
    module origen used 0.553868 seconds cpu time for the current pass.

    module origen is finished. completion code    0. total cpu time used 6.53146e-006 seconds.


    SCALE is finished on Wed Feb 13 18:32:41 2019.
-------------------------- Summary --------------------------
arp finished. used 2.38813 seconds.
origen finished. used 0.559952 seconds.
SCALE driver required a maximum of 8.309 MiB of RAM.
------------------------ End Summary ------------------------

w17x17_100d.f33 copied to C:\Users\Teddy\Desktop\scale_test\output\w17x17_100d.f33.
discharge.f71 copied to C:\Users\Teddy\Desktop\scale_test\output\discharge.f71.
