 *******************************************************************************
 *                                                                             *
 *                                 SCALE 6.2.2                                 *
 *                                -------------                                *
 *                                February 2019                                *
 *                                                                             *
 *           SCALE:  A Comprehensive Modeling and Simulation Suite             *
 *                   for Nuclear Safety Analysis and Design                    *
 *                                                                             *
 *                      Reactor and Nuclear Systems Division                   *
 *                        Oak Ridge National Laboratory                        *
 *                                                                             *
 *                           http://scale.ornl.gov                             *
 *                            scalehelp@ornl.gov                               *
 *                                                                             *
 *******************************************************************************
 *******************************************************************************
      
                  Job Information
                  ---------------
      Job started on DESKTOP-J14NAA6 on Wed 13/02/2019 18:31:37
      Working directory: C:\Users\Teddy\AppData\Local\Temp\scale.Teddy.6784
      Input file name  : C:\Users\Teddy\Desktop\scale_test\output\2.800000_55858.585859.inp
      Output file name : C:\Users\Teddy\Desktop\scale_test\output\2.800000_55858.585859.out
      SCALE executable : C:\SCALE-6.2.2/bin/scale
      
 *******************************************************************************


    module arp will be called on Wed Feb 13 18:31:38 2019.
    sequence specification record:=arp
Input Data:

      'library type
      w17x17
      2.800000
      ' num cycles
      1
      ' num days per cycle
      550
      ' cycle average specific power (MW / MTU)
      101.561065
      ' number of interpolated cross section sets generated per cycle
      1
      ' moderator density (g/cc)
      0.723
      ' interpolated output ORIGEN library
      w17x17_100d.f33
end

1






        ************************************************************************************************************************
        ************************************************************************************************************************
        ************************************************************************************************************************
        *****                                                                                                              *****
        *****                                       program verification information                                       *****
        *****                                                                                                              *****
        *****                                   code system:  SCALE    version:  6.2                                       *****
        *****                                                                                                              *****
        ************************************************************************************************************************
        ************************************************************************************************************************
        *****                                                                                                              *****
        *****                                                                                                              *****
        *****              program:  arp.exe                                                                               *****
        *****                                                                                                              *****
        *****        creation date:   unknown                                                                              *****
        *****                                                                                                              *****
        *****              library:  C:\SCALE-6.2.2\bin                                                                    *****
        *****                                                                                                              *****
        *****                                                                                                              *****
        *****            prod code:  arp.exe                                                                               *****
        *****                                                                                                              *****
        *****              version:  6.2.2                                                                                 *****
        *****                                                                                                              *****
        *****              jobname:  Teddy                                                                                 *****
        *****                                                                                                              *****
        *****         machine name:  DESKTOP-J14NAA6                                                                       *****
        *****                                                                                                              *****
        *****    date of execution:  13_feb_2019                                                                           *****
        *****                                                                                                              *****
        *****    time of execution:  18:31:38.10                                                                           *****
        *****                                                                                                              *****
        *****                                                                                                              *****
        ************************************************************************************************************************
        ************************************************************************************************************************
        ************************************************************************************************************************


 'library type
    data library:       w17x17
       directory:       C:/SCALE-6.2.2/data/\arplibs
       definition:      C:/SCALE-6.2.2/data/\arpdata.txt
    u-235 enrichment:                        2.800

 ' num cycles
    number of cycles:                            1

 ' num days per cycle

 ' cycle average specific power (MW / MTU)

 ' number of interpolated cross section sets generated per cycle

 ' moderator density (g/cc)
    water density (g/cm3):                  0.7230
                                         cycle        cumulative      midpoint
   cycle time(d)        power(MW)      burnup(MWd/MTU)burnup(MWd/MTU)burnup(MWd/MTU)nlib
     1    550.000        101.561        55858.6        55858.6        27929.3             1

 ' interpolated output ORIGEN library
    interpolated library name:                   w17x17_100d.f33
 interpolation type: spline
 Cross section library interpolation completed.
.
.
.
=========================================================================================================================
ARP finished successfully.
=========================================================================================================================
    module arp used 2.93928 seconds cpu time for the current pass.

    module arp is finished. completion code    0. total cpu time used 1.67952e-005 seconds.



    module origen will be called on Wed Feb 13 18:31:41 2019.
    sequence specification record:=origen
Input Data:

      case(irrad) {
          lib{
              file="w17x17_100d.f33" pos=1
          }
          mat {
              units=GRAMS
              iso=[u235=28000.000000 u238=972000.000000]
          }
          time = [ 550 ]
          power = [ 101.561065 ]
      }
      case (decay) {
          time {
              units=YEARS
              start=0
              t=[1]
          }
          save{ file="discharge.f71" steps=[0 LAST]}
      }
end

1






        ************************************************************************************************************************
        ************************************************************************************************************************
        ************************************************************************************************************************
        *****                                                                                                              *****
        *****                                       program verification information                                       *****
        *****                                                                                                              *****
        *****                                   code system:  SCALE    version:  6.2                                       *****
        *****                                                                                                              *****
        ************************************************************************************************************************
        ************************************************************************************************************************
        *****                                                                                                              *****
        *****                                                                                                              *****
        *****              program:  origen.exe                                                                            *****
        *****                                                                                                              *****
        *****        creation date:   unknown                                                                              *****
        *****                                                                                                              *****
        *****              library:  C:\SCALE-6.2.2\bin                                                                    *****
        *****                                                                                                              *****
        *****                                                                                                              *****
        *****            prod code:  origen.exe                                                                            *****
        *****                                                                                                              *****
        *****              version:  6.2.2                                                                                 *****
        *****                                                                                                              *****
        *****              jobname:  Teddy                                                                                 *****
        *****                                                                                                              *****
        *****         machine name:  DESKTOP-J14NAA6                                                                       *****
        *****                                                                                                              *****
        *****    date of execution:  13_feb_2019                                                                           *****
        *****                                                                                                              *****
        *****    time of execution:  18:31:41.05                                                                           *****
        *****                                                                                                              *****
        *****                                                                                                              *****
        ************************************************************************************************************************
        ************************************************************************************************************************
        ************************************************************************************************************************

*************************************************************************************************************************
********************                                                                                 ********************
********************                                                                                 ********************
********************                    USER INPUT SUMMARY                                           ********************
********************                                                                                 ********************
********************                                                                                 ********************
*************************************************************************************************************************
.
.
=========================================================================================================================
=   Case "irrad" (#1/2)                                                                                                 =
-------------------------------------------------------------------------------------------------------------------------
###   Library settings                                                                                                ###
.
                                Library file name:     C:/Users/Teddy/AppData/Local/Temp/scale.Teddy.6784/w17x17_100d.f33
                             Library set position:              1
                 Fission product reaction removal:             no
-------------------------------------------------------------------------------------------------------------------------
###   Global settings                                                                                                 ###
.
                                           Solver:              MATREX
                                             Mode:        forward
                             Fixed fission energy:             no
-------------------------------------------------------------------------------------------------------------------------
###   Concentrations output options                                                                                   ###
.
                            High-precision output:             no
                                  Relative cutoff:            yes
                         Step for applying cutoff:       integral
.
                      light els.   actinides  fis.prods.       total
                       nuc    el   nuc    el   nuc    el   nuc    el             cutoff
gram-atoms                                                                    1.000E-06
grams                                                      **                 1.000E-06
curies                                                                        1.000E-06
watts                                                                         1.000E-06
gamma watts                                                                   1.000E-06
m3 air                                                                        1.000E-06
m3 water                                                                      1.000E-06
grams ppm                                                                     1.000E-06
atoms ppm                                                                     1.000E-06
atoms/barn-cm                                                                 1.000E-06
becquerels                                                                    1.000E-06
-------------------------------------------------------------------------------------------------------------------------
###   Additional output options                                                                                       ###
.
                                      Print k-inf:             no
           Nuclides for absorption fraction print:           none
                              Print fission rates:             no
            Step for sorting absorption fractions:              1
=========================================================================================================================
=   Case "decay" (#2/2)                                                                                                 =
-------------------------------------------------------------------------------------------------------------------------
###   Library settings                                                                                                ###
.
                                Library file name:     C:/Users/Teddy/AppData/Local/Temp/scale.Teddy.6784/w17x17_100d.f33
                             Library set position:              1
                 Fission product reaction removal:             no
-------------------------------------------------------------------------------------------------------------------------
###   Global settings                                                                                                 ###
.
                                           Solver:              MATREX
                                             Mode:        forward
                             Fixed fission energy:             no
-------------------------------------------------------------------------------------------------------------------------
###   Concentrations output options                                                                                   ###
.
                            High-precision output:             no
                                  Relative cutoff:            yes
                         Step for applying cutoff:       integral
.
                      light els.   actinides  fis.prods.       total
                       nuc    el   nuc    el   nuc    el   nuc    el             cutoff
gram-atoms                                                                    1.000E-06
grams                                                      **                 1.000E-06
curies                                                                        1.000E-06
watts                                                                         1.000E-06
gamma watts                                                                   1.000E-06
m3 air                                                                        1.000E-06
m3 water                                                                      1.000E-06
grams ppm                                                                     1.000E-06
atoms ppm                                                                     1.000E-06
atoms/barn-cm                                                                 1.000E-06
becquerels                                                                    1.000E-06
-------------------------------------------------------------------------------------------------------------------------
###   Additional output options                                                                                       ###
.
                                      Print k-inf:             no
           Nuclides for absorption fraction print:           none
                              Print fission rates:             no
            Step for sorting absorption fractions:              1
=========================================================================================================================
###   Blending information                                                                                            ###
.
  --- no blending requested in this job ---
=========================================================================================================================
.
.
***Warning:  The flux over a step has changed by more than 20%.
=========================================================================================================================
=   History overview for case 'irrad' (#1/2)                                                                            =
-------------------------------------------------------------------------------------------------------------------------
   step          t0          t1          dt           t        flux     fluence       power      energy
    (-)         (d)         (d)         (s)         (s)   (n/cm2-s)     (n/cm2)        (MW)       (MWd)
      1      0.0000    550.0000  4.7520E+07  4.7520E+07  1.1012E+15  5.2328E+22  1.0156E+02  5.5859E+04
          
              step - step index within this case
                t0 - time at beginning-of-step in input units
                t1 - time at end-of-step in input units
                dt - length of step in seconds
                 t - end-of-step cumulative time in seconds
              flux - flux in neutrons/cm^2-sec (CALCULATED)
           fluence - cumulative end-of-step fluence in neutrons/cm^2 (CALCULATED)
             power - power in mega-watts (INPUT)     
            energy - cumulative end-of-step energy released in mega-watt-days (INPUT)     
=========================================================================================================================
.
.
.
.
.
*************************************************************************************************************************
********************                                                                                 ********************
********************                                                                                 ********************
********************                    Library information                                          ********************
********************                                                                                 ********************
********************                                                                                 ********************
*************************************************************************************************************************
.
.
=========================================================================================================================
=   Library summary for case 'irrad' (#1/2)                                                                             =
-------------------------------------------------------------------------------------------------------------------------
filename: C:/Users/Teddy/AppData/Local/Temp/scale.Teddy.6784/w17x17_100d.f33 cross-section data taken from position number: 1
library title delimited by {}: 
{}
date library was produced: 538976288/538976288/538976288
total number of nuclides in library: 2237
number of light-element nuclides: 910
number of actinide nuclides: 176
number of fission product nuclides: 1151
number of nonzero off-diagonal matrix elements: 54564
=========================================================================================================================
.
.
*************************************************************************************************************************
********************                                                                                 ********************
********************                                                                                 ********************
********************                    Concentration tables                                         ********************
********************                                                                                 ********************
********************                                                                                 ********************
*************************************************************************************************************************
.
.
=========================================================================================================================
=   Nuclide concentrations in grams for case 'irrad' (#1/2)                                                             =
-------------------------------------------------------------------------------------------------------------------------
  (relative cutoff; integral of concentrations over time >   1.00E-06 % of integral of all concentrations over time)
.
                   0.000d    550.000d   
  h-3          0.0000E+00  9.4897E-02
  he-4         0.0000E+00  2.7454E+00
  u-234        0.0000E+00  2.2993E+00
  u-235        2.8000E+04  1.7236E+03
  u-236        0.0000E+00  3.8302E+03
  u-237        0.0000E+00  2.5948E+01
  u-238        9.7200E+05  9.2222E+05
  u-239        0.0000E+00  1.8606E+00
  np-237       0.0000E+00  6.1119E+02
  np-238       0.0000E+00  5.7706E+00
  np-239       0.0000E+00  2.6756E+02
  pu-238       0.0000E+00  3.9022E+02
  pu-239       0.0000E+00  5.3068E+03
  pu-240       0.0000E+00  2.4949E+03
  pu-241       0.0000E+00  1.7864E+03
  pu-242       0.0000E+00  1.7155E+03
  pu-243       0.0000E+00  1.3895E+00
  pu-244       0.0000E+00  6.0747E-01
  am-241       0.0000E+00  2.0408E+01
  am-242m      0.0000E+00  3.3962E-01
  am-242       0.0000E+00  1.9605E-01
  am-243       0.0000E+00  6.1836E+02
  am-244m      0.0000E+00  8.0847E-02
  am-244       0.0000E+00  1.2578E-01
  cm-242       0.0000E+00  2.8036E+01
  cm-243       0.0000E+00  1.2592E+00
  cm-244       0.0000E+00  5.5409E+02
  cm-245       0.0000E+00  6.0769E+01
  cm-246       0.0000E+00  1.8097E+01
  cm-247       0.0000E+00  4.2662E-01
  cm-248       0.0000E+00  6.4412E-02
  ge-73        0.0000E+00  2.8401E-02
  ge-74        0.0000E+00  7.8006E-02
  as-75        0.0000E+00  1.9277E-01
  ge-76        0.0000E+00  5.3653E-01
  se-77        0.0000E+00  1.1508E+00
  se-78        0.0000E+00  3.7929E+00
  se-79        0.0000E+00  7.6382E+00
  se-80        0.0000E+00  1.9602E+01
  br-81        0.0000E+00  3.2546E+01
  se-82        0.0000E+00  5.2197E+01
  kr-82        0.0000E+00  1.9184E+00
  kr-83        0.0000E+00  4.7171E+01
  kr-84        0.0000E+00  1.7833E+02
  kr-85        0.0000E+00  3.7291E+01
  kr-85m       0.0000E+00  5.1465E-02
  rb-85        0.0000E+00  1.4157E+02
  kr-86        0.0000E+00  2.6582E+02
  rb-86        0.0000E+00  9.9428E-02
  sr-86        0.0000E+00  1.1661E+00
  kr-87        0.0000E+00  2.7501E-02
  rb-87        0.0000E+00  3.4808E+02
  kr-88        0.0000E+00  8.0643E-02
  sr-88        0.0000E+00  4.7980E+02
  sr-89        0.0000E+00  4.6761E+01
  y-89         0.0000E+00  5.8950E+02
  sr-90        0.0000E+00  7.6762E+02
  y-90         0.0000E+00  2.2245E-01
  zr-90        0.0000E+00  1.9805E+01
  sr-91        0.0000E+00  5.3363E-01
  y-91         0.0000E+00  8.2023E+01
  y-91m        0.0000E+00  2.7024E-02
  zr-91        0.0000E+00  7.7167E+02
  sr-92        0.0000E+00  1.7466E-01
  y-92         0.0000E+00  2.3078E-01
  zr-92        0.0000E+00  9.6092E+02
  y-93         0.0000E+00  8.1565E-01
  zr-93        0.0000E+00  1.0856E+03
  y-94         0.0000E+00  2.7535E-02
  zr-94        0.0000E+00  1.2082E+03
  mo-94        0.0000E+00  2.5837E-02
  zr-95        0.0000E+00  1.5450E+02
  nb-95        0.0000E+00  8.3687E+01
  nb-95m       0.0000E+00  9.4307E-02
  mo-95        0.0000E+00  1.0092E+03
  zr-96        0.0000E+00  1.3227E+03
  nb-96        0.0000E+00  2.2033E-02
  mo-96        0.0000E+00  1.1265E+02
  zr-97        0.0000E+00  1.8966E+00
  nb-97        0.0000E+00  1.3734E-01
  mo-97        0.0000E+00  1.3398E+03
  mo-98        0.0000E+00  1.4385E+03
  mo-99        0.0000E+00  8.8887E+00
  tc-99        0.0000E+00  1.2396E+03
  tc-99m       0.0000E+00  7.1734E-01
  ru-99        0.0000E+00  2.3736E-02
  mo-100       0.0000E+00  1.6444E+03
  ru-100       0.0000E+00  3.0583E+02
  mo-101       0.0000E+00  3.2700E-02
  tc-101       0.0000E+00  3.1820E-02
  ru-101       0.0000E+00  1.3442E+03
  mo-102       0.0000E+00  2.5514E-02
  ru-102       0.0000E+00  1.5708E+03
  ru-103       0.0000E+00  1.3977E+02
  rh-103       0.0000E+00  6.0525E+02
  rh-103m      0.0000E+00  1.3728E-01
  tc-104       0.0000E+00  4.0632E-02
  ru-104       0.0000E+00  1.2295E+03
  pd-104       0.0000E+00  7.0839E+02
  ru-105       0.0000E+00  5.3652E-01
  rh-105       0.0000E+00  3.3189E+00
  pd-105       0.0000E+00  7.2930E+02
  ru-106       0.0000E+00  5.1123E+02
  pd-106       0.0000E+00  6.1826E+02
  rh-107       0.0000E+00  2.7426E-02
  pd-107       0.0000E+00  5.6469E+02
  pd-108       0.0000E+00  3.9330E+02
  pd-109       0.0000E+00  7.1596E-01
  ag-109       0.0000E+00  1.7194E+02
  pd-110       0.0000E+00  1.3732E+02
  ag-110m      0.0000E+00  2.3166E+00
  cd-110       0.0000E+00  1.7048E+02
  ag-111       0.0000E+00  1.7365E+00
  cd-111       0.0000E+00  7.0495E+01
  pd-112       0.0000E+00  8.6023E-02
  cd-112       0.0000E+00  3.6033E+01
  cd-113       0.0000E+00  1.4665E-01
  cd-114       0.0000E+00  3.6318E+01
  cd-115       0.0000E+00  7.1969E-02
  cd-115m      0.0000E+00  9.1100E-02
  in-115       0.0000E+00  2.2137E+00
  sn-115       0.0000E+00  4.7406E-01
  cd-116       0.0000E+00  1.1497E+01
  sn-116       0.0000E+00  8.9846E+00
  sn-117       0.0000E+00  1.0206E+01
  sn-118       0.0000E+00  9.5645E+00
  sn-119       0.0000E+00  9.0074E+00
  sn-119m      0.0000E+00  1.3716E-01
  sn-120       0.0000E+00  9.4201E+00
  sn-121       0.0000E+00  2.7630E-02
  sn-121m      0.0000E+00  7.0860E-01
  sb-121       0.0000E+00  8.3439E+00
  sn-122       0.0000E+00  1.1999E+01
  te-122       0.0000E+00  1.1973E+00
  sn-123       0.0000E+00  5.4047E-01
  sb-123       0.0000E+00  1.0782E+01
  sn-124       0.0000E+00  1.8646E+01
  sb-124       0.0000E+00  2.3537E-01
  te-124       0.0000E+00  7.3803E-01
  sn-125       0.0000E+00  2.8369E-01
  sb-125       0.0000E+00  2.0661E+01
  te-125       0.0000E+00  4.1067E+00
  te-125m      0.0000E+00  2.3918E-01
  sn-126       0.0000E+00  4.1725E+01
  te-126       0.0000E+00  9.9554E-01
  sb-127       0.0000E+00  1.0135E+00
  te-127       0.0000E+00  8.7456E-02
  te-127m      0.0000E+00  8.9562E-01
  i-127        0.0000E+00  7.7155E+01
  te-128       0.0000E+00  1.8527E+02
  xe-128       0.0000E+00  9.8328E+00
  sb-129       0.0000E+00  1.4280E-01
  te-129       0.0000E+00  3.5901E-02
  te-129m      0.0000E+00  4.2620E+00
  i-129        0.0000E+00  2.9275E+02
  xe-129       0.0000E+00  1.2662E-01
  te-130       0.0000E+00  6.7851E+02
  i-130        0.0000E+00  5.5495E-02
  xe-130       0.0000E+00  2.4937E+01
  sb-131       0.0000E+00  2.9441E-02
  te-131       0.0000E+00  3.5799E-02
  te-131m      0.0000E+00  7.1675E-01
  i-131        0.0000E+00  1.9697E+01
  xe-131       0.0000E+00  5.5039E+02
  xe-131m      0.0000E+00  3.5820E-01
  te-132       0.0000E+00  1.0948E+01
  i-132        0.0000E+00  3.3774E-01
  xe-132       0.0000E+00  2.1741E+03
  te-133       0.0000E+00  2.1052E-02
  te-133m      0.0000E+00  8.6417E-02
  i-133        0.0000E+00  4.1561E+00
  xe-133       0.0000E+00  2.5118E+01
  xe-133m      0.0000E+00  3.3576E-01
  cs-133       0.0000E+00  1.6808E+03
  te-134       0.0000E+00  1.1332E-01
  i-134        0.0000E+00  1.9376E-01
  xe-134       0.0000E+00  2.6604E+03
  cs-134       0.0000E+00  3.9683E+02
  cs-134m      0.0000E+00  2.8343E-02
  ba-134       0.0000E+00  8.2753E+01
  i-135        0.0000E+00  1.2883E+00
  xe-135       0.0000E+00  1.6932E-01
  cs-135       0.0000E+00  3.0353E+02
  ba-135       0.0000E+00  1.0123E+00
  xe-136       0.0000E+00  4.5729E+03
  cs-136       0.0000E+00  1.5767E+00
  ba-136       0.0000E+00  3.0337E+01
  cs-137       0.0000E+00  2.1860E+03
  ba-137       0.0000E+00  4.3617E+01
  xe-138       0.0000E+00  3.9262E-02
  cs-138       0.0000E+00  1.0332E-01
  ba-138       0.0000E+00  2.2357E+03
  la-138       0.0000E+00  2.7310E-02
  cs-139       0.0000E+00  2.6718E-02
  ba-139       0.0000E+00  2.4629E-01
  la-139       0.0000E+00  2.0591E+03
  ba-140       0.0000E+00  5.2121E+01
  la-140       0.0000E+00  7.3099E+00
  ce-140       0.0000E+00  2.0496E+03
  ba-141       0.0000E+00  4.8792E-02
  la-141       0.0000E+00  6.3395E-01
  ce-141       0.0000E+00  1.2332E+02
  pr-141       0.0000E+00  1.7220E+03
  ba-142       0.0000E+00  2.6004E-02
  la-142       0.0000E+00  2.3277E-01
  ce-142       0.0000E+00  1.9176E+03
  pr-142       0.0000E+00  2.5063E-01
  nd-142       0.0000E+00  6.7855E+01
  la-143       0.0000E+00  3.4016E-02
  ce-143       0.0000E+00  4.8011E+00
  pr-143       0.0000E+00  4.6475E+01
  nd-143       0.0000E+00  8.8572E+02
  ce-144       0.0000E+00  8.1131E+02
  pr-144       0.0000E+00  3.4934E-02
  nd-144       0.0000E+00  1.7202E+03
  pr-145       0.0000E+00  6.1342E-01
  nd-145       0.0000E+00  9.9935E+02
  pr-146       0.0000E+00  3.4337E-02
  nd-146       0.0000E+00  1.3015E+03
  nd-147       0.0000E+00  1.7487E+01
  pm-147       0.0000E+00  2.0057E+02
  sm-147       0.0000E+00  4.3245E+01
  nd-148       0.0000E+00  6.8550E+02
  pm-148       0.0000E+00  3.4954E+00
  pm-148m      0.0000E+00  1.6327E+00
  sm-148       0.0000E+00  2.6310E+02
  nd-149       0.0000E+00  7.8593E-02
  pm-149       0.0000E+00  3.8313E+00
  sm-149       0.0000E+00  2.0803E+00
  nd-150       0.0000E+00  3.4187E+02
  sm-150       0.0000E+00  5.6722E+02
  pm-151       0.0000E+00  7.4488E-01
  sm-151       0.0000E+00  1.4831E+01
  sm-152       0.0000E+00  1.4644E+02
  sm-153       0.0000E+00  3.7685E+00
  eu-153       0.0000E+00  2.0146E+02
  sm-154       0.0000E+00  1.0046E+02
  eu-154       0.0000E+00  5.3730E+01
  gd-154       0.0000E+00  3.0070E+00
  eu-155       0.0000E+00  1.7982E+01
  gd-155       0.0000E+00  4.8875E-02
  sm-156       0.0000E+00  3.9549E-02
  eu-156       0.0000E+00  2.7143E+01
  gd-156       0.0000E+00  3.8512E+02
  eu-157       0.0000E+00  1.3798E-01
  gd-157       0.0000E+00  2.9046E-01
  gd-158       0.0000E+00  9.1929E+01
  gd-159       0.0000E+00  3.6869E-02
  tb-159       0.0000E+00  8.2223E+00
  gd-160       0.0000E+00  3.1114E+00
  tb-160       0.0000E+00  6.0492E-01
  dy-160       0.0000E+00  6.8559E-01
  tb-161       0.0000E+00  8.3312E-02
  dy-161       0.0000E+00  1.1112E+00
  dy-162       0.0000E+00  9.3312E-01
  dy-163       0.0000E+00  9.1383E-01
  dy-164       0.0000E+00  2.5171E-01
  ho-165       0.0000E+00  6.3329E-01
  er-166       0.0000E+00  2.3704E-01
  er-168       0.0000E+00  3.7588E-02
------------
  totals       1.0000E+06  1.0020E+06
=========================================================================================================================
.
.
=========================================================================================================================
=   History overview for case 'decay' (#2/2)                                                                            =
-------------------------------------------------------------------------------------------------------------------------
   step          t0          t1          dt           t        flux     fluence       power      energy
    (-)         (y)         (y)         (s)         (s)   (n/cm2-s)     (n/cm2)        (MW)       (MWd)
      1      1.5057      2.5057  3.1560E+07  7.9080E+07  0.0000E+00  5.2328E+22  0.0000E+00  5.5859E+04
          
              step - step index within this case
                t0 - time at beginning-of-step in input units
                t1 - time at end-of-step in input units
                dt - length of step in seconds
                 t - end-of-step cumulative time in seconds
              flux - flux in neutrons/cm^2-sec (CALCULATED)
           fluence - cumulative end-of-step fluence in neutrons/cm^2 (CALCULATED)
             power - power in mega-watts (INPUT)     
            energy - cumulative end-of-step energy released in mega-watt-days (INPUT)     
=========================================================================================================================
.
.
.
.
.
*************************************************************************************************************************
********************                                                                                 ********************
********************                                                                                 ********************
********************                    Library information                                          ********************
********************                                                                                 ********************
********************                                                                                 ********************
*************************************************************************************************************************
.
.
=========================================================================================================================
=   Library summary for case 'decay' (#2/2)                                                                             =
-------------------------------------------------------------------------------------------------------------------------
filename: C:/Users/Teddy/AppData/Local/Temp/scale.Teddy.6784/w17x17_100d.f33 cross-section data taken from position number: 1
library title delimited by {}: 
{}
date library was produced: 538976288/538976288/538976288
total number of nuclides in library: 2237
number of light-element nuclides: 910
number of actinide nuclides: 176
number of fission product nuclides: 1151
number of nonzero off-diagonal matrix elements: 54564
=========================================================================================================================
.
.
*************************************************************************************************************************
********************                                                                                 ********************
********************                                                                                 ********************
********************                    Concentration tables                                         ********************
********************                                                                                 ********************
********************                                                                                 ********************
*************************************************************************************************************************
.
.
=========================================================================================================================
=   Nuclide concentrations in grams for case 'decay' (#2/2)                                                             =
-------------------------------------------------------------------------------------------------------------------------
  (relative cutoff; integral of concentrations over time >   1.00E-06 % of integral of all concentrations over time)
.
                   1.506y      2.506y   
  h-3          9.4897E-02  8.9705E-02
  he-4         2.7454E+00  3.5191E+00
  u-234        2.2993E+00  5.4702E+00
  u-235        1.7236E+03  1.7237E+03
  u-236        3.8302E+03  3.8304E+03
  u-237        2.5948E+01  5.3093E-05
  u-238        9.2222E+05  9.2222E+05
  u-239        1.8606E+00  0.0000E+00
  np-237       6.1119E+02  6.3724E+02
  np-238       5.7706E+00  6.2713E-08
  np-239       2.6756E+02  5.3343E-04
  pu-238       3.9022E+02  4.1464E+02
  pu-239       5.3068E+03  5.5762E+03
  pu-240       2.4949E+03  2.5152E+03
  pu-241       1.7864E+03  1.7018E+03
  pu-242       1.7155E+03  1.7155E+03
  pu-243       1.3895E+00  1.5211E-11
  pu-244       6.0747E-01  6.0750E-01
  am-241       2.0408E+01  1.0490E+02
  am-242m      3.3962E-01  3.3796E-01
  am-242       1.9605E-01  4.3604E-06
  am-243       6.1836E+02  6.1969E+02
  am-244m      8.0847E-02  0.0000E+00
  am-244       1.2578E-01  3.6095E-12
  cm-242       2.8036E+01  5.9624E+00
  cm-243       1.2592E+00  1.2295E+00
  cm-244       5.5409E+02  5.3348E+02
  cm-245       6.0769E+01  6.0764E+01
  cm-246       1.8097E+01  1.8094E+01
  cm-247       4.2662E-01  4.2662E-01
  cm-248       6.4412E-02  6.4598E-02
  ge-73        2.8401E-02  2.8421E-02
  ge-74        7.8006E-02  7.8007E-02
  as-75        1.9277E-01  1.9280E-01
  ge-76        5.3653E-01  5.3653E-01
  se-76        1.2469E-02  1.2540E-02
  se-77        1.1508E+00  1.1559E+00
  se-78        3.7929E+00  3.7937E+00
  se-79        7.6382E+00  7.6383E+00
  se-80        1.9602E+01  1.9602E+01
  br-81        3.2546E+01  3.2547E+01
  se-82        5.2197E+01  5.2197E+01
  kr-82        1.9184E+00  1.9316E+00
  kr-83        4.7171E+01  4.7197E+01
  kr-84        1.7833E+02  1.7833E+02
  kr-85        3.7291E+01  3.4974E+01
  kr-85m       5.1465E-02  0.0000E+00
  rb-85        1.4157E+02  1.4394E+02
  kr-86        2.6582E+02  2.6582E+02
  rb-86        9.9428E-02  1.2459E-07
  sr-86        1.1661E+00  1.2655E+00
  kr-87        2.7501E-02  0.0000E+00
  rb-87        3.4808E+02  3.4810E+02
  kr-88        8.0643E-02  0.0000E+00
  sr-88        4.7980E+02  4.7989E+02
  sr-89        4.6761E+01  3.1178E-01
  y-89         5.8950E+02  6.3596E+02
  sr-90        7.6762E+02  7.4936E+02
  y-90         2.2245E-01  1.9008E-01
  zr-90        1.9805E+01  3.8099E+01
  sr-91        5.3363E-01  0.0000E+00
  y-91         8.2023E+01  1.0904E+00
  y-91m        2.7024E-02  0.0000E+00
  zr-91        7.7167E+02  8.5316E+02
  sr-92        1.7466E-01  0.0000E+00
  y-92         2.3078E-01  0.0000E+00
  zr-92        9.6092E+02  9.6132E+02
  y-93         8.1565E-01  0.0000E+00
  zr-93        1.0856E+03  1.0865E+03
  y-94         2.7535E-02  0.0000E+00
  zr-94        1.2082E+03  1.2082E+03
  mo-94        2.5837E-02  2.5837E-02
  zr-95        1.5450E+02  2.9628E+00
  nb-95        8.3687E+01  3.6090E+00
  nb-95m       9.4307E-02  1.9121E-03
  mo-95        1.0092E+03  1.2410E+03
  zr-96        1.3227E+03  1.3227E+03
  nb-96        2.2033E-02  0.0000E+00
  mo-96        1.1265E+02  1.1267E+02
  zr-97        1.8966E+00  0.0000E+00
  nb-97        1.3734E-01  0.0000E+00
  mo-97        1.3398E+03  1.3419E+03
  mo-98        1.4385E+03  1.4385E+03
  tc-98        1.4279E-02  1.4279E-02
  mo-99        8.8887E+00  0.0000E+00
  tc-99        1.2396E+03  1.2492E+03
  tc-99m       7.1734E-01  0.0000E+00
  ru-99        2.3736E-02  2.8153E-02
  mo-100       1.6444E+03  1.6444E+03
  ru-100       3.0583E+02  3.0583E+02
  mo-101       3.2700E-02  0.0000E+00
  tc-101       3.1820E-02  0.0000E+00
  ru-101       1.3442E+03  1.3443E+03
  mo-102       2.5514E-02  0.0000E+00
  ru-102       1.5708E+03  1.5708E+03
  ru-103       1.3977E+02  2.2064E-01
  rh-103       6.0525E+02  7.4494E+02
  rh-103m      1.3728E-01  2.1672E-04
  tc-104       4.0632E-02  0.0000E+00
  ru-104       1.2295E+03  1.2295E+03
  pd-104       7.0839E+02  7.0840E+02
  ru-105       5.3652E-01  0.0000E+00
  rh-105       3.3189E+00  0.0000E+00
  pd-105       7.2930E+02  7.3317E+02
  ru-106       5.1123E+02  2.5873E+02
  pd-106       6.1826E+02  8.7076E+02
  rh-107       2.7426E-02  0.0000E+00
  pd-107       5.6469E+02  5.6472E+02
  pd-108       3.9330E+02  3.9330E+02
  pd-109       7.1596E-01  0.0000E+00
  ag-109       1.7194E+02  1.7266E+02
  pd-110       1.3732E+02  1.3732E+02
  ag-110m      2.3166E+00  8.4059E-01
  cd-110       1.7048E+02  1.7196E+02
  ag-111       1.7365E+00  3.0259E-15
  cd-111       7.0495E+01  7.2235E+01
  pd-112       8.6023E-02  0.0000E+00
  cd-112       3.6033E+01  3.6132E+01
  cd-113       1.4665E-01  1.5658E-01
  cd-114       3.6318E+01  3.6318E+01
  cd-115       7.1969E-02  0.0000E+00
  cd-115m      9.1100E-02  3.1042E-04
  in-115       2.2137E+00  2.3790E+00
  sn-115       4.7406E-01  4.7799E-01
  cd-116       1.1497E+01  1.1497E+01
  sn-116       8.9846E+00  8.9853E+00
  sn-117       1.0206E+01  1.0212E+01
  sn-118       9.5645E+00  9.5653E+00
  sn-119       9.0074E+00  9.0870E+00
  sn-119m      1.3716E-01  5.7803E-02
  sn-120       9.4201E+00  9.4201E+00
  sn-121       2.7630E-02  3.8023E-05
  sn-121m      7.0860E-01  6.9750E-01
  sb-121       8.3439E+00  8.3827E+00
  sn-122       1.1999E+01  1.1999E+01
  te-122       1.1973E+00  1.2138E+00
  sn-123       5.4047E-01  7.6153E-02
  sb-123       1.0782E+01  1.1247E+01
  te-123       1.2985E-02  1.7092E-02
  sn-124       1.8646E+01  1.8646E+01
  sb-124       2.3537E-01  3.5088E-03
  te-124       7.3803E-01  9.6988E-01
  sn-125       2.8369E-01  1.1121E-12
  sb-125       2.0661E+01  1.6293E+01
  te-125       4.1067E+00  8.7713E+00
  te-125m      2.3918E-01  2.2651E-01
  sn-126       4.1725E+01  4.1725E+01
  te-126       9.9554E-01  1.0129E+00
  sb-127       1.0135E+00  0.0000E+00
  te-127       8.7456E-02  3.6745E-04
  te-127m      8.9562E-01  1.0496E-01
  i-127        7.7155E+01  7.9060E+01
  te-128       1.8527E+02  1.8530E+02
  xe-128       9.8328E+00  9.8336E+00
  sb-129       1.4280E-01  0.0000E+00
  te-129       3.5901E-02  2.0754E-06
  te-129m      4.2620E+00  2.2868E-03
  i-129        2.9275E+02  2.9719E+02
  xe-129       1.2662E-01  1.2764E-01
  te-130       6.7851E+02  6.7853E+02
  i-130        5.5495E-02  0.0000E+00
  xe-130       2.4937E+01  2.4993E+01
  sb-131       2.9441E-02  0.0000E+00
  te-131       3.5799E-02  0.0000E+00
  te-131m      7.1675E-01  0.0000E+00
  i-131        1.9697E+01  4.0984E-13
  xe-131       5.5039E+02  5.7122E+02
  xe-131m      3.5820E-01  5.4246E-10
  te-132       1.0948E+01  0.0000E+00
  i-132        3.3774E-01  0.0000E+00
  xe-132       2.1741E+03  2.1854E+03
  te-133       2.1052E-02  0.0000E+00
  te-133m      8.6417E-02  0.0000E+00
  i-133        4.1561E+00  0.0000E+00
  xe-133       2.5118E+01  3.2908E-20
  xe-133m      3.3576E-01  0.0000E+00
  cs-133       1.6808E+03  1.7105E+03
  te-134       1.1332E-01  0.0000E+00
  i-134        1.9376E-01  0.0000E+00
  xe-134       2.6604E+03  2.6607E+03
  cs-134       3.9683E+02  2.8370E+02
  cs-134m      2.8343E-02  0.0000E+00
  ba-134       8.2753E+01  1.9591E+02
  i-135        1.2883E+00  0.0000E+00
  xe-135       1.6932E-01  0.0000E+00
  cs-135       3.0353E+02  3.0500E+02
  ba-135       1.0123E+00  1.0133E+00
  xe-136       4.5729E+03  4.5729E+03
  cs-136       1.5767E+00  6.9516E-09
  ba-136       3.0337E+01  3.1914E+01
  cs-137       2.1860E+03  2.1362E+03
  ba-137       4.3617E+01  9.3418E+01
  xe-138       3.9262E-02  0.0000E+00
  cs-138       1.0332E-01  0.0000E+00
  ba-138       2.2357E+03  2.2359E+03
  la-138       2.7310E-02  2.7310E-02
  cs-139       2.6718E-02  0.0000E+00
  ba-139       2.4629E-01  0.0000E+00
  la-139       2.0591E+03  2.0594E+03
  ba-140       5.2121E+01  1.2437E-07
  la-140       7.3099E+00  1.8850E-08
  ce-140       2.0496E+03  2.1091E+03
  ba-141       4.8792E-02  0.0000E+00
  la-141       6.3395E-01  0.0000E+00
  ce-141       1.2332E+02  5.1389E-02
  pr-141       1.7220E+03  1.8460E+03
  ba-142       2.6004E-02  0.0000E+00
  la-142       2.3277E-01  0.0000E+00
  ce-142       1.9176E+03  1.9178E+03
  pr-142       2.5063E-01  0.0000E+00
  nd-142       6.7855E+01  6.8107E+01
  la-143       3.4016E-02  0.0000E+00
  ce-143       4.8011E+00  0.0000E+00
  pr-143       4.6475E+01  4.0888E-07
  nd-143       8.8572E+02  9.3703E+02
  ce-144       8.1131E+02  3.3361E+02
  pr-144       3.4934E-02  1.4052E-02
  nd-144       1.7202E+03  2.1979E+03
  pr-145       6.1342E-01  0.0000E+00
  nd-145       9.9935E+02  9.9997E+02
  pr-146       3.4337E-02  0.0000E+00
  nd-146       1.3015E+03  1.3015E+03
  nd-147       1.7487E+01  1.6925E-09
  pm-147       2.0057E+02  1.6759E+02
  sm-147       4.3245E+01  9.3729E+01
  nd-148       6.8550E+02  6.8551E+02
  pm-148       3.4954E+00  2.2258E-05
  pm-148m      1.6327E+00  3.5464E-03
  sm-148       2.6310E+02  2.6822E+02
  nd-149       7.8593E-02  0.0000E+00
  pm-149       3.8313E+00  0.0000E+00
  sm-149       2.0803E+00  5.9918E+00
  nd-150       3.4187E+02  3.4187E+02
  sm-150       5.6722E+02  5.6723E+02
  pm-151       7.4488E-01  0.0000E+00
  sm-151       1.4831E+01  1.5462E+01
  eu-151       4.8019E-03  1.2433E-01
  sm-152       1.4644E+02  1.4645E+02
  sm-153       3.7685E+00  0.0000E+00
  eu-153       2.0146E+02  2.0523E+02
  sm-154       1.0046E+02  1.0046E+02
  eu-154       5.3730E+01  4.9570E+01
  gd-154       3.0070E+00  7.1668E+00
  eu-155       1.7982E+01  1.5544E+01
  gd-155       4.8875E-02  2.4895E+00
  sm-156       3.9549E-02  0.0000E+00
  eu-156       2.7143E+01  1.5679E-06
  gd-156       3.8512E+02  4.1230E+02
  eu-157       1.3798E-01  0.0000E+00
  gd-157       2.9046E-01  4.2882E-01
  gd-158       9.1929E+01  9.1931E+01
  gd-159       3.6869E-02  0.0000E+00
  tb-159       8.2223E+00  8.2594E+00
  gd-160       3.1114E+00  3.1114E+00
  tb-160       6.0492E-01  1.8231E-02
  dy-160       6.8559E-01  1.2723E+00
  tb-161       8.3312E-02  9.9618E-18
  dy-161       1.1112E+00  1.1946E+00
  dy-162       9.3312E-01  9.3315E-01
  dy-163       9.1383E-01  9.1384E-01
  dy-164       2.5171E-01  2.5172E-01
  ho-165       6.3329E-01  6.3394E-01
  er-166       2.3704E-01  2.4015E-01
  er-167       1.3106E-02  1.3126E-02
  er-168       3.7588E-02  3.7588E-02
------------
  totals       1.0020E+06  1.0020E+06
=========================================================================================================================
.
.
*************************************************************************************************************************
********************                                                                                 ********************
********************                                                                                 ********************
********************                    Written F71 File Information                                 ********************
********************                                                                                 ********************
********************                                                                                 ********************
*************************************************************************************************************************
.
.
   pos         time        power         flux      fluence       energy libpos   case   step DCGNAB
   (-)          (s)         (MW)    (n/cm2-s)      (n/cm2)        (MWd)    (-)    (-)    (-)    (-)
     1  4.75200e+07  0.00000e+00  0.00000e+00  5.23278e+22  5.58586e+04      1      2      0 DC----
     2  7.90800e+07  0.00000e+00  0.00000e+00  5.23278e+22  5.58586e+04      1      2      1 DC----
    D - state definition present
    C - concentrations present
    G - gamma emission spectra present
    N - neutron emission spectra present
    A - alpha emission spectra present
    B - beta emission spectra present
.
.
.
=========================================================================================================================
ORIGEN finished successfully.
=========================================================================================================================
    module origen used 0.707161 seconds cpu time for the current pass.

    module origen is finished. completion code    0. total cpu time used 7.46452e-006 seconds.


    SCALE is finished on Wed Feb 13 18:31:41 2019.
-------------------------- Summary --------------------------
arp finished. used 2.94708 seconds.
origen finished. used 0.715454 seconds.
SCALE driver required a maximum of 8.277 MiB of RAM.
------------------------ End Summary ------------------------

w17x17_100d.f33 copied to C:\Users\Teddy\Desktop\scale_test\output\w17x17_100d.f33.
discharge.f71 copied to C:\Users\Teddy\Desktop\scale_test\output\discharge.f71.
