 *******************************************************************************
 *                                                                             *
 *                                 SCALE 6.2.2                                 *
 *                                -------------                                *
 *                                February 2019                                *
 *                                                                             *
 *           SCALE:  A Comprehensive Modeling and Simulation Suite             *
 *                   for Nuclear Safety Analysis and Design                    *
 *                                                                             *
 *                      Reactor and Nuclear Systems Division                   *
 *                        Oak Ridge National Laboratory                        *
 *                                                                             *
 *                           http://scale.ornl.gov                             *
 *                            scalehelp@ornl.gov                               *
 *                                                                             *
 *******************************************************************************
 *******************************************************************************
      
                  Job Information
                  ---------------
      Job started on DESKTOP-J14NAA6 on Wed 13/02/2019 18:27:03
      Working directory: C:\Users\Teddy\AppData\Local\Temp\scale.Teddy.8076
      Input file name  : C:\Users\Teddy\Desktop\scale_test\output\2.800000_2828.282828.inp
      Output file name : C:\Users\Teddy\Desktop\scale_test\output\2.800000_2828.282828.out
      SCALE executable : C:\SCALE-6.2.2/bin/scale
      
 *******************************************************************************


    module arp will be called on Wed Feb 13 18:27:03 2019.
    sequence specification record:=arp
Input Data:

      'library type
      w17x17
      2.800000
      ' num cycles
      1
      ' num days per cycle
      550
      ' cycle average specific power (MW / MTU)
      5.142332
      ' number of interpolated cross section sets generated per cycle
      1
      ' moderator density (g/cc)
      0.723
      ' interpolated output ORIGEN library
      w17x17_100d.f33
end

1






        ************************************************************************************************************************
        ************************************************************************************************************************
        ************************************************************************************************************************
        *****                                                                                                              *****
        *****                                       program verification information                                       *****
        *****                                                                                                              *****
        *****                                   code system:  SCALE    version:  6.2                                       *****
        *****                                                                                                              *****
        ************************************************************************************************************************
        ************************************************************************************************************************
        *****                                                                                                              *****
        *****                                                                                                              *****
        *****              program:  arp.exe                                                                               *****
        *****                                                                                                              *****
        *****        creation date:   unknown                                                                              *****
        *****                                                                                                              *****
        *****              library:  C:\SCALE-6.2.2\bin                                                                    *****
        *****                                                                                                              *****
        *****                                                                                                              *****
        *****            prod code:  arp.exe                                                                               *****
        *****                                                                                                              *****
        *****              version:  6.2.2                                                                                 *****
        *****                                                                                                              *****
        *****              jobname:  Teddy                                                                                 *****
        *****                                                                                                              *****
        *****         machine name:  DESKTOP-J14NAA6                                                                       *****
        *****                                                                                                              *****
        *****    date of execution:  13_feb_2019                                                                           *****
        *****                                                                                                              *****
        *****    time of execution:  18:27:03.92                                                                           *****
        *****                                                                                                              *****
        *****                                                                                                              *****
        ************************************************************************************************************************
        ************************************************************************************************************************
        ************************************************************************************************************************


 'library type
    data library:       w17x17
       directory:       C:/SCALE-6.2.2/data/\arplibs
       definition:      C:/SCALE-6.2.2/data/\arpdata.txt
    u-235 enrichment:                        2.800

 ' num cycles
    number of cycles:                            1

 ' num days per cycle

 ' cycle average specific power (MW / MTU)

 ' number of interpolated cross section sets generated per cycle

 ' moderator density (g/cc)
    water density (g/cm3):                  0.7230
                                         cycle        cumulative      midpoint
   cycle time(d)        power(MW)      burnup(MWd/MTU)burnup(MWd/MTU)burnup(MWd/MTU)nlib
     1    550.000        5.14233        2828.28        2828.28        1414.14             1

 ' interpolated output ORIGEN library
    interpolated library name:                   w17x17_100d.f33
 interpolation type: spline
 Cross section library interpolation completed.
.
.
.
=========================================================================================================================
ARP finished successfully.
=========================================================================================================================
    module arp used 1.8858 seconds cpu time for the current pass.

    module arp is finished. completion code    0. total cpu time used 9.33066e-006 seconds.



    module origen will be called on Wed Feb 13 18:27:05 2019.
    sequence specification record:=origen
Input Data:

      case(irrad) {
          lib{
              file="w17x17_100d.f33" pos=1
          }
          mat {
              units=GRAMS
              iso=[u235=28000.000000 u238=972000.000000]
          }
          time = [ 550 ]
          power = [ 5.142332 ]
      }
      case (decay) {
          time {
              units=YEARS
              start=0
              t=[1]
          }
          save{ file="discharge.f71" steps=[0 LAST]}
      }
end

1






        ************************************************************************************************************************
        ************************************************************************************************************************
        ************************************************************************************************************************
        *****                                                                                                              *****
        *****                                       program verification information                                       *****
        *****                                                                                                              *****
        *****                                   code system:  SCALE    version:  6.2                                       *****
        *****                                                                                                              *****
        ************************************************************************************************************************
        ************************************************************************************************************************
        *****                                                                                                              *****
        *****                                                                                                              *****
        *****              program:  origen.exe                                                                            *****
        *****                                                                                                              *****
        *****        creation date:   unknown                                                                              *****
        *****                                                                                                              *****
        *****              library:  C:\SCALE-6.2.2\bin                                                                    *****
        *****                                                                                                              *****
        *****                                                                                                              *****
        *****            prod code:  origen.exe                                                                            *****
        *****                                                                                                              *****
        *****              version:  6.2.2                                                                                 *****
        *****                                                                                                              *****
        *****              jobname:  Teddy                                                                                 *****
        *****                                                                                                              *****
        *****         machine name:  DESKTOP-J14NAA6                                                                       *****
        *****                                                                                                              *****
        *****    date of execution:  13_feb_2019                                                                           *****
        *****                                                                                                              *****
        *****    time of execution:  18:27:05.80                                                                           *****
        *****                                                                                                              *****
        *****                                                                                                              *****
        ************************************************************************************************************************
        ************************************************************************************************************************
        ************************************************************************************************************************

*************************************************************************************************************************
********************                                                                                 ********************
********************                                                                                 ********************
********************                    USER INPUT SUMMARY                                           ********************
********************                                                                                 ********************
********************                                                                                 ********************
*************************************************************************************************************************
.
.
=========================================================================================================================
=   Case "irrad" (#1/2)                                                                                                 =
-------------------------------------------------------------------------------------------------------------------------
###   Library settings                                                                                                ###
.
                                Library file name:     C:/Users/Teddy/AppData/Local/Temp/scale.Teddy.8076/w17x17_100d.f33
                             Library set position:              1
                 Fission product reaction removal:             no
-------------------------------------------------------------------------------------------------------------------------
###   Global settings                                                                                                 ###
.
                                           Solver:              MATREX
                                             Mode:        forward
                             Fixed fission energy:             no
-------------------------------------------------------------------------------------------------------------------------
###   Concentrations output options                                                                                   ###
.
                            High-precision output:             no
                                  Relative cutoff:            yes
                         Step for applying cutoff:       integral
.
                      light els.   actinides  fis.prods.       total
                       nuc    el   nuc    el   nuc    el   nuc    el             cutoff
gram-atoms                                                                    1.000E-06
grams                                                      **                 1.000E-06
curies                                                                        1.000E-06
watts                                                                         1.000E-06
gamma watts                                                                   1.000E-06
m3 air                                                                        1.000E-06
m3 water                                                                      1.000E-06
grams ppm                                                                     1.000E-06
atoms ppm                                                                     1.000E-06
atoms/barn-cm                                                                 1.000E-06
becquerels                                                                    1.000E-06
-------------------------------------------------------------------------------------------------------------------------
###   Additional output options                                                                                       ###
.
                                      Print k-inf:             no
           Nuclides for absorption fraction print:           none
                              Print fission rates:             no
            Step for sorting absorption fractions:              1
=========================================================================================================================
=   Case "decay" (#2/2)                                                                                                 =
-------------------------------------------------------------------------------------------------------------------------
###   Library settings                                                                                                ###
.
                                Library file name:     C:/Users/Teddy/AppData/Local/Temp/scale.Teddy.8076/w17x17_100d.f33
                             Library set position:              1
                 Fission product reaction removal:             no
-------------------------------------------------------------------------------------------------------------------------
###   Global settings                                                                                                 ###
.
                                           Solver:              MATREX
                                             Mode:        forward
                             Fixed fission energy:             no
-------------------------------------------------------------------------------------------------------------------------
###   Concentrations output options                                                                                   ###
.
                            High-precision output:             no
                                  Relative cutoff:            yes
                         Step for applying cutoff:       integral
.
                      light els.   actinides  fis.prods.       total
                       nuc    el   nuc    el   nuc    el   nuc    el             cutoff
gram-atoms                                                                    1.000E-06
grams                                                      **                 1.000E-06
curies                                                                        1.000E-06
watts                                                                         1.000E-06
gamma watts                                                                   1.000E-06
m3 air                                                                        1.000E-06
m3 water                                                                      1.000E-06
grams ppm                                                                     1.000E-06
atoms ppm                                                                     1.000E-06
atoms/barn-cm                                                                 1.000E-06
becquerels                                                                    1.000E-06
-------------------------------------------------------------------------------------------------------------------------
###   Additional output options                                                                                       ###
.
                                      Print k-inf:             no
           Nuclides for absorption fraction print:           none
                              Print fission rates:             no
            Step for sorting absorption fractions:              1
=========================================================================================================================
###   Blending information                                                                                            ###
.
  --- no blending requested in this job ---
=========================================================================================================================
.
.
=========================================================================================================================
=   History overview for case 'irrad' (#1/2)                                                                            =
-------------------------------------------------------------------------------------------------------------------------
   step          t0          t1          dt           t        flux     fluence       power      energy
    (-)         (d)         (d)         (s)         (s)   (n/cm2-s)     (n/cm2)        (MW)       (MWd)
      1      0.0000    550.0000  4.7520E+07  4.7520E+07  4.2418E+13  2.0157E+21  5.1423E+00  2.8283E+03
          
              step - step index within this case
                t0 - time at beginning-of-step in input units
                t1 - time at end-of-step in input units
                dt - length of step in seconds
                 t - end-of-step cumulative time in seconds
              flux - flux in neutrons/cm^2-sec (CALCULATED)
           fluence - cumulative end-of-step fluence in neutrons/cm^2 (CALCULATED)
             power - power in mega-watts (INPUT)     
            energy - cumulative end-of-step energy released in mega-watt-days (INPUT)     
=========================================================================================================================
.
.
.
.
.
*************************************************************************************************************************
********************                                                                                 ********************
********************                                                                                 ********************
********************                    Library information                                          ********************
********************                                                                                 ********************
********************                                                                                 ********************
*************************************************************************************************************************
.
.
=========================================================================================================================
=   Library summary for case 'irrad' (#1/2)                                                                             =
-------------------------------------------------------------------------------------------------------------------------
filename: C:/Users/Teddy/AppData/Local/Temp/scale.Teddy.8076/w17x17_100d.f33 cross-section data taken from position number: 1
library title delimited by {}: 
{}
date library was produced: 538976288/538976288/538976288
total number of nuclides in library: 2237
number of light-element nuclides: 910
number of actinide nuclides: 176
number of fission product nuclides: 1151
number of nonzero off-diagonal matrix elements: 54564
=========================================================================================================================
.
.
*************************************************************************************************************************
********************                                                                                 ********************
********************                                                                                 ********************
********************                    Concentration tables                                         ********************
********************                                                                                 ********************
********************                                                                                 ********************
*************************************************************************************************************************
.
.
=========================================================================================================================
=   Nuclide concentrations in grams for case 'irrad' (#1/2)                                                             =
-------------------------------------------------------------------------------------------------------------------------
  (relative cutoff; integral of concentrations over time >   1.00E-06 % of integral of all concentrations over time)
.
                   0.000d    550.000d   
  he-4         0.0000E+00  9.7015E-02
  u-234        0.0000E+00  1.9676E-01
  u-235        2.8000E+04  2.4813E+04
  u-236        0.0000E+00  5.7009E+02
  u-237        0.0000E+00  3.3098E-01
  u-238        9.7200E+05  9.7003E+05
  u-239        0.0000E+00  7.5801E-02
  np-237       0.0000E+00  1.3388E+01
  np-239       0.0000E+00  1.0963E+01
  pu-238       0.0000E+00  4.4194E-01
  pu-239       0.0000E+00  1.4547E+03
  pu-240       0.0000E+00  9.5908E+01
  pu-241       0.0000E+00  1.5028E+01
  pu-242       0.0000E+00  3.8066E-01
  am-241       0.0000E+00  2.7622E-01
  ge-76        0.0000E+00  3.0681E-02
  se-77        0.0000E+00  7.7196E-02
  se-78        0.0000E+00  2.0628E-01
  se-79        0.0000E+00  4.5028E-01
  se-80        0.0000E+00  1.2494E+00
  br-81        0.0000E+00  2.0274E+00
  se-82        0.0000E+00  3.2694E+00
  kr-83        0.0000E+00  5.3122E+00
  kr-84        0.0000E+00  1.0368E+01
  kr-85        0.0000E+00  2.7494E+00
  rb-85        0.0000E+00  1.0585E+01
  kr-86        0.0000E+00  2.0176E+01
  rb-87        0.0000E+00  2.6601E+01
  sr-88        0.0000E+00  3.7310E+01
  sr-89        0.0000E+00  6.4278E+00
  y-89         0.0000E+00  4.3789E+01
  sr-90        0.0000E+00  6.0550E+01
  zr-90        0.0000E+00  1.1153E+00
  sr-91        0.0000E+00  6.5104E-02
  y-91         0.0000E+00  9.5562E+00
  zr-91        0.0000E+00  5.4048E+01
  y-92         0.0000E+00  2.5248E-02
  zr-92        0.0000E+00  6.6942E+01
  y-93         0.0000E+00  7.8727E-02
  zr-93        0.0000E+00  7.1923E+01
  zr-94        0.0000E+00  7.4448E+01
  zr-95        0.0000E+00  1.2702E+01
  nb-95        0.0000E+00  6.9347E+00
  mo-95        0.0000E+00  6.3098E+01
  zr-96        0.0000E+00  7.6190E+01
  mo-96        0.0000E+00  2.5942E-01
  zr-97        0.0000E+00  1.3371E-01
  mo-97        0.0000E+00  7.3049E+01
  mo-98        0.0000E+00  7.2446E+01
  mo-99        0.0000E+00  5.6004E-01
  tc-99        0.0000E+00  7.5863E+01
  tc-99m       0.0000E+00  4.4826E-02
  mo-100       0.0000E+00  8.0766E+01
  ru-100       0.0000E+00  6.7992E-01
  ru-101       0.0000E+00  6.7832E+01
  ru-102       0.0000E+00  5.9254E+01
  ru-103       0.0000E+00  5.0437E+00
  rh-103       0.0000E+00  3.9769E+01
  ru-104       0.0000E+00  3.1121E+01
  pd-104       0.0000E+00  1.5196E+00
  rh-105       0.0000E+00  8.8599E-02
  pd-105       0.0000E+00  1.9100E+01
  ru-106       0.0000E+00  7.0262E+00
  pd-106       0.0000E+00  3.9752E+00
  pd-107       0.0000E+00  5.9552E+00
  pd-108       0.0000E+00  3.1759E+00
  ag-109       0.0000E+00  1.9692E+00
  pd-110       0.0000E+00  1.1089E+00
  cd-110       0.0000E+00  6.2889E-02
  cd-111       0.0000E+00  6.2220E-01
  cd-112       0.0000E+00  4.2053E-01
  cd-113       0.0000E+00  5.1068E-02
  cd-114       0.0000E+00  6.4080E-01
  in-115       0.0000E+00  2.6591E-01
  cd-116       0.0000E+00  3.1524E-01
  sn-116       0.0000E+00  2.7764E-02
  sn-117       0.0000E+00  2.9783E-01
  sn-118       0.0000E+00  2.9557E-01
  sn-119       0.0000E+00  2.9905E-01
  sn-120       0.0000E+00  3.0685E-01
  sn-121m      0.0000E+00  2.2066E-02
  sb-121       0.0000E+00  3.0108E-01
  sn-122       0.0000E+00  3.7446E-01
  sb-123       0.0000E+00  3.7797E-01
  sn-124       0.0000E+00  5.9466E-01
  sb-125       0.0000E+00  6.2343E-01
  te-125       0.0000E+00  1.1329E-01
  sn-126       0.0000E+00  1.1764E+00
  te-126       0.0000E+00  3.7599E-02
  sb-127       0.0000E+00  3.4007E-02
  te-127m      0.0000E+00  1.2456E-01
  i-127        0.0000E+00  2.8001E+00
  te-128       0.0000E+00  6.2772E+00
  te-129m      0.0000E+00  1.6368E-01
  i-129        0.0000E+00  1.0286E+01
  te-130       0.0000E+00  3.0820E+01
  xe-130       0.0000E+00  4.0932E-02
  te-131m      0.0000E+00  2.9297E-02
  i-131        0.0000E+00  1.0737E+00
  xe-131       0.0000E+00  4.7307E+01
  te-132       0.0000E+00  6.3291E-01
  xe-132       0.0000E+00  7.5479E+01
  i-133        0.0000E+00  2.6083E-01
  xe-133       0.0000E+00  1.5791E+00
  cs-133       0.0000E+00  1.1079E+02
  xe-134       0.0000E+00  1.3378E+02
  cs-134       0.0000E+00  1.0774E+00
  ba-134       0.0000E+00  1.8913E-01
  i-135        0.0000E+00  7.8980E-02
  xe-135       0.0000E+00  7.8355E-02
  cs-135       0.0000E+00  7.7062E+01
  xe-136       0.0000E+00  1.4741E+02
  ba-136       0.0000E+00  3.5624E-01
  cs-137       0.0000E+00  1.0639E+02
  ba-137       0.0000E+00  1.8580E+00
  ba-138       0.0000E+00  1.1698E+02
  la-139       0.0000E+00  1.1166E+02
  ba-140       0.0000E+00  3.6484E+00
  la-140       0.0000E+00  4.8163E-01
  ce-140       0.0000E+00  1.0553E+02
  la-141       0.0000E+00  4.4428E-02
  ce-141       0.0000E+00  8.8338E+00
  pr-141       0.0000E+00  9.5028E+01
  ce-142       0.0000E+00  1.0329E+02
  nd-142       0.0000E+00  1.3957E-01
  ce-143       0.0000E+00  3.7692E-01
  pr-143       0.0000E+00  3.7126E+00
  nd-143       0.0000E+00  9.8504E+01
  ce-144       0.0000E+00  5.3686E+01
  nd-144       0.0000E+00  4.6883E+01
  pr-145       0.0000E+00  4.6264E-02
  nd-145       0.0000E+00  7.0602E+01
  nd-146       0.0000E+00  5.6135E+01
  nd-147       0.0000E+00  1.2105E+00
  pm-147       0.0000E+00  3.1919E+01
  sm-147       0.0000E+00  6.7687E+00
  nd-148       0.0000E+00  3.2085E+01
  pm-148       0.0000E+00  2.9263E-02
  pm-148m      0.0000E+00  1.1381E-01
  sm-148       0.0000E+00  1.7512E+00
  pm-149       0.0000E+00  1.2978E-01
  sm-149       0.0000E+00  1.5531E+00
  nd-150       0.0000E+00  1.3590E+01
  sm-150       0.0000E+00  2.0102E+01
  pm-151       0.0000E+00  2.8988E-02
  sm-151       0.0000E+00  4.5940E+00
  sm-152       0.0000E+00  9.6267E+00
  sm-153       0.0000E+00  2.8894E-02
  eu-153       0.0000E+00  4.1813E+00
  sm-154       0.0000E+00  1.8806E+00
  eu-154       0.0000E+00  2.0276E-01
  eu-155       0.0000E+00  4.6966E-01
  eu-156       0.0000E+00  5.7450E-02
  gd-156       0.0000E+00  9.8835E-01
  gd-158       0.0000E+00  3.9644E-01
  tb-159       0.0000E+00  5.8726E-02
  gd-160       0.0000E+00  2.4799E-02
------------
  totals       1.0000E+06  1.0000E+06
=========================================================================================================================
.
.
=========================================================================================================================
=   History overview for case 'decay' (#2/2)                                                                            =
-------------------------------------------------------------------------------------------------------------------------
   step          t0          t1          dt           t        flux     fluence       power      energy
    (-)         (y)         (y)         (s)         (s)   (n/cm2-s)     (n/cm2)        (MW)       (MWd)
      1      1.5057      2.5057  3.1560E+07  7.9080E+07  0.0000E+00  2.0157E+21  0.0000E+00  2.8283E+03
          
              step - step index within this case
                t0 - time at beginning-of-step in input units
                t1 - time at end-of-step in input units
                dt - length of step in seconds
                 t - end-of-step cumulative time in seconds
              flux - flux in neutrons/cm^2-sec (CALCULATED)
           fluence - cumulative end-of-step fluence in neutrons/cm^2 (CALCULATED)
             power - power in mega-watts (INPUT)     
            energy - cumulative end-of-step energy released in mega-watt-days (INPUT)     
=========================================================================================================================
.
.
.
.
.
*************************************************************************************************************************
********************                                                                                 ********************
********************                                                                                 ********************
********************                    Library information                                          ********************
********************                                                                                 ********************
********************                                                                                 ********************
*************************************************************************************************************************
.
.
=========================================================================================================================
=   Library summary for case 'decay' (#2/2)                                                                             =
-------------------------------------------------------------------------------------------------------------------------
filename: C:/Users/Teddy/AppData/Local/Temp/scale.Teddy.8076/w17x17_100d.f33 cross-section data taken from position number: 1
library title delimited by {}: 
{}
date library was produced: 538976288/538976288/538976288
total number of nuclides in library: 2237
number of light-element nuclides: 910
number of actinide nuclides: 176
number of fission product nuclides: 1151
number of nonzero off-diagonal matrix elements: 54564
=========================================================================================================================
.
.
*************************************************************************************************************************
********************                                                                                 ********************
********************                                                                                 ********************
********************                    Concentration tables                                         ********************
********************                                                                                 ********************
********************                                                                                 ********************
*************************************************************************************************************************
.
.
=========================================================================================================================
=   Nuclide concentrations in grams for case 'decay' (#2/2)                                                             =
-------------------------------------------------------------------------------------------------------------------------
  (relative cutoff; integral of concentrations over time >   1.00E-06 % of integral of all concentrations over time)
.
                   1.506y      2.506y   
  he-4         9.7015E-02  9.8088E-02
  u-234        1.9676E-01  2.0041E-01
  u-235        2.4813E+04  2.4813E+04
  u-236        5.7009E+02  5.7010E+02
  u-237        3.3098E-01  4.4664E-07
  u-238        9.7003E+05  9.7003E+05
  u-239        7.5801E-02  0.0000E+00
  np-237       1.3388E+01  1.3720E+01
  np-239       1.0963E+01  4.2539E-09
  pu-238       4.4194E-01  4.5092E-01
  pu-239       1.4547E+03  1.4657E+03
  pu-240       9.5908E+01  9.5898E+01
  pu-241       1.5028E+01  1.4316E+01
  pu-242       3.8066E-01  3.8068E-01
  am-241       2.7622E-01  9.8679E-01
  as-75        1.0944E-02  1.0946E-02
  ge-76        3.0681E-02  3.0681E-02
  se-77        7.7196E-02  7.7622E-02
  se-78        2.0628E-01  2.0635E-01
  se-79        4.5028E-01  4.5029E-01
  se-80        1.2494E+00  1.2494E+00
  br-81        2.0274E+00  2.0274E+00
  se-82        3.2694E+00  3.2694E+00
  kr-83        5.3122E+00  5.3149E+00
  kr-84        1.0368E+01  1.0369E+01
  kr-85        2.7494E+00  2.5790E+00
  rb-85        1.0585E+01  1.0761E+01
  kr-86        2.0176E+01  2.0176E+01
  rb-87        2.6601E+01  2.6605E+01
  sr-88        3.7310E+01  3.7322E+01
  sr-89        6.4278E+00  4.2858E-02
  y-89         4.3789E+01  5.0175E+01
  sr-90        6.0550E+01  5.9109E+01
  y-90         1.5447E-02  1.4994E-02
  zr-90        1.1153E+00  2.5563E+00
  sr-91        6.5104E-02  0.0000E+00
  y-91         9.5562E+00  1.2708E-01
  zr-91        5.4048E+01  6.3545E+01
  y-92         2.5248E-02  0.0000E+00
  zr-92        6.6942E+01  6.6986E+01
  y-93         7.8727E-02  0.0000E+00
  zr-93        7.1923E+01  7.2003E+01
  zr-94        7.4448E+01  7.4450E+01
  zr-95        1.2702E+01  2.4358E-01
  nb-95        6.9347E+00  2.9675E-01
  mo-95        6.3098E+01  8.2213E+01
  zr-96        7.6190E+01  7.6190E+01
  mo-96        2.5942E-01  2.5951E-01
  zr-97        1.3371E-01  0.0000E+00
  mo-97        7.3049E+01  7.3192E+01
  mo-98        7.2446E+01  7.2446E+01
  mo-99        5.6004E-01  0.0000E+00
  tc-99        7.5863E+01  7.6468E+01
  tc-99m       4.4826E-02  0.0000E+00
  mo-100       8.0766E+01  8.0766E+01
  ru-100       6.7992E-01  6.7992E-01
  ru-101       6.7832E+01  6.7836E+01
  ru-102       5.9254E+01  5.9255E+01
  ru-103       5.0437E+00  7.9618E-03
  rh-103       3.9769E+01  4.4809E+01
  ru-104       3.1121E+01  3.1122E+01
  pd-104       1.5196E+00  1.5196E+00
  rh-105       8.8599E-02  0.0000E+00
  pd-105       1.9100E+01  1.9200E+01
  ru-106       7.0262E+00  3.5560E+00
  pd-106       3.9752E+00  7.4454E+00
  pd-107       5.9552E+00  5.9556E+00
  pd-108       3.1759E+00  3.1759E+00
  ag-109       1.9692E+00  1.9741E+00
  pd-110       1.1089E+00  1.1089E+00
  cd-110       6.2889E-02  6.4136E-02
  cd-111       6.2220E-01  6.3910E-01
  cd-112       4.2053E-01  4.2190E-01
  cd-113       5.1068E-02  5.1234E-02
  cd-114       6.4080E-01  6.4080E-01
  in-115       2.6591E-01  2.7004E-01
  sn-115       1.4554E-02  1.4656E-02
  cd-116       3.1524E-01  3.1524E-01
  sn-116       2.7764E-02  2.7767E-02
  sn-117       2.9783E-01  2.9802E-01
  sn-118       2.9557E-01  2.9560E-01
  sn-119       2.9905E-01  3.0234E-01
  sn-120       3.0685E-01  3.0685E-01
  sn-121m      2.2066E-02  2.1720E-02
  sb-121       3.0108E-01  3.0238E-01
  sn-122       3.7446E-01  3.7446E-01
  sb-123       3.7797E-01  3.8695E-01
  sn-124       5.9466E-01  5.9466E-01
  sb-125       6.2343E-01  4.9120E-01
  te-125       1.1329E-01  2.5374E-01
  sn-126       1.1764E+00  1.1764E+00
  te-126       3.7599E-02  3.8122E-02
  sb-127       3.4007E-02  0.0000E+00
  te-127m      1.2456E-01  1.2783E-02
  i-127        2.8001E+00  2.9496E+00
  te-128       6.2772E+00  6.2785E+00
  xe-128       1.1780E-02  1.1781E-02
  te-129m      1.6368E-01  8.7815E-05
  i-129        1.0286E+01  1.0457E+01
  te-130       3.0820E+01  3.0821E+01
  xe-130       4.0932E-02  4.1031E-02
  te-131m      2.9297E-02  0.0000E+00
  i-131        1.0737E+00  2.2113E-14
  xe-131       4.7307E+01  4.8431E+01
  te-132       6.3291E-01  0.0000E+00
  xe-132       7.5479E+01  7.6131E+01
  i-133        2.6083E-01  0.0000E+00
  xe-133       1.5791E+00  2.0661E-21
  cs-133       1.1079E+02  1.1266E+02
  xe-134       1.3378E+02  1.3380E+02
  cs-134       1.0774E+00  7.7024E-01
  ba-134       1.8913E-01  4.9635E-01
  i-135        7.8980E-02  0.0000E+00
  xe-135       7.8355E-02  0.0000E+00
  cs-135       7.7062E+01  7.7220E+01
  xe-136       1.4741E+02  1.4741E+02
  ba-136       3.5624E-01  3.7533E-01
  cs-137       1.0639E+02  1.0397E+02
  ba-137       1.8580E+00  4.2819E+00
  ba-138       1.1698E+02  1.1699E+02
  la-139       1.1166E+02  1.1168E+02
  ba-140       3.6484E+00  8.7057E-09
  la-140       4.8163E-01  1.3195E-09
  ce-140       1.0553E+02  1.0966E+02
  la-141       4.4428E-02  0.0000E+00
  ce-141       8.8338E+00  3.6808E-03
  pr-141       9.5028E+01  1.0391E+02
  ce-142       1.0329E+02  1.0330E+02
  nd-142       1.3957E-01  1.4015E-01
  ce-143       3.7692E-01  0.0000E+00
  pr-143       3.7126E+00  3.2605E-08
  nd-143       9.8504E+01  1.0260E+02
  ce-144       5.3686E+01  2.2076E+01
  nd-144       4.6883E+01  7.8494E+01
  pr-145       4.6264E-02  0.0000E+00
  nd-145       7.0602E+01  7.0648E+01
  nd-146       5.6135E+01  5.6139E+01
  nd-147       1.2105E+00  1.1715E-10
  pm-147       3.1919E+01  2.5448E+01
  sm-147       6.7687E+00  1.4451E+01
  nd-148       3.2085E+01  3.2085E+01
  pm-148       2.9263E-02  1.5514E-06
  pm-148m      1.1381E-01  2.4719E-04
  sm-148       1.7512E+00  1.8940E+00
  pm-149       1.2978E-01  0.0000E+00
  sm-149       1.5531E+00  1.6871E+00
  nd-150       1.3590E+01  1.3590E+01
  sm-150       2.0102E+01  2.0102E+01
  pm-151       2.8988E-02  0.0000E+00
  sm-151       4.5940E+00  4.5878E+00
  eu-151       1.9280E-02  5.4752E-02
  sm-152       9.6267E+00  9.6271E+00
  sm-153       2.8894E-02  0.0000E+00
  eu-153       4.1813E+00  4.2103E+00
  sm-154       1.8806E+00  1.8806E+00
  eu-154       2.0276E-01  1.8706E-01
  gd-154       8.2736E-03  2.3971E-02
  eu-155       4.6966E-01  4.0597E-01
  gd-155       1.7112E-02  8.0857E-02
  eu-156       5.7450E-02  3.3527E-09
  gd-156       9.8835E-01  1.0465E+00
  gd-157       1.6105E-02  1.6686E-02
  gd-158       3.9644E-01  3.9646E-01
  tb-159       5.8726E-02  5.8899E-02
  gd-160       2.4799E-02  2.4799E-02
------------
  totals       1.0000E+06  1.0000E+06
=========================================================================================================================
.
.
*************************************************************************************************************************
********************                                                                                 ********************
********************                                                                                 ********************
********************                    Written F71 File Information                                 ********************
********************                                                                                 ********************
********************                                                                                 ********************
*************************************************************************************************************************
.
.
   pos         time        power         flux      fluence       energy libpos   case   step DCGNAB
   (-)          (s)         (MW)    (n/cm2-s)      (n/cm2)        (MWd)    (-)    (-)    (-)    (-)
     1  4.75200e+07  0.00000e+00  0.00000e+00  2.01570e+21  2.82828e+03      1      2      0 DC----
     2  7.90800e+07  0.00000e+00  0.00000e+00  2.01570e+21  2.82828e+03      1      2      1 DC----
    D - state definition present
    C - concentrations present
    G - gamma emission spectra present
    N - neutron emission spectra present
    A - alpha emission spectra present
    B - beta emission spectra present
.
.
.
=========================================================================================================================
ORIGEN finished successfully.
=========================================================================================================================
    module origen used 0.376746 seconds cpu time for the current pass.

    module origen is finished. completion code    0. total cpu time used 3.26573e-006 seconds.


    SCALE is finished on Wed Feb 13 18:27:06 2019.
-------------------------- Summary --------------------------
arp finished. used 1.89237 seconds.
origen finished. used 0.378757 seconds.
SCALE driver required a maximum of 8.297 MiB of RAM.
------------------------ End Summary ------------------------

w17x17_100d.f33 copied to C:\Users\Teddy\Desktop\scale_test\output\w17x17_100d.f33.
discharge.f71 copied to C:\Users\Teddy\Desktop\scale_test\output\discharge.f71.
