 *******************************************************************************
 *                                                                             *
 *                                 SCALE 6.2.2                                 *
 *                                -------------                                *
 *                                February 2019                                *
 *                                                                             *
 *           SCALE:  A Comprehensive Modeling and Simulation Suite             *
 *                   for Nuclear Safety Analysis and Design                    *
 *                                                                             *
 *                      Reactor and Nuclear Systems Division                   *
 *                        Oak Ridge National Laboratory                        *
 *                                                                             *
 *                           http://scale.ornl.gov                             *
 *                            scalehelp@ornl.gov                               *
 *                                                                             *
 *******************************************************************************
 *******************************************************************************
      
                  Job Information
                  ---------------
      Job started on DESKTOP-J14NAA6 on Wed 13/02/2019 18:29:54
      Working directory: C:\Users\Teddy\AppData\Local\Temp\scale.Teddy.13184
      Input file name  : C:\Users\Teddy\Desktop\scale_test\output\2.800000_38181.818182.inp
      Output file name : C:\Users\Teddy\Desktop\scale_test\output\2.800000_38181.818182.out
      SCALE executable : C:\SCALE-6.2.2/bin/scale
      
 *******************************************************************************


    module arp will be called on Wed Feb 13 18:29:54 2019.
    sequence specification record:=arp
Input Data:

      'library type
      w17x17
      2.800000
      ' num cycles
      1
      ' num days per cycle
      550
      ' cycle average specific power (MW / MTU)
      69.421488
      ' number of interpolated cross section sets generated per cycle
      1
      ' moderator density (g/cc)
      0.723
      ' interpolated output ORIGEN library
      w17x17_100d.f33
end

1






        ************************************************************************************************************************
        ************************************************************************************************************************
        ************************************************************************************************************************
        *****                                                                                                              *****
        *****                                       program verification information                                       *****
        *****                                                                                                              *****
        *****                                   code system:  SCALE    version:  6.2                                       *****
        *****                                                                                                              *****
        ************************************************************************************************************************
        ************************************************************************************************************************
        *****                                                                                                              *****
        *****                                                                                                              *****
        *****              program:  arp.exe                                                                               *****
        *****                                                                                                              *****
        *****        creation date:   unknown                                                                              *****
        *****                                                                                                              *****
        *****              library:  C:\SCALE-6.2.2\bin                                                                    *****
        *****                                                                                                              *****
        *****                                                                                                              *****
        *****            prod code:  arp.exe                                                                               *****
        *****                                                                                                              *****
        *****              version:  6.2.2                                                                                 *****
        *****                                                                                                              *****
        *****              jobname:  Teddy                                                                                 *****
        *****                                                                                                              *****
        *****         machine name:  DESKTOP-J14NAA6                                                                       *****
        *****                                                                                                              *****
        *****    date of execution:  13_feb_2019                                                                           *****
        *****                                                                                                              *****
        *****    time of execution:  18:29:54.66                                                                           *****
        *****                                                                                                              *****
        *****                                                                                                              *****
        ************************************************************************************************************************
        ************************************************************************************************************************
        ************************************************************************************************************************


 'library type
    data library:       w17x17
       directory:       C:/SCALE-6.2.2/data/\arplibs
       definition:      C:/SCALE-6.2.2/data/\arpdata.txt
    u-235 enrichment:                        2.800

 ' num cycles
    number of cycles:                            1

 ' num days per cycle

 ' cycle average specific power (MW / MTU)

 ' number of interpolated cross section sets generated per cycle

 ' moderator density (g/cc)
    water density (g/cm3):                  0.7230
                                         cycle        cumulative      midpoint
   cycle time(d)        power(MW)      burnup(MWd/MTU)burnup(MWd/MTU)burnup(MWd/MTU)nlib
     1    550.000        69.4215        38181.8        38181.8        19090.9             1

 ' interpolated output ORIGEN library
    interpolated library name:                   w17x17_100d.f33
 interpolation type: spline
 Cross section library interpolation completed.
.
.
.
=========================================================================================================================
ARP finished successfully.
=========================================================================================================================
    module arp used 1.91099 seconds cpu time for the current pass.

    module arp is finished. completion code    0. total cpu time used 1.11968e-005 seconds.



    module origen will be called on Wed Feb 13 18:29:56 2019.
    sequence specification record:=origen
Input Data:

      case(irrad) {
          lib{
              file="w17x17_100d.f33" pos=1
          }
          mat {
              units=GRAMS
              iso=[u235=28000.000000 u238=972000.000000]
          }
          time = [ 550 ]
          power = [ 69.421488 ]
      }
      case (decay) {
          time {
              units=YEARS
              start=0
              t=[1]
          }
          save{ file="discharge.f71" steps=[0 LAST]}
      }
end

1






        ************************************************************************************************************************
        ************************************************************************************************************************
        ************************************************************************************************************************
        *****                                                                                                              *****
        *****                                       program verification information                                       *****
        *****                                                                                                              *****
        *****                                   code system:  SCALE    version:  6.2                                       *****
        *****                                                                                                              *****
        ************************************************************************************************************************
        ************************************************************************************************************************
        *****                                                                                                              *****
        *****                                                                                                              *****
        *****              program:  origen.exe                                                                            *****
        *****                                                                                                              *****
        *****        creation date:   unknown                                                                              *****
        *****                                                                                                              *****
        *****              library:  C:\SCALE-6.2.2\bin                                                                    *****
        *****                                                                                                              *****
        *****                                                                                                              *****
        *****            prod code:  origen.exe                                                                            *****
        *****                                                                                                              *****
        *****              version:  6.2.2                                                                                 *****
        *****                                                                                                              *****
        *****              jobname:  Teddy                                                                                 *****
        *****                                                                                                              *****
        *****         machine name:  DESKTOP-J14NAA6                                                                       *****
        *****                                                                                                              *****
        *****    date of execution:  13_feb_2019                                                                           *****
        *****                                                                                                              *****
        *****    time of execution:  18:29:56.59                                                                           *****
        *****                                                                                                              *****
        *****                                                                                                              *****
        ************************************************************************************************************************
        ************************************************************************************************************************
        ************************************************************************************************************************

*************************************************************************************************************************
********************                                                                                 ********************
********************                                                                                 ********************
********************                    USER INPUT SUMMARY                                           ********************
********************                                                                                 ********************
********************                                                                                 ********************
*************************************************************************************************************************
.
.
=========================================================================================================================
=   Case "irrad" (#1/2)                                                                                                 =
-------------------------------------------------------------------------------------------------------------------------
###   Library settings                                                                                                ###
.
                                Library file name:     C:/Users/Teddy/AppData/Local/Temp/scale.Teddy.13184/w17x17_100d.f33
                             Library set position:              1
                 Fission product reaction removal:             no
-------------------------------------------------------------------------------------------------------------------------
###   Global settings                                                                                                 ###
.
                                           Solver:              MATREX
                                             Mode:        forward
                             Fixed fission energy:             no
-------------------------------------------------------------------------------------------------------------------------
###   Concentrations output options                                                                                   ###
.
                            High-precision output:             no
                                  Relative cutoff:            yes
                         Step for applying cutoff:       integral
.
                      light els.   actinides  fis.prods.       total
                       nuc    el   nuc    el   nuc    el   nuc    el             cutoff
gram-atoms                                                                    1.000E-06
grams                                                      **                 1.000E-06
curies                                                                        1.000E-06
watts                                                                         1.000E-06
gamma watts                                                                   1.000E-06
m3 air                                                                        1.000E-06
m3 water                                                                      1.000E-06
grams ppm                                                                     1.000E-06
atoms ppm                                                                     1.000E-06
atoms/barn-cm                                                                 1.000E-06
becquerels                                                                    1.000E-06
-------------------------------------------------------------------------------------------------------------------------
###   Additional output options                                                                                       ###
.
                                      Print k-inf:             no
           Nuclides for absorption fraction print:           none
                              Print fission rates:             no
            Step for sorting absorption fractions:              1
=========================================================================================================================
=   Case "decay" (#2/2)                                                                                                 =
-------------------------------------------------------------------------------------------------------------------------
###   Library settings                                                                                                ###
.
                                Library file name:     C:/Users/Teddy/AppData/Local/Temp/scale.Teddy.13184/w17x17_100d.f33
                             Library set position:              1
                 Fission product reaction removal:             no
-------------------------------------------------------------------------------------------------------------------------
###   Global settings                                                                                                 ###
.
                                           Solver:              MATREX
                                             Mode:        forward
                             Fixed fission energy:             no
-------------------------------------------------------------------------------------------------------------------------
###   Concentrations output options                                                                                   ###
.
                            High-precision output:             no
                                  Relative cutoff:            yes
                         Step for applying cutoff:       integral
.
                      light els.   actinides  fis.prods.       total
                       nuc    el   nuc    el   nuc    el   nuc    el             cutoff
gram-atoms                                                                    1.000E-06
grams                                                      **                 1.000E-06
curies                                                                        1.000E-06
watts                                                                         1.000E-06
gamma watts                                                                   1.000E-06
m3 air                                                                        1.000E-06
m3 water                                                                      1.000E-06
grams ppm                                                                     1.000E-06
atoms ppm                                                                     1.000E-06
atoms/barn-cm                                                                 1.000E-06
becquerels                                                                    1.000E-06
-------------------------------------------------------------------------------------------------------------------------
###   Additional output options                                                                                       ###
.
                                      Print k-inf:             no
           Nuclides for absorption fraction print:           none
                              Print fission rates:             no
            Step for sorting absorption fractions:              1
=========================================================================================================================
###   Blending information                                                                                            ###
.
  --- no blending requested in this job ---
=========================================================================================================================
.
.
=========================================================================================================================
=   History overview for case 'irrad' (#1/2)                                                                            =
-------------------------------------------------------------------------------------------------------------------------
   step          t0          t1          dt           t        flux     fluence       power      energy
    (-)         (d)         (d)         (s)         (s)   (n/cm2-s)     (n/cm2)        (MW)       (MWd)
      1      0.0000    550.0000  4.7520E+07  4.7520E+07  7.0816E+14  3.3652E+22  6.9421E+01  3.8182E+04
          
              step - step index within this case
                t0 - time at beginning-of-step in input units
                t1 - time at end-of-step in input units
                dt - length of step in seconds
                 t - end-of-step cumulative time in seconds
              flux - flux in neutrons/cm^2-sec (CALCULATED)
           fluence - cumulative end-of-step fluence in neutrons/cm^2 (CALCULATED)
             power - power in mega-watts (INPUT)     
            energy - cumulative end-of-step energy released in mega-watt-days (INPUT)     
=========================================================================================================================
.
.
.
.
.
*************************************************************************************************************************
********************                                                                                 ********************
********************                                                                                 ********************
********************                    Library information                                          ********************
********************                                                                                 ********************
********************                                                                                 ********************
*************************************************************************************************************************
.
.
=========================================================================================================================
=   Library summary for case 'irrad' (#1/2)                                                                             =
-------------------------------------------------------------------------------------------------------------------------
filename: C:/Users/Teddy/AppData/Local/Temp/scale.Teddy.13184/w17x17_100d.f33 cross-section data taken from position number: 1
library title delimited by {}: 
{}
date library was produced: 538976288/538976288/538976288
total number of nuclides in library: 2237
number of light-element nuclides: 910
number of actinide nuclides: 176
number of fission product nuclides: 1151
number of nonzero off-diagonal matrix elements: 54564
=========================================================================================================================
.
.
*************************************************************************************************************************
********************                                                                                 ********************
********************                                                                                 ********************
********************                    Concentration tables                                         ********************
********************                                                                                 ********************
********************                                                                                 ********************
*************************************************************************************************************************
.
.
=========================================================================================================================
=   Nuclide concentrations in grams for case 'irrad' (#1/2)                                                             =
-------------------------------------------------------------------------------------------------------------------------
  (relative cutoff; integral of concentrations over time >   1.00E-06 % of integral of all concentrations over time)
.
                   0.000d    550.000d   
  h-3          0.0000E+00  6.1707E-02
  he-4         0.0000E+00  1.5824E+00
  u-234        0.0000E+00  1.8258E+00
  u-235        2.8000E+04  4.6407E+03
  u-236        0.0000E+00  3.7330E+03
  u-237        0.0000E+00  1.7291E+01
  u-238        9.7200E+05  9.3978E+05
  u-239        0.0000E+00  1.2159E+00
  np-237       0.0000E+00  4.5753E+02
  np-238       0.0000E+00  2.8611E+00
  np-239       0.0000E+00  1.7521E+02
  pu-238       0.0000E+00  1.9682E+02
  pu-239       0.0000E+00  5.2378E+03
  pu-240       0.0000E+00  2.3328E+03
  pu-241       0.0000E+00  1.7513E+03
  pu-242       0.0000E+00  8.7293E+02
  pu-243       0.0000E+00  4.7896E-01
  pu-244       0.0000E+00  8.5020E-02
  am-241       0.0000E+00  2.4635E+01
  am-242m      0.0000E+00  4.1604E-01
  am-242       0.0000E+00  1.5689E-01
  am-243       0.0000E+00  1.9313E+02
  am-244       0.0000E+00  2.5891E-02
  cm-242       0.0000E+00  1.6243E+01
  cm-243       0.0000E+00  4.6202E-01
  cm-244       0.0000E+00  8.2856E+01
  cm-245       0.0000E+00  4.8731E+00
  cm-246       0.0000E+00  6.4130E-01
  ge-73        0.0000E+00  2.4974E-02
  ge-74        0.0000E+00  6.3871E-02
  as-75        0.0000E+00  1.4765E-01
  ge-76        0.0000E+00  3.8257E-01
  se-77        0.0000E+00  8.8099E-01
  se-78        0.0000E+00  2.6306E+00
  se-79        0.0000E+00  5.5407E+00
  se-80        0.0000E+00  1.4268E+01
  br-81        0.0000E+00  2.3875E+01
  se-82        0.0000E+00  3.7605E+01
  kr-82        0.0000E+00  8.8318E-01
  kr-83        0.0000E+00  4.2338E+01
  kr-84        0.0000E+00  1.2409E+02
  kr-85        0.0000E+00  2.8011E+01
  kr-85m       0.0000E+00  4.2775E-02
  rb-85        0.0000E+00  1.0663E+02
  kr-86        0.0000E+00  2.0076E+02
  rb-86        0.0000E+00  4.8374E-02
  sr-86        0.0000E+00  5.3954E-01
  kr-87        0.0000E+00  2.3274E-02
  rb-87        0.0000E+00  2.6367E+02
  kr-88        0.0000E+00  6.9401E-02
  sr-88        0.0000E+00  3.6518E+02
  sr-89        0.0000E+00  4.0194E+01
  y-89         0.0000E+00  4.5973E+02
  sr-90        0.0000E+00  5.8707E+02
  y-90         0.0000E+00  1.6293E-01
  zr-90        0.0000E+00  1.3519E+01
  sr-91        0.0000E+00  4.4428E-01
  y-91         0.0000E+00  7.2273E+01
  y-91m        0.0000E+00  2.2497E-02
  zr-91        0.0000E+00  5.7028E+02
  sr-92        0.0000E+00  1.4155E-01
  y-92         0.0000E+00  1.8702E-01
  zr-92        0.0000E+00  7.0835E+02
  y-93         0.0000E+00  6.4255E-01
  zr-93        0.0000E+00  7.9178E+02
  y-94         0.0000E+00  2.1428E-02
  zr-94        0.0000E+00  8.6035E+02
  zr-95        0.0000E+00  1.2584E+02
  nb-95        0.0000E+00  6.8363E+01
  nb-95m       0.0000E+00  7.6773E-02
  mo-95        0.0000E+00  7.2766E+02
  zr-96        0.0000E+00  9.2581E+02
  mo-96        0.0000E+00  4.9606E+01
  zr-97        0.0000E+00  1.4048E+00
  nb-97        0.0000E+00  1.0163E-01
  mo-97        0.0000E+00  9.2915E+02
  mo-98        0.0000E+00  9.7438E+02
  mo-99        0.0000E+00  6.4548E+00
  tc-99        0.0000E+00  9.1087E+02
  tc-99m       0.0000E+00  5.1937E-01
  ru-99        0.0000E+00  3.3450E-02
  mo-100       0.0000E+00  1.1092E+03
  ru-100       0.0000E+00  1.3408E+02
  mo-101       0.0000E+00  2.3328E-02
  tc-101       0.0000E+00  2.2697E-02
  ru-101       0.0000E+00  9.2372E+02
  ru-102       0.0000E+00  9.8344E+02
  ru-103       0.0000E+00  9.4759E+01
  rh-103       0.0000E+00  5.2858E+02
  rh-103m      0.0000E+00  9.3055E-02
  tc-104       0.0000E+00  2.7064E-02
  ru-104       0.0000E+00  7.3318E+02
  pd-104       0.0000E+00  3.3629E+02
  ru-105       0.0000E+00  3.4838E-01
  rh-105       0.0000E+00  2.3388E+00
  pd-105       0.0000E+00  4.7762E+02
  ru-106       0.0000E+00  3.0022E+02
  pd-106       0.0000E+00  2.7483E+02
  pd-107       0.0000E+00  3.1529E+02
  pd-108       0.0000E+00  2.1157E+02
  pd-109       0.0000E+00  3.8587E-01
  ag-109       0.0000E+00  1.0822E+02
  pd-110       0.0000E+00  7.0451E+01
  ag-110m      0.0000E+00  1.1065E+00
  cd-110       0.0000E+00  5.7167E+01
  ag-111       0.0000E+00  9.6153E-01
  cd-111       0.0000E+00  3.4409E+01
  pd-112       0.0000E+00  4.7891E-02
  cd-112       0.0000E+00  1.7612E+01
  cd-113       0.0000E+00  1.2418E-01
  cd-114       0.0000E+00  1.9937E+01
  cd-115       0.0000E+00  4.2366E-02
  cd-115m      0.0000E+00  5.2556E-02
  in-115       0.0000E+00  2.0601E+00
  sn-115       0.0000E+00  3.0359E-01
  cd-116       0.0000E+00  7.0961E+00
  sn-116       0.0000E+00  4.5818E+00
  sn-117       0.0000E+00  6.4085E+00
  sn-118       0.0000E+00  5.9568E+00
  sn-119       0.0000E+00  5.7207E+00
  sn-119m      0.0000E+00  1.0872E-01
  sn-120       0.0000E+00  5.8997E+00
  sn-121m      0.0000E+00  4.6890E-01
  sb-121       0.0000E+00  5.5660E+00
  sn-122       0.0000E+00  7.5404E+00
  te-122       0.0000E+00  4.8031E-01
  sn-123       0.0000E+00  3.7347E-01
  sb-123       0.0000E+00  7.0026E+00
  sn-124       0.0000E+00  1.1906E+01
  sb-124       0.0000E+00  1.0003E-01
  te-124       0.0000E+00  2.8381E-01
  sn-125       0.0000E+00  1.8890E-01
  sb-125       0.0000E+00  1.3360E+01
  te-125       0.0000E+00  2.4062E+00
  te-125m      0.0000E+00  1.5109E-01
  sn-126       0.0000E+00  2.6214E+01
  te-126       0.0000E+00  6.3400E-01
  sb-127       0.0000E+00  6.8334E-01
  te-127       0.0000E+00  6.0109E-02
  te-127m      0.0000E+00  8.4455E-01
  i-127        0.0000E+00  5.2769E+01
  te-128       0.0000E+00  1.1904E+02
  xe-128       0.0000E+00  3.8514E+00
  sb-129       0.0000E+00  9.7219E-02
  te-129       0.0000E+00  2.4422E-02
  te-129m      0.0000E+00  2.9080E+00
  i-129        0.0000E+00  1.9350E+02
  xe-129       0.0000E+00  3.0794E-02
  te-130       0.0000E+00  4.5246E+02
  i-130        0.0000E+00  2.3884E-02
  xe-130       0.0000E+00  9.7590E+00
  sb-131       0.0000E+00  2.1378E-02
  te-131       0.0000E+00  2.5683E-02
  te-131m      0.0000E+00  4.9357E-01
  i-131        0.0000E+00  1.4041E+01
  xe-131       0.0000E+00  4.7570E+02
  xe-131m      0.0000E+00  2.4963E-01
  te-132       0.0000E+00  7.8709E+00
  i-132        0.0000E+00  2.4202E-01
  xe-132       0.0000E+00  1.3468E+03
  te-133m      0.0000E+00  6.4464E-02
  i-133        0.0000E+00  3.0260E+00
  xe-133       0.0000E+00  1.8301E+01
  xe-133m      0.0000E+00  2.4017E-01
  cs-133       0.0000E+00  1.2812E+03
  te-134       0.0000E+00  8.5426E-02
  i-134        0.0000E+00  1.4198E-01
  xe-134       0.0000E+00  1.7943E+03
  cs-134       0.0000E+00  1.9257E+02
  ba-134       0.0000E+00  3.6644E+01
  i-135        0.0000E+00  9.3405E-01
  xe-135       0.0000E+00  1.8066E-01
  cs-135       0.0000E+00  2.3006E+02
  ba-135       0.0000E+00  2.7640E-01
  xe-136       0.0000E+00  2.9826E+03
  cs-136       0.0000E+00  8.4048E-01
  ba-136       0.0000E+00  1.7049E+01
  cs-137       0.0000E+00  1.4672E+03
  ba-137       0.0000E+00  2.7199E+01
  xe-138       0.0000E+00  2.9132E-02
  cs-138       0.0000E+00  7.6131E-02
  ba-138       0.0000E+00  1.5204E+03
  ba-139       0.0000E+00  1.8152E-01
  la-139       0.0000E+00  1.4178E+03
  ba-140       0.0000E+00  3.8572E+01
  la-140       0.0000E+00  5.2790E+00
  ce-140       0.0000E+00  1.4041E+03
  ba-141       0.0000E+00  3.6112E-02
  la-141       0.0000E+00  4.6875E-01
  ce-141       0.0000E+00  9.1906E+01
  pr-141       0.0000E+00  1.2463E+03
  la-142       0.0000E+00  1.7361E-01
  ce-142       0.0000E+00  1.3143E+03
  pr-142       0.0000E+00  1.1728E-01
  nd-142       0.0000E+00  2.9500E+01
  la-143       0.0000E+00  2.5705E-02
  ce-143       0.0000E+00  3.6183E+00
  pr-143       0.0000E+00  3.5250E+01
  nd-143       0.0000E+00  8.1234E+02
  ce-144       0.0000E+00  5.9775E+02
  pr-144       0.0000E+00  2.5550E-02
  nd-144       0.0000E+00  9.9524E+02
  pr-145       0.0000E+00  4.5871E-01
  nd-145       0.0000E+00  7.5612E+02
  pr-146       0.0000E+00  2.5403E-02
  nd-146       0.0000E+00  8.2502E+02
  nd-147       0.0000E+00  1.2958E+01
  pm-147       0.0000E+00  2.0535E+02
  sm-147       0.0000E+00  4.3624E+01
  nd-148       0.0000E+00  4.5148E+02
  pm-148       0.0000E+00  2.4799E+00
  pm-148m      0.0000E+00  1.6447E+00
  sm-148       0.0000E+00  1.5286E+02
  nd-149       0.0000E+00  5.4450E-02
  pm-149       0.0000E+00  2.5946E+00
  sm-149       0.0000E+00  2.1617E+00
  nd-150       0.0000E+00  2.1903E+02
  sm-150       0.0000E+00  3.7528E+02
  pm-151       0.0000E+00  5.0141E-01
  sm-151       0.0000E+00  1.2324E+01
  sm-152       0.0000E+00  1.2191E+02
  sm-153       0.0000E+00  2.1519E+00
  eu-153       0.0000E+00  1.4425E+02
  sm-154       0.0000E+00  5.3382E+01
  eu-154       0.0000E+00  3.7910E+01
  gd-154       0.0000E+00  1.8401E+00
  eu-155       0.0000E+00  1.2895E+01
  gd-155       0.0000E+00  4.6677E-02
  sm-156       0.0000E+00  2.5089E-02
  eu-156       0.0000E+00  1.3351E+01
  gd-156       0.0000E+00  1.6093E+02
  eu-157       0.0000E+00  5.7150E-02
  gd-157       0.0000E+00  1.5900E-01
  gd-158       0.0000E+00  3.3603E+01
  tb-159       0.0000E+00  3.6832E+00
  gd-160       0.0000E+00  1.5743E+00
  tb-160       0.0000E+00  2.0790E-01
  dy-160       0.0000E+00  2.6150E-01
  tb-161       0.0000E+00  2.9700E-02
  dy-161       0.0000E+00  5.1384E-01
  dy-162       0.0000E+00  4.1072E-01
  dy-163       0.0000E+00  3.4088E-01
  dy-164       0.0000E+00  7.4368E-02
  ho-165       0.0000E+00  1.4963E-01
  er-166       0.0000E+00  4.5439E-02
------------
  totals       1.0000E+06  1.0003E+06
=========================================================================================================================
.
.
=========================================================================================================================
=   History overview for case 'decay' (#2/2)                                                                            =
-------------------------------------------------------------------------------------------------------------------------
   step          t0          t1          dt           t        flux     fluence       power      energy
    (-)         (y)         (y)         (s)         (s)   (n/cm2-s)     (n/cm2)        (MW)       (MWd)
      1      1.5057      2.5057  3.1560E+07  7.9080E+07  0.0000E+00  3.3652E+22  0.0000E+00  3.8182E+04
          
              step - step index within this case
                t0 - time at beginning-of-step in input units
                t1 - time at end-of-step in input units
                dt - length of step in seconds
                 t - end-of-step cumulative time in seconds
              flux - flux in neutrons/cm^2-sec (CALCULATED)
           fluence - cumulative end-of-step fluence in neutrons/cm^2 (CALCULATED)
             power - power in mega-watts (INPUT)     
            energy - cumulative end-of-step energy released in mega-watt-days (INPUT)     
=========================================================================================================================
.
.
.
.
.
*************************************************************************************************************************
********************                                                                                 ********************
********************                                                                                 ********************
********************                    Library information                                          ********************
********************                                                                                 ********************
********************                                                                                 ********************
*************************************************************************************************************************
.
.
=========================================================================================================================
=   Library summary for case 'decay' (#2/2)                                                                             =
-------------------------------------------------------------------------------------------------------------------------
filename: C:/Users/Teddy/AppData/Local/Temp/scale.Teddy.13184/w17x17_100d.f33 cross-section data taken from position number: 1
library title delimited by {}: 
{}
date library was produced: 538976288/538976288/538976288
total number of nuclides in library: 2237
number of light-element nuclides: 910
number of actinide nuclides: 176
number of fission product nuclides: 1151
number of nonzero off-diagonal matrix elements: 54564
=========================================================================================================================
.
.
*************************************************************************************************************************
********************                                                                                 ********************
********************                                                                                 ********************
********************                    Concentration tables                                         ********************
********************                                                                                 ********************
********************                                                                                 ********************
*************************************************************************************************************************
.
.
=========================================================================================================================
=   Nuclide concentrations in grams for case 'decay' (#2/2)                                                             =
-------------------------------------------------------------------------------------------------------------------------
  (relative cutoff; integral of concentrations over time >   1.00E-06 % of integral of all concentrations over time)
.
                   1.506y      2.506y   
  h-3          6.1707E-02  5.8331E-02
  he-4         1.5824E+00  1.8835E+00
  u-234        1.8258E+00  3.4329E+00
  u-235        4.6407E+03  4.6408E+03
  u-236        3.7330E+03  3.7333E+03
  u-237        1.7291E+01  5.2050E-05
  u-238        9.3978E+05  9.3978E+05
  u-239        1.2159E+00  0.0000E+00
  np-237       4.5753E+02  4.7493E+02
  np-238       2.8611E+00  7.6825E-08
  np-239       1.7521E+02  1.6664E-04
  pu-238       1.9682E+02  2.1074E+02
  pu-239       5.2378E+03  5.4141E+03
  pu-240       2.3328E+03  2.3356E+03
  pu-241       1.7513E+03  1.6684E+03
  pu-242       8.7293E+02  8.7295E+02
  pu-243       4.7896E-01  2.7524E-13
  pu-244       8.5020E-02  8.5026E-02
  am-241       2.4635E+01  1.0746E+02
  am-242m      4.1604E-01  4.1400E-01
  am-242       1.5689E-01  5.3415E-06
  am-243       1.9313E+02  1.9359E+02
  am-244       2.5891E-02  1.5790E-14
  cm-242       1.6243E+01  3.4624E+00
  cm-243       4.6202E-01  4.5115E-01
  cm-244       8.2856E+01  7.9785E+01
  cm-245       4.8731E+00  4.8727E+00
  cm-246       6.4130E-01  6.4120E-01
  ge-72        1.0818E-02  1.0892E-02
  ge-73        2.4974E-02  2.4987E-02
  ge-74        6.3871E-02  6.3872E-02
  as-75        1.4765E-01  1.4767E-01
  ge-76        3.8257E-01  3.8257E-01
  se-77        8.8099E-01  8.8492E-01
  se-78        2.6306E+00  2.6313E+00
  se-79        5.5407E+00  5.5408E+00
  se-80        1.4268E+01  1.4268E+01
  br-81        2.3875E+01  2.3876E+01
  se-82        3.7605E+01  3.7605E+01
  kr-82        8.8318E-01  8.8948E-01
  kr-83        4.2338E+01  4.2359E+01
  kr-84        1.2409E+02  1.2409E+02
  kr-85        2.8011E+01  2.6271E+01
  kr-85m       4.2775E-02  0.0000E+00
  rb-85        1.0663E+02  1.0841E+02
  kr-86        2.0076E+02  2.0076E+02
  rb-86        4.8374E-02  6.0617E-08
  sr-86        5.3954E-01  5.8791E-01
  kr-87        2.3274E-02  0.0000E+00
  rb-87        2.6367E+02  2.6369E+02
  kr-88        6.9401E-02  0.0000E+00
  sr-88        3.6518E+02  3.6525E+02
  sr-89        4.0194E+01  2.6800E-01
  y-89         4.5973E+02  4.9967E+02
  sr-90        5.8707E+02  5.7311E+02
  y-90         1.6293E-01  1.4538E-01
  zr-90        1.3519E+01  2.7503E+01
  sr-91        4.4428E-01  0.0000E+00
  y-91         7.2273E+01  9.6039E-01
  y-91m        2.2497E-02  0.0000E+00
  zr-91        5.7028E+02  6.4206E+02
  sr-92        1.4155E-01  0.0000E+00
  y-92         1.8702E-01  0.0000E+00
  zr-92        7.0835E+02  7.0868E+02
  y-93         6.4255E-01  0.0000E+00
  zr-93        7.9178E+02  7.9243E+02
  y-94         2.1428E-02  0.0000E+00
  zr-94        8.6035E+02  8.6037E+02
  mo-94        1.0605E-02  1.0605E-02
  zr-95        1.2584E+02  2.4132E+00
  nb-95        6.8363E+01  2.9398E+00
  nb-95m       7.6773E-02  1.5574E-03
  mo-95        7.2766E+02  9.1669E+02
  zr-96        9.2581E+02  9.2581E+02
  mo-96        4.9606E+01  4.9617E+01
  zr-97        1.4048E+00  0.0000E+00
  nb-97        1.0163E-01  0.0000E+00
  mo-97        9.2915E+02  9.3066E+02
  mo-98        9.7438E+02  9.7438E+02
  mo-99        6.4548E+00  0.0000E+00
  tc-99        9.1087E+02  9.1784E+02
  tc-99m       5.1937E-01  0.0000E+00
  ru-99        3.3450E-02  3.6693E-02
  mo-100       1.1092E+03  1.1092E+03
  ru-100       1.3408E+02  1.3408E+02
  mo-101       2.3328E-02  0.0000E+00
  tc-101       2.2697E-02  0.0000E+00
  ru-101       9.2372E+02  9.2376E+02
  ru-102       9.8344E+02  9.8346E+02
  ru-103       9.4759E+01  1.4958E-01
  rh-103       5.2858E+02  6.2328E+02
  rh-103m      9.3055E-02  1.4693E-04
  tc-104       2.7064E-02  0.0000E+00
  ru-104       7.3318E+02  7.3321E+02
  pd-104       3.3629E+02  3.3629E+02
  ru-105       3.4838E-01  0.0000E+00
  rh-105       2.3388E+00  0.0000E+00
  pd-105       4.7762E+02  4.8031E+02
  ru-106       3.0022E+02  1.5194E+02
  pd-106       2.7483E+02  4.2311E+02
  pd-107       3.1529E+02  3.1531E+02
  pd-108       2.1157E+02  2.1157E+02
  pd-109       3.8587E-01  0.0000E+00
  ag-109       1.0822E+02  1.0861E+02
  pd-110       7.0451E+01  7.0451E+01
  ag-110m      1.1065E+00  4.0150E-01
  cd-110       5.7167E+01  5.7872E+01
  ag-111       9.6153E-01  1.6754E-15
  cd-111       3.4409E+01  3.5372E+01
  pd-112       4.7891E-02  0.0000E+00
  cd-112       1.7612E+01  1.7667E+01
  cd-113       1.2418E-01  1.2974E-01
  cd-114       1.9937E+01  1.9937E+01
  cd-115       4.2366E-02  0.0000E+00
  cd-115m      5.2556E-02  1.7908E-04
  in-115       2.0601E+00  2.1564E+00
  sn-115       3.0359E-01  3.0590E-01
  cd-116       7.0961E+00  7.0962E+00
  sn-116       4.5818E+00  4.5822E+00
  sn-117       6.4085E+00  6.4125E+00
  sn-118       5.9568E+00  5.9574E+00
  sn-119       5.7207E+00  5.7837E+00
  sn-119m      1.0872E-01  4.5818E-02
  sn-120       5.8997E+00  5.8997E+00
  sn-121m      4.6890E-01  4.6156E-01
  sb-121       5.5660E+00  5.5918E+00
  sn-122       7.5404E+00  7.5406E+00
  te-122       4.8031E-01  4.8741E-01
  sn-123       3.7347E-01  5.2622E-02
  sb-123       7.0026E+00  7.3240E+00
  sn-124       1.1906E+01  1.1906E+01
  sb-124       1.0003E-01  1.4912E-03
  te-124       2.8381E-01  3.8234E-01
  sn-125       1.8890E-01  7.4055E-13
  sb-125       1.3360E+01  1.0540E+01
  te-125       2.4062E+00  5.4200E+00
  te-125m      1.5109E-01  1.4648E-01
  sn-126       2.6214E+01  2.6214E+01
  te-126       6.3400E-01  6.4412E-01
  sb-127       6.8334E-01  0.0000E+00
  te-127       6.0109E-02  3.3033E-04
  te-127m      8.4455E-01  9.4355E-02
  i-127        5.2769E+01  5.4272E+01
  te-128       1.1904E+02  1.1906E+02
  xe-128       3.8514E+00  3.8517E+00
  sb-129       9.7219E-02  0.0000E+00
  te-129       2.4422E-02  1.4161E-06
  te-129m      2.9080E+00  1.5603E-03
  i-129        1.9350E+02  1.9653E+02
  xe-129       3.0794E-02  3.1056E-02
  te-130       4.5246E+02  4.5247E+02
  i-130        2.3884E-02  0.0000E+00
  xe-130       9.7590E+00  9.7831E+00
  sb-131       2.1378E-02  0.0000E+00
  te-131       2.5683E-02  0.0000E+00
  te-131m      4.9357E-01  0.0000E+00
  i-131        1.4041E+01  2.9174E-13
  xe-131       4.7570E+02  4.9053E+02
  xe-131m      2.4963E-01  3.8340E-10
  te-132       7.8709E+00  0.0000E+00
  i-132        2.4202E-01  0.0000E+00
  xe-132       1.3468E+03  1.3549E+03
  te-133m      6.4464E-02  0.0000E+00
  i-133        3.0260E+00  0.0000E+00
  xe-133       1.8301E+01  2.3967E-20
  xe-133m      2.4017E-01  0.0000E+00
  cs-133       1.2812E+03  1.3029E+03
  te-134       8.5426E-02  0.0000E+00
  i-134        1.4198E-01  0.0000E+00
  xe-134       1.7943E+03  1.7945E+03
  cs-134       1.9257E+02  1.3767E+02
  ba-134       3.6644E+01  9.1557E+01
  i-135        9.3405E-01  0.0000E+00
  xe-135       1.8066E-01  0.0000E+00
  cs-135       2.3006E+02  2.3118E+02
  ba-135       2.7640E-01  2.7671E-01
  xe-136       2.9826E+03  2.9826E+03
  cs-136       8.4048E-01  3.7057E-09
  ba-136       1.7049E+01  1.7890E+01
  cs-137       1.4672E+03  1.4338E+03
  ba-137       2.7199E+01  6.0625E+01
  xe-138       2.9132E-02  0.0000E+00
  cs-138       7.6131E-02  0.0000E+00
  ba-138       1.5204E+03  1.5206E+03
  la-138       1.7562E-02  1.7562E-02
  ba-139       1.8152E-01  0.0000E+00
  la-139       1.4178E+03  1.4180E+03
  ba-140       3.8572E+01  9.2040E-08
  la-140       5.2790E+00  1.3950E-08
  ce-140       1.4041E+03  1.4480E+03
  ba-141       3.6112E-02  0.0000E+00
  la-141       4.6875E-01  0.0000E+00
  ce-141       9.1906E+01  3.8298E-02
  pr-141       1.2463E+03  1.3387E+03
  la-142       1.7361E-01  0.0000E+00
  ce-142       1.3143E+03  1.3145E+03
  pr-142       1.1728E-01  0.0000E+00
  nd-142       2.9500E+01  2.9617E+01
  la-143       2.5705E-02  0.0000E+00
  ce-143       3.6183E+00  0.0000E+00
  pr-143       3.5250E+01  3.0993E-07
  nd-143       8.1234E+02  8.5123E+02
  ce-144       5.9775E+02  2.4579E+02
  pr-144       2.5550E-02  1.0353E-02
  nd-144       9.9524E+02  1.3472E+03
  pr-145       4.5871E-01  0.0000E+00
  nd-145       7.5612E+02  7.5658E+02
  pr-146       2.5403E-02  0.0000E+00
  nd-146       8.2502E+02  8.2506E+02
  nd-147       1.2958E+01  1.2541E-09
  pm-147       2.0535E+02  1.6774E+02
  sm-147       4.3624E+01  9.4205E+01
  nd-148       4.5148E+02  4.5148E+02
  pm-148       2.4799E+00  2.2421E-05
  pm-148m      1.6447E+00  3.5724E-03
  sm-148       1.5286E+02  1.5698E+02
  nd-149       5.4450E-02  0.0000E+00
  pm-149       2.5946E+00  0.0000E+00
  sm-149       2.1617E+00  4.8119E+00
  nd-150       2.1903E+02  2.1903E+02
  sm-150       3.7528E+02  3.7528E+02
  pm-151       5.0141E-01  0.0000E+00
  sm-151       1.2324E+01  1.2731E+01
  eu-151       6.1446E-03  1.0456E-01
  sm-152       1.2191E+02  1.2191E+02
  gd-152       1.0764E-02  1.0855E-02
  sm-153       2.1519E+00  0.0000E+00
  eu-153       1.4425E+02  1.4640E+02
  sm-154       5.3382E+01  5.3382E+01
  eu-154       3.7910E+01  3.4975E+01
  gd-154       1.8401E+00  4.7751E+00
  eu-155       1.2895E+01  1.1146E+01
  gd-155       4.6677E-02  1.7969E+00
  sm-156       2.5089E-02  0.0000E+00
  eu-156       1.3351E+01  7.7152E-07
  gd-156       1.6093E+02  1.7431E+02
  eu-157       5.7150E-02  0.0000E+00
  gd-157       1.5900E-01  2.1638E-01
  gd-158       3.3603E+01  3.3604E+01
  tb-159       3.6832E+00  3.6981E+00
  gd-160       1.5743E+00  1.5743E+00
  tb-160       2.0790E-01  6.2656E-03
  dy-160       2.6150E-01  4.6313E-01
  tb-161       2.9700E-02  3.5515E-18
  dy-161       5.1384E-01  5.4354E-01
  dy-162       4.1072E-01  4.1073E-01
  dy-163       3.4088E-01  3.4088E-01
  dy-164       7.4368E-02  7.4368E-02
  ho-165       1.4963E-01  1.4976E-01
  er-166       4.5439E-02  4.5996E-02
------------
  totals       1.0003E+06  1.0003E+06
=========================================================================================================================
.
.
*************************************************************************************************************************
********************                                                                                 ********************
********************                                                                                 ********************
********************                    Written F71 File Information                                 ********************
********************                                                                                 ********************
********************                                                                                 ********************
*************************************************************************************************************************
.
.
   pos         time        power         flux      fluence       energy libpos   case   step DCGNAB
   (-)          (s)         (MW)    (n/cm2-s)      (n/cm2)        (MWd)    (-)    (-)    (-)    (-)
     1  4.75200e+07  0.00000e+00  0.00000e+00  3.36520e+22  3.81818e+04      1      2      0 DC----
     2  7.90800e+07  0.00000e+00  0.00000e+00  3.36520e+22  3.81818e+04      1      2      1 DC----
    D - state definition present
    C - concentrations present
    G - gamma emission spectra present
    N - neutron emission spectra present
    A - alpha emission spectra present
    B - beta emission spectra present
.
.
.
=========================================================================================================================
ORIGEN finished successfully.
=========================================================================================================================
    module origen used 0.580211 seconds cpu time for the current pass.

    module origen is finished. completion code    0. total cpu time used 3.26573e-006 seconds.


    SCALE is finished on Wed Feb 13 18:29:57 2019.
-------------------------- Summary --------------------------
arp finished. used 1.92029 seconds.
origen finished. used 0.588805 seconds.
SCALE driver required a maximum of 8.309 MiB of RAM.
------------------------ End Summary ------------------------

w17x17_100d.f33 copied to C:\Users\Teddy\Desktop\scale_test\output\w17x17_100d.f33.
discharge.f71 copied to C:\Users\Teddy\Desktop\scale_test\output\discharge.f71.
