 *******************************************************************************
 *                                                                             *
 *                                 SCALE 6.2.2                                 *
 *                                -------------                                *
 *                                February 2019                                *
 *                                                                             *
 *           SCALE:  A Comprehensive Modeling and Simulation Suite             *
 *                   for Nuclear Safety Analysis and Design                    *
 *                                                                             *
 *                      Reactor and Nuclear Systems Division                   *
 *                        Oak Ridge National Laboratory                        *
 *                                                                             *
 *                           http://scale.ornl.gov                             *
 *                            scalehelp@ornl.gov                               *
 *                                                                             *
 *******************************************************************************
 *******************************************************************************
      
                  Job Information
                  ---------------
      Job started on DESKTOP-J14NAA6 on Wed 13/02/2019 18:29:41
      Working directory: C:\Users\Teddy\AppData\Local\Temp\scale.Teddy.6748
      Input file name  : C:\Users\Teddy\Desktop\scale_test\output\2.800000_35353.535354.inp
      Output file name : C:\Users\Teddy\Desktop\scale_test\output\2.800000_35353.535354.out
      SCALE executable : C:\SCALE-6.2.2/bin/scale
      
 *******************************************************************************


    module arp will be called on Wed Feb 13 18:29:42 2019.
    sequence specification record:=arp
Input Data:

      'library type
      w17x17
      2.800000
      ' num cycles
      1
      ' num days per cycle
      550
      ' cycle average specific power (MW / MTU)
      64.279155
      ' number of interpolated cross section sets generated per cycle
      1
      ' moderator density (g/cc)
      0.723
      ' interpolated output ORIGEN library
      w17x17_100d.f33
end

1






        ************************************************************************************************************************
        ************************************************************************************************************************
        ************************************************************************************************************************
        *****                                                                                                              *****
        *****                                       program verification information                                       *****
        *****                                                                                                              *****
        *****                                   code system:  SCALE    version:  6.2                                       *****
        *****                                                                                                              *****
        ************************************************************************************************************************
        ************************************************************************************************************************
        *****                                                                                                              *****
        *****                                                                                                              *****
        *****              program:  arp.exe                                                                               *****
        *****                                                                                                              *****
        *****        creation date:   unknown                                                                              *****
        *****                                                                                                              *****
        *****              library:  C:\SCALE-6.2.2\bin                                                                    *****
        *****                                                                                                              *****
        *****                                                                                                              *****
        *****            prod code:  arp.exe                                                                               *****
        *****                                                                                                              *****
        *****              version:  6.2.2                                                                                 *****
        *****                                                                                                              *****
        *****              jobname:  Teddy                                                                                 *****
        *****                                                                                                              *****
        *****         machine name:  DESKTOP-J14NAA6                                                                       *****
        *****                                                                                                              *****
        *****    date of execution:  13_feb_2019                                                                           *****
        *****                                                                                                              *****
        *****    time of execution:  18:29:42.47                                                                           *****
        *****                                                                                                              *****
        *****                                                                                                              *****
        ************************************************************************************************************************
        ************************************************************************************************************************
        ************************************************************************************************************************


 'library type
    data library:       w17x17
       directory:       C:/SCALE-6.2.2/data/\arplibs
       definition:      C:/SCALE-6.2.2/data/\arpdata.txt
    u-235 enrichment:                        2.800

 ' num cycles
    number of cycles:                            1

 ' num days per cycle

 ' cycle average specific power (MW / MTU)

 ' number of interpolated cross section sets generated per cycle

 ' moderator density (g/cc)
    water density (g/cm3):                  0.7230
                                         cycle        cumulative      midpoint
   cycle time(d)        power(MW)      burnup(MWd/MTU)burnup(MWd/MTU)burnup(MWd/MTU)nlib
     1    550.000        64.2792        35353.5        35353.5        17676.8             1

 ' interpolated output ORIGEN library
    interpolated library name:                   w17x17_100d.f33
 interpolation type: spline
 Cross section library interpolation completed.
.
.
.
=========================================================================================================================
ARP finished successfully.
=========================================================================================================================
    module arp used 1.83238 seconds cpu time for the current pass.

    module arp is finished. completion code    0. total cpu time used 1.16633e-005 seconds.



    module origen will be called on Wed Feb 13 18:29:44 2019.
    sequence specification record:=origen
Input Data:

      case(irrad) {
          lib{
              file="w17x17_100d.f33" pos=1
          }
          mat {
              units=GRAMS
              iso=[u235=28000.000000 u238=972000.000000]
          }
          time = [ 550 ]
          power = [ 64.279155 ]
      }
      case (decay) {
          time {
              units=YEARS
              start=0
              t=[1]
          }
          save{ file="discharge.f71" steps=[0 LAST]}
      }
end

1






        ************************************************************************************************************************
        ************************************************************************************************************************
        ************************************************************************************************************************
        *****                                                                                                              *****
        *****                                       program verification information                                       *****
        *****                                                                                                              *****
        *****                                   code system:  SCALE    version:  6.2                                       *****
        *****                                                                                                              *****
        ************************************************************************************************************************
        ************************************************************************************************************************
        *****                                                                                                              *****
        *****                                                                                                              *****
        *****              program:  origen.exe                                                                            *****
        *****                                                                                                              *****
        *****        creation date:   unknown                                                                              *****
        *****                                                                                                              *****
        *****              library:  C:\SCALE-6.2.2\bin                                                                    *****
        *****                                                                                                              *****
        *****                                                                                                              *****
        *****            prod code:  origen.exe                                                                            *****
        *****                                                                                                              *****
        *****              version:  6.2.2                                                                                 *****
        *****                                                                                                              *****
        *****              jobname:  Teddy                                                                                 *****
        *****                                                                                                              *****
        *****         machine name:  DESKTOP-J14NAA6                                                                       *****
        *****                                                                                                              *****
        *****    date of execution:  13_feb_2019                                                                           *****
        *****                                                                                                              *****
        *****    time of execution:  18:29:44.31                                                                           *****
        *****                                                                                                              *****
        *****                                                                                                              *****
        ************************************************************************************************************************
        ************************************************************************************************************************
        ************************************************************************************************************************

*************************************************************************************************************************
********************                                                                                 ********************
********************                                                                                 ********************
********************                    USER INPUT SUMMARY                                           ********************
********************                                                                                 ********************
********************                                                                                 ********************
*************************************************************************************************************************
.
.
=========================================================================================================================
=   Case "irrad" (#1/2)                                                                                                 =
-------------------------------------------------------------------------------------------------------------------------
###   Library settings                                                                                                ###
.
                                Library file name:     C:/Users/Teddy/AppData/Local/Temp/scale.Teddy.6748/w17x17_100d.f33
                             Library set position:              1
                 Fission product reaction removal:             no
-------------------------------------------------------------------------------------------------------------------------
###   Global settings                                                                                                 ###
.
                                           Solver:              MATREX
                                             Mode:        forward
                             Fixed fission energy:             no
-------------------------------------------------------------------------------------------------------------------------
###   Concentrations output options                                                                                   ###
.
                            High-precision output:             no
                                  Relative cutoff:            yes
                         Step for applying cutoff:       integral
.
                      light els.   actinides  fis.prods.       total
                       nuc    el   nuc    el   nuc    el   nuc    el             cutoff
gram-atoms                                                                    1.000E-06
grams                                                      **                 1.000E-06
curies                                                                        1.000E-06
watts                                                                         1.000E-06
gamma watts                                                                   1.000E-06
m3 air                                                                        1.000E-06
m3 water                                                                      1.000E-06
grams ppm                                                                     1.000E-06
atoms ppm                                                                     1.000E-06
atoms/barn-cm                                                                 1.000E-06
becquerels                                                                    1.000E-06
-------------------------------------------------------------------------------------------------------------------------
###   Additional output options                                                                                       ###
.
                                      Print k-inf:             no
           Nuclides for absorption fraction print:           none
                              Print fission rates:             no
            Step for sorting absorption fractions:              1
=========================================================================================================================
=   Case "decay" (#2/2)                                                                                                 =
-------------------------------------------------------------------------------------------------------------------------
###   Library settings                                                                                                ###
.
                                Library file name:     C:/Users/Teddy/AppData/Local/Temp/scale.Teddy.6748/w17x17_100d.f33
                             Library set position:              1
                 Fission product reaction removal:             no
-------------------------------------------------------------------------------------------------------------------------
###   Global settings                                                                                                 ###
.
                                           Solver:              MATREX
                                             Mode:        forward
                             Fixed fission energy:             no
-------------------------------------------------------------------------------------------------------------------------
###   Concentrations output options                                                                                   ###
.
                            High-precision output:             no
                                  Relative cutoff:            yes
                         Step for applying cutoff:       integral
.
                      light els.   actinides  fis.prods.       total
                       nuc    el   nuc    el   nuc    el   nuc    el             cutoff
gram-atoms                                                                    1.000E-06
grams                                                      **                 1.000E-06
curies                                                                        1.000E-06
watts                                                                         1.000E-06
gamma watts                                                                   1.000E-06
m3 air                                                                        1.000E-06
m3 water                                                                      1.000E-06
grams ppm                                                                     1.000E-06
atoms ppm                                                                     1.000E-06
atoms/barn-cm                                                                 1.000E-06
becquerels                                                                    1.000E-06
-------------------------------------------------------------------------------------------------------------------------
###   Additional output options                                                                                       ###
.
                                      Print k-inf:             no
           Nuclides for absorption fraction print:           none
                              Print fission rates:             no
            Step for sorting absorption fractions:              1
=========================================================================================================================
###   Blending information                                                                                            ###
.
  --- no blending requested in this job ---
=========================================================================================================================
.
.
=========================================================================================================================
=   History overview for case 'irrad' (#1/2)                                                                            =
-------------------------------------------------------------------------------------------------------------------------
   step          t0          t1          dt           t        flux     fluence       power      energy
    (-)         (d)         (d)         (s)         (s)   (n/cm2-s)     (n/cm2)        (MW)       (MWd)
      1      0.0000    550.0000  4.7520E+07  4.7520E+07  6.4862E+14  3.0822E+22  6.4279E+01  3.5354E+04
          
              step - step index within this case
                t0 - time at beginning-of-step in input units
                t1 - time at end-of-step in input units
                dt - length of step in seconds
                 t - end-of-step cumulative time in seconds
              flux - flux in neutrons/cm^2-sec (CALCULATED)
           fluence - cumulative end-of-step fluence in neutrons/cm^2 (CALCULATED)
             power - power in mega-watts (INPUT)     
            energy - cumulative end-of-step energy released in mega-watt-days (INPUT)     
=========================================================================================================================
.
.
.
.
.
*************************************************************************************************************************
********************                                                                                 ********************
********************                                                                                 ********************
********************                    Library information                                          ********************
********************                                                                                 ********************
********************                                                                                 ********************
*************************************************************************************************************************
.
.
=========================================================================================================================
=   Library summary for case 'irrad' (#1/2)                                                                             =
-------------------------------------------------------------------------------------------------------------------------
filename: C:/Users/Teddy/AppData/Local/Temp/scale.Teddy.6748/w17x17_100d.f33 cross-section data taken from position number: 1
library title delimited by {}: 
{}
date library was produced: 538976288/538976288/538976288
total number of nuclides in library: 2237
number of light-element nuclides: 910
number of actinide nuclides: 176
number of fission product nuclides: 1151
number of nonzero off-diagonal matrix elements: 54564
=========================================================================================================================
.
.
*************************************************************************************************************************
********************                                                                                 ********************
********************                                                                                 ********************
********************                    Concentration tables                                         ********************
********************                                                                                 ********************
********************                                                                                 ********************
*************************************************************************************************************************
.
.
=========================================================================================================================
=   Nuclide concentrations in grams for case 'irrad' (#1/2)                                                             =
-------------------------------------------------------------------------------------------------------------------------
  (relative cutoff; integral of concentrations over time >   1.00E-06 % of integral of all concentrations over time)
.
                   0.000d    550.000d   
  h-3          0.0000E+00  5.6935E-02
  he-4         0.0000E+00  1.4514E+00
  u-234        0.0000E+00  1.7385E+00
  u-235        2.8000E+04  5.3822E+03
  u-236        0.0000E+00  3.6609E+03
  u-237        0.0000E+00  1.5749E+01
  u-238        9.7200E+05  9.4246E+05
  u-239        0.0000E+00  1.1164E+00
  np-237       0.0000E+00  4.2418E+02
  np-238       0.0000E+00  2.4420E+00
  np-239       0.0000E+00  1.6094E+02
  pu-238       0.0000E+00  1.6882E+02
  pu-239       0.0000E+00  5.2078E+03
  pu-240       0.0000E+00  2.2260E+03
  pu-241       0.0000E+00  1.6768E+03
  pu-242       0.0000E+00  7.5936E+02
  pu-243       0.0000E+00  3.8415E-01
  pu-244       0.0000E+00  6.1007E-02
  am-241       0.0000E+00  2.4445E+01
  am-242m      0.0000E+00  4.1383E-01
  am-242       0.0000E+00  1.4353E-01
  am-243       0.0000E+00  1.5571E+02
  cm-242       0.0000E+00  1.4469E+01
  cm-243       0.0000E+00  3.8260E-01
  cm-244       0.0000E+00  6.0417E+01
  cm-245       0.0000E+00  3.3505E+00
  cm-246       0.0000E+00  3.9624E-01
  ge-73        0.0000E+00  2.3043E-02
  ge-74        0.0000E+00  5.8872E-02
  as-75        0.0000E+00  1.3778E-01
  ge-76        0.0000E+00  3.5763E-01
  se-77        0.0000E+00  8.2993E-01
  se-78        0.0000E+00  2.4520E+00
  se-79        0.0000E+00  5.1884E+00
  se-80        0.0000E+00  1.3396E+01
  br-81        0.0000E+00  2.2418E+01
  se-82        0.0000E+00  3.5272E+01
  kr-82        0.0000E+00  7.6085E-01
  kr-83        0.0000E+00  4.0964E+01
  kr-84        0.0000E+00  1.1580E+02
  kr-85        0.0000E+00  2.6456E+01
  kr-85m       0.0000E+00  4.1310E-02
  rb-85        0.0000E+00  1.0078E+02
  kr-86        0.0000E+00  1.8986E+02
  rb-86        0.0000E+00  4.1912E-02
  sr-86        0.0000E+00  4.6384E-01
  kr-87        0.0000E+00  2.2547E-02
  rb-87        0.0000E+00  2.4944E+02
  kr-88        0.0000E+00  6.7442E-02
  sr-88        0.0000E+00  3.4574E+02
  sr-89        0.0000E+00  3.9059E+01
  y-89         0.0000E+00  4.3362E+02
  sr-90        0.0000E+00  5.5621E+02
  y-90         0.0000E+00  1.5323E-01
  zr-90        0.0000E+00  1.2601E+01
  sr-91        0.0000E+00  4.2897E-01
  y-91         0.0000E+00  6.9568E+01
  y-91m        0.0000E+00  2.1722E-02
  zr-91        0.0000E+00  5.3762E+02
  sr-92        0.0000E+00  1.3592E-01
  y-92         0.0000E+00  1.7960E-01
  zr-92        0.0000E+00  6.6726E+02
  y-93         0.0000E+00  6.1340E-01
  zr-93        0.0000E+00  7.4440E+02
  y-94         0.0000E+00  2.0398E-02
  zr-94        0.0000E+00  8.0606E+02
  zr-95        0.0000E+00  1.1912E+02
  nb-95        0.0000E+00  6.4739E+01
  nb-95m       0.0000E+00  7.2665E-02
  mo-95        0.0000E+00  6.8342E+02
  zr-96        0.0000E+00  8.6498E+02
  mo-96        0.0000E+00  4.2576E+01
  zr-97        0.0000E+00  1.3228E+00
  nb-97        0.0000E+00  9.5681E-02
  mo-97        0.0000E+00  8.6639E+02
  mo-98        0.0000E+00  9.0539E+02
  mo-99        0.0000E+00  6.0508E+00
  tc-99        0.0000E+00  8.5515E+02
  tc-99m       0.0000E+00  4.8664E-01
  ru-99        0.0000E+00  3.1240E-02
  mo-100       0.0000E+00  1.0299E+03
  ru-100       0.0000E+00  1.1503E+02
  mo-101       0.0000E+00  2.1776E-02
  tc-101       0.0000E+00  2.1187E-02
  ru-101       0.0000E+00  8.5952E+02
  ru-102       0.0000E+00  9.0282E+02
  ru-103       0.0000E+00  8.7379E+01
  rh-103       0.0000E+00  5.0017E+02
  rh-103m      0.0000E+00  8.5804E-02
  tc-104       0.0000E+00  2.4808E-02
  ru-104       0.0000E+00  6.6598E+02
  pd-104       0.0000E+00  2.8916E+02
  ru-105       0.0000E+00  3.1768E-01
  rh-105       0.0000E+00  2.1604E+00
  pd-105       0.0000E+00  4.3873E+02
  ru-106       0.0000E+00  2.6947E+02
  pd-106       0.0000E+00  2.3846E+02
  pd-107       0.0000E+00  2.8224E+02
  pd-108       0.0000E+00  1.8839E+02
  pd-109       0.0000E+00  3.4134E-01
  ag-109       0.0000E+00  9.8235E+01
  pd-110       0.0000E+00  6.2504E+01
  ag-110m      0.0000E+00  9.5144E-01
  cd-110       0.0000E+00  4.7192E+01
  ag-111       0.0000E+00  8.5919E-01
  cd-111       0.0000E+00  3.0420E+01
  pd-112       0.0000E+00  4.3222E-02
  cd-112       0.0000E+00  1.5625E+01
  cd-113       0.0000E+00  1.2188E-01
  cd-114       0.0000E+00  1.7954E+01
  cd-115       0.0000E+00  3.8614E-02
  cd-115m      0.0000E+00  4.7745E-02
  in-115       0.0000E+00  2.0103E+00
  sn-115       0.0000E+00  2.7758E-01
  cd-116       0.0000E+00  6.4685E+00
  sn-116       0.0000E+00  4.0230E+00
  sn-117       0.0000E+00  5.8516E+00
  sn-118       0.0000E+00  5.4396E+00
  sn-119       0.0000E+00  5.2376E+00
  sn-119m      0.0000E+00  9.9775E-02
  sn-120       0.0000E+00  5.3956E+00
  sn-121m      0.0000E+00  4.2962E-01
  sb-121       0.0000E+00  5.1257E+00
  sn-122       0.0000E+00  6.8943E+00
  te-122       0.0000E+00  4.0443E-01
  sn-123       0.0000E+00  3.4037E-01
  sb-123       0.0000E+00  6.4347E+00
  sn-124       0.0000E+00  1.0906E+01
  sb-124       0.0000E+00  8.4455E-02
  te-124       0.0000E+00  2.3814E-01
  sn-125       0.0000E+00  1.7386E-01
  sb-125       0.0000E+00  1.2219E+01
  te-125       0.0000E+00  2.1924E+00
  te-125m      0.0000E+00  1.3802E-01
  sn-126       0.0000E+00  2.3944E+01
  te-126       0.0000E+00  5.8139E-01
  sb-127       0.0000E+00  6.3114E-01
  te-127       0.0000E+00  5.5733E-02
  te-127m      0.0000E+00  8.2977E-01
  i-127        0.0000E+00  4.8740E+01
  te-128       0.0000E+00  1.0921E+02
  xe-128       0.0000E+00  3.2383E+00
  sb-129       0.0000E+00  8.9915E-02
  te-129       0.0000E+00  2.2585E-02
  te-129m      0.0000E+00  2.6910E+00
  i-129        0.0000E+00  1.7799E+02
  xe-129       0.0000E+00  2.3799E-02
  te-130       0.0000E+00  4.1899E+02
  i-130        0.0000E+00  2.0202E-02
  xe-130       0.0000E+00  8.2241E+00
  sb-131       0.0000E+00  2.0020E-02
  te-131       0.0000E+00  2.4003E-02
  te-131m      0.0000E+00  4.5854E-01
  i-131        0.0000E+00  1.3110E+01
  xe-131       0.0000E+00  4.5509E+02
  xe-131m      0.0000E+00  2.3177E-01
  te-132       0.0000E+00  7.3611E+00
  i-132        0.0000E+00  2.2620E-01
  xe-132       0.0000E+00  1.2315E+03
  te-133m      0.0000E+00  6.0730E-02
  i-133        0.0000E+00  2.8371E+00
  xe-133       0.0000E+00  1.7161E+01
  xe-133m      0.0000E+00  2.2456E-01
  cs-133       0.0000E+00  1.2079E+03
  te-134       0.0000E+00  8.0614E-02
  i-134        0.0000E+00  1.3329E-01
  xe-134       0.0000E+00  1.6669E+03
  cs-134       0.0000E+00  1.6719E+02
  ba-134       0.0000E+00  3.1570E+01
  i-135        0.0000E+00  8.7463E-01
  xe-135       0.0000E+00  1.8207E-01
  cs-135       0.0000E+00  2.2393E+02
  ba-135       0.0000E+00  2.1760E-01
  xe-136       0.0000E+00  2.7497E+03
  cs-136       0.0000E+00  7.5687E-01
  ba-136       0.0000E+00  1.5359E+01
  cs-137       0.0000E+00  1.3615E+03
  ba-137       0.0000E+00  2.5134E+01
  xe-138       0.0000E+00  2.7408E-02
  cs-138       0.0000E+00  7.1565E-02
  ba-138       0.0000E+00  1.4148E+03
  ba-139       0.0000E+00  1.7066E-01
  la-139       0.0000E+00  1.3216E+03
  ba-140       0.0000E+00  3.6296E+01
  la-140       0.0000E+00  4.9507E+00
  ce-140       0.0000E+00  1.3045E+03
  ba-141       0.0000E+00  3.4004E-02
  la-141       0.0000E+00  4.4132E-01
  ce-141       0.0000E+00  8.6633E+01
  pr-141       0.0000E+00  1.1617E+03
  la-142       0.0000E+00  1.6373E-01
  ce-142       0.0000E+00  1.2241E+03
  pr-142       0.0000E+00  1.0031E-01
  nd-142       0.0000E+00  2.5129E+01
  la-143       0.0000E+00  2.4307E-02
  ce-143       0.0000E+00  3.4203E+00
  pr-143       0.0000E+00  3.3353E+01
  nd-143       0.0000E+00  7.8553E+02
  ce-144       0.0000E+00  5.6123E+02
  pr-144       0.0000E+00  2.3963E-02
  nd-144       0.0000E+00  9.0062E+02
  pr-145       0.0000E+00  4.3278E-01
  nd-145       0.0000E+00  7.1427E+02
  pr-146       0.0000E+00  2.3906E-02
  nd-146       0.0000E+00  7.5973E+02
  nd-147       0.0000E+00  1.2192E+01
  pm-147       0.0000E+00  2.0186E+02
  sm-147       0.0000E+00  4.3101E+01
  nd-148       0.0000E+00  4.1785E+02
  pm-148       0.0000E+00  2.2626E+00
  pm-148m      0.0000E+00  1.6076E+00
  sm-148       0.0000E+00  1.3703E+02
  nd-149       0.0000E+00  5.0601E-02
  pm-149       0.0000E+00  2.3809E+00
  sm-149       0.0000E+00  2.1583E+00
  nd-150       0.0000E+00  2.0171E+02
  sm-150       0.0000E+00  3.4539E+02
  pm-151       0.0000E+00  4.6222E-01
  sm-151       0.0000E+00  1.1915E+01
  sm-152       0.0000E+00  1.1650E+02
  sm-153       0.0000E+00  1.9098E+00
  eu-153       0.0000E+00  1.3340E+02
  sm-154       0.0000E+00  4.7704E+01
  eu-154       0.0000E+00  3.4913E+01
  gd-154       0.0000E+00  1.6654E+00
  eu-155       0.0000E+00  1.1951E+01
  gd-155       0.0000E+00  4.6185E-02
  sm-156       0.0000E+00  2.2779E-02
  eu-156       0.0000E+00  1.1479E+01
  gd-156       0.0000E+00  1.3604E+02
  eu-157       0.0000E+00  4.8171E-02
  gd-157       0.0000E+00  1.4226E-01
  gd-158       0.0000E+00  2.8237E+01
  tb-159       0.0000E+00  3.2253E+00
  gd-160       0.0000E+00  1.3958E+00
  tb-160       0.0000E+00  1.7177E-01
  dy-160       0.0000E+00  2.2137E-01
  tb-161       0.0000E+00  2.5159E-02
  dy-161       0.0000E+00  4.5478E-01
  dy-162       0.0000E+00  3.5947E-01
  dy-163       0.0000E+00  2.8903E-01
  dy-164       0.0000E+00  6.2611E-02
  ho-165       0.0000E+00  1.2035E-01
  er-166       0.0000E+00  3.5443E-02
------------
  totals       1.0000E+06  1.0003E+06
=========================================================================================================================
.
.
=========================================================================================================================
=   History overview for case 'decay' (#2/2)                                                                            =
-------------------------------------------------------------------------------------------------------------------------
   step          t0          t1          dt           t        flux     fluence       power      energy
    (-)         (y)         (y)         (s)         (s)   (n/cm2-s)     (n/cm2)        (MW)       (MWd)
      1      1.5057      2.5057  3.1560E+07  7.9080E+07  0.0000E+00  3.0822E+22  0.0000E+00  3.5354E+04
          
              step - step index within this case
                t0 - time at beginning-of-step in input units
                t1 - time at end-of-step in input units
                dt - length of step in seconds
                 t - end-of-step cumulative time in seconds
              flux - flux in neutrons/cm^2-sec (CALCULATED)
           fluence - cumulative end-of-step fluence in neutrons/cm^2 (CALCULATED)
             power - power in mega-watts (INPUT)     
            energy - cumulative end-of-step energy released in mega-watt-days (INPUT)     
=========================================================================================================================
.
.
.
.
.
*************************************************************************************************************************
********************                                                                                 ********************
********************                                                                                 ********************
********************                    Library information                                          ********************
********************                                                                                 ********************
********************                                                                                 ********************
*************************************************************************************************************************
.
.
=========================================================================================================================
=   Library summary for case 'decay' (#2/2)                                                                             =
-------------------------------------------------------------------------------------------------------------------------
filename: C:/Users/Teddy/AppData/Local/Temp/scale.Teddy.6748/w17x17_100d.f33 cross-section data taken from position number: 1
library title delimited by {}: 
{}
date library was produced: 538976288/538976288/538976288
total number of nuclides in library: 2237
number of light-element nuclides: 910
number of actinide nuclides: 176
number of fission product nuclides: 1151
number of nonzero off-diagonal matrix elements: 54564
=========================================================================================================================
.
.
*************************************************************************************************************************
********************                                                                                 ********************
********************                                                                                 ********************
********************                    Concentration tables                                         ********************
********************                                                                                 ********************
********************                                                                                 ********************
*************************************************************************************************************************
.
.
=========================================================================================================================
=   Nuclide concentrations in grams for case 'decay' (#2/2)                                                             =
-------------------------------------------------------------------------------------------------------------------------
  (relative cutoff; integral of concentrations over time >   1.00E-06 % of integral of all concentrations over time)
.
                   1.506y      2.506y   
  h-3          5.6935E-02  5.3820E-02
  he-4         1.4514E+00  1.7111E+00
  u-234        1.7385E+00  3.1189E+00
  u-235        5.3822E+03  5.3824E+03
  u-236        3.6609E+03  3.6612E+03
  u-237        1.5749E+01  4.9837E-05
  u-238        9.4246E+05  9.4246E+05
  u-239        1.1164E+00  0.0000E+00
  np-237       4.2418E+02  4.4003E+02
  np-238       2.4420E+00  7.6417E-08
  np-239       1.6094E+02  1.3436E-04
  pu-238       1.6882E+02  1.8117E+02
  pu-239       5.2078E+03  5.3697E+03
  pu-240       2.2260E+03  2.2280E+03
  pu-241       1.6768E+03  1.5974E+03
  pu-242       7.5936E+02  7.5938E+02
  pu-243       3.8415E-01  1.5534E-13
  pu-244       6.1007E-02  6.1012E-02
  am-241       2.4445E+01  1.0374E+02
  am-242m      4.1383E-01  4.1181E-01
  am-242       1.4353E-01  5.3132E-06
  am-243       1.5571E+02  1.5608E+02
  cm-242       1.4469E+01  3.0850E+00
  cm-243       3.8260E-01  3.7360E-01
  cm-244       6.0417E+01  5.8179E+01
  cm-245       3.3505E+00  3.3502E+00
  cm-246       3.9624E-01  3.9618E-01
  ge-73        2.3043E-02  2.3056E-02
  ge-74        5.8872E-02  5.8873E-02
  as-75        1.3778E-01  1.3779E-01
  ge-76        3.5763E-01  3.5763E-01
  se-77        8.2993E-01  8.3366E-01
  se-78        2.4520E+00  2.4526E+00
  se-79        5.1884E+00  5.1885E+00
  se-80        1.3396E+01  1.3396E+01
  br-81        2.2418E+01  2.2419E+01
  se-82        3.5272E+01  3.5272E+01
  kr-82        7.6085E-01  7.6629E-01
  kr-83        4.0964E+01  4.0984E+01
  kr-84        1.1580E+02  1.1581E+02
  kr-85        2.6456E+01  2.4813E+01
  kr-85m       4.1310E-02  0.0000E+00
  rb-85        1.0078E+02  1.0247E+02
  kr-86        1.8986E+02  1.8986E+02
  rb-86        4.1912E-02  5.2520E-08
  sr-86        4.6384E-01  5.0575E-01
  kr-87        2.2547E-02  0.0000E+00
  rb-87        2.4944E+02  2.4946E+02
  kr-88        6.7442E-02  0.0000E+00
  sr-88        3.4574E+02  3.4582E+02
  sr-89        3.9059E+01  2.6043E-01
  y-89         4.3362E+02  4.7243E+02
  sr-90        5.5621E+02  5.4298E+02
  y-90         1.5323E-01  1.3773E-01
  zr-90        1.2601E+01  2.5848E+01
  sr-91        4.2897E-01  0.0000E+00
  y-91         6.9568E+01  9.2447E-01
  y-91m        2.1722E-02  0.0000E+00
  zr-91        5.3762E+02  6.0671E+02
  sr-92        1.3592E-01  0.0000E+00
  y-92         1.7960E-01  0.0000E+00
  zr-92        6.6726E+02  6.6758E+02
  y-93         6.1340E-01  0.0000E+00
  zr-93        7.4440E+02  7.4502E+02
  y-94         2.0398E-02  0.0000E+00
  zr-94        8.0606E+02  8.0608E+02
  zr-95        1.1912E+02  2.2843E+00
  nb-95        6.4739E+01  2.7827E+00
  nb-95m       7.2665E-02  1.4742E-03
  mo-95        6.8342E+02  8.6238E+02
  zr-96        8.6498E+02  8.6499E+02
  mo-96        4.2576E+01  4.2586E+01
  zr-97        1.3228E+00  0.0000E+00
  nb-97        9.5681E-02  0.0000E+00
  mo-97        8.6639E+02  8.6781E+02
  mo-98        9.0539E+02  9.0539E+02
  mo-99        6.0508E+00  0.0000E+00
  tc-99        8.5515E+02  8.6169E+02
  tc-99m       4.8664E-01  0.0000E+00
  ru-99        3.1240E-02  3.4284E-02
  mo-100       1.0299E+03  1.0299E+03
  ru-100       1.1503E+02  1.1503E+02
  mo-101       2.1776E-02  0.0000E+00
  tc-101       2.1187E-02  0.0000E+00
  ru-101       8.5952E+02  8.5956E+02
  ru-102       9.0282E+02  9.0284E+02
  ru-103       8.7379E+01  1.3793E-01
  rh-103       5.0017E+02  5.8750E+02
  rh-103m      8.5804E-02  1.3549E-04
  tc-104       2.4808E-02  0.0000E+00
  ru-104       6.6598E+02  6.6601E+02
  pd-104       2.8916E+02  2.8916E+02
  ru-105       3.1768E-01  0.0000E+00
  rh-105       2.1604E+00  0.0000E+00
  pd-105       4.3873E+02  4.4121E+02
  ru-106       2.6947E+02  1.3638E+02
  pd-106       2.3846E+02  3.7156E+02
  pd-107       2.8224E+02  2.8226E+02
  pd-108       1.8839E+02  1.8840E+02
  pd-109       3.4134E-01  0.0000E+00
  ag-109       9.8235E+01  9.8578E+01
  pd-110       6.2504E+01  6.2504E+01
  ag-110m      9.5144E-01  3.4524E-01
  cd-110       4.7192E+01  4.7798E+01
  ag-111       8.5919E-01  1.4971E-15
  cd-111       3.0420E+01  3.1281E+01
  pd-112       4.3222E-02  0.0000E+00
  cd-112       1.5625E+01  1.5675E+01
  cd-113       1.2188E-01  1.2691E-01
  cd-114       1.7954E+01  1.7954E+01
  cd-115       3.8614E-02  0.0000E+00
  cd-115m      4.7745E-02  1.6269E-04
  in-115       2.0103E+00  2.0979E+00
  sn-115       2.7758E-01  2.7968E-01
  cd-116       6.4685E+00  6.4685E+00
  sn-116       4.0230E+00  4.0234E+00
  sn-117       5.8516E+00  5.8553E+00
  sn-118       5.4396E+00  5.4402E+00
  sn-119       5.2376E+00  5.2955E+00
  sn-119m      9.9775E-02  4.2047E-02
  sn-120       5.3956E+00  5.3956E+00
  sn-121m      4.2962E-01  4.2289E-01
  sb-121       5.1257E+00  5.1494E+00
  sn-122       6.8943E+00  6.8944E+00
  te-122       4.0443E-01  4.1043E-01
  sn-123       3.4037E-01  4.7958E-02
  sb-123       6.4347E+00  6.7275E+00
  sn-124       1.0906E+01  1.0906E+01
  sb-124       8.4455E-02  1.2590E-03
  te-124       2.3814E-01  3.2133E-01
  sn-125       1.7386E-01  6.8156E-13
  sb-125       1.2219E+01  9.6406E+00
  te-125       2.1924E+00  4.9489E+00
  te-125m      1.3802E-01  1.3398E-01
  sn-126       2.3944E+01  2.3944E+01
  te-126       5.8139E-01  5.9056E-01
  sb-127       6.3114E-01  0.0000E+00
  te-127       5.5733E-02  3.2215E-04
  te-127m      8.2977E-01  9.2020E-02
  i-127        4.8740E+01  5.0173E+01
  te-128       1.0921E+02  1.0924E+02
  xe-128       3.2383E+00  3.2386E+00
  sb-129       8.9915E-02  0.0000E+00
  te-129       2.2585E-02  1.3104E-06
  te-129m      2.6910E+00  1.4439E-03
  i-129        1.7799E+02  1.8080E+02
  xe-129       2.3799E-02  2.4003E-02
  te-130       4.1899E+02  4.1901E+02
  i-130        2.0202E-02  0.0000E+00
  xe-130       8.2241E+00  8.2444E+00
  sb-131       2.0020E-02  0.0000E+00
  te-131       2.4003E-02  0.0000E+00
  te-131m      4.5854E-01  0.0000E+00
  i-131        1.3110E+01  2.7235E-13
  xe-131       4.5509E+02  4.6894E+02
  xe-131m      2.3177E-01  3.5727E-10
  te-132       7.3611E+00  0.0000E+00
  i-132        2.2620E-01  0.0000E+00
  xe-132       1.2315E+03  1.2391E+03
  te-133m      6.0730E-02  0.0000E+00
  i-133        2.8371E+00  0.0000E+00
  xe-133       1.7161E+01  2.2473E-20
  xe-133m      2.2456E-01  0.0000E+00
  cs-133       1.2079E+03  1.2282E+03
  te-134       8.0614E-02  0.0000E+00
  i-134        1.3329E-01  0.0000E+00
  xe-134       1.6669E+03  1.6671E+03
  cs-134       1.6719E+02  1.1952E+02
  ba-134       3.1570E+01  7.9244E+01
  i-135        8.7463E-01  0.0000E+00
  xe-135       1.8207E-01  0.0000E+00
  cs-135       2.2393E+02  2.2499E+02
  ba-135       2.1760E-01  2.1785E-01
  xe-136       2.7497E+03  2.7497E+03
  cs-136       7.5687E-01  3.3371E-09
  ba-136       1.5359E+01  1.6116E+01
  cs-137       1.3615E+03  1.3305E+03
  ba-137       2.5134E+01  5.6153E+01
  xe-138       2.7408E-02  0.0000E+00
  cs-138       7.1565E-02  0.0000E+00
  ba-138       1.4148E+03  1.4149E+03
  la-138       1.5594E-02  1.5594E-02
  ba-139       1.7066E-01  0.0000E+00
  la-139       1.3216E+03  1.3217E+03
  ba-140       3.6296E+01  8.6610E-08
  la-140       4.9507E+00  1.3127E-08
  ce-140       1.3045E+03  1.3458E+03
  ba-141       3.4004E-02  0.0000E+00
  la-141       4.4132E-01  0.0000E+00
  ce-141       8.6633E+01  3.6100E-02
  pr-141       1.1617E+03  1.2488E+03
  la-142       1.6373E-01  0.0000E+00
  ce-142       1.2241E+03  1.2243E+03
  pr-142       1.0031E-01  0.0000E+00
  nd-142       2.5129E+01  2.5230E+01
  la-143       2.4307E-02  0.0000E+00
  ce-143       3.4203E+00  0.0000E+00
  pr-143       3.3353E+01  2.9322E-07
  nd-143       7.8553E+02  8.2232E+02
  ce-144       5.6123E+02  2.3078E+02
  pr-144       2.3963E-02  9.7208E-03
  nd-144       9.0062E+02  1.2311E+03
  pr-145       4.3278E-01  0.0000E+00
  nd-145       7.1427E+02  7.1471E+02
  pr-146       2.3906E-02  0.0000E+00
  nd-146       7.5973E+02  7.5976E+02
  nd-147       1.2192E+01  1.1799E-09
  pm-147       2.0186E+02  1.6447E+02
  sm-147       4.3101E+01  9.2701E+01
  nd-148       4.1785E+02  4.1785E+02
  pm-148       2.2626E+00  2.1915E-05
  pm-148m      1.6076E+00  3.4918E-03
  sm-148       1.3703E+02  1.4089E+02
  nd-149       5.0601E-02  0.0000E+00
  pm-149       2.3809E+00  0.0000E+00
  sm-149       2.1583E+00  4.5908E+00
  nd-150       2.0171E+02  2.0171E+02
  sm-150       3.4539E+02  3.4540E+02
  pm-151       4.6222E-01  0.0000E+00
  sm-151       1.1915E+01  1.2286E+01
  eu-151       6.4663E-03  1.0145E-01
  sm-152       1.1650E+02  1.1651E+02
  gd-152       1.1071E-02  1.1163E-02
  sm-153       1.9098E+00  0.0000E+00
  eu-153       1.3340E+02  1.3531E+02
  sm-154       4.7704E+01  4.7705E+01
  eu-154       3.4913E+01  3.2210E+01
  gd-154       1.6654E+00  4.3684E+00
  eu-155       1.1951E+01  1.0330E+01
  gd-155       4.6185E-02  1.6682E+00
  sm-156       2.2779E-02  0.0000E+00
  eu-156       1.1479E+01  6.6343E-07
  gd-156       1.3604E+02  1.4754E+02
  eu-157       4.8171E-02  0.0000E+00
  gd-157       1.4226E-01  1.9064E-01
  gd-158       2.8237E+01  2.8238E+01
  tb-159       3.2253E+00  3.2380E+00
  gd-160       1.3958E+00  1.3958E+00
  tb-160       1.7177E-01  5.1768E-03
  dy-160       2.2137E-01  3.8796E-01
  tb-161       2.5159E-02  3.0086E-18
  dy-161       4.5478E-01  4.7994E-01
  dy-162       3.5947E-01  3.5948E-01
  dy-163       2.8903E-01  2.8903E-01
  dy-164       6.2611E-02  6.2611E-02
  ho-165       1.2035E-01  1.2045E-01
  er-166       3.5443E-02  3.5877E-02
------------
  totals       1.0003E+06  1.0003E+06
=========================================================================================================================
.
.
*************************************************************************************************************************
********************                                                                                 ********************
********************                                                                                 ********************
********************                    Written F71 File Information                                 ********************
********************                                                                                 ********************
********************                                                                                 ********************
*************************************************************************************************************************
.
.
   pos         time        power         flux      fluence       energy libpos   case   step DCGNAB
   (-)          (s)         (MW)    (n/cm2-s)      (n/cm2)        (MWd)    (-)    (-)    (-)    (-)
     1  4.75200e+07  0.00000e+00  0.00000e+00  3.08222e+22  3.53535e+04      1      2      0 DC----
     2  7.90800e+07  0.00000e+00  0.00000e+00  3.08222e+22  3.53535e+04      1      2      1 DC----
    D - state definition present
    C - concentrations present
    G - gamma emission spectra present
    N - neutron emission spectra present
    A - alpha emission spectra present
    B - beta emission spectra present
.
.
.
=========================================================================================================================
ORIGEN finished successfully.
=========================================================================================================================
    module origen used 0.437247 seconds cpu time for the current pass.

    module origen is finished. completion code    0. total cpu time used 3.26573e-006 seconds.


    SCALE is finished on Wed Feb 13 18:29:44 2019.
-------------------------- Summary --------------------------
arp finished. used 1.83784 seconds.
origen finished. used 0.442868 seconds.
SCALE driver required a maximum of 8.297 MiB of RAM.
------------------------ End Summary ------------------------

w17x17_100d.f33 copied to C:\Users\Teddy\Desktop\scale_test\output\w17x17_100d.f33.
discharge.f71 copied to C:\Users\Teddy\Desktop\scale_test\output\discharge.f71.
