 *******************************************************************************
 *                                                                             *
 *                                 SCALE 6.2.2                                 *
 *                                -------------                                *
 *                                February 2019                                *
 *                                                                             *
 *           SCALE:  A Comprehensive Modeling and Simulation Suite             *
 *                   for Nuclear Safety Analysis and Design                    *
 *                                                                             *
 *                      Reactor and Nuclear Systems Division                   *
 *                        Oak Ridge National Laboratory                        *
 *                                                                             *
 *                           http://scale.ornl.gov                             *
 *                            scalehelp@ornl.gov                               *
 *                                                                             *
 *******************************************************************************
 *******************************************************************************
      
                  Job Information
                  ---------------
      Job started on DESKTOP-J14NAA6 on Wed 13/02/2019 18:32:18
      Working directory: C:\Users\Teddy\AppData\Local\Temp\scale.Teddy.10668
      Input file name  : C:\Users\Teddy\Desktop\scale_test\output\2.800000_62929.292929.inp
      Output file name : C:\Users\Teddy\Desktop\scale_test\output\2.800000_62929.292929.out
      SCALE executable : C:\SCALE-6.2.2/bin/scale
      
 *******************************************************************************


    module arp will be called on Wed Feb 13 18:32:19 2019.
    sequence specification record:=arp
Input Data:

      'library type
      w17x17
      2.800000
      ' num cycles
      1
      ' num days per cycle
      550
      ' cycle average specific power (MW / MTU)
      114.416896
      ' number of interpolated cross section sets generated per cycle
      1
      ' moderator density (g/cc)
      0.723
      ' interpolated output ORIGEN library
      w17x17_100d.f33
end

1






        ************************************************************************************************************************
        ************************************************************************************************************************
        ************************************************************************************************************************
        *****                                                                                                              *****
        *****                                       program verification information                                       *****
        *****                                                                                                              *****
        *****                                   code system:  SCALE    version:  6.2                                       *****
        *****                                                                                                              *****
        ************************************************************************************************************************
        ************************************************************************************************************************
        *****                                                                                                              *****
        *****                                                                                                              *****
        *****              program:  arp.exe                                                                               *****
        *****                                                                                                              *****
        *****        creation date:   unknown                                                                              *****
        *****                                                                                                              *****
        *****              library:  C:\SCALE-6.2.2\bin                                                                    *****
        *****                                                                                                              *****
        *****                                                                                                              *****
        *****            prod code:  arp.exe                                                                               *****
        *****                                                                                                              *****
        *****              version:  6.2.2                                                                                 *****
        *****                                                                                                              *****
        *****              jobname:  Teddy                                                                                 *****
        *****                                                                                                              *****
        *****         machine name:  DESKTOP-J14NAA6                                                                       *****
        *****                                                                                                              *****
        *****    date of execution:  13_feb_2019                                                                           *****
        *****                                                                                                              *****
        *****    time of execution:  18:32:19.39                                                                           *****
        *****                                                                                                              *****
        *****                                                                                                              *****
        ************************************************************************************************************************
        ************************************************************************************************************************
        ************************************************************************************************************************


 'library type
    data library:       w17x17
       directory:       C:/SCALE-6.2.2/data/\arplibs
       definition:      C:/SCALE-6.2.2/data/\arpdata.txt
    u-235 enrichment:                        2.800

 ' num cycles
    number of cycles:                            1

 ' num days per cycle

 ' cycle average specific power (MW / MTU)

 ' number of interpolated cross section sets generated per cycle

 ' moderator density (g/cc)
    water density (g/cm3):                  0.7230
                                         cycle        cumulative      midpoint
   cycle time(d)        power(MW)      burnup(MWd/MTU)burnup(MWd/MTU)burnup(MWd/MTU)nlib
     1    550.000        114.417        62929.3        62929.3        31464.6             1

 ' interpolated output ORIGEN library
    interpolated library name:                   w17x17_100d.f33
 interpolation type: spline
 Cross section library interpolation completed.
.
.
.
=========================================================================================================================
ARP finished successfully.
=========================================================================================================================
    module arp used 2.52813 seconds cpu time for the current pass.

    module arp is finished. completion code    0. total cpu time used 1.11968e-005 seconds.



    module origen will be called on Wed Feb 13 18:32:21 2019.
    sequence specification record:=origen
Input Data:

      case(irrad) {
          lib{
              file="w17x17_100d.f33" pos=1
          }
          mat {
              units=GRAMS
              iso=[u235=28000.000000 u238=972000.000000]
          }
          time = [ 550 ]
          power = [ 114.416896 ]
      }
      case (decay) {
          time {
              units=YEARS
              start=0
              t=[1]
          }
          save{ file="discharge.f71" steps=[0 LAST]}
      }
end

1






        ************************************************************************************************************************
        ************************************************************************************************************************
        ************************************************************************************************************************
        *****                                                                                                              *****
        *****                                       program verification information                                       *****
        *****                                                                                                              *****
        *****                                   code system:  SCALE    version:  6.2                                       *****
        *****                                                                                                              *****
        ************************************************************************************************************************
        ************************************************************************************************************************
        *****                                                                                                              *****
        *****                                                                                                              *****
        *****              program:  origen.exe                                                                            *****
        *****                                                                                                              *****
        *****        creation date:   unknown                                                                              *****
        *****                                                                                                              *****
        *****              library:  C:\SCALE-6.2.2\bin                                                                    *****
        *****                                                                                                              *****
        *****                                                                                                              *****
        *****            prod code:  origen.exe                                                                            *****
        *****                                                                                                              *****
        *****              version:  6.2.2                                                                                 *****
        *****                                                                                                              *****
        *****              jobname:  Teddy                                                                                 *****
        *****                                                                                                              *****
        *****         machine name:  DESKTOP-J14NAA6                                                                       *****
        *****                                                                                                              *****
        *****    date of execution:  13_feb_2019                                                                           *****
        *****                                                                                                              *****
        *****    time of execution:  18:32:21.91                                                                           *****
        *****                                                                                                              *****
        *****                                                                                                              *****
        ************************************************************************************************************************
        ************************************************************************************************************************
        ************************************************************************************************************************

*************************************************************************************************************************
********************                                                                                 ********************
********************                                                                                 ********************
********************                    USER INPUT SUMMARY                                           ********************
********************                                                                                 ********************
********************                                                                                 ********************
*************************************************************************************************************************
.
.
=========================================================================================================================
=   Case "irrad" (#1/2)                                                                                                 =
-------------------------------------------------------------------------------------------------------------------------
###   Library settings                                                                                                ###
.
                                Library file name:     C:/Users/Teddy/AppData/Local/Temp/scale.Teddy.10668/w17x17_100d.f33
                             Library set position:              1
                 Fission product reaction removal:             no
-------------------------------------------------------------------------------------------------------------------------
###   Global settings                                                                                                 ###
.
                                           Solver:              MATREX
                                             Mode:        forward
                             Fixed fission energy:             no
-------------------------------------------------------------------------------------------------------------------------
###   Concentrations output options                                                                                   ###
.
                            High-precision output:             no
                                  Relative cutoff:            yes
                         Step for applying cutoff:       integral
.
                      light els.   actinides  fis.prods.       total
                       nuc    el   nuc    el   nuc    el   nuc    el             cutoff
gram-atoms                                                                    1.000E-06
grams                                                      **                 1.000E-06
curies                                                                        1.000E-06
watts                                                                         1.000E-06
gamma watts                                                                   1.000E-06
m3 air                                                                        1.000E-06
m3 water                                                                      1.000E-06
grams ppm                                                                     1.000E-06
atoms ppm                                                                     1.000E-06
atoms/barn-cm                                                                 1.000E-06
becquerels                                                                    1.000E-06
-------------------------------------------------------------------------------------------------------------------------
###   Additional output options                                                                                       ###
.
                                      Print k-inf:             no
           Nuclides for absorption fraction print:           none
                              Print fission rates:             no
            Step for sorting absorption fractions:              1
=========================================================================================================================
=   Case "decay" (#2/2)                                                                                                 =
-------------------------------------------------------------------------------------------------------------------------
###   Library settings                                                                                                ###
.
                                Library file name:     C:/Users/Teddy/AppData/Local/Temp/scale.Teddy.10668/w17x17_100d.f33
                             Library set position:              1
                 Fission product reaction removal:             no
-------------------------------------------------------------------------------------------------------------------------
###   Global settings                                                                                                 ###
.
                                           Solver:              MATREX
                                             Mode:        forward
                             Fixed fission energy:             no
-------------------------------------------------------------------------------------------------------------------------
###   Concentrations output options                                                                                   ###
.
                            High-precision output:             no
                                  Relative cutoff:            yes
                         Step for applying cutoff:       integral
.
                      light els.   actinides  fis.prods.       total
                       nuc    el   nuc    el   nuc    el   nuc    el             cutoff
gram-atoms                                                                    1.000E-06
grams                                                      **                 1.000E-06
curies                                                                        1.000E-06
watts                                                                         1.000E-06
gamma watts                                                                   1.000E-06
m3 air                                                                        1.000E-06
m3 water                                                                      1.000E-06
grams ppm                                                                     1.000E-06
atoms ppm                                                                     1.000E-06
atoms/barn-cm                                                                 1.000E-06
becquerels                                                                    1.000E-06
-------------------------------------------------------------------------------------------------------------------------
###   Additional output options                                                                                       ###
.
                                      Print k-inf:             no
           Nuclides for absorption fraction print:           none
                              Print fission rates:             no
            Step for sorting absorption fractions:              1
=========================================================================================================================
###   Blending information                                                                                            ###
.
  --- no blending requested in this job ---
=========================================================================================================================
.
.
***Warning:  The flux over a step has changed by more than 20%.
=========================================================================================================================
=   History overview for case 'irrad' (#1/2)                                                                            =
-------------------------------------------------------------------------------------------------------------------------
   step          t0          t1          dt           t        flux     fluence       power      energy
    (-)         (d)         (d)         (s)         (s)   (n/cm2-s)     (n/cm2)        (MW)       (MWd)
      1      0.0000    550.0000  4.7520E+07  4.7520E+07  1.2534E+15  5.9560E+22  1.1442E+02  6.2929E+04
          
              step - step index within this case
                t0 - time at beginning-of-step in input units
                t1 - time at end-of-step in input units
                dt - length of step in seconds
                 t - end-of-step cumulative time in seconds
              flux - flux in neutrons/cm^2-sec (CALCULATED)
           fluence - cumulative end-of-step fluence in neutrons/cm^2 (CALCULATED)
             power - power in mega-watts (INPUT)     
            energy - cumulative end-of-step energy released in mega-watt-days (INPUT)     
=========================================================================================================================
.
.
.
.
.
*************************************************************************************************************************
********************                                                                                 ********************
********************                                                                                 ********************
********************                    Library information                                          ********************
********************                                                                                 ********************
********************                                                                                 ********************
*************************************************************************************************************************
.
.
=========================================================================================================================
=   Library summary for case 'irrad' (#1/2)                                                                             =
-------------------------------------------------------------------------------------------------------------------------
filename: C:/Users/Teddy/AppData/Local/Temp/scale.Teddy.10668/w17x17_100d.f33 cross-section data taken from position number: 1
library title delimited by {}: 
{}
date library was produced: 538976288/538976288/538976288
total number of nuclides in library: 2237
number of light-element nuclides: 910
number of actinide nuclides: 176
number of fission product nuclides: 1151
number of nonzero off-diagonal matrix elements: 54564
=========================================================================================================================
.
.
*************************************************************************************************************************
********************                                                                                 ********************
********************                                                                                 ********************
********************                    Concentration tables                                         ********************
********************                                                                                 ********************
********************                                                                                 ********************
*************************************************************************************************************************
.
.
=========================================================================================================================
=   Nuclide concentrations in grams for case 'irrad' (#1/2)                                                             =
-------------------------------------------------------------------------------------------------------------------------
  (relative cutoff; integral of concentrations over time >   1.00E-06 % of integral of all concentrations over time)
.
                   0.000d    550.000d   
  h-3          0.0000E+00  1.0637E-01
  he-4         0.0000E+00  3.2210E+00
  u-234        0.0000E+00  2.4405E+00
  u-235        2.8000E+04  1.1700E+03
  u-236        0.0000E+00  3.7653E+03
  u-237        0.0000E+00  2.8597E+01
  u-238        9.7200E+05  9.1549E+05
  u-239        0.0000E+00  2.1050E+00
  np-237       0.0000E+00  6.4304E+02
  np-238       0.0000E+00  6.8406E+00
  np-239       0.0000E+00  3.0246E+02
  pu-238       0.0000E+00  4.5781E+02
  pu-239       0.0000E+00  5.3015E+03
  pu-240       0.0000E+00  2.6449E+03
  pu-241       0.0000E+00  1.8179E+03
  pu-242       0.0000E+00  1.9048E+03
  pu-243       0.0000E+00  1.7132E+00
  pu-244       0.0000E+00  8.5421E-01
  am-241       0.0000E+00  1.8703E+01
  am-242m      0.0000E+00  3.0954E-01
  am-242       0.0000E+00  2.0270E-01
  am-243       0.0000E+00  7.2013E+02
  am-244m      0.0000E+00  1.0603E-01
  am-244       0.0000E+00  1.6496E-01
  cm-242       0.0000E+00  3.0602E+01
  cm-243       0.0000E+00  1.5209E+00
  cm-244       0.0000E+00  7.3065E+02
  cm-245       0.0000E+00  8.0000E+01
  cm-246       0.0000E+00  2.8353E+01
  cm-247       0.0000E+00  7.4563E-01
  cm-248       0.0000E+00  1.2911E-01
  ge-73        0.0000E+00  3.1385E-02
  ge-74        0.0000E+00  8.7095E-02
  as-75        0.0000E+00  2.1107E-01
  ge-76        0.0000E+00  5.9016E-01
  se-77        0.0000E+00  1.2410E+00
  se-78        0.0000E+00  4.1965E+00
  se-79        0.0000E+00  8.3537E+00
  se-80        0.0000E+00  2.1429E+01
  br-81        0.0000E+00  3.5422E+01
  se-82        0.0000E+00  5.7096E+01
  kr-82        0.0000E+00  2.3519E+00
  kr-83        0.0000E+00  4.7849E+01
  kr-84        0.0000E+00  1.9705E+02
  kr-85        0.0000E+00  4.0321E+01
  kr-85m       0.0000E+00  5.5412E-02
  rb-85        0.0000E+00  1.5276E+02
  kr-86        0.0000E+00  2.8667E+02
  rb-86        0.0000E+00  1.2196E-01
  sr-86        0.0000E+00  1.4433E+00
  kr-87        0.0000E+00  2.9454E-02
  rb-87        0.0000E+00  3.7501E+02
  kr-88        0.0000E+00  8.5984E-02
  sr-88        0.0000E+00  5.1624E+02
  sr-89        0.0000E+00  4.9866E+01
  y-89         0.0000E+00  6.3505E+02
  sr-90        0.0000E+00  8.2490E+02
  y-90         0.0000E+00  2.4322E-01
  zr-90        0.0000E+00  2.1881E+01
  sr-91        0.0000E+00  5.7387E-01
  y-91         0.0000E+00  8.7626E+01
  y-91m        0.0000E+00  2.9063E-02
  zr-91        0.0000E+00  8.3380E+02
  sr-92        0.0000E+00  1.8918E-01
  y-92         0.0000E+00  2.4996E-01
  zr-92        0.0000E+00  1.0437E+03
  y-93         0.0000E+00  8.8971E-01
  zr-93        0.0000E+00  1.1818E+03
  y-94         0.0000E+00  3.0124E-02
  zr-94        0.0000E+00  1.3250E+03
  mo-94        0.0000E+00  3.2596E-02
  zr-95        0.0000E+00  1.6931E+02
  nb-95        0.0000E+00  9.1608E+01
  nb-95m       0.0000E+00  1.0337E-01
  mo-95        0.0000E+00  1.0927E+03
  zr-96        0.0000E+00  1.4558E+03
  nb-96        0.0000E+00  2.7220E-02
  mo-96        0.0000E+00  1.3904E+02
  zr-97        0.0000E+00  2.1008E+00
  nb-97        0.0000E+00  1.5214E-01
  mo-97        0.0000E+00  1.4778E+03
  mo-98        0.0000E+00  1.5978E+03
  mo-99        0.0000E+00  9.8947E+00
  tc-99        0.0000E+00  1.3399E+03
  tc-99m       0.0000E+00  7.9925E-01
  ru-99        0.0000E+00  2.5056E-02
  mo-100       0.0000E+00  1.8266E+03
  ru-100       0.0000E+00  3.7702E+02
  mo-101       0.0000E+00  3.6557E-02
  tc-101       0.0000E+00  3.5574E-02
  ru-101       0.0000E+00  1.4811E+03
  mo-102       0.0000E+00  2.8611E-02
  ru-102       0.0000E+00  1.7800E+03
  ru-103       0.0000E+00  1.5788E+02
  rh-103       0.0000E+00  6.3385E+02
  rh-103m      0.0000E+00  1.5508E-01
  tc-104       0.0000E+00  4.6081E-02
  ru-104       0.0000E+00  1.4036E+03
  pd-104       0.0000E+00  8.5539E+02
  ru-105       0.0000E+00  6.1196E-01
  rh-105       0.0000E+00  3.6733E+00
  pd-105       0.0000E+00  8.0395E+02
  ru-106       0.0000E+00  5.9099E+02
  pd-106       0.0000E+00  7.4999E+02
  rh-107       0.0000E+00  3.1442E-02
  pd-107       0.0000E+00  6.4913E+02
  pd-108       0.0000E+00  4.5507E+02
  pd-109       0.0000E+00  8.6066E-01
  ag-109       0.0000E+00  1.9169E+02
  pd-110       0.0000E+00  1.6070E+02
  ag-110m      0.0000E+00  2.7017E+00
  cd-110       0.0000E+00  2.1606E+02
  ag-111       0.0000E+00  2.0752E+00
  cd-111       0.0000E+00  8.4567E+01
  pd-112       0.0000E+00  1.0282E-01
  cd-112       0.0000E+00  4.3369E+01
  cd-113       0.0000E+00  1.5498E-01
  cd-114       0.0000E+00  4.2447E+01
  cd-115       0.0000E+00  8.4823E-02
  cd-115m      0.0000E+00  1.0790E-01
  in-115       0.0000E+00  2.3159E+00
  sn-115       0.0000E+00  5.3988E-01
  cd-116       0.0000E+00  1.3132E+01
  sn-116       0.0000E+00  1.0637E+01
  sn-117       0.0000E+00  1.1622E+01
  sn-118       0.0000E+00  1.0900E+01
  sn-119       0.0000E+00  1.0208E+01
  sn-119m      0.0000E+00  1.5470E-01
  sn-120       0.0000E+00  1.0699E+01
  sn-121       0.0000E+00  3.1255E-02
  sn-121m      0.0000E+00  7.9724E-01
  sb-121       0.0000E+00  9.2944E+00
  sn-122       0.0000E+00  1.3631E+01
  sb-122       0.0000E+00  2.1307E-02
  te-122       0.0000E+00  1.5152E+00
  sn-123       0.0000E+00  6.2201E-01
  sb-123       0.0000E+00  1.2092E+01
  sn-124       0.0000E+00  2.1108E+01
  sb-124       0.0000E+00  2.9805E-01
  te-124       0.0000E+00  9.4758E-01
  sn-125       0.0000E+00  3.2092E-01
  sb-125       0.0000E+00  2.3468E+01
  te-125       0.0000E+00  4.6551E+00
  te-125m      0.0000E+00  2.7127E-01
  sn-126       0.0000E+00  4.7397E+01
  sb-126       0.0000E+00  2.0507E-02
  te-126       0.0000E+00  1.1434E+00
  sb-127       0.0000E+00  1.1438E+00
  te-127       0.0000E+00  9.8157E-02
  te-127m      0.0000E+00  9.0976E-01
  i-127        0.0000E+00  8.5551E+01
  te-128       0.0000E+00  2.0938E+02
  xe-128       0.0000E+00  1.2460E+01
  sb-129       0.0000E+00  1.6092E-01
  te-129       0.0000E+00  4.0469E-02
  te-129m      0.0000E+00  4.8009E+00
  i-129        0.0000E+00  3.2758E+02
  xe-129       0.0000E+00  1.8056E-01
  te-130       0.0000E+00  7.5678E+02
  i-130        0.0000E+00  7.0565E-02
  xe-130       0.0000E+00  3.1766E+01
  sb-131       0.0000E+00  3.2769E-02
  te-131       0.0000E+00  3.9932E-02
  te-131m      0.0000E+00  8.0505E-01
  i-131        0.0000E+00  2.1995E+01
  xe-131       0.0000E+00  5.6861E+02
  xe-131m      0.0000E+00  4.0152E-01
  te-132       0.0000E+00  1.2203E+01
  i-132        0.0000E+00  3.7672E-01
  xe-132       0.0000E+00  2.4716E+03
  te-133       0.0000E+00  2.3416E-02
  te-133m      0.0000E+00  9.5613E-02
  i-133        0.0000E+00  4.6213E+00
  xe-133       0.0000E+00  2.7917E+01
  xe-133m      0.0000E+00  3.7500E-01
  cs-133       0.0000E+00  1.7967E+03
  te-134       0.0000E+00  1.2513E-01
  i-134        0.0000E+00  2.1524E-01
  xe-134       0.0000E+00  2.9552E+03
  cs-134       0.0000E+00  4.7244E+02
  cs-134m      0.0000E+00  3.4367E-02
  ba-134       0.0000E+00  1.0017E+02
  i-135        0.0000E+00  1.4344E+00
  xe-135       0.0000E+00  1.6733E-01
  cs-135       0.0000E+00  3.3931E+02
  ba-135       0.0000E+00  1.4035E+00
  xe-136       0.0000E+00  5.1198E+03
  cs-136       0.0000E+00  1.9437E+00
  ba-136       0.0000E+00  3.5964E+01
  cs-137       0.0000E+00  2.4312E+03
  ba-137       0.0000E+00  4.8599E+01
  xe-138       0.0000E+00  4.3505E-02
  cs-138       0.0000E+00  1.1468E-01
  ba-138       0.0000E+00  2.4765E+03
  la-138       0.0000E+00  3.3222E-02
  cs-139       0.0000E+00  2.9634E-02
  ba-139       0.0000E+00  2.7335E-01
  la-139       0.0000E+00  2.2712E+03
  ba-140       0.0000E+00  5.7774E+01
  la-140       0.0000E+00  8.1675E+00
  ce-140       0.0000E+00  2.2768E+03
  ba-141       0.0000E+00  5.4073E-02
  la-141       0.0000E+00  7.0272E-01
  ce-141       0.0000E+00  1.3627E+02
  pr-141       0.0000E+00  1.8910E+03
  ba-142       0.0000E+00  2.8748E-02
  la-142       0.0000E+00  2.5753E-01
  ce-142       0.0000E+00  2.1238E+03
  pr-142       0.0000E+00  3.1301E-01
  nd-142       0.0000E+00  8.4848E+01
  la-143       0.0000E+00  3.7527E-02
  ce-143       0.0000E+00  5.3016E+00
  pr-143       0.0000E+00  5.1192E+01
  nd-143       0.0000E+00  8.9434E+02
  ce-144       0.0000E+00  8.8918E+02
  pr-144       0.0000E+00  3.8407E-02
  nd-144       0.0000E+00  1.9750E+03
  pr-145       0.0000E+00  6.7859E-01
  nd-145       0.0000E+00  1.0696E+03
  ce-146       0.0000E+00  2.1211E-02
  pr-146       0.0000E+00  3.8072E-02
  nd-146       0.0000E+00  1.4737E+03
  nd-147       0.0000E+00  1.9344E+01
  pm-147       0.0000E+00  1.9904E+02
  sm-147       0.0000E+00  4.1164E+01
  nd-148       0.0000E+00  7.6708E+02
  pm-148       0.0000E+00  3.8487E+00
  pm-148m      0.0000E+00  1.6223E+00
  sm-148       0.0000E+00  2.9688E+02
  nd-149       0.0000E+00  8.8728E-02
  pm-149       0.0000E+00  4.3265E+00
  sm-149       0.0000E+00  2.0684E+00
  nd-150       0.0000E+00  3.8380E+02
  sm-150       0.0000E+00  6.2691E+02
  pm-151       0.0000E+00  8.4527E-01
  sm-151       0.0000E+00  1.5659E+01
  sm-152       0.0000E+00  1.5578E+02
  sm-153       0.0000E+00  4.4746E+00
  eu-153       0.0000E+00  2.1614E+02
  sm-154       0.0000E+00  1.1918E+02
  eu-154       0.0000E+00  5.7796E+01
  gd-154       0.0000E+00  3.2432E+00
  eu-155       0.0000E+00  1.9366E+01
  gd-155       0.0000E+00  4.8200E-02
  sm-156       0.0000E+00  4.5442E-02
  eu-156       0.0000E+00  3.2646E+01
  gd-156       0.0000E+00  4.7216E+02
  eu-157       0.0000E+00  1.7909E-01
  gd-157       0.0000E+00  3.4044E-01
  gd-158       0.0000E+00  1.2014E+02
  gd-159       0.0000E+00  4.9573E-02
  tb-159       0.0000E+00  1.0261E+01
  gd-160       0.0000E+00  3.6703E+00
  tb-160       0.0000E+00  8.0865E-01
  dy-160       0.0000E+00  8.4929E-01
  tb-161       0.0000E+00  1.1518E-01
  dy-161       0.0000E+00  1.3890E+00
  dy-162       0.0000E+00  1.1824E+00
  dy-163       0.0000E+00  1.1928E+00
  dy-164       0.0000E+00  3.2561E-01
  ho-165       0.0000E+00  8.9662E-01
  er-166       0.0000E+00  3.7439E-01
  er-168       0.0000E+00  6.2186E-02
------------
  totals       1.0000E+06  1.0021E+06
=========================================================================================================================
.
.
=========================================================================================================================
=   History overview for case 'decay' (#2/2)                                                                            =
-------------------------------------------------------------------------------------------------------------------------
   step          t0          t1          dt           t        flux     fluence       power      energy
    (-)         (y)         (y)         (s)         (s)   (n/cm2-s)     (n/cm2)        (MW)       (MWd)
      1      1.5057      2.5057  3.1560E+07  7.9080E+07  0.0000E+00  5.9560E+22  0.0000E+00  6.2929E+04
          
              step - step index within this case
                t0 - time at beginning-of-step in input units
                t1 - time at end-of-step in input units
                dt - length of step in seconds
                 t - end-of-step cumulative time in seconds
              flux - flux in neutrons/cm^2-sec (CALCULATED)
           fluence - cumulative end-of-step fluence in neutrons/cm^2 (CALCULATED)
             power - power in mega-watts (INPUT)     
            energy - cumulative end-of-step energy released in mega-watt-days (INPUT)     
=========================================================================================================================
.
.
.
.
.
*************************************************************************************************************************
********************                                                                                 ********************
********************                                                                                 ********************
********************                    Library information                                          ********************
********************                                                                                 ********************
********************                                                                                 ********************
*************************************************************************************************************************
.
.
=========================================================================================================================
=   Library summary for case 'decay' (#2/2)                                                                             =
-------------------------------------------------------------------------------------------------------------------------
filename: C:/Users/Teddy/AppData/Local/Temp/scale.Teddy.10668/w17x17_100d.f33 cross-section data taken from position number: 1
library title delimited by {}: 
{}
date library was produced: 538976288/538976288/538976288
total number of nuclides in library: 2237
number of light-element nuclides: 910
number of actinide nuclides: 176
number of fission product nuclides: 1151
number of nonzero off-diagonal matrix elements: 54564
=========================================================================================================================
.
.
*************************************************************************************************************************
********************                                                                                 ********************
********************                                                                                 ********************
********************                    Concentration tables                                         ********************
********************                                                                                 ********************
********************                                                                                 ********************
*************************************************************************************************************************
.
.
=========================================================================================================================
=   Nuclide concentrations in grams for case 'decay' (#2/2)                                                             =
-------------------------------------------------------------------------------------------------------------------------
  (relative cutoff; integral of concentrations over time >   1.00E-06 % of integral of all concentrations over time)
.
                   1.506y      2.506y   
  h-3          1.0637E-01  1.0055E-01
  he-4         3.2210E+00  4.1469E+00
  u-234        2.4405E+00  6.1523E+00
  u-235        1.1700E+03  1.1701E+03
  u-236        3.7653E+03  3.7656E+03
  u-237        2.8597E+01  5.4030E-05
  u-238        9.1549E+05  9.1549E+05
  u-239        2.1050E+00  0.0000E+00
  np-237       6.4304E+02  6.7174E+02
  np-238       6.8406E+00  5.7159E-08
  np-239       3.0246E+02  6.2131E-04
  pu-238       4.5781E+02  4.8474E+02
  pu-239       5.3015E+03  5.6060E+03
  pu-240       2.6449E+03  2.6716E+03
  pu-241       1.8179E+03  1.7318E+03
  pu-242       1.9048E+03  1.9048E+03
  pu-243       1.7132E+00  2.6585E-11
  pu-244       8.5421E-01  8.5425E-01
  am-241       1.8703E+01  1.0468E+02
  am-242m      3.0954E-01  3.0803E-01
  am-242       2.0270E-01  3.9742E-06
  am-243       7.2013E+02  7.2178E+02
  am-244m      1.0603E-01  0.0000E+00
  am-244       1.6496E-01  8.1876E-12
  cm-242       3.0602E+01  6.5062E+00
  cm-243       1.5209E+00  1.4851E+00
  cm-244       7.3065E+02  7.0347E+02
  cm-245       8.0000E+01  7.9993E+01
  cm-246       2.8353E+01  2.8349E+01
  cm-247       7.4563E-01  7.4563E-01
  cm-248       1.2911E-01  1.2955E-01
  ge-73        3.1385E-02  3.1407E-02
  ge-74        8.7095E-02  8.7097E-02
  as-75        2.1107E-01  2.1110E-01
  ge-76        5.9016E-01  5.9016E-01
  se-76        1.5343E-02  1.5432E-02
  se-77        1.2410E+00  1.2467E+00
  se-78        4.1965E+00  4.1975E+00
  se-79        8.3537E+00  8.3538E+00
  se-80        2.1429E+01  2.1429E+01
  br-81        3.5422E+01  3.5423E+01
  se-82        5.7096E+01  5.7096E+01
  kr-82        2.3519E+00  2.3682E+00
  kr-83        4.7849E+01  4.7877E+01
  kr-84        1.9705E+02  1.9705E+02
  kr-85        4.0321E+01  3.7815E+01
  kr-85m       5.5412E-02  0.0000E+00
  rb-85        1.5276E+02  1.5532E+02
  kr-86        2.8667E+02  2.8667E+02
  rb-86        1.2196E-01  1.5283E-07
  sr-86        1.4433E+00  1.5653E+00
  kr-87        2.9454E-02  0.0000E+00
  rb-87        3.7501E+02  3.7504E+02
  kr-88        8.5984E-02  0.0000E+00
  sr-88        5.1624E+02  5.1634E+02
  sr-89        4.9866E+01  3.3249E-01
  y-89         6.3505E+02  6.8460E+02
  sr-90        8.2490E+02  8.0528E+02
  y-90         2.4322E-01  2.0427E-01
  zr-90        2.1881E+01  4.1544E+01
  sr-91        5.7387E-01  0.0000E+00
  y-91         8.7626E+01  1.1649E+00
  y-91m        2.9063E-02  0.0000E+00
  zr-91        8.3380E+02  9.2086E+02
  sr-92        1.8918E-01  0.0000E+00
  y-92         2.4996E-01  0.0000E+00
  zr-92        1.0437E+03  1.0441E+03
  y-93         8.8971E-01  0.0000E+00
  zr-93        1.1818E+03  1.1827E+03
  y-94         3.0124E-02  0.0000E+00
  zr-94        1.3250E+03  1.3251E+03
  mo-94        3.2596E-02  3.2596E-02
  zr-95        1.6931E+02  3.2469E+00
  nb-95        9.1608E+01  3.9551E+00
  nb-95m       1.0337E-01  2.0955E-03
  mo-95        1.0927E+03  1.3466E+03
  zr-96        1.4558E+03  1.4558E+03
  nb-96        2.7220E-02  0.0000E+00
  mo-96        1.3904E+02  1.3907E+02
  zr-97        2.1008E+00  0.0000E+00
  nb-97        1.5214E-01  0.0000E+00
  mo-97        1.4778E+03  1.4800E+03
  mo-98        1.5978E+03  1.5978E+03
  tc-98        1.7480E-02  1.7480E-02
  mo-99        9.8947E+00  0.0000E+00
  tc-99        1.3399E+03  1.3506E+03
  tc-99m       7.9925E-01  0.0000E+00
  ru-99        2.5056E-02  2.9842E-02
  mo-100       1.8266E+03  1.8266E+03
  ru-100       3.7702E+02  3.7702E+02
  mo-101       3.6557E-02  0.0000E+00
  tc-101       3.5574E-02  0.0000E+00
  ru-101       1.4811E+03  1.4812E+03
  mo-102       2.8611E-02  0.0000E+00
  ru-102       1.7800E+03  1.7800E+03
  ru-103       1.5788E+02  2.4923E-01
  rh-103       6.3385E+02  7.9165E+02
  rh-103m      1.5508E-01  2.4480E-04
  tc-104       4.6081E-02  0.0000E+00
  ru-104       1.4036E+03  1.4037E+03
  pd-104       8.5539E+02  8.5539E+02
  ru-105       6.1196E-01  0.0000E+00
  rh-105       3.6733E+00  0.0000E+00
  pd-105       8.0395E+02  8.0826E+02
  ru-106       5.9099E+02  2.9910E+02
  pd-106       7.4999E+02  1.0419E+03
  rh-107       3.1442E-02  0.0000E+00
  pd-107       6.4913E+02  6.4917E+02
  pd-108       4.5507E+02  4.5507E+02
  pd-109       8.6066E-01  0.0000E+00
  ag-109       1.9169E+02  1.9256E+02
  pd-110       1.6070E+02  1.6070E+02
  ag-110m      2.7017E+00  9.8035E-01
  cd-110       2.1606E+02  2.1779E+02
  ag-111       2.0752E+00  3.6161E-15
  cd-111       8.4567E+01  8.6647E+01
  pd-112       1.0282E-01  0.0000E+00
  cd-112       4.3369E+01  4.3488E+01
  cd-113       1.5498E-01  1.6685E-01
  cd-114       4.2447E+01  4.2447E+01
  cd-115       8.4823E-02  0.0000E+00
  cd-115m      1.0790E-01  3.6767E-04
  in-115       2.3159E+00  2.5112E+00
  sn-115       5.3988E-01  5.4450E-01
  cd-116       1.3132E+01  1.3132E+01
  sn-116       1.0637E+01  1.0638E+01
  sn-117       1.1622E+01  1.1629E+01
  sn-118       1.0900E+01  1.0901E+01
  sn-119       1.0208E+01  1.0298E+01
  sn-119m      1.5470E-01  6.5193E-02
  sn-120       1.0699E+01  1.0699E+01
  sn-121       3.1255E-02  4.2779E-05
  sn-121m      7.9724E-01  7.8475E-01
  sb-121       9.2944E+00  9.3381E+00
  sn-122       1.3631E+01  1.3632E+01
  sb-122       2.1307E-02  0.0000E+00
  te-122       1.5152E+00  1.5360E+00
  sn-123       6.2201E-01  8.7642E-02
  sb-123       1.2092E+01  1.2627E+01
  te-123       1.6305E-02  2.1683E-02
  sn-124       2.1108E+01  2.1108E+01
  sb-124       2.9805E-01  4.4433E-03
  te-124       9.4758E-01  1.2412E+00
  sn-125       3.2092E-01  1.2581E-12
  sb-125       2.3468E+01  1.8505E+01
  te-125       4.6551E+00  9.9526E+00
  te-125m      2.7127E-01  2.5726E-01
  sn-126       4.7397E+01  4.7396E+01
  sb-126       2.0507E-02  9.7553E-07
  te-126       1.1434E+00  1.1641E+00
  sb-127       1.1438E+00  0.0000E+00
  te-127       9.8157E-02  3.8005E-04
  te-127m      9.0976E-01  1.0856E-01
  i-127        8.5551E+01  8.7610E+01
  te-128       2.0938E+02  2.0942E+02
  xe-128       1.2460E+01  1.2461E+01
  sb-129       1.6092E-01  0.0000E+00
  te-129       4.0469E-02  2.3378E-06
  te-129m      4.8009E+00  2.5760E-03
  i-129        3.2758E+02  3.3258E+02
  xe-129       1.8056E-01  1.8201E-01
  te-130       7.5678E+02  7.5681E+02
  i-130        7.0565E-02  0.0000E+00
  xe-130       3.1766E+01  3.1837E+01
  sb-131       3.2769E-02  0.0000E+00
  te-131       3.9932E-02  0.0000E+00
  te-131m      8.0505E-01  0.0000E+00
  i-131        2.1995E+01  4.5775E-13
  xe-131       5.6861E+02  5.9189E+02
  xe-131m      4.0152E-01  6.0662E-10
  te-132       1.2203E+01  0.0000E+00
  i-132        3.7672E-01  0.0000E+00
  xe-132       2.4716E+03  2.4842E+03
  te-133       2.3416E-02  0.0000E+00
  te-133m      9.5613E-02  0.0000E+00
  i-133        4.6213E+00  0.0000E+00
  xe-133       2.7917E+01  3.6580E-20
  xe-133m      3.7500E-01  0.0000E+00
  cs-133       1.7967E+03  1.8298E+03
  te-134       1.2513E-01  0.0000E+00
  i-134        2.1524E-01  0.0000E+00
  xe-134       2.9552E+03  2.9556E+03
  cs-134       4.7244E+02  3.3776E+02
  cs-134m      3.4367E-02  0.0000E+00
  ba-134       1.0017E+02  2.3489E+02
  i-135        1.4344E+00  0.0000E+00
  xe-135       1.6733E-01  0.0000E+00
  cs-135       3.3931E+02  3.4093E+02
  ba-135       1.4035E+00  1.4048E+00
  xe-136       5.1198E+03  5.1198E+03
  cs-136       1.9437E+00  8.5701E-09
  ba-136       3.5964E+01  3.7907E+01
  cs-137       2.4312E+03  2.3758E+03
  ba-137       4.8599E+01  1.0399E+02
  xe-138       4.3505E-02  0.0000E+00
  cs-138       1.1468E-01  0.0000E+00
  ba-138       2.4765E+03  2.4766E+03
  la-138       3.3222E-02  3.3222E-02
  cs-139       2.9634E-02  0.0000E+00
  ba-139       2.7335E-01  0.0000E+00
  la-139       2.2712E+03  2.2715E+03
  ba-140       5.7774E+01  1.3786E-07
  la-140       8.1675E+00  2.0894E-08
  ce-140       2.2768E+03  2.3427E+03
  ba-141       5.4073E-02  0.0000E+00
  la-141       7.0272E-01  0.0000E+00
  ce-141       1.3627E+02  5.6787E-02
  pr-141       1.8910E+03  2.0279E+03
  ba-142       2.8748E-02  0.0000E+00
  la-142       2.5753E-01  0.0000E+00
  ce-142       2.1238E+03  2.1241E+03
  pr-142       3.1301E-01  0.0000E+00
  nd-142       8.4848E+01  8.5162E+01
  la-143       3.7527E-02  0.0000E+00
  ce-143       5.3016E+00  0.0000E+00
  pr-143       5.1192E+01  4.5050E-07
  nd-143       8.9434E+02  9.5087E+02
  ce-144       8.8918E+02  3.6563E+02
  pr-144       3.8407E-02  1.5401E-02
  nd-144       1.9750E+03  2.4985E+03
  pr-145       6.7859E-01  0.0000E+00
  nd-145       1.0696E+03  1.0703E+03
  ce-146       2.1211E-02  0.0000E+00
  pr-146       3.8072E-02  0.0000E+00
  nd-146       1.4737E+03  1.4738E+03
  nd-147       1.9344E+01  1.8722E-09
  pm-147       1.9904E+02  1.6786E+02
  sm-147       4.1164E+01  9.1706E+01
  nd-148       7.6708E+02  7.6708E+02
  pm-148       3.8487E+00  2.2115E-05
  pm-148m      1.6223E+00  3.5237E-03
  sm-148       2.9688E+02  3.0234E+02
  nd-149       8.8728E-02  0.0000E+00
  pm-149       4.3265E+00  0.0000E+00
  sm-149       2.0684E+00  6.4854E+00
  nd-150       3.8380E+02  3.8380E+02
  sm-150       6.2691E+02  6.2692E+02
  pm-151       8.4527E-01  0.0000E+00
  sm-151       1.5659E+01  1.6384E+01
  eu-151       4.4612E-03  1.3111E-01
  sm-152       1.5578E+02  1.5579E+02
  sm-153       4.4746E+00  0.0000E+00
  eu-153       2.1614E+02  2.2061E+02
  sm-154       1.1918E+02  1.1918E+02
  eu-154       5.7796E+01  5.3322E+01
  gd-154       3.2432E+00  7.7178E+00
  eu-155       1.9366E+01  1.6740E+01
  gd-155       4.8200E-02  2.6768E+00
  sm-156       4.5442E-02  0.0000E+00
  eu-156       3.2646E+01  1.8856E-06
  gd-156       4.7216E+02  5.0485E+02
  eu-157       1.7909E-01  0.0000E+00
  gd-157       3.4044E-01  5.1996E-01
  gd-158       1.2014E+02  1.2014E+02
  gd-159       4.9573E-02  0.0000E+00
  tb-159       1.0261E+01  1.0311E+01
  gd-160       3.6703E+00  3.6703E+00
  tb-160       8.0865E-01  2.4371E-02
  dy-160       8.4929E-01  1.6336E+00
  tb-161       1.1518E-01  1.3772E-17
  dy-161       1.3890E+00  1.5042E+00
  dy-162       1.1824E+00  1.1824E+00
  dy-163       1.1928E+00  1.1928E+00
  dy-164       3.2561E-01  3.2561E-01
  ho-165       8.9662E-01  8.9759E-01
  er-166       3.7439E-01  3.7930E-01
  er-167       1.9632E-02  1.9664E-02
  er-168       6.2186E-02  6.2186E-02
------------
  totals       1.0021E+06  1.0021E+06
=========================================================================================================================
.
.
*************************************************************************************************************************
********************                                                                                 ********************
********************                                                                                 ********************
********************                    Written F71 File Information                                 ********************
********************                                                                                 ********************
********************                                                                                 ********************
*************************************************************************************************************************
.
.
   pos         time        power         flux      fluence       energy libpos   case   step DCGNAB
   (-)          (s)         (MW)    (n/cm2-s)      (n/cm2)        (MWd)    (-)    (-)    (-)    (-)
     1  4.75200e+07  0.00000e+00  0.00000e+00  5.95597e+22  6.29293e+04      1      2      0 DC----
     2  7.90800e+07  0.00000e+00  0.00000e+00  5.95597e+22  6.29293e+04      1      2      1 DC----
    D - state definition present
    C - concentrations present
    G - gamma emission spectra present
    N - neutron emission spectra present
    A - alpha emission spectra present
    B - beta emission spectra present
.
.
.
=========================================================================================================================
ORIGEN finished successfully.
=========================================================================================================================
    module origen used 0.58763 seconds cpu time for the current pass.

    module origen is finished. completion code    0. total cpu time used 1.11968e-005 seconds.


    SCALE is finished on Wed Feb 13 18:32:22 2019.
-------------------------- Summary --------------------------
arp finished. used 2.5353 seconds.
origen finished. used 0.593368 seconds.
SCALE driver required a maximum of 8.285 MiB of RAM.
------------------------ End Summary ------------------------

w17x17_100d.f33 copied to C:\Users\Teddy\Desktop\scale_test\output\w17x17_100d.f33.
discharge.f71 copied to C:\Users\Teddy\Desktop\scale_test\output\discharge.f71.
