 *******************************************************************************
 *                                                                             *
 *                                 SCALE 6.2.2                                 *
 *                                -------------                                *
 *                                February 2019                                *
 *                                                                             *
 *           SCALE:  A Comprehensive Modeling and Simulation Suite             *
 *                   for Nuclear Safety Analysis and Design                    *
 *                                                                             *
 *                      Reactor and Nuclear Systems Division                   *
 *                        Oak Ridge National Laboratory                        *
 *                                                                             *
 *                           http://scale.ornl.gov                             *
 *                            scalehelp@ornl.gov                               *
 *                                                                             *
 *******************************************************************************
 *******************************************************************************
      
                  Job Information
                  ---------------
      Job started on DESKTOP-J14NAA6 on Wed 13/02/2019 18:30:30
      Working directory: C:\Users\Teddy\AppData\Local\Temp\scale.Teddy.9724
      Input file name  : C:\Users\Teddy\Desktop\scale_test\output\2.800000_44545.454545.inp
      Output file name : C:\Users\Teddy\Desktop\scale_test\output\2.800000_44545.454545.out
      SCALE executable : C:\SCALE-6.2.2/bin/scale
      
 *******************************************************************************


    module arp will be called on Wed Feb 13 18:30:31 2019.
    sequence specification record:=arp
Input Data:

      'library type
      w17x17
      2.800000
      ' num cycles
      1
      ' num days per cycle
      550
      ' cycle average specific power (MW / MTU)
      80.991736
      ' number of interpolated cross section sets generated per cycle
      1
      ' moderator density (g/cc)
      0.723
      ' interpolated output ORIGEN library
      w17x17_100d.f33
end

1






        ************************************************************************************************************************
        ************************************************************************************************************************
        ************************************************************************************************************************
        *****                                                                                                              *****
        *****                                       program verification information                                       *****
        *****                                                                                                              *****
        *****                                   code system:  SCALE    version:  6.2                                       *****
        *****                                                                                                              *****
        ************************************************************************************************************************
        ************************************************************************************************************************
        *****                                                                                                              *****
        *****                                                                                                              *****
        *****              program:  arp.exe                                                                               *****
        *****                                                                                                              *****
        *****        creation date:   unknown                                                                              *****
        *****                                                                                                              *****
        *****              library:  C:\SCALE-6.2.2\bin                                                                    *****
        *****                                                                                                              *****
        *****                                                                                                              *****
        *****            prod code:  arp.exe                                                                               *****
        *****                                                                                                              *****
        *****              version:  6.2.2                                                                                 *****
        *****                                                                                                              *****
        *****              jobname:  Teddy                                                                                 *****
        *****                                                                                                              *****
        *****         machine name:  DESKTOP-J14NAA6                                                                       *****
        *****                                                                                                              *****
        *****    date of execution:  13_feb_2019                                                                           *****
        *****                                                                                                              *****
        *****    time of execution:  18:30:31.05                                                                           *****
        *****                                                                                                              *****
        *****                                                                                                              *****
        ************************************************************************************************************************
        ************************************************************************************************************************
        ************************************************************************************************************************


 'library type
    data library:       w17x17
       directory:       C:/SCALE-6.2.2/data/\arplibs
       definition:      C:/SCALE-6.2.2/data/\arpdata.txt
    u-235 enrichment:                        2.800

 ' num cycles
    number of cycles:                            1

 ' num days per cycle

 ' cycle average specific power (MW / MTU)

 ' number of interpolated cross section sets generated per cycle

 ' moderator density (g/cc)
    water density (g/cm3):                  0.7230
                                         cycle        cumulative      midpoint
   cycle time(d)        power(MW)      burnup(MWd/MTU)burnup(MWd/MTU)burnup(MWd/MTU)nlib
     1    550.000        80.9917        44545.5        44545.5        22272.7             1

 ' interpolated output ORIGEN library
    interpolated library name:                   w17x17_100d.f33
 interpolation type: spline
 Cross section library interpolation completed.
.
.
.
=========================================================================================================================
ARP finished successfully.
=========================================================================================================================
    module arp used 2.51593 seconds cpu time for the current pass.

    module arp is finished. completion code    0. total cpu time used 1.35295e-005 seconds.



    module origen will be called on Wed Feb 13 18:30:33 2019.
    sequence specification record:=origen
Input Data:

      case(irrad) {
          lib{
              file="w17x17_100d.f33" pos=1
          }
          mat {
              units=GRAMS
              iso=[u235=28000.000000 u238=972000.000000]
          }
          time = [ 550 ]
          power = [ 80.991736 ]
      }
      case (decay) {
          time {
              units=YEARS
              start=0
              t=[1]
          }
          save{ file="discharge.f71" steps=[0 LAST]}
      }
end

1






        ************************************************************************************************************************
        ************************************************************************************************************************
        ************************************************************************************************************************
        *****                                                                                                              *****
        *****                                       program verification information                                       *****
        *****                                                                                                              *****
        *****                                   code system:  SCALE    version:  6.2                                       *****
        *****                                                                                                              *****
        ************************************************************************************************************************
        ************************************************************************************************************************
        *****                                                                                                              *****
        *****                                                                                                              *****
        *****              program:  origen.exe                                                                            *****
        *****                                                                                                              *****
        *****        creation date:   unknown                                                                              *****
        *****                                                                                                              *****
        *****              library:  C:\SCALE-6.2.2\bin                                                                    *****
        *****                                                                                                              *****
        *****                                                                                                              *****
        *****            prod code:  origen.exe                                                                            *****
        *****                                                                                                              *****
        *****              version:  6.2.2                                                                                 *****
        *****                                                                                                              *****
        *****              jobname:  Teddy                                                                                 *****
        *****                                                                                                              *****
        *****         machine name:  DESKTOP-J14NAA6                                                                       *****
        *****                                                                                                              *****
        *****    date of execution:  13_feb_2019                                                                           *****
        *****                                                                                                              *****
        *****    time of execution:  18:30:33.57                                                                           *****
        *****                                                                                                              *****
        *****                                                                                                              *****
        ************************************************************************************************************************
        ************************************************************************************************************************
        ************************************************************************************************************************

*************************************************************************************************************************
********************                                                                                 ********************
********************                                                                                 ********************
********************                    USER INPUT SUMMARY                                           ********************
********************                                                                                 ********************
********************                                                                                 ********************
*************************************************************************************************************************
.
.
=========================================================================================================================
=   Case "irrad" (#1/2)                                                                                                 =
-------------------------------------------------------------------------------------------------------------------------
###   Library settings                                                                                                ###
.
                                Library file name:     C:/Users/Teddy/AppData/Local/Temp/scale.Teddy.9724/w17x17_100d.f33
                             Library set position:              1
                 Fission product reaction removal:             no
-------------------------------------------------------------------------------------------------------------------------
###   Global settings                                                                                                 ###
.
                                           Solver:              MATREX
                                             Mode:        forward
                             Fixed fission energy:             no
-------------------------------------------------------------------------------------------------------------------------
###   Concentrations output options                                                                                   ###
.
                            High-precision output:             no
                                  Relative cutoff:            yes
                         Step for applying cutoff:       integral
.
                      light els.   actinides  fis.prods.       total
                       nuc    el   nuc    el   nuc    el   nuc    el             cutoff
gram-atoms                                                                    1.000E-06
grams                                                      **                 1.000E-06
curies                                                                        1.000E-06
watts                                                                         1.000E-06
gamma watts                                                                   1.000E-06
m3 air                                                                        1.000E-06
m3 water                                                                      1.000E-06
grams ppm                                                                     1.000E-06
atoms ppm                                                                     1.000E-06
atoms/barn-cm                                                                 1.000E-06
becquerels                                                                    1.000E-06
-------------------------------------------------------------------------------------------------------------------------
###   Additional output options                                                                                       ###
.
                                      Print k-inf:             no
           Nuclides for absorption fraction print:           none
                              Print fission rates:             no
            Step for sorting absorption fractions:              1
=========================================================================================================================
=   Case "decay" (#2/2)                                                                                                 =
-------------------------------------------------------------------------------------------------------------------------
###   Library settings                                                                                                ###
.
                                Library file name:     C:/Users/Teddy/AppData/Local/Temp/scale.Teddy.9724/w17x17_100d.f33
                             Library set position:              1
                 Fission product reaction removal:             no
-------------------------------------------------------------------------------------------------------------------------
###   Global settings                                                                                                 ###
.
                                           Solver:              MATREX
                                             Mode:        forward
                             Fixed fission energy:             no
-------------------------------------------------------------------------------------------------------------------------
###   Concentrations output options                                                                                   ###
.
                            High-precision output:             no
                                  Relative cutoff:            yes
                         Step for applying cutoff:       integral
.
                      light els.   actinides  fis.prods.       total
                       nuc    el   nuc    el   nuc    el   nuc    el             cutoff
gram-atoms                                                                    1.000E-06
grams                                                      **                 1.000E-06
curies                                                                        1.000E-06
watts                                                                         1.000E-06
gamma watts                                                                   1.000E-06
m3 air                                                                        1.000E-06
m3 water                                                                      1.000E-06
grams ppm                                                                     1.000E-06
atoms ppm                                                                     1.000E-06
atoms/barn-cm                                                                 1.000E-06
becquerels                                                                    1.000E-06
-------------------------------------------------------------------------------------------------------------------------
###   Additional output options                                                                                       ###
.
                                      Print k-inf:             no
           Nuclides for absorption fraction print:           none
                              Print fission rates:             no
            Step for sorting absorption fractions:              1
=========================================================================================================================
###   Blending information                                                                                            ###
.
  --- no blending requested in this job ---
=========================================================================================================================
.
.
***Warning:  The flux over a step has changed by more than 20%.
=========================================================================================================================
=   History overview for case 'irrad' (#1/2)                                                                            =
-------------------------------------------------------------------------------------------------------------------------
   step          t0          t1          dt           t        flux     fluence       power      energy
    (-)         (d)         (d)         (s)         (s)   (n/cm2-s)     (n/cm2)        (MW)       (MWd)
      1      0.0000    550.0000  4.7520E+07  4.7520E+07  8.4394E+14  4.0104E+22  8.0992E+01  4.4545E+04
          
              step - step index within this case
                t0 - time at beginning-of-step in input units
                t1 - time at end-of-step in input units
                dt - length of step in seconds
                 t - end-of-step cumulative time in seconds
              flux - flux in neutrons/cm^2-sec (CALCULATED)
           fluence - cumulative end-of-step fluence in neutrons/cm^2 (CALCULATED)
             power - power in mega-watts (INPUT)     
            energy - cumulative end-of-step energy released in mega-watt-days (INPUT)     
=========================================================================================================================
.
.
.
.
.
*************************************************************************************************************************
********************                                                                                 ********************
********************                                                                                 ********************
********************                    Library information                                          ********************
********************                                                                                 ********************
********************                                                                                 ********************
*************************************************************************************************************************
.
.
=========================================================================================================================
=   Library summary for case 'irrad' (#1/2)                                                                             =
-------------------------------------------------------------------------------------------------------------------------
filename: C:/Users/Teddy/AppData/Local/Temp/scale.Teddy.9724/w17x17_100d.f33 cross-section data taken from position number: 1
library title delimited by {}: 
{}
date library was produced: 538976288/538976288/538976288
total number of nuclides in library: 2237
number of light-element nuclides: 910
number of actinide nuclides: 176
number of fission product nuclides: 1151
number of nonzero off-diagonal matrix elements: 54564
=========================================================================================================================
.
.
*************************************************************************************************************************
********************                                                                                 ********************
********************                                                                                 ********************
********************                    Concentration tables                                         ********************
********************                                                                                 ********************
********************                                                                                 ********************
*************************************************************************************************************************
.
.
=========================================================================================================================
=   Nuclide concentrations in grams for case 'irrad' (#1/2)                                                             =
-------------------------------------------------------------------------------------------------------------------------
  (relative cutoff; integral of concentrations over time >   1.00E-06 % of integral of all concentrations over time)
.
                   0.000d    550.000d   
  h-3          0.0000E+00  7.2377E-02
  he-4         0.0000E+00  1.8785E+00
  u-234        0.0000E+00  2.0035E+00
  u-235        2.8000E+04  3.3036E+03
  u-236        0.0000E+00  3.8289E+03
  u-237        0.0000E+00  2.0583E+01
  u-238        9.7200E+05  9.3369E+05
  u-239        0.0000E+00  1.4409E+00
  np-237       0.0000E+00  5.2334E+02
  np-238       0.0000E+00  3.8578E+00
  np-239       0.0000E+00  2.0749E+02
  pu-238       0.0000E+00  2.6241E+02
  pu-239       0.0000E+00  5.2781E+03
  pu-240       0.0000E+00  2.5380E+03
  pu-241       0.0000E+00  1.8720E+03
  pu-242       0.0000E+00  1.1261E+03
  pu-243       0.0000E+00  7.2420E-01
  pu-244       0.0000E+00  1.6082E-01
  am-241       0.0000E+00  2.4192E+01
  am-242m      0.0000E+00  4.0632E-01
  am-242       0.0000E+00  1.8130E-01
  am-243       0.0000E+00  2.8739E+02
  am-244m      0.0000E+00  2.9259E-02
  am-244       0.0000E+00  4.5521E-02
  cm-242       0.0000E+00  1.9840E+01
  cm-243       0.0000E+00  6.4778E-01
  cm-244       0.0000E+00  1.5077E+02
  cm-245       0.0000E+00  9.8965E+00
  cm-246       0.0000E+00  1.6213E+00
  cm-247       0.0000E+00  2.3361E-02
  ge-73        0.0000E+00  2.9244E-02
  ge-74        0.0000E+00  7.5079E-02
  as-75        0.0000E+00  1.6907E-01
  ge-76        0.0000E+00  4.3679E-01
  se-77        0.0000E+00  9.8861E-01
  se-78        0.0000E+00  3.0232E+00
  se-79        0.0000E+00  6.3004E+00
  se-80        0.0000E+00  1.6149E+01
  br-81        0.0000E+00  2.6992E+01
  se-82        0.0000E+00  4.2645E+01
  kr-82        0.0000E+00  1.1848E+00
  kr-83        0.0000E+00  4.4757E+01
  kr-84        0.0000E+00  1.4229E+02
  kr-85        0.0000E+00  3.1306E+01
  kr-85m       0.0000E+00  4.5939E-02
  rb-85        0.0000E+00  1.1897E+02
  kr-86        0.0000E+00  2.2376E+02
  rb-86        0.0000E+00  6.4216E-02
  sr-86        0.0000E+00  7.2745E-01
  kr-87        0.0000E+00  2.4829E-02
  rb-87        0.0000E+00  2.9362E+02
  kr-88        0.0000E+00  7.3555E-02
  sr-88        0.0000E+00  4.0599E+02
  sr-89        0.0000E+00  4.2602E+01
  y-89         0.0000E+00  5.1479E+02
  sr-90        0.0000E+00  6.5173E+02
  y-90         0.0000E+00  1.8395E-01
  zr-90        0.0000E+00  1.5541E+01
  sr-91        0.0000E+00  4.7727E-01
  y-91         0.0000E+00  7.7858E+01
  y-91m        0.0000E+00  2.4169E-02
  zr-91        0.0000E+00  6.3943E+02
  sr-92        0.0000E+00  1.5378E-01
  y-92         0.0000E+00  2.0317E-01
  zr-92        0.0000E+00  7.9613E+02
  y-93         0.0000E+00  7.0640E-01
  zr-93        0.0000E+00  8.9339E+02
  y-94         0.0000E+00  2.3691E-02
  zr-94        0.0000E+00  9.7819E+02
  zr-95        0.0000E+00  1.4035E+02
  nb-95        0.0000E+00  7.6166E+01
  nb-95m       0.0000E+00  8.5636E-02
  mo-95        0.0000E+00  8.2173E+02
  zr-96        0.0000E+00  1.0586E+03
  mo-96        0.0000E+00  6.7077E+01
  zr-97        0.0000E+00  1.5867E+00
  nb-97        0.0000E+00  1.1483E-01
  mo-97        0.0000E+00  1.0665E+03
  mo-98        0.0000E+00  1.1269E+03
  mo-99        0.0000E+00  7.3542E+00
  tc-99        0.0000E+00  1.0289E+03
  tc-99m       0.0000E+00  5.9233E-01
  ru-99        0.0000E+00  3.8254E-02
  mo-100       0.0000E+00  1.2846E+03
  ru-100       0.0000E+00  1.8142E+02
  mo-101       0.0000E+00  2.6788E-02
  tc-101       0.0000E+00  2.6065E-02
  ru-101       0.0000E+00  1.0640E+03
  mo-102       0.0000E+00  2.0741E-02
  ru-102       0.0000E+00  1.1665E+03
  ru-103       0.0000E+00  1.1130E+02
  rh-103       0.0000E+00  5.8428E+02
  rh-103m      0.0000E+00  1.0931E-01
  tc-104       0.0000E+00  3.2122E-02
  ru-104       0.0000E+00  8.8678E+02
  pd-104       0.0000E+00  4.5130E+02
  ru-105       0.0000E+00  4.1752E-01
  rh-105       0.0000E+00  2.7231E+00
  pd-105       0.0000E+00  5.6197E+02
  ru-106       0.0000E+00  3.7100E+02
  pd-106       0.0000E+00  3.6458E+02
  rh-107       0.0000E+00  2.1185E-02
  pd-107       0.0000E+00  3.9121E+02
  pd-108       0.0000E+00  2.6524E+02
  pd-109       0.0000E+00  4.9225E-01
  ag-109       0.0000E+00  1.3008E+02
  pd-110       0.0000E+00  8.9083E+01
  ag-110m      0.0000E+00  1.4712E+00
  cd-110       0.0000E+00  8.3178E+01
  ag-111       0.0000E+00  1.2022E+00
  cd-111       0.0000E+00  4.3984E+01
  pd-112       0.0000E+00  5.8770E-02
  cd-112       0.0000E+00  2.2386E+01
  cd-113       0.0000E+00  1.2886E-01
  cd-114       0.0000E+00  2.4546E+01
  cd-115       0.0000E+00  5.1130E-02
  cd-115m      0.0000E+00  6.3869E-02
  in-115       0.0000E+00  2.1503E+00
  sn-115       0.0000E+00  3.6232E-01
  cd-116       0.0000E+00  8.5255E+00
  sn-116       0.0000E+00  5.8938E+00
  sn-117       0.0000E+00  7.6723E+00
  sn-118       0.0000E+00  7.1343E+00
  sn-119       0.0000E+00  6.8137E+00
  sn-119m      0.0000E+00  1.2887E-01
  sn-120       0.0000E+00  7.0441E+00
  sn-121       0.0000E+00  2.1729E-02
  sn-121m      0.0000E+00  5.5678E-01
  sb-121       0.0000E+00  6.5393E+00
  sn-122       0.0000E+00  9.0058E+00
  te-122       0.0000E+00  6.7484E-01
  sn-123       0.0000E+00  4.4820E-01
  sb-123       0.0000E+00  8.2702E+00
  sn-124       0.0000E+00  1.4160E+01
  sb-124       0.0000E+00  1.3979E-01
  te-124       0.0000E+00  4.0565E-01
  sn-125       0.0000E+00  2.2269E-01
  sb-125       0.0000E+00  1.5938E+01
  te-125       0.0000E+00  2.8927E+00
  te-125m      0.0000E+00  1.8064E-01
  sn-126       0.0000E+00  3.1352E+01
  te-126       0.0000E+00  7.5519E-01
  sb-127       0.0000E+00  8.0042E-01
  te-127       0.0000E+00  6.9871E-02
  te-127m      0.0000E+00  8.7001E-01
  i-127        0.0000E+00  6.1593E+01
  te-128       0.0000E+00  1.4114E+02
  xe-128       0.0000E+00  5.4268E+00
  sb-129       0.0000E+00  1.1359E-01
  te-129       0.0000E+00  2.8540E-02
  te-129m      0.0000E+00  3.3941E+00
  i-129        0.0000E+00  2.2796E+02
  xe-129       0.0000E+00  5.1332E-02
  te-130       0.0000E+00  5.2678E+02
  i-130        0.0000E+00  3.3320E-02
  xe-130       0.0000E+00  1.3724E+01
  sb-131       0.0000E+00  2.4396E-02
  te-131       0.0000E+00  2.9424E-02
  te-131m      0.0000E+00  5.7201E-01
  i-131        0.0000E+00  1.6114E+01
  xe-131       0.0000E+00  5.1488E+02
  xe-131m      0.0000E+00  2.8958E-01
  te-132       0.0000E+00  9.0049E+00
  i-132        0.0000E+00  2.7722E-01
  xe-132       0.0000E+00  1.6097E+03
  te-133m      0.0000E+00  7.2722E-02
  i-133        0.0000E+00  3.4455E+00
  xe-133       0.0000E+00  2.0831E+01
  xe-133m      0.0000E+00  2.7504E-01
  cs-133       0.0000E+00  1.4334E+03
  te-134       0.0000E+00  9.6049E-02
  i-134        0.0000E+00  1.6126E-01
  xe-134       0.0000E+00  2.0762E+03
  cs-134       0.0000E+00  2.5337E+02
  ba-134       0.0000E+00  4.9042E+01
  i-135        0.0000E+00  1.0661E+00
  xe-135       0.0000E+00  1.7734E-01
  cs-135       0.0000E+00  2.4633E+02
  ba-135       0.0000E+00  4.4335E-01
  xe-136       0.0000E+00  3.5007E+03
  cs-136       0.0000E+00  1.0461E+00
  ba-136       0.0000E+00  2.1022E+01
  cs-137       0.0000E+00  1.7012E+03
  ba-137       0.0000E+00  3.1801E+01
  xe-138       0.0000E+00  3.2950E-02
  cs-138       0.0000E+00  8.6259E-02
  ba-138       0.0000E+00  1.7532E+03
  la-138       0.0000E+00  2.2306E-02
  cs-139       0.0000E+00  2.2353E-02
  ba-139       0.0000E+00  2.0563E-01
  la-139       0.0000E+00  1.6285E+03
  ba-140       0.0000E+00  4.3613E+01
  la-140       0.0000E+00  6.0150E+00
  ce-140       0.0000E+00  1.6244E+03
  ba-141       0.0000E+00  4.0785E-02
  la-141       0.0000E+00  5.2957E-01
  ce-141       0.0000E+00  1.0354E+02
  pr-141       0.0000E+00  1.4300E+03
  ba-142       0.0000E+00  2.1892E-02
  la-142       0.0000E+00  1.9548E-01
  ce-142       0.0000E+00  1.5132E+03
  pr-142       0.0000E+00  1.5991E-01
  nd-142       0.0000E+00  4.0541E+01
  la-143       0.0000E+00  2.8794E-02
  ce-143       0.0000E+00  4.0563E+00
  pr-143       0.0000E+00  3.9430E+01
  nd-143       0.0000E+00  8.5892E+02
  ce-144       0.0000E+00  6.7685E+02
  pr-144       0.0000E+00  2.9005E-02
  nd-144       0.0000E+00  1.2140E+03
  pr-145       0.0000E+00  5.1614E-01
  nd-145       0.0000E+00  8.4316E+02
  pr-146       0.0000E+00  2.8721E-02
  nd-146       0.0000E+00  9.7343E+02
  nd-147       0.0000E+00  1.4649E+01
  pm-147       0.0000E+00  2.1005E+02
  sm-147       0.0000E+00  4.3916E+01
  nd-148       0.0000E+00  5.2668E+02
  pm-148       0.0000E+00  2.9393E+00
  pm-148m      0.0000E+00  1.6970E+00
  sm-148       0.0000E+00  1.8817E+02
  nd-149       0.0000E+00  6.3134E-02
  pm-149       0.0000E+00  3.0714E+00
  sm-149       0.0000E+00  2.1595E+00
  nd-150       0.0000E+00  2.5785E+02
  sm-150       0.0000E+00  4.4069E+02
  pm-151       0.0000E+00  5.8982E-01
  sm-151       0.0000E+00  1.3209E+01
  sm-152       0.0000E+00  1.3290E+02
  sm-153       0.0000E+00  2.7214E+00
  eu-153       0.0000E+00  1.6640E+02
  sm-154       0.0000E+00  6.6973E+01
  eu-154       0.0000E+00  4.4043E+01
  gd-154       0.0000E+00  2.2036E+00
  eu-155       0.0000E+00  1.4844E+01
  gd-155       0.0000E+00  4.7358E-02
  sm-156       0.0000E+00  3.0302E-02
  eu-156       0.0000E+00  1.7858E+01
  gd-156       0.0000E+00  2.2288E+02
  eu-157       0.0000E+00  8.0793E-02
  gd-157       0.0000E+00  1.9933E-01
  gd-158       0.0000E+00  4.7968E+01
  gd-159       0.0000E+00  2.0299E-02
  tb-159       0.0000E+00  4.8284E+00
  gd-160       0.0000E+00  1.9947E+00
  tb-160       0.0000E+00  3.0449E-01
  dy-160       0.0000E+00  3.6204E-01
  tb-161       0.0000E+00  4.2173E-02
  dy-161       0.0000E+00  6.6156E-01
  dy-162       0.0000E+00  5.3950E-01
  dy-163       0.0000E+00  4.7546E-01
  dy-164       0.0000E+00  1.3228E-01
  ho-165       0.0000E+00  2.9430E-01
  er-166       0.0000E+00  9.9300E-02
------------
  totals       1.0000E+06  1.0004E+06
=========================================================================================================================
.
.
=========================================================================================================================
=   History overview for case 'decay' (#2/2)                                                                            =
-------------------------------------------------------------------------------------------------------------------------
   step          t0          t1          dt           t        flux     fluence       power      energy
    (-)         (y)         (y)         (s)         (s)   (n/cm2-s)     (n/cm2)        (MW)       (MWd)
      1      1.5057      2.5057  3.1560E+07  7.9080E+07  0.0000E+00  4.0104E+22  0.0000E+00  4.4545E+04
          
              step - step index within this case
                t0 - time at beginning-of-step in input units
                t1 - time at end-of-step in input units
                dt - length of step in seconds
                 t - end-of-step cumulative time in seconds
              flux - flux in neutrons/cm^2-sec (CALCULATED)
           fluence - cumulative end-of-step fluence in neutrons/cm^2 (CALCULATED)
             power - power in mega-watts (INPUT)     
            energy - cumulative end-of-step energy released in mega-watt-days (INPUT)     
=========================================================================================================================
.
.
.
.
.
*************************************************************************************************************************
********************                                                                                 ********************
********************                                                                                 ********************
********************                    Library information                                          ********************
********************                                                                                 ********************
********************                                                                                 ********************
*************************************************************************************************************************
.
.
=========================================================================================================================
=   Library summary for case 'decay' (#2/2)                                                                             =
-------------------------------------------------------------------------------------------------------------------------
filename: C:/Users/Teddy/AppData/Local/Temp/scale.Teddy.9724/w17x17_100d.f33 cross-section data taken from position number: 1
library title delimited by {}: 
{}
date library was produced: 538976288/538976288/538976288
total number of nuclides in library: 2237
number of light-element nuclides: 910
number of actinide nuclides: 176
number of fission product nuclides: 1151
number of nonzero off-diagonal matrix elements: 54564
=========================================================================================================================
.
.
*************************************************************************************************************************
********************                                                                                 ********************
********************                                                                                 ********************
********************                    Concentration tables                                         ********************
********************                                                                                 ********************
********************                                                                                 ********************
*************************************************************************************************************************
.
.
=========================================================================================================================
=   Nuclide concentrations in grams for case 'decay' (#2/2)                                                             =
-------------------------------------------------------------------------------------------------------------------------
  (relative cutoff; integral of concentrations over time >   1.00E-06 % of integral of all concentrations over time)
.
                   1.506y      2.506y   
  h-3          7.2377E-02  6.8417E-02
  he-4         1.8785E+00  2.2784E+00
  u-234        2.0035E+00  4.1395E+00
  u-235        3.3036E+03  3.3037E+03
  u-236        3.8289E+03  3.8292E+03
  u-237        2.0583E+01  5.5639E-05
  u-238        9.3369E+05  9.3369E+05
  u-239        1.4409E+00  0.0000E+00
  np-237       5.2334E+02  5.4403E+02
  np-238       3.8578E+00  7.5029E-08
  np-239       2.0749E+02  2.4799E-04
  pu-238       2.6241E+02  2.7960E+02
  pu-239       5.2781E+03  5.4869E+03
  pu-240       2.5380E+03  2.5433E+03
  pu-241       1.8720E+03  1.7834E+03
  pu-242       1.1261E+03  1.1262E+03
  pu-243       7.2420E-01  8.3292E-13
  pu-244       1.6082E-01  1.6084E-01
  am-241       2.4192E+01  1.1273E+02
  am-242m      4.0632E-01  4.0433E-01
  am-242       1.8130E-01  5.2167E-06
  am-243       2.8739E+02  2.8809E+02
  am-244m      2.9259E-02  0.0000E+00
  am-244       4.5521E-02  7.1479E-14
  cm-242       1.9840E+01  4.2273E+00
  cm-243       6.4778E-01  6.3253E-01
  cm-244       1.5077E+02  1.4518E+02
  cm-245       9.8965E+00  9.8957E+00
  cm-246       1.6213E+00  1.6210E+00
  cm-247       2.3361E-02  2.3361E-02
  ge-72        1.2977E-02  1.3064E-02
  ge-73        2.9244E-02  2.9259E-02
  ge-74        7.5079E-02  7.5080E-02
  as-75        1.6907E-01  1.6909E-01
  ge-76        4.3679E-01  4.3680E-01
  se-77        9.8861E-01  9.9297E-01
  se-78        3.0232E+00  3.0240E+00
  se-79        6.3004E+00  6.3005E+00
  se-80        1.6149E+01  1.6149E+01
  br-81        2.6992E+01  2.6993E+01
  se-82        4.2645E+01  4.2645E+01
  kr-82        1.1848E+00  1.1933E+00
  kr-83        4.4757E+01  4.4779E+01
  kr-84        1.4229E+02  1.4230E+02
  kr-85        3.1306E+01  2.9361E+01
  kr-85m       4.5939E-02  0.0000E+00
  rb-85        1.1897E+02  1.2097E+02
  kr-86        2.2376E+02  2.2376E+02
  rb-86        6.4216E-02  8.0470E-08
  sr-86        7.2745E-01  7.9166E-01
  kr-87        2.4829E-02  0.0000E+00
  rb-87        2.9362E+02  2.9365E+02
  kr-88        7.3555E-02  0.0000E+00
  sr-88        4.0599E+02  4.0607E+02
  sr-89        4.2602E+01  2.8405E-01
  y-89         5.1479E+02  5.5712E+02
  sr-90        6.5173E+02  6.3623E+02
  y-90         1.8395E-01  1.6139E-01
  zr-90        1.5541E+01  3.1068E+01
  sr-91        4.7727E-01  0.0000E+00
  y-91         7.7858E+01  1.0346E+00
  y-91m        2.4169E-02  0.0000E+00
  zr-91        6.3943E+02  7.1675E+02
  sr-92        1.5378E-01  0.0000E+00
  y-92         2.0317E-01  0.0000E+00
  zr-92        7.9613E+02  7.9649E+02
  y-93         7.0640E-01  0.0000E+00
  zr-93        8.9339E+02  8.9410E+02
  y-94         2.3691E-02  0.0000E+00
  zr-94        9.7819E+02  9.7821E+02
  mo-94        1.4726E-02  1.4726E-02
  zr-95        1.4035E+02  2.6914E+00
  nb-95        7.6166E+01  3.2786E+00
  nb-95m       8.5636E-02  1.7370E-03
  mo-95        8.2173E+02  1.0325E+03
  zr-96        1.0586E+03  1.0586E+03
  mo-96        6.7077E+01  6.7093E+01
  zr-97        1.5867E+00  0.0000E+00
  nb-97        1.1483E-01  0.0000E+00
  mo-97        1.0665E+03  1.0682E+03
  mo-98        1.1269E+03  1.1269E+03
  mo-99        7.3542E+00  0.0000E+00
  tc-99        1.0289E+03  1.0368E+03
  tc-99m       5.9233E-01  0.0000E+00
  ru-99        3.8254E-02  4.1919E-02
  mo-100       1.2846E+03  1.2846E+03
  ru-100       1.8142E+02  1.8142E+02
  mo-101       2.6788E-02  0.0000E+00
  tc-101       2.6065E-02  0.0000E+00
  ru-101       1.0640E+03  1.0640E+03
  mo-102       2.0741E-02  0.0000E+00
  ru-102       1.1665E+03  1.1665E+03
  ru-103       1.1130E+02  1.7570E-01
  rh-103       5.8428E+02  6.9552E+02
  rh-103m      1.0931E-01  1.7258E-04
  tc-104       3.2122E-02  0.0000E+00
  ru-104       8.8678E+02  8.8682E+02
  pd-104       4.5130E+02  4.5130E+02
  ru-105       4.1752E-01  0.0000E+00
  rh-105       2.7231E+00  0.0000E+00
  pd-105       5.6197E+02  5.6513E+02
  ru-106       3.7100E+02  1.8777E+02
  pd-106       3.6458E+02  5.4781E+02
  rh-107       2.1185E-02  0.0000E+00
  pd-107       3.9121E+02  3.9124E+02
  pd-108       2.6524E+02  2.6524E+02
  pd-109       4.9225E-01  0.0000E+00
  ag-109       1.3008E+02  1.3057E+02
  pd-110       8.9083E+01  8.9083E+01
  ag-110m      1.4712E+00  5.3383E-01
  cd-110       8.3178E+01  8.4115E+01
  ag-111       1.2022E+00  2.0947E-15
  cd-111       4.3984E+01  4.5189E+01
  pd-112       5.8770E-02  0.0000E+00
  cd-112       2.2386E+01  2.2454E+01
  cd-113       1.2886E-01  1.3566E-01
  cd-114       2.4546E+01  2.4546E+01
  cd-115       5.1130E-02  0.0000E+00
  cd-115m      6.3869E-02  2.1763E-04
  in-115       2.1503E+00  2.2669E+00
  sn-115       3.6232E-01  3.6511E-01
  cd-116       8.5255E+00  8.5256E+00
  sn-116       5.8938E+00  5.8943E+00
  sn-117       7.6723E+00  7.6771E+00
  sn-118       7.1343E+00  7.1350E+00
  sn-119       6.8137E+00  6.8884E+00
  sn-119m      1.2887E-01  5.4309E-02
  sn-120       7.0441E+00  7.0441E+00
  sn-121       2.1729E-02  2.9876E-05
  sn-121m      5.5678E-01  5.4806E-01
  sb-121       6.5393E+00  6.5697E+00
  sn-122       9.0058E+00  9.0060E+00
  te-122       6.7484E-01  6.8476E-01
  sn-123       4.4820E-01  6.3151E-02
  sb-123       8.2702E+00  8.6558E+00
  sn-124       1.4160E+01  1.4160E+01
  sb-124       1.3979E-01  2.0840E-03
  te-124       4.0565E-01  5.4336E-01
  sn-125       2.2269E-01  8.7301E-13
  sb-125       1.5938E+01  1.2572E+01
  te-125       2.8927E+00  6.4880E+00
  te-125m      1.8064E-01  1.7473E-01
  sn-126       3.1352E+01  3.1352E+01
  te-126       7.5519E-01  7.6761E-01
  sb-127       8.0042E-01  0.0000E+00
  te-127       6.9871E-02  3.4602E-04
  te-127m      8.7001E-01  9.8837E-02
  i-127        6.1593E+01  6.3245E+01
  te-128       1.4114E+02  1.4117E+02
  xe-128       5.4268E+00  5.4273E+00
  sb-129       1.1359E-01  0.0000E+00
  te-129       2.8540E-02  1.6528E-06
  te-129m      3.3941E+00  1.8211E-03
  i-129        2.2796E+02  2.3150E+02
  xe-129       5.1332E-02  5.1768E-02
  te-130       5.2678E+02  5.2680E+02
  i-130        3.3320E-02  0.0000E+00
  xe-130       1.3724E+01  1.3758E+01
  sb-131       2.4396E-02  0.0000E+00
  te-131       2.9424E-02  0.0000E+00
  te-131m      5.7201E-01  0.0000E+00
  i-131        1.6114E+01  3.3496E-13
  xe-131       5.1488E+02  5.3191E+02
  xe-131m      2.8958E-01  4.4173E-10
  te-132       9.0049E+00  0.0000E+00
  i-132        2.7722E-01  0.0000E+00
  xe-132       1.6097E+03  1.6190E+03
  te-133m      7.2722E-02  0.0000E+00
  i-133        3.4455E+00  0.0000E+00
  xe-133       2.0831E+01  2.7284E-20
  xe-133m      2.7504E-01  0.0000E+00
  cs-133       1.4334E+03  1.4580E+03
  te-134       9.6049E-02  0.0000E+00
  i-134        1.6126E-01  0.0000E+00
  xe-134       2.0762E+03  2.0764E+03
  cs-134       2.5337E+02  1.8114E+02
  ba-134       4.9042E+01  1.2129E+02
  i-135        1.0661E+00  0.0000E+00
  xe-135       1.7734E-01  0.0000E+00
  cs-135       2.4633E+02  2.4759E+02
  ba-135       4.4335E-01  4.4381E-01
  xe-136       3.5007E+03  3.5007E+03
  cs-136       1.0461E+00  4.6125E-09
  ba-136       2.1022E+01  2.2068E+01
  cs-137       1.7012E+03  1.6625E+03
  ba-137       3.1801E+01  7.0559E+01
  xe-138       3.2950E-02  0.0000E+00
  cs-138       8.6259E-02  0.0000E+00
  ba-138       1.7532E+03  1.7534E+03
  la-138       2.2306E-02  2.2306E-02
  cs-139       2.2353E-02  0.0000E+00
  ba-139       2.0563E-01  0.0000E+00
  la-139       1.6285E+03  1.6287E+03
  ba-140       4.3613E+01  1.0407E-07
  la-140       6.0150E+00  1.5773E-08
  ce-140       1.6244E+03  1.6740E+03
  ba-141       4.0785E-02  0.0000E+00
  la-141       5.2957E-01  0.0000E+00
  ce-141       1.0354E+02  4.3148E-02
  pr-141       1.4300E+03  1.5341E+03
  ba-142       2.1892E-02  0.0000E+00
  la-142       1.9548E-01  0.0000E+00
  ce-142       1.5132E+03  1.5134E+03
  pr-142       1.5991E-01  0.0000E+00
  nd-142       4.0541E+01  4.0701E+01
  la-143       2.8794E-02  0.0000E+00
  ce-143       4.0563E+00  0.0000E+00
  pr-143       3.9430E+01  3.4676E-07
  nd-143       8.5892E+02  9.0244E+02
  ce-144       6.7685E+02  2.7832E+02
  pr-144       2.9005E-02  1.1723E-02
  nd-144       1.2140E+03  1.6125E+03
  pr-145       5.1614E-01  0.0000E+00
  nd-145       8.4316E+02  8.4368E+02
  pr-146       2.8721E-02  0.0000E+00
  nd-146       9.7343E+02  9.7347E+02
  nd-147       1.4649E+01  1.4178E-09
  pm-147       2.1005E+02  1.7267E+02
  sm-147       4.3916E+01  9.5968E+01
  nd-148       5.2668E+02  5.2668E+02
  pm-148       2.9393E+00  2.3133E-05
  pm-148m      1.6970E+00  3.6859E-03
  sm-148       1.8817E+02  1.9281E+02
  nd-149       6.3134E-02  0.0000E+00
  pm-149       3.0714E+00  0.0000E+00
  sm-149       2.1595E+00  5.2953E+00
  nd-150       2.5785E+02  2.5785E+02
  sm-150       4.4069E+02  4.4070E+02
  pm-151       5.8982E-01  0.0000E+00
  sm-151       1.3209E+01  1.3697E+01
  eu-151       5.5539E-03  1.1144E-01
  sm-152       1.3290E+02  1.3291E+02
  gd-152       1.0083E-02  1.0170E-02
  sm-153       2.7214E+00  0.0000E+00
  eu-153       1.6640E+02  1.6912E+02
  sm-154       6.6973E+01  6.6974E+01
  eu-154       4.4043E+01  4.0633E+01
  gd-154       2.2036E+00  5.6134E+00
  eu-155       1.4844E+01  1.2831E+01
  gd-155       4.7358E-02  2.0621E+00
  sm-156       3.0302E-02  0.0000E+00
  eu-156       1.7858E+01  1.0318E-06
  gd-156       2.2288E+02  2.4077E+02
  eu-157       8.0793E-02  0.0000E+00
  gd-157       1.9933E-01  2.8041E-01
  gd-158       4.7968E+01  4.7969E+01
  gd-159       2.0299E-02  0.0000E+00
  tb-159       4.8284E+00  4.8489E+00
  gd-160       1.9947E+00  1.9947E+00
  tb-160       3.0449E-01  9.1766E-03
  dy-160       3.6204E-01  6.5735E-01
  tb-161       4.2173E-02  5.0429E-18
  dy-161       6.6156E-01  7.0375E-01
  dy-162       5.3950E-01  5.3951E-01
  dy-163       4.7546E-01  4.7547E-01
  dy-164       1.3228E-01  1.3229E-01
  ho-165       2.9430E-01  2.9456E-01
  er-166       9.9300E-02  1.0045E-01
  er-168       1.7618E-02  1.7618E-02
------------
  totals       1.0004E+06  1.0004E+06
=========================================================================================================================
.
.
*************************************************************************************************************************
********************                                                                                 ********************
********************                                                                                 ********************
********************                    Written F71 File Information                                 ********************
********************                                                                                 ********************
********************                                                                                 ********************
*************************************************************************************************************************
.
.
   pos         time        power         flux      fluence       energy libpos   case   step DCGNAB
   (-)          (s)         (MW)    (n/cm2-s)      (n/cm2)        (MWd)    (-)    (-)    (-)    (-)
     1  4.75200e+07  0.00000e+00  0.00000e+00  4.01039e+22  4.45455e+04      1      2      0 DC----
     2  7.90800e+07  0.00000e+00  0.00000e+00  4.01039e+22  4.45455e+04      1      2      1 DC----
    D - state definition present
    C - concentrations present
    G - gamma emission spectra present
    N - neutron emission spectra present
    A - alpha emission spectra present
    B - beta emission spectra present
.
.
.
=========================================================================================================================
ORIGEN finished successfully.
=========================================================================================================================
    module origen used 0.636938 seconds cpu time for the current pass.

    module origen is finished. completion code    0. total cpu time used 4.1988e-006 seconds.


    SCALE is finished on Wed Feb 13 18:30:34 2019.
-------------------------- Summary --------------------------
arp finished. used 2.52325 seconds.
origen finished. used 0.644392 seconds.
SCALE driver required a maximum of 8.305 MiB of RAM.
------------------------ End Summary ------------------------

w17x17_100d.f33 copied to C:\Users\Teddy\Desktop\scale_test\output\w17x17_100d.f33.
discharge.f71 copied to C:\Users\Teddy\Desktop\scale_test\output\discharge.f71.
