 *******************************************************************************
 *                                                                             *
 *                                 SCALE 6.2.2                                 *
 *                                -------------                                *
 *                                February 2019                                *
 *                                                                             *
 *           SCALE:  A Comprehensive Modeling and Simulation Suite             *
 *                   for Nuclear Safety Analysis and Design                    *
 *                                                                             *
 *                      Reactor and Nuclear Systems Division                   *
 *                        Oak Ridge National Laboratory                        *
 *                                                                             *
 *                           http://scale.ornl.gov                             *
 *                            scalehelp@ornl.gov                               *
 *                                                                             *
 *******************************************************************************
 *******************************************************************************
      
                  Job Information
                  ---------------
      Job started on DESKTOP-J14NAA6 on Wed 13/02/2019 18:32:45
      Working directory: C:\Users\Teddy\AppData\Local\Temp\scale.Teddy.9352
      Input file name  : C:\Users\Teddy\Desktop\scale_test\output\2.800000_67878.787879.inp
      Output file name : C:\Users\Teddy\Desktop\scale_test\output\2.800000_67878.787879.out
      SCALE executable : C:\SCALE-6.2.2/bin/scale
      
 *******************************************************************************


    module arp will be called on Wed Feb 13 18:32:45 2019.
    sequence specification record:=arp
Input Data:

      'library type
      w17x17
      2.800000
      ' num cycles
      1
      ' num days per cycle
      550
      ' cycle average specific power (MW / MTU)
      123.415978
      ' number of interpolated cross section sets generated per cycle
      1
      ' moderator density (g/cc)
      0.723
      ' interpolated output ORIGEN library
      w17x17_100d.f33
end

1






        ************************************************************************************************************************
        ************************************************************************************************************************
        ************************************************************************************************************************
        *****                                                                                                              *****
        *****                                       program verification information                                       *****
        *****                                                                                                              *****
        *****                                   code system:  SCALE    version:  6.2                                       *****
        *****                                                                                                              *****
        ************************************************************************************************************************
        ************************************************************************************************************************
        *****                                                                                                              *****
        *****                                                                                                              *****
        *****              program:  arp.exe                                                                               *****
        *****                                                                                                              *****
        *****        creation date:   unknown                                                                              *****
        *****                                                                                                              *****
        *****              library:  C:\SCALE-6.2.2\bin                                                                    *****
        *****                                                                                                              *****
        *****                                                                                                              *****
        *****            prod code:  arp.exe                                                                               *****
        *****                                                                                                              *****
        *****              version:  6.2.2                                                                                 *****
        *****                                                                                                              *****
        *****              jobname:  Teddy                                                                                 *****
        *****                                                                                                              *****
        *****         machine name:  DESKTOP-J14NAA6                                                                       *****
        *****                                                                                                              *****
        *****    date of execution:  13_feb_2019                                                                           *****
        *****                                                                                                              *****
        *****    time of execution:  18:32:45.76                                                                           *****
        *****                                                                                                              *****
        *****                                                                                                              *****
        ************************************************************************************************************************
        ************************************************************************************************************************
        ************************************************************************************************************************


 'library type
    data library:       w17x17
       directory:       C:/SCALE-6.2.2/data/\arplibs
       definition:      C:/SCALE-6.2.2/data/\arpdata.txt
    u-235 enrichment:                        2.800

 ' num cycles
    number of cycles:                            1

 ' num days per cycle

 ' cycle average specific power (MW / MTU)

 ' number of interpolated cross section sets generated per cycle

 ' moderator density (g/cc)
    water density (g/cm3):                  0.7230
                                         cycle        cumulative      midpoint
   cycle time(d)        power(MW)      burnup(MWd/MTU)burnup(MWd/MTU)burnup(MWd/MTU)nlib
     1    550.000        123.416        67878.8        67878.8        33939.4             1

 ' interpolated output ORIGEN library
    interpolated library name:                   w17x17_100d.f33
 interpolation type: spline
 Cross section library interpolation completed.
.
.
.
=========================================================================================================================
ARP finished successfully.
=========================================================================================================================
    module arp used 2.0183 seconds cpu time for the current pass.

    module arp is finished. completion code    0. total cpu time used 9.79719e-006 seconds.



    module origen will be called on Wed Feb 13 18:32:47 2019.
    sequence specification record:=origen
Input Data:

      case(irrad) {
          lib{
              file="w17x17_100d.f33" pos=1
          }
          mat {
              units=GRAMS
              iso=[u235=28000.000000 u238=972000.000000]
          }
          time = [ 550 ]
          power = [ 123.415978 ]
      }
      case (decay) {
          time {
              units=YEARS
              start=0
              t=[1]
          }
          save{ file="discharge.f71" steps=[0 LAST]}
      }
end

1






        ************************************************************************************************************************
        ************************************************************************************************************************
        ************************************************************************************************************************
        *****                                                                                                              *****
        *****                                       program verification information                                       *****
        *****                                                                                                              *****
        *****                                   code system:  SCALE    version:  6.2                                       *****
        *****                                                                                                              *****
        ************************************************************************************************************************
        ************************************************************************************************************************
        *****                                                                                                              *****
        *****                                                                                                              *****
        *****              program:  origen.exe                                                                            *****
        *****                                                                                                              *****
        *****        creation date:   unknown                                                                              *****
        *****                                                                                                              *****
        *****              library:  C:\SCALE-6.2.2\bin                                                                    *****
        *****                                                                                                              *****
        *****                                                                                                              *****
        *****            prod code:  origen.exe                                                                            *****
        *****                                                                                                              *****
        *****              version:  6.2.2                                                                                 *****
        *****                                                                                                              *****
        *****              jobname:  Teddy                                                                                 *****
        *****                                                                                                              *****
        *****         machine name:  DESKTOP-J14NAA6                                                                       *****
        *****                                                                                                              *****
        *****    date of execution:  13_feb_2019                                                                           *****
        *****                                                                                                              *****
        *****    time of execution:  18:32:47.78                                                                           *****
        *****                                                                                                              *****
        *****                                                                                                              *****
        ************************************************************************************************************************
        ************************************************************************************************************************
        ************************************************************************************************************************

*************************************************************************************************************************
********************                                                                                 ********************
********************                                                                                 ********************
********************                    USER INPUT SUMMARY                                           ********************
********************                                                                                 ********************
********************                                                                                 ********************
*************************************************************************************************************************
.
.
=========================================================================================================================
=   Case "irrad" (#1/2)                                                                                                 =
-------------------------------------------------------------------------------------------------------------------------
###   Library settings                                                                                                ###
.
                                Library file name:     C:/Users/Teddy/AppData/Local/Temp/scale.Teddy.9352/w17x17_100d.f33
                             Library set position:              1
                 Fission product reaction removal:             no
-------------------------------------------------------------------------------------------------------------------------
###   Global settings                                                                                                 ###
.
                                           Solver:              MATREX
                                             Mode:        forward
                             Fixed fission energy:             no
-------------------------------------------------------------------------------------------------------------------------
###   Concentrations output options                                                                                   ###
.
                            High-precision output:             no
                                  Relative cutoff:            yes
                         Step for applying cutoff:       integral
.
                      light els.   actinides  fis.prods.       total
                       nuc    el   nuc    el   nuc    el   nuc    el             cutoff
gram-atoms                                                                    1.000E-06
grams                                                      **                 1.000E-06
curies                                                                        1.000E-06
watts                                                                         1.000E-06
gamma watts                                                                   1.000E-06
m3 air                                                                        1.000E-06
m3 water                                                                      1.000E-06
grams ppm                                                                     1.000E-06
atoms ppm                                                                     1.000E-06
atoms/barn-cm                                                                 1.000E-06
becquerels                                                                    1.000E-06
-------------------------------------------------------------------------------------------------------------------------
###   Additional output options                                                                                       ###
.
                                      Print k-inf:             no
           Nuclides for absorption fraction print:           none
                              Print fission rates:             no
            Step for sorting absorption fractions:              1
=========================================================================================================================
=   Case "decay" (#2/2)                                                                                                 =
-------------------------------------------------------------------------------------------------------------------------
###   Library settings                                                                                                ###
.
                                Library file name:     C:/Users/Teddy/AppData/Local/Temp/scale.Teddy.9352/w17x17_100d.f33
                             Library set position:              1
                 Fission product reaction removal:             no
-------------------------------------------------------------------------------------------------------------------------
###   Global settings                                                                                                 ###
.
                                           Solver:              MATREX
                                             Mode:        forward
                             Fixed fission energy:             no
-------------------------------------------------------------------------------------------------------------------------
###   Concentrations output options                                                                                   ###
.
                            High-precision output:             no
                                  Relative cutoff:            yes
                         Step for applying cutoff:       integral
.
                      light els.   actinides  fis.prods.       total
                       nuc    el   nuc    el   nuc    el   nuc    el             cutoff
gram-atoms                                                                    1.000E-06
grams                                                      **                 1.000E-06
curies                                                                        1.000E-06
watts                                                                         1.000E-06
gamma watts                                                                   1.000E-06
m3 air                                                                        1.000E-06
m3 water                                                                      1.000E-06
grams ppm                                                                     1.000E-06
atoms ppm                                                                     1.000E-06
atoms/barn-cm                                                                 1.000E-06
becquerels                                                                    1.000E-06
-------------------------------------------------------------------------------------------------------------------------
###   Additional output options                                                                                       ###
.
                                      Print k-inf:             no
           Nuclides for absorption fraction print:           none
                              Print fission rates:             no
            Step for sorting absorption fractions:              1
=========================================================================================================================
###   Blending information                                                                                            ###
.
  --- no blending requested in this job ---
=========================================================================================================================
.
.
***Warning:  The flux over a step has changed by more than 20%.
=========================================================================================================================
=   History overview for case 'irrad' (#1/2)                                                                            =
-------------------------------------------------------------------------------------------------------------------------
   step          t0          t1          dt           t        flux     fluence       power      energy
    (-)         (d)         (d)         (s)         (s)   (n/cm2-s)     (n/cm2)        (MW)       (MWd)
      1      0.0000    550.0000  4.7520E+07  4.7520E+07  1.3615E+15  6.4701E+22  1.2342E+02  6.7879E+04
          
              step - step index within this case
                t0 - time at beginning-of-step in input units
                t1 - time at end-of-step in input units
                dt - length of step in seconds
                 t - end-of-step cumulative time in seconds
              flux - flux in neutrons/cm^2-sec (CALCULATED)
           fluence - cumulative end-of-step fluence in neutrons/cm^2 (CALCULATED)
             power - power in mega-watts (INPUT)     
            energy - cumulative end-of-step energy released in mega-watt-days (INPUT)     
=========================================================================================================================
.
.
.
.
.
*************************************************************************************************************************
********************                                                                                 ********************
********************                                                                                 ********************
********************                    Library information                                          ********************
********************                                                                                 ********************
********************                                                                                 ********************
*************************************************************************************************************************
.
.
=========================================================================================================================
=   Library summary for case 'irrad' (#1/2)                                                                             =
-------------------------------------------------------------------------------------------------------------------------
filename: C:/Users/Teddy/AppData/Local/Temp/scale.Teddy.9352/w17x17_100d.f33 cross-section data taken from position number: 1
library title delimited by {}: 
{}
date library was produced: 538976288/538976288/538976288
total number of nuclides in library: 2237
number of light-element nuclides: 910
number of actinide nuclides: 176
number of fission product nuclides: 1151
number of nonzero off-diagonal matrix elements: 54564
=========================================================================================================================
.
.
*************************************************************************************************************************
********************                                                                                 ********************
********************                                                                                 ********************
********************                    Concentration tables                                         ********************
********************                                                                                 ********************
********************                                                                                 ********************
*************************************************************************************************************************
.
.
=========================================================================================================================
=   Nuclide concentrations in grams for case 'irrad' (#1/2)                                                             =
-------------------------------------------------------------------------------------------------------------------------
  (relative cutoff; integral of concentrations over time >   1.00E-06 % of integral of all concentrations over time)
.
                   0.000d    550.000d   
  h-3          0.0000E+00  1.1443E-01
  he-4         0.0000E+00  3.4470E+00
  u-234        0.0000E+00  2.5067E+00
  u-235        2.8000E+04  8.8749E+02
  u-236        0.0000E+00  3.7008E+03
  u-237        0.0000E+00  3.0274E+01
  u-238        9.7200E+05  9.1072E+05
  u-239        0.0000E+00  2.2767E+00
  np-237       0.0000E+00  6.5834E+02
  np-238       0.0000E+00  7.5548E+00
  np-239       0.0000E+00  3.2695E+02
  pu-238       0.0000E+00  4.9789E+02
  pu-239       0.0000E+00  5.2928E+03
  pu-240       0.0000E+00  2.7356E+03
  pu-241       0.0000E+00  1.8346E+03
  pu-242       0.0000E+00  2.0274E+03
  pu-243       0.0000E+00  1.9458E+00
  pu-244       0.0000E+00  1.0539E+00
  am-241       0.0000E+00  1.7439E+01
  am-242m      0.0000E+00  2.8765E-01
  am-242       0.0000E+00  2.0415E-01
  am-243       0.0000E+00  7.8599E+02
  am-244m      0.0000E+00  1.2477E-01
  am-244       0.0000E+00  1.9413E-01
  cm-242       0.0000E+00  3.0953E+01
  cm-243       0.0000E+00  1.5678E+00
  cm-244       0.0000E+00  8.6124E+02
  cm-245       0.0000E+00  9.4134E+01
  cm-246       0.0000E+00  3.7264E+01
  cm-247       0.0000E+00  1.0488E+00
  cm-248       0.0000E+00  1.9825E-01
  ge-73        0.0000E+00  3.3441E-02
  ge-74        0.0000E+00  9.3517E-02
  as-75        0.0000E+00  2.2384E-01
  ge-76        0.0000E+00  6.2741E-01
  se-77        0.0000E+00  1.3013E+00
  se-78        0.0000E+00  4.4786E+00
  se-79        0.0000E+00  8.8435E+00
  se-80        0.0000E+00  2.2692E+01
  br-81        0.0000E+00  3.7378E+01
  se-82        0.0000E+00  6.0476E+01
  kr-82        0.0000E+00  2.6740E+00
  kr-83        0.0000E+00  4.8125E+01
  kr-84        0.0000E+00  2.1007E+02
  kr-85        0.0000E+00  4.2392E+01
  kr-85m       0.0000E+00  5.8430E-02
  rb-85        0.0000E+00  1.6036E+02
  kr-86        0.0000E+00  3.0083E+02
  rb-86        0.0000E+00  1.3897E-01
  sr-86        0.0000E+00  1.6524E+00
  kr-87        0.0000E+00  3.0959E-02
  rb-87        0.0000E+00  3.9328E+02
  kr-88        0.0000E+00  9.0149E-02
  sr-88        0.0000E+00  5.4094E+02
  sr-89        0.0000E+00  5.2286E+01
  y-89         0.0000E+00  6.6563E+02
  sr-90        0.0000E+00  8.6367E+02
  y-90         0.0000E+00  2.5775E-01
  zr-90        0.0000E+00  2.3320E+01
  sr-91        0.0000E+00  6.0451E-01
  y-91         0.0000E+00  9.1789E+01
  y-91m        0.0000E+00  3.0616E-02
  zr-91        0.0000E+00  8.7565E+02
  sr-92        0.0000E+00  2.0008E-01
  y-92         0.0000E+00  2.6437E-01
  zr-92        0.0000E+00  1.1004E+03
  y-93         0.0000E+00  9.4467E-01
  zr-93        0.0000E+00  1.2476E+03
  y-94         0.0000E+00  3.2034E-02
  zr-94        0.0000E+00  1.4059E+03
  mo-94        0.0000E+00  3.7757E-02
  zr-95        0.0000E+00  1.8002E+02
  nb-95        0.0000E+00  9.7325E+01
  nb-95m       0.0000E+00  1.0992E-01
  mo-95        0.0000E+00  1.1483E+03
  zr-96        0.0000E+00  1.5481E+03
  nb-96        0.0000E+00  3.1246E-02
  mo-96        0.0000E+00  1.5882E+02
  zr-97        0.0000E+00  2.2496E+00
  nb-97        0.0000E+00  1.6293E-01
  mo-97        0.0000E+00  1.5733E+03
  mo-98        0.0000E+00  1.7092E+03
  mo-99        0.0000E+00  1.0626E+01
  tc-99        0.0000E+00  1.4063E+03
  tc-99m       0.0000E+00  8.5882E-01
  ru-99        0.0000E+00  2.5988E-02
  mo-100       0.0000E+00  1.9537E+03
  ru-100       0.0000E+00  4.3028E+02
  mo-101       0.0000E+00  3.9353E-02
  tc-101       0.0000E+00  3.8295E-02
  ru-101       0.0000E+00  1.5748E+03
  mo-102       0.0000E+00  3.0842E-02
  ru-102       0.0000E+00  1.9288E+03
  ru-103       0.0000E+00  1.7087E+02
  rh-103       0.0000E+00  6.5084E+02
  rh-103m      0.0000E+00  1.6783E-01
  tc-104       0.0000E+00  4.9971E-02
  ru-104       0.0000E+00  1.5269E+03
  pd-104       0.0000E+00  9.6178E+02
  ru-105       0.0000E+00  6.6586E-01
  rh-105       0.0000E+00  3.9142E+00
  pd-105       0.0000E+00  8.5302E+02
  ru-106       0.0000E+00  6.4765E+02
  pd-106       0.0000E+00  8.4788E+02
  rh-107       0.0000E+00  3.4302E-02
  pd-107       0.0000E+00  7.0827E+02
  pd-108       0.0000E+00  4.9871E+02
  pd-109       0.0000E+00  9.6907E-01
  ag-109       0.0000E+00  2.0498E+02
  pd-110       0.0000E+00  1.7753E+02
  ag-110m      0.0000E+00  2.9649E+00
  cd-110       0.0000E+00  2.5064E+02
  ag-111       0.0000E+00  2.3289E+00
  cd-111       0.0000E+00  9.5127E+01
  pd-112       0.0000E+00  1.1553E-01
  cd-112       0.0000E+00  4.8924E+01
  cd-113       0.0000E+00  1.6103E-01
  cd-114       0.0000E+00  4.6958E+01
  cd-115       0.0000E+00  9.4527E-02
  cd-115m      0.0000E+00  1.2062E-01
  in-115       0.0000E+00  2.3925E+00
  sn-115       0.0000E+00  5.8735E-01
  cd-116       0.0000E+00  1.4299E+01
  sn-116       0.0000E+00  1.1841E+01
  sn-117       0.0000E+00  1.2629E+01
  sn-118       0.0000E+00  1.1852E+01
  sn-119       0.0000E+00  1.1057E+01
  sn-119m      0.0000E+00  1.6712E-01
  sn-120       0.0000E+00  1.1605E+01
  sn-121       0.0000E+00  3.3839E-02
  sn-121m      0.0000E+00  8.5872E-01
  sb-121       0.0000E+00  9.9434E+00
  sn-122       0.0000E+00  1.4787E+01
  sb-122       0.0000E+00  2.4720E-02
  te-122       0.0000E+00  1.7580E+00
  sn-123       0.0000E+00  6.8024E-01
  sb-123       0.0000E+00  1.3000E+01
  sn-124       0.0000E+00  2.2844E+01
  sb-124       0.0000E+00  3.9834E-01
  te-124       0.0000E+00  1.2387E+00
  sn-125       0.0000E+00  3.4746E-01
  sb-125       0.0000E+00  2.5468E+01
  te-125       0.0000E+00  5.0476E+00
  te-125m      0.0000E+00  2.9409E-01
  sn-126       0.0000E+00  5.1406E+01
  sb-126       0.0000E+00  2.3031E-02
  te-126       0.0000E+00  1.2523E+00
  sb-127       0.0000E+00  1.2370E+00
  te-127       0.0000E+00  1.0578E-01
  te-127m      0.0000E+00  9.1853E-01
  i-127        0.0000E+00  9.1260E+01
  te-128       0.0000E+00  2.2639E+02
  xe-128       0.0000E+00  1.4473E+01
  sb-129       0.0000E+00  1.7389E-01
  te-129       0.0000E+00  4.3741E-02
  te-129m      0.0000E+00  5.1869E+00
  i-129        0.0000E+00  3.5165E+02
  xe-129       0.0000E+00  2.2596E-01
  sb-130       0.0000E+00  2.0888E-02
  te-130       0.0000E+00  8.1152E+02
  i-130        0.0000E+00  8.2225E-02
  xe-130       0.0000E+00  3.7049E+01
  sb-131       0.0000E+00  3.5181E-02
  te-131       0.0000E+00  4.2918E-02
  te-131m      0.0000E+00  8.6840E-01
  i-131        0.0000E+00  2.3653E+01
  xe-131       0.0000E+00  5.7884E+02
  xe-131m      0.0000E+00  4.3249E-01
  te-132       0.0000E+00  1.3111E+01
  i-132        0.0000E+00  4.0489E-01
  xe-132       0.0000E+00  2.6821E+03
  te-133       0.0000E+00  2.5130E-02
  te-133m      0.0000E+00  1.0233E-01
  i-133        0.0000E+00  4.9586E+00
  xe-133       0.0000E+00  2.9945E+01
  xe-133m      0.0000E+00  4.0347E-01
  cs-133       0.0000E+00  1.8713E+03
  te-134       0.0000E+00  1.3377E-01
  i-134        0.0000E+00  2.3087E-01
  xe-134       0.0000E+00  3.1613E+03
  cs-134       0.0000E+00  5.2591E+02
  cs-134m      0.0000E+00  3.8795E-02
  ba-134       0.0000E+00  1.1276E+02
  i-135        0.0000E+00  1.5403E+00
  xe-135       0.0000E+00  1.6634E-01
  cs-135       0.0000E+00  3.6879E+02
  ba-135       0.0000E+00  1.7231E+00
  xe-136       0.0000E+00  5.5020E+03
  cs-136       0.0000E+00  2.2448E+00
  ba-136       0.0000E+00  4.0304E+01
  cs-137       0.0000E+00  2.6025E+03
  ba-137       0.0000E+00  5.2048E+01
  xe-138       0.0000E+00  4.6600E-02
  cs-138       0.0000E+00  1.2296E-01
  ba-138       0.0000E+00  2.6442E+03
  la-138       0.0000E+00  3.7615E-02
  cs-139       0.0000E+00  3.1762E-02
  ba-139       0.0000E+00  2.9309E-01
  la-139       0.0000E+00  2.4178E+03
  ba-140       0.0000E+00  6.1899E+01
  la-140       0.0000E+00  8.7976E+00
  ce-140       0.0000E+00  2.4357E+03
  ba-141       0.0000E+00  5.7929E-02
  la-141       0.0000E+00  7.5293E-01
  ce-141       0.0000E+00  1.4568E+02
  pr-141       0.0000E+00  2.0063E+03
  ba-142       0.0000E+00  3.0758E-02
  la-142       0.0000E+00  2.7564E-01
  ce-142       0.0000E+00  2.2680E+03
  pr-142       0.0000E+00  3.6062E-01
  nd-142       0.0000E+00  9.7733E+01
  la-143       0.0000E+00  4.0106E-02
  ce-143       0.0000E+00  5.6696E+00
  pr-143       0.0000E+00  5.4648E+01
  nd-143       0.0000E+00  8.9662E+02
  ce-144       0.0000E+00  9.4369E+02
  pr-144       0.0000E+00  4.0856E-02
  nd-144       0.0000E+00  2.1543E+03
  pr-145       0.0000E+00  7.2637E-01
  nd-145       0.0000E+00  1.1154E+03
  ce-146       0.0000E+00  2.2729E-02
  pr-146       0.0000E+00  4.0799E-02
  nd-146       0.0000E+00  1.5968E+03
  nd-147       0.0000E+00  2.0688E+01
  pm-147       0.0000E+00  1.9783E+02
  sm-147       0.0000E+00  3.9560E+01
  nd-148       0.0000E+00  8.2466E+02
  pm-148       0.0000E+00  4.0852E+00
  pm-148m      0.0000E+00  1.6131E+00
  sm-148       0.0000E+00  3.1921E+02
  nd-149       0.0000E+00  9.6149E-02
  pm-149       0.0000E+00  4.6811E+00
  sm-149       0.0000E+00  2.0625E+00
  nd-150       0.0000E+00  4.1321E+02
  sm-150       0.0000E+00  6.6650E+02
  pm-151       0.0000E+00  9.1805E-01
  sm-151       0.0000E+00  1.6216E+01
  sm-152       0.0000E+00  1.6210E+02
  sm-153       0.0000E+00  4.9948E+00
  eu-153       0.0000E+00  2.2537E+02
  sm-154       0.0000E+00  1.3318E+02
  eu-154       0.0000E+00  6.0343E+01
  gd-154       0.0000E+00  3.3781E+00
  eu-155       0.0000E+00  2.0251E+01
  gd-155       0.0000E+00  4.7652E-02
  sm-156       0.0000E+00  4.9684E-02
  eu-156       0.0000E+00  3.6621E+01
  gd-156       0.0000E+00  5.3499E+02
  eu-157       0.0000E+00  2.1168E-01
  gd-157       0.0000E+00  3.7606E-01
  gd-158       0.0000E+00  1.4259E+02
  gd-159       0.0000E+00  6.0358E-02
  tb-159       0.0000E+00  1.1897E+01
  gd-160       0.0000E+00  4.0812E+00
  tb-160       0.0000E+00  9.7768E-01
  dy-160       0.0000E+00  9.7539E-01
  tb-161       0.0000E+00  1.4306E-01
  dy-161       0.0000E+00  1.6131E+00
  dy-162       0.0000E+00  1.3873E+00
  dy-163       0.0000E+00  1.4238E+00
  dy-164       0.0000E+00  3.8636E-01
  ho-165       0.0000E+00  1.1229E+00
  er-166       0.0000E+00  5.0307E-01
  er-167       0.0000E+00  2.5592E-02
  er-168       0.0000E+00  8.6590E-02
------------
  totals       1.0000E+06  1.0022E+06
=========================================================================================================================
.
.
=========================================================================================================================
=   History overview for case 'decay' (#2/2)                                                                            =
-------------------------------------------------------------------------------------------------------------------------
   step          t0          t1          dt           t        flux     fluence       power      energy
    (-)         (y)         (y)         (s)         (s)   (n/cm2-s)     (n/cm2)        (MW)       (MWd)
      1      1.5057      2.5057  3.1560E+07  7.9080E+07  0.0000E+00  6.4701E+22  0.0000E+00  6.7879E+04
          
              step - step index within this case
                t0 - time at beginning-of-step in input units
                t1 - time at end-of-step in input units
                dt - length of step in seconds
                 t - end-of-step cumulative time in seconds
              flux - flux in neutrons/cm^2-sec (CALCULATED)
           fluence - cumulative end-of-step fluence in neutrons/cm^2 (CALCULATED)
             power - power in mega-watts (INPUT)     
            energy - cumulative end-of-step energy released in mega-watt-days (INPUT)     
=========================================================================================================================
.
.
.
.
.
*************************************************************************************************************************
********************                                                                                 ********************
********************                                                                                 ********************
********************                    Library information                                          ********************
********************                                                                                 ********************
********************                                                                                 ********************
*************************************************************************************************************************
.
.
=========================================================================================================================
=   Library summary for case 'decay' (#2/2)                                                                             =
-------------------------------------------------------------------------------------------------------------------------
filename: C:/Users/Teddy/AppData/Local/Temp/scale.Teddy.9352/w17x17_100d.f33 cross-section data taken from position number: 1
library title delimited by {}: 
{}
date library was produced: 538976288/538976288/538976288
total number of nuclides in library: 2237
number of light-element nuclides: 910
number of actinide nuclides: 176
number of fission product nuclides: 1151
number of nonzero off-diagonal matrix elements: 54564
=========================================================================================================================
.
.
*************************************************************************************************************************
********************                                                                                 ********************
********************                                                                                 ********************
********************                    Concentration tables                                         ********************
********************                                                                                 ********************
********************                                                                                 ********************
*************************************************************************************************************************
.
.
=========================================================================================================================
=   Nuclide concentrations in grams for case 'decay' (#2/2)                                                             =
-------------------------------------------------------------------------------------------------------------------------
  (relative cutoff; integral of concentrations over time >   1.00E-06 % of integral of all concentrations over time)
.
                   1.506y      2.506y   
  h-3          1.1443E-01  1.0817E-01
  he-4         3.4470E+00  4.4637E+00
  u-234        2.5067E+00  6.5357E+00
  u-235        8.8749E+02  8.8765E+02
  u-236        3.7008E+03  3.7011E+03
  u-237        3.0274E+01  5.4526E-05
  u-238        9.1072E+05  9.1072E+05
  u-239        2.2767E+00  0.0000E+00
  np-237       6.5834E+02  6.8872E+02
  np-238       7.5548E+00  5.3116E-08
  np-239       3.2695E+02  6.7819E-04
  pu-238       4.9789E+02  5.2549E+02
  pu-239       5.2928E+03  5.6220E+03
  pu-240       2.7356E+03  2.7671E+03
  pu-241       1.8346E+03  1.7477E+03
  pu-242       2.0274E+03  2.0275E+03
  pu-243       1.9458E+00  3.7394E-11
  pu-244       1.0539E+00  1.0540E+00
  am-241       1.7439E+01  1.0421E+02
  am-242m      2.8765E-01  2.8624E-01
  am-242       2.0415E-01  3.6931E-06
  am-243       7.8599E+02  7.8786E+02
  am-244m      1.2477E-01  0.0000E+00
  am-244       1.9413E-01  1.3556E-11
  cm-242       3.0953E+01  6.5805E+00
  cm-243       1.5678E+00  1.5308E+00
  cm-244       8.6124E+02  8.2920E+02
  cm-245       9.4134E+01  9.4127E+01
  cm-246       3.7264E+01  3.7259E+01
  cm-247       1.0488E+00  1.0488E+00
  cm-248       1.9825E-01  1.9900E-01
  ge-73        3.3441E-02  3.3465E-02
  ge-74        9.3517E-02  9.3519E-02
  as-75        2.2384E-01  2.2387E-01
  ge-76        6.2741E-01  6.2741E-01
  se-76        1.7492E-02  1.7594E-02
  se-77        1.3013E+00  1.3074E+00
  se-78        4.4786E+00  4.4796E+00
  se-79        8.8435E+00  8.8437E+00
  se-80        2.2692E+01  2.2692E+01
  br-81        3.7378E+01  3.7379E+01
  se-82        6.0476E+01  6.0476E+01
  kr-82        2.6740E+00  2.6927E+00
  kr-83        4.8125E+01  4.8155E+01
  kr-84        2.1007E+02  2.1008E+02
  kr-85        4.2392E+01  3.9758E+01
  kr-85m       5.8430E-02  0.0000E+00
  rb-85        1.6036E+02  1.6306E+02
  kr-86        3.0083E+02  3.0083E+02
  rb-86        1.3897E-01  1.7414E-07
  sr-86        1.6524E+00  1.7913E+00
  kr-87        3.0959E-02  0.0000E+00
  rb-87        3.9328E+02  3.9331E+02
  sr-87        1.1066E-02  1.1073E-02
  kr-88        9.0149E-02  0.0000E+00
  sr-88        5.4094E+02  5.4104E+02
  sr-89        5.2286E+01  3.4862E-01
  y-89         6.6563E+02  7.1758E+02
  sr-90        8.6367E+02  8.4313E+02
  y-90         2.5775E-01  2.1387E-01
  zr-90        2.3320E+01  4.3911E+01
  sr-91        6.0451E-01  0.0000E+00
  y-91         9.1789E+01  1.2203E+00
  y-91m        3.0616E-02  0.0000E+00
  zr-91        8.7565E+02  9.6685E+02
  sr-92        2.0008E-01  0.0000E+00
  y-92         2.6437E-01  0.0000E+00
  zr-92        1.1004E+03  1.1008E+03
  y-93         9.4467E-01  0.0000E+00
  zr-93        1.2476E+03  1.2486E+03
  y-94         3.2034E-02  0.0000E+00
  zr-94        1.4059E+03  1.4060E+03
  mo-94        3.7757E-02  3.7757E-02
  zr-95        1.8002E+02  3.4523E+00
  nb-95        9.7325E+01  4.2052E+00
  nb-95m       1.0992E-01  2.2280E-03
  mo-95        1.1483E+03  1.4183E+03
  zr-96        1.5481E+03  1.5481E+03
  nb-96        3.1246E-02  0.0000E+00
  mo-96        1.5882E+02  1.5885E+02
  zr-97        2.2496E+00  0.0000E+00
  nb-97        1.6293E-01  0.0000E+00
  mo-97        1.5733E+03  1.5757E+03
  mo-98        1.7092E+03  1.7092E+03
  tc-98        1.9818E-02  1.9818E-02
  mo-99        1.0626E+01  0.0000E+00
  tc-99        1.4063E+03  1.4177E+03
  tc-99m       8.5882E-01  0.0000E+00
  ru-99        2.5988E-02  3.1021E-02
  mo-100       1.9537E+03  1.9537E+03
  ru-100       4.3028E+02  4.3028E+02
  mo-101       3.9353E-02  0.0000E+00
  tc-101       3.8295E-02  0.0000E+00
  ru-101       1.5748E+03  1.5749E+03
  mo-102       3.0842E-02  0.0000E+00
  ru-102       1.9288E+03  1.9289E+03
  ru-103       1.7087E+02  2.6972E-01
  rh-103       6.5084E+02  8.2161E+02
  rh-103m      1.6783E-01  2.6494E-04
  tc-104       4.9971E-02  0.0000E+00
  ru-104       1.5269E+03  1.5270E+03
  pd-104       9.6178E+02  9.6178E+02
  ru-105       6.6586E-01  0.0000E+00
  rh-105       3.9142E+00  0.0000E+00
  pd-105       8.5302E+02  8.5762E+02
  ru-106       6.4765E+02  3.2778E+02
  pd-106       8.4788E+02  1.1678E+03
  rh-107       3.4302E-02  0.0000E+00
  pd-107       7.0827E+02  7.0831E+02
  pd-108       4.9871E+02  4.9872E+02
  pd-109       9.6907E-01  0.0000E+00
  ag-109       2.0498E+02  2.0595E+02
  pd-110       1.7753E+02  1.7753E+02
  ag-110m      2.9649E+00  1.0758E+00
  cd-110       2.5064E+02  2.5253E+02
  ag-111       2.3289E+00  4.0583E-15
  cd-111       9.5127E+01  9.7461E+01
  pd-112       1.1553E-01  0.0000E+00
  cd-112       4.8924E+01  4.9057E+01
  cd-113       1.6103E-01  1.7437E-01
  cd-114       4.6958E+01  4.6958E+01
  cd-115       9.4527E-02  0.0000E+00
  cd-115m      1.2062E-01  4.1101E-04
  in-115       2.3925E+00  2.6106E+00
  sn-115       5.8735E-01  5.9250E-01
  cd-116       1.4299E+01  1.4299E+01
  sn-116       1.1841E+01  1.1842E+01
  sn-117       1.2629E+01  1.2637E+01
  sn-118       1.1852E+01  1.1853E+01
  sn-119       1.1057E+01  1.1154E+01
  sn-119m      1.6712E-01  7.0427E-02
  sn-120       1.1605E+01  1.1605E+01
  sn-121       3.3839E-02  4.6078E-05
  sn-121m      8.5872E-01  8.4527E-01
  sb-121       9.9434E+00  9.9907E+00
  sn-122       1.4787E+01  1.4788E+01
  sb-122       2.4720E-02  0.0000E+00
  te-122       1.7580E+00  1.7821E+00
  sn-123       6.8024E-01  9.5846E-02
  sb-123       1.3000E+01  1.3586E+01
  te-123       1.8835E-02  2.5204E-02
  sn-124       2.2844E+01  2.2844E+01
  sb-124       3.9834E-01  5.9383E-03
  te-124       1.2387E+00  1.6311E+00
  sn-125       3.4746E-01  1.3622E-12
  sb-125       2.5468E+01  2.0082E+01
  te-125       5.0476E+00  1.0796E+01
  te-125m      2.9409E-01  2.7917E-01
  sn-126       5.1406E+01  5.1406E+01
  sb-126       2.3031E-02  1.0581E-06
  te-126       1.2523E+00  1.2755E+00
  sb-127       1.2370E+00  0.0000E+00
  te-127       1.0578E-01  3.8859E-04
  te-127m      9.1853E-01  1.1100E-01
  i-127        9.1260E+01  9.3427E+01
  te-128       2.2639E+02  2.2643E+02
  xe-128       1.4473E+01  1.4474E+01
  sb-129       1.7389E-01  0.0000E+00
  te-129       4.3741E-02  2.5258E-06
  te-129m      5.1869E+00  2.7831E-03
  i-129        3.5165E+02  3.5706E+02
  xe-129       2.2596E-01  2.2780E-01
  sb-130       2.0888E-02  0.0000E+00
  te-130       8.1152E+02  8.1155E+02
  i-130        8.2225E-02  0.0000E+00
  xe-130       3.7049E+01  3.7132E+01
  sb-131       3.5181E-02  0.0000E+00
  te-131       4.2918E-02  0.0000E+00
  te-131m      8.6840E-01  0.0000E+00
  i-131        2.3653E+01  4.9232E-13
  xe-131       5.7884E+02  6.0387E+02
  xe-131m      4.3249E-01  6.5276E-10
  te-132       1.3111E+01  0.0000E+00
  i-132        4.0489E-01  0.0000E+00
  xe-132       2.6821E+03  2.6956E+03
  te-133       2.5130E-02  0.0000E+00
  te-133m      1.0233E-01  0.0000E+00
  i-133        4.9586E+00  0.0000E+00
  xe-133       2.9945E+01  3.9242E-20
  xe-133m      4.0347E-01  0.0000E+00
  cs-133       1.8713E+03  1.9067E+03
  te-134       1.3377E-01  0.0000E+00
  i-134        2.3087E-01  0.0000E+00
  xe-134       3.1613E+03  3.1616E+03
  cs-134       5.2591E+02  3.7598E+02
  cs-134m      3.8795E-02  0.0000E+00
  ba-134       1.1276E+02  2.6272E+02
  i-135        1.5403E+00  0.0000E+00
  xe-135       1.6634E-01  0.0000E+00
  cs-135       3.6879E+02  3.7051E+02
  ba-135       1.7231E+00  1.7246E+00
  xe-136       5.5020E+03  5.5020E+03
  cs-136       2.2448E+00  9.8976E-09
  ba-136       4.0304E+01  4.2548E+01
  cs-137       2.6025E+03  2.5432E+03
  ba-137       5.2048E+01  1.1134E+02
  xe-138       4.6600E-02  0.0000E+00
  cs-138       1.2296E-01  0.0000E+00
  ba-138       2.6442E+03  2.6444E+03
  la-138       3.7615E-02  3.7615E-02
  cs-139       3.1762E-02  0.0000E+00
  ba-139       2.9309E-01  0.0000E+00
  la-139       2.4178E+03  2.4182E+03
  ba-140       6.1899E+01  1.4770E-07
  la-140       8.7976E+00  2.2386E-08
  ce-140       2.4357E+03  2.5064E+03
  ba-141       5.7929E-02  0.0000E+00
  la-141       7.5293E-01  0.0000E+00
  ce-141       1.4568E+02  6.0710E-02
  pr-141       2.0063E+03  2.1527E+03
  ba-142       3.0758E-02  0.0000E+00
  la-142       2.7564E-01  0.0000E+00
  ce-142       2.2680E+03  2.2683E+03
  pr-142       3.6062E-01  0.0000E+00
  nd-142       9.7733E+01  9.8095E+01
  la-143       4.0106E-02  0.0000E+00
  ce-143       5.6696E+00  0.0000E+00
  pr-143       5.4648E+01  4.8101E-07
  nd-143       8.9662E+02  9.5697E+02
  ce-144       9.4369E+02  3.8805E+02
  pr-144       4.0856E-02  1.6345E-02
  nd-144       2.1543E+03  2.7100E+03
  pr-145       7.2637E-01  0.0000E+00
  nd-145       1.1154E+03  1.1162E+03
  ce-146       2.2729E-02  0.0000E+00
  pr-146       4.0799E-02  0.0000E+00
  nd-146       1.5968E+03  1.5969E+03
  nd-147       2.0688E+01  2.0023E-09
  pm-147       1.9783E+02  1.6797E+02
  sm-147       3.9560E+01  9.0123E+01
  nd-148       8.2466E+02  8.2466E+02
  pm-148       4.0852E+00  2.1990E-05
  pm-148m      1.6131E+00  3.5038E-03
  sm-148       3.1921E+02  3.2491E+02
  nd-149       9.6149E-02  0.0000E+00
  pm-149       4.6811E+00  0.0000E+00
  sm-149       2.0625E+00  6.8417E+00
  nd-150       4.1321E+02  4.1321E+02
  sm-150       6.6650E+02  6.6651E+02
  pm-151       9.1805E-01  0.0000E+00
  sm-151       1.6216E+01  1.7010E+01
  eu-151       4.2564E-03  1.3574E-01
  sm-152       1.6210E+02  1.6210E+02
  sm-153       4.9948E+00  0.0000E+00
  eu-153       2.2537E+02  2.3037E+02
  sm-154       1.3318E+02  1.3318E+02
  eu-154       6.0343E+01  5.5671E+01
  gd-154       3.3781E+00  8.0499E+00
  eu-155       2.0251E+01  1.7505E+01
  gd-155       4.7652E-02  2.7963E+00
  sm-156       4.9684E-02  0.0000E+00
  eu-156       3.6621E+01  2.1151E-06
  gd-156       5.3499E+02  5.7166E+02
  eu-157       2.1168E-01  0.0000E+00
  gd-157       3.7606E-01  5.8821E-01
  gd-158       1.4259E+02  1.4259E+02
  gd-159       6.0358E-02  0.0000E+00
  tb-159       1.1897E+01  1.1958E+01
  gd-160       4.0812E+00  4.0812E+00
  tb-160       9.7768E-01  2.9465E-02
  dy-160       9.7539E-01  1.9236E+00
  tb-161       1.4306E-01  1.7105E-17
  dy-161       1.6131E+00  1.7562E+00
  dy-162       1.3873E+00  1.3873E+00
  dy-163       1.4238E+00  1.4239E+00
  dy-164       3.8636E-01  3.8637E-01
  ho-165       1.1229E+00  1.1241E+00
  er-166       5.0307E-01  5.0968E-01
  er-167       2.5592E-02  2.5635E-02
  er-168       8.6590E-02  8.6591E-02
------------
  totals       1.0022E+06  1.0022E+06
=========================================================================================================================
.
.
*************************************************************************************************************************
********************                                                                                 ********************
********************                                                                                 ********************
********************                    Written F71 File Information                                 ********************
********************                                                                                 ********************
********************                                                                                 ********************
*************************************************************************************************************************
.
.
   pos         time        power         flux      fluence       energy libpos   case   step DCGNAB
   (-)          (s)         (MW)    (n/cm2-s)      (n/cm2)        (MWd)    (-)    (-)    (-)    (-)
     1  4.75200e+07  0.00000e+00  0.00000e+00  6.47005e+22  6.78788e+04      1      2      0 DC----
     2  7.90800e+07  0.00000e+00  0.00000e+00  6.47005e+22  6.78788e+04      1      2      1 DC----
    D - state definition present
    C - concentrations present
    G - gamma emission spectra present
    N - neutron emission spectra present
    A - alpha emission spectra present
    B - beta emission spectra present
.
.
.
=========================================================================================================================
ORIGEN finished successfully.
=========================================================================================================================
    module origen used 0.608012 seconds cpu time for the current pass.

    module origen is finished. completion code    0. total cpu time used 3.26573e-006 seconds.


    SCALE is finished on Wed Feb 13 18:32:48 2019.
-------------------------- Summary --------------------------
arp finished. used 2.02403 seconds.
origen finished. used 0.614329 seconds.
SCALE driver required a maximum of 8.301 MiB of RAM.
------------------------ End Summary ------------------------

w17x17_100d.f33 copied to C:\Users\Teddy\Desktop\scale_test\output\w17x17_100d.f33.
discharge.f71 copied to C:\Users\Teddy\Desktop\scale_test\output\discharge.f71.
