 *******************************************************************************
 *                                                                             *
 *                                 SCALE 6.2.2                                 *
 *                                -------------                                *
 *                                February 2019                                *
 *                                                                             *
 *           SCALE:  A Comprehensive Modeling and Simulation Suite             *
 *                   for Nuclear Safety Analysis and Design                    *
 *                                                                             *
 *                      Reactor and Nuclear Systems Division                   *
 *                        Oak Ridge National Laboratory                        *
 *                                                                             *
 *                           http://scale.ornl.gov                             *
 *                            scalehelp@ornl.gov                               *
 *                                                                             *
 *******************************************************************************
 *******************************************************************************
      
                  Job Information
                  ---------------
      Job started on DESKTOP-J14NAA6 on Wed 13/02/2019 18:31:41
      Working directory: C:\Users\Teddy\AppData\Local\Temp\scale.Teddy.9080
      Input file name  : C:\Users\Teddy\Desktop\scale_test\output\2.800000_56565.656566.inp
      Output file name : C:\Users\Teddy\Desktop\scale_test\output\2.800000_56565.656566.out
      SCALE executable : C:\SCALE-6.2.2/bin/scale
      
 *******************************************************************************


    module arp will be called on Wed Feb 13 18:31:42 2019.
    sequence specification record:=arp
Input Data:

      'library type
      w17x17
      2.800000
      ' num cycles
      1
      ' num days per cycle
      550
      ' cycle average specific power (MW / MTU)
      102.846648
      ' number of interpolated cross section sets generated per cycle
      1
      ' moderator density (g/cc)
      0.723
      ' interpolated output ORIGEN library
      w17x17_100d.f33
end

1






        ************************************************************************************************************************
        ************************************************************************************************************************
        ************************************************************************************************************************
        *****                                                                                                              *****
        *****                                       program verification information                                       *****
        *****                                                                                                              *****
        *****                                   code system:  SCALE    version:  6.2                                       *****
        *****                                                                                                              *****
        ************************************************************************************************************************
        ************************************************************************************************************************
        *****                                                                                                              *****
        *****                                                                                                              *****
        *****              program:  arp.exe                                                                               *****
        *****                                                                                                              *****
        *****        creation date:   unknown                                                                              *****
        *****                                                                                                              *****
        *****              library:  C:\SCALE-6.2.2\bin                                                                    *****
        *****                                                                                                              *****
        *****                                                                                                              *****
        *****            prod code:  arp.exe                                                                               *****
        *****                                                                                                              *****
        *****              version:  6.2.2                                                                                 *****
        *****                                                                                                              *****
        *****              jobname:  Teddy                                                                                 *****
        *****                                                                                                              *****
        *****         machine name:  DESKTOP-J14NAA6                                                                       *****
        *****                                                                                                              *****
        *****    date of execution:  13_feb_2019                                                                           *****
        *****                                                                                                              *****
        *****    time of execution:  18:31:42.67                                                                           *****
        *****                                                                                                              *****
        *****                                                                                                              *****
        ************************************************************************************************************************
        ************************************************************************************************************************
        ************************************************************************************************************************


 'library type
    data library:       w17x17
       directory:       C:/SCALE-6.2.2/data/\arplibs
       definition:      C:/SCALE-6.2.2/data/\arpdata.txt
    u-235 enrichment:                        2.800

 ' num cycles
    number of cycles:                            1

 ' num days per cycle

 ' cycle average specific power (MW / MTU)

 ' number of interpolated cross section sets generated per cycle

 ' moderator density (g/cc)
    water density (g/cm3):                  0.7230
                                         cycle        cumulative      midpoint
   cycle time(d)        power(MW)      burnup(MWd/MTU)burnup(MWd/MTU)burnup(MWd/MTU)nlib
     1    550.000        102.847        56565.7        56565.7        28282.8             1

 ' interpolated output ORIGEN library
    interpolated library name:                   w17x17_100d.f33
 interpolation type: spline
 Cross section library interpolation completed.
.
.
.
=========================================================================================================================
ARP finished successfully.
=========================================================================================================================
    module arp used 3.03689 seconds cpu time for the current pass.

    module arp is finished. completion code    0. total cpu time used 1.3996e-005 seconds.



    module origen will be called on Wed Feb 13 18:31:45 2019.
    sequence specification record:=origen
Input Data:

      case(irrad) {
          lib{
              file="w17x17_100d.f33" pos=1
          }
          mat {
              units=GRAMS
              iso=[u235=28000.000000 u238=972000.000000]
          }
          time = [ 550 ]
          power = [ 102.846648 ]
      }
      case (decay) {
          time {
              units=YEARS
              start=0
              t=[1]
          }
          save{ file="discharge.f71" steps=[0 LAST]}
      }
end

1






        ************************************************************************************************************************
        ************************************************************************************************************************
        ************************************************************************************************************************
        *****                                                                                                              *****
        *****                                       program verification information                                       *****
        *****                                                                                                              *****
        *****                                   code system:  SCALE    version:  6.2                                       *****
        *****                                                                                                              *****
        ************************************************************************************************************************
        ************************************************************************************************************************
        *****                                                                                                              *****
        *****                                                                                                              *****
        *****              program:  origen.exe                                                                            *****
        *****                                                                                                              *****
        *****        creation date:   unknown                                                                              *****
        *****                                                                                                              *****
        *****              library:  C:\SCALE-6.2.2\bin                                                                    *****
        *****                                                                                                              *****
        *****                                                                                                              *****
        *****            prod code:  origen.exe                                                                            *****
        *****                                                                                                              *****
        *****              version:  6.2.2                                                                                 *****
        *****                                                                                                              *****
        *****              jobname:  Teddy                                                                                 *****
        *****                                                                                                              *****
        *****         machine name:  DESKTOP-J14NAA6                                                                       *****
        *****                                                                                                              *****
        *****    date of execution:  13_feb_2019                                                                           *****
        *****                                                                                                              *****
        *****    time of execution:  18:31:45.70                                                                           *****
        *****                                                                                                              *****
        *****                                                                                                              *****
        ************************************************************************************************************************
        ************************************************************************************************************************
        ************************************************************************************************************************

*************************************************************************************************************************
********************                                                                                 ********************
********************                                                                                 ********************
********************                    USER INPUT SUMMARY                                           ********************
********************                                                                                 ********************
********************                                                                                 ********************
*************************************************************************************************************************
.
.
=========================================================================================================================
=   Case "irrad" (#1/2)                                                                                                 =
-------------------------------------------------------------------------------------------------------------------------
###   Library settings                                                                                                ###
.
                                Library file name:     C:/Users/Teddy/AppData/Local/Temp/scale.Teddy.9080/w17x17_100d.f33
                             Library set position:              1
                 Fission product reaction removal:             no
-------------------------------------------------------------------------------------------------------------------------
###   Global settings                                                                                                 ###
.
                                           Solver:              MATREX
                                             Mode:        forward
                             Fixed fission energy:             no
-------------------------------------------------------------------------------------------------------------------------
###   Concentrations output options                                                                                   ###
.
                            High-precision output:             no
                                  Relative cutoff:            yes
                         Step for applying cutoff:       integral
.
                      light els.   actinides  fis.prods.       total
                       nuc    el   nuc    el   nuc    el   nuc    el             cutoff
gram-atoms                                                                    1.000E-06
grams                                                      **                 1.000E-06
curies                                                                        1.000E-06
watts                                                                         1.000E-06
gamma watts                                                                   1.000E-06
m3 air                                                                        1.000E-06
m3 water                                                                      1.000E-06
grams ppm                                                                     1.000E-06
atoms ppm                                                                     1.000E-06
atoms/barn-cm                                                                 1.000E-06
becquerels                                                                    1.000E-06
-------------------------------------------------------------------------------------------------------------------------
###   Additional output options                                                                                       ###
.
                                      Print k-inf:             no
           Nuclides for absorption fraction print:           none
                              Print fission rates:             no
            Step for sorting absorption fractions:              1
=========================================================================================================================
=   Case "decay" (#2/2)                                                                                                 =
-------------------------------------------------------------------------------------------------------------------------
###   Library settings                                                                                                ###
.
                                Library file name:     C:/Users/Teddy/AppData/Local/Temp/scale.Teddy.9080/w17x17_100d.f33
                             Library set position:              1
                 Fission product reaction removal:             no
-------------------------------------------------------------------------------------------------------------------------
###   Global settings                                                                                                 ###
.
                                           Solver:              MATREX
                                             Mode:        forward
                             Fixed fission energy:             no
-------------------------------------------------------------------------------------------------------------------------
###   Concentrations output options                                                                                   ###
.
                            High-precision output:             no
                                  Relative cutoff:            yes
                         Step for applying cutoff:       integral
.
                      light els.   actinides  fis.prods.       total
                       nuc    el   nuc    el   nuc    el   nuc    el             cutoff
gram-atoms                                                                    1.000E-06
grams                                                      **                 1.000E-06
curies                                                                        1.000E-06
watts                                                                         1.000E-06
gamma watts                                                                   1.000E-06
m3 air                                                                        1.000E-06
m3 water                                                                      1.000E-06
grams ppm                                                                     1.000E-06
atoms ppm                                                                     1.000E-06
atoms/barn-cm                                                                 1.000E-06
becquerels                                                                    1.000E-06
-------------------------------------------------------------------------------------------------------------------------
###   Additional output options                                                                                       ###
.
                                      Print k-inf:             no
           Nuclides for absorption fraction print:           none
                              Print fission rates:             no
            Step for sorting absorption fractions:              1
=========================================================================================================================
###   Blending information                                                                                            ###
.
  --- no blending requested in this job ---
=========================================================================================================================
.
.
***Warning:  The flux over a step has changed by more than 20%.
=========================================================================================================================
=   History overview for case 'irrad' (#1/2)                                                                            =
-------------------------------------------------------------------------------------------------------------------------
   step          t0          t1          dt           t        flux     fluence       power      energy
    (-)         (d)         (d)         (s)         (s)   (n/cm2-s)     (n/cm2)        (MW)       (MWd)
      1      0.0000    550.0000  4.7520E+07  4.7520E+07  1.1168E+15  5.3069E+22  1.0285E+02  5.6566E+04
          
              step - step index within this case
                t0 - time at beginning-of-step in input units
                t1 - time at end-of-step in input units
                dt - length of step in seconds
                 t - end-of-step cumulative time in seconds
              flux - flux in neutrons/cm^2-sec (CALCULATED)
           fluence - cumulative end-of-step fluence in neutrons/cm^2 (CALCULATED)
             power - power in mega-watts (INPUT)     
            energy - cumulative end-of-step energy released in mega-watt-days (INPUT)     
=========================================================================================================================
.
.
.
.
.
*************************************************************************************************************************
********************                                                                                 ********************
********************                                                                                 ********************
********************                    Library information                                          ********************
********************                                                                                 ********************
********************                                                                                 ********************
*************************************************************************************************************************
.
.
=========================================================================================================================
=   Library summary for case 'irrad' (#1/2)                                                                             =
-------------------------------------------------------------------------------------------------------------------------
filename: C:/Users/Teddy/AppData/Local/Temp/scale.Teddy.9080/w17x17_100d.f33 cross-section data taken from position number: 1
library title delimited by {}: 
{}
date library was produced: 538976288/538976288/538976288
total number of nuclides in library: 2237
number of light-element nuclides: 910
number of actinide nuclides: 176
number of fission product nuclides: 1151
number of nonzero off-diagonal matrix elements: 54564
=========================================================================================================================
.
.
*************************************************************************************************************************
********************                                                                                 ********************
********************                                                                                 ********************
********************                    Concentration tables                                         ********************
********************                                                                                 ********************
********************                                                                                 ********************
*************************************************************************************************************************
.
.
=========================================================================================================================
=   Nuclide concentrations in grams for case 'irrad' (#1/2)                                                             =
-------------------------------------------------------------------------------------------------------------------------
  (relative cutoff; integral of concentrations over time >   1.00E-06 % of integral of all concentrations over time)
.
                   0.000d    550.000d   
  h-3          0.0000E+00  9.6081E-02
  he-4         0.0000E+00  2.7796E+00
  u-234        0.0000E+00  2.3128E+00
  u-235        2.8000E+04  1.6569E+03
  u-236        0.0000E+00  3.8254E+03
  u-237        0.0000E+00  2.6238E+01
  u-238        9.7200E+05  9.2153E+05
  u-239        0.0000E+00  1.8858E+00
  np-237       0.0000E+00  6.1510E+02
  np-238       0.0000E+00  5.8835E+00
  np-239       0.0000E+00  2.7116E+02
  pu-238       0.0000E+00  3.9704E+02
  pu-239       0.0000E+00  5.3065E+03
  pu-240       0.0000E+00  2.5112E+03
  pu-241       0.0000E+00  1.7901E+03
  pu-242       0.0000E+00  1.7357E+03
  pu-243       0.0000E+00  1.4224E+00
  pu-244       0.0000E+00  6.3079E-01
  am-241       0.0000E+00  2.0206E+01
  am-242m      0.0000E+00  3.3607E-01
  am-242       0.0000E+00  1.9667E-01
  am-243       0.0000E+00  6.2921E+02
  am-244m      0.0000E+00  8.3344E-02
  am-244       0.0000E+00  1.2967E-01
  cm-242       0.0000E+00  2.8159E+01
  cm-243       0.0000E+00  1.2720E+00
  cm-244       0.0000E+00  5.7157E+02
  cm-245       0.0000E+00  6.2680E+01
  cm-246       0.0000E+00  1.9021E+01
  cm-247       0.0000E+00  4.5381E-01
  cm-248       0.0000E+00  6.9541E-02
  ge-73        0.0000E+00  2.8714E-02
  ge-74        0.0000E+00  7.8945E-02
  as-75        0.0000E+00  1.9469E-01
  ge-76        0.0000E+00  5.4211E-01
  se-77        0.0000E+00  1.1603E+00
  se-78        0.0000E+00  3.8347E+00
  se-79        0.0000E+00  7.7131E+00
  se-80        0.0000E+00  1.9792E+01
  br-81        0.0000E+00  3.2848E+01
  se-82        0.0000E+00  5.2707E+01
  kr-82        0.0000E+00  1.9616E+00
  kr-83        0.0000E+00  4.7261E+01
  kr-84        0.0000E+00  1.8027E+02
  kr-85        0.0000E+00  3.7609E+01
  kr-85m       0.0000E+00  5.1853E-02
  rb-85        0.0000E+00  1.4275E+02
  kr-86        0.0000E+00  2.6801E+02
  rb-86        0.0000E+00  1.0166E-01
  sr-86        0.0000E+00  1.1935E+00
  kr-87        0.0000E+00  2.7692E-02
  rb-87        0.0000E+00  3.5091E+02
  kr-88        0.0000E+00  8.1162E-02
  sr-88        0.0000E+00  4.8364E+02
  sr-89        0.0000E+00  4.7063E+01
  y-89         0.0000E+00  5.9432E+02
  sr-90        0.0000E+00  7.7365E+02
  y-90         0.0000E+00  2.2460E-01
  zr-90        0.0000E+00  2.0020E+01
  sr-91        0.0000E+00  5.3759E-01
  y-91         0.0000E+00  8.2586E+01
  y-91m        0.0000E+00  2.7225E-02
  zr-91        0.0000E+00  7.7823E+02
  sr-92        0.0000E+00  1.7611E-01
  y-92         0.0000E+00  2.3268E-01
  zr-92        0.0000E+00  9.6958E+02
  y-93         0.0000E+00  8.2305E-01
  zr-93        0.0000E+00  1.0957E+03
  y-94         0.0000E+00  2.7795E-02
  zr-94        0.0000E+00  1.2204E+03
  mo-94        0.0000E+00  2.6500E-02
  zr-95        0.0000E+00  1.5600E+02
  nb-95        0.0000E+00  8.4493E+01
  nb-95m       0.0000E+00  9.5227E-02
  mo-95        0.0000E+00  1.0180E+03
  zr-96        0.0000E+00  1.3366E+03
  nb-96        0.0000E+00  2.2539E-02
  mo-96        0.0000E+00  1.1527E+02
  zr-97        0.0000E+00  1.9172E+00
  nb-97        0.0000E+00  1.3883E-01
  mo-97        0.0000E+00  1.3542E+03
  mo-98        0.0000E+00  1.4550E+03
  mo-99        0.0000E+00  8.9903E+00
  tc-99        0.0000E+00  1.2502E+03
  tc-99m       0.0000E+00  7.2561E-01
  ru-99        0.0000E+00  2.3873E-02
  mo-100       0.0000E+00  1.6633E+03
  ru-100       0.0000E+00  3.1291E+02
  mo-101       0.0000E+00  3.3090E-02
  tc-101       0.0000E+00  3.2199E-02
  ru-101       0.0000E+00  1.3585E+03
  mo-102       0.0000E+00  2.5829E-02
  ru-102       0.0000E+00  1.5922E+03
  ru-103       0.0000E+00  1.4161E+02
  rh-103       0.0000E+00  6.0845E+02
  rh-103m      0.0000E+00  1.3909E-01
  tc-104       0.0000E+00  4.1188E-02
  ru-104       0.0000E+00  1.2473E+03
  pd-104       0.0000E+00  7.2328E+02
  ru-105       0.0000E+00  5.4421E-01
  rh-105       0.0000E+00  3.3560E+00
  pd-105       0.0000E+00  7.3726E+02
  ru-106       0.0000E+00  5.1939E+02
  pd-106       0.0000E+00  6.3141E+02
  rh-107       0.0000E+00  2.7836E-02
  pd-107       0.0000E+00  5.7339E+02
  pd-108       0.0000E+00  3.9964E+02
  pd-109       0.0000E+00  7.3033E-01
  ag-109       0.0000E+00  1.7402E+02
  pd-110       0.0000E+00  1.3969E+02
  ag-110m      0.0000E+00  2.3568E+00
  cd-110       0.0000E+00  1.7498E+02
  ag-111       0.0000E+00  1.7701E+00
  cd-111       0.0000E+00  7.1892E+01
  pd-112       0.0000E+00  8.7676E-02
  cd-112       0.0000E+00  3.6757E+01
  cd-113       0.0000E+00  1.4748E-01
  cd-114       0.0000E+00  3.6936E+01
  cd-115       0.0000E+00  7.3239E-02
  cd-115m      0.0000E+00  9.2759E-02
  in-115       0.0000E+00  2.2239E+00
  sn-115       0.0000E+00  4.8079E-01
  cd-116       0.0000E+00  1.1664E+01
  sn-116       0.0000E+00  9.1518E+00
  sn-117       0.0000E+00  1.0351E+01
  sn-118       0.0000E+00  9.7013E+00
  sn-119       0.0000E+00  9.1308E+00
  sn-119m      0.0000E+00  1.3896E-01
  sn-120       0.0000E+00  9.5514E+00
  sn-121       0.0000E+00  2.8000E-02
  sn-121m      0.0000E+00  7.1780E-01
  sb-121       0.0000E+00  8.4434E+00
  sn-122       0.0000E+00  1.2167E+01
  te-122       0.0000E+00  1.2286E+00
  sn-123       0.0000E+00  5.4881E-01
  sb-123       0.0000E+00  1.0918E+01
  sn-124       0.0000E+00  1.8899E+01
  sb-124       0.0000E+00  2.4151E-01
  te-124       0.0000E+00  7.5840E-01
  sn-125       0.0000E+00  2.8749E-01
  sb-125       0.0000E+00  2.0950E+01
  te-125       0.0000E+00  4.1632E+00
  te-125m      0.0000E+00  2.4248E-01
  sn-126       0.0000E+00  4.2308E+01
  te-126       0.0000E+00  1.0104E+00
  sb-127       0.0000E+00  1.0267E+00
  te-127       0.0000E+00  8.8549E-02
  te-127m      0.0000E+00  8.9715E-01
  i-127        0.0000E+00  7.8036E+01
  te-128       0.0000E+00  1.8775E+02
  xe-128       0.0000E+00  1.0090E+01
  sb-129       0.0000E+00  1.4465E-01
  te-129       0.0000E+00  3.6366E-02
  te-129m      0.0000E+00  4.3169E+00
  i-129        0.0000E+00  2.9637E+02
  xe-129       0.0000E+00  1.3162E-01
  te-130       0.0000E+00  6.8660E+02
  i-130        0.0000E+00  5.6965E-02
  xe-130       0.0000E+00  2.5603E+01
  sb-131       0.0000E+00  2.9778E-02
  te-131       0.0000E+00  3.6218E-02
  te-131m      0.0000E+00  7.2573E-01
  i-131        0.0000E+00  1.9930E+01
  xe-131       0.0000E+00  5.5248E+02
  xe-131m      0.0000E+00  3.6261E-01
  te-132       0.0000E+00  1.1075E+01
  i-132        0.0000E+00  3.4169E-01
  xe-132       0.0000E+00  2.2046E+03
  te-133       0.0000E+00  2.1291E-02
  te-133m      0.0000E+00  8.7344E-02
  i-133        0.0000E+00  4.2032E+00
  xe-133       0.0000E+00  2.5402E+01
  xe-133m      0.0000E+00  3.3973E-01
  cs-133       0.0000E+00  1.6933E+03
  te-134       0.0000E+00  1.1451E-01
  i-134        0.0000E+00  1.9593E-01
  xe-134       0.0000E+00  2.6909E+03
  cs-134       0.0000E+00  4.0458E+02
  cs-134m      0.0000E+00  2.8948E-02
  ba-134       0.0000E+00  8.4517E+01
  i-135        0.0000E+00  1.3031E+00
  xe-135       0.0000E+00  1.6907E-01
  cs-135       0.0000E+00  3.0689E+02
  ba-135       0.0000E+00  1.0493E+00
  xe-136       0.0000E+00  4.6295E+03
  cs-136       0.0000E+00  1.6115E+00
  ba-136       0.0000E+00  3.0890E+01
  cs-137       0.0000E+00  2.2114E+03
  ba-137       0.0000E+00  4.4134E+01
  xe-138       0.0000E+00  3.9689E-02
  cs-138       0.0000E+00  1.0447E-01
  ba-138       0.0000E+00  2.2607E+03
  la-138       0.0000E+00  2.7895E-02
  cs-139       0.0000E+00  2.7012E-02
  ba-139       0.0000E+00  2.4902E-01
  la-139       0.0000E+00  2.0812E+03
  ba-140       0.0000E+00  5.2690E+01
  la-140       0.0000E+00  7.3960E+00
  ce-140       0.0000E+00  2.0731E+03
  ba-141       0.0000E+00  4.9325E-02
  la-141       0.0000E+00  6.4089E-01
  ce-141       0.0000E+00  1.2463E+02
  pr-141       0.0000E+00  1.7397E+03
  ba-142       0.0000E+00  2.6280E-02
  la-142       0.0000E+00  2.3527E-01
  ce-142       0.0000E+00  1.9389E+03
  pr-142       0.0000E+00  2.5676E-01
  nd-142       0.0000E+00  6.9531E+01
  la-143       0.0000E+00  3.4369E-02
  ce-143       0.0000E+00  4.8514E+00
  pr-143       0.0000E+00  4.6949E+01
  nd-143       0.0000E+00  8.8697E+02
  ce-144       0.0000E+00  8.1936E+02
  pr-144       0.0000E+00  3.5292E-02
  nd-144       0.0000E+00  1.7464E+03
  pr-145       0.0000E+00  6.1997E-01
  nd-145       0.0000E+00  1.0069E+03
  pr-146       0.0000E+00  3.4714E-02
  nd-146       0.0000E+00  1.3191E+03
  nd-147       0.0000E+00  1.7675E+01
  pm-147       0.0000E+00  2.0043E+02
  sm-147       0.0000E+00  4.3045E+01
  nd-148       0.0000E+00  6.9389E+02
  pm-148       0.0000E+00  3.5330E+00
  pm-148m      0.0000E+00  1.6319E+00
  sm-148       0.0000E+00  2.6669E+02
  nd-149       0.0000E+00  7.9612E-02
  pm-149       0.0000E+00  3.8819E+00
  sm-149       0.0000E+00  2.0790E+00
  nd-150       0.0000E+00  3.4619E+02
  sm-150       0.0000E+00  5.7356E+02
  pm-151       0.0000E+00  7.5503E-01
  sm-151       0.0000E+00  1.4918E+01
  sm-152       0.0000E+00  1.4742E+02
  sm-153       0.0000E+00  3.8393E+00
  eu-153       0.0000E+00  2.0307E+02
  sm-154       0.0000E+00  1.0232E+02
  eu-154       0.0000E+00  5.4176E+01
  gd-154       0.0000E+00  3.0339E+00
  eu-155       0.0000E+00  1.8132E+01
  gd-155       0.0000E+00  4.8812E-02
  sm-156       0.0000E+00  4.0147E-02
  eu-156       0.0000E+00  2.7701E+01
  gd-156       0.0000E+00  3.9393E+02
  eu-157       0.0000E+00  1.4193E-01
  gd-157       0.0000E+00  2.9557E-01
  gd-158       0.0000E+00  9.4638E+01
  gd-159       0.0000E+00  3.8045E-02
  tb-159       0.0000E+00  8.4179E+00
  gd-160       0.0000E+00  3.1678E+00
  tb-160       0.0000E+00  6.2409E-01
  dy-160       0.0000E+00  7.0168E-01
  tb-161       0.0000E+00  8.6217E-02
  dy-161       0.0000E+00  1.1378E+00
  dy-162       0.0000E+00  9.5688E-01
  dy-163       0.0000E+00  9.4033E-01
  dy-164       0.0000E+00  2.5876E-01
  ho-165       0.0000E+00  6.5769E-01
  er-166       0.0000E+00  2.4911E-01
  er-168       0.0000E+00  3.9671E-02
------------
  totals       1.0000E+06  1.0020E+06
=========================================================================================================================
.
.
=========================================================================================================================
=   History overview for case 'decay' (#2/2)                                                                            =
-------------------------------------------------------------------------------------------------------------------------
   step          t0          t1          dt           t        flux     fluence       power      energy
    (-)         (y)         (y)         (s)         (s)   (n/cm2-s)     (n/cm2)        (MW)       (MWd)
      1      1.5057      2.5057  3.1560E+07  7.9080E+07  0.0000E+00  5.3069E+22  0.0000E+00  5.6566E+04
          
              step - step index within this case
                t0 - time at beginning-of-step in input units
                t1 - time at end-of-step in input units
                dt - length of step in seconds
                 t - end-of-step cumulative time in seconds
              flux - flux in neutrons/cm^2-sec (CALCULATED)
           fluence - cumulative end-of-step fluence in neutrons/cm^2 (CALCULATED)
             power - power in mega-watts (INPUT)     
            energy - cumulative end-of-step energy released in mega-watt-days (INPUT)     
=========================================================================================================================
.
.
.
.
.
*************************************************************************************************************************
********************                                                                                 ********************
********************                                                                                 ********************
********************                    Library information                                          ********************
********************                                                                                 ********************
********************                                                                                 ********************
*************************************************************************************************************************
.
.
=========================================================================================================================
=   Library summary for case 'decay' (#2/2)                                                                             =
-------------------------------------------------------------------------------------------------------------------------
filename: C:/Users/Teddy/AppData/Local/Temp/scale.Teddy.9080/w17x17_100d.f33 cross-section data taken from position number: 1
library title delimited by {}: 
{}
date library was produced: 538976288/538976288/538976288
total number of nuclides in library: 2237
number of light-element nuclides: 910
number of actinide nuclides: 176
number of fission product nuclides: 1151
number of nonzero off-diagonal matrix elements: 54564
=========================================================================================================================
.
.
*************************************************************************************************************************
********************                                                                                 ********************
********************                                                                                 ********************
********************                    Concentration tables                                         ********************
********************                                                                                 ********************
********************                                                                                 ********************
*************************************************************************************************************************
.
.
=========================================================================================================================
=   Nuclide concentrations in grams for case 'decay' (#2/2)                                                             =
-------------------------------------------------------------------------------------------------------------------------
  (relative cutoff; integral of concentrations over time >   1.00E-06 % of integral of all concentrations over time)
.
                   1.506y      2.506y   
  h-3          9.6081E-02  9.0824E-02
  he-4         2.7796E+00  3.5668E+00
  u-234        2.3128E+00  5.5378E+00
  u-235        1.6569E+03  1.6571E+03
  u-236        3.8254E+03  3.8257E+03
  u-237        2.6238E+01  5.3204E-05
  u-238        9.2153E+05  9.2153E+05
  u-239        1.8858E+00  0.0000E+00
  np-237       6.1510E+02  6.4143E+02
  np-238       5.8835E+00  6.2058E-08
  np-239       2.7116E+02  5.4280E-04
  pu-238       3.9704E+02  4.2161E+02
  pu-239       5.3065E+03  5.5795E+03
  pu-240       2.5112E+03  2.5321E+03
  pu-241       1.7901E+03  1.7053E+03
  pu-242       1.7357E+03  1.7357E+03
  pu-243       1.4224E+00  1.6180E-11
  pu-244       6.3079E-01  6.3082E-01
  am-241       2.0206E+01  1.0487E+02
  am-242m      3.3607E-01  3.3442E-01
  am-242       1.9667E-01  4.3148E-06
  am-243       6.2921E+02  6.3058E+02
  am-244m      8.3344E-02  0.0000E+00
  am-244       1.2967E-01  3.9506E-12
  cm-242       2.8159E+01  5.9887E+00
  cm-243       1.2720E+00  1.2420E+00
  cm-244       5.7157E+02  5.5031E+02
  cm-245       6.2680E+01  6.2675E+01
  cm-246       1.9021E+01  1.9018E+01
  cm-247       4.5381E-01  4.5381E-01
  cm-248       6.9541E-02  6.9745E-02
  ge-73        2.8714E-02  2.8734E-02
  ge-74        7.8945E-02  7.8946E-02
  as-75        1.9469E-01  1.9472E-01
  ge-76        5.4211E-01  5.4211E-01
  se-76        1.2756E-02  1.2829E-02
  se-77        1.1603E+00  1.1656E+00
  se-78        3.8347E+00  3.8355E+00
  se-79        7.7131E+00  7.7132E+00
  se-80        1.9792E+01  1.9792E+01
  br-81        3.2848E+01  3.2849E+01
  se-82        5.2707E+01  5.2707E+01
  kr-82        1.9616E+00  1.9751E+00
  kr-83        4.7261E+01  4.7287E+01
  kr-84        1.8027E+02  1.8027E+02
  kr-85        3.7609E+01  3.5272E+01
  kr-85m       5.1853E-02  0.0000E+00
  rb-85        1.4275E+02  1.4514E+02
  kr-86        2.6801E+02  2.6801E+02
  rb-86        1.0166E-01  1.2739E-07
  sr-86        1.1935E+00  1.2952E+00
  kr-87        2.7692E-02  0.0000E+00
  rb-87        3.5091E+02  3.5094E+02
  kr-88        8.1162E-02  0.0000E+00
  sr-88        4.8364E+02  4.8373E+02
  sr-89        4.7063E+01  3.1379E-01
  y-89         5.9432E+02  6.4108E+02
  sr-90        7.7365E+02  7.5525E+02
  y-90         2.2460E-01  1.9158E-01
  zr-90        2.0020E+01  3.8459E+01
  sr-91        5.3759E-01  0.0000E+00
  y-91         8.2586E+01  1.0979E+00
  y-91m        2.7225E-02  0.0000E+00
  zr-91        7.7823E+02  8.6028E+02
  sr-92        1.7611E-01  0.0000E+00
  y-92         2.3268E-01  0.0000E+00
  zr-92        9.6958E+02  9.6998E+02
  y-93         8.2305E-01  0.0000E+00
  zr-93        1.0957E+03  1.0965E+03
  y-94         2.7795E-02  0.0000E+00
  zr-94        1.2204E+03  1.2204E+03
  mo-94        2.6500E-02  2.6500E-02
  zr-95        1.5600E+02  2.9917E+00
  nb-95        8.4493E+01  3.6442E+00
  nb-95m       9.5227E-02  1.9307E-03
  mo-95        1.0180E+03  1.2521E+03
  zr-96        1.3366E+03  1.3366E+03
  nb-96        2.2539E-02  0.0000E+00
  mo-96        1.1527E+02  1.1529E+02
  zr-97        1.9172E+00  0.0000E+00
  nb-97        1.3883E-01  0.0000E+00
  mo-97        1.3542E+03  1.3562E+03
  mo-98        1.4550E+03  1.4550E+03
  tc-98        1.4600E-02  1.4600E-02
  mo-99        8.9903E+00  0.0000E+00
  tc-99        1.2502E+03  1.2599E+03
  tc-99m       7.2561E-01  0.0000E+00
  ru-99        2.3873E-02  2.8329E-02
  mo-100       1.6633E+03  1.6633E+03
  ru-100       3.1291E+02  3.1291E+02
  mo-101       3.3090E-02  0.0000E+00
  tc-101       3.2199E-02  0.0000E+00
  ru-101       1.3585E+03  1.3586E+03
  mo-102       2.5829E-02  0.0000E+00
  ru-102       1.5922E+03  1.5922E+03
  ru-103       1.4161E+02  2.2355E-01
  rh-103       6.0845E+02  7.4998E+02
  rh-103m      1.3909E-01  2.1958E-04
  tc-104       4.1188E-02  0.0000E+00
  ru-104       1.2473E+03  1.2474E+03
  pd-104       7.2328E+02  7.2328E+02
  ru-105       5.4421E-01  0.0000E+00
  rh-105       3.3560E+00  0.0000E+00
  pd-105       7.3726E+02  7.4117E+02
  ru-106       5.1939E+02  2.6286E+02
  pd-106       6.3141E+02  8.8794E+02
  rh-107       2.7836E-02  0.0000E+00
  pd-107       5.7339E+02  5.7342E+02
  pd-108       3.9964E+02  3.9964E+02
  pd-109       7.3033E-01  0.0000E+00
  ag-109       1.7402E+02  1.7476E+02
  pd-110       1.3969E+02  1.3969E+02
  ag-110m      2.3568E+00  8.5518E-01
  cd-110       1.7498E+02  1.7648E+02
  ag-111       1.7701E+00  3.0844E-15
  cd-111       7.1892E+01  7.3666E+01
  pd-112       8.7676E-02  0.0000E+00
  cd-112       3.6757E+01  3.6858E+01
  cd-113       1.4748E-01  1.5760E-01
  cd-114       3.6936E+01  3.6936E+01
  cd-115       7.3239E-02  0.0000E+00
  cd-115m      9.2759E-02  3.1607E-04
  in-115       2.2239E+00  2.3922E+00
  sn-115       4.8079E-01  4.8479E-01
  cd-116       1.1664E+01  1.1664E+01
  sn-116       9.1518E+00  9.1525E+00
  sn-117       1.0351E+01  1.0357E+01
  sn-118       9.7013E+00  9.7021E+00
  sn-119       9.1308E+00  9.2115E+00
  sn-119m      1.3896E-01  5.8562E-02
  sn-120       9.5514E+00  9.5514E+00
  sn-121       2.8000E-02  3.8516E-05
  sn-121m      7.1780E-01  7.0655E-01
  sb-121       8.4434E+00  8.4826E+00
  sn-122       1.2167E+01  1.2167E+01
  te-122       1.2286E+00  1.2454E+00
  sn-123       5.4881E-01  7.7327E-02
  sb-123       1.0918E+01  1.1390E+01
  te-123       1.3312E-02  1.7542E-02
  sn-124       1.8899E+01  1.8899E+01
  sb-124       2.4151E-01  3.6005E-03
  te-124       7.5840E-01  9.9630E-01
  sn-125       2.8749E-01  1.1270E-12
  sb-125       2.0950E+01  1.6520E+01
  te-125       4.1632E+00  8.8929E+00
  te-125m      2.4248E-01  2.2967E-01
  sn-126       4.2308E+01  4.2308E+01
  te-126       1.0104E+00  1.0281E+00
  sb-127       1.0267E+00  0.0000E+00
  te-127       8.8549E-02  3.6877E-04
  te-127m      8.9715E-01  1.0534E-01
  i-127        7.8036E+01  7.9957E+01
  te-128       1.8775E+02  1.8778E+02
  xe-128       1.0090E+01  1.0091E+01
  sb-129       1.4465E-01  0.0000E+00
  te-129       3.6366E-02  2.1022E-06
  te-129m      4.3169E+00  2.3163E-03
  i-129        2.9637E+02  3.0087E+02
  xe-129       1.3162E-01  1.3268E-01
  te-130       6.8660E+02  6.8662E+02
  i-130        5.6965E-02  0.0000E+00
  xe-130       2.5603E+01  2.5660E+01
  sb-131       2.9778E-02  0.0000E+00
  te-131       3.6218E-02  0.0000E+00
  te-131m      7.2573E-01  0.0000E+00
  i-131        1.9930E+01  4.1470E-13
  xe-131       5.5248E+02  5.7357E+02
  xe-131m      3.6261E-01  5.4898E-10
  te-132       1.1075E+01  0.0000E+00
  i-132        3.4169E-01  0.0000E+00
  xe-132       2.2046E+03  2.2161E+03
  te-133       2.1291E-02  0.0000E+00
  te-133m      8.7344E-02  0.0000E+00
  i-133        4.2032E+00  0.0000E+00
  xe-133       2.5402E+01  3.3280E-20
  xe-133m      3.3973E-01  0.0000E+00
  cs-133       1.6933E+03  1.7234E+03
  te-134       1.1451E-01  0.0000E+00
  i-134        1.9593E-01  0.0000E+00
  xe-134       2.6909E+03  2.6912E+03
  cs-134       4.0458E+02  2.8924E+02
  cs-134m      2.8948E-02  0.0000E+00
  ba-134       8.4517E+01  1.9988E+02
  i-135        1.3031E+00  0.0000E+00
  xe-135       1.6907E-01  0.0000E+00
  cs-135       3.0689E+02  3.0838E+02
  ba-135       1.0493E+00  1.0502E+00
  xe-136       4.6295E+03  4.6295E+03
  cs-136       1.6115E+00  7.1050E-09
  ba-136       3.0890E+01  3.2501E+01
  cs-137       2.2114E+03  2.1610E+03
  ba-137       4.4134E+01  9.4513E+01
  xe-138       3.9689E-02  0.0000E+00
  cs-138       1.0447E-01  0.0000E+00
  ba-138       2.2607E+03  2.2608E+03
  la-138       2.7895E-02  2.7895E-02
  cs-139       2.7012E-02  0.0000E+00
  ba-139       2.4902E-01  0.0000E+00
  la-139       2.0812E+03  2.0815E+03
  ba-140       5.2690E+01  1.2573E-07
  la-140       7.3960E+00  1.9056E-08
  ce-140       2.0731E+03  2.1332E+03
  ba-141       4.9325E-02  0.0000E+00
  la-141       6.4089E-01  0.0000E+00
  ce-141       1.2463E+02  5.1934E-02
  pr-141       1.7397E+03  1.8650E+03
  ba-142       2.6280E-02  0.0000E+00
  la-142       2.3527E-01  0.0000E+00
  ce-142       1.9389E+03  1.9391E+03
  pr-142       2.5676E-01  0.0000E+00
  nd-142       6.9531E+01  6.9789E+01
  la-143       3.4369E-02  0.0000E+00
  ce-143       4.8514E+00  0.0000E+00
  pr-143       4.6949E+01  4.1307E-07
  nd-143       8.8697E+02  9.3881E+02
  ce-144       8.1936E+02  3.3692E+02
  pr-144       3.5292E-02  1.4192E-02
  nd-144       1.7464E+03  2.2288E+03
  pr-145       6.1997E-01  0.0000E+00
  nd-145       1.0069E+03  1.0075E+03
  pr-146       3.4714E-02  0.0000E+00
  nd-146       1.3191E+03  1.3191E+03
  nd-147       1.7675E+01  1.7107E-09
  pm-147       2.0043E+02  1.6763E+02
  sm-147       4.3045E+01  9.3539E+01
  nd-148       6.9389E+02  6.9390E+02
  pm-148       3.5330E+00  2.2246E-05
  pm-148m      1.6319E+00  3.5446E-03
  sm-148       2.6669E+02  2.7185E+02
  nd-149       7.9612E-02  0.0000E+00
  pm-149       3.8819E+00  0.0000E+00
  sm-149       2.0790E+00  6.0421E+00
  nd-150       3.4619E+02  3.4619E+02
  sm-150       5.7356E+02  5.7357E+02
  pm-151       7.5503E-01  0.0000E+00
  sm-151       1.4918E+01  1.5558E+01
  eu-151       4.7635E-03  1.2504E-01
  sm-152       1.4742E+02  1.4743E+02
  sm-153       3.8393E+00  0.0000E+00
  eu-153       2.0307E+02  2.0691E+02
  sm-154       1.0232E+02  1.0232E+02
  eu-154       5.4176E+01  4.9981E+01
  gd-154       3.0339E+00  7.2282E+00
  eu-155       1.8132E+01  1.5673E+01
  gd-155       4.8812E-02  2.5098E+00
  sm-156       4.0147E-02  0.0000E+00
  eu-156       2.7701E+01  1.6001E-06
  gd-156       3.9393E+02  4.2167E+02
  eu-157       1.4193E-01  0.0000E+00
  gd-157       2.9557E-01  4.3788E-01
  gd-158       9.4638E+01  9.4640E+01
  gd-159       3.8045E-02  0.0000E+00
  tb-159       8.4179E+00  8.4562E+00
  gd-160       3.1678E+00  3.1678E+00
  tb-160       6.2409E-01  1.8809E-02
  dy-160       7.0168E-01  1.3070E+00
  tb-161       8.6217E-02  1.0309E-17
  dy-161       1.1378E+00  1.2241E+00
  dy-162       9.5688E-01  9.5691E-01
  dy-163       9.4033E-01  9.4034E-01
  dy-164       2.5876E-01  2.5876E-01
  ho-165       6.5769E-01  6.5838E-01
  er-166       2.4911E-01  2.5238E-01
  er-167       1.3688E-02  1.3710E-02
  er-168       3.9671E-02  3.9671E-02
------------
  totals       1.0020E+06  1.0020E+06
=========================================================================================================================
.
.
*************************************************************************************************************************
********************                                                                                 ********************
********************                                                                                 ********************
********************                    Written F71 File Information                                 ********************
********************                                                                                 ********************
********************                                                                                 ********************
*************************************************************************************************************************
.
.
   pos         time        power         flux      fluence       energy libpos   case   step DCGNAB
   (-)          (s)         (MW)    (n/cm2-s)      (n/cm2)        (MWd)    (-)    (-)    (-)    (-)
     1  4.75200e+07  0.00000e+00  0.00000e+00  5.30687e+22  5.65657e+04      1      2      0 DC----
     2  7.90800e+07  0.00000e+00  0.00000e+00  5.30687e+22  5.65657e+04      1      2      1 DC----
    D - state definition present
    C - concentrations present
    G - gamma emission spectra present
    N - neutron emission spectra present
    A - alpha emission spectra present
    B - beta emission spectra present
.
.
.
=========================================================================================================================
ORIGEN finished successfully.
=========================================================================================================================
    module origen used 0.796438 seconds cpu time for the current pass.

    module origen is finished. completion code    0. total cpu time used 5.59839e-006 seconds.


    SCALE is finished on Wed Feb 13 18:31:46 2019.
-------------------------- Summary --------------------------
arp finished. used 3.04735 seconds.
origen finished. used 0.803991 seconds.
SCALE driver required a maximum of 8.305 MiB of RAM.
------------------------ End Summary ------------------------

w17x17_100d.f33 copied to C:\Users\Teddy\Desktop\scale_test\output\w17x17_100d.f33.
discharge.f71 copied to C:\Users\Teddy\Desktop\scale_test\output\discharge.f71.
