 *******************************************************************************
 *                                                                             *
 *                                 SCALE 6.2.2                                 *
 *                                -------------                                *
 *                                February 2019                                *
 *                                                                             *
 *           SCALE:  A Comprehensive Modeling and Simulation Suite             *
 *                   for Nuclear Safety Analysis and Design                    *
 *                                                                             *
 *                      Reactor and Nuclear Systems Division                   *
 *                        Oak Ridge National Laboratory                        *
 *                                                                             *
 *                           http://scale.ornl.gov                             *
 *                            scalehelp@ornl.gov                               *
 *                                                                             *
 *******************************************************************************
 *******************************************************************************
      
                  Job Information
                  ---------------
      Job started on DESKTOP-J14NAA6 on Wed 13/02/2019 18:28:16
      Working directory: C:\Users\Teddy\AppData\Local\Temp\scale.Teddy.11228
      Input file name  : C:\Users\Teddy\Desktop\scale_test\output\2.800000_19090.909091.inp
      Output file name : C:\Users\Teddy\Desktop\scale_test\output\2.800000_19090.909091.out
      SCALE executable : C:\SCALE-6.2.2/bin/scale
      
 *******************************************************************************


    module arp will be called on Wed Feb 13 18:28:16 2019.
    sequence specification record:=arp
Input Data:

      'library type
      w17x17
      2.800000
      ' num cycles
      1
      ' num days per cycle
      550
      ' cycle average specific power (MW / MTU)
      34.710744
      ' number of interpolated cross section sets generated per cycle
      1
      ' moderator density (g/cc)
      0.723
      ' interpolated output ORIGEN library
      w17x17_100d.f33
end

1






        ************************************************************************************************************************
        ************************************************************************************************************************
        ************************************************************************************************************************
        *****                                                                                                              *****
        *****                                       program verification information                                       *****
        *****                                                                                                              *****
        *****                                   code system:  SCALE    version:  6.2                                       *****
        *****                                                                                                              *****
        ************************************************************************************************************************
        ************************************************************************************************************************
        *****                                                                                                              *****
        *****                                                                                                              *****
        *****              program:  arp.exe                                                                               *****
        *****                                                                                                              *****
        *****        creation date:   unknown                                                                              *****
        *****                                                                                                              *****
        *****              library:  C:\SCALE-6.2.2\bin                                                                    *****
        *****                                                                                                              *****
        *****                                                                                                              *****
        *****            prod code:  arp.exe                                                                               *****
        *****                                                                                                              *****
        *****              version:  6.2.2                                                                                 *****
        *****                                                                                                              *****
        *****              jobname:  Teddy                                                                                 *****
        *****                                                                                                              *****
        *****         machine name:  DESKTOP-J14NAA6                                                                       *****
        *****                                                                                                              *****
        *****    date of execution:  13_feb_2019                                                                           *****
        *****                                                                                                              *****
        *****    time of execution:  18:28:16.69                                                                           *****
        *****                                                                                                              *****
        *****                                                                                                              *****
        ************************************************************************************************************************
        ************************************************************************************************************************
        ************************************************************************************************************************


 'library type
    data library:       w17x17
       directory:       C:/SCALE-6.2.2/data/\arplibs
       definition:      C:/SCALE-6.2.2/data/\arpdata.txt
    u-235 enrichment:                        2.800

 ' num cycles
    number of cycles:                            1

 ' num days per cycle

 ' cycle average specific power (MW / MTU)

 ' number of interpolated cross section sets generated per cycle

 ' moderator density (g/cc)
    water density (g/cm3):                  0.7230
                                         cycle        cumulative      midpoint
   cycle time(d)        power(MW)      burnup(MWd/MTU)burnup(MWd/MTU)burnup(MWd/MTU)nlib
     1    550.000        34.7107        19090.9        19090.9        9545.45             1

 ' interpolated output ORIGEN library
    interpolated library name:                   w17x17_100d.f33
 interpolation type: spline
 Cross section library interpolation completed.
.
.
.
=========================================================================================================================
ARP finished successfully.
=========================================================================================================================
    module arp used 1.84248 seconds cpu time for the current pass.

    module arp is finished. completion code    0. total cpu time used 1.02637e-005 seconds.



    module origen will be called on Wed Feb 13 18:28:18 2019.
    sequence specification record:=origen
Input Data:

      case(irrad) {
          lib{
              file="w17x17_100d.f33" pos=1
          }
          mat {
              units=GRAMS
              iso=[u235=28000.000000 u238=972000.000000]
          }
          time = [ 550 ]
          power = [ 34.710744 ]
      }
      case (decay) {
          time {
              units=YEARS
              start=0
              t=[1]
          }
          save{ file="discharge.f71" steps=[0 LAST]}
      }
end

1






        ************************************************************************************************************************
        ************************************************************************************************************************
        ************************************************************************************************************************
        *****                                                                                                              *****
        *****                                       program verification information                                       *****
        *****                                                                                                              *****
        *****                                   code system:  SCALE    version:  6.2                                       *****
        *****                                                                                                              *****
        ************************************************************************************************************************
        ************************************************************************************************************************
        *****                                                                                                              *****
        *****                                                                                                              *****
        *****              program:  origen.exe                                                                            *****
        *****                                                                                                              *****
        *****        creation date:   unknown                                                                              *****
        *****                                                                                                              *****
        *****              library:  C:\SCALE-6.2.2\bin                                                                    *****
        *****                                                                                                              *****
        *****                                                                                                              *****
        *****            prod code:  origen.exe                                                                            *****
        *****                                                                                                              *****
        *****              version:  6.2.2                                                                                 *****
        *****                                                                                                              *****
        *****              jobname:  Teddy                                                                                 *****
        *****                                                                                                              *****
        *****         machine name:  DESKTOP-J14NAA6                                                                       *****
        *****                                                                                                              *****
        *****    date of execution:  13_feb_2019                                                                           *****
        *****                                                                                                              *****
        *****    time of execution:  18:28:18.54                                                                           *****
        *****                                                                                                              *****
        *****                                                                                                              *****
        ************************************************************************************************************************
        ************************************************************************************************************************
        ************************************************************************************************************************

*************************************************************************************************************************
********************                                                                                 ********************
********************                                                                                 ********************
********************                    USER INPUT SUMMARY                                           ********************
********************                                                                                 ********************
********************                                                                                 ********************
*************************************************************************************************************************
.
.
=========================================================================================================================
=   Case "irrad" (#1/2)                                                                                                 =
-------------------------------------------------------------------------------------------------------------------------
###   Library settings                                                                                                ###
.
                                Library file name:     C:/Users/Teddy/AppData/Local/Temp/scale.Teddy.11228/w17x17_100d.f33
                             Library set position:              1
                 Fission product reaction removal:             no
-------------------------------------------------------------------------------------------------------------------------
###   Global settings                                                                                                 ###
.
                                           Solver:              MATREX
                                             Mode:        forward
                             Fixed fission energy:             no
-------------------------------------------------------------------------------------------------------------------------
###   Concentrations output options                                                                                   ###
.
                            High-precision output:             no
                                  Relative cutoff:            yes
                         Step for applying cutoff:       integral
.
                      light els.   actinides  fis.prods.       total
                       nuc    el   nuc    el   nuc    el   nuc    el             cutoff
gram-atoms                                                                    1.000E-06
grams                                                      **                 1.000E-06
curies                                                                        1.000E-06
watts                                                                         1.000E-06
gamma watts                                                                   1.000E-06
m3 air                                                                        1.000E-06
m3 water                                                                      1.000E-06
grams ppm                                                                     1.000E-06
atoms ppm                                                                     1.000E-06
atoms/barn-cm                                                                 1.000E-06
becquerels                                                                    1.000E-06
-------------------------------------------------------------------------------------------------------------------------
###   Additional output options                                                                                       ###
.
                                      Print k-inf:             no
           Nuclides for absorption fraction print:           none
                              Print fission rates:             no
            Step for sorting absorption fractions:              1
=========================================================================================================================
=   Case "decay" (#2/2)                                                                                                 =
-------------------------------------------------------------------------------------------------------------------------
###   Library settings                                                                                                ###
.
                                Library file name:     C:/Users/Teddy/AppData/Local/Temp/scale.Teddy.11228/w17x17_100d.f33
                             Library set position:              1
                 Fission product reaction removal:             no
-------------------------------------------------------------------------------------------------------------------------
###   Global settings                                                                                                 ###
.
                                           Solver:              MATREX
                                             Mode:        forward
                             Fixed fission energy:             no
-------------------------------------------------------------------------------------------------------------------------
###   Concentrations output options                                                                                   ###
.
                            High-precision output:             no
                                  Relative cutoff:            yes
                         Step for applying cutoff:       integral
.
                      light els.   actinides  fis.prods.       total
                       nuc    el   nuc    el   nuc    el   nuc    el             cutoff
gram-atoms                                                                    1.000E-06
grams                                                      **                 1.000E-06
curies                                                                        1.000E-06
watts                                                                         1.000E-06
gamma watts                                                                   1.000E-06
m3 air                                                                        1.000E-06
m3 water                                                                      1.000E-06
grams ppm                                                                     1.000E-06
atoms ppm                                                                     1.000E-06
atoms/barn-cm                                                                 1.000E-06
becquerels                                                                    1.000E-06
-------------------------------------------------------------------------------------------------------------------------
###   Additional output options                                                                                       ###
.
                                      Print k-inf:             no
           Nuclides for absorption fraction print:           none
                              Print fission rates:             no
            Step for sorting absorption fractions:              1
=========================================================================================================================
###   Blending information                                                                                            ###
.
  --- no blending requested in this job ---
=========================================================================================================================
.
.
=========================================================================================================================
=   History overview for case 'irrad' (#1/2)                                                                            =
-------------------------------------------------------------------------------------------------------------------------
   step          t0          t1          dt           t        flux     fluence       power      energy
    (-)         (d)         (d)         (s)         (s)   (n/cm2-s)     (n/cm2)        (MW)       (MWd)
      1      0.0000    550.0000  4.7520E+07  4.7520E+07  3.2215E+14  1.5308E+22  3.4711E+01  1.9091E+04
          
              step - step index within this case
                t0 - time at beginning-of-step in input units
                t1 - time at end-of-step in input units
                dt - length of step in seconds
                 t - end-of-step cumulative time in seconds
              flux - flux in neutrons/cm^2-sec (CALCULATED)
           fluence - cumulative end-of-step fluence in neutrons/cm^2 (CALCULATED)
             power - power in mega-watts (INPUT)     
            energy - cumulative end-of-step energy released in mega-watt-days (INPUT)     
=========================================================================================================================
.
.
.
.
.
*************************************************************************************************************************
********************                                                                                 ********************
********************                                                                                 ********************
********************                    Library information                                          ********************
********************                                                                                 ********************
********************                                                                                 ********************
*************************************************************************************************************************
.
.
=========================================================================================================================
=   Library summary for case 'irrad' (#1/2)                                                                             =
-------------------------------------------------------------------------------------------------------------------------
filename: C:/Users/Teddy/AppData/Local/Temp/scale.Teddy.11228/w17x17_100d.f33 cross-section data taken from position number: 1
library title delimited by {}: 
{}
date library was produced: 538976288/538976288/538976288
total number of nuclides in library: 2237
number of light-element nuclides: 910
number of actinide nuclides: 176
number of fission product nuclides: 1151
number of nonzero off-diagonal matrix elements: 54564
=========================================================================================================================
.
.
*************************************************************************************************************************
********************                                                                                 ********************
********************                                                                                 ********************
********************                    Concentration tables                                         ********************
********************                                                                                 ********************
********************                                                                                 ********************
*************************************************************************************************************************
.
.
=========================================================================================================================
=   Nuclide concentrations in grams for case 'irrad' (#1/2)                                                             =
-------------------------------------------------------------------------------------------------------------------------
  (relative cutoff; integral of concentrations over time >   1.00E-06 % of integral of all concentrations over time)
.
                   0.000d    550.000d   
  h-3          0.0000E+00  2.9463E-02
  he-4         0.0000E+00  7.2346E-01
  u-234        0.0000E+00  1.1130E+00
  u-235        2.8000E+04  1.2079E+04
  u-236        0.0000E+00  2.7433E+03
  u-237        0.0000E+00  6.6426E+00
  u-238        9.7200E+05  9.5723E+05
  u-239        0.0000E+00  5.6327E-01
  np-237       0.0000E+00  1.9959E+02
  np-238       0.0000E+00  5.9139E-01
  np-239       0.0000E+00  8.1340E+01
  pu-238       0.0000E+00  4.2185E+01
  pu-239       0.0000E+00  4.6584E+03
  pu-240       0.0000E+00  1.3579E+03
  pu-241       0.0000E+00  9.0839E+02
  pu-242       0.0000E+00  1.9025E+02
  pu-243       0.0000E+00  4.8847E-02
  am-241       0.0000E+00  1.5638E+01
  am-242m      0.0000E+00  2.6813E-01
  am-242       0.0000E+00  4.8273E-02
  am-243       0.0000E+00  1.9885E+01
  cm-242       0.0000E+00  4.0990E+00
  cm-243       0.0000E+00  5.7175E-02
  cm-244       0.0000E+00  3.5118E+00
  cm-245       0.0000E+00  1.1350E-01
  ge-74        0.0000E+00  3.0157E-02
  as-75        0.0000E+00  7.6502E-02
  ge-76        0.0000E+00  2.0264E-01
  se-77        0.0000E+00  4.9061E-01
  se-78        0.0000E+00  1.3682E+00
  se-79        0.0000E+00  2.9636E+00
  se-80        0.0000E+00  7.8302E+00
  br-81        0.0000E+00  1.3031E+01
  se-82        0.0000E+00  2.0499E+01
  kr-82        0.0000E+00  2.2324E-01
  kr-83        0.0000E+00  2.8305E+01
  kr-84        0.0000E+00  6.5532E+01
  kr-85        0.0000E+00  1.6112E+01
  kr-85m       0.0000E+00  2.9967E-02
  rb-85        0.0000E+00  6.1638E+01
  kr-86        0.0000E+00  1.1660E+02
  sr-86        0.0000E+00  1.3447E-01
  rb-87        0.0000E+00  1.5350E+02
  kr-88        0.0000E+00  5.0780E-02
  sr-88        0.0000E+00  2.1386E+02
  sr-89        0.0000E+00  2.9408E+01
  y-89         0.0000E+00  2.6048E+02
  sr-90        0.0000E+00  3.4549E+02
  y-90         0.0000E+00  9.1364E-02
  zr-90        0.0000E+00  7.0670E+00
  sr-91        0.0000E+00  3.1044E-01
  y-91         0.0000E+00  4.8416E+01
  zr-91        0.0000E+00  3.2241E+02
  sr-92        0.0000E+00  9.4952E-02
  y-92         0.0000E+00  1.2549E-01
  zr-92        0.0000E+00  3.9966E+02
  y-93         0.0000E+00  4.1182E-01
  zr-93        0.0000E+00  4.3949E+02
  zr-94        0.0000E+00  4.6603E+02
  zr-95        0.0000E+00  7.4220E+01
  nb-95        0.0000E+00  4.0437E+01
  nb-95m       0.0000E+00  4.5256E-02
  mo-95        0.0000E+00  3.9763E+02
  zr-96        0.0000E+00  4.9043E+02
  mo-96        0.0000E+00  1.2165E+01
  zr-97        0.0000E+00  8.0450E-01
  nb-97        0.0000E+00  5.8116E-02
  mo-97        0.0000E+00  4.8369E+02
  mo-98        0.0000E+00  4.9431E+02
  mo-99        0.0000E+00  3.5559E+00
  tc-99        0.0000E+00  4.9364E+02
  tc-99m       0.0000E+00  2.8524E-01
  mo-100       0.0000E+00  5.5845E+02
  ru-100       0.0000E+00  3.2714E+01
  ru-101       0.0000E+00  4.6997E+02
  ru-102       0.0000E+00  4.5408E+02
  ru-103       0.0000E+00  4.4525E+01
  rh-103       0.0000E+00  2.9135E+02
  rh-103m      0.0000E+00  4.3709E-02
  ru-104       0.0000E+00  3.0421E+02
  pd-104       0.0000E+00  8.1079E+01
  ru-105       0.0000E+00  1.4514E-01
  rh-105       0.0000E+00  1.0628E+00
  pd-105       0.0000E+00  2.0852E+02
  ru-106       0.0000E+00  1.0918E+02
  pd-106       0.0000E+00  7.7142E+01
  pd-107       0.0000E+00  1.1060E+02
  pd-108       0.0000E+00  7.0525E+01
  pd-109       0.0000E+00  1.2392E-01
  ag-109       0.0000E+00  4.1098E+01
  pd-110       0.0000E+00  2.2995E+01
  ag-110m      0.0000E+00  2.4156E-01
  cd-110       0.0000E+00  9.4663E+00
  ag-111       0.0000E+00  3.3521E-01
  cd-111       0.0000E+00  1.1217E+01
  cd-112       0.0000E+00  6.0170E+00
  cd-113       0.0000E+00  1.0068E-01
  cd-114       0.0000E+00  7.6605E+00
  cd-115m      0.0000E+00  2.2277E-02
  in-115       0.0000E+00  1.4802E+00
  sn-115       0.0000E+00  1.3271E-01
  cd-116       0.0000E+00  3.0320E+00
  sn-116       0.0000E+00  1.2990E+00
  sn-117       0.0000E+00  2.7791E+00
  sn-118       0.0000E+00  2.6031E+00
  sn-119       0.0000E+00  2.5517E+00
  sn-119m      0.0000E+00  4.9249E-02
  sn-120       0.0000E+00  2.6136E+00
  sn-121m      0.0000E+00  2.0714E-01
  sb-121       0.0000E+00  2.5655E+00
  sn-122       0.0000E+00  3.3193E+00
  te-122       0.0000E+00  9.9841E-02
  sn-123       0.0000E+00  1.5466E-01
  sb-123       0.0000E+00  3.1925E+00
  sn-124       0.0000E+00  5.3042E+00
  sb-124       0.0000E+00  2.1282E-02
  te-124       0.0000E+00  5.8445E-02
  sn-125       0.0000E+00  8.6639E-02
  sb-125       0.0000E+00  5.8555E+00
  te-125       0.0000E+00  1.0273E+00
  te-125m      0.0000E+00  6.5547E-02
  sn-126       0.0000E+00  1.1350E+01
  te-126       0.0000E+00  2.9275E-01
  sb-127       0.0000E+00  3.2537E-01
  te-127       0.0000E+00  2.9656E-02
  te-127m      0.0000E+00  6.5759E-01
  i-127        0.0000E+00  2.4758E+01
  te-128       0.0000E+00  5.3793E+01
  xe-128       0.0000E+00  7.8838E-01
  sb-129       0.0000E+00  4.6999E-02
  te-129m      0.0000E+00  1.4139E+00
  i-129        0.0000E+00  8.8600E+01
  te-130       0.0000E+00  2.2257E+02
  xe-130       0.0000E+00  2.0936E+00
  te-131m      0.0000E+00  2.4882E-01
  i-131        0.0000E+00  7.4441E+00
  xe-131       0.0000E+00  2.9026E+02
  xe-131m      0.0000E+00  1.2629E-01
  te-132       0.0000E+00  4.2358E+00
  i-132        0.0000E+00  1.2950E-01
  xe-132       0.0000E+00  6.0107E+02
  te-133m      0.0000E+00  3.7029E-02
  i-133        0.0000E+00  1.6659E+00
  xe-133       0.0000E+00  1.0085E+01
  xe-133m      0.0000E+00  1.2930E-01
  cs-133       0.0000E+00  7.1204E+02
  te-134       0.0000E+00  4.9836E-02
  i-134        0.0000E+00  7.9110E-02
  xe-134       0.0000E+00  9.0917E+02
  cs-134       0.0000E+00  5.0361E+01
  ba-134       0.0000E+00  9.1116E+00
  i-135        0.0000E+00  5.0862E-01
  xe-135       0.0000E+00  1.8124E-01
  cs-135       0.0000E+00  1.9087E+02
  ba-135       0.0000E+00  3.1009E-02
  xe-136       0.0000E+00  1.3929E+03
  cs-136       0.0000E+00  3.3611E-01
  ba-136       0.0000E+00  6.5227E+00
  cs-137       0.0000E+00  7.3614E+02
  ba-137       0.0000E+00  1.3196E+01
  cs-138       0.0000E+00  4.2934E-02
  ba-138       0.0000E+00  7.8055E+02
  ba-139       0.0000E+00  1.0249E-01
  la-139       0.0000E+00  7.3654E+02
  ba-140       0.0000E+00  2.1942E+01
  la-140       0.0000E+00  2.9387E+00
  ce-140       0.0000E+00  7.1202E+02
  ba-141       0.0000E+00  2.0669E-02
  la-141       0.0000E+00  2.6794E-01
  ce-141       0.0000E+00  5.2955E+01
  pr-141       0.0000E+00  6.4200E+02
  la-142       0.0000E+00  1.0069E-01
  ce-142       0.0000E+00  6.8050E+02
  pr-142       0.0000E+00  2.8134E-02
  nd-142       0.0000E+00  6.8570E+00
  ce-143       0.0000E+00  2.1425E+00
  pr-143       0.0000E+00  2.1005E+01
  nd-143       0.0000E+00  5.3709E+02
  ce-144       0.0000E+00  3.2965E+02
  nd-144       0.0000E+00  4.0757E+02
  pr-145       0.0000E+00  2.6736E-01
  nd-145       0.0000E+00  4.3021E+02
  nd-146       0.0000E+00  3.9458E+02
  nd-147       0.0000E+00  7.3377E+00
  pm-147       0.0000E+00  1.5429E+02
  sm-147       0.0000E+00  3.3181E+01
  nd-148       0.0000E+00  2.2282E+02
  pm-148       0.0000E+00  9.3874E-01
  pm-148m      0.0000E+00  1.1325E+00
  sm-148       0.0000E+00  5.1794E+01
  nd-149       0.0000E+00  2.7969E-02
  pm-149       0.0000E+00  1.1549E+00
  sm-149       0.0000E+00  2.0281E+00
  nd-150       0.0000E+00  1.0305E+02
  sm-150       0.0000E+00  1.7122E+02
  pm-151       0.0000E+00  2.3695E-01
  sm-151       0.0000E+00  9.3488E+00
  sm-152       0.0000E+00  7.5425E+01
  sm-153       0.0000E+00  6.9586E-01
  eu-153       0.0000E+00  6.2213E+01
  sm-154       0.0000E+00  1.9877E+01
  eu-154       0.0000E+00  1.0756E+01
  gd-154       0.0000E+00  4.4805E-01
  eu-155       0.0000E+00  4.4243E+00
  gd-155       0.0000E+00  2.9646E-02
  eu-156       0.0000E+00  2.4505E+00
  gd-156       0.0000E+00  3.0217E+01
  gd-157       0.0000E+00  5.9792E-02
  gd-158       0.0000E+00  7.7647E+00
  tb-159       0.0000E+00  1.1388E+00
  gd-160       0.0000E+00  5.1229E-01
  tb-160       0.0000E+00  2.8482E-02
  dy-160       0.0000E+00  4.4020E-02
  dy-161       0.0000E+00  1.7460E-01
  dy-162       0.0000E+00  1.2467E-01
  dy-163       0.0000E+00  7.8308E-02
  ho-165       0.0000E+00  2.4266E-02
------------
  totals       1.0000E+06  1.0001E+06
=========================================================================================================================
.
.
=========================================================================================================================
=   History overview for case 'decay' (#2/2)                                                                            =
-------------------------------------------------------------------------------------------------------------------------
   step          t0          t1          dt           t        flux     fluence       power      energy
    (-)         (y)         (y)         (s)         (s)   (n/cm2-s)     (n/cm2)        (MW)       (MWd)
      1      1.5057      2.5057  3.1560E+07  7.9080E+07  0.0000E+00  1.5308E+22  0.0000E+00  1.9091E+04
          
              step - step index within this case
                t0 - time at beginning-of-step in input units
                t1 - time at end-of-step in input units
                dt - length of step in seconds
                 t - end-of-step cumulative time in seconds
              flux - flux in neutrons/cm^2-sec (CALCULATED)
           fluence - cumulative end-of-step fluence in neutrons/cm^2 (CALCULATED)
             power - power in mega-watts (INPUT)     
            energy - cumulative end-of-step energy released in mega-watt-days (INPUT)     
=========================================================================================================================
.
.
.
.
.
*************************************************************************************************************************
********************                                                                                 ********************
********************                                                                                 ********************
********************                    Library information                                          ********************
********************                                                                                 ********************
********************                                                                                 ********************
*************************************************************************************************************************
.
.
=========================================================================================================================
=   Library summary for case 'decay' (#2/2)                                                                             =
-------------------------------------------------------------------------------------------------------------------------
filename: C:/Users/Teddy/AppData/Local/Temp/scale.Teddy.11228/w17x17_100d.f33 cross-section data taken from position number: 1
library title delimited by {}: 
{}
date library was produced: 538976288/538976288/538976288
total number of nuclides in library: 2237
number of light-element nuclides: 910
number of actinide nuclides: 176
number of fission product nuclides: 1151
number of nonzero off-diagonal matrix elements: 54564
=========================================================================================================================
.
.
*************************************************************************************************************************
********************                                                                                 ********************
********************                                                                                 ********************
********************                    Concentration tables                                         ********************
********************                                                                                 ********************
********************                                                                                 ********************
*************************************************************************************************************************
.
.
=========================================================================================================================
=   Nuclide concentrations in grams for case 'decay' (#2/2)                                                             =
-------------------------------------------------------------------------------------------------------------------------
  (relative cutoff; integral of concentrations over time >   1.00E-06 % of integral of all concentrations over time)
.
                   1.506y      2.506y   
  h-3          2.9463E-02  2.7851E-02
  he-4         7.2346E-01  7.9128E-01
  u-234        1.1130E+00  1.4597E+00
  u-235        1.2079E+04  1.2079E+04
  u-236        2.7433E+03  2.7435E+03
  u-237        6.6426E+00  2.6998E-05
  u-238        9.5723E+05  9.5723E+05
  u-239        5.6327E-01  0.0000E+00
  np-237       1.9959E+02  2.0629E+02
  np-238       5.9139E-01  4.9512E-08
  np-239       8.1340E+01  1.7158E-05
  pu-238       4.2185E+01  4.5634E+01
  pu-239       4.6584E+03  4.7402E+03
  pu-240       1.3579E+03  1.3579E+03
  pu-241       9.0839E+02  8.6538E+02
  pu-242       1.9025E+02  1.9026E+02
  pu-243       4.8847E-02  1.1484E-15
  am-241       1.5638E+01  5.8592E+01
  am-242m      2.6813E-01  2.6682E-01
  am-242       4.8273E-02  3.4425E-06
  am-243       1.9885E+01  1.9932E+01
  cm-242       4.0990E+00  8.7563E-01
  cm-243       5.7175E-02  5.5829E-02
  cm-244       3.5118E+00  3.3819E+00
  cm-245       1.1350E-01  1.1349E-01
  ge-73        1.1744E-02  1.1751E-02
  ge-74        3.0157E-02  3.0158E-02
  as-75        7.6502E-02  7.6513E-02
  ge-76        2.0264E-01  2.0264E-01
  se-77        4.9061E-01  4.9304E-01
  se-78        1.3682E+00  1.3686E+00
  se-79        2.9636E+00  2.9636E+00
  se-80        7.8302E+00  7.8302E+00
  br-81        1.3031E+01  1.3032E+01
  se-82        2.0499E+01  2.0499E+01
  kr-82        2.2324E-01  2.2486E-01
  kr-83        2.8305E+01  2.8318E+01
  kr-84        6.5532E+01  6.5535E+01
  kr-85        1.6112E+01  1.5112E+01
  kr-85m       2.9967E-02  0.0000E+00
  rb-85        6.1638E+01  6.2668E+01
  kr-86        1.1660E+02  1.1660E+02
  sr-86        1.3447E-01  1.4730E-01
  rb-87        1.5350E+02  1.5352E+02
  kr-88        5.0780E-02  0.0000E+00
  sr-88        2.1386E+02  2.1391E+02
  sr-89        2.9408E+01  1.9608E-01
  y-89         2.6048E+02  2.8970E+02
  sr-90        3.4549E+02  3.3727E+02
  y-90         9.1364E-02  8.5554E-02
  zr-90        7.0670E+00  1.5292E+01
  sr-91        3.1044E-01  0.0000E+00
  y-91         4.8416E+01  6.4356E-01
  zr-91        3.2241E+02  3.7051E+02
  sr-92        9.4952E-02  0.0000E+00
  y-92         1.2549E-01  0.0000E+00
  zr-92        3.9966E+02  3.9988E+02
  y-93         4.1182E-01  0.0000E+00
  zr-93        4.3949E+02  4.3990E+02
  zr-94        4.6603E+02  4.6604E+02
  zr-95        7.4220E+01  1.4233E+00
  nb-95        4.0437E+01  1.7339E+00
  nb-95m       4.5256E-02  9.1856E-04
  mo-95        3.9763E+02  5.0924E+02
  zr-96        4.9043E+02  4.9043E+02
  mo-96        1.2165E+01  1.2169E+01
  zr-97        8.0450E-01  0.0000E+00
  nb-97        5.8116E-02  0.0000E+00
  mo-97        4.8369E+02  4.8455E+02
  mo-98        4.9431E+02  4.9431E+02
  mo-99        3.5559E+00  0.0000E+00
  tc-99        4.9364E+02  4.9748E+02
  tc-99m       2.8524E-01  0.0000E+00
  ru-99        1.7553E-02  1.9312E-02
  mo-100       5.5845E+02  5.5845E+02
  ru-100       3.2714E+01  3.2714E+01
  ru-101       4.6997E+02  4.6999E+02
  ru-102       4.5408E+02  4.5409E+02
  ru-103       4.4525E+01  7.0286E-02
  rh-103       2.9135E+02  3.3585E+02
  rh-103m      4.3709E-02  6.9038E-05
  ru-104       3.0421E+02  3.0423E+02
  pd-104       8.1079E+01  8.1080E+01
  ru-105       1.4514E-01  0.0000E+00
  rh-105       1.0628E+00  0.0000E+00
  pd-105       2.0852E+02  2.0973E+02
  ru-106       1.0918E+02  5.5256E+01
  pd-106       7.7142E+01  1.3106E+02
  pd-107       1.1060E+02  1.1061E+02
  pd-108       7.0525E+01  7.0526E+01
  pd-109       1.2392E-01  0.0000E+00
  ag-109       4.1098E+01  4.1222E+01
  pd-110       2.2995E+01  2.2995E+01
  ag-110m      2.4156E-01  8.7653E-02
  cd-110       9.4663E+00  9.6202E+00
  ag-111       3.3521E-01  5.8414E-16
  cd-111       1.1217E+01  1.1553E+01
  cd-112       6.0170E+00  6.0381E+00
  cd-113       1.0068E-01  1.0286E-01
  cd-114       7.6605E+00  7.6605E+00
  cd-115m      2.2277E-02  7.5909E-05
  in-115       1.4802E+00  1.5215E+00
  sn-115       1.3271E-01  1.3371E-01
  cd-116       3.0320E+00  3.0320E+00
  sn-116       1.2990E+00  1.2992E+00
  sn-117       2.7791E+00  2.7809E+00
  sn-118       2.6031E+00  2.6034E+00
  sn-119       2.5517E+00  2.5803E+00
  sn-119m      4.9249E-02  2.0754E-02
  sn-120       2.6136E+00  2.6136E+00
  sn-121m      2.0714E-01  2.0390E-01
  sb-121       2.5655E+00  2.5774E+00
  sn-122       3.3193E+00  3.3193E+00
  te-122       9.9841E-02  1.0134E-01
  sn-123       1.5466E-01  2.1792E-02
  sb-123       3.1925E+00  3.3256E+00
  sn-124       5.3042E+00  5.3042E+00
  sb-124       2.1282E-02  3.1727E-04
  te-124       5.8445E-02  7.9410E-02
  sn-125       8.6639E-02  3.3965E-13
  sb-125       5.8555E+00  4.6225E+00
  te-125       1.0273E+00  2.3484E+00
  te-125m      6.5547E-02  6.4232E-02
  sn-126       1.1350E+01  1.1350E+01
  te-126       2.9275E-01  2.9719E-01
  sb-127       3.2537E-01  0.0000E+00
  te-127       2.9656E-02  2.4492E-04
  te-127m      6.5759E-01  6.9960E-02
  i-127        2.4758E+01  2.5705E+01
  te-128       5.3793E+01  5.3804E+01
  xe-128       7.8838E-01  7.8846E-01
  sb-129       4.6999E-02  0.0000E+00
  te-129m      1.4139E+00  7.5863E-04
  i-129        8.8600E+01  9.0072E+01
  te-130       2.2257E+02  2.2258E+02
  xe-130       2.0936E+00  2.0989E+00
  te-131m      2.4882E-01  0.0000E+00
  i-131        7.4441E+00  1.5437E-13
  xe-131       2.9026E+02  2.9810E+02
  xe-131m      1.2629E-01  1.9990E-10
  te-132       4.2358E+00  0.0000E+00
  i-132        1.2950E-01  0.0000E+00
  xe-132       6.0107E+02  6.0544E+02
  te-133m      3.7029E-02  0.0000E+00
  i-133        1.6659E+00  0.0000E+00
  xe-133       1.0085E+01  1.3202E-20
  xe-133m      1.2930E-01  0.0000E+00
  cs-133       7.1204E+02  7.2397E+02
  te-134       4.9836E-02  0.0000E+00
  i-134        7.9110E-02  0.0000E+00
  xe-134       9.0917E+02  9.0930E+02
  cs-134       5.0361E+01  3.6004E+01
  ba-134       9.1116E+00  2.3472E+01
  i-135        5.0862E-01  0.0000E+00
  xe-135       1.8124E-01  0.0000E+00
  cs-135       1.9087E+02  1.9157E+02
  ba-135       3.1009E-02  3.1094E-02
  xe-136       1.3929E+03  1.3929E+03
  cs-136       3.3611E-01  1.4819E-09
  ba-136       6.5227E+00  6.8588E+00
  cs-137       7.3614E+02  7.1937E+02
  ba-137       1.3196E+01  2.9967E+01
  cs-138       4.2934E-02  0.0000E+00
  ba-138       7.8055E+02  7.8061E+02
  ba-139       1.0249E-01  0.0000E+00
  la-139       7.3654E+02  7.3665E+02
  ba-140       2.1942E+01  5.2358E-08
  la-140       2.9387E+00  7.9355E-09
  ce-140       7.1202E+02  7.3690E+02
  ba-141       2.0669E-02  0.0000E+00
  la-141       2.6794E-01  0.0000E+00
  ce-141       5.2955E+01  2.2066E-02
  pr-141       6.4200E+02  6.9522E+02
  la-142       1.0069E-01  0.0000E+00
  ce-142       6.8050E+02  6.8061E+02
  pr-142       2.8134E-02  0.0000E+00
  nd-142       6.8570E+00  6.8852E+00
  ce-143       2.1425E+00  0.0000E+00
  pr-143       2.1005E+01  1.8456E-07
  nd-143       5.3709E+02  5.6025E+02
  ce-144       3.2965E+02  1.3555E+02
  nd-144       4.0757E+02  6.0167E+02
  pr-145       2.6736E-01  0.0000E+00
  nd-145       4.3021E+02  4.3048E+02
  nd-146       3.9458E+02  3.9460E+02
  nd-147       7.3377E+00  7.1014E-10
  pm-147       1.5429E+02  1.2417E+02
  sm-147       3.3181E+01  7.0649E+01
  nd-148       2.2282E+02  2.2282E+02
  pm-148       9.3874E-01  1.5439E-05
  pm-148m      1.1325E+00  2.4600E-03
  sm-148       5.1794E+01  5.3863E+01
  nd-149       2.7969E-02  0.0000E+00
  pm-149       1.1549E+00  0.0000E+00
  sm-149       2.0281E+00  3.2117E+00
  nd-150       1.0305E+02  1.0305E+02
  sm-150       1.7122E+02  1.7122E+02
  pm-151       2.3695E-01  0.0000E+00
  sm-151       9.3488E+00  9.5140E+00
  eu-151       9.8645E-03  8.3419E-02
  sm-152       7.5425E+01  7.5427E+01
  gd-152       1.2297E-02  1.2416E-02
  sm-153       6.9586E-01  0.0000E+00
  eu-153       6.2213E+01  6.2909E+01
  sm-154       1.9877E+01  1.9877E+01
  eu-154       1.0756E+01  9.9232E+00
  gd-154       4.4805E-01  1.2808E+00
  eu-155       4.4243E+00  3.8244E+00
  gd-155       2.9646E-02  6.3015E-01
  eu-156       2.4505E+00  1.4193E-07
  gd-156       3.0217E+01  3.2678E+01
  gd-157       5.9792E-02  7.2492E-02
  gd-158       7.7647E+00  7.7650E+00
  tb-159       1.1388E+00  1.1429E+00
  gd-160       5.1229E-01  5.1229E-01
  tb-160       2.8482E-02  8.5838E-04
  dy-160       4.4020E-02  7.1644E-02
  dy-161       1.7460E-01  1.8205E-01
  dy-162       1.2467E-01  1.2467E-01
  dy-163       7.8308E-02  7.8310E-02
  dy-164       1.7168E-02  1.7168E-02
  ho-165       2.4266E-02  2.4282E-02
------------
  totals       1.0001E+06  1.0001E+06
=========================================================================================================================
.
.
*************************************************************************************************************************
********************                                                                                 ********************
********************                                                                                 ********************
********************                    Written F71 File Information                                 ********************
********************                                                                                 ********************
********************                                                                                 ********************
*************************************************************************************************************************
.
.
   pos         time        power         flux      fluence       energy libpos   case   step DCGNAB
   (-)          (s)         (MW)    (n/cm2-s)      (n/cm2)        (MWd)    (-)    (-)    (-)    (-)
     1  4.75200e+07  0.00000e+00  0.00000e+00  1.53084e+22  1.90909e+04      1      2      0 DC----
     2  7.90800e+07  0.00000e+00  0.00000e+00  1.53084e+22  1.90909e+04      1      2      1 DC----
    D - state definition present
    C - concentrations present
    G - gamma emission spectra present
    N - neutron emission spectra present
    A - alpha emission spectra present
    B - beta emission spectra present
.
.
.
=========================================================================================================================
ORIGEN finished successfully.
=========================================================================================================================
    module origen used 0.401472 seconds cpu time for the current pass.

    module origen is finished. completion code    0. total cpu time used 3.73226e-006 seconds.


    SCALE is finished on Wed Feb 13 18:28:18 2019.
-------------------------- Summary --------------------------
arp finished. used 1.84984 seconds.
origen finished. used 0.403414 seconds.
SCALE driver required a maximum of 8.313 MiB of RAM.
------------------------ End Summary ------------------------

w17x17_100d.f33 copied to C:\Users\Teddy\Desktop\scale_test\output\w17x17_100d.f33.
discharge.f71 copied to C:\Users\Teddy\Desktop\scale_test\output\discharge.f71.
