 *******************************************************************************
 *                                                                             *
 *                                 SCALE 6.2.2                                 *
 *                                -------------                                *
 *                                February 2019                                *
 *                                                                             *
 *           SCALE:  A Comprehensive Modeling and Simulation Suite             *
 *                   for Nuclear Safety Analysis and Design                    *
 *                                                                             *
 *                      Reactor and Nuclear Systems Division                   *
 *                        Oak Ridge National Laboratory                        *
 *                                                                             *
 *                           http://scale.ornl.gov                             *
 *                            scalehelp@ornl.gov                               *
 *                                                                             *
 *******************************************************************************
 *******************************************************************************
      
                  Job Information
                  ---------------
      Job started on DESKTOP-J14NAA6 on Wed 13/02/2019 18:30:22
      Working directory: C:\Users\Teddy\AppData\Local\Temp\scale.Teddy.8744
      Input file name  : C:\Users\Teddy\Desktop\scale_test\output\2.800000_43131.313131.inp
      Output file name : C:\Users\Teddy\Desktop\scale_test\output\2.800000_43131.313131.out
      SCALE executable : C:\SCALE-6.2.2/bin/scale
      
 *******************************************************************************


    module arp will be called on Wed Feb 13 18:30:22 2019.
    sequence specification record:=arp
Input Data:

      'library type
      w17x17
      2.800000
      ' num cycles
      1
      ' num days per cycle
      550
      ' cycle average specific power (MW / MTU)
      78.420569
      ' number of interpolated cross section sets generated per cycle
      1
      ' moderator density (g/cc)
      0.723
      ' interpolated output ORIGEN library
      w17x17_100d.f33
end

1






        ************************************************************************************************************************
        ************************************************************************************************************************
        ************************************************************************************************************************
        *****                                                                                                              *****
        *****                                       program verification information                                       *****
        *****                                                                                                              *****
        *****                                   code system:  SCALE    version:  6.2                                       *****
        *****                                                                                                              *****
        ************************************************************************************************************************
        ************************************************************************************************************************
        *****                                                                                                              *****
        *****                                                                                                              *****
        *****              program:  arp.exe                                                                               *****
        *****                                                                                                              *****
        *****        creation date:   unknown                                                                              *****
        *****                                                                                                              *****
        *****              library:  C:\SCALE-6.2.2\bin                                                                    *****
        *****                                                                                                              *****
        *****                                                                                                              *****
        *****            prod code:  arp.exe                                                                               *****
        *****                                                                                                              *****
        *****              version:  6.2.2                                                                                 *****
        *****                                                                                                              *****
        *****              jobname:  Teddy                                                                                 *****
        *****                                                                                                              *****
        *****         machine name:  DESKTOP-J14NAA6                                                                       *****
        *****                                                                                                              *****
        *****    date of execution:  13_feb_2019                                                                           *****
        *****                                                                                                              *****
        *****    time of execution:  18:30:22.94                                                                           *****
        *****                                                                                                              *****
        *****                                                                                                              *****
        ************************************************************************************************************************
        ************************************************************************************************************************
        ************************************************************************************************************************


 'library type
    data library:       w17x17
       directory:       C:/SCALE-6.2.2/data/\arplibs
       definition:      C:/SCALE-6.2.2/data/\arpdata.txt
    u-235 enrichment:                        2.800

 ' num cycles
    number of cycles:                            1

 ' num days per cycle

 ' cycle average specific power (MW / MTU)

 ' number of interpolated cross section sets generated per cycle

 ' moderator density (g/cc)
    water density (g/cm3):                  0.7230
                                         cycle        cumulative      midpoint
   cycle time(d)        power(MW)      burnup(MWd/MTU)burnup(MWd/MTU)burnup(MWd/MTU)nlib
     1    550.000        78.4206        43131.3        43131.3        21565.7             1

 ' interpolated output ORIGEN library
    interpolated library name:                   w17x17_100d.f33
 interpolation type: spline
 Cross section library interpolation completed.
.
.
.
=========================================================================================================================
ARP finished successfully.
=========================================================================================================================
    module arp used 2.45343 seconds cpu time for the current pass.

    module arp is finished. completion code    0. total cpu time used 1.11968e-005 seconds.



    module origen will be called on Wed Feb 13 18:30:25 2019.
    sequence specification record:=origen
Input Data:

      case(irrad) {
          lib{
              file="w17x17_100d.f33" pos=1
          }
          mat {
              units=GRAMS
              iso=[u235=28000.000000 u238=972000.000000]
          }
          time = [ 550 ]
          power = [ 78.420569 ]
      }
      case (decay) {
          time {
              units=YEARS
              start=0
              t=[1]
          }
          save{ file="discharge.f71" steps=[0 LAST]}
      }
end

1






        ************************************************************************************************************************
        ************************************************************************************************************************
        ************************************************************************************************************************
        *****                                                                                                              *****
        *****                                       program verification information                                       *****
        *****                                                                                                              *****
        *****                                   code system:  SCALE    version:  6.2                                       *****
        *****                                                                                                              *****
        ************************************************************************************************************************
        ************************************************************************************************************************
        *****                                                                                                              *****
        *****                                                                                                              *****
        *****              program:  origen.exe                                                                            *****
        *****                                                                                                              *****
        *****        creation date:   unknown                                                                              *****
        *****                                                                                                              *****
        *****              library:  C:\SCALE-6.2.2\bin                                                                    *****
        *****                                                                                                              *****
        *****                                                                                                              *****
        *****            prod code:  origen.exe                                                                            *****
        *****                                                                                                              *****
        *****              version:  6.2.2                                                                                 *****
        *****                                                                                                              *****
        *****              jobname:  Teddy                                                                                 *****
        *****                                                                                                              *****
        *****         machine name:  DESKTOP-J14NAA6                                                                       *****
        *****                                                                                                              *****
        *****    date of execution:  13_feb_2019                                                                           *****
        *****                                                                                                              *****
        *****    time of execution:  18:30:25.39                                                                           *****
        *****                                                                                                              *****
        *****                                                                                                              *****
        ************************************************************************************************************************
        ************************************************************************************************************************
        ************************************************************************************************************************

*************************************************************************************************************************
********************                                                                                 ********************
********************                                                                                 ********************
********************                    USER INPUT SUMMARY                                           ********************
********************                                                                                 ********************
********************                                                                                 ********************
*************************************************************************************************************************
.
.
=========================================================================================================================
=   Case "irrad" (#1/2)                                                                                                 =
-------------------------------------------------------------------------------------------------------------------------
###   Library settings                                                                                                ###
.
                                Library file name:     C:/Users/Teddy/AppData/Local/Temp/scale.Teddy.8744/w17x17_100d.f33
                             Library set position:              1
                 Fission product reaction removal:             no
-------------------------------------------------------------------------------------------------------------------------
###   Global settings                                                                                                 ###
.
                                           Solver:              MATREX
                                             Mode:        forward
                             Fixed fission energy:             no
-------------------------------------------------------------------------------------------------------------------------
###   Concentrations output options                                                                                   ###
.
                            High-precision output:             no
                                  Relative cutoff:            yes
                         Step for applying cutoff:       integral
.
                      light els.   actinides  fis.prods.       total
                       nuc    el   nuc    el   nuc    el   nuc    el             cutoff
gram-atoms                                                                    1.000E-06
grams                                                      **                 1.000E-06
curies                                                                        1.000E-06
watts                                                                         1.000E-06
gamma watts                                                                   1.000E-06
m3 air                                                                        1.000E-06
m3 water                                                                      1.000E-06
grams ppm                                                                     1.000E-06
atoms ppm                                                                     1.000E-06
atoms/barn-cm                                                                 1.000E-06
becquerels                                                                    1.000E-06
-------------------------------------------------------------------------------------------------------------------------
###   Additional output options                                                                                       ###
.
                                      Print k-inf:             no
           Nuclides for absorption fraction print:           none
                              Print fission rates:             no
            Step for sorting absorption fractions:              1
=========================================================================================================================
=   Case "decay" (#2/2)                                                                                                 =
-------------------------------------------------------------------------------------------------------------------------
###   Library settings                                                                                                ###
.
                                Library file name:     C:/Users/Teddy/AppData/Local/Temp/scale.Teddy.8744/w17x17_100d.f33
                             Library set position:              1
                 Fission product reaction removal:             no
-------------------------------------------------------------------------------------------------------------------------
###   Global settings                                                                                                 ###
.
                                           Solver:              MATREX
                                             Mode:        forward
                             Fixed fission energy:             no
-------------------------------------------------------------------------------------------------------------------------
###   Concentrations output options                                                                                   ###
.
                            High-precision output:             no
                                  Relative cutoff:            yes
                         Step for applying cutoff:       integral
.
                      light els.   actinides  fis.prods.       total
                       nuc    el   nuc    el   nuc    el   nuc    el             cutoff
gram-atoms                                                                    1.000E-06
grams                                                      **                 1.000E-06
curies                                                                        1.000E-06
watts                                                                         1.000E-06
gamma watts                                                                   1.000E-06
m3 air                                                                        1.000E-06
m3 water                                                                      1.000E-06
grams ppm                                                                     1.000E-06
atoms ppm                                                                     1.000E-06
atoms/barn-cm                                                                 1.000E-06
becquerels                                                                    1.000E-06
-------------------------------------------------------------------------------------------------------------------------
###   Additional output options                                                                                       ###
.
                                      Print k-inf:             no
           Nuclides for absorption fraction print:           none
                              Print fission rates:             no
            Step for sorting absorption fractions:              1
=========================================================================================================================
###   Blending information                                                                                            ###
.
  --- no blending requested in this job ---
=========================================================================================================================
.
.
***Warning:  The flux over a step has changed by more than 20%.
=========================================================================================================================
=   History overview for case 'irrad' (#1/2)                                                                            =
-------------------------------------------------------------------------------------------------------------------------
   step          t0          t1          dt           t        flux     fluence       power      energy
    (-)         (d)         (d)         (s)         (s)   (n/cm2-s)     (n/cm2)        (MW)       (MWd)
      1      0.0000    550.0000  4.7520E+07  4.7520E+07  8.1360E+14  3.8662E+22  7.8421E+01  4.3131E+04
          
              step - step index within this case
                t0 - time at beginning-of-step in input units
                t1 - time at end-of-step in input units
                dt - length of step in seconds
                 t - end-of-step cumulative time in seconds
              flux - flux in neutrons/cm^2-sec (CALCULATED)
           fluence - cumulative end-of-step fluence in neutrons/cm^2 (CALCULATED)
             power - power in mega-watts (INPUT)     
            energy - cumulative end-of-step energy released in mega-watt-days (INPUT)     
=========================================================================================================================
.
.
.
.
.
*************************************************************************************************************************
********************                                                                                 ********************
********************                                                                                 ********************
********************                    Library information                                          ********************
********************                                                                                 ********************
********************                                                                                 ********************
*************************************************************************************************************************
.
.
=========================================================================================================================
=   Library summary for case 'irrad' (#1/2)                                                                             =
-------------------------------------------------------------------------------------------------------------------------
filename: C:/Users/Teddy/AppData/Local/Temp/scale.Teddy.8744/w17x17_100d.f33 cross-section data taken from position number: 1
library title delimited by {}: 
{}
date library was produced: 538976288/538976288/538976288
total number of nuclides in library: 2237
number of light-element nuclides: 910
number of actinide nuclides: 176
number of fission product nuclides: 1151
number of nonzero off-diagonal matrix elements: 54564
=========================================================================================================================
.
.
*************************************************************************************************************************
********************                                                                                 ********************
********************                                                                                 ********************
********************                    Concentration tables                                         ********************
********************                                                                                 ********************
********************                                                                                 ********************
*************************************************************************************************************************
.
.
=========================================================================================================================
=   Nuclide concentrations in grams for case 'irrad' (#1/2)                                                             =
-------------------------------------------------------------------------------------------------------------------------
  (relative cutoff; integral of concentrations over time >   1.00E-06 % of integral of all concentrations over time)
.
                   0.000d    550.000d   
  h-3          0.0000E+00  7.0016E-02
  he-4         0.0000E+00  1.8127E+00
  u-234        0.0000E+00  1.9662E+00
  u-235        2.8000E+04  3.5650E+03
  u-236        0.0000E+00  3.8146E+03
  u-237        0.0000E+00  1.9876E+01
  u-238        9.7200E+05  9.3505E+05
  u-239        0.0000E+00  1.3908E+00
  np-237       0.0000E+00  5.0987E+02
  np-238       0.0000E+00  3.6320E+00
  np-239       0.0000E+00  2.0031E+02
  pu-238       0.0000E+00  2.4767E+02
  pu-239       0.0000E+00  5.2717E+03
  pu-240       0.0000E+00  2.4961E+03
  pu-241       0.0000E+00  1.8500E+03
  pu-242       0.0000E+00  1.0706E+03
  pu-243       0.0000E+00  6.6634E-01
  pu-244       0.0000E+00  1.4120E-01
  am-241       0.0000E+00  2.4373E+01
  am-242m      0.0000E+00  4.0986E-01
  am-242       0.0000E+00  1.7655E-01
  am-243       0.0000E+00  2.6550E+02
  am-244m      0.0000E+00  2.6109E-02
  am-244       0.0000E+00  4.0620E-02
  cm-242       0.0000E+00  1.9094E+01
  cm-243       0.0000E+00  6.0633E-01
  cm-244       0.0000E+00  1.3356E+02
  cm-245       0.0000E+00  8.5757E+00
  cm-246       0.0000E+00  1.3413E+00
  ge-73        0.0000E+00  2.8305E-02
  ge-74        0.0000E+00  7.2595E-02
  as-75        0.0000E+00  1.6440E-01
  ge-76        0.0000E+00  4.2496E-01
  se-77        0.0000E+00  9.6555E-01
  se-78        0.0000E+00  2.9371E+00
  se-79        0.0000E+00  6.1354E+00
  se-80        0.0000E+00  1.5740E+01
  br-81        0.0000E+00  2.6318E+01
  se-82        0.0000E+00  4.1549E+01
  kr-82        0.0000E+00  1.1149E+00
  kr-83        0.0000E+00  4.4292E+01
  kr-84        0.0000E+00  1.3830E+02
  kr-85        0.0000E+00  3.0596E+01
  kr-85m       0.0000E+00  4.5241E-02
  rb-85        0.0000E+00  1.1632E+02
  kr-86        0.0000E+00  2.1882E+02
  rb-86        0.0000E+00  6.0548E-02
  sr-86        0.0000E+00  6.8370E-01
  kr-87        0.0000E+00  2.4487E-02
  rb-87        0.0000E+00  2.8719E+02
  kr-88        0.0000E+00  7.2643E-02
  sr-88        0.0000E+00  3.9725E+02
  sr-89        0.0000E+00  4.2073E+01
  y-89         0.0000E+00  5.0298E+02
  sr-90        0.0000E+00  6.3789E+02
  y-90         0.0000E+00  1.7937E-01
  zr-90        0.0000E+00  1.5097E+01
  sr-91        0.0000E+00  4.7001E-01
  y-91         0.0000E+00  7.6661E+01
  y-91m        0.0000E+00  2.3801E-02
  zr-91        0.0000E+00  6.2456E+02
  sr-92        0.0000E+00  1.5108E-01
  y-92         0.0000E+00  1.9961E-01
  zr-92        0.0000E+00  7.7715E+02
  y-93         0.0000E+00  6.9231E-01
  zr-93        0.0000E+00  8.7138E+02
  y-94         0.0000E+00  2.3191E-02
  zr-94        0.0000E+00  9.5250E+02
  zr-95        0.0000E+00  1.3718E+02
  nb-95        0.0000E+00  7.4466E+01
  nb-95m       0.0000E+00  8.3702E-02
  mo-95        0.0000E+00  8.0147E+02
  zr-96        0.0000E+00  1.0295E+03
  mo-96        0.0000E+00  6.3008E+01
  zr-97        0.0000E+00  1.5464E+00
  nb-97        0.0000E+00  1.1191E-01
  mo-97        0.0000E+00  1.0364E+03
  mo-98        0.0000E+00  1.0933E+03
  mo-99        0.0000E+00  7.1549E+00
  tc-99        0.0000E+00  1.0035E+03
  tc-99m       0.0000E+00  5.7616E-01
  ru-99        0.0000E+00  3.7206E-02
  mo-100       0.0000E+00  1.2460E+03
  ru-100       0.0000E+00  1.7039E+02
  mo-101       0.0000E+00  2.6021E-02
  tc-101       0.0000E+00  2.5319E-02
  ru-101       0.0000E+00  1.0333E+03
  mo-102       0.0000E+00  2.0115E-02
  ru-102       0.0000E+00  1.1257E+03
  ru-103       0.0000E+00  1.0763E+02
  rh-103       0.0000E+00  5.7284E+02
  rh-103m      0.0000E+00  1.0570E-01
  tc-104       0.0000E+00  3.1001E-02
  ru-104       0.0000E+00  8.5244E+02
  pd-104       0.0000E+00  4.2479E+02
  ru-105       0.0000E+00  4.0216E-01
  rh-105       0.0000E+00  2.6398E+00
  pd-105       0.0000E+00  5.4365E+02
  ru-106       0.0000E+00  3.5513E+02
  pd-106       0.0000E+00  3.4374E+02
  rh-107       0.0000E+00  2.0356E-02
  pd-107       0.0000E+00  3.7421E+02
  pd-108       0.0000E+00  2.5317E+02
  pd-109       0.0000E+00  4.6790E-01
  ag-109       0.0000E+00  1.2531E+02
  pd-110       0.0000E+00  8.4867E+01
  ag-110m      0.0000E+00  1.3889E+00
  cd-110       0.0000E+00  7.6986E+01
  ag-111       0.0000E+00  1.1475E+00
  cd-111       0.0000E+00  4.1788E+01
  pd-112       0.0000E+00  5.6304E-02
  cd-112       0.0000E+00  2.1290E+01
  cd-113       0.0000E+00  1.2785E-01
  cd-114       0.0000E+00  2.3506E+01
  cd-115       0.0000E+00  4.9141E-02
  cd-115m      0.0000E+00  6.1293E-02
  in-115       0.0000E+00  2.1322E+00
  sn-115       0.0000E+00  3.4926E-01
  cd-116       0.0000E+00  8.2063E+00
  sn-116       0.0000E+00  5.5967E+00
  sn-117       0.0000E+00  7.3907E+00
  sn-118       0.0000E+00  6.8714E+00
  sn-119       0.0000E+00  6.5704E+00
  sn-119m      0.0000E+00  1.2440E-01
  sn-120       0.0000E+00  6.7890E+00
  sn-121       0.0000E+00  2.0998E-02
  sn-121m      0.0000E+00  5.3735E-01
  sb-121       0.0000E+00  6.3255E+00
  sn-122       0.0000E+00  8.6793E+00
  te-122       0.0000E+00  6.2886E-01
  sn-123       0.0000E+00  4.3158E-01
  sb-123       0.0000E+00  7.9903E+00
  sn-124       0.0000E+00  1.3659E+01
  sb-124       0.0000E+00  1.3041E-01
  te-124       0.0000E+00  3.7421E-01
  sn-125       0.0000E+00  2.1519E-01
  sb-125       0.0000E+00  1.5365E+01
  te-125       0.0000E+00  2.7842E+00
  te-125m      0.0000E+00  1.7406E-01
  sn-126       0.0000E+00  3.0208E+01
  te-126       0.0000E+00  7.2793E-01
  sb-127       0.0000E+00  7.7443E-01
  te-127       0.0000E+00  6.7709E-02
  te-127m      0.0000E+00  8.6511E-01
  i-127        0.0000E+00  5.9663E+01
  te-128       0.0000E+00  1.3624E+02
  xe-128       0.0000E+00  5.0539E+00
  sb-129       0.0000E+00  1.0996E-01
  te-129       0.0000E+00  2.7626E-02
  te-129m      0.0000E+00  3.2863E+00
  i-129        0.0000E+00  2.2037E+02
  xe-129       0.0000E+00  4.6160E-02
  te-130       0.0000E+00  5.1039E+02
  i-130        0.0000E+00  3.1088E-02
  xe-130       0.0000E+00  1.2783E+01
  sb-131       0.0000E+00  2.3729E-02
  te-131       0.0000E+00  2.8596E-02
  te-131m      0.0000E+00  5.5460E-01
  i-131        0.0000E+00  1.5655E+01
  xe-131       0.0000E+00  5.0697E+02
  xe-131m      0.0000E+00  2.8072E-01
  te-132       0.0000E+00  8.7539E+00
  i-132        0.0000E+00  2.6942E-01
  xe-132       0.0000E+00  1.5510E+03
  te-133m      0.0000E+00  7.0897E-02
  i-133        0.0000E+00  3.3527E+00
  xe-133       0.0000E+00  2.0271E+01
  xe-133m      0.0000E+00  2.6730E-01
  cs-133       0.0000E+00  1.4011E+03
  te-134       0.0000E+00  9.3703E-02
  i-134        0.0000E+00  1.5700E-01
  xe-134       0.0000E+00  2.0141E+03
  cs-134       0.0000E+00  2.3949E+02
  ba-134       0.0000E+00  4.6182E+01
  i-135        0.0000E+00  1.0369E+00
  xe-135       0.0000E+00  1.7807E-01
  cs-135       0.0000E+00  2.4238E+02
  ba-135       0.0000E+00  4.0197E-01
  xe-136       0.0000E+00  3.3864E+03
  cs-136       0.0000E+00  9.9809E-01
  ba-136       0.0000E+00  2.0118E+01
  cs-137       0.0000E+00  1.6497E+03
  ba-137       0.0000E+00  3.0785E+01
  xe-138       0.0000E+00  3.2106E-02
  cs-138       0.0000E+00  8.4018E-02
  ba-138       0.0000E+00  1.7021E+03
  la-138       0.0000E+00  2.1217E-02
  cs-139       0.0000E+00  2.1778E-02
  ba-139       0.0000E+00  2.0029E-01
  la-139       0.0000E+00  1.5823E+03
  ba-140       0.0000E+00  4.2498E+01
  la-140       0.0000E+00  5.8512E+00
  ce-140       0.0000E+00  1.5759E+03
  ba-141       0.0000E+00  3.9751E-02
  la-141       0.0000E+00  5.1611E-01
  ce-141       0.0000E+00  1.0097E+02
  pr-141       0.0000E+00  1.3900E+03
  ba-142       0.0000E+00  2.1355E-02
  la-142       0.0000E+00  1.9064E-01
  ce-142       0.0000E+00  1.4695E+03
  pr-142       0.0000E+00  1.4993E-01
  nd-142       0.0000E+00  3.7949E+01
  la-143       0.0000E+00  2.8111E-02
  ce-143       0.0000E+00  3.9594E+00
  pr-143       0.0000E+00  3.8507E+01
  nd-143       0.0000E+00  8.5007E+02
  ce-144       0.0000E+00  6.5961E+02
  pr-144       0.0000E+00  2.8250E-02
  nd-144       0.0000E+00  1.1648E+03
  pr-145       0.0000E+00  5.0343E-01
  nd-145       0.0000E+00  8.2463E+02
  pr-146       0.0000E+00  2.7987E-02
  nd-146       0.0000E+00  9.4030E+02
  nd-147       0.0000E+00  1.4276E+01
  pm-147       0.0000E+00  2.0932E+02
  sm-147       0.0000E+00  4.3943E+01
  nd-148       0.0000E+00  5.1003E+02
  pm-148       0.0000E+00  2.8409E+00
  pm-148m      0.0000E+00  1.6885E+00
  sm-148       0.0000E+00  1.8040E+02
  nd-149       0.0000E+00  6.1198E-02
  pm-149       0.0000E+00  2.9660E+00
  sm-149       0.0000E+00  2.1609E+00
  nd-150       0.0000E+00  2.4925E+02
  sm-150       0.0000E+00  4.2642E+02
  pm-151       0.0000E+00  5.7014E-01
  sm-151       0.0000E+00  1.3016E+01
  sm-152       0.0000E+00  1.3058E+02
  sm-153       0.0000E+00  2.5921E+00
  eu-153       0.0000E+00  1.6175E+02
  sm-154       0.0000E+00  6.3860E+01
  eu-154       0.0000E+00  4.2755E+01
  gd-154       0.0000E+00  2.1267E+00
  eu-155       0.0000E+00  1.4432E+01
  gd-155       0.0000E+00  4.7250E-02
  sm-156       0.0000E+00  2.9143E-02
  eu-156       0.0000E+00  1.6827E+01
  gd-156       0.0000E+00  2.0848E+02
  eu-157       0.0000E+00  7.5126E-02
  gd-157       0.0000E+00  1.9009E-01
  gd-158       0.0000E+00  4.4497E+01
  tb-159       0.0000E+00  4.5595E+00
  gd-160       0.0000E+00  1.8993E+00
  tb-160       0.0000E+00  2.8112E-01
  dy-160       0.0000E+00  3.3852E-01
  tb-161       0.0000E+00  3.9104E-02
  dy-161       0.0000E+00  6.2684E-01
  dy-162       0.0000E+00  5.0917E-01
  dy-163       0.0000E+00  4.4335E-01
  dy-164       0.0000E+00  1.2377E-01
  ho-165       0.0000E+00  2.6894E-01
  er-166       0.0000E+00  8.8900E-02
------------
  totals       1.0000E+06  1.0004E+06
=========================================================================================================================
.
.
=========================================================================================================================
=   History overview for case 'decay' (#2/2)                                                                            =
-------------------------------------------------------------------------------------------------------------------------
   step          t0          t1          dt           t        flux     fluence       power      energy
    (-)         (y)         (y)         (s)         (s)   (n/cm2-s)     (n/cm2)        (MW)       (MWd)
      1      1.5057      2.5057  3.1560E+07  7.9080E+07  0.0000E+00  3.8662E+22  0.0000E+00  4.3131E+04
          
              step - step index within this case
                t0 - time at beginning-of-step in input units
                t1 - time at end-of-step in input units
                dt - length of step in seconds
                 t - end-of-step cumulative time in seconds
              flux - flux in neutrons/cm^2-sec (CALCULATED)
           fluence - cumulative end-of-step fluence in neutrons/cm^2 (CALCULATED)
             power - power in mega-watts (INPUT)     
            energy - cumulative end-of-step energy released in mega-watt-days (INPUT)     
=========================================================================================================================
.
.
.
.
.
*************************************************************************************************************************
********************                                                                                 ********************
********************                                                                                 ********************
********************                    Library information                                          ********************
********************                                                                                 ********************
********************                                                                                 ********************
*************************************************************************************************************************
.
.
=========================================================================================================================
=   Library summary for case 'decay' (#2/2)                                                                             =
-------------------------------------------------------------------------------------------------------------------------
filename: C:/Users/Teddy/AppData/Local/Temp/scale.Teddy.8744/w17x17_100d.f33 cross-section data taken from position number: 1
library title delimited by {}: 
{}
date library was produced: 538976288/538976288/538976288
total number of nuclides in library: 2237
number of light-element nuclides: 910
number of actinide nuclides: 176
number of fission product nuclides: 1151
number of nonzero off-diagonal matrix elements: 54564
=========================================================================================================================
.
.
*************************************************************************************************************************
********************                                                                                 ********************
********************                                                                                 ********************
********************                    Concentration tables                                         ********************
********************                                                                                 ********************
********************                                                                                 ********************
*************************************************************************************************************************
.
.
=========================================================================================================================
=   Nuclide concentrations in grams for case 'decay' (#2/2)                                                             =
-------------------------------------------------------------------------------------------------------------------------
  (relative cutoff; integral of concentrations over time >   1.00E-06 % of integral of all concentrations over time)
.
                   1.506y      2.506y   
  h-3          7.0016E-02  6.6185E-02
  he-4         1.8127E+00  2.1900E+00
  u-234        1.9662E+00  3.9836E+00
  u-235        3.5650E+03  3.5651E+03
  u-236        3.8146E+03  3.8149E+03
  u-237        1.9876E+01  5.4986E-05
  u-238        9.3505E+05  9.3505E+05
  u-239        1.3908E+00  0.0000E+00
  np-237       5.0987E+02  5.2985E+02
  np-238       3.6320E+00  7.5682E-08
  np-239       2.0031E+02  2.2909E-04
  pu-238       2.4767E+02  2.6418E+02
  pu-239       5.2717E+03  5.4733E+03
  pu-240       2.4961E+03  2.5008E+03
  pu-241       1.8500E+03  1.7624E+03
  pu-242       1.0706E+03  1.0706E+03
  pu-243       6.6634E-01  6.6379E-13
  pu-244       1.4120E-01  1.4121E-01
  am-241       2.4373E+01  1.1187E+02
  am-242m      4.0986E-01  4.0785E-01
  am-242       1.7655E-01  5.2621E-06
  am-243       2.6550E+02  2.6614E+02
  am-244m      2.6109E-02  0.0000E+00
  am-244       4.0620E-02  5.2396E-14
  cm-242       1.9094E+01  4.0688E+00
  cm-243       6.0633E-01  5.9206E-01
  cm-244       1.3356E+02  1.2860E+02
  cm-245       8.5757E+00  8.5750E+00
  cm-246       1.3413E+00  1.3411E+00
  cm-247       1.8617E-02  1.8617E-02
  ge-72        1.2496E-02  1.2579E-02
  ge-73        2.8305E-02  2.8320E-02
  ge-74        7.2595E-02  7.2596E-02
  as-75        1.6440E-01  1.6443E-01
  ge-76        4.2496E-01  4.2496E-01
  se-77        9.6555E-01  9.6982E-01
  se-78        2.9371E+00  2.9378E+00
  se-79        6.1354E+00  6.1355E+00
  se-80        1.5740E+01  1.5740E+01
  br-81        2.6318E+01  2.6319E+01
  se-82        4.1549E+01  4.1549E+01
  kr-82        1.1149E+00  1.1228E+00
  kr-83        4.4292E+01  4.4314E+01
  kr-84        1.3830E+02  1.3830E+02
  kr-85        3.0596E+01  2.8696E+01
  kr-85m       4.5241E-02  0.0000E+00
  rb-85        1.1632E+02  1.1827E+02
  kr-86        2.1882E+02  2.1882E+02
  rb-86        6.0548E-02  7.5873E-08
  sr-86        6.8370E-01  7.4425E-01
  kr-87        2.4487E-02  0.0000E+00
  rb-87        2.8719E+02  2.8722E+02
  kr-88        7.2643E-02  0.0000E+00
  sr-88        3.9725E+02  3.9733E+02
  sr-89        4.2073E+01  2.8053E-01
  y-89         5.0298E+02  5.4478E+02
  sr-90        6.3789E+02  6.2272E+02
  y-90         1.7937E-01  1.5796E-01
  zr-90        1.5097E+01  3.0294E+01
  sr-91        4.7001E-01  0.0000E+00
  y-91         7.6661E+01  1.0187E+00
  y-91m        2.3801E-02  0.0000E+00
  zr-91        6.2456E+02  7.0070E+02
  sr-92        1.5108E-01  0.0000E+00
  y-92         1.9961E-01  0.0000E+00
  zr-92        7.7715E+02  7.7750E+02
  y-93         6.9231E-01  0.0000E+00
  zr-93        8.7138E+02  8.7208E+02
  y-94         2.3191E-02  0.0000E+00
  zr-94        9.5250E+02  9.5252E+02
  mo-94        1.3755E-02  1.3755E-02
  zr-95        1.3718E+02  2.6307E+00
  nb-95        7.4466E+01  3.2047E+00
  nb-95m       8.3702E-02  1.6978E-03
  mo-95        8.0147E+02  1.0075E+03
  zr-96        1.0295E+03  1.0295E+03
  mo-96        6.3008E+01  6.3023E+01
  zr-97        1.5464E+00  0.0000E+00
  nb-97        1.1191E-01  0.0000E+00
  mo-97        1.0364E+03  1.0381E+03
  mo-98        1.0933E+03  1.0933E+03
  mo-99        7.1549E+00  0.0000E+00
  tc-99        1.0035E+03  1.0113E+03
  tc-99m       5.7616E-01  0.0000E+00
  ru-99        3.7206E-02  4.0780E-02
  mo-100       1.2460E+03  1.2460E+03
  ru-100       1.7039E+02  1.7039E+02
  mo-101       2.6021E-02  0.0000E+00
  tc-101       2.5319E-02  0.0000E+00
  ru-101       1.0333E+03  1.0334E+03
  mo-102       2.0115E-02  0.0000E+00
  ru-102       1.1257E+03  1.1257E+03
  ru-103       1.0763E+02  1.6990E-01
  rh-103       5.7284E+02  6.8041E+02
  rh-103m      1.0570E-01  1.6689E-04
  tc-104       3.1001E-02  0.0000E+00
  ru-104       8.5244E+02  8.5247E+02
  pd-104       4.2479E+02  4.2479E+02
  ru-105       4.0216E-01  0.0000E+00
  rh-105       2.6398E+00  0.0000E+00
  pd-105       5.4365E+02  5.4671E+02
  ru-106       3.5513E+02  1.7973E+02
  pd-106       3.4374E+02  5.1914E+02
  rh-107       2.0356E-02  0.0000E+00
  pd-107       3.7421E+02  3.7423E+02
  pd-108       2.5317E+02  2.5318E+02
  pd-109       4.6790E-01  0.0000E+00
  ag-109       1.2531E+02  1.2578E+02
  pd-110       8.4867E+01  8.4867E+01
  ag-110m      1.3889E+00  5.0397E-01
  cd-110       7.6986E+01  7.7871E+01
  ag-111       1.1475E+00  1.9994E-15
  cd-111       4.1788E+01  4.2938E+01
  pd-112       5.6304E-02  0.0000E+00
  cd-112       2.1290E+01  2.1355E+01
  cd-113       1.2785E-01  1.3437E-01
  cd-114       2.3506E+01  2.3506E+01
  cd-115       4.9141E-02  0.0000E+00
  cd-115m      6.1293E-02  2.0886E-04
  in-115       2.1322E+00  2.2442E+00
  sn-115       3.4926E-01  3.5194E-01
  cd-116       8.2063E+00  8.2063E+00
  sn-116       5.5967E+00  5.5972E+00
  sn-117       7.3907E+00  7.3952E+00
  sn-118       6.8714E+00  6.8721E+00
  sn-119       6.5704E+00  6.6426E+00
  sn-119m      1.2440E-01  5.2423E-02
  sn-120       6.7890E+00  6.7890E+00
  sn-121       2.0998E-02  2.8833E-05
  sn-121m      5.3735E-01  5.2893E-01
  sb-121       6.3255E+00  6.3550E+00
  sn-122       8.6793E+00  8.6795E+00
  te-122       6.2886E-01  6.3811E-01
  sn-123       4.3158E-01  6.0810E-02
  sb-123       7.9903E+00  8.3616E+00
  sn-124       1.3659E+01  1.3659E+01
  sb-124       1.3041E-01  1.9441E-03
  te-124       3.7421E-01  5.0267E-01
  sn-125       2.1519E-01  8.4361E-13
  sb-125       1.5365E+01  1.2120E+01
  te-125       2.7842E+00  6.2501E+00
  te-125m      1.7406E-01  1.6844E-01
  sn-126       3.0208E+01  3.0208E+01
  te-126       7.2793E-01  7.3981E-01
  sb-127       7.7443E-01  0.0000E+00
  te-127       6.7709E-02  3.4279E-04
  te-127m      8.6511E-01  9.7915E-02
  i-127        5.9663E+01  6.1283E+01
  te-128       1.3624E+02  1.3626E+02
  xe-128       5.0539E+00  5.0544E+00
  sb-129       1.0996E-01  0.0000E+00
  te-129       2.7626E-02  1.6003E-06
  te-129m      3.2863E+00  1.7633E-03
  i-129        2.2037E+02  2.2379E+02
  xe-129       4.6160E-02  4.6552E-02
  te-130       5.1039E+02  5.1041E+02
  i-130        3.1088E-02  0.0000E+00
  xe-130       1.2783E+01  1.2814E+01
  sb-131       2.3729E-02  0.0000E+00
  te-131       2.8596E-02  0.0000E+00
  te-131m      5.5460E-01  0.0000E+00
  i-131        1.5655E+01  3.2538E-13
  xe-131       5.0697E+02  5.2352E+02
  xe-131m      2.8072E-01  4.2881E-10
  te-132       8.7539E+00  0.0000E+00
  i-132        2.6942E-01  0.0000E+00
  xe-132       1.5510E+03  1.5600E+03
  te-133m      7.0897E-02  0.0000E+00
  i-133        3.3527E+00  0.0000E+00
  xe-133       2.0271E+01  2.6551E-20
  xe-133m      2.6730E-01  0.0000E+00
  cs-133       1.4011E+03  1.4251E+03
  te-134       9.3703E-02  0.0000E+00
  i-134        1.5700E-01  0.0000E+00
  xe-134       2.0141E+03  2.0144E+03
  cs-134       2.3949E+02  1.7122E+02
  ba-134       4.6182E+01  1.1447E+02
  i-135        1.0369E+00  0.0000E+00
  xe-135       1.7807E-01  0.0000E+00
  cs-135       2.4238E+02  2.4360E+02
  ba-135       4.0197E-01  4.0239E-01
  xe-136       3.3864E+03  3.3864E+03
  cs-136       9.9809E-01  4.4006E-09
  ba-136       2.0118E+01  2.1116E+01
  cs-137       1.6497E+03  1.6121E+03
  ba-137       3.0785E+01  6.8369E+01
  xe-138       3.2106E-02  0.0000E+00
  cs-138       8.4018E-02  0.0000E+00
  ba-138       1.7021E+03  1.7022E+03
  la-138       2.1217E-02  2.1217E-02
  cs-139       2.1778E-02  0.0000E+00
  ba-139       2.0029E-01  0.0000E+00
  la-139       1.5823E+03  1.5826E+03
  ba-140       4.2498E+01  1.0141E-07
  la-140       5.8512E+00  1.5370E-08
  ce-140       1.5759E+03  1.6243E+03
  ba-141       3.9751E-02  0.0000E+00
  la-141       5.1611E-01  0.0000E+00
  ce-141       1.0097E+02  4.2077E-02
  pr-141       1.3900E+03  1.4915E+03
  ba-142       2.1355E-02  0.0000E+00
  la-142       1.9064E-01  0.0000E+00
  ce-142       1.4695E+03  1.4697E+03
  pr-142       1.4993E-01  0.0000E+00
  nd-142       3.7949E+01  3.8099E+01
  la-143       2.8111E-02  0.0000E+00
  ce-143       3.9594E+00  0.0000E+00
  pr-143       3.8507E+01  3.3862E-07
  nd-143       8.5007E+02  8.9256E+02
  ce-144       6.5961E+02  2.7123E+02
  pr-144       2.8250E-02  1.1425E-02
  nd-144       1.1648E+03  1.5532E+03
  pr-145       5.0343E-01  0.0000E+00
  nd-145       8.2463E+02  8.2513E+02
  pr-146       2.7987E-02  0.0000E+00
  nd-146       9.4030E+02  9.4035E+02
  nd-147       1.4276E+01  1.3817E-09
  pm-147       2.0932E+02  1.7181E+02
  sm-147       4.3943E+01  9.5741E+01
  nd-148       5.1003E+02  5.1003E+02
  pm-148       2.8409E+00  2.3018E-05
  pm-148m      1.6885E+00  3.6675E-03
  sm-148       1.8040E+02  1.8493E+02
  nd-149       6.1198E-02  0.0000E+00
  pm-149       2.9660E+00  0.0000E+00
  sm-149       2.1609E+00  5.1893E+00
  nd-150       2.4925E+02  2.4925E+02
  sm-150       4.2642E+02  4.2642E+02
  pm-151       5.7014E-01  0.0000E+00
  sm-151       1.3016E+01  1.3486E+01
  eu-151       5.6718E-03  1.0993E-01
  sm-152       1.3058E+02  1.3058E+02
  gd-152       1.0232E-02  1.0319E-02
  sm-153       2.5921E+00  0.0000E+00
  eu-153       1.6175E+02  1.6434E+02
  sm-154       6.3860E+01  6.3861E+01
  eu-154       4.2755E+01  3.9445E+01
  gd-154       2.1267E+00  5.4368E+00
  eu-155       1.4432E+01  1.2475E+01
  gd-155       4.7250E-02  2.0061E+00
  sm-156       2.9143E-02  0.0000E+00
  eu-156       1.6827E+01  9.7225E-07
  gd-156       2.0848E+02  2.2534E+02
  eu-157       7.5126E-02  0.0000E+00
  gd-157       1.9009E-01  2.6549E-01
  gd-158       4.4497E+01  4.4498E+01
  tb-159       4.5595E+00  4.5787E+00
  gd-160       1.8993E+00  1.8993E+00
  tb-160       2.8112E-01  8.4724E-03
  dy-160       3.3852E-01  6.1117E-01
  tb-161       3.9104E-02  4.6760E-18
  dy-161       6.2684E-01  6.6596E-01
  dy-162       5.0917E-01  5.0919E-01
  dy-163       4.4335E-01  4.4336E-01
  dy-164       1.2377E-01  1.2377E-01
  ho-165       2.6894E-01  2.6918E-01
  er-166       8.8900E-02  8.9926E-02
  er-168       1.5896E-02  1.5896E-02
------------
  totals       1.0004E+06  1.0004E+06
=========================================================================================================================
.
.
*************************************************************************************************************************
********************                                                                                 ********************
********************                                                                                 ********************
********************                    Written F71 File Information                                 ********************
********************                                                                                 ********************
********************                                                                                 ********************
*************************************************************************************************************************
.
.
   pos         time        power         flux      fluence       energy libpos   case   step DCGNAB
   (-)          (s)         (MW)    (n/cm2-s)      (n/cm2)        (MWd)    (-)    (-)    (-)    (-)
     1  4.75200e+07  0.00000e+00  0.00000e+00  3.86624e+22  4.31313e+04      1      2      0 DC----
     2  7.90800e+07  0.00000e+00  0.00000e+00  3.86624e+22  4.31313e+04      1      2      1 DC----
    D - state definition present
    C - concentrations present
    G - gamma emission spectra present
    N - neutron emission spectra present
    A - alpha emission spectra present
    B - beta emission spectra present
.
.
.
=========================================================================================================================
ORIGEN finished successfully.
=========================================================================================================================
    module origen used 0.617769 seconds cpu time for the current pass.

    module origen is finished. completion code    0. total cpu time used 6.06493e-006 seconds.


    SCALE is finished on Wed Feb 13 18:30:25 2019.
-------------------------- Summary --------------------------
arp finished. used 2.4597 seconds.
origen finished. used 0.620516 seconds.
SCALE driver required a maximum of 8.301 MiB of RAM.
------------------------ End Summary ------------------------

w17x17_100d.f33 copied to C:\Users\Teddy\Desktop\scale_test\output\w17x17_100d.f33.
discharge.f71 copied to C:\Users\Teddy\Desktop\scale_test\output\discharge.f71.
