 *******************************************************************************
 *                                                                             *
 *                                 SCALE 6.2.2                                 *
 *                                -------------                                *
 *                                February 2019                                *
 *                                                                             *
 *           SCALE:  A Comprehensive Modeling and Simulation Suite             *
 *                   for Nuclear Safety Analysis and Design                    *
 *                                                                             *
 *                      Reactor and Nuclear Systems Division                   *
 *                        Oak Ridge National Laboratory                        *
 *                                                                             *
 *                           http://scale.ornl.gov                             *
 *                            scalehelp@ornl.gov                               *
 *                                                                             *
 *******************************************************************************
 *******************************************************************************
      
                  Job Information
                  ---------------
      Job started on DESKTOP-J14NAA6 on Wed 13/02/2019 18:28:19
      Working directory: C:\Users\Teddy\AppData\Local\Temp\scale.Teddy.12928
      Input file name  : C:\Users\Teddy\Desktop\scale_test\output\2.800000_19797.979798.inp
      Output file name : C:\Users\Teddy\Desktop\scale_test\output\2.800000_19797.979798.out
      SCALE executable : C:\SCALE-6.2.2/bin/scale
      
 *******************************************************************************


    module arp will be called on Wed Feb 13 18:28:19 2019.
    sequence specification record:=arp
Input Data:

      'library type
      w17x17
      2.800000
      ' num cycles
      1
      ' num days per cycle
      550
      ' cycle average specific power (MW / MTU)
      35.996327
      ' number of interpolated cross section sets generated per cycle
      1
      ' moderator density (g/cc)
      0.723
      ' interpolated output ORIGEN library
      w17x17_100d.f33
end

1






        ************************************************************************************************************************
        ************************************************************************************************************************
        ************************************************************************************************************************
        *****                                                                                                              *****
        *****                                       program verification information                                       *****
        *****                                                                                                              *****
        *****                                   code system:  SCALE    version:  6.2                                       *****
        *****                                                                                                              *****
        ************************************************************************************************************************
        ************************************************************************************************************************
        *****                                                                                                              *****
        *****                                                                                                              *****
        *****              program:  arp.exe                                                                               *****
        *****                                                                                                              *****
        *****        creation date:   unknown                                                                              *****
        *****                                                                                                              *****
        *****              library:  C:\SCALE-6.2.2\bin                                                                    *****
        *****                                                                                                              *****
        *****                                                                                                              *****
        *****            prod code:  arp.exe                                                                               *****
        *****                                                                                                              *****
        *****              version:  6.2.2                                                                                 *****
        *****                                                                                                              *****
        *****              jobname:  Teddy                                                                                 *****
        *****                                                                                                              *****
        *****         machine name:  DESKTOP-J14NAA6                                                                       *****
        *****                                                                                                              *****
        *****    date of execution:  13_feb_2019                                                                           *****
        *****                                                                                                              *****
        *****    time of execution:  18:28:19.69                                                                           *****
        *****                                                                                                              *****
        *****                                                                                                              *****
        ************************************************************************************************************************
        ************************************************************************************************************************
        ************************************************************************************************************************


 'library type
    data library:       w17x17
       directory:       C:/SCALE-6.2.2/data/\arplibs
       definition:      C:/SCALE-6.2.2/data/\arpdata.txt
    u-235 enrichment:                        2.800

 ' num cycles
    number of cycles:                            1

 ' num days per cycle

 ' cycle average specific power (MW / MTU)

 ' number of interpolated cross section sets generated per cycle

 ' moderator density (g/cc)
    water density (g/cm3):                  0.7230
                                         cycle        cumulative      midpoint
   cycle time(d)        power(MW)      burnup(MWd/MTU)burnup(MWd/MTU)burnup(MWd/MTU)nlib
     1    550.000        35.9963        19798.0        19798.0        9898.99             1

 ' interpolated output ORIGEN library
    interpolated library name:                   w17x17_100d.f33
 interpolation type: spline
 Cross section library interpolation completed.
.
.
.
=========================================================================================================================
ARP finished successfully.
=========================================================================================================================
    module arp used 1.88014 seconds cpu time for the current pass.

    module arp is finished. completion code    0. total cpu time used 1.21299e-005 seconds.



    module origen will be called on Wed Feb 13 18:28:21 2019.
    sequence specification record:=origen
Input Data:

      case(irrad) {
          lib{
              file="w17x17_100d.f33" pos=1
          }
          mat {
              units=GRAMS
              iso=[u235=28000.000000 u238=972000.000000]
          }
          time = [ 550 ]
          power = [ 35.996327 ]
      }
      case (decay) {
          time {
              units=YEARS
              start=0
              t=[1]
          }
          save{ file="discharge.f71" steps=[0 LAST]}
      }
end

1






        ************************************************************************************************************************
        ************************************************************************************************************************
        ************************************************************************************************************************
        *****                                                                                                              *****
        *****                                       program verification information                                       *****
        *****                                                                                                              *****
        *****                                   code system:  SCALE    version:  6.2                                       *****
        *****                                                                                                              *****
        ************************************************************************************************************************
        ************************************************************************************************************************
        *****                                                                                                              *****
        *****                                                                                                              *****
        *****              program:  origen.exe                                                                            *****
        *****                                                                                                              *****
        *****        creation date:   unknown                                                                              *****
        *****                                                                                                              *****
        *****              library:  C:\SCALE-6.2.2\bin                                                                    *****
        *****                                                                                                              *****
        *****                                                                                                              *****
        *****            prod code:  origen.exe                                                                            *****
        *****                                                                                                              *****
        *****              version:  6.2.2                                                                                 *****
        *****                                                                                                              *****
        *****              jobname:  Teddy                                                                                 *****
        *****                                                                                                              *****
        *****         machine name:  DESKTOP-J14NAA6                                                                       *****
        *****                                                                                                              *****
        *****    date of execution:  13_feb_2019                                                                           *****
        *****                                                                                                              *****
        *****    time of execution:  18:28:21.57                                                                           *****
        *****                                                                                                              *****
        *****                                                                                                              *****
        ************************************************************************************************************************
        ************************************************************************************************************************
        ************************************************************************************************************************

*************************************************************************************************************************
********************                                                                                 ********************
********************                                                                                 ********************
********************                    USER INPUT SUMMARY                                           ********************
********************                                                                                 ********************
********************                                                                                 ********************
*************************************************************************************************************************
.
.
=========================================================================================================================
=   Case "irrad" (#1/2)                                                                                                 =
-------------------------------------------------------------------------------------------------------------------------
###   Library settings                                                                                                ###
.
                                Library file name:     C:/Users/Teddy/AppData/Local/Temp/scale.Teddy.12928/w17x17_100d.f33
                             Library set position:              1
                 Fission product reaction removal:             no
-------------------------------------------------------------------------------------------------------------------------
###   Global settings                                                                                                 ###
.
                                           Solver:              MATREX
                                             Mode:        forward
                             Fixed fission energy:             no
-------------------------------------------------------------------------------------------------------------------------
###   Concentrations output options                                                                                   ###
.
                            High-precision output:             no
                                  Relative cutoff:            yes
                         Step for applying cutoff:       integral
.
                      light els.   actinides  fis.prods.       total
                       nuc    el   nuc    el   nuc    el   nuc    el             cutoff
gram-atoms                                                                    1.000E-06
grams                                                      **                 1.000E-06
curies                                                                        1.000E-06
watts                                                                         1.000E-06
gamma watts                                                                   1.000E-06
m3 air                                                                        1.000E-06
m3 water                                                                      1.000E-06
grams ppm                                                                     1.000E-06
atoms ppm                                                                     1.000E-06
atoms/barn-cm                                                                 1.000E-06
becquerels                                                                    1.000E-06
-------------------------------------------------------------------------------------------------------------------------
###   Additional output options                                                                                       ###
.
                                      Print k-inf:             no
           Nuclides for absorption fraction print:           none
                              Print fission rates:             no
            Step for sorting absorption fractions:              1
=========================================================================================================================
=   Case "decay" (#2/2)                                                                                                 =
-------------------------------------------------------------------------------------------------------------------------
###   Library settings                                                                                                ###
.
                                Library file name:     C:/Users/Teddy/AppData/Local/Temp/scale.Teddy.12928/w17x17_100d.f33
                             Library set position:              1
                 Fission product reaction removal:             no
-------------------------------------------------------------------------------------------------------------------------
###   Global settings                                                                                                 ###
.
                                           Solver:              MATREX
                                             Mode:        forward
                             Fixed fission energy:             no
-------------------------------------------------------------------------------------------------------------------------
###   Concentrations output options                                                                                   ###
.
                            High-precision output:             no
                                  Relative cutoff:            yes
                         Step for applying cutoff:       integral
.
                      light els.   actinides  fis.prods.       total
                       nuc    el   nuc    el   nuc    el   nuc    el             cutoff
gram-atoms                                                                    1.000E-06
grams                                                      **                 1.000E-06
curies                                                                        1.000E-06
watts                                                                         1.000E-06
gamma watts                                                                   1.000E-06
m3 air                                                                        1.000E-06
m3 water                                                                      1.000E-06
grams ppm                                                                     1.000E-06
atoms ppm                                                                     1.000E-06
atoms/barn-cm                                                                 1.000E-06
becquerels                                                                    1.000E-06
-------------------------------------------------------------------------------------------------------------------------
###   Additional output options                                                                                       ###
.
                                      Print k-inf:             no
           Nuclides for absorption fraction print:           none
                              Print fission rates:             no
            Step for sorting absorption fractions:              1
=========================================================================================================================
###   Blending information                                                                                            ###
.
  --- no blending requested in this job ---
=========================================================================================================================
.
.
=========================================================================================================================
=   History overview for case 'irrad' (#1/2)                                                                            =
-------------------------------------------------------------------------------------------------------------------------
   step          t0          t1          dt           t        flux     fluence       power      energy
    (-)         (d)         (d)         (s)         (s)   (n/cm2-s)     (n/cm2)        (MW)       (MWd)
      1      0.0000    550.0000  4.7520E+07  4.7520E+07  3.3556E+14  1.5946E+22  3.5996E+01  1.9798E+04
          
              step - step index within this case
                t0 - time at beginning-of-step in input units
                t1 - time at end-of-step in input units
                dt - length of step in seconds
                 t - end-of-step cumulative time in seconds
              flux - flux in neutrons/cm^2-sec (CALCULATED)
           fluence - cumulative end-of-step fluence in neutrons/cm^2 (CALCULATED)
             power - power in mega-watts (INPUT)     
            energy - cumulative end-of-step energy released in mega-watt-days (INPUT)     
=========================================================================================================================
.
.
.
.
.
*************************************************************************************************************************
********************                                                                                 ********************
********************                                                                                 ********************
********************                    Library information                                          ********************
********************                                                                                 ********************
********************                                                                                 ********************
*************************************************************************************************************************
.
.
=========================================================================================================================
=   Library summary for case 'irrad' (#1/2)                                                                             =
-------------------------------------------------------------------------------------------------------------------------
filename: C:/Users/Teddy/AppData/Local/Temp/scale.Teddy.12928/w17x17_100d.f33 cross-section data taken from position number: 1
library title delimited by {}: 
{}
date library was produced: 538976288/538976288/538976288
total number of nuclides in library: 2237
number of light-element nuclides: 910
number of actinide nuclides: 176
number of fission product nuclides: 1151
number of nonzero off-diagonal matrix elements: 54564
=========================================================================================================================
.
.
*************************************************************************************************************************
********************                                                                                 ********************
********************                                                                                 ********************
********************                    Concentration tables                                         ********************
********************                                                                                 ********************
********************                                                                                 ********************
*************************************************************************************************************************
.
.
=========================================================================================================================
=   Nuclide concentrations in grams for case 'irrad' (#1/2)                                                             =
-------------------------------------------------------------------------------------------------------------------------
  (relative cutoff; integral of concentrations over time >   1.00E-06 % of integral of all concentrations over time)
.
                   0.000d    550.000d   
  h-3          0.0000E+00  3.0642E-02
  he-4         0.0000E+00  7.5350E-01
  u-234        0.0000E+00  1.1453E+00
  u-235        2.8000E+04  1.1683E+04
  u-236        0.0000E+00  2.8051E+03
  u-237        0.0000E+00  7.0192E+00
  u-238        9.7200E+05  9.5662E+05
  u-239        0.0000E+00  5.8629E-01
  np-237       0.0000E+00  2.0974E+02
  np-238       0.0000E+00  6.4613E-01
  np-239       0.0000E+00  8.4659E+01
  pu-238       0.0000E+00  4.6013E+01
  pu-239       0.0000E+00  4.7072E+03
  pu-240       0.0000E+00  1.4062E+03
  pu-241       0.0000E+00  9.5396E+02
  pu-242       0.0000E+00  2.0891E+02
  pu-243       0.0000E+00  5.5836E-02
  am-241       0.0000E+00  1.6333E+01
  am-242m      0.0000E+00  2.7990E-01
  am-242       0.0000E+00  5.2337E-02
  am-243       0.0000E+00  2.2749E+01
  cm-242       0.0000E+00  4.4796E+00
  cm-243       0.0000E+00  6.4986E-02
  cm-244       0.0000E+00  4.2028E+00
  cm-245       0.0000E+00  1.4056E-01
  ge-74        0.0000E+00  3.1389E-02
  as-75        0.0000E+00  7.9309E-02
  ge-76        0.0000E+00  2.0979E-01
  se-77        0.0000E+00  5.0704E-01
  se-78        0.0000E+00  1.4173E+00
  se-79        0.0000E+00  3.0673E+00
  se-80        0.0000E+00  8.0933E+00
  br-81        0.0000E+00  1.3476E+01
  se-82        0.0000E+00  2.1193E+01
  kr-82        0.0000E+00  2.4016E-01
  kr-83        0.0000E+00  2.9051E+01
  kr-84        0.0000E+00  6.7814E+01
  kr-85        0.0000E+00  1.6618E+01
  kr-85m       0.0000E+00  3.0637E-02
  rb-85        0.0000E+00  6.3562E+01
  kr-86        0.0000E+00  1.2021E+02
  sr-86        0.0000E+00  1.4476E-01
  rb-87        0.0000E+00  1.5825E+02
  kr-88        0.0000E+00  5.1829E-02
  sr-88        0.0000E+00  2.2041E+02
  sr-89        0.0000E+00  3.0016E+01
  y-89         0.0000E+00  2.6887E+02
  sr-90        0.0000E+00  3.5601E+02
  y-90         0.0000E+00  9.4305E-02
  zr-90        0.0000E+00  7.3159E+00
  sr-91        0.0000E+00  3.1741E-01
  y-91         0.0000E+00  4.9620E+01
  zr-91        0.0000E+00  3.3281E+02
  sr-92        0.0000E+00  9.7242E-02
  y-92         0.0000E+00  1.2852E-01
  zr-92        0.0000E+00  4.1253E+02
  y-93         0.0000E+00  4.2256E-01
  zr-93        0.0000E+00  4.5399E+02
  zr-94        0.0000E+00  4.8187E+02
  zr-95        0.0000E+00  7.6468E+01
  nb-95        0.0000E+00  4.1657E+01
  nb-95m       0.0000E+00  4.6628E-02
  mo-95        0.0000E+00  4.1115E+02
  zr-96        0.0000E+00  5.0760E+02
  mo-96        0.0000E+00  1.3107E+01
  zr-97        0.0000E+00  8.2959E-01
  nb-97        0.0000E+00  5.9933E-02
  mo-97        0.0000E+00  5.0104E+02
  mo-98        0.0000E+00  5.1260E+02
  mo-99        0.0000E+00  3.6735E+00
  tc-99        0.0000E+00  5.1075E+02
  tc-99m       0.0000E+00  2.9470E-01
  mo-100       0.0000E+00  5.7933E+02
  ru-100       0.0000E+00  3.5257E+01
  ru-101       0.0000E+00  4.8745E+02
  ru-102       0.0000E+00  4.7280E+02
  ru-103       0.0000E+00  4.6386E+01
  rh-103       0.0000E+00  3.0187E+02
  rh-103m      0.0000E+00  4.5536E-02
  ru-104       0.0000E+00  3.1864E+02
  pd-104       0.0000E+00  8.7546E+01
  ru-105       0.0000E+00  1.5229E-01
  rh-105       0.0000E+00  1.1116E+00
  pd-105       0.0000E+00  2.1834E+02
  ru-106       0.0000E+00  1.1529E+02
  pd-106       0.0000E+00  8.2340E+01
  pd-107       0.0000E+00  1.1707E+02
  pd-108       0.0000E+00  7.4865E+01
  pd-109       0.0000E+00  1.3174E-01
  ag-109       0.0000E+00  4.3423E+01
  pd-110       0.0000E+00  2.4420E+01
  ag-110m      0.0000E+00  2.6348E-01
  cd-110       0.0000E+00  1.0429E+01
  ag-111       0.0000E+00  3.5499E-01
  cd-111       0.0000E+00  1.1898E+01
  cd-112       0.0000E+00  6.3618E+00
  cd-113       0.0000E+00  1.0204E-01
  cd-114       0.0000E+00  8.0559E+00
  cd-115m      0.0000E+00  2.3304E-02
  in-115       0.0000E+00  1.5156E+00
  sn-115       0.0000E+00  1.3868E-01
  cd-116       0.0000E+00  3.1719E+00
  sn-116       0.0000E+00  1.3934E+00
  sn-117       0.0000E+00  2.9051E+00
  sn-118       0.0000E+00  2.7190E+00
  sn-119       0.0000E+00  2.6629E+00
  sn-119m      0.0000E+00  5.1373E-02
  sn-120       0.0000E+00  2.7280E+00
  sn-121m      0.0000E+00  2.1644E-01
  sb-121       0.0000E+00  2.6750E+00
  sn-122       0.0000E+00  3.4665E+00
  te-122       0.0000E+00  1.0844E-01
  sn-123       0.0000E+00  1.6238E-01
  sb-123       0.0000E+00  3.3294E+00
  sn-124       0.0000E+00  5.5376E+00
  sb-124       0.0000E+00  2.3089E-02
  te-124       0.0000E+00  6.3427E-02
  sn-125       0.0000E+00  9.0429E-02
  sb-125       0.0000E+00  6.1192E+00
  te-125       0.0000E+00  1.0744E+00
  te-125m      0.0000E+00  6.8527E-02
  sn-126       0.0000E+00  1.1869E+01
  te-126       0.0000E+00  3.0477E-01
  sb-127       0.0000E+00  3.3887E-01
  te-127       0.0000E+00  3.0828E-02
  te-127m      0.0000E+00  6.6996E-01
  i-127        0.0000E+00  2.5806E+01
  te-128       0.0000E+00  5.6118E+01
  xe-128       0.0000E+00  8.5708E-01
  sb-129       0.0000E+00  4.8898E-02
  te-129m      0.0000E+00  1.4706E+00
  i-129        0.0000E+00  9.2403E+01
  te-130       0.0000E+00  2.3117E+02
  xe-130       0.0000E+00  2.2676E+00
  te-131m      0.0000E+00  2.5837E-01
  i-131        0.0000E+00  7.7061E+00
  xe-131       0.0000E+00  2.9918E+02
  xe-131m      0.0000E+00  1.3101E-01
  te-132       0.0000E+00  4.3814E+00
  i-132        0.0000E+00  1.3399E-01
  xe-132       0.0000E+00  6.2682E+02
  te-133m      0.0000E+00  3.8178E-02
  i-133        0.0000E+00  1.7212E+00
  xe-133       0.0000E+00  1.0419E+01
  xe-133m      0.0000E+00  1.3373E-01
  cs-133       0.0000E+00  7.3615E+02
  te-134       0.0000E+00  5.1339E-02
  i-134        0.0000E+00  8.1682E-02
  xe-134       0.0000E+00  9.4280E+02
  cs-134       0.0000E+00  5.4166E+01
  ba-134       0.0000E+00  9.8171E+00
  i-135        0.0000E+00  5.2575E-01
  xe-135       0.0000E+00  1.8200E-01
  cs-135       0.0000E+00  1.9268E+02
  ba-135       0.0000E+00  3.4789E-02
  xe-136       0.0000E+00  1.4516E+03
  cs-136       0.0000E+00  3.5279E-01
  ba-136       0.0000E+00  6.8702E+00
  cs-137       0.0000E+00  7.6375E+02
  ba-137       0.0000E+00  1.3710E+01
  cs-138       0.0000E+00  4.4304E-02
  ba-138       0.0000E+00  8.0895E+02
  ba-139       0.0000E+00  1.0575E-01
  la-139       0.0000E+00  7.6299E+02
  ba-140       0.0000E+00  2.2633E+01
  la-140       0.0000E+00  3.0335E+00
  ce-140       0.0000E+00  7.3831E+02
  ba-141       0.0000E+00  2.1314E-02
  la-141       0.0000E+00  2.7633E-01
  ce-141       0.0000E+00  5.4597E+01
  pr-141       0.0000E+00  6.6552E+02
  la-142       0.0000E+00  1.0377E-01
  ce-142       0.0000E+00  7.0496E+02
  pr-142       0.0000E+00  3.0334E-02
  nd-142       0.0000E+00  7.4023E+00
  ce-143       0.0000E+00  2.2058E+00
  pr-143       0.0000E+00  2.1621E+01
  nd-143       0.0000E+00  5.5165E+02
  ce-144       0.0000E+00  3.4058E+02
  nd-144       0.0000E+00  4.2664E+02
  pr-145       0.0000E+00  2.7544E-01
  nd-145       0.0000E+00  4.4415E+02
  nd-146       0.0000E+00  4.0999E+02
  nd-147       0.0000E+00  7.5711E+00
  pm-147       0.0000E+00  1.5764E+02
  sm-147       0.0000E+00  3.3912E+01
  nd-148       0.0000E+00  2.3129E+02
  pm-148       0.0000E+00  9.9464E-01
  pm-148m      0.0000E+00  1.1649E+00
  sm-148       0.0000E+00  5.5045E+01
  nd-149       0.0000E+00  2.8982E-02
  pm-149       0.0000E+00  1.2066E+00
  sm-149       0.0000E+00  2.0395E+00
  nd-150       0.0000E+00  1.0724E+02
  sm-150       0.0000E+00  1.7860E+02
  pm-151       0.0000E+00  2.4666E-01
  sm-151       0.0000E+00  9.4696E+00
  sm-152       0.0000E+00  7.7679E+01
  sm-153       0.0000E+00  7.4026E-01
  eu-153       0.0000E+00  6.5412E+01
  sm-154       0.0000E+00  2.0899E+01
  eu-154       0.0000E+00  1.1517E+01
  gd-154       0.0000E+00  4.8109E-01
  eu-155       0.0000E+00  4.6679E+00
  gd-155       0.0000E+00  3.0224E-02
  eu-156       0.0000E+00  2.6682E+00
  gd-156       0.0000E+00  3.2713E+01
  gd-157       0.0000E+00  6.2177E-02
  gd-158       0.0000E+00  8.3031E+00
  tb-159       0.0000E+00  1.2097E+00
  gd-160       0.0000E+00  5.4409E-01
  tb-160       0.0000E+00  3.1322E-02
  dy-160       0.0000E+00  4.8096E-02
  dy-161       0.0000E+00  1.8410E-01
  dy-162       0.0000E+00  1.3250E-01
  dy-163       0.0000E+00  8.4385E-02
  ho-165       0.0000E+00  2.6461E-02
------------
  totals       1.0000E+06  1.0001E+06
=========================================================================================================================
.
.
=========================================================================================================================
=   History overview for case 'decay' (#2/2)                                                                            =
-------------------------------------------------------------------------------------------------------------------------
   step          t0          t1          dt           t        flux     fluence       power      energy
    (-)         (y)         (y)         (s)         (s)   (n/cm2-s)     (n/cm2)        (MW)       (MWd)
      1      1.5057      2.5057  3.1560E+07  7.9080E+07  0.0000E+00  1.5946E+22  0.0000E+00  1.9798E+04
          
              step - step index within this case
                t0 - time at beginning-of-step in input units
                t1 - time at end-of-step in input units
                dt - length of step in seconds
                 t - end-of-step cumulative time in seconds
              flux - flux in neutrons/cm^2-sec (CALCULATED)
           fluence - cumulative end-of-step fluence in neutrons/cm^2 (CALCULATED)
             power - power in mega-watts (INPUT)     
            energy - cumulative end-of-step energy released in mega-watt-days (INPUT)     
=========================================================================================================================
.
.
.
.
.
*************************************************************************************************************************
********************                                                                                 ********************
********************                                                                                 ********************
********************                    Library information                                          ********************
********************                                                                                 ********************
********************                                                                                 ********************
*************************************************************************************************************************
.
.
=========================================================================================================================
=   Library summary for case 'decay' (#2/2)                                                                             =
-------------------------------------------------------------------------------------------------------------------------
filename: C:/Users/Teddy/AppData/Local/Temp/scale.Teddy.12928/w17x17_100d.f33 cross-section data taken from position number: 1
library title delimited by {}: 
{}
date library was produced: 538976288/538976288/538976288
total number of nuclides in library: 2237
number of light-element nuclides: 910
number of actinide nuclides: 176
number of fission product nuclides: 1151
number of nonzero off-diagonal matrix elements: 54564
=========================================================================================================================
.
.
*************************************************************************************************************************
********************                                                                                 ********************
********************                                                                                 ********************
********************                    Concentration tables                                         ********************
********************                                                                                 ********************
********************                                                                                 ********************
*************************************************************************************************************************
.
.
=========================================================================================================================
=   Nuclide concentrations in grams for case 'decay' (#2/2)                                                             =
-------------------------------------------------------------------------------------------------------------------------
  (relative cutoff; integral of concentrations over time >   1.00E-06 % of integral of all concentrations over time)
.
                   1.506y      2.506y   
  h-3          3.0642E-02  2.8966E-02
  he-4         7.5350E-01  8.2746E-01
  u-234        1.1453E+00  1.5236E+00
  u-235        1.1683E+04  1.1683E+04
  u-236        2.8051E+03  2.8053E+03
  u-237        7.0192E+00  2.8353E-05
  u-238        9.5662E+05  9.5662E+05
  u-239        5.8629E-01  0.0000E+00
  np-237       2.0974E+02  2.1682E+02
  np-238       6.4613E-01  5.1684E-08
  np-239       8.4659E+01  1.9629E-05
  pu-238       4.6013E+01  4.9783E+01
  pu-239       4.7072E+03  4.7923E+03
  pu-240       1.4062E+03  1.4062E+03
  pu-241       9.5396E+02  9.0879E+02
  pu-242       2.0891E+02  2.0892E+02
  pu-243       5.5836E-02  1.5509E-15
  am-241       1.6333E+01  6.1442E+01
  am-242m      2.7990E-01  2.7852E-01
  am-242       5.2337E-02  3.5935E-06
  am-243       2.2749E+01  2.2803E+01
  cm-242       4.4796E+00  9.5684E-01
  cm-243       6.4986E-02  6.3456E-02
  cm-244       4.2028E+00  4.0473E+00
  cm-245       1.4056E-01  1.4055E-01
  ge-73        1.2233E-02  1.2240E-02
  ge-74        3.1389E-02  3.1390E-02
  as-75        7.9309E-02  7.9321E-02
  ge-76        2.0979E-01  2.0979E-01
  se-77        5.0704E-01  5.0953E-01
  se-78        1.4173E+00  1.4177E+00
  se-79        3.0673E+00  3.0674E+00
  se-80        8.0933E+00  8.0933E+00
  br-81        1.3476E+01  1.3477E+01
  se-82        2.1193E+01  2.1193E+01
  kr-82        2.4016E-01  2.4190E-01
  kr-83        2.9051E+01  2.9065E+01
  kr-84        6.7814E+01  6.7817E+01
  kr-85        1.6618E+01  1.5587E+01
  kr-85m       3.0637E-02  0.0000E+00
  rb-85        6.3562E+01  6.4624E+01
  kr-86        1.2021E+02  1.2021E+02
  sr-86        1.4476E-01  1.5853E-01
  rb-87        1.5825E+02  1.5827E+02
  kr-88        5.1829E-02  0.0000E+00
  sr-88        2.2041E+02  2.2047E+02
  sr-89        3.0016E+01  2.0013E-01
  y-89         2.6887E+02  2.9870E+02
  sr-90        3.5601E+02  3.4754E+02
  y-90         9.4305E-02  8.8159E-02
  zr-90        7.3159E+00  1.5792E+01
  sr-91        3.1741E-01  0.0000E+00
  y-91         4.9620E+01  6.5954E-01
  zr-91        3.3281E+02  3.8210E+02
  sr-92        9.7242E-02  0.0000E+00
  y-92         1.2852E-01  0.0000E+00
  zr-92        4.1253E+02  4.1276E+02
  y-93         4.2256E-01  0.0000E+00
  zr-93        4.5399E+02  4.5442E+02
  zr-94        4.8187E+02  4.8188E+02
  zr-95        7.6468E+01  1.4664E+00
  nb-95        4.1657E+01  1.7864E+00
  nb-95m       4.6628E-02  9.4637E-04
  mo-95        4.1115E+02  5.2613E+02
  zr-96        5.0760E+02  5.0760E+02
  mo-96        1.3107E+01  1.3110E+01
  zr-97        8.2959E-01  0.0000E+00
  nb-97        5.9933E-02  0.0000E+00
  mo-97        5.0104E+02  5.0193E+02
  mo-98        5.1260E+02  5.1260E+02
  mo-99        3.6735E+00  0.0000E+00
  tc-99        5.1075E+02  5.1471E+02
  tc-99m       2.9470E-01  0.0000E+00
  ru-99        1.8180E-02  2.0001E-02
  mo-100       5.7933E+02  5.7933E+02
  ru-100       3.5257E+01  3.5257E+01
  ru-101       4.8745E+02  4.8748E+02
  ru-102       4.7280E+02  4.7281E+02
  ru-103       4.6386E+01  7.3223E-02
  rh-103       3.0187E+02  3.4823E+02
  rh-103m      4.5536E-02  7.1923E-05
  ru-104       3.1864E+02  3.1865E+02
  pd-104       8.7546E+01  8.7546E+01
  ru-105       1.5229E-01  0.0000E+00
  rh-105       1.1116E+00  0.0000E+00
  pd-105       2.1834E+02  2.1961E+02
  ru-106       1.1529E+02  5.8346E+01
  pd-106       8.2340E+01  1.3928E+02
  pd-107       1.1707E+02  1.1708E+02
  pd-108       7.4865E+01  7.4866E+01
  pd-109       1.3174E-01  0.0000E+00
  ag-109       4.3423E+01  4.3555E+01
  pd-110       2.4420E+01  2.4420E+01
  ag-110m      2.6348E-01  9.5607E-02
  cd-110       1.0429E+01  1.0597E+01
  ag-111       3.5499E-01  6.1861E-16
  cd-111       1.1898E+01  1.2254E+01
  cd-112       6.3618E+00  6.3840E+00
  cd-113       1.0204E-01  1.0433E-01
  cd-114       8.0559E+00  8.0559E+00
  cd-115m      2.3304E-02  7.9408E-05
  in-115       1.5156E+00  1.5587E+00
  sn-115       1.3868E-01  1.3973E-01
  cd-116       3.1719E+00  3.1719E+00
  sn-116       1.3934E+00  1.3936E+00
  sn-117       2.9051E+00  2.9070E+00
  sn-118       2.7190E+00  2.7193E+00
  sn-119       2.6629E+00  2.6927E+00
  sn-119m      5.1373E-02  2.1650E-02
  sn-120       2.7280E+00  2.7280E+00
  sn-121m      2.1644E-01  2.1305E-01
  sb-121       2.6750E+00  2.6874E+00
  sn-122       3.4665E+00  3.4665E+00
  te-122       1.0844E-01  1.1007E-01
  sn-123       1.6238E-01  2.2880E-02
  sb-123       3.3294E+00  3.4691E+00
  sn-124       5.5376E+00  5.5376E+00
  sb-124       2.3089E-02  3.4421E-04
  te-124       6.3427E-02  8.6171E-02
  sn-125       9.0429E-02  3.5451E-13
  sb-125       6.1192E+00  4.8306E+00
  te-125       1.0744E+00  2.4549E+00
  te-125m      6.8527E-02  6.7124E-02
  sn-126       1.1869E+01  1.1869E+01
  te-126       3.0477E-01  3.0940E-01
  sb-127       3.3887E-01  0.0000E+00
  te-127       3.0828E-02  2.4997E-04
  te-127m      6.6996E-01  7.1402E-02
  i-127        2.5806E+01  2.6778E+01
  te-128       5.6118E+01  5.6129E+01
  xe-128       8.5708E-01  8.5716E-01
  sb-129       4.8898E-02  0.0000E+00
  te-129m      1.4706E+00  7.8903E-04
  i-129        9.2403E+01  9.3935E+01
  te-130       2.3117E+02  2.3118E+02
  xe-130       2.2676E+00  2.2733E+00
  te-131m      2.5837E-01  0.0000E+00
  i-131        7.7061E+00  1.5982E-13
  xe-131       2.9918E+02  3.0730E+02
  xe-131m      1.3101E-01  2.0709E-10
  te-132       4.3814E+00  0.0000E+00
  i-132        1.3399E-01  0.0000E+00
  xe-132       6.2682E+02  6.3133E+02
  te-133m      3.8178E-02  0.0000E+00
  i-133        1.7212E+00  0.0000E+00
  xe-133       1.0419E+01  1.3640E-20
  xe-133m      1.3373E-01  0.0000E+00
  cs-133       7.3615E+02  7.4847E+02
  te-134       5.1339E-02  0.0000E+00
  i-134        8.1682E-02  0.0000E+00
  xe-134       9.4280E+02  9.4294E+02
  cs-134       5.4166E+01  3.8724E+01
  ba-134       9.8171E+00  2.5263E+01
  i-135        5.2575E-01  0.0000E+00
  xe-135       1.8200E-01  0.0000E+00
  cs-135       1.9268E+02  1.9339E+02
  ba-135       3.4789E-02  3.4878E-02
  xe-136       1.4516E+03  1.4516E+03
  cs-136       3.5279E-01  1.5555E-09
  ba-136       6.8702E+00  7.2229E+00
  cs-137       7.6375E+02  7.4636E+02
  ba-137       1.3710E+01  3.1110E+01
  cs-138       4.4304E-02  0.0000E+00
  ba-138       8.0895E+02  8.0901E+02
  ba-139       1.0575E-01  0.0000E+00
  la-139       7.6299E+02  7.6311E+02
  ba-140       2.2633E+01  5.4007E-08
  la-140       3.0335E+00  8.1855E-09
  ce-140       7.3831E+02  7.6398E+02
  ba-141       2.1314E-02  0.0000E+00
  la-141       2.7633E-01  0.0000E+00
  ce-141       5.4597E+01  2.2750E-02
  pr-141       6.6552E+02  7.2040E+02
  la-142       1.0377E-01  0.0000E+00
  ce-142       7.0496E+02  7.0508E+02
  pr-142       3.0334E-02  0.0000E+00
  nd-142       7.4023E+00  7.4328E+00
  ce-143       2.2058E+00  0.0000E+00
  pr-143       2.1621E+01  1.8997E-07
  nd-143       5.5165E+02  5.7549E+02
  ce-144       3.4058E+02  1.4005E+02
  pr-144       1.4456E-02  5.8991E-03
  nd-144       4.2664E+02  6.2718E+02
  pr-145       2.7544E-01  0.0000E+00
  nd-145       4.4415E+02  4.4443E+02
  nd-146       4.0999E+02  4.1001E+02
  nd-147       7.5711E+00  7.3273E-10
  pm-147       1.5764E+02  1.2692E+02
  sm-147       3.3912E+01  7.2210E+01
  nd-148       2.3129E+02  2.3129E+02
  pm-148       9.9464E-01  1.5880E-05
  pm-148m      1.1649E+00  2.5302E-03
  sm-148       5.5045E+01  5.7201E+01
  nd-149       2.8982E-02  0.0000E+00
  pm-149       1.2066E+00  0.0000E+00
  sm-149       2.0395E+00  3.2757E+00
  nd-150       1.0724E+02  1.0724E+02
  sm-150       1.7860E+02  1.7860E+02
  pm-151       2.4666E-01  0.0000E+00
  sm-151       9.4696E+00  9.6435E+00
  eu-151       9.6152E-03  8.4171E-02
  sm-152       7.7679E+01  7.7680E+01
  gd-152       1.2303E-02  1.2420E-02
  sm-153       7.4026E-01  0.0000E+00
  eu-153       6.5412E+01  6.6153E+01
  sm-154       2.0899E+01  2.0899E+01
  eu-154       1.1517E+01  1.0625E+01
  gd-154       4.8109E-01  1.3728E+00
  eu-155       4.6679E+00  4.0349E+00
  gd-155       3.0224E-02  6.6379E-01
  eu-156       2.6682E+00  1.5451E-07
  gd-156       3.2713E+01  3.5392E+01
  gd-157       6.2177E-02  7.5787E-02
  gd-158       8.3031E+00  8.3034E+00
  tb-159       1.2097E+00  1.2141E+00
  gd-160       5.4409E-01  5.4409E-01
  tb-160       3.1322E-02  9.4396E-04
  dy-160       4.8096E-02  7.8473E-02
  dy-161       1.8410E-01  1.9206E-01
  dy-162       1.3250E-01  1.3250E-01
  dy-163       8.4385E-02  8.4387E-02
  dy-164       1.8415E-02  1.8415E-02
  ho-165       2.6461E-02  2.6479E-02
------------
  totals       1.0001E+06  1.0001E+06
=========================================================================================================================
.
.
*************************************************************************************************************************
********************                                                                                 ********************
********************                                                                                 ********************
********************                    Written F71 File Information                                 ********************
********************                                                                                 ********************
********************                                                                                 ********************
*************************************************************************************************************************
.
.
   pos         time        power         flux      fluence       energy libpos   case   step DCGNAB
   (-)          (s)         (MW)    (n/cm2-s)      (n/cm2)        (MWd)    (-)    (-)    (-)    (-)
     1  4.75200e+07  0.00000e+00  0.00000e+00  1.59460e+22  1.97980e+04      1      2      0 DC----
     2  7.90800e+07  0.00000e+00  0.00000e+00  1.59460e+22  1.97980e+04      1      2      1 DC----
    D - state definition present
    C - concentrations present
    G - gamma emission spectra present
    N - neutron emission spectra present
    A - alpha emission spectra present
    B - beta emission spectra present
.
.
.
=========================================================================================================================
ORIGEN finished successfully.
=========================================================================================================================
    module origen used 0.41698 seconds cpu time for the current pass.

    module origen is finished. completion code    0. total cpu time used 4.66533e-006 seconds.


    SCALE is finished on Wed Feb 13 18:28:21 2019.
-------------------------- Summary --------------------------
arp finished. used 1.88632 seconds.
origen finished. used 0.419071 seconds.
SCALE driver required a maximum of 8.301 MiB of RAM.
------------------------ End Summary ------------------------

w17x17_100d.f33 copied to C:\Users\Teddy\Desktop\scale_test\output\w17x17_100d.f33.
discharge.f71 copied to C:\Users\Teddy\Desktop\scale_test\output\discharge.f71.
