 *******************************************************************************
 *                                                                             *
 *                                 SCALE 6.2.2                                 *
 *                                -------------                                *
 *                                February 2019                                *
 *                                                                             *
 *           SCALE:  A Comprehensive Modeling and Simulation Suite             *
 *                   for Nuclear Safety Analysis and Design                    *
 *                                                                             *
 *                      Reactor and Nuclear Systems Division                   *
 *                        Oak Ridge National Laboratory                        *
 *                                                                             *
 *                           http://scale.ornl.gov                             *
 *                            scalehelp@ornl.gov                               *
 *                                                                             *
 *******************************************************************************
 *******************************************************************************
      
                  Job Information
                  ---------------
      Job started on DESKTOP-J14NAA6 on Wed 13/02/2019 18:30:39
      Working directory: C:\Users\Teddy\AppData\Local\Temp\scale.Teddy.10708
      Input file name  : C:\Users\Teddy\Desktop\scale_test\output\2.800000_45959.595960.inp
      Output file name : C:\Users\Teddy\Desktop\scale_test\output\2.800000_45959.595960.out
      SCALE executable : C:\SCALE-6.2.2/bin/scale
      
 *******************************************************************************


    module arp will be called on Wed Feb 13 18:30:39 2019.
    sequence specification record:=arp
Input Data:

      'library type
      w17x17
      2.800000
      ' num cycles
      1
      ' num days per cycle
      550
      ' cycle average specific power (MW / MTU)
      83.562902
      ' number of interpolated cross section sets generated per cycle
      1
      ' moderator density (g/cc)
      0.723
      ' interpolated output ORIGEN library
      w17x17_100d.f33
end

1






        ************************************************************************************************************************
        ************************************************************************************************************************
        ************************************************************************************************************************
        *****                                                                                                              *****
        *****                                       program verification information                                       *****
        *****                                                                                                              *****
        *****                                   code system:  SCALE    version:  6.2                                       *****
        *****                                                                                                              *****
        ************************************************************************************************************************
        ************************************************************************************************************************
        *****                                                                                                              *****
        *****                                                                                                              *****
        *****              program:  arp.exe                                                                               *****
        *****                                                                                                              *****
        *****        creation date:   unknown                                                                              *****
        *****                                                                                                              *****
        *****              library:  C:\SCALE-6.2.2\bin                                                                    *****
        *****                                                                                                              *****
        *****                                                                                                              *****
        *****            prod code:  arp.exe                                                                               *****
        *****                                                                                                              *****
        *****              version:  6.2.2                                                                                 *****
        *****                                                                                                              *****
        *****              jobname:  Teddy                                                                                 *****
        *****                                                                                                              *****
        *****         machine name:  DESKTOP-J14NAA6                                                                       *****
        *****                                                                                                              *****
        *****    date of execution:  13_feb_2019                                                                           *****
        *****                                                                                                              *****
        *****    time of execution:  18:30:40.01                                                                           *****
        *****                                                                                                              *****
        *****                                                                                                              *****
        ************************************************************************************************************************
        ************************************************************************************************************************
        ************************************************************************************************************************


 'library type
    data library:       w17x17
       directory:       C:/SCALE-6.2.2/data/\arplibs
       definition:      C:/SCALE-6.2.2/data/\arpdata.txt
    u-235 enrichment:                        2.800

 ' num cycles
    number of cycles:                            1

 ' num days per cycle

 ' cycle average specific power (MW / MTU)

 ' number of interpolated cross section sets generated per cycle

 ' moderator density (g/cc)
    water density (g/cm3):                  0.7230
                                         cycle        cumulative      midpoint
   cycle time(d)        power(MW)      burnup(MWd/MTU)burnup(MWd/MTU)burnup(MWd/MTU)nlib
     1    550.000        83.5629        45959.6        45959.6        22979.8             1

 ' interpolated output ORIGEN library
    interpolated library name:                   w17x17_100d.f33
 interpolation type: spline
 Cross section library interpolation completed.
.
.
.
=========================================================================================================================
ARP finished successfully.
=========================================================================================================================
    module arp used 3.0825 seconds cpu time for the current pass.

    module arp is finished. completion code    0. total cpu time used 1.11968e-005 seconds.



    module origen will be called on Wed Feb 13 18:30:43 2019.
    sequence specification record:=origen
Input Data:

      case(irrad) {
          lib{
              file="w17x17_100d.f33" pos=1
          }
          mat {
              units=GRAMS
              iso=[u235=28000.000000 u238=972000.000000]
          }
          time = [ 550 ]
          power = [ 83.562902 ]
      }
      case (decay) {
          time {
              units=YEARS
              start=0
              t=[1]
          }
          save{ file="discharge.f71" steps=[0 LAST]}
      }
end

1






        ************************************************************************************************************************
        ************************************************************************************************************************
        ************************************************************************************************************************
        *****                                                                                                              *****
        *****                                       program verification information                                       *****
        *****                                                                                                              *****
        *****                                   code system:  SCALE    version:  6.2                                       *****
        *****                                                                                                              *****
        ************************************************************************************************************************
        ************************************************************************************************************************
        *****                                                                                                              *****
        *****                                                                                                              *****
        *****              program:  origen.exe                                                                            *****
        *****                                                                                                              *****
        *****        creation date:   unknown                                                                              *****
        *****                                                                                                              *****
        *****              library:  C:\SCALE-6.2.2\bin                                                                    *****
        *****                                                                                                              *****
        *****                                                                                                              *****
        *****            prod code:  origen.exe                                                                            *****
        *****                                                                                                              *****
        *****              version:  6.2.2                                                                                 *****
        *****                                                                                                              *****
        *****              jobname:  Teddy                                                                                 *****
        *****                                                                                                              *****
        *****         machine name:  DESKTOP-J14NAA6                                                                       *****
        *****                                                                                                              *****
        *****    date of execution:  13_feb_2019                                                                           *****
        *****                                                                                                              *****
        *****    time of execution:  18:30:43.09                                                                           *****
        *****                                                                                                              *****
        *****                                                                                                              *****
        ************************************************************************************************************************
        ************************************************************************************************************************
        ************************************************************************************************************************

*************************************************************************************************************************
********************                                                                                 ********************
********************                                                                                 ********************
********************                    USER INPUT SUMMARY                                           ********************
********************                                                                                 ********************
********************                                                                                 ********************
*************************************************************************************************************************
.
.
=========================================================================================================================
=   Case "irrad" (#1/2)                                                                                                 =
-------------------------------------------------------------------------------------------------------------------------
###   Library settings                                                                                                ###
.
                                Library file name:     C:/Users/Teddy/AppData/Local/Temp/scale.Teddy.10708/w17x17_100d.f33
                             Library set position:              1
                 Fission product reaction removal:             no
-------------------------------------------------------------------------------------------------------------------------
###   Global settings                                                                                                 ###
.
                                           Solver:              MATREX
                                             Mode:        forward
                             Fixed fission energy:             no
-------------------------------------------------------------------------------------------------------------------------
###   Concentrations output options                                                                                   ###
.
                            High-precision output:             no
                                  Relative cutoff:            yes
                         Step for applying cutoff:       integral
.
                      light els.   actinides  fis.prods.       total
                       nuc    el   nuc    el   nuc    el   nuc    el             cutoff
gram-atoms                                                                    1.000E-06
grams                                                      **                 1.000E-06
curies                                                                        1.000E-06
watts                                                                         1.000E-06
gamma watts                                                                   1.000E-06
m3 air                                                                        1.000E-06
m3 water                                                                      1.000E-06
grams ppm                                                                     1.000E-06
atoms ppm                                                                     1.000E-06
atoms/barn-cm                                                                 1.000E-06
becquerels                                                                    1.000E-06
-------------------------------------------------------------------------------------------------------------------------
###   Additional output options                                                                                       ###
.
                                      Print k-inf:             no
           Nuclides for absorption fraction print:           none
                              Print fission rates:             no
            Step for sorting absorption fractions:              1
=========================================================================================================================
=   Case "decay" (#2/2)                                                                                                 =
-------------------------------------------------------------------------------------------------------------------------
###   Library settings                                                                                                ###
.
                                Library file name:     C:/Users/Teddy/AppData/Local/Temp/scale.Teddy.10708/w17x17_100d.f33
                             Library set position:              1
                 Fission product reaction removal:             no
-------------------------------------------------------------------------------------------------------------------------
###   Global settings                                                                                                 ###
.
                                           Solver:              MATREX
                                             Mode:        forward
                             Fixed fission energy:             no
-------------------------------------------------------------------------------------------------------------------------
###   Concentrations output options                                                                                   ###
.
                            High-precision output:             no
                                  Relative cutoff:            yes
                         Step for applying cutoff:       integral
.
                      light els.   actinides  fis.prods.       total
                       nuc    el   nuc    el   nuc    el   nuc    el             cutoff
gram-atoms                                                                    1.000E-06
grams                                                      **                 1.000E-06
curies                                                                        1.000E-06
watts                                                                         1.000E-06
gamma watts                                                                   1.000E-06
m3 air                                                                        1.000E-06
m3 water                                                                      1.000E-06
grams ppm                                                                     1.000E-06
atoms ppm                                                                     1.000E-06
atoms/barn-cm                                                                 1.000E-06
becquerels                                                                    1.000E-06
-------------------------------------------------------------------------------------------------------------------------
###   Additional output options                                                                                       ###
.
                                      Print k-inf:             no
           Nuclides for absorption fraction print:           none
                              Print fission rates:             no
            Step for sorting absorption fractions:              1
=========================================================================================================================
###   Blending information                                                                                            ###
.
  --- no blending requested in this job ---
=========================================================================================================================
.
.
***Warning:  The flux over a step has changed by more than 20%.
=========================================================================================================================
=   History overview for case 'irrad' (#1/2)                                                                            =
-------------------------------------------------------------------------------------------------------------------------
   step          t0          t1          dt           t        flux     fluence       power      energy
    (-)         (d)         (d)         (s)         (s)   (n/cm2-s)     (n/cm2)        (MW)       (MWd)
      1      0.0000    550.0000  4.7520E+07  4.7520E+07  8.7430E+14  4.1547E+22  8.3563E+01  4.5960E+04
          
              step - step index within this case
                t0 - time at beginning-of-step in input units
                t1 - time at end-of-step in input units
                dt - length of step in seconds
                 t - end-of-step cumulative time in seconds
              flux - flux in neutrons/cm^2-sec (CALCULATED)
           fluence - cumulative end-of-step fluence in neutrons/cm^2 (CALCULATED)
             power - power in mega-watts (INPUT)     
            energy - cumulative end-of-step energy released in mega-watt-days (INPUT)     
=========================================================================================================================
.
.
.
.
.
*************************************************************************************************************************
********************                                                                                 ********************
********************                                                                                 ********************
********************                    Library information                                          ********************
********************                                                                                 ********************
********************                                                                                 ********************
*************************************************************************************************************************
.
.
=========================================================================================================================
=   Library summary for case 'irrad' (#1/2)                                                                             =
-------------------------------------------------------------------------------------------------------------------------
filename: C:/Users/Teddy/AppData/Local/Temp/scale.Teddy.10708/w17x17_100d.f33 cross-section data taken from position number: 1
library title delimited by {}: 
{}
date library was produced: 538976288/538976288/538976288
total number of nuclides in library: 2237
number of light-element nuclides: 910
number of actinide nuclides: 176
number of fission product nuclides: 1151
number of nonzero off-diagonal matrix elements: 54564
=========================================================================================================================
.
.
*************************************************************************************************************************
********************                                                                                 ********************
********************                                                                                 ********************
********************                    Concentration tables                                         ********************
********************                                                                                 ********************
********************                                                                                 ********************
*************************************************************************************************************************
.
.
=========================================================================================================================
=   Nuclide concentrations in grams for case 'irrad' (#1/2)                                                             =
-------------------------------------------------------------------------------------------------------------------------
  (relative cutoff; integral of concentrations over time >   1.00E-06 % of integral of all concentrations over time)
.
                   0.000d    550.000d   
  h-3          0.0000E+00  7.4728E-02
  he-4         0.0000E+00  1.9442E+00
  u-234        0.0000E+00  2.0394E+00
  u-235        2.8000E+04  3.0599E+03
  u-236        0.0000E+00  3.8394E+03
  u-237        0.0000E+00  2.1275E+01
  u-238        9.7200E+05  9.3233E+05
  u-239        0.0000E+00  1.4909E+00
  np-237       0.0000E+00  5.3612E+02
  np-238       0.0000E+00  4.0846E+00
  np-239       0.0000E+00  2.1466E+02
  pu-238       0.0000E+00  2.7714E+02
  pu-239       0.0000E+00  5.2835E+03
  pu-240       0.0000E+00  2.5781E+03
  pu-241       0.0000E+00  1.8917E+03
  pu-242       0.0000E+00  1.1810E+03
  pu-243       0.0000E+00  7.8361E-01
  pu-244       0.0000E+00  1.8208E-01
  am-241       0.0000E+00  2.3975E+01
  am-242m      0.0000E+00  4.0219E-01
  am-242       0.0000E+00  1.8568E-01
  am-243       0.0000E+00  3.0965E+02
  am-244m      0.0000E+00  3.2596E-02
  am-244       0.0000E+00  5.0713E-02
  cm-242       0.0000E+00  2.0552E+01
  cm-243       0.0000E+00  6.8893E-01
  cm-244       0.0000E+00  1.6916E+02
  cm-245       0.0000E+00  1.1337E+01
  cm-246       0.0000E+00  1.9428E+00
  cm-247       0.0000E+00  2.9021E-02
  ge-73        0.0000E+00  3.0176E-02
  ge-74        0.0000E+00  7.7556E-02
  as-75        0.0000E+00  1.7367E-01
  ge-76        0.0000E+00  4.4851E-01
  se-77        0.0000E+00  1.0112E+00
  se-78        0.0000E+00  3.1087E+00
  se-79        0.0000E+00  6.4631E+00
  se-80        0.0000E+00  1.6552E+01
  br-81        0.0000E+00  2.7655E+01
  se-82        0.0000E+00  4.3727E+01
  kr-82        0.0000E+00  1.2563E+00
  kr-83        0.0000E+00  4.5183E+01
  kr-84        0.0000E+00  1.4626E+02
  kr-85        0.0000E+00  3.2003E+01
  kr-85m       0.0000E+00  4.6635E-02
  rb-85        0.0000E+00  1.2158E+02
  kr-86        0.0000E+00  2.2861E+02
  rb-86        0.0000E+00  6.7960E-02
  sr-86        0.0000E+00  7.7225E-01
  kr-87        0.0000E+00  2.5169E-02
  rb-87        0.0000E+00  2.9993E+02
  kr-88        0.0000E+00  7.4463E-02
  sr-88        0.0000E+00  4.1457E+02
  sr-89        0.0000E+00  4.3129E+01
  y-89         0.0000E+00  5.2638E+02
  sr-90        0.0000E+00  6.6528E+02
  y-90         0.0000E+00  1.8848E-01
  zr-90        0.0000E+00  1.5982E+01
  sr-91        0.0000E+00  4.8451E-01
  y-91         0.0000E+00  7.9032E+01
  y-91m        0.0000E+00  2.4535E-02
  zr-91        0.0000E+00  6.5403E+02
  sr-92        0.0000E+00  1.5646E-01
  y-92         0.0000E+00  2.0672E-01
  zr-92        0.0000E+00  8.1482E+02
  y-93         0.0000E+00  7.2046E-01
  zr-93        0.0000E+00  9.1508E+02
  y-94         0.0000E+00  2.4189E-02
  zr-94        0.0000E+00  1.0036E+03
  zr-95        0.0000E+00  1.4348E+02
  nb-95        0.0000E+00  7.7847E+01
  nb-95m       0.0000E+00  8.7549E-02
  mo-95        0.0000E+00  8.4163E+02
  zr-96        0.0000E+00  1.0873E+03
  mo-96        0.0000E+00  7.1243E+01
  zr-97        0.0000E+00  1.6269E+00
  nb-97        0.0000E+00  1.1774E-01
  mo-97        0.0000E+00  1.0963E+03
  mo-98        0.0000E+00  1.1603E+03
  mo-99        0.0000E+00  7.5530E+00
  tc-99        0.0000E+00  1.0538E+03
  tc-99m       0.0000E+00  6.0848E-01
  ru-99        0.0000E+00  3.9290E-02
  mo-100       0.0000E+00  1.3229E+03
  ru-100       0.0000E+00  1.9270E+02
  mo-101       0.0000E+00  2.7554E-02
  tc-101       0.0000E+00  2.6810E-02
  ru-101       0.0000E+00  1.0943E+03
  mo-102       0.0000E+00  2.1366E-02
  ru-102       0.0000E+00  1.2073E+03
  ru-103       0.0000E+00  1.1496E+02
  rh-103       0.0000E+00  5.9521E+02
  rh-103m      0.0000E+00  1.1291E-01
  tc-104       0.0000E+00  3.3240E-02
  ru-104       0.0000E+00  9.2117E+02
  pd-104       0.0000E+00  4.7826E+02
  ru-105       0.0000E+00  4.3285E-01
  rh-105       0.0000E+00  2.8052E+00
  pd-105       0.0000E+00  5.8001E+02
  ru-106       0.0000E+00  3.8692E+02
  pd-106       0.0000E+00  3.8586E+02
  rh-107       0.0000E+00  2.2012E-02
  pd-107       0.0000E+00  4.0823E+02
  pd-108       0.0000E+00  2.7734E+02
  pd-109       0.0000E+00  5.1696E-01
  ag-109       0.0000E+00  1.3478E+02
  pd-110       0.0000E+00  9.3330E+01
  ag-110m      0.0000E+00  1.5538E+00
  cd-110       0.0000E+00  8.9586E+01
  ag-111       0.0000E+00  1.2575E+00
  cd-111       0.0000E+00  4.6215E+01
  pd-112       0.0000E+00  6.1264E-02
  cd-112       0.0000E+00  2.3500E+01
  cd-113       0.0000E+00  1.2987E-01
  cd-114       0.0000E+00  2.5594E+01
  cd-115       0.0000E+00  5.3142E-02
  cd-115m      0.0000E+00  6.6478E-02
  in-115       0.0000E+00  2.1676E+00
  sn-115       0.0000E+00  3.7535E-01
  cd-116       0.0000E+00  8.8449E+00
  sn-116       0.0000E+00  6.1932E+00
  sn-117       0.0000E+00  7.9540E+00
  sn-118       0.0000E+00  7.3974E+00
  sn-119       0.0000E+00  7.0567E+00
  sn-119m      0.0000E+00  1.3333E-01
  sn-120       0.0000E+00  7.2992E+00
  sn-121       0.0000E+00  2.2459E-02
  sn-121m      0.0000E+00  5.7612E-01
  sb-121       0.0000E+00  6.7512E+00
  sn-122       0.0000E+00  9.3321E+00
  te-122       0.0000E+00  7.2229E-01
  sn-123       0.0000E+00  4.6479E-01
  sb-123       0.0000E+00  8.5487E+00
  sn-124       0.0000E+00  1.4660E+01
  sb-124       0.0000E+00  1.4946E-01
  te-124       0.0000E+00  4.3520E-01
  sn-125       0.0000E+00  2.3018E-01
  sb-125       0.0000E+00  1.6511E+01
  te-125       0.0000E+00  3.0012E+00
  te-125m      0.0000E+00  1.8720E-01
  sn-126       0.0000E+00  3.2494E+01
  te-126       0.0000E+00  7.8262E-01
  sb-127       0.0000E+00  8.2637E-01
  te-127       0.0000E+00  7.2025E-02
  te-127m      0.0000E+00  8.7457E-01
  i-127        0.0000E+00  6.3502E+01
  te-128       0.0000E+00  1.4604E+02
  xe-128       0.0000E+00  5.8118E+00
  sb-129       0.0000E+00  1.1721E-01
  te-129       0.0000E+00  2.9452E-02
  te-129m      0.0000E+00  3.5018E+00
  i-129        0.0000E+00  2.3551E+02
  xe-129       0.0000E+00  5.6865E-02
  te-130       0.0000E+00  5.4308E+02
  i-130        0.0000E+00  3.5625E-02
  xe-130       0.0000E+00  1.4698E+01
  sb-131       0.0000E+00  2.5062E-02
  te-131       0.0000E+00  3.0250E-02
  te-131m      0.0000E+00  5.8940E-01
  i-131        0.0000E+00  1.6573E+01
  xe-131       0.0000E+00  5.2236E+02
  xe-131m      0.0000E+00  2.9842E-01
  te-132       0.0000E+00  9.2553E+00
  i-132        0.0000E+00  2.8499E-01
  xe-132       0.0000E+00  1.6685E+03
  te-133m      0.0000E+00  7.4541E-02
  i-133        0.0000E+00  3.5380E+00
  xe-133       0.0000E+00  2.1388E+01
  xe-133m      0.0000E+00  2.8276E-01
  cs-133       0.0000E+00  1.4649E+03
  te-134       0.0000E+00  9.8387E-02
  i-134        0.0000E+00  1.6552E-01
  xe-134       0.0000E+00  2.1378E+03
  cs-134       0.0000E+00  2.6741E+02
  ba-134       0.0000E+00  5.1953E+01
  i-135        0.0000E+00  1.0952E+00
  xe-135       0.0000E+00  1.7662E-01
  cs-135       0.0000E+00  2.5050E+02
  ba-135       0.0000E+00  4.8720E-01
  xe-136       0.0000E+00  3.6144E+03
  cs-136       0.0000E+00  1.0956E+00
  ba-136       0.0000E+00  2.1938E+01
  cs-137       0.0000E+00  1.7525E+03
  ba-137       0.0000E+00  3.2812E+01
  xe-138       0.0000E+00  3.3791E-02
  cs-138       0.0000E+00  8.8493E-02
  ba-138       0.0000E+00  1.8040E+03
  la-138       0.0000E+00  2.3414E-02
  cs-139       0.0000E+00  2.2927E-02
  ba-139       0.0000E+00  2.1095E-01
  la-139       0.0000E+00  1.6742E+03
  ba-140       0.0000E+00  4.4724E+01
  la-140       0.0000E+00  6.1788E+00
  ce-140       0.0000E+00  1.6726E+03
  ba-141       0.0000E+00  4.1817E-02
  la-141       0.0000E+00  5.4300E-01
  ce-141       0.0000E+00  1.0610E+02
  pr-141       0.0000E+00  1.4695E+03
  ba-142       0.0000E+00  2.2427E-02
  la-142       0.0000E+00  2.0030E-01
  ce-142       0.0000E+00  1.5566E+03
  pr-142       0.0000E+00  1.7017E-01
  nd-142       0.0000E+00  4.3206E+01
  la-143       0.0000E+00  2.9475E-02
  ce-143       0.0000E+00  4.1530E+00
  pr-143       0.0000E+00  4.0350E+01
  nd-143       0.0000E+00  8.6701E+02
  ce-144       0.0000E+00  6.9389E+02
  pr-144       0.0000E+00  2.9752E-02
  nd-144       0.0000E+00  1.2633E+03
  pr-145       0.0000E+00  5.2882E-01
  nd-145       0.0000E+00  8.6124E+02
  pr-146       0.0000E+00  2.9453E-02
  nd-146       0.0000E+00  1.0066E+03
  nd-147       0.0000E+00  1.5020E+01
  pm-147       0.0000E+00  2.1064E+02
  sm-147       0.0000E+00  4.3846E+01
  nd-148       0.0000E+00  5.4326E+02
  pm-148       0.0000E+00  3.0354E+00
  pm-148m      0.0000E+00  1.7039E+00
  sm-148       0.0000E+00  1.9588E+02
  nd-149       0.0000E+00  6.5072E-02
  pm-149       0.0000E+00  3.1763E+00
  sm-149       0.0000E+00  2.1574E+00
  nd-150       0.0000E+00  2.6641E+02
  sm-150       0.0000E+00  4.5480E+02
  pm-151       0.0000E+00  6.0950E-01
  sm-151       0.0000E+00  1.3398E+01
  sm-152       0.0000E+00  1.3516E+02
  sm-153       0.0000E+00  2.8520E+00
  eu-153       0.0000E+00  1.7090E+02
  sm-154       0.0000E+00  7.0134E+01
  eu-154       0.0000E+00  4.5289E+01
  gd-154       0.0000E+00  2.2780E+00
  eu-155       0.0000E+00  1.5243E+01
  gd-155       0.0000E+00  4.7430E-02
  sm-156       0.0000E+00  3.1460E-02
  eu-156       0.0000E+00  1.8902E+01
  gd-156       0.0000E+00  2.3757E+02
  eu-157       0.0000E+00  8.6687E-02
  gd-157       0.0000E+00  2.0863E-01
  gd-158       0.0000E+00  5.1595E+01
  gd-159       0.0000E+00  2.1735E-02
  tb-159       0.0000E+00  5.1053E+00
  gd-160       0.0000E+00  2.0910E+00
  tb-160       0.0000E+00  3.2894E-01
  dy-160       0.0000E+00  3.8616E-01
  tb-161       0.0000E+00  4.5423E-02
  dy-161       0.0000E+00  6.9749E-01
  dy-162       0.0000E+00  5.7088E-01
  dy-163       0.0000E+00  5.0887E-01
  dy-164       0.0000E+00  1.4114E-01
  ho-165       0.0000E+00  3.2117E-01
  er-166       0.0000E+00  1.1061E-01
------------
  totals       1.0000E+06  1.0004E+06
=========================================================================================================================
.
.
=========================================================================================================================
=   History overview for case 'decay' (#2/2)                                                                            =
-------------------------------------------------------------------------------------------------------------------------
   step          t0          t1          dt           t        flux     fluence       power      energy
    (-)         (y)         (y)         (s)         (s)   (n/cm2-s)     (n/cm2)        (MW)       (MWd)
      1      1.5057      2.5057  3.1560E+07  7.9080E+07  0.0000E+00  4.1547E+22  0.0000E+00  4.5960E+04
          
              step - step index within this case
                t0 - time at beginning-of-step in input units
                t1 - time at end-of-step in input units
                dt - length of step in seconds
                 t - end-of-step cumulative time in seconds
              flux - flux in neutrons/cm^2-sec (CALCULATED)
           fluence - cumulative end-of-step fluence in neutrons/cm^2 (CALCULATED)
             power - power in mega-watts (INPUT)     
            energy - cumulative end-of-step energy released in mega-watt-days (INPUT)     
=========================================================================================================================
.
.
.
.
.
*************************************************************************************************************************
********************                                                                                 ********************
********************                                                                                 ********************
********************                    Library information                                          ********************
********************                                                                                 ********************
********************                                                                                 ********************
*************************************************************************************************************************
.
.
=========================================================================================================================
=   Library summary for case 'decay' (#2/2)                                                                             =
-------------------------------------------------------------------------------------------------------------------------
filename: C:/Users/Teddy/AppData/Local/Temp/scale.Teddy.10708/w17x17_100d.f33 cross-section data taken from position number: 1
library title delimited by {}: 
{}
date library was produced: 538976288/538976288/538976288
total number of nuclides in library: 2237
number of light-element nuclides: 910
number of actinide nuclides: 176
number of fission product nuclides: 1151
number of nonzero off-diagonal matrix elements: 54564
=========================================================================================================================
.
.
*************************************************************************************************************************
********************                                                                                 ********************
********************                                                                                 ********************
********************                    Concentration tables                                         ********************
********************                                                                                 ********************
********************                                                                                 ********************
*************************************************************************************************************************
.
.
=========================================================================================================================
=   Nuclide concentrations in grams for case 'decay' (#2/2)                                                             =
-------------------------------------------------------------------------------------------------------------------------
  (relative cutoff; integral of concentrations over time >   1.00E-06 % of integral of all concentrations over time)
.
                   1.506y      2.506y   
  h-3          7.4728E-02  7.0640E-02
  he-4         1.9442E+00  2.3669E+00
  u-234        2.0394E+00  4.2938E+00
  u-235        3.0599E+03  3.0600E+03
  u-236        3.8394E+03  3.8397E+03
  u-237        2.1275E+01  5.6223E-05
  u-238        9.3233E+05  9.3233E+05
  u-239        1.4909E+00  0.0000E+00
  np-237       5.3612E+02  5.5750E+02
  np-238       4.0846E+00  7.4266E-08
  np-239       2.1466E+02  2.6720E-04
  pu-238       2.7714E+02  2.9499E+02
  pu-239       5.2835E+03  5.4995E+03
  pu-240       2.5781E+03  2.5840E+03
  pu-241       1.8917E+03  1.8021E+03
  pu-242       1.1810E+03  1.1810E+03
  pu-243       7.8361E-01  1.0347E-12
  pu-244       1.8208E-01  1.8209E-01
  am-241       2.3975E+01  1.1344E+02
  am-242m      4.0219E-01  4.0022E-01
  am-242       1.8568E-01  5.1637E-06
  am-243       3.0965E+02  3.1040E+02
  am-244m      3.2596E-02  0.0000E+00
  am-244       5.0713E-02  9.6242E-14
  cm-242       2.0552E+01  4.3785E+00
  cm-243       6.8893E-01  6.7271E-01
  cm-244       1.6916E+02  1.6289E+02
  cm-245       1.1337E+01  1.1336E+01
  cm-246       1.9428E+00  1.9425E+00
  cm-247       2.9021E-02  2.9021E-02
  ge-72        1.3459E-02  1.3549E-02
  ge-73        3.0176E-02  3.0192E-02
  ge-74        7.7556E-02  7.7557E-02
  as-75        1.7367E-01  1.7370E-01
  ge-76        4.4851E-01  4.4851E-01
  se-77        1.0112E+00  1.0157E+00
  se-78        3.1087E+00  3.1095E+00
  se-79        6.4631E+00  6.4632E+00
  se-80        1.6552E+01  1.6553E+01
  br-81        2.7655E+01  2.7656E+01
  se-82        4.3727E+01  4.3728E+01
  kr-82        1.2563E+00  1.2652E+00
  kr-83        4.5183E+01  4.5205E+01
  kr-84        1.4626E+02  1.4627E+02
  kr-85        3.2003E+01  3.0015E+01
  kr-85m       4.6635E-02  0.0000E+00
  rb-85        1.2158E+02  1.2361E+02
  kr-86        2.2861E+02  2.2861E+02
  rb-86        6.7960E-02  8.5161E-08
  sr-86        7.7225E-01  8.4020E-01
  kr-87        2.5169E-02  0.0000E+00
  rb-87        2.9993E+02  2.9995E+02
  kr-88        7.4463E-02  0.0000E+00
  sr-88        4.1457E+02  4.1465E+02
  sr-89        4.3129E+01  2.8756E-01
  y-89         5.2638E+02  5.6923E+02
  sr-90        6.6528E+02  6.4946E+02
  y-90         1.8848E-01  1.6474E-01
  zr-90        1.5982E+01  3.1832E+01
  sr-91        4.8451E-01  0.0000E+00
  y-91         7.9032E+01  1.0502E+00
  y-91m        2.4535E-02  0.0000E+00
  zr-91        6.5403E+02  7.3252E+02
  sr-92        1.5646E-01  0.0000E+00
  y-92         2.0672E-01  0.0000E+00
  zr-92        8.1482E+02  8.1519E+02
  y-93         7.2046E-01  0.0000E+00
  zr-93        9.1508E+02  9.1581E+02
  y-94         2.4189E-02  0.0000E+00
  zr-94        1.0036E+03  1.0036E+03
  mo-94        1.5727E-02  1.5727E-02
  zr-95        1.4348E+02  2.7514E+00
  nb-95        7.7847E+01  3.3517E+00
  nb-95m       8.7549E-02  1.7757E-03
  mo-95        8.4163E+02  1.0571E+03
  zr-96        1.0873E+03  1.0873E+03
  mo-96        7.1243E+01  7.1260E+01
  zr-97        1.6269E+00  0.0000E+00
  nb-97        1.1774E-01  0.0000E+00
  mo-97        1.0963E+03  1.0980E+03
  mo-98        1.1603E+03  1.1603E+03
  mo-99        7.5530E+00  0.0000E+00
  tc-99        1.0538E+03  1.0619E+03
  tc-99m       6.0848E-01  0.0000E+00
  ru-99        3.9290E-02  4.3045E-02
  mo-100       1.3229E+03  1.3229E+03
  ru-100       1.9270E+02  1.9270E+02
  mo-101       2.7554E-02  0.0000E+00
  tc-101       2.6810E-02  0.0000E+00
  ru-101       1.0943E+03  1.0943E+03
  mo-102       2.1366E-02  0.0000E+00
  ru-102       1.2073E+03  1.2073E+03
  ru-103       1.1496E+02  1.8147E-01
  rh-103       5.9521E+02  7.1010E+02
  rh-103m      1.1291E-01  1.7825E-04
  tc-104       3.3240E-02  0.0000E+00
  ru-104       9.2117E+02  9.2120E+02
  pd-104       4.7826E+02  4.7826E+02
  ru-105       4.3285E-01  0.0000E+00
  rh-105       2.8052E+00  0.0000E+00
  pd-105       5.8001E+02  5.8326E+02
  ru-106       3.8692E+02  1.9582E+02
  pd-106       3.8586E+02  5.7696E+02
  rh-107       2.2012E-02  0.0000E+00
  pd-107       4.0823E+02  4.0826E+02
  pd-108       2.7734E+02  2.7735E+02
  pd-109       5.1696E-01  0.0000E+00
  ag-109       1.3478E+02  1.3530E+02
  pd-110       9.3330E+01  9.3330E+01
  ag-110m      1.5538E+00  5.6379E-01
  cd-110       8.9586E+01  9.0576E+01
  ag-111       1.2575E+00  2.1912E-15
  cd-111       4.6215E+01  4.7475E+01
  pd-112       6.1264E-02  0.0000E+00
  cd-112       2.3500E+01  2.3571E+01
  cd-113       1.2987E-01  1.3695E-01
  cd-114       2.5594E+01  2.5594E+01
  cd-115       5.3142E-02  0.0000E+00
  cd-115m      6.6478E-02  2.2652E-04
  in-115       2.1676E+00  2.2889E+00
  sn-115       3.7535E-01  3.7825E-01
  cd-116       8.8449E+00  8.8450E+00
  sn-116       6.1932E+00  6.1938E+00
  sn-117       7.9540E+00  7.9588E+00
  sn-118       7.3974E+00  7.3981E+00
  sn-119       7.0567E+00  7.1340E+00
  sn-119m      1.3333E-01  5.6190E-02
  sn-120       7.2992E+00  7.2993E+00
  sn-121       2.2459E-02  3.0914E-05
  sn-121m      5.7612E-01  5.6709E-01
  sb-121       6.7512E+00  6.7827E+00
  sn-122       9.3321E+00  9.3324E+00
  te-122       7.2229E-01  7.3290E-01
  sn-123       4.6479E-01  6.5490E-02
  sb-123       8.5487E+00  8.9486E+00
  sn-124       1.4660E+01  1.4660E+01
  sb-124       1.4946E-01  2.2282E-03
  te-124       4.3520E-01  5.8243E-01
  sn-125       2.3018E-01  9.0235E-13
  sb-125       1.6511E+01  1.3023E+01
  te-125       3.0012E+00  6.7257E+00
  te-125m      1.8720E-01  1.8100E-01
  sn-126       3.2494E+01  3.2494E+01
  te-126       7.8262E-01  7.9558E-01
  sb-127       8.2637E-01  0.0000E+00
  te-127       7.2025E-02  3.4912E-04
  te-127m      8.7457E-01  9.9724E-02
  i-127        6.3502E+01  6.5186E+01
  te-128       1.4604E+02  1.4607E+02
  xe-128       5.8118E+00  5.8123E+00
  sb-129       1.1721E-01  0.0000E+00
  te-129       2.9452E-02  1.7052E-06
  te-129m      3.5018E+00  1.8789E-03
  i-129        2.3551E+02  2.3916E+02
  xe-129       5.6865E-02  5.7347E-02
  te-130       5.4308E+02  5.4310E+02
  i-130        3.5625E-02  0.0000E+00
  xe-130       1.4698E+01  1.4734E+01
  sb-131       2.5062E-02  0.0000E+00
  te-131       3.0250E-02  0.0000E+00
  te-131m      5.8940E-01  0.0000E+00
  i-131        1.6573E+01  3.4450E-13
  xe-131       5.2236E+02  5.3988E+02
  xe-131m      2.9842E-01  4.5462E-10
  te-132       9.2553E+00  0.0000E+00
  i-132        2.8499E-01  0.0000E+00
  xe-132       1.6685E+03  1.6781E+03
  te-133m      7.4541E-02  0.0000E+00
  i-133        3.5380E+00  0.0000E+00
  xe-133       2.1388E+01  2.8016E-20
  xe-133m      2.8276E-01  0.0000E+00
  cs-133       1.4649E+03  1.4902E+03
  te-134       9.8387E-02  0.0000E+00
  i-134        1.6552E-01  0.0000E+00
  xe-134       2.1378E+03  2.1381E+03
  cs-134       2.6741E+02  1.9118E+02
  ba-134       5.1953E+01  1.2821E+02
  i-135        1.0952E+00  0.0000E+00
  xe-135       1.7662E-01  0.0000E+00
  cs-135       2.5050E+02  2.5178E+02
  ba-135       4.8720E-01  4.8769E-01
  xe-136       3.6144E+03  3.6144E+03
  cs-136       1.0956E+00  4.8306E-09
  ba-136       2.1938E+01  2.3034E+01
  cs-137       1.7525E+03  1.7126E+03
  ba-137       3.2812E+01  7.2737E+01
  xe-138       3.3791E-02  0.0000E+00
  cs-138       8.8493E-02  0.0000E+00
  ba-138       1.8040E+03  1.8041E+03
  la-138       2.3414E-02  2.3414E-02
  cs-139       2.2927E-02  0.0000E+00
  ba-139       2.1095E-01  0.0000E+00
  la-139       1.6742E+03  1.6744E+03
  ba-140       4.4724E+01  1.0672E-07
  la-140       6.1788E+00  1.6175E-08
  ce-140       1.6726E+03  1.7235E+03
  ba-141       4.1817E-02  0.0000E+00
  la-141       5.4300E-01  0.0000E+00
  ce-141       1.0610E+02  4.4215E-02
  pr-141       1.4695E+03  1.5762E+03
  ba-142       2.2427E-02  0.0000E+00
  la-142       2.0030E-01  0.0000E+00
  ce-142       1.5566E+03  1.5568E+03
  pr-142       1.7017E-01  0.0000E+00
  nd-142       4.3206E+01  4.3377E+01
  la-143       2.9475E-02  0.0000E+00
  ce-143       4.1530E+00  0.0000E+00
  pr-143       4.0350E+01  3.5486E-07
  nd-143       8.6701E+02  9.1154E+02
  ce-144       6.9389E+02  2.8533E+02
  pr-144       2.9752E-02  1.2019E-02
  nd-144       1.2633E+03  1.6719E+03
  pr-145       5.2882E-01  0.0000E+00
  nd-145       8.6124E+02  8.6177E+02
  pr-146       2.9453E-02  0.0000E+00
  nd-146       1.0066E+03  1.0066E+03
  nd-147       1.5020E+01  1.4537E-09
  pm-147       2.1064E+02  1.7340E+02
  sm-147       4.3846E+01  9.6116E+01
  nd-148       5.4326E+02  5.4327E+02
  pm-148       3.0354E+00  2.3228E-05
  pm-148m      1.7039E+00  3.7011E-03
  sm-148       1.9588E+02  2.0061E+02
  nd-149       6.5072E-02  0.0000E+00
  pm-149       3.1763E+00  0.0000E+00
  sm-149       2.1574E+00  5.4001E+00
  nd-150       2.6641E+02  2.6641E+02
  sm-150       4.5480E+02  4.5480E+02
  pm-151       6.0950E-01  0.0000E+00
  sm-151       1.3398E+01  1.3905E+01
  eu-151       5.4424E-03  1.1293E-01
  sm-152       1.3516E+02  1.3517E+02
  sm-153       2.8520E+00  0.0000E+00
  eu-153       1.7090E+02  1.7375E+02
  sm-154       7.0134E+01  7.0135E+01
  eu-154       4.5289E+01  4.1783E+01
  gd-154       2.2780E+00  5.7843E+00
  eu-155       1.5243E+01  1.3176E+01
  gd-155       4.7430E-02  2.1164E+00
  sm-156       3.1460E-02  0.0000E+00
  eu-156       1.8902E+01  1.0921E-06
  gd-156       2.3757E+02  2.5651E+02
  eu-157       8.6687E-02  0.0000E+00
  gd-157       2.0863E-01  2.9561E-01
  gd-158       5.1595E+01  5.1596E+01
  gd-159       2.1735E-02  0.0000E+00
  tb-159       5.1053E+00  5.1272E+00
  gd-160       2.0910E+00  2.0910E+00
  tb-160       3.2894E-01  9.9134E-03
  dy-160       3.8616E-01  7.0518E-01
  tb-161       4.5423E-02  5.4316E-18
  dy-161       6.9749E-01  7.4292E-01
  dy-162       5.7088E-01  5.7089E-01
  dy-163       5.0887E-01  5.0888E-01
  dy-164       1.4114E-01  1.4114E-01
  ho-165       3.2117E-01  3.2147E-01
  er-166       1.1061E-01  1.1189E-01
  er-168       1.9504E-02  1.9504E-02
------------
  totals       1.0004E+06  1.0004E+06
=========================================================================================================================
.
.
*************************************************************************************************************************
********************                                                                                 ********************
********************                                                                                 ********************
********************                    Written F71 File Information                                 ********************
********************                                                                                 ********************
********************                                                                                 ********************
*************************************************************************************************************************
.
.
   pos         time        power         flux      fluence       energy libpos   case   step DCGNAB
   (-)          (s)         (MW)    (n/cm2-s)      (n/cm2)        (MWd)    (-)    (-)    (-)    (-)
     1  4.75200e+07  0.00000e+00  0.00000e+00  4.15468e+22  4.59596e+04      1      2      0 DC----
     2  7.90800e+07  0.00000e+00  0.00000e+00  4.15468e+22  4.59596e+04      1      2      1 DC----
    D - state definition present
    C - concentrations present
    G - gamma emission spectra present
    N - neutron emission spectra present
    A - alpha emission spectra present
    B - beta emission spectra present
.
.
.
=========================================================================================================================
ORIGEN finished successfully.
=========================================================================================================================
    module origen used 0.804278 seconds cpu time for the current pass.

    module origen is finished. completion code    0. total cpu time used 5.13186e-006 seconds.


    SCALE is finished on Wed Feb 13 18:30:43 2019.
-------------------------- Summary --------------------------
arp finished. used 3.09081 seconds.
origen finished. used 0.811006 seconds.
SCALE driver required a maximum of 8.273 MiB of RAM.
------------------------ End Summary ------------------------

w17x17_100d.f33 copied to C:\Users\Teddy\Desktop\scale_test\output\w17x17_100d.f33.
discharge.f71 copied to C:\Users\Teddy\Desktop\scale_test\output\discharge.f71.
