 *******************************************************************************
 *                                                                             *
 *                                 SCALE 6.2.2                                 *
 *                                -------------                                *
 *                                February 2019                                *
 *                                                                             *
 *           SCALE:  A Comprehensive Modeling and Simulation Suite             *
 *                   for Nuclear Safety Analysis and Design                    *
 *                                                                             *
 *                      Reactor and Nuclear Systems Division                   *
 *                        Oak Ridge National Laboratory                        *
 *                                                                             *
 *                           http://scale.ornl.gov                             *
 *                            scalehelp@ornl.gov                               *
 *                                                                             *
 *******************************************************************************
 *******************************************************************************
      
                  Job Information
                  ---------------
      Job started on DESKTOP-J14NAA6 on Wed 13/02/2019 18:31:56
      Working directory: C:\Users\Teddy\AppData\Local\Temp\scale.Teddy.4496
      Input file name  : C:\Users\Teddy\Desktop\scale_test\output\2.800000_58686.868687.inp
      Output file name : C:\Users\Teddy\Desktop\scale_test\output\2.800000_58686.868687.out
      SCALE executable : C:\SCALE-6.2.2/bin/scale
      
 *******************************************************************************


    module arp will be called on Wed Feb 13 18:31:57 2019.
    sequence specification record:=arp
Input Data:

      'library type
      w17x17
      2.800000
      ' num cycles
      1
      ' num days per cycle
      550
      ' cycle average specific power (MW / MTU)
      106.703398
      ' number of interpolated cross section sets generated per cycle
      1
      ' moderator density (g/cc)
      0.723
      ' interpolated output ORIGEN library
      w17x17_100d.f33
end

1






        ************************************************************************************************************************
        ************************************************************************************************************************
        ************************************************************************************************************************
        *****                                                                                                              *****
        *****                                       program verification information                                       *****
        *****                                                                                                              *****
        *****                                   code system:  SCALE    version:  6.2                                       *****
        *****                                                                                                              *****
        ************************************************************************************************************************
        ************************************************************************************************************************
        *****                                                                                                              *****
        *****                                                                                                              *****
        *****              program:  arp.exe                                                                               *****
        *****                                                                                                              *****
        *****        creation date:   unknown                                                                              *****
        *****                                                                                                              *****
        *****              library:  C:\SCALE-6.2.2\bin                                                                    *****
        *****                                                                                                              *****
        *****                                                                                                              *****
        *****            prod code:  arp.exe                                                                               *****
        *****                                                                                                              *****
        *****              version:  6.2.2                                                                                 *****
        *****                                                                                                              *****
        *****              jobname:  Teddy                                                                                 *****
        *****                                                                                                              *****
        *****         machine name:  DESKTOP-J14NAA6                                                                       *****
        *****                                                                                                              *****
        *****    date of execution:  13_feb_2019                                                                           *****
        *****                                                                                                              *****
        *****    time of execution:  18:31:57.22                                                                           *****
        *****                                                                                                              *****
        *****                                                                                                              *****
        ************************************************************************************************************************
        ************************************************************************************************************************
        ************************************************************************************************************************


 'library type
    data library:       w17x17
       directory:       C:/SCALE-6.2.2/data/\arplibs
       definition:      C:/SCALE-6.2.2/data/\arpdata.txt
    u-235 enrichment:                        2.800

 ' num cycles
    number of cycles:                            1

 ' num days per cycle

 ' cycle average specific power (MW / MTU)

 ' number of interpolated cross section sets generated per cycle

 ' moderator density (g/cc)
    water density (g/cm3):                  0.7230
                                         cycle        cumulative      midpoint
   cycle time(d)        power(MW)      burnup(MWd/MTU)burnup(MWd/MTU)burnup(MWd/MTU)nlib
     1    550.000        106.703        58686.9        58686.9        29343.4             1

 ' interpolated output ORIGEN library
    interpolated library name:                   w17x17_100d.f33
 interpolation type: spline
 Cross section library interpolation completed.
.
.
.
=========================================================================================================================
ARP finished successfully.
=========================================================================================================================
    module arp used 2.41225 seconds cpu time for the current pass.

    module arp is finished. completion code    0. total cpu time used 1.58621e-005 seconds.



    module origen will be called on Wed Feb 13 18:31:59 2019.
    sequence specification record:=origen
Input Data:

      case(irrad) {
          lib{
              file="w17x17_100d.f33" pos=1
          }
          mat {
              units=GRAMS
              iso=[u235=28000.000000 u238=972000.000000]
          }
          time = [ 550 ]
          power = [ 106.703398 ]
      }
      case (decay) {
          time {
              units=YEARS
              start=0
              t=[1]
          }
          save{ file="discharge.f71" steps=[0 LAST]}
      }
end

1






        ************************************************************************************************************************
        ************************************************************************************************************************
        ************************************************************************************************************************
        *****                                                                                                              *****
        *****                                       program verification information                                       *****
        *****                                                                                                              *****
        *****                                   code system:  SCALE    version:  6.2                                       *****
        *****                                                                                                              *****
        ************************************************************************************************************************
        ************************************************************************************************************************
        *****                                                                                                              *****
        *****                                                                                                              *****
        *****              program:  origen.exe                                                                            *****
        *****                                                                                                              *****
        *****        creation date:   unknown                                                                              *****
        *****                                                                                                              *****
        *****              library:  C:\SCALE-6.2.2\bin                                                                    *****
        *****                                                                                                              *****
        *****                                                                                                              *****
        *****            prod code:  origen.exe                                                                            *****
        *****                                                                                                              *****
        *****              version:  6.2.2                                                                                 *****
        *****                                                                                                              *****
        *****              jobname:  Teddy                                                                                 *****
        *****                                                                                                              *****
        *****         machine name:  DESKTOP-J14NAA6                                                                       *****
        *****                                                                                                              *****
        *****    date of execution:  13_feb_2019                                                                           *****
        *****                                                                                                              *****
        *****    time of execution:  18:31:59.66                                                                           *****
        *****                                                                                                              *****
        *****                                                                                                              *****
        ************************************************************************************************************************
        ************************************************************************************************************************
        ************************************************************************************************************************

*************************************************************************************************************************
********************                                                                                 ********************
********************                                                                                 ********************
********************                    USER INPUT SUMMARY                                           ********************
********************                                                                                 ********************
********************                                                                                 ********************
*************************************************************************************************************************
.
.
=========================================================================================================================
=   Case "irrad" (#1/2)                                                                                                 =
-------------------------------------------------------------------------------------------------------------------------
###   Library settings                                                                                                ###
.
                                Library file name:     C:/Users/Teddy/AppData/Local/Temp/scale.Teddy.4496/w17x17_100d.f33
                             Library set position:              1
                 Fission product reaction removal:             no
-------------------------------------------------------------------------------------------------------------------------
###   Global settings                                                                                                 ###
.
                                           Solver:              MATREX
                                             Mode:        forward
                             Fixed fission energy:             no
-------------------------------------------------------------------------------------------------------------------------
###   Concentrations output options                                                                                   ###
.
                            High-precision output:             no
                                  Relative cutoff:            yes
                         Step for applying cutoff:       integral
.
                      light els.   actinides  fis.prods.       total
                       nuc    el   nuc    el   nuc    el   nuc    el             cutoff
gram-atoms                                                                    1.000E-06
grams                                                      **                 1.000E-06
curies                                                                        1.000E-06
watts                                                                         1.000E-06
gamma watts                                                                   1.000E-06
m3 air                                                                        1.000E-06
m3 water                                                                      1.000E-06
grams ppm                                                                     1.000E-06
atoms ppm                                                                     1.000E-06
atoms/barn-cm                                                                 1.000E-06
becquerels                                                                    1.000E-06
-------------------------------------------------------------------------------------------------------------------------
###   Additional output options                                                                                       ###
.
                                      Print k-inf:             no
           Nuclides for absorption fraction print:           none
                              Print fission rates:             no
            Step for sorting absorption fractions:              1
=========================================================================================================================
=   Case "decay" (#2/2)                                                                                                 =
-------------------------------------------------------------------------------------------------------------------------
###   Library settings                                                                                                ###
.
                                Library file name:     C:/Users/Teddy/AppData/Local/Temp/scale.Teddy.4496/w17x17_100d.f33
                             Library set position:              1
                 Fission product reaction removal:             no
-------------------------------------------------------------------------------------------------------------------------
###   Global settings                                                                                                 ###
.
                                           Solver:              MATREX
                                             Mode:        forward
                             Fixed fission energy:             no
-------------------------------------------------------------------------------------------------------------------------
###   Concentrations output options                                                                                   ###
.
                            High-precision output:             no
                                  Relative cutoff:            yes
                         Step for applying cutoff:       integral
.
                      light els.   actinides  fis.prods.       total
                       nuc    el   nuc    el   nuc    el   nuc    el             cutoff
gram-atoms                                                                    1.000E-06
grams                                                      **                 1.000E-06
curies                                                                        1.000E-06
watts                                                                         1.000E-06
gamma watts                                                                   1.000E-06
m3 air                                                                        1.000E-06
m3 water                                                                      1.000E-06
grams ppm                                                                     1.000E-06
atoms ppm                                                                     1.000E-06
atoms/barn-cm                                                                 1.000E-06
becquerels                                                                    1.000E-06
-------------------------------------------------------------------------------------------------------------------------
###   Additional output options                                                                                       ###
.
                                      Print k-inf:             no
           Nuclides for absorption fraction print:           none
                              Print fission rates:             no
            Step for sorting absorption fractions:              1
=========================================================================================================================
###   Blending information                                                                                            ###
.
  --- no blending requested in this job ---
=========================================================================================================================
.
.
***Warning:  The flux over a step has changed by more than 20%.
=========================================================================================================================
=   History overview for case 'irrad' (#1/2)                                                                            =
-------------------------------------------------------------------------------------------------------------------------
   step          t0          t1          dt           t        flux     fluence       power      energy
    (-)         (d)         (d)         (s)         (s)   (n/cm2-s)     (n/cm2)        (MW)       (MWd)
      1      0.0000    550.0000  4.7520E+07  4.7520E+07  1.1602E+15  5.5135E+22  1.0670E+02  5.8687E+04
          
              step - step index within this case
                t0 - time at beginning-of-step in input units
                t1 - time at end-of-step in input units
                dt - length of step in seconds
                 t - end-of-step cumulative time in seconds
              flux - flux in neutrons/cm^2-sec (CALCULATED)
           fluence - cumulative end-of-step fluence in neutrons/cm^2 (CALCULATED)
             power - power in mega-watts (INPUT)     
            energy - cumulative end-of-step energy released in mega-watt-days (INPUT)     
=========================================================================================================================
.
.
.
.
.
*************************************************************************************************************************
********************                                                                                 ********************
********************                                                                                 ********************
********************                    Library information                                          ********************
********************                                                                                 ********************
********************                                                                                 ********************
*************************************************************************************************************************
.
.
=========================================================================================================================
=   Library summary for case 'irrad' (#1/2)                                                                             =
-------------------------------------------------------------------------------------------------------------------------
filename: C:/Users/Teddy/AppData/Local/Temp/scale.Teddy.4496/w17x17_100d.f33 cross-section data taken from position number: 1
library title delimited by {}: 
{}
date library was produced: 538976288/538976288/538976288
total number of nuclides in library: 2237
number of light-element nuclides: 910
number of actinide nuclides: 176
number of fission product nuclides: 1151
number of nonzero off-diagonal matrix elements: 54564
=========================================================================================================================
.
.
*************************************************************************************************************************
********************                                                                                 ********************
********************                                                                                 ********************
********************                    Concentration tables                                         ********************
********************                                                                                 ********************
********************                                                                                 ********************
*************************************************************************************************************************
.
.
=========================================================================================================================
=   Nuclide concentrations in grams for case 'irrad' (#1/2)                                                             =
-------------------------------------------------------------------------------------------------------------------------
  (relative cutoff; integral of concentrations over time >   1.00E-06 % of integral of all concentrations over time)
.
                   0.000d    550.000d   
  h-3          0.0000E+00  9.9372E-02
  he-4         0.0000E+00  2.8743E+00
  u-234        0.0000E+00  2.3486E+00
  u-235        2.8000E+04  1.4835E+03
  u-236        0.0000E+00  3.8097E+03
  u-237        0.0000E+00  2.7018E+01
  u-238        9.7200E+05  9.1960E+05
  u-239        0.0000E+00  1.9558E+00
  np-237       0.0000E+00  6.2510E+02
  np-238       0.0000E+00  6.1934E+00
  np-239       0.0000E+00  2.8117E+02
  pu-238       0.0000E+00  4.1560E+02
  pu-239       0.0000E+00  5.3058E+03
  pu-240       0.0000E+00  2.5574E+03
  pu-241       0.0000E+00  1.7998E+03
  pu-242       0.0000E+00  1.7910E+03
  pu-243       0.0000E+00  1.5138E+00
  pu-244       0.0000E+00  6.9765E-01
  am-241       0.0000E+00  1.9658E+01
  am-242m      0.0000E+00  3.2639E-01
  am-242       0.0000E+00  1.9824E-01
  am-243       0.0000E+00  6.5867E+02
  am-244m      0.0000E+00  9.0354E-02
  am-244       0.0000E+00  1.4058E-01
  cm-242       0.0000E+00  2.8471E+01
  cm-243       0.0000E+00  1.3056E+00
  cm-244       0.0000E+00  6.2055E+02
  cm-245       0.0000E+00  6.8023E+01
  cm-246       0.0000E+00  2.1724E+01
  cm-247       0.0000E+00  5.3532E-01
  cm-248       0.0000E+00  8.5382E-02
  ge-73        0.0000E+00  2.9582E-02
  ge-74        0.0000E+00  8.1560E-02
  as-75        0.0000E+00  2.0000E-01
  ge-76        0.0000E+00  5.5758E-01
  se-77        0.0000E+00  1.1867E+00
  se-78        0.0000E+00  3.9506E+00
  se-79        0.0000E+00  7.9200E+00
  se-80        0.0000E+00  2.0319E+01
  br-81        0.0000E+00  3.3681E+01
  se-82        0.0000E+00  5.4120E+01
  kr-82        0.0000E+00  2.0837E+00
  kr-83        0.0000E+00  4.7484E+01
  kr-84        0.0000E+00  1.8565E+02
  kr-85        0.0000E+00  3.8486E+01
  kr-85m       0.0000E+00  5.2952E-02
  rb-85        0.0000E+00  1.4599E+02
  kr-86        0.0000E+00  2.7405E+02
  rb-86        0.0000E+00  1.0798E-01
  sr-86        0.0000E+00  1.2712E+00
  kr-87        0.0000E+00  2.8234E-02
  rb-87        0.0000E+00  3.5872E+02
  kr-88        0.0000E+00  8.2640E-02
  sr-88        0.0000E+00  4.9421E+02
  sr-89        0.0000E+00  4.7922E+01
  y-89         0.0000E+00  6.0756E+02
  sr-90        0.0000E+00  7.9027E+02
  y-90         0.0000E+00  2.3057E-01
  zr-90        0.0000E+00  2.0618E+01
  sr-91        0.0000E+00  5.4882E-01
  y-91         0.0000E+00  8.4165E+01
  y-91m        0.0000E+00  2.7794E-02
  zr-91        0.0000E+00  7.9627E+02
  sr-92        0.0000E+00  1.8017E-01
  y-92         0.0000E+00  2.3806E-01
  zr-92        0.0000E+00  9.9348E+02
  y-93         0.0000E+00  8.4389E-01
  zr-93        0.0000E+00  1.1235E+03
  y-94         0.0000E+00  2.8524E-02
  zr-94        0.0000E+00  1.2540E+03
  mo-94        0.0000E+00  2.8391E-02
  zr-95        0.0000E+00  1.6021E+02
  nb-95        0.0000E+00  8.6743E+01
  nb-95m       0.0000E+00  9.7799E-02
  mo-95        0.0000E+00  1.0424E+03
  zr-96        0.0000E+00  1.3749E+03
  nb-96        0.0000E+00  2.3980E-02
  mo-96        0.0000E+00  1.2267E+02
  zr-97        0.0000E+00  1.9750E+00
  nb-97        0.0000E+00  1.4302E-01
  mo-97        0.0000E+00  1.3938E+03
  mo-98        0.0000E+00  1.5007E+03
  mo-99        0.0000E+00  9.2752E+00
  tc-99        0.0000E+00  1.2795E+03
  tc-99m       0.0000E+00  7.4881E-01
  ru-99        0.0000E+00  2.4252E-02
  mo-100       0.0000E+00  1.7156E+03
  ru-100       0.0000E+00  3.3288E+02
  mo-101       0.0000E+00  3.4183E-02
  tc-101       0.0000E+00  3.3264E-02
  ru-101       0.0000E+00  1.3980E+03
  mo-102       0.0000E+00  2.6708E-02
  ru-102       0.0000E+00  1.6518E+03
  ru-103       0.0000E+00  1.4677E+02
  rh-103       0.0000E+00  6.1709E+02
  rh-103m      0.0000E+00  1.4415E-01
  tc-104       0.0000E+00  4.2739E-02
  ru-104       0.0000E+00  1.2971E+03
  pd-104       0.0000E+00  7.6490E+02
  ru-105       0.0000E+00  5.6569E-01
  rh-105       0.0000E+00  3.4584E+00
  pd-105       0.0000E+00  7.5903E+02
  ru-106       0.0000E+00  5.4213E+02
  pd-106       0.0000E+00  6.6846E+02
  rh-107       0.0000E+00  2.8980E-02
  pd-107       0.0000E+00  5.9756E+02
  pd-108       0.0000E+00  4.1727E+02
  pd-109       0.0000E+00  7.7089E-01
  ag-109       0.0000E+00  1.7975E+02
  pd-110       0.0000E+00  1.4633E+02
  ag-110m      0.0000E+00  2.4676E+00
  cd-110       0.0000E+00  1.8769E+02
  ag-111       0.0000E+00  1.8649E+00
  cd-111       0.0000E+00  7.5831E+01
  pd-112       0.0000E+00  9.2352E-02
  cd-112       0.0000E+00  3.8802E+01
  cd-113       0.0000E+00  1.4981E-01
  cd-114       0.0000E+00  3.8668E+01
  cd-115       0.0000E+00  7.6832E-02
  cd-115m      0.0000E+00  9.7452E-02
  in-115       0.0000E+00  2.2529E+00
  sn-115       0.0000E+00  4.9957E-01
  cd-116       0.0000E+00  1.2131E+01
  sn-116       0.0000E+00  9.6203E+00
  sn-117       0.0000E+00  1.0755E+01
  sn-118       0.0000E+00  1.0083E+01
  sn-119       0.0000E+00  9.4746E+00
  sn-119m      0.0000E+00  1.4398E-01
  sn-120       0.0000E+00  9.9172E+00
  sn-121       0.0000E+00  2.9033E-02
  sn-121m      0.0000E+00  7.4330E-01
  sb-121       0.0000E+00  8.7183E+00
  sn-122       0.0000E+00  1.2634E+01
  te-122       0.0000E+00  1.3173E+00
  sn-123       0.0000E+00  5.7208E-01
  sb-123       0.0000E+00  1.1295E+01
  sn-124       0.0000E+00  1.9605E+01
  sb-124       0.0000E+00  2.5900E-01
  te-124       0.0000E+00  8.1655E-01
  sn-125       0.0000E+00  2.9810E-01
  sb-125       0.0000E+00  2.1753E+01
  te-125       0.0000E+00  4.3205E+00
  te-125m      0.0000E+00  2.5167E-01
  sn-126       0.0000E+00  4.3933E+01
  te-126       0.0000E+00  1.0523E+00
  sb-127       0.0000E+00  1.0638E+00
  te-127       0.0000E+00  9.1598E-02
  te-127m      0.0000E+00  9.0133E-01
  i-127        0.0000E+00  8.0467E+01
  te-128       0.0000E+00  1.9465E+02
  xe-128       0.0000E+00  1.0823E+01
  sb-129       0.0000E+00  1.4980E-01
  te-129       0.0000E+00  3.7665E-02
  te-129m      0.0000E+00  4.4702E+00
  i-129        0.0000E+00  3.0639E+02
  xe-129       0.0000E+00  1.4620E-01
  te-130       0.0000E+00  7.0904E+02
  i-130        0.0000E+00  6.1152E-02
  xe-130       0.0000E+00  2.7500E+01
  sb-131       0.0000E+00  3.0721E-02
  te-131       0.0000E+00  3.7390E-02
  te-131m      0.0000E+00  7.5083E-01
  i-131        0.0000E+00  2.0582E+01
  xe-131       0.0000E+00  5.5807E+02
  xe-131m      0.0000E+00  3.7495E-01
  te-132       0.0000E+00  1.1431E+01
  i-132        0.0000E+00  3.5276E-01
  xe-132       0.0000E+00  2.2896E+03
  te-133       0.0000E+00  2.1962E-02
  te-133m      0.0000E+00  8.9945E-02
  i-133        0.0000E+00  4.3350E+00
  xe-133       0.0000E+00  2.6195E+01
  xe-133m      0.0000E+00  3.5085E-01
  cs-133       0.0000E+00  1.7274E+03
  te-134       0.0000E+00  1.1785E-01
  i-134        0.0000E+00  2.0201E-01
  xe-134       0.0000E+00  2.7755E+03
  cs-134       0.0000E+00  4.2615E+02
  cs-134m      0.0000E+00  3.0647E-02
  ba-134       0.0000E+00  8.9454E+01
  i-135        0.0000E+00  1.3445E+00
  xe-135       0.0000E+00  1.6844E-01
  cs-135       0.0000E+00  3.1661E+02
  ba-135       0.0000E+00  1.1559E+00
  xe-136       0.0000E+00  4.7864E+03
  cs-136       0.0000E+00  1.7116E+00
  ba-136       0.0000E+00  3.2457E+01
  cs-137       0.0000E+00  2.2817E+03
  ba-137       0.0000E+00  4.5567E+01
  xe-138       0.0000E+00  4.0890E-02
  cs-138       0.0000E+00  1.0768E-01
  ba-138       0.0000E+00  2.3298E+03
  la-138       0.0000E+00  2.9559E-02
  cs-139       0.0000E+00  2.7837E-02
  ba-139       0.0000E+00  2.5667E-01
  la-139       0.0000E+00  2.1422E+03
  ba-140       0.0000E+00  5.4289E+01
  la-140       0.0000E+00  7.6381E+00
  ce-140       0.0000E+00  2.1383E+03
  ba-141       0.0000E+00  5.0818E-02
  la-141       0.0000E+00  6.6033E-01
  ce-141       0.0000E+00  1.2829E+02
  pr-141       0.0000E+00  1.7885E+03
  ba-142       0.0000E+00  2.7055E-02
  la-142       0.0000E+00  2.4226E-01
  ce-142       0.0000E+00  1.9980E+03
  pr-142       0.0000E+00  2.7417E-01
  nd-142       0.0000E+00  7.4281E+01
  la-143       0.0000E+00  3.5360E-02
  ce-143       0.0000E+00  4.9926E+00
  pr-143       0.0000E+00  4.8282E+01
  nd-143       0.0000E+00  8.8994E+02
  ce-144       0.0000E+00  8.4169E+02
  pr-144       0.0000E+00  3.6286E-02
  nd-144       0.0000E+00  1.8193E+03
  pr-145       0.0000E+00  6.3838E-01
  nd-145       0.0000E+00  1.0275E+03
  pr-146       0.0000E+00  3.5770E-02
  nd-146       0.0000E+00  1.3681E+03
  nd-147       0.0000E+00  1.8202E+01
  pm-147       0.0000E+00  2.0003E+02
  sm-147       0.0000E+00  4.2473E+01
  nd-148       0.0000E+00  7.1723E+02
  pm-148       0.0000E+00  3.6357E+00
  pm-148m      0.0000E+00  1.6292E+00
  sm-148       0.0000E+00  2.7652E+02
  nd-149       0.0000E+00  8.2476E-02
  pm-149       0.0000E+00  4.0229E+00
  sm-149       0.0000E+00  2.0751E+00
  nd-150       0.0000E+00  3.5820E+02
  sm-150       0.0000E+00  5.9093E+02
  pm-151       0.0000E+00  7.8349E-01
  sm-151       0.0000E+00  1.5157E+01
  sm-152       0.0000E+00  1.5013E+02
  sm-153       0.0000E+00  4.0385E+00
  eu-153       0.0000E+00  2.0741E+02
  sm-154       0.0000E+00  1.0758E+02
  eu-154       0.0000E+00  5.5382E+01
  gd-154       0.0000E+00  3.1055E+00
  eu-155       0.0000E+00  1.8540E+01
  gd-155       0.0000E+00  4.8628E-02
  sm-156       0.0000E+00  4.1819E-02
  eu-156       0.0000E+00  2.9263E+01
  gd-156       0.0000E+00  4.1862E+02
  eu-157       0.0000E+00  1.5325E-01
  gd-157       0.0000E+00  3.0978E-01
  gd-158       0.0000E+00  1.0240E+02
  gd-159       0.0000E+00  4.1468E-02
  tb-159       0.0000E+00  8.9783E+00
  gd-160       0.0000E+00  3.3258E+00
  tb-160       0.0000E+00  6.7949E-01
  dy-160       0.0000E+00  7.4730E-01
  tb-161       0.0000E+00  9.4720E-02
  dy-161       0.0000E+00  1.2141E+00
  dy-162       0.0000E+00  1.0251E+00
  dy-163       0.0000E+00  1.0165E+00
  dy-164       0.0000E+00  2.7897E-01
  ho-165       0.0000E+00  7.2863E-01
  er-166       0.0000E+00  2.8502E-01
  er-168       0.0000E+00  4.5962E-02
------------
  totals       1.0000E+06  1.0020E+06
=========================================================================================================================
.
.
=========================================================================================================================
=   History overview for case 'decay' (#2/2)                                                                            =
-------------------------------------------------------------------------------------------------------------------------
   step          t0          t1          dt           t        flux     fluence       power      energy
    (-)         (y)         (y)         (s)         (s)   (n/cm2-s)     (n/cm2)        (MW)       (MWd)
      1      1.5057      2.5057  3.1560E+07  7.9080E+07  0.0000E+00  5.5135E+22  0.0000E+00  5.8687E+04
          
              step - step index within this case
                t0 - time at beginning-of-step in input units
                t1 - time at end-of-step in input units
                dt - length of step in seconds
                 t - end-of-step cumulative time in seconds
              flux - flux in neutrons/cm^2-sec (CALCULATED)
           fluence - cumulative end-of-step fluence in neutrons/cm^2 (CALCULATED)
             power - power in mega-watts (INPUT)     
            energy - cumulative end-of-step energy released in mega-watt-days (INPUT)     
=========================================================================================================================
.
.
.
.
.
*************************************************************************************************************************
********************                                                                                 ********************
********************                                                                                 ********************
********************                    Library information                                          ********************
********************                                                                                 ********************
********************                                                                                 ********************
*************************************************************************************************************************
.
.
=========================================================================================================================
=   Library summary for case 'decay' (#2/2)                                                                             =
-------------------------------------------------------------------------------------------------------------------------
filename: C:/Users/Teddy/AppData/Local/Temp/scale.Teddy.4496/w17x17_100d.f33 cross-section data taken from position number: 1
library title delimited by {}: 
{}
date library was produced: 538976288/538976288/538976288
total number of nuclides in library: 2237
number of light-element nuclides: 910
number of actinide nuclides: 176
number of fission product nuclides: 1151
number of nonzero off-diagonal matrix elements: 54564
=========================================================================================================================
.
.
*************************************************************************************************************************
********************                                                                                 ********************
********************                                                                                 ********************
********************                    Concentration tables                                         ********************
********************                                                                                 ********************
********************                                                                                 ********************
*************************************************************************************************************************
.
.
=========================================================================================================================
=   Nuclide concentrations in grams for case 'decay' (#2/2)                                                             =
-------------------------------------------------------------------------------------------------------------------------
  (relative cutoff; integral of concentrations over time >   1.00E-06 % of integral of all concentrations over time)
.
                   1.506y      2.506y   
  h-3          9.9372E-02  9.3935E-02
  he-4         2.8743E+00  3.6984E+00
  u-234        2.3486E+00  5.7207E+00
  u-235        1.4835E+03  1.4837E+03
  u-236        3.8097E+03  3.8099E+03
  u-237        2.7018E+01  5.3493E-05
  u-238        9.1960E+05  9.1960E+05
  u-239        1.9558E+00  0.0000E+00
  np-237       6.2510E+02  6.5222E+02
  np-238       6.1934E+00  6.0270E-08
  np-239       2.8117E+02  5.6823E-04
  pu-238       4.1560E+02  4.4057E+02
  pu-239       5.3058E+03  5.5888E+03
  pu-240       2.5574E+03  2.5800E+03
  pu-241       1.7998E+03  1.7146E+03
  pu-242       1.7910E+03  1.7911E+03
  pu-243       1.5138E+00  1.9087E-11
  pu-244       6.9765E-01  6.9769E-01
  am-241       1.9658E+01  1.0478E+02
  am-242m      3.2639E-01  3.2479E-01
  am-242       1.9824E-01  4.1905E-06
  am-243       6.5867E+02  6.6012E+02
  am-244m      9.0354E-02  0.0000E+00
  am-244       1.4058E-01  5.0332E-12
  cm-242       2.8471E+01  6.0549E+00
  cm-243       1.3056E+00  1.2748E+00
  cm-244       6.2055E+02  5.9747E+02
  cm-245       6.8023E+01  6.8018E+01
  cm-246       2.1724E+01  2.1721E+01
  cm-247       5.3532E-01  5.3532E-01
  cm-248       8.5382E-02  8.5645E-02
  ge-73        2.9582E-02  2.9603E-02
  ge-74        8.1560E-02  8.1562E-02
  as-75        2.0000E-01  2.0003E-01
  ge-76        5.5758E-01  5.5758E-01
  se-76        1.3566E-02  1.3644E-02
  se-77        1.1867E+00  1.1920E+00
  se-78        3.9506E+00  3.9515E+00
  se-79        7.9200E+00  7.9202E+00
  se-80        2.0319E+01  2.0319E+01
  br-81        3.3681E+01  3.3682E+01
  se-82        5.4120E+01  5.4120E+01
  kr-82        2.0837E+00  2.0981E+00
  kr-83        4.7484E+01  4.7511E+01
  kr-84        1.8565E+02  1.8566E+02
  kr-85        3.8486E+01  3.6095E+01
  kr-85m       5.2952E-02  0.0000E+00
  rb-85        1.4599E+02  1.4844E+02
  kr-86        2.7405E+02  2.7405E+02
  rb-86        1.0798E-01  1.3531E-07
  sr-86        1.2712E+00  1.3792E+00
  kr-87        2.8234E-02  0.0000E+00
  rb-87        3.5872E+02  3.5875E+02
  kr-88        8.2640E-02  0.0000E+00
  sr-88        4.9421E+02  4.9430E+02
  sr-89        4.7922E+01  3.1952E-01
  y-89         6.0756E+02  6.5517E+02
  sr-90        7.9027E+02  7.7147E+02
  y-90         2.3057E-01  1.9569E-01
  zr-90        2.0618E+01  3.9454E+01
  sr-91        5.4882E-01  0.0000E+00
  y-91         8.4165E+01  1.1189E+00
  y-91m        2.7794E-02  0.0000E+00
  zr-91        7.9627E+02  8.7989E+02
  sr-92        1.8017E-01  0.0000E+00
  y-92         2.3806E-01  0.0000E+00
  zr-92        9.9348E+02  9.9389E+02
  y-93         8.4389E-01  0.0000E+00
  zr-93        1.1235E+03  1.1243E+03
  y-94         2.8524E-02  0.0000E+00
  zr-94        1.2540E+03  1.2540E+03
  mo-94        2.8391E-02  2.8391E-02
  zr-95        1.6021E+02  3.0723E+00
  nb-95        8.6743E+01  3.7425E+00
  nb-95m       9.7799E-02  1.9828E-03
  mo-95        1.0424E+03  1.2827E+03
  zr-96        1.3749E+03  1.3749E+03
  nb-96        2.3980E-02  0.0000E+00
  mo-96        1.2267E+02  1.2270E+02
  zr-97        1.9750E+00  0.0000E+00
  nb-97        1.4302E-01  0.0000E+00
  mo-97        1.3938E+03  1.3960E+03
  mo-98        1.5007E+03  1.5007E+03
  tc-98        1.5509E-02  1.5509E-02
  mo-99        9.2752E+00  0.0000E+00
  tc-99        1.2795E+03  1.2895E+03
  tc-99m       7.4881E-01  0.0000E+00
  ru-99        2.4252E-02  2.8816E-02
  mo-100       1.7156E+03  1.7156E+03
  ru-100       3.3288E+02  3.3288E+02
  mo-101       3.4183E-02  0.0000E+00
  tc-101       3.3264E-02  0.0000E+00
  ru-101       1.3980E+03  1.3981E+03
  mo-102       2.6708E-02  0.0000E+00
  ru-102       1.6518E+03  1.6519E+03
  ru-103       1.4677E+02  2.3168E-01
  rh-103       6.1709E+02  7.6377E+02
  rh-103m      1.4415E-01  2.2757E-04
  tc-104       4.2739E-02  0.0000E+00
  ru-104       1.2971E+03  1.2971E+03
  pd-104       7.6490E+02  7.6490E+02
  ru-105       5.6569E-01  0.0000E+00
  rh-105       3.4584E+00  0.0000E+00
  pd-105       7.5903E+02  7.6307E+02
  ru-106       5.4213E+02  2.7437E+02
  pd-106       6.6846E+02  9.3621E+02
  rh-107       2.8980E-02  0.0000E+00
  pd-107       5.9756E+02  5.9759E+02
  pd-108       4.1727E+02  4.1727E+02
  pd-109       7.7089E-01  0.0000E+00
  ag-109       1.7975E+02  1.8052E+02
  pd-110       1.4633E+02  1.4633E+02
  ag-110m      2.4676E+00  8.9540E-01
  cd-110       1.8769E+02  1.8926E+02
  ag-111       1.8649E+00  3.2496E-15
  cd-111       7.5831E+01  7.7700E+01
  pd-112       9.2352E-02  0.0000E+00
  cd-112       3.8802E+01  3.8908E+01
  cd-113       1.4981E-01  1.6047E-01
  cd-114       3.8668E+01  3.8668E+01
  cd-115       7.6832E-02  0.0000E+00
  cd-115m      9.7452E-02  3.3206E-04
  in-115       2.2529E+00  2.4295E+00
  sn-115       4.9957E-01  5.0375E-01
  cd-116       1.2131E+01  1.2131E+01
  sn-116       9.6203E+00  9.6210E+00
  sn-117       1.0755E+01  1.0762E+01
  sn-118       1.0083E+01  1.0084E+01
  sn-119       9.4746E+00  9.5582E+00
  sn-119m      1.4398E-01  6.0676E-02
  sn-120       9.9172E+00  9.9172E+00
  sn-121       2.9033E-02  3.9884E-05
  sn-121m      7.4330E-01  7.3165E-01
  sb-121       8.7183E+00  8.7589E+00
  sn-122       1.2634E+01  1.2634E+01
  te-122       1.3173E+00  1.3353E+00
  sn-123       5.7208E-01  8.0607E-02
  sb-123       1.1295E+01  1.1788E+01
  te-123       1.4240E-02  1.8822E-02
  sn-124       1.9605E+01  1.9605E+01
  sb-124       2.5900E-01  3.8612E-03
  te-124       8.1655E-01  1.0717E+00
  sn-125       2.9810E-01  1.1686E-12
  sb-125       2.1753E+01  1.7154E+01
  te-125       4.3205E+00  9.2313E+00
  te-125m      2.5167E-01  2.3847E-01
  sn-126       4.3933E+01  4.3932E+01
  te-126       1.0523E+00  1.0709E+00
  sb-127       1.0638E+00  0.0000E+00
  te-127       9.1598E-02  3.7241E-04
  te-127m      9.0133E-01  1.0638E-01
  i-127        8.0467E+01  8.2432E+01
  te-128       1.9465E+02  1.9468E+02
  xe-128       1.0823E+01  1.0824E+01
  sb-129       1.4980E-01  0.0000E+00
  te-129       3.7665E-02  2.1768E-06
  te-129m      4.4702E+00  2.3985E-03
  i-129        3.0639E+02  3.1105E+02
  xe-129       1.4620E-01  1.4738E-01
  te-130       7.0904E+02  7.0907E+02
  i-130        6.1152E-02  0.0000E+00
  xe-130       2.7500E+01  2.7562E+01
  sb-131       3.0721E-02  0.0000E+00
  te-131       3.7390E-02  0.0000E+00
  te-131m      7.5083E-01  0.0000E+00
  i-131        2.0582E+01  4.2830E-13
  xe-131       5.5807E+02  5.7985E+02
  xe-131m      3.7495E-01  5.6721E-10
  te-132       1.1431E+01  0.0000E+00
  i-132        3.5276E-01  0.0000E+00
  xe-132       2.2896E+03  2.3014E+03
  te-133       2.1962E-02  0.0000E+00
  te-133m      8.9945E-02  0.0000E+00
  i-133        4.3350E+00  0.0000E+00
  xe-133       2.6195E+01  3.4321E-20
  xe-133m      3.5085E-01  0.0000E+00
  cs-133       1.7274E+03  1.7584E+03
  te-134       1.1785E-01  0.0000E+00
  i-134        2.0201E-01  0.0000E+00
  xe-134       2.7755E+03  2.7758E+03
  cs-134       4.2615E+02  3.0466E+02
  cs-134m      3.0647E-02  0.0000E+00
  ba-134       8.9454E+01  2.1097E+02
  i-135        1.3445E+00  0.0000E+00
  xe-135       1.6844E-01  0.0000E+00
  cs-135       3.1661E+02  3.1814E+02
  ba-135       1.1559E+00  1.1569E+00
  xe-136       4.7864E+03  4.7864E+03
  cs-136       1.7116E+00  7.5466E-09
  ba-136       3.2457E+01  3.4169E+01
  cs-137       2.2817E+03  2.2297E+03
  ba-137       4.5567E+01  9.7549E+01
  xe-138       4.0890E-02  0.0000E+00
  cs-138       1.0768E-01  0.0000E+00
  ba-138       2.3298E+03  2.3299E+03
  la-138       2.9559E-02  2.9559E-02
  cs-139       2.7837E-02  0.0000E+00
  ba-139       2.5667E-01  0.0000E+00
  la-139       2.1422E+03  2.1425E+03
  ba-140       5.4289E+01  1.2954E-07
  la-140       7.6381E+00  1.9634E-08
  ce-140       2.1383E+03  2.2002E+03
  ba-141       5.0818E-02  0.0000E+00
  la-141       6.6033E-01  0.0000E+00
  ce-141       1.2829E+02  5.3463E-02
  pr-141       1.7885E+03  1.9174E+03
  ba-142       2.7055E-02  0.0000E+00
  la-142       2.4226E-01  0.0000E+00
  ce-142       1.9980E+03  1.9983E+03
  pr-142       2.7417E-01  0.0000E+00
  nd-142       7.4281E+01  7.4557E+01
  la-143       3.5360E-02  0.0000E+00
  ce-143       4.9926E+00  0.0000E+00
  pr-143       4.8282E+01  4.2482E-07
  nd-143       8.8994E+02  9.4325E+02
  ce-144       8.4169E+02  3.4610E+02
  pr-144       3.6286E-02  1.4579E-02
  nd-144       1.8193E+03  2.3149E+03
  pr-145       6.3838E-01  0.0000E+00
  nd-145       1.0275E+03  1.0281E+03
  pr-146       3.5770E-02  0.0000E+00
  nd-146       1.3681E+03  1.3682E+03
  nd-147       1.8202E+01  1.7616E-09
  pm-147       2.0003E+02  1.6773E+02
  sm-147       4.2473E+01  9.2991E+01
  nd-148       7.1723E+02  7.1723E+02
  pm-148       3.6357E+00  2.2210E-05
  pm-148m      1.6292E+00  3.5388E-03
  sm-148       2.7652E+02  2.8178E+02
  nd-149       8.2476E-02  0.0000E+00
  pm-149       4.0229E+00  0.0000E+00
  sm-149       2.0751E+00  6.1821E+00
  nd-150       3.5820E+02  3.5820E+02
  sm-150       5.9093E+02  5.9094E+02
  pm-151       7.8349E-01  0.0000E+00
  sm-151       1.5157E+01  1.5824E+01
  eu-151       4.6609E-03  1.2699E-01
  sm-152       1.5013E+02  1.5014E+02
  sm-153       4.0385E+00  0.0000E+00
  eu-153       2.0741E+02  2.1145E+02
  sm-154       1.0758E+02  1.0758E+02
  eu-154       5.5382E+01  5.1094E+01
  gd-154       3.1055E+00  7.3932E+00
  eu-155       1.8540E+01  1.6027E+01
  gd-155       4.8628E-02  2.5651E+00
  sm-156       4.1819E-02  0.0000E+00
  eu-156       2.9263E+01  1.6902E-06
  gd-156       4.1862E+02  4.4793E+02
  eu-157       1.5325E-01  0.0000E+00
  gd-157       3.0978E-01  4.6342E-01
  gd-158       1.0240E+02  1.0240E+02
  gd-159       4.1468E-02  0.0000E+00
  tb-159       8.9783E+00  9.0200E+00
  gd-160       3.3258E+00  3.3258E+00
  tb-160       6.7949E-01  2.0478E-02
  dy-160       7.4730E-01  1.4063E+00
  tb-161       9.4720E-02  1.1326E-17
  dy-161       1.2141E+00  1.3088E+00
  dy-162       1.0251E+00  1.0252E+00
  dy-163       1.0165E+00  1.0165E+00
  dy-164       2.7897E-01  2.7897E-01
  ho-165       7.2863E-01  7.2940E-01
  er-166       2.8502E-01  2.8876E-01
  er-167       1.5410E-02  1.5435E-02
  er-168       4.5962E-02  4.5962E-02
------------
  totals       1.0020E+06  1.0020E+06
=========================================================================================================================
.
.
*************************************************************************************************************************
********************                                                                                 ********************
********************                                                                                 ********************
********************                    Written F71 File Information                                 ********************
********************                                                                                 ********************
********************                                                                                 ********************
*************************************************************************************************************************
.
.
   pos         time        power         flux      fluence       energy libpos   case   step DCGNAB
   (-)          (s)         (MW)    (n/cm2-s)      (n/cm2)        (MWd)    (-)    (-)    (-)    (-)
     1  4.75200e+07  0.00000e+00  0.00000e+00  5.51345e+22  5.86869e+04      1      2      0 DC----
     2  7.90800e+07  0.00000e+00  0.00000e+00  5.51345e+22  5.86869e+04      1      2      1 DC----
    D - state definition present
    C - concentrations present
    G - gamma emission spectra present
    N - neutron emission spectra present
    A - alpha emission spectra present
    B - beta emission spectra present
.
.
.
=========================================================================================================================
ORIGEN finished successfully.
=========================================================================================================================
    module origen used 0.708702 seconds cpu time for the current pass.

    module origen is finished. completion code    0. total cpu time used 3.26573e-006 seconds.


    SCALE is finished on Wed Feb 13 18:32:00 2019.
-------------------------- Summary --------------------------
arp finished. used 2.42196 seconds.
origen finished. used 0.716702 seconds.
SCALE driver required a maximum of 8.293 MiB of RAM.
------------------------ End Summary ------------------------

w17x17_100d.f33 copied to C:\Users\Teddy\Desktop\scale_test\output\w17x17_100d.f33.
discharge.f71 copied to C:\Users\Teddy\Desktop\scale_test\output\discharge.f71.
