 *******************************************************************************
 *                                                                             *
 *                                 SCALE 6.2.2                                 *
 *                                -------------                                *
 *                                February 2019                                *
 *                                                                             *
 *           SCALE:  A Comprehensive Modeling and Simulation Suite             *
 *                   for Nuclear Safety Analysis and Design                    *
 *                                                                             *
 *                      Reactor and Nuclear Systems Division                   *
 *                        Oak Ridge National Laboratory                        *
 *                                                                             *
 *                           http://scale.ornl.gov                             *
 *                            scalehelp@ornl.gov                               *
 *                                                                             *
 *******************************************************************************
 *******************************************************************************
      
                  Job Information
                  ---------------
      Job started on DESKTOP-J14NAA6 on Wed 13/02/2019 18:29:25
      Working directory: C:\Users\Teddy\AppData\Local\Temp\scale.Teddy.440
      Input file name  : C:\Users\Teddy\Desktop\scale_test\output\2.800000_31818.181818.inp
      Output file name : C:\Users\Teddy\Desktop\scale_test\output\2.800000_31818.181818.out
      SCALE executable : C:\SCALE-6.2.2/bin/scale
      
 *******************************************************************************


    module arp will be called on Wed Feb 13 18:29:26 2019.
    sequence specification record:=arp
Input Data:

      'library type
      w17x17
      2.800000
      ' num cycles
      1
      ' num days per cycle
      550
      ' cycle average specific power (MW / MTU)
      57.851240
      ' number of interpolated cross section sets generated per cycle
      1
      ' moderator density (g/cc)
      0.723
      ' interpolated output ORIGEN library
      w17x17_100d.f33
end

1






        ************************************************************************************************************************
        ************************************************************************************************************************
        ************************************************************************************************************************
        *****                                                                                                              *****
        *****                                       program verification information                                       *****
        *****                                                                                                              *****
        *****                                   code system:  SCALE    version:  6.2                                       *****
        *****                                                                                                              *****
        ************************************************************************************************************************
        ************************************************************************************************************************
        *****                                                                                                              *****
        *****                                                                                                              *****
        *****              program:  arp.exe                                                                               *****
        *****                                                                                                              *****
        *****        creation date:   unknown                                                                              *****
        *****                                                                                                              *****
        *****              library:  C:\SCALE-6.2.2\bin                                                                    *****
        *****                                                                                                              *****
        *****                                                                                                              *****
        *****            prod code:  arp.exe                                                                               *****
        *****                                                                                                              *****
        *****              version:  6.2.2                                                                                 *****
        *****                                                                                                              *****
        *****              jobname:  Teddy                                                                                 *****
        *****                                                                                                              *****
        *****         machine name:  DESKTOP-J14NAA6                                                                       *****
        *****                                                                                                              *****
        *****    date of execution:  13_feb_2019                                                                           *****
        *****                                                                                                              *****
        *****    time of execution:  18:29:26.54                                                                           *****
        *****                                                                                                              *****
        *****                                                                                                              *****
        ************************************************************************************************************************
        ************************************************************************************************************************
        ************************************************************************************************************************


 'library type
    data library:       w17x17
       directory:       C:/SCALE-6.2.2/data/\arplibs
       definition:      C:/SCALE-6.2.2/data/\arpdata.txt
    u-235 enrichment:                        2.800

 ' num cycles
    number of cycles:                            1

 ' num days per cycle

 ' cycle average specific power (MW / MTU)

 ' number of interpolated cross section sets generated per cycle

 ' moderator density (g/cc)
    water density (g/cm3):                  0.7230
                                         cycle        cumulative      midpoint
   cycle time(d)        power(MW)      burnup(MWd/MTU)burnup(MWd/MTU)burnup(MWd/MTU)nlib
     1    550.000        57.8512        31818.2        31818.2        15909.1             1

 ' interpolated output ORIGEN library
    interpolated library name:                   w17x17_100d.f33
 interpolation type: spline
 Cross section library interpolation completed.
.
.
.
=========================================================================================================================
ARP finished successfully.
=========================================================================================================================
    module arp used 2.49699 seconds cpu time for the current pass.

    module arp is finished. completion code    0. total cpu time used 1.16633e-005 seconds.



    module origen will be called on Wed Feb 13 18:29:28 2019.
    sequence specification record:=origen
Input Data:

      case(irrad) {
          lib{
              file="w17x17_100d.f33" pos=1
          }
          mat {
              units=GRAMS
              iso=[u235=28000.000000 u238=972000.000000]
          }
          time = [ 550 ]
          power = [ 57.851240 ]
      }
      case (decay) {
          time {
              units=YEARS
              start=0
              t=[1]
          }
          save{ file="discharge.f71" steps=[0 LAST]}
      }
end

1






        ************************************************************************************************************************
        ************************************************************************************************************************
        ************************************************************************************************************************
        *****                                                                                                              *****
        *****                                       program verification information                                       *****
        *****                                                                                                              *****
        *****                                   code system:  SCALE    version:  6.2                                       *****
        *****                                                                                                              *****
        ************************************************************************************************************************
        ************************************************************************************************************************
        *****                                                                                                              *****
        *****                                                                                                              *****
        *****              program:  origen.exe                                                                            *****
        *****                                                                                                              *****
        *****        creation date:   unknown                                                                              *****
        *****                                                                                                              *****
        *****              library:  C:\SCALE-6.2.2\bin                                                                    *****
        *****                                                                                                              *****
        *****                                                                                                              *****
        *****            prod code:  origen.exe                                                                            *****
        *****                                                                                                              *****
        *****              version:  6.2.2                                                                                 *****
        *****                                                                                                              *****
        *****              jobname:  Teddy                                                                                 *****
        *****                                                                                                              *****
        *****         machine name:  DESKTOP-J14NAA6                                                                       *****
        *****                                                                                                              *****
        *****    date of execution:  13_feb_2019                                                                           *****
        *****                                                                                                              *****
        *****    time of execution:  18:29:29.02                                                                           *****
        *****                                                                                                              *****
        *****                                                                                                              *****
        ************************************************************************************************************************
        ************************************************************************************************************************
        ************************************************************************************************************************

*************************************************************************************************************************
********************                                                                                 ********************
********************                                                                                 ********************
********************                    USER INPUT SUMMARY                                           ********************
********************                                                                                 ********************
********************                                                                                 ********************
*************************************************************************************************************************
.
.
=========================================================================================================================
=   Case "irrad" (#1/2)                                                                                                 =
-------------------------------------------------------------------------------------------------------------------------
###   Library settings                                                                                                ###
.
                                Library file name:     C:/Users/Teddy/AppData/Local/Temp/scale.Teddy.440/w17x17_100d.f33
                             Library set position:              1
                 Fission product reaction removal:             no
-------------------------------------------------------------------------------------------------------------------------
###   Global settings                                                                                                 ###
.
                                           Solver:              MATREX
                                             Mode:        forward
                             Fixed fission energy:             no
-------------------------------------------------------------------------------------------------------------------------
###   Concentrations output options                                                                                   ###
.
                            High-precision output:             no
                                  Relative cutoff:            yes
                         Step for applying cutoff:       integral
.
                      light els.   actinides  fis.prods.       total
                       nuc    el   nuc    el   nuc    el   nuc    el             cutoff
gram-atoms                                                                    1.000E-06
grams                                                      **                 1.000E-06
curies                                                                        1.000E-06
watts                                                                         1.000E-06
gamma watts                                                                   1.000E-06
m3 air                                                                        1.000E-06
m3 water                                                                      1.000E-06
grams ppm                                                                     1.000E-06
atoms ppm                                                                     1.000E-06
atoms/barn-cm                                                                 1.000E-06
becquerels                                                                    1.000E-06
-------------------------------------------------------------------------------------------------------------------------
###   Additional output options                                                                                       ###
.
                                      Print k-inf:             no
           Nuclides for absorption fraction print:           none
                              Print fission rates:             no
            Step for sorting absorption fractions:              1
=========================================================================================================================
=   Case "decay" (#2/2)                                                                                                 =
-------------------------------------------------------------------------------------------------------------------------
###   Library settings                                                                                                ###
.
                                Library file name:     C:/Users/Teddy/AppData/Local/Temp/scale.Teddy.440/w17x17_100d.f33
                             Library set position:              1
                 Fission product reaction removal:             no
-------------------------------------------------------------------------------------------------------------------------
###   Global settings                                                                                                 ###
.
                                           Solver:              MATREX
                                             Mode:        forward
                             Fixed fission energy:             no
-------------------------------------------------------------------------------------------------------------------------
###   Concentrations output options                                                                                   ###
.
                            High-precision output:             no
                                  Relative cutoff:            yes
                         Step for applying cutoff:       integral
.
                      light els.   actinides  fis.prods.       total
                       nuc    el   nuc    el   nuc    el   nuc    el             cutoff
gram-atoms                                                                    1.000E-06
grams                                                      **                 1.000E-06
curies                                                                        1.000E-06
watts                                                                         1.000E-06
gamma watts                                                                   1.000E-06
m3 air                                                                        1.000E-06
m3 water                                                                      1.000E-06
grams ppm                                                                     1.000E-06
atoms ppm                                                                     1.000E-06
atoms/barn-cm                                                                 1.000E-06
becquerels                                                                    1.000E-06
-------------------------------------------------------------------------------------------------------------------------
###   Additional output options                                                                                       ###
.
                                      Print k-inf:             no
           Nuclides for absorption fraction print:           none
                              Print fission rates:             no
            Step for sorting absorption fractions:              1
=========================================================================================================================
###   Blending information                                                                                            ###
.
  --- no blending requested in this job ---
=========================================================================================================================
.
.
=========================================================================================================================
=   History overview for case 'irrad' (#1/2)                                                                            =
-------------------------------------------------------------------------------------------------------------------------
   step          t0          t1          dt           t        flux     fluence       power      energy
    (-)         (d)         (d)         (s)         (s)   (n/cm2-s)     (n/cm2)        (MW)       (MWd)
      1      0.0000    550.0000  4.7520E+07  4.7520E+07  5.7502E+14  2.7325E+22  5.7851E+01  3.1818E+04
          
              step - step index within this case
                t0 - time at beginning-of-step in input units
                t1 - time at end-of-step in input units
                dt - length of step in seconds
                 t - end-of-step cumulative time in seconds
              flux - flux in neutrons/cm^2-sec (CALCULATED)
           fluence - cumulative end-of-step fluence in neutrons/cm^2 (CALCULATED)
             power - power in mega-watts (INPUT)     
            energy - cumulative end-of-step energy released in mega-watt-days (INPUT)     
=========================================================================================================================
.
.
.
.
.
*************************************************************************************************************************
********************                                                                                 ********************
********************                                                                                 ********************
********************                    Library information                                          ********************
********************                                                                                 ********************
********************                                                                                 ********************
*************************************************************************************************************************
.
.
=========================================================================================================================
=   Library summary for case 'irrad' (#1/2)                                                                             =
-------------------------------------------------------------------------------------------------------------------------
filename: C:/Users/Teddy/AppData/Local/Temp/scale.Teddy.440/w17x17_100d.f33 cross-section data taken from position number: 1
library title delimited by {}: 
{}
date library was produced: 538976288/538976288/538976288
total number of nuclides in library: 2237
number of light-element nuclides: 910
number of actinide nuclides: 176
number of fission product nuclides: 1151
number of nonzero off-diagonal matrix elements: 54564
=========================================================================================================================
.
.
*************************************************************************************************************************
********************                                                                                 ********************
********************                                                                                 ********************
********************                    Concentration tables                                         ********************
********************                                                                                 ********************
********************                                                                                 ********************
*************************************************************************************************************************
.
.
=========================================================================================================================
=   Nuclide concentrations in grams for case 'irrad' (#1/2)                                                             =
-------------------------------------------------------------------------------------------------------------------------
  (relative cutoff; integral of concentrations over time >   1.00E-06 % of integral of all concentrations over time)
.
                   0.000d    550.000d   
  h-3          0.0000E+00  5.0946E-02
  he-4         0.0000E+00  1.2884E+00
  u-234        0.0000E+00  1.6214E+00
  u-235        2.8000E+04  6.4607E+03
  u-236        0.0000E+00  3.5400E+03
  u-237        0.0000E+00  1.3771E+01
  u-238        9.7200E+05  9.4577E+05
  u-239        0.0000E+00  9.9296E-01
  np-237       0.0000E+00  3.7925E+02
  np-238       0.0000E+00  1.9486E+00
  np-239       0.0000E+00  1.4320E+02
  pu-238       0.0000E+00  1.3555E+02
  pu-239       0.0000E+00  5.1545E+03
  pu-240       0.0000E+00  2.0768E+03
  pu-241       0.0000E+00  1.5614E+03
  pu-242       0.0000E+00  6.1920E+02
  pu-243       0.0000E+00  2.7984E-01
  pu-244       0.0000E+00  3.8194E-02
  am-241       0.0000E+00  2.3747E+01
  am-242m      0.0000E+00  4.0323E-01
  am-242       0.0000E+00  1.2477E-01
  am-243       0.0000E+00  1.1398E+02
  cm-242       0.0000E+00  1.2146E+01
  cm-243       0.0000E+00  2.8959E-01
  cm-244       0.0000E+00  3.8550E+01
  cm-245       0.0000E+00  1.9649E+00
  cm-246       0.0000E+00  2.0127E-01
  ge-73        0.0000E+00  2.0604E-02
  ge-74        0.0000E+00  5.2608E-02
  as-75        0.0000E+00  1.2509E-01
  ge-76        0.0000E+00  3.2564E-01
  se-77        0.0000E+00  7.6291E-01
  se-78        0.0000E+00  2.2246E+00
  se-79        0.0000E+00  4.7338E+00
  se-80        0.0000E+00  1.2268E+01
  br-81        0.0000E+00  2.0526E+01
  se-82        0.0000E+00  3.2262E+01
  kr-82        0.0000E+00  6.1895E-01
  kr-83        0.0000E+00  3.8942E+01
  kr-84        0.0000E+00  1.0526E+02
  kr-85        0.0000E+00  2.4420E+01
  kr-85m       0.0000E+00  3.9360E-02
  rb-85        0.0000E+00  9.3113E+01
  kr-86        0.0000E+00  1.7553E+02
  rb-86        0.0000E+00  3.4368E-02
  sr-86        0.0000E+00  3.7638E-01
  kr-87        0.0000E+00  2.1568E-02
  rb-87        0.0000E+00  2.3073E+02
  kr-88        0.0000E+00  6.4770E-02
  sr-88        0.0000E+00  3.2014E+02
  sr-89        0.0000E+00  3.7512E+01
  y-89         0.0000E+00  3.9940E+02
  sr-90        0.0000E+00  5.1547E+02
  y-90         0.0000E+00  1.4070E-01
  zr-90        0.0000E+00  1.1433E+01
  sr-91        0.0000E+00  4.0855E-01
  y-91         0.0000E+00  6.5894E+01
  y-91m        0.0000E+00  2.0687E-02
  zr-91        0.0000E+00  4.9491E+02
  sr-92        0.0000E+00  1.2853E-01
  y-92         0.0000E+00  1.6983E-01
  zr-92        0.0000E+00  6.1381E+02
  y-93         0.0000E+00  5.7548E-01
  zr-93        0.0000E+00  6.8296E+02
  zr-94        0.0000E+00  7.3627E+02
  zr-95        0.0000E+00  1.1036E+02
  nb-95        0.0000E+00  6.0015E+01
  nb-95m       0.0000E+00  6.7319E-02
  mo-95        0.0000E+00  6.2583E+02
  zr-96        0.0000E+00  7.8717E+02
  mo-96        0.0000E+00  3.4466E+01
  zr-97        0.0000E+00  1.2181E+00
  nb-97        0.0000E+00  8.8088E-02
  mo-97        0.0000E+00  7.8630E+02
  mo-98        0.0000E+00  8.1798E+02
  mo-99        0.0000E+00  5.5375E+00
  tc-99        0.0000E+00  7.8248E+02
  tc-99m       0.0000E+00  4.4509E-01
  ru-99        0.0000E+00  2.8404E-02
  mo-100       0.0000E+00  9.2943E+02
  ru-100       0.0000E+00  9.3062E+01
  ru-101       0.0000E+00  7.7758E+02
  ru-102       0.0000E+00  8.0275E+02
  ru-103       0.0000E+00  7.8111E+01
  rh-103       0.0000E+00  4.6128E+02
  rh-103m      0.0000E+00  7.6698E-02
  tc-104       0.0000E+00  2.1979E-02
  ru-104       0.0000E+00  5.8319E+02
  pd-104       0.0000E+00  2.3422E+02
  ru-105       0.0000E+00  2.7936E-01
  rh-105       0.0000E+00  1.9308E+00
  pd-105       0.0000E+00  3.8913E+02
  ru-106       0.0000E+00  2.3187E+02
  pd-106       0.0000E+00  1.9624E+02
  pd-107       0.0000E+00  2.4181E+02
  pd-108       0.0000E+00  1.6022E+02
  pd-109       0.0000E+00  2.8815E-01
  ag-109       0.0000E+00  8.5593E+01
  pd-110       0.0000E+00  5.2918E+01
  ag-110m      0.0000E+00  7.6692E-01
  cd-110       0.0000E+00  3.6134E+01
  ag-111       0.0000E+00  7.3521E-01
  cd-111       0.0000E+00  2.5676E+01
  pd-112       0.0000E+00  3.7504E-02
  cd-112       0.0000E+00  1.3262E+01
  cd-113       0.0000E+00  1.1864E-01
  cd-114       0.0000E+00  1.5539E+01
  cd-115       0.0000E+00  3.4024E-02
  cd-115m      0.0000E+00  4.1894E-02
  in-115       0.0000E+00  1.9355E+00
  sn-115       0.0000E+00  2.4520E-01
  cd-116       0.0000E+00  5.6921E+00
  sn-116       0.0000E+00  3.3509E+00
  sn-117       0.0000E+00  5.1611E+00
  sn-118       0.0000E+00  4.7997E+00
  sn-119       0.0000E+00  4.6374E+00
  sn-119m      0.0000E+00  8.8609E-02
  sn-120       0.0000E+00  4.7707E+00
  sn-121m      0.0000E+00  3.8045E-01
  sb-121       0.0000E+00  4.5697E+00
  sn-122       0.0000E+00  6.0926E+00
  te-122       0.0000E+00  3.1898E-01
  sn-123       0.0000E+00  2.9912E-01
  sb-123       0.0000E+00  5.7223E+00
  sn-124       0.0000E+00  9.6613E+00
  sb-124       0.0000E+00  6.6859E-02
  te-124       0.0000E+00  1.8714E-01
  sn-125       0.0000E+00  1.5498E-01
  sb-125       0.0000E+00  1.0800E+01
  te-125       0.0000E+00  1.9280E+00
  te-125m      0.0000E+00  1.2178E-01
  sn-126       0.0000E+00  2.1124E+01
  te-126       0.0000E+00  5.1658E-01
  sb-127       0.0000E+00  5.6555E-01
  te-127       0.0000E+00  5.0210E-02
  te-127m      0.0000E+00  8.0701E-01
  i-127        0.0000E+00  4.3617E+01
  te-128       0.0000E+00  9.6956E+01
  xe-128       0.0000E+00  2.5488E+00
  sb-129       0.0000E+00  8.0727E-02
  te-129       0.0000E+00  2.0275E-02
  te-129m      0.0000E+00  2.4180E+00
  i-129        0.0000E+00  1.5848E+02
  te-130       0.0000E+00  3.7676E+02
  xe-130       0.0000E+00  6.5018E+00
  te-131       0.0000E+00  2.1871E-02
  te-131m      0.0000E+00  4.1436E-01
  i-131        0.0000E+00  1.1930E+01
  xe-131       0.0000E+00  4.2620E+02
  xe-131m      0.0000E+00  2.0929E-01
  te-132       0.0000E+00  6.7139E+00
  i-132        0.0000E+00  2.0614E-01
  xe-132       0.0000E+00  1.0890E+03
  te-133m      0.0000E+00  5.5954E-02
  i-133        0.0000E+00  2.5966E+00
  xe-133       0.0000E+00  1.5709E+01
  xe-133m      0.0000E+00  2.0478E-01
  cs-133       0.0000E+00  1.1108E+03
  te-134       0.0000E+00  7.4448E-02
  i-134        0.0000E+00  1.2221E-01
  xe-134       0.0000E+00  1.5055E+03
  cs-134       0.0000E+00  1.3719E+02
  ba-134       0.0000E+00  2.5659E+01
  i-135        0.0000E+00  7.9910E-01
  xe-135       0.0000E+00  1.8360E-01
  cs-135       0.0000E+00  2.1690E+02
  ba-135       0.0000E+00  1.5637E-01
  xe-136       0.0000E+00  2.4562E+03
  cs-136       0.0000E+00  6.5765E-01
  ba-136       0.0000E+00  1.3306E+01
  cs-137       0.0000E+00  1.2279E+03
  ba-137       0.0000E+00  2.2538E+01
  xe-138       0.0000E+00  2.5206E-02
  cs-138       0.0000E+00  6.5741E-02
  ba-138       0.0000E+00  1.2806E+03
  ba-139       0.0000E+00  1.5679E-01
  la-139       0.0000E+00  1.1989E+03
  ba-140       0.0000E+00  3.3390E+01
  la-140       0.0000E+00  4.5352E+00
  ce-140       0.0000E+00  1.1784E+03
  ba-141       0.0000E+00  3.1311E-02
  la-141       0.0000E+00  4.0629E-01
  ce-141       0.0000E+00  7.9878E+01
  pr-141       0.0000E+00  1.0532E+03
  la-142       0.0000E+00  1.5109E-01
  ce-142       0.0000E+00  1.1095E+03
  pr-142       0.0000E+00  8.0857E-02
  nd-142       0.0000E+00  2.0146E+01
  la-143       0.0000E+00  2.2511E-02
  ce-143       0.0000E+00  3.1664E+00
  pr-143       0.0000E+00  3.0915E+01
  nd-143       0.0000E+00  7.4586E+02
  ce-144       0.0000E+00  5.1416E+02
  pr-144       0.0000E+00  2.1923E-02
  nd-144       0.0000E+00  7.8519E+02
  pr-145       0.0000E+00  3.9961E-01
  nd-145       0.0000E+00  6.5890E+02
  pr-146       0.0000E+00  2.1996E-02
  nd-146       0.0000E+00  6.7870E+02
  nd-147       0.0000E+00  1.1210E+01
  pm-147       0.0000E+00  1.9593E+02
  sm-147       0.0000E+00  4.2025E+01
  nd-148       0.0000E+00  3.7560E+02
  pm-148       0.0000E+00  1.9810E+00
  pm-148m      0.0000E+00  1.5459E+00
  sm-148       0.0000E+00  1.1733E+02
  nd-149       0.0000E+00  4.5772E-02
  pm-149       0.0000E+00  2.1123E+00
  sm-149       0.0000E+00  2.1483E+00
  nd-150       0.0000E+00  1.8004E+02
  sm-150       0.0000E+00  3.0752E+02
  pm-151       0.0000E+00  4.1318E-01
  sm-151       0.0000E+00  1.1390E+01
  sm-152       0.0000E+00  1.0917E+02
  sm-153       0.0000E+00  1.6176E+00
  eu-153       0.0000E+00  1.1899E+02
  sm-154       0.0000E+00  4.0931E+01
  eu-154       0.0000E+00  2.5730E+01
  gd-154       0.0000E+00  1.1357E+00
  eu-155       0.0000E+00  9.1364E+00
  gd-155       0.0000E+00  3.8209E-02
  eu-156       0.0000E+00  8.0297E+00
  gd-156       0.0000E+00  9.4820E+01
  eu-157       0.0000E+00  3.5876E-02
  gd-157       0.0000E+00  1.1287E-01
  gd-158       0.0000E+00  2.1259E+01
  tb-159       0.0000E+00  2.6713E+00
  gd-160       0.0000E+00  1.1808E+00
  tb-160       0.0000E+00  1.3102E-01
  dy-160       0.0000E+00  1.7428E-01
  tb-161       0.0000E+00  2.0163E-02
  dy-161       0.0000E+00  3.8525E-01
  dy-162       0.0000E+00  2.9982E-01
  dy-163       0.0000E+00  2.3067E-01
  dy-164       0.0000E+00  4.9586E-02
  ho-165       0.0000E+00  8.9794E-02
  er-166       0.0000E+00  2.5593E-02
------------
  totals       1.0000E+06  1.0002E+06
=========================================================================================================================
.
.
=========================================================================================================================
=   History overview for case 'decay' (#2/2)                                                                            =
-------------------------------------------------------------------------------------------------------------------------
   step          t0          t1          dt           t        flux     fluence       power      energy
    (-)         (y)         (y)         (s)         (s)   (n/cm2-s)     (n/cm2)        (MW)       (MWd)
      1      1.5057      2.5057  3.1560E+07  7.9080E+07  0.0000E+00  2.7325E+22  0.0000E+00  3.1818E+04
          
              step - step index within this case
                t0 - time at beginning-of-step in input units
                t1 - time at end-of-step in input units
                dt - length of step in seconds
                 t - end-of-step cumulative time in seconds
              flux - flux in neutrons/cm^2-sec (CALCULATED)
           fluence - cumulative end-of-step fluence in neutrons/cm^2 (CALCULATED)
             power - power in mega-watts (INPUT)     
            energy - cumulative end-of-step energy released in mega-watt-days (INPUT)     
=========================================================================================================================
.
.
.
.
.
*************************************************************************************************************************
********************                                                                                 ********************
********************                                                                                 ********************
********************                    Library information                                          ********************
********************                                                                                 ********************
********************                                                                                 ********************
*************************************************************************************************************************
.
.
=========================================================================================================================
=   Library summary for case 'decay' (#2/2)                                                                             =
-------------------------------------------------------------------------------------------------------------------------
filename: C:/Users/Teddy/AppData/Local/Temp/scale.Teddy.440/w17x17_100d.f33 cross-section data taken from position number: 1
library title delimited by {}: 
{}
date library was produced: 538976288/538976288/538976288
total number of nuclides in library: 2237
number of light-element nuclides: 910
number of actinide nuclides: 176
number of fission product nuclides: 1151
number of nonzero off-diagonal matrix elements: 54564
=========================================================================================================================
.
.
*************************************************************************************************************************
********************                                                                                 ********************
********************                                                                                 ********************
********************                    Concentration tables                                         ********************
********************                                                                                 ********************
********************                                                                                 ********************
*************************************************************************************************************************
.
.
=========================================================================================================================
=   Nuclide concentrations in grams for case 'decay' (#2/2)                                                             =
-------------------------------------------------------------------------------------------------------------------------
  (relative cutoff; integral of concentrations over time >   1.00E-06 % of integral of all concentrations over time)
.
                   1.506y      2.506y   
  h-3          5.0946E-02  4.8159E-02
  he-4         1.2884E+00  1.4991E+00
  u-234        1.6214E+00  2.7317E+00
  u-235        6.4607E+03  6.4609E+03
  u-236        3.5400E+03  3.5402E+03
  u-237        1.3771E+01  4.6407E-05
  u-238        9.4577E+05  9.4577E+05
  u-239        9.9296E-01  0.0000E+00
  np-237       3.7925E+02  3.9312E+02
  np-238       1.9486E+00  7.4458E-08
  np-239       1.4320E+02  9.8343E-05
  pu-238       1.3555E+02  1.4587E+02
  pu-239       5.1545E+03  5.2985E+03
  pu-240       2.0768E+03  2.0780E+03
  pu-241       1.5614E+03  1.4875E+03
  pu-242       6.1920E+02  6.1922E+02
  pu-243       2.7984E-01  6.9667E-14
  pu-244       3.8194E-02  3.8197E-02
  am-241       2.3747E+01  9.7586E+01
  am-242m      4.0323E-01  4.0125E-01
  am-242       1.2477E-01  5.1770E-06
  am-243       1.1398E+02  1.1425E+02
  cm-242       1.2146E+01  2.5906E+00
  cm-243       2.8959E-01  2.8277E-01
  cm-244       3.8550E+01  3.7122E+01
  cm-245       1.9649E+00  1.9647E+00
  cm-246       2.0127E-01  2.0125E-01
  ge-73        2.0604E-02  2.0616E-02
  ge-74        5.2608E-02  5.2608E-02
  as-75        1.2509E-01  1.2511E-01
  ge-76        3.2564E-01  3.2564E-01
  se-77        7.6291E-01  7.6639E-01
  se-78        2.2246E+00  2.2251E+00
  se-79        4.7338E+00  4.7339E+00
  se-80        1.2268E+01  1.2268E+01
  br-81        2.0526E+01  2.0527E+01
  se-82        3.2262E+01  3.2262E+01
  kr-82        6.1895E-01  6.2338E-01
  kr-83        3.8942E+01  3.8961E+01
  kr-84        1.0526E+02  1.0526E+02
  kr-85        2.4420E+01  2.2904E+01
  kr-85m       3.9360E-02  0.0000E+00
  rb-85        9.3113E+01  9.4669E+01
  kr-86        1.7553E+02  1.7553E+02
  rb-86        3.4368E-02  4.3067E-08
  sr-86        3.7638E-01  4.1075E-01
  kr-87        2.1568E-02  0.0000E+00
  rb-87        2.3073E+02  2.3075E+02
  kr-88        6.4770E-02  0.0000E+00
  sr-88        3.2014E+02  3.2021E+02
  sr-89        3.7512E+01  2.5011E-01
  y-89         3.9940E+02  4.3667E+02
  sr-90        5.1547E+02  5.0321E+02
  y-90         1.4070E-01  1.2765E-01
  zr-90        1.1433E+01  2.3709E+01
  sr-91        4.0855E-01  0.0000E+00
  y-91         6.5894E+01  8.7569E-01
  y-91m        2.0687E-02  0.0000E+00
  zr-91        4.9491E+02  5.6036E+02
  sr-92        1.2853E-01  0.0000E+00
  y-92         1.6983E-01  0.0000E+00
  zr-92        6.1381E+02  6.1411E+02
  y-93         5.7548E-01  0.0000E+00
  zr-93        6.8296E+02  6.8354E+02
  zr-94        7.3627E+02  7.3629E+02
  zr-95        1.1036E+02  2.1164E+00
  nb-95        6.0015E+01  2.5782E+00
  nb-95m       6.7319E-02  1.3659E-03
  mo-95        6.2583E+02  7.9167E+02
  zr-96        7.8717E+02  7.8717E+02
  mo-96        3.4466E+01  3.4475E+01
  zr-97        1.2181E+00  0.0000E+00
  nb-97        8.8088E-02  0.0000E+00
  mo-97        7.8630E+02  7.8761E+02
  mo-98        8.1798E+02  8.1799E+02
  mo-99        5.5375E+00  0.0000E+00
  tc-99        7.8248E+02  7.8846E+02
  tc-99m       4.4509E-01  0.0000E+00
  ru-99        2.8404E-02  3.1190E-02
  mo-100       9.2943E+02  9.2943E+02
  ru-100       9.3062E+01  9.3062E+01
  ru-101       7.7758E+02  7.7762E+02
  ru-102       8.0275E+02  8.0276E+02
  ru-103       7.8111E+01  1.2330E-01
  rh-103       4.6128E+02  5.3934E+02
  rh-103m      7.6698E-02  1.2111E-04
  tc-104       2.1979E-02  0.0000E+00
  ru-104       5.8319E+02  5.8321E+02
  pd-104       2.3422E+02  2.3422E+02
  ru-105       2.7936E-01  0.0000E+00
  rh-105       1.9308E+00  0.0000E+00
  pd-105       3.8913E+02  3.9134E+02
  ru-106       2.3187E+02  1.1735E+02
  pd-106       1.9624E+02  3.1076E+02
  pd-107       2.4181E+02  2.4183E+02
  pd-108       1.6022E+02  1.6022E+02
  pd-109       2.8815E-01  0.0000E+00
  ag-109       8.5593E+01  8.5882E+01
  pd-110       5.2918E+01  5.2918E+01
  ag-110m      7.6692E-01  2.7828E-01
  cd-110       3.6134E+01  3.6623E+01
  ag-111       7.3521E-01  1.2811E-15
  cd-111       2.5676E+01  2.6413E+01
  pd-112       3.7504E-02  0.0000E+00
  cd-112       1.3262E+01  1.3305E+01
  cd-113       1.1864E-01  1.2302E-01
  cd-114       1.5539E+01  1.5539E+01
  cd-115       3.4024E-02  0.0000E+00
  cd-115m      4.1894E-02  1.4276E-04
  in-115       1.9355E+00  2.0125E+00
  sn-115       2.4520E-01  2.4706E-01
  cd-116       5.6921E+00  5.6921E+00
  sn-116       3.3509E+00  3.3513E+00
  sn-117       5.1611E+00  5.1644E+00
  sn-118       4.7997E+00  4.8002E+00
  sn-119       4.6374E+00  4.6888E+00
  sn-119m      8.8609E-02  3.7342E-02
  sn-120       4.7707E+00  4.7707E+00
  sn-121m      3.8045E-01  3.7449E-01
  sb-121       4.5697E+00  4.5908E+00
  sn-122       6.0926E+00  6.0927E+00
  te-122       3.1898E-01  3.2372E-01
  sn-123       2.9912E-01  4.2146E-02
  sb-123       5.7223E+00  5.9797E+00
  sn-124       9.6613E+00  9.6613E+00
  sb-124       6.6859E-02  9.9672E-04
  te-124       1.8714E-01  2.5300E-01
  sn-125       1.5498E-01  6.0756E-13
  sb-125       1.0800E+01  8.5219E+00
  te-125       1.9280E+00  4.3644E+00
  te-125m      1.2178E-01  1.1843E-01
  sn-126       2.1124E+01  2.1124E+01
  te-126       5.1658E-01  5.2463E-01
  sb-127       5.6555E-01  0.0000E+00
  te-127       5.0210E-02  3.1045E-04
  te-127m      8.0701E-01  8.8678E-02
  i-127        4.3617E+01  4.4959E+01
  te-128       9.6956E+01  9.6975E+01
  xe-128       2.5488E+00  2.5490E+00
  sb-129       8.0727E-02  0.0000E+00
  te-129       2.0275E-02  1.1774E-06
  te-129m      2.4180E+00  1.2974E-03
  i-129        1.5848E+02  1.6100E+02
  xe-129       1.6688E-02  1.6832E-02
  te-130       3.7676E+02  3.7677E+02
  xe-130       6.5018E+00  6.5180E+00
  te-131       2.1871E-02  0.0000E+00
  te-131m      4.1436E-01  0.0000E+00
  i-131        1.1930E+01  2.4777E-13
  xe-131       4.2620E+02  4.3879E+02
  xe-131m      2.0929E-01  3.2423E-10
  te-132       6.7139E+00  0.0000E+00
  i-132        2.0614E-01  0.0000E+00
  xe-132       1.0890E+03  1.0959E+03
  te-133m      5.5954E-02  0.0000E+00
  i-133        2.5966E+00  0.0000E+00
  xe-133       1.5709E+01  2.0571E-20
  xe-133m      2.0478E-01  0.0000E+00
  cs-133       1.1108E+03  1.1294E+03
  te-134       7.4448E-02  0.0000E+00
  i-134        1.2221E-01  0.0000E+00
  xe-134       1.5055E+03  1.5057E+03
  cs-134       1.3719E+02  9.8078E+01
  ba-134       2.5659E+01  6.4778E+01
  i-135        7.9910E-01  0.0000E+00
  xe-135       1.8360E-01  0.0000E+00
  cs-135       2.1690E+02  2.1789E+02
  ba-135       1.5637E-01  1.5657E-01
  xe-136       2.4562E+03  2.4562E+03
  cs-136       6.5765E-01  2.8996E-09
  ba-136       1.3306E+01  1.3964E+01
  cs-137       1.2279E+03  1.1999E+03
  ba-137       2.2538E+01  5.0512E+01
  xe-138       2.5206E-02  0.0000E+00
  cs-138       6.5741E-02  0.0000E+00
  ba-138       1.2806E+03  1.2807E+03
  la-138       1.3263E-02  1.3263E-02
  ba-139       1.5679E-01  0.0000E+00
  la-139       1.1989E+03  1.1990E+03
  ba-140       3.3390E+01  7.9675E-08
  la-140       4.5352E+00  1.2076E-08
  ce-140       1.1784E+03  1.2163E+03
  ba-141       3.1311E-02  0.0000E+00
  la-141       4.0629E-01  0.0000E+00
  ce-141       7.9878E+01  3.3285E-02
  pr-141       1.0532E+03  1.1335E+03
  la-142       1.5109E-01  0.0000E+00
  ce-142       1.1095E+03  1.1096E+03
  pr-142       8.0857E-02  0.0000E+00
  nd-142       2.0146E+01  2.0227E+01
  la-143       2.2511E-02  0.0000E+00
  ce-143       3.1664E+00  0.0000E+00
  pr-143       3.0915E+01  2.7175E-07
  nd-143       7.4586E+02  7.7997E+02
  ce-144       5.1416E+02  2.1142E+02
  pr-144       2.1923E-02  8.9055E-03
  nd-144       7.8519E+02  1.0879E+03
  pr-145       3.9961E-01  0.0000E+00
  nd-145       6.5890E+02  6.5931E+02
  pr-146       2.1996E-02  0.0000E+00
  nd-146       6.7870E+02  6.7873E+02
  nd-147       1.1210E+01  1.0849E-09
  pm-147       1.9593E+02  1.5915E+02
  sm-147       4.2025E+01  9.0028E+01
  nd-148       3.7560E+02  3.7560E+02
  pm-148       1.9810E+00  2.1074E-05
  pm-148m      1.5459E+00  3.3577E-03
  sm-148       1.1733E+02  1.2086E+02
  nd-149       4.5772E-02  0.0000E+00
  pm-149       2.1123E+00  0.0000E+00
  sm-149       2.1483E+00  4.3073E+00
  nd-150       1.8004E+02  1.8004E+02
  sm-150       3.0752E+02  3.0752E+02
  pm-151       4.1318E-01  0.0000E+00
  sm-151       1.1390E+01  1.1716E+01
  eu-151       6.9389E-03  9.7511E-02
  sm-152       1.0917E+02  1.0918E+02
  gd-152       1.1443E-02  1.1540E-02
  sm-153       1.6176E+00  0.0000E+00
  eu-153       1.1899E+02  1.2061E+02
  sm-154       4.0931E+01  4.0931E+01
  eu-154       2.5730E+01  2.3737E+01
  gd-154       1.1357E+00  3.1277E+00
  eu-155       9.1364E+00  7.8976E+00
  gd-155       3.8209E-02  1.2783E+00
  eu-156       8.0297E+00  4.6430E-07
  gd-156       9.4820E+01  1.0287E+02
  eu-157       3.5876E-02  0.0000E+00
  gd-157       1.1287E-01  1.4893E-01
  gd-158       2.1259E+01  2.1259E+01
  tb-159       2.6713E+00  2.6815E+00
  gd-160       1.1808E+00  1.1808E+00
  tb-160       1.3102E-01  3.9485E-03
  dy-160       1.7428E-01  3.0135E-01
  tb-161       2.0163E-02  2.4112E-18
  dy-161       3.8525E-01  4.0542E-01
  dy-162       2.9982E-01  2.9982E-01
  dy-163       2.3067E-01  2.3067E-01
  dy-164       4.9586E-02  4.9586E-02
  ho-165       8.9794E-02  8.9866E-02
  er-166       2.5593E-02  2.5906E-02
------------
  totals       1.0002E+06  1.0002E+06
=========================================================================================================================
.
.
*************************************************************************************************************************
********************                                                                                 ********************
********************                                                                                 ********************
********************                    Written F71 File Information                                 ********************
********************                                                                                 ********************
********************                                                                                 ********************
*************************************************************************************************************************
.
.
   pos         time        power         flux      fluence       energy libpos   case   step DCGNAB
   (-)          (s)         (MW)    (n/cm2-s)      (n/cm2)        (MWd)    (-)    (-)    (-)    (-)
     1  4.75200e+07  0.00000e+00  0.00000e+00  2.73249e+22  3.18182e+04      1      2      0 DC----
     2  7.90800e+07  0.00000e+00  0.00000e+00  2.73249e+22  3.18182e+04      1      2      1 DC----
    D - state definition present
    C - concentrations present
    G - gamma emission spectra present
    N - neutron emission spectra present
    A - alpha emission spectra present
    B - beta emission spectra present
.
.
.
=========================================================================================================================
ORIGEN finished successfully.
=========================================================================================================================
    module origen used 0.556467 seconds cpu time for the current pass.

    module origen is finished. completion code    0. total cpu time used 1.02637e-005 seconds.


    SCALE is finished on Wed Feb 13 18:29:29 2019.
-------------------------- Summary --------------------------
arp finished. used 2.51702 seconds.
origen finished. used 0.561752 seconds.
SCALE driver required a maximum of 8.266 MiB of RAM.
------------------------ End Summary ------------------------

w17x17_100d.f33 copied to C:\Users\Teddy\Desktop\scale_test\output\w17x17_100d.f33.
discharge.f71 copied to C:\Users\Teddy\Desktop\scale_test\output\discharge.f71.
