 *******************************************************************************
 *                                                                             *
 *                                 SCALE 6.2.2                                 *
 *                                -------------                                *
 *                                February 2019                                *
 *                                                                             *
 *           SCALE:  A Comprehensive Modeling and Simulation Suite             *
 *                   for Nuclear Safety Analysis and Design                    *
 *                                                                             *
 *                      Reactor and Nuclear Systems Division                   *
 *                        Oak Ridge National Laboratory                        *
 *                                                                             *
 *                           http://scale.ornl.gov                             *
 *                            scalehelp@ornl.gov                               *
 *                                                                             *
 *******************************************************************************
 *******************************************************************************
      
                  Job Information
                  ---------------
      Job started on DESKTOP-J14NAA6 on Wed 13/02/2019 18:28:07
      Working directory: C:\Users\Teddy\AppData\Local\Temp\scale.Teddy.9400
      Input file name  : C:\Users\Teddy\Desktop\scale_test\output\2.800000_16969.696970.inp
      Output file name : C:\Users\Teddy\Desktop\scale_test\output\2.800000_16969.696970.out
      SCALE executable : C:\SCALE-6.2.2/bin/scale
      
 *******************************************************************************


    module arp will be called on Wed Feb 13 18:28:07 2019.
    sequence specification record:=arp
Input Data:

      'library type
      w17x17
      2.800000
      ' num cycles
      1
      ' num days per cycle
      550
      ' cycle average specific power (MW / MTU)
      30.853994
      ' number of interpolated cross section sets generated per cycle
      1
      ' moderator density (g/cc)
      0.723
      ' interpolated output ORIGEN library
      w17x17_100d.f33
end

1






        ************************************************************************************************************************
        ************************************************************************************************************************
        ************************************************************************************************************************
        *****                                                                                                              *****
        *****                                       program verification information                                       *****
        *****                                                                                                              *****
        *****                                   code system:  SCALE    version:  6.2                                       *****
        *****                                                                                                              *****
        ************************************************************************************************************************
        ************************************************************************************************************************
        *****                                                                                                              *****
        *****                                                                                                              *****
        *****              program:  arp.exe                                                                               *****
        *****                                                                                                              *****
        *****        creation date:   unknown                                                                              *****
        *****                                                                                                              *****
        *****              library:  C:\SCALE-6.2.2\bin                                                                    *****
        *****                                                                                                              *****
        *****                                                                                                              *****
        *****            prod code:  arp.exe                                                                               *****
        *****                                                                                                              *****
        *****              version:  6.2.2                                                                                 *****
        *****                                                                                                              *****
        *****              jobname:  Teddy                                                                                 *****
        *****                                                                                                              *****
        *****         machine name:  DESKTOP-J14NAA6                                                                       *****
        *****                                                                                                              *****
        *****    date of execution:  13_feb_2019                                                                           *****
        *****                                                                                                              *****
        *****    time of execution:  18:28:07.63                                                                           *****
        *****                                                                                                              *****
        *****                                                                                                              *****
        ************************************************************************************************************************
        ************************************************************************************************************************
        ************************************************************************************************************************


 'library type
    data library:       w17x17
       directory:       C:/SCALE-6.2.2/data/\arplibs
       definition:      C:/SCALE-6.2.2/data/\arpdata.txt
    u-235 enrichment:                        2.800

 ' num cycles
    number of cycles:                            1

 ' num days per cycle

 ' cycle average specific power (MW / MTU)

 ' number of interpolated cross section sets generated per cycle

 ' moderator density (g/cc)
    water density (g/cm3):                  0.7230
                                         cycle        cumulative      midpoint
   cycle time(d)        power(MW)      burnup(MWd/MTU)burnup(MWd/MTU)burnup(MWd/MTU)nlib
     1    550.000        30.8540        16969.7        16969.7        8484.85             1

 ' interpolated output ORIGEN library
    interpolated library name:                   w17x17_100d.f33
 interpolation type: spline
 Cross section library interpolation completed.
.
.
.
=========================================================================================================================
ARP finished successfully.
=========================================================================================================================
    module arp used 1.83155 seconds cpu time for the current pass.

    module arp is finished. completion code    0. total cpu time used 9.79719e-006 seconds.



    module origen will be called on Wed Feb 13 18:28:09 2019.
    sequence specification record:=origen
Input Data:

      case(irrad) {
          lib{
              file="w17x17_100d.f33" pos=1
          }
          mat {
              units=GRAMS
              iso=[u235=28000.000000 u238=972000.000000]
          }
          time = [ 550 ]
          power = [ 30.853994 ]
      }
      case (decay) {
          time {
              units=YEARS
              start=0
              t=[1]
          }
          save{ file="discharge.f71" steps=[0 LAST]}
      }
end

1






        ************************************************************************************************************************
        ************************************************************************************************************************
        ************************************************************************************************************************
        *****                                                                                                              *****
        *****                                       program verification information                                       *****
        *****                                                                                                              *****
        *****                                   code system:  SCALE    version:  6.2                                       *****
        *****                                                                                                              *****
        ************************************************************************************************************************
        ************************************************************************************************************************
        *****                                                                                                              *****
        *****                                                                                                              *****
        *****              program:  origen.exe                                                                            *****
        *****                                                                                                              *****
        *****        creation date:   unknown                                                                              *****
        *****                                                                                                              *****
        *****              library:  C:\SCALE-6.2.2\bin                                                                    *****
        *****                                                                                                              *****
        *****                                                                                                              *****
        *****            prod code:  origen.exe                                                                            *****
        *****                                                                                                              *****
        *****              version:  6.2.2                                                                                 *****
        *****                                                                                                              *****
        *****              jobname:  Teddy                                                                                 *****
        *****                                                                                                              *****
        *****         machine name:  DESKTOP-J14NAA6                                                                       *****
        *****                                                                                                              *****
        *****    date of execution:  13_feb_2019                                                                           *****
        *****                                                                                                              *****
        *****    time of execution:  18:28:09.46                                                                           *****
        *****                                                                                                              *****
        *****                                                                                                              *****
        ************************************************************************************************************************
        ************************************************************************************************************************
        ************************************************************************************************************************

*************************************************************************************************************************
********************                                                                                 ********************
********************                                                                                 ********************
********************                    USER INPUT SUMMARY                                           ********************
********************                                                                                 ********************
********************                                                                                 ********************
*************************************************************************************************************************
.
.
=========================================================================================================================
=   Case "irrad" (#1/2)                                                                                                 =
-------------------------------------------------------------------------------------------------------------------------
###   Library settings                                                                                                ###
.
                                Library file name:     C:/Users/Teddy/AppData/Local/Temp/scale.Teddy.9400/w17x17_100d.f33
                             Library set position:              1
                 Fission product reaction removal:             no
-------------------------------------------------------------------------------------------------------------------------
###   Global settings                                                                                                 ###
.
                                           Solver:              MATREX
                                             Mode:        forward
                             Fixed fission energy:             no
-------------------------------------------------------------------------------------------------------------------------
###   Concentrations output options                                                                                   ###
.
                            High-precision output:             no
                                  Relative cutoff:            yes
                         Step for applying cutoff:       integral
.
                      light els.   actinides  fis.prods.       total
                       nuc    el   nuc    el   nuc    el   nuc    el             cutoff
gram-atoms                                                                    1.000E-06
grams                                                      **                 1.000E-06
curies                                                                        1.000E-06
watts                                                                         1.000E-06
gamma watts                                                                   1.000E-06
m3 air                                                                        1.000E-06
m3 water                                                                      1.000E-06
grams ppm                                                                     1.000E-06
atoms ppm                                                                     1.000E-06
atoms/barn-cm                                                                 1.000E-06
becquerels                                                                    1.000E-06
-------------------------------------------------------------------------------------------------------------------------
###   Additional output options                                                                                       ###
.
                                      Print k-inf:             no
           Nuclides for absorption fraction print:           none
                              Print fission rates:             no
            Step for sorting absorption fractions:              1
=========================================================================================================================
=   Case "decay" (#2/2)                                                                                                 =
-------------------------------------------------------------------------------------------------------------------------
###   Library settings                                                                                                ###
.
                                Library file name:     C:/Users/Teddy/AppData/Local/Temp/scale.Teddy.9400/w17x17_100d.f33
                             Library set position:              1
                 Fission product reaction removal:             no
-------------------------------------------------------------------------------------------------------------------------
###   Global settings                                                                                                 ###
.
                                           Solver:              MATREX
                                             Mode:        forward
                             Fixed fission energy:             no
-------------------------------------------------------------------------------------------------------------------------
###   Concentrations output options                                                                                   ###
.
                            High-precision output:             no
                                  Relative cutoff:            yes
                         Step for applying cutoff:       integral
.
                      light els.   actinides  fis.prods.       total
                       nuc    el   nuc    el   nuc    el   nuc    el             cutoff
gram-atoms                                                                    1.000E-06
grams                                                      **                 1.000E-06
curies                                                                        1.000E-06
watts                                                                         1.000E-06
gamma watts                                                                   1.000E-06
m3 air                                                                        1.000E-06
m3 water                                                                      1.000E-06
grams ppm                                                                     1.000E-06
atoms ppm                                                                     1.000E-06
atoms/barn-cm                                                                 1.000E-06
becquerels                                                                    1.000E-06
-------------------------------------------------------------------------------------------------------------------------
###   Additional output options                                                                                       ###
.
                                      Print k-inf:             no
           Nuclides for absorption fraction print:           none
                              Print fission rates:             no
            Step for sorting absorption fractions:              1
=========================================================================================================================
###   Blending information                                                                                            ###
.
  --- no blending requested in this job ---
=========================================================================================================================
.
.
=========================================================================================================================
=   History overview for case 'irrad' (#1/2)                                                                            =
-------------------------------------------------------------------------------------------------------------------------
   step          t0          t1          dt           t        flux     fluence       power      energy
    (-)         (d)         (d)         (s)         (s)   (n/cm2-s)     (n/cm2)        (MW)       (MWd)
      1      0.0000    550.0000  4.7520E+07  4.7520E+07  2.8244E+14  1.3422E+22  3.0854E+01  1.6970E+04
          
              step - step index within this case
                t0 - time at beginning-of-step in input units
                t1 - time at end-of-step in input units
                dt - length of step in seconds
                 t - end-of-step cumulative time in seconds
              flux - flux in neutrons/cm^2-sec (CALCULATED)
           fluence - cumulative end-of-step fluence in neutrons/cm^2 (CALCULATED)
             power - power in mega-watts (INPUT)     
            energy - cumulative end-of-step energy released in mega-watt-days (INPUT)     
=========================================================================================================================
.
.
.
.
.
*************************************************************************************************************************
********************                                                                                 ********************
********************                                                                                 ********************
********************                    Library information                                          ********************
********************                                                                                 ********************
********************                                                                                 ********************
*************************************************************************************************************************
.
.
=========================================================================================================================
=   Library summary for case 'irrad' (#1/2)                                                                             =
-------------------------------------------------------------------------------------------------------------------------
filename: C:/Users/Teddy/AppData/Local/Temp/scale.Teddy.9400/w17x17_100d.f33 cross-section data taken from position number: 1
library title delimited by {}: 
{}
date library was produced: 538976288/538976288/538976288
total number of nuclides in library: 2237
number of light-element nuclides: 910
number of actinide nuclides: 176
number of fission product nuclides: 1151
number of nonzero off-diagonal matrix elements: 54564
=========================================================================================================================
.
.
*************************************************************************************************************************
********************                                                                                 ********************
********************                                                                                 ********************
********************                    Concentration tables                                         ********************
********************                                                                                 ********************
********************                                                                                 ********************
*************************************************************************************************************************
.
.
=========================================================================================================================
=   Nuclide concentrations in grams for case 'irrad' (#1/2)                                                             =
-------------------------------------------------------------------------------------------------------------------------
  (relative cutoff; integral of concentrations over time >   1.00E-06 % of integral of all concentrations over time)
.
                   0.000d    550.000d   
  h-3          0.0000E+00  2.5776E-02
  he-4         0.0000E+00  6.3461E-01
  u-234        0.0000E+00  1.0125E+00
  u-235        2.8000E+04  1.3333E+04
  u-236        0.0000E+00  2.5437E+03
  u-237        0.0000E+00  5.5435E+00
  u-238        9.7200E+05  9.5903E+05
  u-239        0.0000E+00  4.9498E-01
  np-237       0.0000E+00  1.6950E+02
  np-238       0.0000E+00  4.4299E-01
  np-239       0.0000E+00  7.1495E+01
  pu-238       0.0000E+00  3.1768E+01
  pu-239       0.0000E+00  4.4877E+03
  pu-240       0.0000E+00  1.2066E+03
  pu-241       0.0000E+00  7.6752E+02
  pu-242       0.0000E+00  1.3931E+02
  pu-243       0.0000E+00  3.1412E-02
  am-241       0.0000E+00  1.3417E+01
  am-242m      0.0000E+00  2.3038E-01
  am-242       0.0000E+00  3.6714E-02
  am-243       0.0000E+00  1.2749E+01
  cm-242       0.0000E+00  3.0432E+00
  cm-243       0.0000E+00  3.7371E-02
  cm-244       0.0000E+00  1.9485E+00
  cm-245       0.0000E+00  5.6292E-02
  ge-74        0.0000E+00  2.6483E-02
  as-75        0.0000E+00  6.8022E-02
  ge-76        0.0000E+00  1.8097E-01
  se-77        0.0000E+00  4.4043E-01
  se-78        0.0000E+00  1.2200E+00
  se-79        0.0000E+00  2.6487E+00
  se-80        0.0000E+00  7.0289E+00
  br-81        0.0000E+00  1.1677E+01
  se-82        0.0000E+00  1.8391E+01
  kr-82        0.0000E+00  1.7622E-01
  kr-83        0.0000E+00  2.5946E+01
  kr-84        0.0000E+00  5.8633E+01
  kr-85        0.0000E+00  1.4558E+01
  kr-85m       0.0000E+00  2.7818E-02
  rb-85        0.0000E+00  5.5729E+01
  kr-86        0.0000E+00  1.0550E+02
  sr-86        0.0000E+00  1.0593E-01
  rb-87        0.0000E+00  1.3892E+02
  kr-88        0.0000E+00  4.7372E-02
  sr-88        0.0000E+00  1.9369E+02
  sr-89        0.0000E+00  2.7432E+01
  y-89         0.0000E+00  2.3482E+02
  sr-90        0.0000E+00  3.1309E+02
  y-90         0.0000E+00  8.2382E-02
  zr-90        0.0000E+00  6.3158E+00
  sr-91        0.0000E+00  2.8808E-01
  y-91         0.0000E+00  4.4601E+01
  zr-91        0.0000E+00  2.9061E+02
  sr-92        0.0000E+00  8.7679E-02
  y-92         0.0000E+00  1.1588E-01
  zr-92        0.0000E+00  3.6029E+02
  y-93         0.0000E+00  3.7808E-01
  zr-93        0.0000E+00  3.9526E+02
  zr-94        0.0000E+00  4.1793E+02
  zr-95        0.0000E+00  6.7279E+01
  nb-95        0.0000E+00  3.6666E+01
  nb-95m       0.0000E+00  4.1021E-02
  mo-95        0.0000E+00  3.5653E+02
  zr-96        0.0000E+00  4.3848E+02
  mo-96        0.0000E+00  9.5561E+00
  zr-97        0.0000E+00  7.2737E-01
  nb-97        0.0000E+00  5.2531E-02
  mo-97        0.0000E+00  4.3129E+02
  mo-98        0.0000E+00  4.3933E+02
  mo-99        0.0000E+00  3.1970E+00
  tc-99        0.0000E+00  4.4166E+02
  tc-99m       0.0000E+00  2.5636E-01
  mo-100       0.0000E+00  4.9570E+02
  ru-100       0.0000E+00  2.5671E+01
  ru-101       0.0000E+00  4.1735E+02
  ru-102       0.0000E+00  3.9853E+02
  ru-103       0.0000E+00  3.8968E+01
  rh-103       0.0000E+00  2.5924E+02
  rh-103m      0.0000E+00  3.8252E-02
  ru-104       0.0000E+00  2.6193E+02
  pd-104       0.0000E+00  6.3211E+01
  ru-105       0.0000E+00  1.2409E-01
  rh-105       0.0000E+00  9.1734E-01
  pd-105       0.0000E+00  1.7949E+02
  ru-106       0.0000E+00  9.1514E+01
  pd-106       0.0000E+00  6.2572E+01
  pd-107       0.0000E+00  9.1940E+01
  pd-108       0.0000E+00  5.8084E+01
  pd-109       0.0000E+00  1.0159E-01
  ag-109       0.0000E+00  3.4319E+01
  pd-110       0.0000E+00  1.8920E+01
  ag-110m      0.0000E+00  1.8172E-01
  cd-110       0.0000E+00  6.9117E+00
  ag-111       0.0000E+00  2.7814E-01
  cd-111       0.0000E+00  9.2709E+00
  cd-112       0.0000E+00  5.0283E+00
  cd-113       0.0000E+00  9.6289E-02
  cd-114       0.0000E+00  6.5113E+00
  in-115       0.0000E+00  1.3655E+00
  sn-115       0.0000E+00  1.1508E-01
  cd-116       0.0000E+00  2.6202E+00
  sn-116       0.0000E+00  1.0329E+00
  sn-117       0.0000E+00  2.4073E+00
  sn-118       0.0000E+00  2.2611E+00
  sn-119       0.0000E+00  2.2230E+00
  sn-119m      0.0000E+00  4.2947E-02
  sn-120       0.0000E+00  2.2757E+00
  sn-121m      0.0000E+00  1.7963E-01
  sb-121       0.0000E+00  2.2401E+00
  sn-122       0.0000E+00  2.8844E+00
  te-122       0.0000E+00  7.6461E-02
  sn-123       0.0000E+00  1.3188E-01
  sb-123       0.0000E+00  2.7864E+00
  sn-124       0.0000E+00  4.6132E+00
  te-124       0.0000E+00  4.4909E-02
  sn-125       0.0000E+00  7.5314E-02
  sb-125       0.0000E+00  5.0761E+00
  te-125       0.0000E+00  8.8895E-01
  te-125m      0.0000E+00  5.6759E-02
  sn-126       0.0000E+00  9.8200E+00
  te-126       0.0000E+00  2.5702E-01
  sb-127       0.0000E+00  2.8487E-01
  te-127       0.0000E+00  2.6119E-02
  te-127m      0.0000E+00  6.1647E-01
  i-127        0.0000E+00  2.1632E+01
  te-128       0.0000E+00  4.6901E+01
  xe-128       0.0000E+00  6.0181E-01
  sb-129       0.0000E+00  4.1294E-02
  te-129m      0.0000E+00  1.2437E+00
  i-129        0.0000E+00  7.7303E+01
  te-130       0.0000E+00  1.9683E+02
  xe-130       0.0000E+00  1.6184E+00
  te-131m      0.0000E+00  2.1993E-01
  i-131        0.0000E+00  6.6483E+00
  xe-131       0.0000E+00  2.6256E+02
  xe-131m      0.0000E+00  1.1210E-01
  te-132       0.0000E+00  3.7926E+00
  i-132        0.0000E+00  1.1583E-01
  xe-132       0.0000E+00  5.2504E+02
  te-133m      0.0000E+00  3.3500E-02
  i-133        0.0000E+00  1.4972E+00
  xe-133       0.0000E+00  9.0644E+00
  xe-133m      0.0000E+00  1.1581E-01
  cs-133       0.0000E+00  6.3848E+02
  te-134       0.0000E+00  4.5209E-02
  i-134        0.0000E+00  7.1243E-02
  xe-134       0.0000E+00  8.0807E+02
  cs-134       0.0000E+00  3.9746E+01
  ba-134       0.0000E+00  7.1547E+00
  i-135        0.0000E+00  4.5643E-01
  xe-135       0.0000E+00  1.7817E-01
  cs-135       0.0000E+00  1.8487E+02
  ba-135       0.0000E+00  2.1385E-02
  xe-136       0.0000E+00  1.2176E+03
  cs-136       0.0000E+00  2.8692E-01
  ba-136       0.0000E+00  5.5069E+00
  cs-137       0.0000E+00  6.5323E+02
  ba-137       0.0000E+00  1.1661E+01
  cs-138       0.0000E+00  3.8738E-02
  ba-138       0.0000E+00  6.9502E+02
  ba-139       0.0000E+00  9.2491E-02
  la-139       0.0000E+00  6.5672E+02
  ba-140       0.0000E+00  1.9821E+01
  la-140       0.0000E+00  2.6491E+00
  ce-140       0.0000E+00  6.3298E+02
  la-141       0.0000E+00  2.4217E-01
  ce-141       0.0000E+00  4.7902E+01
  pr-141       0.0000E+00  5.7111E+02
  la-142       0.0000E+00  9.1204E-02
  ce-142       0.0000E+00  6.0674E+02
  pr-142       0.0000E+00  2.2052E-02
  nd-142       0.0000E+00  5.3548E+00
  ce-143       0.0000E+00  1.9469E+00
  pr-143       0.0000E+00  1.9099E+01
  nd-143       0.0000E+00  4.9119E+02
  ce-144       0.0000E+00  2.9634E+02
  nd-144       0.0000E+00  3.5193E+02
  pr-145       0.0000E+00  2.4243E-01
  nd-145       0.0000E+00  3.8751E+02
  nd-146       0.0000E+00  3.4867E+02
  nd-147       0.0000E+00  6.6223E+00
  pm-147       0.0000E+00  1.4337E+02
  sm-147       0.0000E+00  3.0795E+01
  nd-148       0.0000E+00  1.9745E+02
  pm-148       0.0000E+00  7.7541E-01
  pm-148m      0.0000E+00  1.0283E+00
  sm-148       0.0000E+00  4.2448E+01
  nd-149       0.0000E+00  2.4913E-02
  pm-149       0.0000E+00  1.0021E+00
  sm-149       0.0000E+00  1.9901E+00
  nd-150       0.0000E+00  9.0597E+01
  sm-150       0.0000E+00  1.4934E+02
  pm-151       0.0000E+00  2.0796E-01
  sm-151       0.0000E+00  8.9803E+00
  sm-152       0.0000E+00  6.8350E+01
  sm-153       0.0000E+00  5.6880E-01
  eu-153       0.0000E+00  5.2740E+01
  sm-154       0.0000E+00  1.6921E+01
  eu-154       0.0000E+00  8.5786E+00
  gd-154       0.0000E+00  3.5459E-01
  eu-155       0.0000E+00  3.7218E+00
  gd-155       0.0000E+00  2.7881E-02
  eu-156       0.0000E+00  1.8641E+00
  gd-156       0.0000E+00  2.3459E+01
  gd-157       0.0000E+00  5.3010E-02
  gd-158       0.0000E+00  6.2751E+00
  tb-159       0.0000E+00  9.3691E-01
  gd-160       0.0000E+00  4.2143E-01
  tb-160       0.0000E+00  2.0934E-02
  dy-160       0.0000E+00  3.3003E-02
  dy-161       0.0000E+00  1.4695E-01
  dy-162       0.0000E+00  1.0226E-01
  dy-163       0.0000E+00  6.1552E-02
------------
  totals       1.0000E+06  1.0001E+06
=========================================================================================================================
.
.
=========================================================================================================================
=   History overview for case 'decay' (#2/2)                                                                            =
-------------------------------------------------------------------------------------------------------------------------
   step          t0          t1          dt           t        flux     fluence       power      energy
    (-)         (y)         (y)         (s)         (s)   (n/cm2-s)     (n/cm2)        (MW)       (MWd)
      1      1.5057      2.5057  3.1560E+07  7.9080E+07  0.0000E+00  1.3422E+22  0.0000E+00  1.6970E+04
          
              step - step index within this case
                t0 - time at beginning-of-step in input units
                t1 - time at end-of-step in input units
                dt - length of step in seconds
                 t - end-of-step cumulative time in seconds
              flux - flux in neutrons/cm^2-sec (CALCULATED)
           fluence - cumulative end-of-step fluence in neutrons/cm^2 (CALCULATED)
             power - power in mega-watts (INPUT)     
            energy - cumulative end-of-step energy released in mega-watt-days (INPUT)     
=========================================================================================================================
.
.
.
.
.
*************************************************************************************************************************
********************                                                                                 ********************
********************                                                                                 ********************
********************                    Library information                                          ********************
********************                                                                                 ********************
********************                                                                                 ********************
*************************************************************************************************************************
.
.
=========================================================================================================================
=   Library summary for case 'decay' (#2/2)                                                                             =
-------------------------------------------------------------------------------------------------------------------------
filename: C:/Users/Teddy/AppData/Local/Temp/scale.Teddy.9400/w17x17_100d.f33 cross-section data taken from position number: 1
library title delimited by {}: 
{}
date library was produced: 538976288/538976288/538976288
total number of nuclides in library: 2237
number of light-element nuclides: 910
number of actinide nuclides: 176
number of fission product nuclides: 1151
number of nonzero off-diagonal matrix elements: 54564
=========================================================================================================================
.
.
*************************************************************************************************************************
********************                                                                                 ********************
********************                                                                                 ********************
********************                    Concentration tables                                         ********************
********************                                                                                 ********************
********************                                                                                 ********************
*************************************************************************************************************************
.
.
=========================================================================================================================
=   Nuclide concentrations in grams for case 'decay' (#2/2)                                                             =
-------------------------------------------------------------------------------------------------------------------------
  (relative cutoff; integral of concentrations over time >   1.00E-06 % of integral of all concentrations over time)
.
                   1.506y      2.506y   
  h-3          2.5776E-02  2.4366E-02
  he-4         6.3461E-01  6.8558E-01
  u-234        1.0125E+00  1.2735E+00
  u-235        1.3333E+04  1.3333E+04
  u-236        2.5437E+03  2.5438E+03
  u-237        5.5435E+00  2.2812E-05
  u-238        9.5903E+05  9.5903E+05
  u-239        4.9498E-01  0.0000E+00
  np-237       1.6950E+02  1.7510E+02
  np-238       4.4299E-01  4.2540E-08
  np-239       7.1495E+01  1.1000E-05
  pu-238       3.1768E+01  3.4330E+01
  pu-239       4.4877E+03  4.5596E+03
  pu-240       1.2066E+03  1.2066E+03
  pu-241       7.6752E+02  7.3118E+02
  pu-242       1.3931E+02  1.3931E+02
  pu-243       3.1412E-02  4.3147E-16
  am-241       1.3417E+01  4.9709E+01
  am-242m      2.3038E-01  2.2925E-01
  am-242       3.6714E-02  2.9578E-06
  am-243       1.2749E+01  1.2779E+01
  cm-242       3.0432E+00  6.5032E-01
  cm-243       3.7371E-02  3.6492E-02
  cm-244       1.9485E+00  1.8764E+00
  cm-245       5.6292E-02  5.6288E-02
  ge-73        1.0287E-02  1.0293E-02
  ge-74        2.6483E-02  2.6483E-02
  as-75        6.8022E-02  6.8033E-02
  ge-76        1.8097E-01  1.8097E-01
  se-77        4.4043E-01  4.4265E-01
  se-78        1.2200E+00  1.2204E+00
  se-79        2.6487E+00  2.6488E+00
  se-80        7.0289E+00  7.0289E+00
  br-81        1.1677E+01  1.1677E+01
  se-82        1.8391E+01  1.8391E+01
  kr-82        1.7622E-01  1.7750E-01
  kr-83        2.5946E+01  2.5959E+01
  kr-84        5.8633E+01  5.8636E+01
  kr-85        1.4558E+01  1.3655E+01
  kr-85m       2.7818E-02  0.0000E+00
  rb-85        5.5729E+01  5.6660E+01
  kr-86        1.0550E+02  1.0550E+02
  sr-86        1.0593E-01  1.1611E-01
  rb-87        1.3892E+02  1.3894E+02
  kr-88        4.7372E-02  0.0000E+00
  sr-88        1.9369E+02  1.9374E+02
  sr-89        2.7432E+01  1.8291E-01
  y-89         2.3482E+02  2.6208E+02
  sr-90        3.1309E+02  3.0564E+02
  y-90         8.2382E-02  7.7529E-02
  zr-90        6.3158E+00  1.3769E+01
  sr-91        2.8808E-01  0.0000E+00
  y-91         4.4601E+01  5.9288E-01
  zr-91        2.9061E+02  3.3493E+02
  sr-92        8.7679E-02  0.0000E+00
  y-92         1.1588E-01  0.0000E+00
  zr-92        3.6029E+02  3.6049E+02
  y-93         3.7808E-01  0.0000E+00
  zr-93        3.9526E+02  3.9564E+02
  zr-94        4.1793E+02  4.1794E+02
  zr-95        6.7279E+01  1.2902E+00
  nb-95        3.6666E+01  1.5718E+00
  nb-95m       4.1021E-02  8.3266E-04
  mo-95        3.5653E+02  4.5770E+02
  zr-96        4.3848E+02  4.3848E+02
  mo-96        9.5561E+00  9.5588E+00
  zr-97        7.2737E-01  0.0000E+00
  nb-97        5.2531E-02  0.0000E+00
  mo-97        4.3129E+02  4.3207E+02
  mo-98        4.3933E+02  4.3933E+02
  mo-99        3.1970E+00  0.0000E+00
  tc-99        4.4166E+02  4.4511E+02
  tc-99m       2.5636E-01  0.0000E+00
  ru-99        1.5655E-02  1.7230E-02
  mo-100       4.9570E+02  4.9570E+02
  ru-100       2.5671E+01  2.5671E+01
  ru-101       4.1735E+02  4.1737E+02
  ru-102       3.9853E+02  3.9854E+02
  ru-103       3.8968E+01  6.1513E-02
  rh-103       2.5924E+02  2.9818E+02
  rh-103m      3.8252E-02  6.0421E-05
  ru-104       2.6193E+02  2.6194E+02
  pd-104       6.3211E+01  6.3211E+01
  ru-105       1.2409E-01  0.0000E+00
  rh-105       9.1734E-01  0.0000E+00
  pd-105       1.7949E+02  1.8054E+02
  ru-106       9.1514E+01  4.6315E+01
  pd-106       6.2572E+01  1.0777E+02
  pd-107       9.1940E+01  9.1946E+01
  pd-108       5.8084E+01  5.8085E+01
  pd-109       1.0159E-01  0.0000E+00
  ag-109       3.4319E+01  3.4421E+01
  pd-110       1.8920E+01  1.8920E+01
  ag-110m      1.8172E-01  6.5937E-02
  cd-110       6.9117E+00  7.0275E+00
  ag-111       2.7814E-01  4.8470E-16
  cd-111       9.2709E+00  9.5497E+00
  cd-112       5.0283E+00  5.0460E+00
  cd-113       9.6289E-02  9.8136E-02
  cd-114       6.5113E+00  6.5114E+00
  in-115       1.3655E+00  1.4012E+00
  sn-115       1.1508E-01  1.1595E-01
  cd-116       2.6202E+00  2.6202E+00
  sn-116       1.0329E+00  1.0331E+00
  sn-117       2.4073E+00  2.4089E+00
  sn-118       2.2611E+00  2.2613E+00
  sn-119       2.2230E+00  2.2479E+00
  sn-119m      4.2947E-02  1.8099E-02
  sn-120       2.2757E+00  2.2757E+00
  sn-121m      1.7963E-01  1.7682E-01
  sb-121       2.2401E+00  2.2505E+00
  sn-122       2.8844E+00  2.8844E+00
  te-122       7.6461E-02  7.7613E-02
  sn-123       1.3188E-01  1.8582E-02
  sb-123       2.7864E+00  2.8999E+00
  sn-124       4.6132E+00  4.6132E+00
  te-124       4.4909E-02  6.1021E-02
  sn-125       7.5314E-02  2.9525E-13
  sb-125       5.0761E+00  4.0074E+00
  te-125       8.8895E-01  2.0342E+00
  te-125m      5.6759E-02  5.5684E-02
  sn-126       9.8200E+00  9.8200E+00
  te-126       2.5702E-01  2.6091E-01
  sb-127       2.8487E-01  0.0000E+00
  te-127       2.6119E-02  2.2841E-04
  te-127m      6.1647E-01  6.5244E-02
  i-127        2.1632E+01  2.2498E+01
  te-128       4.6901E+01  4.6910E+01
  xe-128       6.0181E-01  6.0187E-01
  sb-129       4.1294E-02  0.0000E+00
  te-129m      1.2437E+00  6.6727E-04
  i-129        7.7303E+01  7.8598E+01
  te-130       1.9683E+02  1.9684E+02
  xe-130       1.6184E+00  1.6225E+00
  te-131m      2.1993E-01  0.0000E+00
  i-131        6.6483E+00  1.3782E-13
  xe-131       2.6256E+02  2.6957E+02
  xe-131m      1.1210E-01  1.7813E-10
  te-132       3.7926E+00  0.0000E+00
  i-132        1.1583E-01  0.0000E+00
  xe-132       5.2504E+02  5.2895E+02
  te-133m      3.3500E-02  0.0000E+00
  i-133        1.4972E+00  0.0000E+00
  xe-133       9.0644E+00  1.1865E-20
  xe-133m      1.1581E-01  0.0000E+00
  cs-133       6.3848E+02  6.4920E+02
  te-134       4.5209E-02  0.0000E+00
  i-134        7.1243E-02  0.0000E+00
  xe-134       8.0807E+02  8.0819E+02
  cs-134       3.9746E+01  2.8415E+01
  ba-134       7.1547E+00  1.8488E+01
  i-135        4.5643E-01  0.0000E+00
  xe-135       1.7817E-01  0.0000E+00
  cs-135       1.8487E+02  1.8551E+02
  ba-135       2.1385E-02  2.1460E-02
  xe-136       1.2176E+03  1.2176E+03
  cs-136       2.8692E-01  1.2650E-09
  ba-136       5.5069E+00  5.7939E+00
  cs-137       6.5323E+02  6.3835E+02
  ba-137       1.1661E+01  2.6543E+01
  cs-138       3.8738E-02  0.0000E+00
  ba-138       6.9502E+02  6.9507E+02
  ba-139       9.2491E-02  0.0000E+00
  la-139       6.5672E+02  6.5682E+02
  ba-140       1.9821E+01  4.7297E-08
  la-140       2.6491E+00  7.1685E-09
  ce-140       6.3298E+02  6.5545E+02
  la-141       2.4217E-01  0.0000E+00
  ce-141       4.7902E+01  1.9960E-02
  pr-141       5.7111E+02  6.1925E+02
  la-142       9.1204E-02  0.0000E+00
  ce-142       6.0674E+02  6.0684E+02
  pr-142       2.2052E-02  0.0000E+00
  nd-142       5.3548E+00  5.3770E+00
  ce-143       1.9469E+00  0.0000E+00
  pr-143       1.9099E+01  1.6780E-07
  nd-143       4.9119E+02  5.1225E+02
  ce-144       2.9634E+02  1.2186E+02
  nd-144       3.5193E+02  5.2642E+02
  pr-145       2.4243E-01  0.0000E+00
  nd-145       3.8751E+02  3.8776E+02
  nd-146       3.4867E+02  3.4870E+02
  nd-147       6.6223E+00  6.4091E-10
  pm-147       1.4337E+02  1.1523E+02
  sm-147       3.0795E+01  6.5569E+01
  nd-148       1.9745E+02  1.9745E+02
  pm-148       7.7541E-01  1.4018E-05
  pm-148m      1.0283E+00  2.2336E-03
  sm-148       4.2448E+01  4.4250E+01
  nd-149       2.4913E-02  0.0000E+00
  pm-149       1.0021E+00  0.0000E+00
  sm-149       1.9901E+00  3.0176E+00
  nd-150       9.0597E+01  9.0597E+01
  sm-150       1.4934E+02  1.4934E+02
  pm-151       2.0796E-01  0.0000E+00
  sm-151       8.9803E+00  9.1193E+00
  eu-151       1.0724E-02  8.1228E-02
  sm-152       6.8350E+01  6.8352E+01
  gd-152       1.2207E-02  1.2334E-02
  sm-153       5.6880E-01  0.0000E+00
  eu-153       5.2740E+01  5.3309E+01
  sm-154       1.6921E+01  1.6921E+01
  eu-154       8.5786E+00  7.9144E+00
  gd-154       3.5459E-01  1.0187E+00
  eu-155       3.7218E+00  3.2172E+00
  gd-155       2.7881E-02  5.3304E-01
  eu-156       1.8641E+00  1.0801E-07
  gd-156       2.3459E+01  2.5331E+01
  gd-157       5.3010E-02  6.3205E-02
  gd-158       6.2751E+00  6.2754E+00
  tb-159       9.3691E-01  9.4024E-01
  gd-160       4.2143E-01  4.2143E-01
  tb-160       2.0934E-02  6.3089E-04
  dy-160       3.3003E-02  5.3305E-02
  dy-161       1.4695E-01  1.5302E-01
  dy-162       1.0226E-01  1.0226E-01
  dy-163       6.1552E-02  6.1554E-02
  dy-164       1.3750E-02  1.3750E-02
  ho-165       1.8439E-02  1.8450E-02
------------
  totals       1.0001E+06  1.0001E+06
=========================================================================================================================
.
.
*************************************************************************************************************************
********************                                                                                 ********************
********************                                                                                 ********************
********************                    Written F71 File Information                                 ********************
********************                                                                                 ********************
********************                                                                                 ********************
*************************************************************************************************************************
.
.
   pos         time        power         flux      fluence       energy libpos   case   step DCGNAB
   (-)          (s)         (MW)    (n/cm2-s)      (n/cm2)        (MWd)    (-)    (-)    (-)    (-)
     1  4.75200e+07  0.00000e+00  0.00000e+00  1.34217e+22  1.69697e+04      1      2      0 DC----
     2  7.90800e+07  0.00000e+00  0.00000e+00  1.34217e+22  1.69697e+04      1      2      1 DC----
    D - state definition present
    C - concentrations present
    G - gamma emission spectra present
    N - neutron emission spectra present
    A - alpha emission spectra present
    B - beta emission spectra present
.
.
.
=========================================================================================================================
ORIGEN finished successfully.
=========================================================================================================================
    module origen used 0.397045 seconds cpu time for the current pass.

    module origen is finished. completion code    0. total cpu time used 4.1988e-006 seconds.


    SCALE is finished on Wed Feb 13 18:28:09 2019.
-------------------------- Summary --------------------------
arp finished. used 1.83733 seconds.
origen finished. used 0.39887 seconds.
SCALE driver required a maximum of 8.297 MiB of RAM.
------------------------ End Summary ------------------------

w17x17_100d.f33 copied to C:\Users\Teddy\Desktop\scale_test\output\w17x17_100d.f33.
discharge.f71 copied to C:\Users\Teddy\Desktop\scale_test\output\discharge.f71.
