 *******************************************************************************
 *                                                                             *
 *                                 SCALE 6.2.2                                 *
 *                                -------------                                *
 *                                February 2019                                *
 *                                                                             *
 *           SCALE:  A Comprehensive Modeling and Simulation Suite             *
 *                   for Nuclear Safety Analysis and Design                    *
 *                                                                             *
 *                      Reactor and Nuclear Systems Division                   *
 *                        Oak Ridge National Laboratory                        *
 *                                                                             *
 *                           http://scale.ornl.gov                             *
 *                            scalehelp@ornl.gov                               *
 *                                                                             *
 *******************************************************************************
 *******************************************************************************
      
                  Job Information
                  ---------------
      Job started on DESKTOP-J14NAA6 on Wed 13/02/2019 18:27:45
      Working directory: C:\Users\Teddy\AppData\Local\Temp\scale.Teddy.11804
      Input file name  : C:\Users\Teddy\Desktop\scale_test\output\2.800000_12020.202020.inp
      Output file name : C:\Users\Teddy\Desktop\scale_test\output\2.800000_12020.202020.out
      SCALE executable : C:\SCALE-6.2.2/bin/scale
      
 *******************************************************************************


    module arp will be called on Wed Feb 13 18:27:45 2019.
    sequence specification record:=arp
Input Data:

      'library type
      w17x17
      2.800000
      ' num cycles
      1
      ' num days per cycle
      550
      ' cycle average specific power (MW / MTU)
      21.854913
      ' number of interpolated cross section sets generated per cycle
      1
      ' moderator density (g/cc)
      0.723
      ' interpolated output ORIGEN library
      w17x17_100d.f33
end

1






        ************************************************************************************************************************
        ************************************************************************************************************************
        ************************************************************************************************************************
        *****                                                                                                              *****
        *****                                       program verification information                                       *****
        *****                                                                                                              *****
        *****                                   code system:  SCALE    version:  6.2                                       *****
        *****                                                                                                              *****
        ************************************************************************************************************************
        ************************************************************************************************************************
        *****                                                                                                              *****
        *****                                                                                                              *****
        *****              program:  arp.exe                                                                               *****
        *****                                                                                                              *****
        *****        creation date:   unknown                                                                              *****
        *****                                                                                                              *****
        *****              library:  C:\SCALE-6.2.2\bin                                                                    *****
        *****                                                                                                              *****
        *****                                                                                                              *****
        *****            prod code:  arp.exe                                                                               *****
        *****                                                                                                              *****
        *****              version:  6.2.2                                                                                 *****
        *****                                                                                                              *****
        *****              jobname:  Teddy                                                                                 *****
        *****                                                                                                              *****
        *****         machine name:  DESKTOP-J14NAA6                                                                       *****
        *****                                                                                                              *****
        *****    date of execution:  13_feb_2019                                                                           *****
        *****                                                                                                              *****
        *****    time of execution:  18:27:46.03                                                                           *****
        *****                                                                                                              *****
        *****                                                                                                              *****
        ************************************************************************************************************************
        ************************************************************************************************************************
        ************************************************************************************************************************


 'library type
    data library:       w17x17
       directory:       C:/SCALE-6.2.2/data/\arplibs
       definition:      C:/SCALE-6.2.2/data/\arpdata.txt
    u-235 enrichment:                        2.800

 ' num cycles
    number of cycles:                            1

 ' num days per cycle

 ' cycle average specific power (MW / MTU)

 ' number of interpolated cross section sets generated per cycle

 ' moderator density (g/cc)
    water density (g/cm3):                  0.7230
                                         cycle        cumulative      midpoint
   cycle time(d)        power(MW)      burnup(MWd/MTU)burnup(MWd/MTU)burnup(MWd/MTU)nlib
     1    550.000        21.8549        12020.2        12020.2        6010.10             1

 ' interpolated output ORIGEN library
    interpolated library name:                   w17x17_100d.f33
 interpolation type: spline
 Cross section library interpolation completed.
.
.
.
=========================================================================================================================
ARP finished successfully.
=========================================================================================================================
    module arp used 1.88919 seconds cpu time for the current pass.

    module arp is finished. completion code    0. total cpu time used 1.25964e-005 seconds.



    module origen will be called on Wed Feb 13 18:27:47 2019.
    sequence specification record:=origen
Input Data:

      case(irrad) {
          lib{
              file="w17x17_100d.f33" pos=1
          }
          mat {
              units=GRAMS
              iso=[u235=28000.000000 u238=972000.000000]
          }
          time = [ 550 ]
          power = [ 21.854913 ]
      }
      case (decay) {
          time {
              units=YEARS
              start=0
              t=[1]
          }
          save{ file="discharge.f71" steps=[0 LAST]}
      }
end

1






        ************************************************************************************************************************
        ************************************************************************************************************************
        ************************************************************************************************************************
        *****                                                                                                              *****
        *****                                       program verification information                                       *****
        *****                                                                                                              *****
        *****                                   code system:  SCALE    version:  6.2                                       *****
        *****                                                                                                              *****
        ************************************************************************************************************************
        ************************************************************************************************************************
        *****                                                                                                              *****
        *****                                                                                                              *****
        *****              program:  origen.exe                                                                            *****
        *****                                                                                                              *****
        *****        creation date:   unknown                                                                              *****
        *****                                                                                                              *****
        *****              library:  C:\SCALE-6.2.2\bin                                                                    *****
        *****                                                                                                              *****
        *****                                                                                                              *****
        *****            prod code:  origen.exe                                                                            *****
        *****                                                                                                              *****
        *****              version:  6.2.2                                                                                 *****
        *****                                                                                                              *****
        *****              jobname:  Teddy                                                                                 *****
        *****                                                                                                              *****
        *****         machine name:  DESKTOP-J14NAA6                                                                       *****
        *****                                                                                                              *****
        *****    date of execution:  13_feb_2019                                                                           *****
        *****                                                                                                              *****
        *****    time of execution:  18:27:47.93                                                                           *****
        *****                                                                                                              *****
        *****                                                                                                              *****
        ************************************************************************************************************************
        ************************************************************************************************************************
        ************************************************************************************************************************

*************************************************************************************************************************
********************                                                                                 ********************
********************                                                                                 ********************
********************                    USER INPUT SUMMARY                                           ********************
********************                                                                                 ********************
********************                                                                                 ********************
*************************************************************************************************************************
.
.
=========================================================================================================================
=   Case "irrad" (#1/2)                                                                                                 =
-------------------------------------------------------------------------------------------------------------------------
###   Library settings                                                                                                ###
.
                                Library file name:     C:/Users/Teddy/AppData/Local/Temp/scale.Teddy.11804/w17x17_100d.f33
                             Library set position:              1
                 Fission product reaction removal:             no
-------------------------------------------------------------------------------------------------------------------------
###   Global settings                                                                                                 ###
.
                                           Solver:              MATREX
                                             Mode:        forward
                             Fixed fission energy:             no
-------------------------------------------------------------------------------------------------------------------------
###   Concentrations output options                                                                                   ###
.
                            High-precision output:             no
                                  Relative cutoff:            yes
                         Step for applying cutoff:       integral
.
                      light els.   actinides  fis.prods.       total
                       nuc    el   nuc    el   nuc    el   nuc    el             cutoff
gram-atoms                                                                    1.000E-06
grams                                                      **                 1.000E-06
curies                                                                        1.000E-06
watts                                                                         1.000E-06
gamma watts                                                                   1.000E-06
m3 air                                                                        1.000E-06
m3 water                                                                      1.000E-06
grams ppm                                                                     1.000E-06
atoms ppm                                                                     1.000E-06
atoms/barn-cm                                                                 1.000E-06
becquerels                                                                    1.000E-06
-------------------------------------------------------------------------------------------------------------------------
###   Additional output options                                                                                       ###
.
                                      Print k-inf:             no
           Nuclides for absorption fraction print:           none
                              Print fission rates:             no
            Step for sorting absorption fractions:              1
=========================================================================================================================
=   Case "decay" (#2/2)                                                                                                 =
-------------------------------------------------------------------------------------------------------------------------
###   Library settings                                                                                                ###
.
                                Library file name:     C:/Users/Teddy/AppData/Local/Temp/scale.Teddy.11804/w17x17_100d.f33
                             Library set position:              1
                 Fission product reaction removal:             no
-------------------------------------------------------------------------------------------------------------------------
###   Global settings                                                                                                 ###
.
                                           Solver:              MATREX
                                             Mode:        forward
                             Fixed fission energy:             no
-------------------------------------------------------------------------------------------------------------------------
###   Concentrations output options                                                                                   ###
.
                            High-precision output:             no
                                  Relative cutoff:            yes
                         Step for applying cutoff:       integral
.
                      light els.   actinides  fis.prods.       total
                       nuc    el   nuc    el   nuc    el   nuc    el             cutoff
gram-atoms                                                                    1.000E-06
grams                                                      **                 1.000E-06
curies                                                                        1.000E-06
watts                                                                         1.000E-06
gamma watts                                                                   1.000E-06
m3 air                                                                        1.000E-06
m3 water                                                                      1.000E-06
grams ppm                                                                     1.000E-06
atoms ppm                                                                     1.000E-06
atoms/barn-cm                                                                 1.000E-06
becquerels                                                                    1.000E-06
-------------------------------------------------------------------------------------------------------------------------
###   Additional output options                                                                                       ###
.
                                      Print k-inf:             no
           Nuclides for absorption fraction print:           none
                              Print fission rates:             no
            Step for sorting absorption fractions:              1
=========================================================================================================================
###   Blending information                                                                                            ###
.
  --- no blending requested in this job ---
=========================================================================================================================
.
.
=========================================================================================================================
=   History overview for case 'irrad' (#1/2)                                                                            =
-------------------------------------------------------------------------------------------------------------------------
   step          t0          t1          dt           t        flux     fluence       power      energy
    (-)         (d)         (d)         (s)         (s)   (n/cm2-s)     (n/cm2)        (MW)       (MWd)
      1      0.0000    550.0000  4.7520E+07  4.7520E+07  1.9330E+14  9.1855E+21  2.1855E+01  1.2020E+04
          
              step - step index within this case
                t0 - time at beginning-of-step in input units
                t1 - time at end-of-step in input units
                dt - length of step in seconds
                 t - end-of-step cumulative time in seconds
              flux - flux in neutrons/cm^2-sec (CALCULATED)
           fluence - cumulative end-of-step fluence in neutrons/cm^2 (CALCULATED)
             power - power in mega-watts (INPUT)     
            energy - cumulative end-of-step energy released in mega-watt-days (INPUT)     
=========================================================================================================================
.
.
.
.
.
*************************************************************************************************************************
********************                                                                                 ********************
********************                                                                                 ********************
********************                    Library information                                          ********************
********************                                                                                 ********************
********************                                                                                 ********************
*************************************************************************************************************************
.
.
=========================================================================================================================
=   Library summary for case 'irrad' (#1/2)                                                                             =
-------------------------------------------------------------------------------------------------------------------------
filename: C:/Users/Teddy/AppData/Local/Temp/scale.Teddy.11804/w17x17_100d.f33 cross-section data taken from position number: 1
library title delimited by {}: 
{}
date library was produced: 538976288/538976288/538976288
total number of nuclides in library: 2237
number of light-element nuclides: 910
number of actinide nuclides: 176
number of fission product nuclides: 1151
number of nonzero off-diagonal matrix elements: 54564
=========================================================================================================================
.
.
*************************************************************************************************************************
********************                                                                                 ********************
********************                                                                                 ********************
********************                    Concentration tables                                         ********************
********************                                                                                 ********************
********************                                                                                 ********************
*************************************************************************************************************************
.
.
=========================================================================================================================
=   Nuclide concentrations in grams for case 'irrad' (#1/2)                                                             =
-------------------------------------------------------------------------------------------------------------------------
  (relative cutoff; integral of concentrations over time >   1.00E-06 % of integral of all concentrations over time)
.
                   0.000d    550.000d   
  he-4         0.0000E+00  4.3537E-01
  u-234        0.0000E+00  7.5728E-01
  u-235        2.8000E+04  1.6686E+04
  u-236        0.0000E+00  1.9890E+03
  u-237        0.0000E+00  3.2186E+00
  u-238        9.7200E+05  9.6310E+05
  u-239        0.0000E+00  3.4070E-01
  np-237       0.0000E+00  1.0346E+02
  np-238       0.0000E+00  1.8795E-01
  np-239       0.0000E+00  4.9234E+01
  pu-238       0.0000E+00  1.3697E+01
  pu-239       0.0000E+00  3.8992E+03
  pu-240       0.0000E+00  8.2002E+02
  pu-241       0.0000E+00  4.3234E+02
  pu-242       0.0000E+00  5.2245E+01
  am-241       0.0000E+00  7.7777E+00
  am-242m      0.0000E+00  1.3379E-01
  am-243       0.0000E+00  3.2368E+00
  cm-242       0.0000E+00  1.1752E+00
  cm-244       0.0000E+00  3.2812E-01
  as-75        0.0000E+00  4.7988E-02
  ge-76        0.0000E+00  1.2931E-01
  se-77        0.0000E+00  3.1844E-01
  se-78        0.0000E+00  8.6936E-01
  se-79        0.0000E+00  1.8954E+00
  se-80        0.0000E+00  5.0900E+00
  br-81        0.0000E+00  8.4097E+00
  se-82        0.0000E+00  1.3305E+01
  kr-82        0.0000E+00  8.8408E-02
  kr-83        0.0000E+00  1.9725E+01
  kr-84        0.0000E+00  4.2213E+01
  kr-85        0.0000E+00  1.0725E+01
  kr-85m       0.0000E+00  2.1858E-02
  rb-85        0.0000E+00  4.1122E+01
  kr-86        0.0000E+00  7.7997E+01
  sr-86        0.0000E+00  5.2753E-02
  rb-87        0.0000E+00  1.0276E+02
  kr-88        0.0000E+00  3.7662E-02
  sr-88        0.0000E+00  1.4354E+02
  sr-89        0.0000E+00  2.1803E+01
  y-89         0.0000E+00  1.7207E+02
  sr-90        0.0000E+00  2.3233E+02
  y-90         0.0000E+00  6.0448E-02
  zr-90        0.0000E+00  4.5373E+00
  sr-91        0.0000E+00  2.2619E-01
  y-91         0.0000E+00  3.4386E+01
  zr-91        0.0000E+00  2.1287E+02
  sr-92        0.0000E+00  6.8039E-02
  y-92         0.0000E+00  8.9925E-02
  zr-92        0.0000E+00  2.6398E+02
  y-93         0.0000E+00  2.8926E-01
  zr-93        0.0000E+00  2.8784E+02
  zr-94        0.0000E+00  3.0226E+02
  zr-95        0.0000E+00  4.9862E+01
  nb-95        0.0000E+00  2.7192E+01
  nb-95m       0.0000E+00  3.0396E-02
  mo-95        0.0000E+00  2.5750E+02
  zr-96        0.0000E+00  3.1471E+02
  mo-96        0.0000E+00  4.7217E+00
  zr-97        0.0000E+00  5.3570E-01
  nb-97        0.0000E+00  3.8661E-02
  mo-97        0.0000E+00  3.0734E+02
  mo-98        0.0000E+00  3.1053E+02
  mo-99        0.0000E+00  2.3210E+00
  tc-99        0.0000E+00  3.1688E+02
  tc-99m       0.0000E+00  1.8599E-01
  mo-100       0.0000E+00  3.4920E+02
  ru-100       0.0000E+00  1.2647E+01
  ru-101       0.0000E+00  2.9411E+02
  ru-102       0.0000E+00  2.7297E+02
  ru-103       0.0000E+00  2.6254E+01
  rh-103       0.0000E+00  1.8199E+02
  rh-103m      0.0000E+00  2.5769E-02
  ru-104       0.0000E+00  1.6989E+02
  pd-104       0.0000E+00  3.0487E+01
  ru-105       0.0000E+00  7.7921E-02
  rh-105       0.0000E+00  5.8880E-01
  pd-105       0.0000E+00  1.1523E+02
  ru-106       0.0000E+00  5.4623E+01
  pd-106       0.0000E+00  3.4538E+01
  pd-107       0.0000E+00  5.3415E+01
  pd-108       0.0000E+00  3.2810E+01
  pd-109       0.0000E+00  5.6551E-02
  ag-109       0.0000E+00  1.9976E+01
  pd-110       0.0000E+00  1.0704E+01
  ag-110m      0.0000E+00  7.7228E-02
  cd-110       0.0000E+00  2.7461E+00
  ag-111       0.0000E+00  1.6034E-01
  cd-111       0.0000E+00  5.3381E+00
  cd-112       0.0000E+00  3.0021E+00
  cd-113       0.0000E+00  8.4029E-02
  cd-114       0.0000E+00  4.0699E+00
  in-115       0.0000E+00  1.0453E+00
  sn-115       0.0000E+00  7.5993E-02
  cd-116       0.0000E+00  1.7127E+00
  sn-116       0.0000E+00  5.2095E-01
  sn-117       0.0000E+00  1.5841E+00
  sn-118       0.0000E+00  1.5026E+00
  sn-119       0.0000E+00  1.4886E+00
  sn-119m      0.0000E+00  2.8773E-02
  sn-120       0.0000E+00  1.5229E+00
  sn-121m      0.0000E+00  1.1834E-01
  sb-121       0.0000E+00  1.5056E+00
  sn-122       0.0000E+00  1.9169E+00
  te-122       0.0000E+00  3.5304E-02
  sn-123       0.0000E+00  8.1707E-02
  sb-123       0.0000E+00  1.8731E+00
  sn-124       0.0000E+00  3.0684E+00
  te-124       0.0000E+00  2.1067E-02
  sn-125       0.0000E+00  4.9435E-02
  sb-125       0.0000E+00  3.3427E+00
  te-125       0.0000E+00  5.8505E-01
  te-125m      0.0000E+00  3.7312E-02
  sn-126       0.0000E+00  6.4298E+00
  te-126       0.0000E+00  1.7593E-01
  sb-127       0.0000E+00  1.9106E-01
  te-127m      0.0000E+00  4.7563E-01
  i-127        0.0000E+00  1.4424E+01
  te-128       0.0000E+00  3.1350E+01
  xe-128       0.0000E+00  2.7061E-01
  sb-129       0.0000E+00  2.8045E-02
  te-129m      0.0000E+00  8.4731E-01
  i-129        0.0000E+00  5.1839E+01
  te-130       0.0000E+00  1.3724E+02
  xe-130       0.0000E+00  7.7053E-01
  te-131m      0.0000E+00  1.5142E-01
  i-131        0.0000E+00  4.7357E+00
  xe-131       0.0000E+00  1.9269E+02
  xe-131m      0.0000E+00  7.8674E-02
  te-132       0.0000E+00  2.7215E+00
  i-132        0.0000E+00  8.2877E-02
  xe-132       0.0000E+00  3.5545E+02
  te-133m      0.0000E+00  2.4734E-02
  i-133        0.0000E+00  1.0856E+00
  xe-133       0.0000E+00  6.5737E+00
  xe-133m      0.0000E+00  8.3156E-02
  cs-133       0.0000E+00  4.6018E+02
  te-134       0.0000E+00  3.3651E-02
  i-134        0.0000E+00  5.1969E-02
  xe-134       0.0000E+00  5.7145E+02
  cs-134       0.0000E+00  1.9804E+01
  ba-134       0.0000E+00  3.5263E+00
  i-135        0.0000E+00  3.2989E-01
  xe-135       0.0000E+00  1.6453E-01
  cs-135       0.0000E+00  1.6571E+02
  xe-136       0.0000E+00  8.1671E+02
  cs-136       0.0000E+00  1.7801E-01
  ba-136       0.0000E+00  3.3221E+00
  cs-137       0.0000E+00  4.5994E+02
  ba-137       0.0000E+00  8.1331E+00
  cs-138       0.0000E+00  2.8403E-02
  ba-138       0.0000E+00  4.9383E+02
  ba-139       0.0000E+00  6.7854E-02
  la-139       0.0000E+00  4.6815E+02
  ba-140       0.0000E+00  1.4576E+01
  la-140       0.0000E+00  1.9390E+00
  ce-140       0.0000E+00  4.4807E+02
  la-141       0.0000E+00  1.7821E-01
  ce-141       0.0000E+00  3.5317E+01
  pr-141       0.0000E+00  4.0450E+02
  la-142       0.0000E+00  6.7492E-02
  ce-142       0.0000E+00  4.3258E+02
  nd-142       0.0000E+00  2.6120E+00
  ce-143       0.0000E+00  1.4534E+00
  pr-143       0.0000E+00  1.4279E+01
  nd-143       0.0000E+00  3.7110E+02
  ce-144       0.0000E+00  2.1560E+02
  nd-144       0.0000E+00  2.3173E+02
  pr-145       0.0000E+00  1.8008E-01
  nd-145       0.0000E+00  2.8288E+02
  nd-146       0.0000E+00  2.4356E+02
  nd-147       0.0000E+00  4.8585E+00
  pm-147       0.0000E+00  1.1246E+02
  sm-147       0.0000E+00  2.4054E+01
  nd-148       0.0000E+00  1.3868E+02
  pm-148       0.0000E+00  4.3117E-01
  pm-148m      0.0000E+00  7.4300E-01
  sm-148       0.0000E+00  2.3420E+01
  pm-149       0.0000E+00  6.6249E-01
  sm-149       0.0000E+00  1.8756E+00
  nd-150       0.0000E+00  6.2270E+01
  sm-150       0.0000E+00  1.0033E+02
  pm-151       0.0000E+00  1.4167E-01
  sm-151       0.0000E+00  7.7526E+00
  sm-152       0.0000E+00  4.9257E+01
  sm-153       0.0000E+00  3.1025E-01
  eu-153       0.0000E+00  3.0671E+01
  sm-154       0.0000E+00  1.0688E+01
  eu-154       0.0000E+00  4.0462E+00
  gd-154       0.0000E+00  1.6226E-01
  eu-155       0.0000E+00  2.2221E+00
  gd-155       0.0000E+00  2.3118E-02
  eu-156       0.0000E+00  8.4299E-01
  gd-156       0.0000E+00  1.1412E+01
  gd-157       0.0000E+00  3.8915E-02
  gd-158       0.0000E+00  3.4647E+00
  tb-159       0.0000E+00  5.3233E-01
  gd-160       0.0000E+00  2.3836E-01
  dy-161       0.0000E+00  8.8119E-02
  dy-162       0.0000E+00  5.6857E-02
  dy-163       0.0000E+00  3.0861E-02
------------
  totals       1.0000E+06  1.0000E+06
=========================================================================================================================
.
.
=========================================================================================================================
=   History overview for case 'decay' (#2/2)                                                                            =
-------------------------------------------------------------------------------------------------------------------------
   step          t0          t1          dt           t        flux     fluence       power      energy
    (-)         (y)         (y)         (s)         (s)   (n/cm2-s)     (n/cm2)        (MW)       (MWd)
      1      1.5057      2.5057  3.1560E+07  7.9080E+07  0.0000E+00  9.1855E+21  0.0000E+00  1.2020E+04
          
              step - step index within this case
                t0 - time at beginning-of-step in input units
                t1 - time at end-of-step in input units
                dt - length of step in seconds
                 t - end-of-step cumulative time in seconds
              flux - flux in neutrons/cm^2-sec (CALCULATED)
           fluence - cumulative end-of-step fluence in neutrons/cm^2 (CALCULATED)
             power - power in mega-watts (INPUT)     
            energy - cumulative end-of-step energy released in mega-watt-days (INPUT)     
=========================================================================================================================
.
.
.
.
.
*************************************************************************************************************************
********************                                                                                 ********************
********************                                                                                 ********************
********************                    Library information                                          ********************
********************                                                                                 ********************
********************                                                                                 ********************
*************************************************************************************************************************
.
.
=========================================================================================================================
=   Library summary for case 'decay' (#2/2)                                                                             =
-------------------------------------------------------------------------------------------------------------------------
filename: C:/Users/Teddy/AppData/Local/Temp/scale.Teddy.11804/w17x17_100d.f33 cross-section data taken from position number: 1
library title delimited by {}: 
{}
date library was produced: 538976288/538976288/538976288
total number of nuclides in library: 2237
number of light-element nuclides: 910
number of actinide nuclides: 176
number of fission product nuclides: 1151
number of nonzero off-diagonal matrix elements: 54564
=========================================================================================================================
.
.
*************************************************************************************************************************
********************                                                                                 ********************
********************                                                                                 ********************
********************                    Concentration tables                                         ********************
********************                                                                                 ********************
********************                                                                                 ********************
*************************************************************************************************************************
.
.
=========================================================================================================================
=   Nuclide concentrations in grams for case 'decay' (#2/2)                                                             =
-------------------------------------------------------------------------------------------------------------------------
  (relative cutoff; integral of concentrations over time >   1.00E-06 % of integral of all concentrations over time)
.
                   1.506y      2.506y   
  h-3          1.7749E-02  1.6778E-02
  he-4         4.3537E-01  4.5683E-01
  u-234        7.5728E-01  8.6935E-01
  u-235        1.6686E+04  1.6686E+04
  u-236        1.9890E+03  1.9891E+03
  u-237        3.2186E+00  1.2850E-05
  u-238        9.6310E+05  9.6310E+05
  u-239        3.4070E-01  0.0000E+00
  np-237       1.0346E+02  1.0671E+02
  np-238       1.8795E-01  2.4704E-08
  np-239       4.9234E+01  2.7929E-06
  pu-238       1.3697E+01  1.4693E+01
  pu-239       3.8992E+03  3.9486E+03
  pu-240       8.2002E+02  8.1995E+02
  pu-241       4.3234E+02  4.1186E+02
  pu-242       5.2245E+01  5.2248E+01
  am-241       7.7777E+00  2.8221E+01
  am-242m      1.3379E-01  1.3313E-01
  am-243       3.2368E+00  3.2446E+00
  cm-242       1.1752E+00  2.5136E-01
  cm-244       3.2812E-01  3.1599E-01
  ge-74        1.8091E-02  1.8091E-02
  as-75        4.7988E-02  4.7995E-02
  ge-76        1.2931E-01  1.2931E-01
  se-77        3.1844E-01  3.2010E-01
  se-78        8.6936E-01  8.6962E-01
  se-79        1.8954E+00  1.8954E+00
  se-80        5.0900E+00  5.0900E+00
  br-81        8.4097E+00  8.4101E+00
  se-82        1.3305E+01  1.3305E+01
  kr-82        8.8408E-02  8.9054E-02
  kr-83        1.9725E+01  1.9734E+01
  kr-84        4.2213E+01  4.2215E+01
  kr-85        1.0725E+01  1.0060E+01
  kr-85m       2.1858E-02  0.0000E+00
  rb-85        4.1122E+01  4.1809E+01
  kr-86        7.7997E+01  7.7997E+01
  sr-86        5.2753E-02  5.7920E-02
  rb-87        1.0276E+02  1.0277E+02
  kr-88        3.7662E-02  0.0000E+00
  sr-88        1.4354E+02  1.4358E+02
  sr-89        2.1803E+01  1.4538E-01
  y-89         1.7207E+02  1.9373E+02
  sr-90        2.3233E+02  2.2681E+02
  y-90         6.0448E-02  5.7533E-02
  zr-90        4.5373E+00  1.0067E+01
  sr-91        2.2619E-01  0.0000E+00
  y-91         3.4386E+01  4.5715E-01
  zr-91        2.1287E+02  2.4704E+02
  sr-92        6.8039E-02  0.0000E+00
  y-92         8.9925E-02  0.0000E+00
  zr-92        2.6398E+02  2.6413E+02
  y-93         2.8926E-01  0.0000E+00
  zr-93        2.8784E+02  2.8813E+02
  zr-94        3.0226E+02  3.0227E+02
  zr-95        4.9862E+01  9.5619E-01
  nb-95        2.7192E+01  1.1649E+00
  nb-95m       3.0396E-02  6.1710E-04
  mo-95        2.5750E+02  3.3251E+02
  zr-96        3.1471E+02  3.1471E+02
  mo-96        4.7217E+00  4.7231E+00
  zr-97        5.3570E-01  0.0000E+00
  nb-97        3.8661E-02  0.0000E+00
  mo-97        3.0734E+02  3.0792E+02
  mo-98        3.1053E+02  3.1053E+02
  mo-99        2.3210E+00  0.0000E+00
  tc-99        3.1688E+02  3.1939E+02
  tc-99m       1.8599E-01  0.0000E+00
  ru-99        1.1155E-02  1.2286E-02
  mo-100       3.4920E+02  3.4920E+02
  ru-100       1.2647E+01  1.2647E+01
  ru-101       2.9411E+02  2.9413E+02
  ru-102       2.7297E+02  2.7297E+02
  ru-103       2.6254E+01  4.1444E-02
  rh-103       1.8199E+02  2.0823E+02
  rh-103m      2.5769E-02  4.0708E-05
  ru-104       1.6989E+02  1.6989E+02
  pd-104       3.0487E+01  3.0487E+01
  ru-105       7.7921E-02  0.0000E+00
  rh-105       5.8880E-01  0.0000E+00
  pd-105       1.1523E+02  1.1590E+02
  ru-106       5.4623E+01  2.7645E+01
  pd-106       3.4538E+01  6.1516E+01
  pd-107       5.3415E+01  5.3419E+01
  pd-108       3.2810E+01  3.2810E+01
  pd-109       5.6551E-02  0.0000E+00
  ag-109       1.9976E+01  2.0032E+01
  pd-110       1.0704E+01  1.0704E+01
  ag-110m      7.7228E-02  2.8023E-02
  cd-110       2.7461E+00  2.7953E+00
  ag-111       1.6034E-01  2.7942E-16
  cd-111       5.3381E+00  5.4988E+00
  cd-112       3.0021E+00  3.0128E+00
  cd-113       8.4029E-02  8.5167E-02
  cd-114       4.0699E+00  4.0699E+00
  in-115       1.0453E+00  1.0686E+00
  sn-115       7.5993E-02  7.6563E-02
  cd-116       1.7127E+00  1.7127E+00
  sn-116       5.2095E-01  5.2101E-01
  sn-117       1.5841E+00  1.5851E+00
  sn-118       1.5026E+00  1.5027E+00
  sn-119       1.4886E+00  1.5053E+00
  sn-119m      2.8773E-02  1.2125E-02
  sn-120       1.5229E+00  1.5229E+00
  sn-121m      1.1834E-01  1.1648E-01
  sb-121       1.5056E+00  1.5125E+00
  sn-122       1.9169E+00  1.9169E+00
  te-122       3.5304E-02  3.5836E-02
  sn-123       8.1707E-02  1.1513E-02
  sb-123       1.8731E+00  1.9435E+00
  sn-124       3.0684E+00  3.0684E+00
  te-124       2.1067E-02  2.8583E-02
  sn-125       4.9435E-02  1.9380E-13
  sb-125       3.3427E+00  2.6388E+00
  te-125       5.8505E-01  1.3391E+00
  te-125m      3.7312E-02  3.6667E-02
  sn-126       6.4298E+00  6.4298E+00
  te-126       1.7593E-01  1.7857E-01
  sb-127       1.9106E-01  0.0000E+00
  te-127m      4.7563E-01  4.9850E-02
  i-127        1.4424E+01  1.5061E+01
  te-128       3.1350E+01  3.1357E+01
  xe-128       2.7061E-01  2.7064E-01
  sb-129       2.8045E-02  0.0000E+00
  te-129m      8.4731E-01  4.5461E-04
  i-129        5.1839E+01  5.2721E+01
  te-130       1.3724E+02  1.3725E+02
  xe-130       7.7053E-01  7.7247E-01
  te-131m      1.5142E-01  0.0000E+00
  i-131        4.7357E+00  9.8046E-14
  xe-131       1.9269E+02  1.9767E+02
  xe-131m      7.8674E-02  1.2618E-10
  te-132       2.7215E+00  0.0000E+00
  i-132        8.2877E-02  0.0000E+00
  xe-132       3.5545E+02  3.5826E+02
  te-133m      2.4734E-02  0.0000E+00
  i-133        1.0856E+00  0.0000E+00
  xe-133       6.5737E+00  8.6037E-21
  xe-133m      8.3156E-02  0.0000E+00
  cs-133       4.6018E+02  4.6795E+02
  te-134       3.3651E-02  0.0000E+00
  i-134        5.1969E-02  0.0000E+00
  xe-134       5.7145E+02  5.7154E+02
  cs-134       1.9804E+01  1.4158E+01
  ba-134       3.5263E+00  9.1735E+00
  i-135        3.2989E-01  0.0000E+00
  xe-135       1.6453E-01  0.0000E+00
  cs-135       1.6571E+02  1.6621E+02
  xe-136       8.1671E+02  8.1671E+02
  cs-136       1.7801E-01  7.8488E-10
  ba-136       3.3221E+00  3.5001E+00
  cs-137       4.5994E+02  4.4947E+02
  ba-137       8.1331E+00  1.8612E+01
  cs-138       2.8403E-02  0.0000E+00
  ba-138       4.9383E+02  4.9387E+02
  ba-139       6.7854E-02  0.0000E+00
  la-139       4.6815E+02  4.6823E+02
  ba-140       1.4576E+01  3.4781E-08
  la-140       1.9390E+00  5.2715E-09
  ce-140       4.4807E+02  4.6458E+02
  la-141       1.7821E-01  0.0000E+00
  ce-141       3.5317E+01  1.4716E-02
  pr-141       4.0450E+02  4.3999E+02
  la-142       6.7492E-02  0.0000E+00
  ce-142       4.3258E+02  4.3265E+02
  nd-142       2.6120E+00  2.6229E+00
  ce-143       1.4534E+00  0.0000E+00
  pr-143       1.4279E+01  1.2544E-07
  nd-143       3.7110E+02  3.8684E+02
  ce-144       2.1560E+02  8.8653E+01
  nd-144       2.3173E+02  3.5867E+02
  pr-145       1.8008E-01  0.0000E+00
  nd-145       2.8288E+02  2.8306E+02
  nd-146       2.4356E+02  2.4358E+02
  nd-147       4.8585E+00  4.7021E-10
  pm-147       1.1246E+02  9.0123E+01
  sm-147       2.4054E+01  5.1255E+01
  nd-148       1.3868E+02  1.3868E+02
  pm-148       4.3117E-01  1.0129E-05
  pm-148m      7.4300E-01  1.6138E-03
  sm-148       2.3420E+01  2.4593E+01
  pm-149       6.6249E-01  0.0000E+00
  sm-149       1.8756E+00  2.5562E+00
  nd-150       6.2270E+01  6.2270E+01
  sm-150       1.0033E+02  1.0033E+02
  pm-151       1.4167E-01  0.0000E+00
  sm-151       7.7526E+00  7.8347E+00
  eu-151       1.2580E-02  7.3154E-02
  sm-152       4.9257E+01  4.9259E+01
  gd-152       1.0642E-02  1.0774E-02
  sm-153       3.1025E-01  0.0000E+00
  eu-153       3.0671E+01  3.0982E+01
  sm-154       1.0688E+01  1.0688E+01
  eu-154       4.0462E+00  3.7329E+00
  gd-154       1.6226E-01  4.7552E-01
  eu-155       2.2221E+00  1.9208E+00
  gd-155       2.3118E-02  3.2473E-01
  eu-156       8.4299E-01  4.8924E-08
  gd-156       1.1412E+01  1.2260E+01
  gd-157       3.8915E-02  4.4448E-02
  gd-158       3.4647E+00  3.4648E+00
  tb-159       5.3233E-01  5.3417E-01
  gd-160       2.3836E-01  2.3836E-01
  dy-160       1.4127E-02  2.2392E-02
  dy-161       8.8119E-02  9.1463E-02
  dy-162       5.6857E-02  5.6859E-02
  dy-163       3.0861E-02  3.0862E-02
------------
  totals       1.0000E+06  1.0000E+06
=========================================================================================================================
.
.
*************************************************************************************************************************
********************                                                                                 ********************
********************                                                                                 ********************
********************                    Written F71 File Information                                 ********************
********************                                                                                 ********************
********************                                                                                 ********************
*************************************************************************************************************************
.
.
   pos         time        power         flux      fluence       energy libpos   case   step DCGNAB
   (-)          (s)         (MW)    (n/cm2-s)      (n/cm2)        (MWd)    (-)    (-)    (-)    (-)
     1  4.75200e+07  0.00000e+00  0.00000e+00  9.18550e+21  1.20202e+04      1      2      0 DC----
     2  7.90800e+07  0.00000e+00  0.00000e+00  9.18550e+21  1.20202e+04      1      2      1 DC----
    D - state definition present
    C - concentrations present
    G - gamma emission spectra present
    N - neutron emission spectra present
    A - alpha emission spectra present
    B - beta emission spectra present
.
.
.
=========================================================================================================================
ORIGEN finished successfully.
=========================================================================================================================
    module origen used 0.47555 seconds cpu time for the current pass.

    module origen is finished. completion code    0. total cpu time used 5.13186e-006 seconds.


    SCALE is finished on Wed Feb 13 18:27:48 2019.
-------------------------- Summary --------------------------
arp finished. used 1.895 seconds.
origen finished. used 0.480834 seconds.
SCALE driver required a maximum of 8.309 MiB of RAM.
------------------------ End Summary ------------------------

w17x17_100d.f33 copied to C:\Users\Teddy\Desktop\scale_test\output\w17x17_100d.f33.
discharge.f71 copied to C:\Users\Teddy\Desktop\scale_test\output\discharge.f71.
