 *******************************************************************************
 *                                                                             *
 *                                 SCALE 6.2.2                                 *
 *                                -------------                                *
 *                                February 2019                                *
 *                                                                             *
 *           SCALE:  A Comprehensive Modeling and Simulation Suite             *
 *                   for Nuclear Safety Analysis and Design                    *
 *                                                                             *
 *                      Reactor and Nuclear Systems Division                   *
 *                        Oak Ridge National Laboratory                        *
 *                                                                             *
 *                           http://scale.ornl.gov                             *
 *                            scalehelp@ornl.gov                               *
 *                                                                             *
 *******************************************************************************
 *******************************************************************************
      
                  Job Information
                  ---------------
      Job started on DESKTOP-J14NAA6 on Wed 13/02/2019 18:32:11
      Working directory: C:\Users\Teddy\AppData\Local\Temp\scale.Teddy.1288
      Input file name  : C:\Users\Teddy\Desktop\scale_test\output\2.800000_61515.151515.inp
      Output file name : C:\Users\Teddy\Desktop\scale_test\output\2.800000_61515.151515.out
      SCALE executable : C:\SCALE-6.2.2/bin/scale
      
 *******************************************************************************


    module arp will be called on Wed Feb 13 18:32:12 2019.
    sequence specification record:=arp
Input Data:

      'library type
      w17x17
      2.800000
      ' num cycles
      1
      ' num days per cycle
      550
      ' cycle average specific power (MW / MTU)
      111.845730
      ' number of interpolated cross section sets generated per cycle
      1
      ' moderator density (g/cc)
      0.723
      ' interpolated output ORIGEN library
      w17x17_100d.f33
end

1






        ************************************************************************************************************************
        ************************************************************************************************************************
        ************************************************************************************************************************
        *****                                                                                                              *****
        *****                                       program verification information                                       *****
        *****                                                                                                              *****
        *****                                   code system:  SCALE    version:  6.2                                       *****
        *****                                                                                                              *****
        ************************************************************************************************************************
        ************************************************************************************************************************
        *****                                                                                                              *****
        *****                                                                                                              *****
        *****              program:  arp.exe                                                                               *****
        *****                                                                                                              *****
        *****        creation date:   unknown                                                                              *****
        *****                                                                                                              *****
        *****              library:  C:\SCALE-6.2.2\bin                                                                    *****
        *****                                                                                                              *****
        *****                                                                                                              *****
        *****            prod code:  arp.exe                                                                               *****
        *****                                                                                                              *****
        *****              version:  6.2.2                                                                                 *****
        *****                                                                                                              *****
        *****              jobname:  Teddy                                                                                 *****
        *****                                                                                                              *****
        *****         machine name:  DESKTOP-J14NAA6                                                                       *****
        *****                                                                                                              *****
        *****    date of execution:  13_feb_2019                                                                           *****
        *****                                                                                                              *****
        *****    time of execution:  18:32:12.07                                                                           *****
        *****                                                                                                              *****
        *****                                                                                                              *****
        ************************************************************************************************************************
        ************************************************************************************************************************
        ************************************************************************************************************************


 'library type
    data library:       w17x17
       directory:       C:/SCALE-6.2.2/data/\arplibs
       definition:      C:/SCALE-6.2.2/data/\arpdata.txt
    u-235 enrichment:                        2.800

 ' num cycles
    number of cycles:                            1

 ' num days per cycle

 ' cycle average specific power (MW / MTU)

 ' number of interpolated cross section sets generated per cycle

 ' moderator density (g/cc)
    water density (g/cm3):                  0.7230
                                         cycle        cumulative      midpoint
   cycle time(d)        power(MW)      burnup(MWd/MTU)burnup(MWd/MTU)burnup(MWd/MTU)nlib
     1    550.000        111.846        61515.2        61515.2        30757.6             1

 ' interpolated output ORIGEN library
    interpolated library name:                   w17x17_100d.f33
 interpolation type: spline
 Cross section library interpolation completed.
.
.
.
=========================================================================================================================
ARP finished successfully.
=========================================================================================================================
    module arp used 2.2099 seconds cpu time for the current pass.

    module arp is finished. completion code    0. total cpu time used 1.44625e-005 seconds.



    module origen will be called on Wed Feb 13 18:32:14 2019.
    sequence specification record:=origen
Input Data:

      case(irrad) {
          lib{
              file="w17x17_100d.f33" pos=1
          }
          mat {
              units=GRAMS
              iso=[u235=28000.000000 u238=972000.000000]
          }
          time = [ 550 ]
          power = [ 111.845730 ]
      }
      case (decay) {
          time {
              units=YEARS
              start=0
              t=[1]
          }
          save{ file="discharge.f71" steps=[0 LAST]}
      }
end

1






        ************************************************************************************************************************
        ************************************************************************************************************************
        ************************************************************************************************************************
        *****                                                                                                              *****
        *****                                       program verification information                                       *****
        *****                                                                                                              *****
        *****                                   code system:  SCALE    version:  6.2                                       *****
        *****                                                                                                              *****
        ************************************************************************************************************************
        ************************************************************************************************************************
        *****                                                                                                              *****
        *****                                                                                                              *****
        *****              program:  origen.exe                                                                            *****
        *****                                                                                                              *****
        *****        creation date:   unknown                                                                              *****
        *****                                                                                                              *****
        *****              library:  C:\SCALE-6.2.2\bin                                                                    *****
        *****                                                                                                              *****
        *****                                                                                                              *****
        *****            prod code:  origen.exe                                                                            *****
        *****                                                                                                              *****
        *****              version:  6.2.2                                                                                 *****
        *****                                                                                                              *****
        *****              jobname:  Teddy                                                                                 *****
        *****                                                                                                              *****
        *****         machine name:  DESKTOP-J14NAA6                                                                       *****
        *****                                                                                                              *****
        *****    date of execution:  13_feb_2019                                                                           *****
        *****                                                                                                              *****
        *****    time of execution:  18:32:14.29                                                                           *****
        *****                                                                                                              *****
        *****                                                                                                              *****
        ************************************************************************************************************************
        ************************************************************************************************************************
        ************************************************************************************************************************

*************************************************************************************************************************
********************                                                                                 ********************
********************                                                                                 ********************
********************                    USER INPUT SUMMARY                                           ********************
********************                                                                                 ********************
********************                                                                                 ********************
*************************************************************************************************************************
.
.
=========================================================================================================================
=   Case "irrad" (#1/2)                                                                                                 =
-------------------------------------------------------------------------------------------------------------------------
###   Library settings                                                                                                ###
.
                                Library file name:     C:/Users/Teddy/AppData/Local/Temp/scale.Teddy.1288/w17x17_100d.f33
                             Library set position:              1
                 Fission product reaction removal:             no
-------------------------------------------------------------------------------------------------------------------------
###   Global settings                                                                                                 ###
.
                                           Solver:              MATREX
                                             Mode:        forward
                             Fixed fission energy:             no
-------------------------------------------------------------------------------------------------------------------------
###   Concentrations output options                                                                                   ###
.
                            High-precision output:             no
                                  Relative cutoff:            yes
                         Step for applying cutoff:       integral
.
                      light els.   actinides  fis.prods.       total
                       nuc    el   nuc    el   nuc    el   nuc    el             cutoff
gram-atoms                                                                    1.000E-06
grams                                                      **                 1.000E-06
curies                                                                        1.000E-06
watts                                                                         1.000E-06
gamma watts                                                                   1.000E-06
m3 air                                                                        1.000E-06
m3 water                                                                      1.000E-06
grams ppm                                                                     1.000E-06
atoms ppm                                                                     1.000E-06
atoms/barn-cm                                                                 1.000E-06
becquerels                                                                    1.000E-06
-------------------------------------------------------------------------------------------------------------------------
###   Additional output options                                                                                       ###
.
                                      Print k-inf:             no
           Nuclides for absorption fraction print:           none
                              Print fission rates:             no
            Step for sorting absorption fractions:              1
=========================================================================================================================
=   Case "decay" (#2/2)                                                                                                 =
-------------------------------------------------------------------------------------------------------------------------
###   Library settings                                                                                                ###
.
                                Library file name:     C:/Users/Teddy/AppData/Local/Temp/scale.Teddy.1288/w17x17_100d.f33
                             Library set position:              1
                 Fission product reaction removal:             no
-------------------------------------------------------------------------------------------------------------------------
###   Global settings                                                                                                 ###
.
                                           Solver:              MATREX
                                             Mode:        forward
                             Fixed fission energy:             no
-------------------------------------------------------------------------------------------------------------------------
###   Concentrations output options                                                                                   ###
.
                            High-precision output:             no
                                  Relative cutoff:            yes
                         Step for applying cutoff:       integral
.
                      light els.   actinides  fis.prods.       total
                       nuc    el   nuc    el   nuc    el   nuc    el             cutoff
gram-atoms                                                                    1.000E-06
grams                                                      **                 1.000E-06
curies                                                                        1.000E-06
watts                                                                         1.000E-06
gamma watts                                                                   1.000E-06
m3 air                                                                        1.000E-06
m3 water                                                                      1.000E-06
grams ppm                                                                     1.000E-06
atoms ppm                                                                     1.000E-06
atoms/barn-cm                                                                 1.000E-06
becquerels                                                                    1.000E-06
-------------------------------------------------------------------------------------------------------------------------
###   Additional output options                                                                                       ###
.
                                      Print k-inf:             no
           Nuclides for absorption fraction print:           none
                              Print fission rates:             no
            Step for sorting absorption fractions:              1
=========================================================================================================================
###   Blending information                                                                                            ###
.
  --- no blending requested in this job ---
=========================================================================================================================
.
.
***Warning:  The flux over a step has changed by more than 20%.
=========================================================================================================================
=   History overview for case 'irrad' (#1/2)                                                                            =
-------------------------------------------------------------------------------------------------------------------------
   step          t0          t1          dt           t        flux     fluence       power      energy
    (-)         (d)         (d)         (s)         (s)   (n/cm2-s)     (n/cm2)        (MW)       (MWd)
      1      0.0000    550.0000  4.7520E+07  4.7520E+07  1.2224E+15  5.8086E+22  1.1185E+02  6.1515E+04
          
              step - step index within this case
                t0 - time at beginning-of-step in input units
                t1 - time at end-of-step in input units
                dt - length of step in seconds
                 t - end-of-step cumulative time in seconds
              flux - flux in neutrons/cm^2-sec (CALCULATED)
           fluence - cumulative end-of-step fluence in neutrons/cm^2 (CALCULATED)
             power - power in mega-watts (INPUT)     
            energy - cumulative end-of-step energy released in mega-watt-days (INPUT)     
=========================================================================================================================
.
.
.
.
.
*************************************************************************************************************************
********************                                                                                 ********************
********************                                                                                 ********************
********************                    Library information                                          ********************
********************                                                                                 ********************
********************                                                                                 ********************
*************************************************************************************************************************
.
.
=========================================================================================================================
=   Library summary for case 'irrad' (#1/2)                                                                             =
-------------------------------------------------------------------------------------------------------------------------
filename: C:/Users/Teddy/AppData/Local/Temp/scale.Teddy.1288/w17x17_100d.f33 cross-section data taken from position number: 1
library title delimited by {}: 
{}
date library was produced: 538976288/538976288/538976288
total number of nuclides in library: 2237
number of light-element nuclides: 910
number of actinide nuclides: 176
number of fission product nuclides: 1151
number of nonzero off-diagonal matrix elements: 54564
=========================================================================================================================
.
.
*************************************************************************************************************************
********************                                                                                 ********************
********************                                                                                 ********************
********************                    Concentration tables                                         ********************
********************                                                                                 ********************
********************                                                                                 ********************
*************************************************************************************************************************
.
.
=========================================================================================================================
=   Nuclide concentrations in grams for case 'irrad' (#1/2)                                                             =
-------------------------------------------------------------------------------------------------------------------------
  (relative cutoff; integral of concentrations over time >   1.00E-06 % of integral of all concentrations over time)
.
                   0.000d    550.000d   
  h-3          0.0000E+00  1.0405E-01
  he-4         0.0000E+00  3.0090E+00
  u-234        0.0000E+00  2.3959E+00
  u-235        2.8000E+04  1.2663E+03
  u-236        0.0000E+00  3.7814E+03
  u-237        0.0000E+00  2.8086E+01
  u-238        9.7200E+05  9.1686E+05
  u-239        0.0000E+00  2.0554E+00
  np-237       0.0000E+00  6.3759E+02
  np-238       0.0000E+00  6.6282E+00
  np-239       0.0000E+00  2.9539E+02
  pu-238       0.0000E+00  4.4126E+02
  pu-239       0.0000E+00  5.3027E+03
  pu-240       0.0000E+00  2.6165E+03
  pu-241       0.0000E+00  1.8121E+03
  pu-242       0.0000E+00  1.8671E+03
  pu-243       0.0000E+00  1.6461E+00
  pu-244       0.0000E+00  7.9968E-01
  am-241       0.0000E+00  1.8907E+01
  am-242m      0.0000E+00  3.1324E-01
  am-242       0.0000E+00  2.0017E-01
  am-243       0.0000E+00  6.9971E+02
  am-244m      0.0000E+00  1.0069E-01
  am-244       0.0000E+00  1.5666E-01
  cm-242       0.0000E+00  2.8858E+01
  cm-243       0.0000E+00  1.3493E+00
  cm-244       0.0000E+00  6.9283E+02
  cm-245       0.0000E+00  7.5891E+01
  cm-246       0.0000E+00  2.5990E+01
  cm-247       0.0000E+00  6.6911E-01
  cm-248       0.0000E+00  1.1277E-01
  ge-73        0.0000E+00  3.0801E-02
  ge-74        0.0000E+00  8.5277E-02
  as-75        0.0000E+00  2.0745E-01
  ge-76        0.0000E+00  5.7944E-01
  se-77        0.0000E+00  1.2232E+00
  se-78        0.0000E+00  4.1152E+00
  se-79        0.0000E+00  8.2107E+00
  se-80        0.0000E+00  2.1062E+01
  br-81        0.0000E+00  3.4848E+01
  se-82        0.0000E+00  5.6113E+01
  kr-82        0.0000E+00  2.2616E+00
  kr-83        0.0000E+00  4.7743E+01
  kr-84        0.0000E+00  1.9327E+02
  kr-85        0.0000E+00  3.9716E+01
  kr-85m       0.0000E+00  5.4573E-02
  rb-85        0.0000E+00  1.5053E+02
  kr-86        0.0000E+00  2.8250E+02
  rb-86        0.0000E+00  1.1724E-01
  sr-86        0.0000E+00  1.3852E+00
  kr-87        0.0000E+00  2.9037E-02
  rb-87        0.0000E+00  3.6964E+02
  kr-88        0.0000E+00  8.4838E-02
  sr-88        0.0000E+00  5.0898E+02
  sr-89        0.0000E+00  4.9200E+01
  y-89         0.0000E+00  6.2601E+02
  sr-90        0.0000E+00  8.1349E+02
  y-90         0.0000E+00  2.3902E-01
  zr-90        0.0000E+00  2.1463E+01
  sr-91        0.0000E+00  5.6534E-01
  y-91         0.0000E+00  8.6457E+01
  y-91m        0.0000E+00  2.8631E-02
  zr-91        0.0000E+00  8.2145E+02
  sr-92        0.0000E+00  1.8612E-01
  y-92         0.0000E+00  2.4592E-01
  zr-92        0.0000E+00  1.0271E+03
  y-93         0.0000E+00  8.7422E-01
  zr-93        0.0000E+00  1.1625E+03
  y-94         0.0000E+00  2.9584E-02
  zr-94        0.0000E+00  1.3015E+03
  mo-94        0.0000E+00  3.1170E-02
  zr-95        0.0000E+00  1.6626E+02
  nb-95        0.0000E+00  8.9975E+01
  nb-95m       0.0000E+00  1.0150E-01
  mo-95        0.0000E+00  1.0761E+03
  zr-96        0.0000E+00  1.4290E+03
  nb-96        0.0000E+00  2.6116E-02
  mo-96        0.0000E+00  1.3352E+02
  zr-97        0.0000E+00  2.0584E+00
  nb-97        0.0000E+00  1.4907E-01
  mo-97        0.0000E+00  1.4499E+03
  mo-98        0.0000E+00  1.5655E+03
  mo-99        0.0000E+00  9.6863E+00
  tc-99        0.0000E+00  1.3200E+03
  tc-99m       0.0000E+00  7.8228E-01
  ru-99        0.0000E+00  2.4788E-02
  mo-100       0.0000E+00  1.7897E+03
  ru-100       0.0000E+00  3.6213E+02
  mo-101       0.0000E+00  3.5759E-02
  tc-101       0.0000E+00  3.4797E-02
  ru-101       0.0000E+00  1.4536E+03
  mo-102       0.0000E+00  2.7972E-02
  ru-102       0.0000E+00  1.7372E+03
  ru-103       0.0000E+00  1.5416E+02
  rh-103       0.0000E+00  6.2845E+02
  rh-103m      0.0000E+00  1.5142E-01
  tc-104       0.0000E+00  4.4962E-02
  ru-104       0.0000E+00  1.3681E+03
  pd-104       0.0000E+00  8.2507E+02
  ru-105       0.0000E+00  5.9647E-01
  rh-105       0.0000E+00  3.6021E+00
  pd-105       0.0000E+00  7.8920E+02
  ru-106       0.0000E+00  5.7466E+02
  pd-106       0.0000E+00  7.2249E+02
  rh-107       0.0000E+00  3.0618E-02
  pd-107       0.0000E+00  6.3194E+02
  pd-108       0.0000E+00  4.4244E+02
  pd-109       0.0000E+00  8.3026E-01
  ag-109       0.0000E+00  1.8774E+02
  pd-110       0.0000E+00  1.5587E+02
  ag-110m      0.0000E+00  2.6241E+00
  cd-110       0.0000E+00  2.0643E+02
  ag-111       0.0000E+00  2.0037E+00
  cd-111       0.0000E+00  8.1602E+01
  pd-112       0.0000E+00  9.9239E-02
  cd-112       0.0000E+00  4.1815E+01
  cd-113       0.0000E+00  1.5320E-01
  cd-114       0.0000E+00  4.1181E+01
  cd-115       0.0000E+00  8.2106E-02
  cd-115m      0.0000E+00  1.0435E-01
  in-115       0.0000E+00  2.2946E+00
  sn-115       0.0000E+00  5.2646E-01
  cd-116       0.0000E+00  1.2798E+01
  sn-116       0.0000E+00  1.0297E+01
  sn-117       0.0000E+00  1.1334E+01
  sn-118       0.0000E+00  1.0628E+01
  sn-119       0.0000E+00  9.9644E+00
  sn-119m      0.0000E+00  1.5113E-01
  sn-120       0.0000E+00  1.0439E+01
  sn-121       0.0000E+00  3.0512E-02
  sn-121m      0.0000E+00  7.7936E-01
  sb-121       0.0000E+00  9.1044E+00
  sn-122       0.0000E+00  1.3300E+01
  sb-122       0.0000E+00  2.0366E-02
  te-122       0.0000E+00  1.4481E+00
  sn-123       0.0000E+00  6.0539E-01
  sb-123       0.0000E+00  1.1829E+01
  sn-124       0.0000E+00  2.0609E+01
  sb-124       0.0000E+00  2.8482E-01
  te-124       0.0000E+00  9.0300E-01
  sn-125       0.0000E+00  3.1328E-01
  sb-125       0.0000E+00  2.2898E+01
  te-125       0.0000E+00  4.5442E+00
  te-125m      0.0000E+00  2.6477E-01
  sn-126       0.0000E+00  4.6247E+01
  te-126       0.0000E+00  1.1129E+00
  sb-127       0.0000E+00  1.1170E+00
  te-127       0.0000E+00  9.5960E-02
  te-127m      0.0000E+00  9.0693E-01
  i-127        0.0000E+00  8.3877E+01
  te-128       0.0000E+00  2.0448E+02
  xe-128       0.0000E+00  1.1905E+01
  sb-129       0.0000E+00  1.5720E-01
  te-129       0.0000E+00  3.9529E-02
  te-129m      0.0000E+00  4.6900E+00
  i-129        0.0000E+00  3.2056E+02
  xe-129       0.0000E+00  1.6864E-01
  te-130       0.0000E+00  7.4092E+02
  i-130        0.0000E+00  6.7362E-02
  xe-130       0.0000E+00  3.0314E+01
  sb-131       0.0000E+00  3.2080E-02
  te-131       0.0000E+00  3.9078E-02
  te-131m      0.0000E+00  7.8686E-01
  i-131        0.0000E+00  2.1520E+01
  xe-131       0.0000E+00  5.6526E+02
  xe-131m      0.0000E+00  3.9262E-01
  te-132       0.0000E+00  1.1944E+01
  i-132        0.0000E+00  3.6867E-01
  xe-132       0.0000E+00  2.4109E+03
  te-133       0.0000E+00  2.2928E-02
  te-133m      0.0000E+00  9.3704E-02
  i-133        0.0000E+00  4.5250E+00
  xe-133       0.0000E+00  2.7339E+01
  xe-133m      0.0000E+00  3.6688E-01
  cs-133       0.0000E+00  1.7741E+03
  te-134       0.0000E+00  1.2268E-01
  i-134        0.0000E+00  2.1079E-01
  xe-134       0.0000E+00  2.8955E+03
  cs-134       0.0000E+00  4.5702E+02
  cs-134m      0.0000E+00  3.3117E-02
  ba-134       0.0000E+00  9.6586E+01
  i-135        0.0000E+00  1.4042E+00
  xe-135       0.0000E+00  1.6765E-01
  cs-135       0.0000E+00  3.3147E+02
  ba-135       0.0000E+00  1.3182E+00
  xe-136       0.0000E+00  5.0089E+03
  cs-136       0.0000E+00  1.8636E+00
  ba-136       0.0000E+00  3.4772E+01
  cs-137       0.0000E+00  2.3815E+03
  ba-137       0.0000E+00  4.7594E+01
  xe-138       0.0000E+00  4.2624E-02
  cs-138       0.0000E+00  1.1232E-01
  ba-138       0.0000E+00  2.4277E+03
  la-138       0.0000E+00  3.1976E-02
  cs-139       0.0000E+00  2.9028E-02
  ba-139       0.0000E+00  2.6773E-01
  la-139       0.0000E+00  2.2284E+03
  ba-140       0.0000E+00  5.6600E+01
  la-140       0.0000E+00  7.9890E+00
  ce-140       0.0000E+00  2.2307E+03
  ba-141       0.0000E+00  5.2977E-02
  la-141       0.0000E+00  6.8844E-01
  ce-141       0.0000E+00  1.3358E+02
  pr-141       0.0000E+00  1.8571E+03
  ba-142       0.0000E+00  2.8178E-02
  la-142       0.0000E+00  2.5239E-01
  ce-142       0.0000E+00  2.0820E+03
  pr-142       0.0000E+00  2.9984E-01
  nd-142       0.0000E+00  8.1270E+01
  la-143       0.0000E+00  3.6796E-02
  ce-143       0.0000E+00  5.1974E+00
  pr-143       0.0000E+00  5.0211E+01
  nd-143       0.0000E+00  8.9310E+02
  ce-144       0.0000E+00  8.7337E+02
  pr-144       0.0000E+00  3.7700E-02
  nd-144       0.0000E+00  1.9232E+03
  pr-145       0.0000E+00  6.6503E-01
  nd-145       0.0000E+00  1.0558E+03
  ce-146       0.0000E+00  2.0779E-02
  pr-146       0.0000E+00  3.7297E-02
  nd-146       0.0000E+00  1.4384E+03
  nd-147       0.0000E+00  1.8960E+01
  pm-147       0.0000E+00  1.9936E+02
  sm-147       0.0000E+00  4.1607E+01
  nd-148       0.0000E+00  7.5047E+02
  pm-148       0.0000E+00  3.7786E+00
  pm-148m      0.0000E+00  1.6246E+00
  sm-148       0.0000E+00  2.9020E+02
  nd-149       0.0000E+00  8.6621E-02
  pm-149       0.0000E+00  4.2249E+00
  sm-149       0.0000E+00  2.0703E+00
  nd-150       0.0000E+00  3.7528E+02
  sm-150       0.0000E+00  6.1509E+02
  pm-151       0.0000E+00  8.2450E-01
  sm-151       0.0000E+00  1.5493E+01
  sm-152       0.0000E+00  1.5391E+02
  sm-153       0.0000E+00  4.3278E+00
  eu-153       0.0000E+00  2.1330E+02
  sm-154       0.0000E+00  1.1527E+02
  eu-154       0.0000E+00  5.7013E+01
  gd-154       0.0000E+00  3.1995E+00
  eu-155       0.0000E+00  1.9096E+01
  gd-155       0.0000E+00  4.8344E-02
  sm-156       0.0000E+00  4.4225E-02
  eu-156       0.0000E+00  3.1512E+01
  gd-156       0.0000E+00  4.5424E+02
  eu-157       0.0000E+00  1.7023E-01
  gd-157       0.0000E+00  3.3020E-01
  gd-158       0.0000E+00  1.1407E+02
  gd-159       0.0000E+00  4.6752E-02
  tb-159       0.0000E+00  9.8216E+00
  gd-160       0.0000E+00  3.5550E+00
  tb-160       0.0000E+00  7.6406E-01
  dy-160       0.0000E+00  8.1472E-01
  tb-161       0.0000E+00  1.0801E-01
  dy-161       0.0000E+00  1.3291E+00
  dy-162       0.0000E+00  1.1283E+00
  dy-163       0.0000E+00  1.1320E+00
  dy-164       0.0000E+00  3.0954E-01
  ho-165       0.0000E+00  8.3816E-01
  er-166       0.0000E+00  3.4263E-01
  er-168       0.0000E+00  5.6322E-02
------------
  totals       1.0000E+06  1.0021E+06
=========================================================================================================================
.
.
=========================================================================================================================
=   History overview for case 'decay' (#2/2)                                                                            =
-------------------------------------------------------------------------------------------------------------------------
   step          t0          t1          dt           t        flux     fluence       power      energy
    (-)         (y)         (y)         (s)         (s)   (n/cm2-s)     (n/cm2)        (MW)       (MWd)
      1      1.5057      2.5057  3.1560E+07  7.9080E+07  0.0000E+00  5.8086E+22  0.0000E+00  6.1515E+04
          
              step - step index within this case
                t0 - time at beginning-of-step in input units
                t1 - time at end-of-step in input units
                dt - length of step in seconds
                 t - end-of-step cumulative time in seconds
              flux - flux in neutrons/cm^2-sec (CALCULATED)
           fluence - cumulative end-of-step fluence in neutrons/cm^2 (CALCULATED)
             power - power in mega-watts (INPUT)     
            energy - cumulative end-of-step energy released in mega-watt-days (INPUT)     
=========================================================================================================================
.
.
.
.
.
*************************************************************************************************************************
********************                                                                                 ********************
********************                                                                                 ********************
********************                    Library information                                          ********************
********************                                                                                 ********************
********************                                                                                 ********************
*************************************************************************************************************************
.
.
=========================================================================================================================
=   Library summary for case 'decay' (#2/2)                                                                             =
-------------------------------------------------------------------------------------------------------------------------
filename: C:/Users/Teddy/AppData/Local/Temp/scale.Teddy.1288/w17x17_100d.f33 cross-section data taken from position number: 1
library title delimited by {}: 
{}
date library was produced: 538976288/538976288/538976288
total number of nuclides in library: 2237
number of light-element nuclides: 910
number of actinide nuclides: 176
number of fission product nuclides: 1151
number of nonzero off-diagonal matrix elements: 54564
=========================================================================================================================
.
.
*************************************************************************************************************************
********************                                                                                 ********************
********************                                                                                 ********************
********************                    Concentration tables                                         ********************
********************                                                                                 ********************
********************                                                                                 ********************
*************************************************************************************************************************
.
.
=========================================================================================================================
=   Nuclide concentrations in grams for case 'decay' (#2/2)                                                             =
-------------------------------------------------------------------------------------------------------------------------
  (relative cutoff; integral of concentrations over time >   1.00E-06 % of integral of all concentrations over time)
.
                   1.506y      2.506y   
  h-3          1.0405E-01  9.8358E-02
  he-4         3.0090E+00  3.8864E+00
  u-234        2.3959E+00  5.9715E+00
  u-235        1.2663E+03  1.2664E+03
  u-236        3.7814E+03  3.7817E+03
  u-237        2.8086E+01  5.3859E-05
  u-238        9.1686E+05  9.1686E+05
  u-239        2.0554E+00  0.0000E+00
  np-237       6.3759E+02  6.6578E+02
  np-238       6.6282E+00  5.7841E-08
  np-239       2.9539E+02  6.0367E-04
  pu-238       4.4126E+02  4.6676E+02
  pu-239       5.3027E+03  5.6001E+03
  pu-240       2.6165E+03  2.6419E+03
  pu-241       1.8121E+03  1.7263E+03
  pu-242       1.8671E+03  1.8671E+03
  pu-243       1.6461E+00  2.3857E-11
  pu-244       7.9968E-01  7.9972E-01
  am-241       1.8907E+01  1.0461E+02
  am-242m      3.1324E-01  3.1170E-01
  am-242       2.0017E-01  4.0216E-06
  am-243       6.9971E+02  7.0129E+02
  am-244m      1.0069E-01  0.0000E+00
  am-244       1.5666E-01  6.9836E-12
  cm-242       2.8858E+01  6.1371E+00
  cm-243       1.3493E+00  1.3176E+00
  cm-244       6.9283E+02  6.6706E+02
  cm-245       7.5891E+01  7.5885E+01
  cm-246       2.5990E+01  2.5987E+01
  cm-247       6.6911E-01  6.6911E-01
  cm-248       1.1277E-01  1.1314E-01
  ge-73        3.0801E-02  3.0823E-02
  ge-74        8.5277E-02  8.5279E-02
  as-75        2.0745E-01  2.0748E-01
  ge-76        5.7944E-01  5.7944E-01
  se-76        1.4746E-02  1.4831E-02
  se-77        1.2232E+00  1.2288E+00
  se-78        4.1152E+00  4.1162E+00
  se-79        8.2107E+00  8.2109E+00
  se-80        2.1062E+01  2.1062E+01
  br-81        3.4848E+01  3.4850E+01
  se-82        5.6113E+01  5.6113E+01
  kr-82        2.2616E+00  2.2772E+00
  kr-83        4.7743E+01  4.7771E+01
  kr-84        1.9327E+02  1.9328E+02
  kr-85        3.9716E+01  3.7249E+01
  kr-85m       5.4573E-02  0.0000E+00
  rb-85        1.5053E+02  1.5305E+02
  kr-86        2.8250E+02  2.8250E+02
  rb-86        1.1724E-01  1.4691E-07
  sr-86        1.3852E+00  1.5024E+00
  kr-87        2.9037E-02  0.0000E+00
  rb-87        3.6964E+02  3.6967E+02
  kr-88        8.4838E-02  0.0000E+00
  sr-88        5.0898E+02  5.0908E+02
  sr-89        4.9200E+01  3.2804E-01
  y-89         6.2601E+02  6.7489E+02
  sr-90        8.1349E+02  7.9414E+02
  y-90         2.3902E-01  2.0144E-01
  zr-90        2.1463E+01  4.0853E+01
  sr-91        5.6534E-01  0.0000E+00
  y-91         8.6457E+01  1.1494E+00
  y-91m        2.8631E-02  0.0000E+00
  zr-91        8.2145E+02  9.0735E+02
  sr-92        1.8612E-01  0.0000E+00
  y-92         2.4592E-01  0.0000E+00
  zr-92        1.0271E+03  1.0275E+03
  y-93         8.7422E-01  0.0000E+00
  zr-93        1.1625E+03  1.1634E+03
  y-94         2.9584E-02  0.0000E+00
  zr-94        1.3015E+03  1.3015E+03
  mo-94        3.1170E-02  3.1170E-02
  zr-95        1.6626E+02  3.1883E+00
  nb-95        8.9975E+01  3.8837E+00
  nb-95m       1.0150E-01  2.0576E-03
  mo-95        1.0761E+03  1.3255E+03
  zr-96        1.4290E+03  1.4290E+03
  nb-96        2.6116E-02  0.0000E+00
  mo-96        1.3352E+02  1.3354E+02
  zr-97        2.0584E+00  0.0000E+00
  nb-97        1.4907E-01  0.0000E+00
  mo-97        1.4499E+03  1.4521E+03
  mo-98        1.5655E+03  1.5655E+03
  tc-98        1.6819E-02  1.6819E-02
  mo-99        9.6863E+00  0.0000E+00
  tc-99        1.3200E+03  1.3305E+03
  tc-99m       7.8228E-01  0.0000E+00
  ru-99        2.4788E-02  2.9501E-02
  mo-100       1.7897E+03  1.7897E+03
  ru-100       3.6213E+02  3.6213E+02
  mo-101       3.5759E-02  0.0000E+00
  tc-101       3.4797E-02  0.0000E+00
  ru-101       1.4536E+03  1.4537E+03
  mo-102       2.7972E-02  0.0000E+00
  ru-102       1.7372E+03  1.7372E+03
  ru-103       1.5416E+02  2.4335E-01
  rh-103       6.2845E+02  7.8252E+02
  rh-103m      1.5142E-01  2.3903E-04
  tc-104       4.4962E-02  0.0000E+00
  ru-104       1.3681E+03  1.3681E+03
  pd-104       8.2507E+02  8.2507E+02
  ru-105       5.9647E-01  0.0000E+00
  rh-105       3.6021E+00  0.0000E+00
  pd-105       7.8920E+02  7.9342E+02
  ru-106       5.7466E+02  2.9083E+02
  pd-106       7.2249E+02  1.0063E+03
  rh-107       3.0618E-02  0.0000E+00
  pd-107       6.3194E+02  6.3198E+02
  pd-108       4.4244E+02  4.4245E+02
  pd-109       8.3026E-01  0.0000E+00
  ag-109       1.8774E+02  1.8857E+02
  pd-110       1.5587E+02  1.5587E+02
  ag-110m      2.6241E+00  9.5218E-01
  cd-110       2.0643E+02  2.0810E+02
  ag-111       2.0037E+00  3.4916E-15
  cd-111       8.1602E+01  8.3610E+01
  pd-112       9.9239E-02  0.0000E+00
  cd-112       4.1815E+01  4.1929E+01
  cd-113       1.5320E-01  1.6466E-01
  cd-114       4.1181E+01  4.1181E+01
  cd-115       8.2106E-02  0.0000E+00
  cd-115m      1.0435E-01  3.5557E-04
  in-115       2.2946E+00  2.4837E+00
  sn-115       5.2646E-01  5.3093E-01
  cd-116       1.2798E+01  1.2798E+01
  sn-116       1.0297E+01  1.0298E+01
  sn-117       1.1334E+01  1.1341E+01
  sn-118       1.0628E+01  1.0629E+01
  sn-119       9.9644E+00  1.0052E+01
  sn-119m      1.5113E-01  6.3690E-02
  sn-120       1.0439E+01  1.0439E+01
  sn-121       3.0512E-02  4.1819E-05
  sn-121m      7.7936E-01  7.6715E-01
  sb-121       9.1044E+00  9.1471E+00
  sn-122       1.3300E+01  1.3300E+01
  sb-122       2.0366E-02  0.0000E+00
  te-122       1.4481E+00  1.4680E+00
  sn-123       6.0539E-01  8.5300E-02
  sb-123       1.1829E+01  1.2350E+01
  te-123       1.5606E-02  2.0713E-02
  sn-124       2.0609E+01  2.0609E+01
  sb-124       2.8482E-01  4.2460E-03
  te-124       9.0300E-01  1.1836E+00
  sn-125       3.1328E-01  1.2281E-12
  sb-125       2.2898E+01  1.8056E+01
  te-125       4.5442E+00  9.7133E+00
  te-125m      2.6477E-01  2.5102E-01
  sn-126       4.6247E+01  4.6247E+01
  te-126       1.1129E+00  1.1329E+00
  sb-127       1.1170E+00  0.0000E+00
  te-127       9.5960E-02  3.7749E-04
  te-127m      9.0693E-01  1.0783E-01
  i-127        8.3877E+01  8.5904E+01
  te-128       2.0448E+02  2.0451E+02
  xe-128       1.1905E+01  1.1906E+01
  sb-129       1.5720E-01  0.0000E+00
  te-129       3.9529E-02  2.2839E-06
  te-129m      4.6900E+00  2.5165E-03
  i-129        3.2056E+02  3.2545E+02
  xe-129       1.6864E-01  1.7000E-01
  te-130       7.4092E+02  7.4094E+02
  i-130        6.7362E-02  0.0000E+00
  xe-130       3.0314E+01  3.0382E+01
  sb-131       3.2080E-02  0.0000E+00
  te-131       3.9078E-02  0.0000E+00
  te-131m      7.8686E-01  0.0000E+00
  i-131        2.1520E+01  4.4786E-13
  xe-131       5.6526E+02  5.8803E+02
  xe-131m      3.9262E-01  5.9340E-10
  te-132       1.1944E+01  0.0000E+00
  i-132        3.6867E-01  0.0000E+00
  xe-132       2.4109E+03  2.4233E+03
  te-133       2.2928E-02  0.0000E+00
  te-133m      9.3704E-02  0.0000E+00
  i-133        4.5250E+00  0.0000E+00
  xe-133       2.7339E+01  3.5821E-20
  xe-133m      3.6688E-01  0.0000E+00
  cs-133       1.7741E+03  1.8065E+03
  te-134       1.2268E-01  0.0000E+00
  i-134        2.1079E-01  0.0000E+00
  xe-134       2.8955E+03  2.8958E+03
  cs-134       4.5702E+02  3.2673E+02
  cs-134m      3.3117E-02  0.0000E+00
  ba-134       9.6586E+01  2.2691E+02
  i-135        1.4042E+00  0.0000E+00
  xe-135       1.6765E-01  0.0000E+00
  cs-135       3.3147E+02  3.3306E+02
  ba-135       1.3182E+00  1.3194E+00
  xe-136       5.0089E+03  5.0090E+03
  cs-136       1.8636E+00  8.2169E-09
  ba-136       3.4772E+01  3.6635E+01
  cs-137       2.3815E+03  2.3272E+03
  ba-137       4.7594E+01  1.0185E+02
  xe-138       4.2624E-02  0.0000E+00
  cs-138       1.1232E-01  0.0000E+00
  ba-138       2.4277E+03  2.4279E+03
  la-138       3.1976E-02  3.1976E-02
  cs-139       2.9028E-02  0.0000E+00
  ba-139       2.6773E-01  0.0000E+00
  la-139       2.2284E+03  2.2287E+03
  ba-140       5.6600E+01  1.3506E-07
  la-140       7.9890E+00  2.0470E-08
  ce-140       2.2307E+03  2.2953E+03
  ba-141       5.2977E-02  0.0000E+00
  la-141       6.8844E-01  0.0000E+00
  ce-141       1.3358E+02  5.5668E-02
  pr-141       1.8571E+03  1.9913E+03
  ba-142       2.8178E-02  0.0000E+00
  la-142       2.5239E-01  0.0000E+00
  ce-142       2.0820E+03  2.0823E+03
  pr-142       2.9984E-01  0.0000E+00
  nd-142       8.1270E+01  8.1571E+01
  la-143       3.6796E-02  0.0000E+00
  ce-143       5.1974E+00  0.0000E+00
  pr-143       5.0211E+01  4.4184E-07
  nd-143       8.9310E+02  9.4854E+02
  ce-144       8.7337E+02  3.5913E+02
  pr-144       3.7700E-02  1.5127E-02
  nd-144       1.9232E+03  2.4374E+03
  pr-145       6.6503E-01  0.0000E+00
  nd-145       1.0558E+03  1.0565E+03
  ce-146       2.0779E-02  0.0000E+00
  pr-146       3.7297E-02  0.0000E+00
  nd-146       1.4384E+03  1.4385E+03
  nd-147       1.8960E+01  1.8350E-09
  pm-147       1.9936E+02  1.6781E+02
  sm-147       4.1607E+01  9.2140E+01
  nd-148       7.5047E+02  7.5047E+02
  pm-148       3.7786E+00  2.2147E-05
  pm-148m      1.6246E+00  3.5288E-03
  sm-148       2.9020E+02  2.9560E+02
  nd-149       8.6621E-02  0.0000E+00
  pm-149       4.2249E+00  0.0000E+00
  sm-149       2.0703E+00  6.3835E+00
  nd-150       3.7528E+02  3.7528E+02
  sm-150       6.1509E+02  6.1510E+02
  pm-151       8.2450E-01  0.0000E+00
  sm-151       1.5493E+01  1.6198E+01
  eu-151       4.5246E-03  1.2974E-01
  sm-152       1.5391E+02  1.5392E+02
  sm-153       4.3278E+00  0.0000E+00
  eu-153       2.1330E+02  2.1763E+02
  sm-154       1.1527E+02  1.1527E+02
  eu-154       5.7013E+01  5.2599E+01
  gd-154       3.1995E+00  7.6135E+00
  eu-155       1.9096E+01  1.6507E+01
  gd-155       4.8344E-02  2.6403E+00
  sm-156       4.4225E-02  0.0000E+00
  eu-156       3.1512E+01  1.8201E-06
  gd-156       4.5424E+02  4.8580E+02
  eu-157       1.7023E-01  0.0000E+00
  gd-157       3.3020E-01  5.0085E-01
  gd-158       1.1407E+02  1.1407E+02
  gd-159       4.6752E-02  0.0000E+00
  tb-159       9.8216E+00  9.8686E+00
  gd-160       3.5550E+00  3.5550E+00
  tb-160       7.6406E-01  2.3027E-02
  dy-160       8.1472E-01  1.5557E+00
  tb-161       1.0801E-01  1.2914E-17
  dy-161       1.3291E+00  1.4371E+00
  dy-162       1.1283E+00  1.1283E+00
  dy-163       1.1320E+00  1.1320E+00
  dy-164       3.0954E-01  3.0954E-01
  ho-165       8.3816E-01  8.3905E-01
  er-166       3.4263E-01  3.4713E-01
  er-167       1.8139E-02  1.8169E-02
  er-168       5.6322E-02  5.6322E-02
------------
  totals       1.0021E+06  1.0021E+06
=========================================================================================================================
.
.
*************************************************************************************************************************
********************                                                                                 ********************
********************                                                                                 ********************
********************                    Written F71 File Information                                 ********************
********************                                                                                 ********************
********************                                                                                 ********************
*************************************************************************************************************************
.
.
   pos         time        power         flux      fluence       energy libpos   case   step DCGNAB
   (-)          (s)         (MW)    (n/cm2-s)      (n/cm2)        (MWd)    (-)    (-)    (-)    (-)
     1  4.75200e+07  0.00000e+00  0.00000e+00  5.80865e+22  6.15152e+04      1      2      0 DC----
     2  7.90800e+07  0.00000e+00  0.00000e+00  5.80865e+22  6.15152e+04      1      2      1 DC----
    D - state definition present
    C - concentrations present
    G - gamma emission spectra present
    N - neutron emission spectra present
    A - alpha emission spectra present
    B - beta emission spectra present
.
.
.
=========================================================================================================================
ORIGEN finished successfully.
=========================================================================================================================
    module origen used 0.583259 seconds cpu time for the current pass.

    module origen is finished. completion code    0. total cpu time used 4.66533e-006 seconds.


    SCALE is finished on Wed Feb 13 18:32:14 2019.
-------------------------- Summary --------------------------
arp finished. used 2.2157 seconds.
origen finished. used 0.589236 seconds.
SCALE driver required a maximum of 8.313 MiB of RAM.
------------------------ End Summary ------------------------

w17x17_100d.f33 copied to C:\Users\Teddy\Desktop\scale_test\output\w17x17_100d.f33.
discharge.f71 copied to C:\Users\Teddy\Desktop\scale_test\output\discharge.f71.
