 *******************************************************************************
 *                                                                             *
 *                                 SCALE 6.2.2                                 *
 *                                -------------                                *
 *                                February 2019                                *
 *                                                                             *
 *           SCALE:  A Comprehensive Modeling and Simulation Suite             *
 *                   for Nuclear Safety Analysis and Design                    *
 *                                                                             *
 *                      Reactor and Nuclear Systems Division                   *
 *                        Oak Ridge National Laboratory                        *
 *                                                                             *
 *                           http://scale.ornl.gov                             *
 *                            scalehelp@ornl.gov                               *
 *                                                                             *
 *******************************************************************************
 *******************************************************************************
      
                  Job Information
                  ---------------
      Job started on DESKTOP-J14NAA6 on Wed 13/02/2019 18:29:11
      Working directory: C:\Users\Teddy\AppData\Local\Temp\scale.Teddy.7368
      Input file name  : C:\Users\Teddy\Desktop\scale_test\output\2.800000_29696.969697.inp
      Output file name : C:\Users\Teddy\Desktop\scale_test\output\2.800000_29696.969697.out
      SCALE executable : C:\SCALE-6.2.2/bin/scale
      
 *******************************************************************************


    module arp will be called on Wed Feb 13 18:29:12 2019.
    sequence specification record:=arp
Input Data:

      'library type
      w17x17
      2.800000
      ' num cycles
      1
      ' num days per cycle
      550
      ' cycle average specific power (MW / MTU)
      53.994490
      ' number of interpolated cross section sets generated per cycle
      1
      ' moderator density (g/cc)
      0.723
      ' interpolated output ORIGEN library
      w17x17_100d.f33
end

1






        ************************************************************************************************************************
        ************************************************************************************************************************
        ************************************************************************************************************************
        *****                                                                                                              *****
        *****                                       program verification information                                       *****
        *****                                                                                                              *****
        *****                                   code system:  SCALE    version:  6.2                                       *****
        *****                                                                                                              *****
        ************************************************************************************************************************
        ************************************************************************************************************************
        *****                                                                                                              *****
        *****                                                                                                              *****
        *****              program:  arp.exe                                                                               *****
        *****                                                                                                              *****
        *****        creation date:   unknown                                                                              *****
        *****                                                                                                              *****
        *****              library:  C:\SCALE-6.2.2\bin                                                                    *****
        *****                                                                                                              *****
        *****                                                                                                              *****
        *****            prod code:  arp.exe                                                                               *****
        *****                                                                                                              *****
        *****              version:  6.2.2                                                                                 *****
        *****                                                                                                              *****
        *****              jobname:  Teddy                                                                                 *****
        *****                                                                                                              *****
        *****         machine name:  DESKTOP-J14NAA6                                                                       *****
        *****                                                                                                              *****
        *****    date of execution:  13_feb_2019                                                                           *****
        *****                                                                                                              *****
        *****    time of execution:  18:29:12.45                                                                           *****
        *****                                                                                                              *****
        *****                                                                                                              *****
        ************************************************************************************************************************
        ************************************************************************************************************************
        ************************************************************************************************************************


 'library type
    data library:       w17x17
       directory:       C:/SCALE-6.2.2/data/\arplibs
       definition:      C:/SCALE-6.2.2/data/\arpdata.txt
    u-235 enrichment:                        2.800

 ' num cycles
    number of cycles:                            1

 ' num days per cycle

 ' cycle average specific power (MW / MTU)

 ' number of interpolated cross section sets generated per cycle

 ' moderator density (g/cc)
    water density (g/cm3):                  0.7230
                                         cycle        cumulative      midpoint
   cycle time(d)        power(MW)      burnup(MWd/MTU)burnup(MWd/MTU)burnup(MWd/MTU)nlib
     1    550.000        53.9945        29697.0        29697.0        14848.5             1

 ' interpolated output ORIGEN library
    interpolated library name:                   w17x17_100d.f33
 interpolation type: spline
 Cross section library interpolation completed.
.
.
.
=========================================================================================================================
ARP finished successfully.
=========================================================================================================================
    module arp used 3.08707 seconds cpu time for the current pass.

    module arp is finished. completion code    0. total cpu time used 1.81948e-005 seconds.



    module origen will be called on Wed Feb 13 18:29:15 2019.
    sequence specification record:=origen
Input Data:

      case(irrad) {
          lib{
              file="w17x17_100d.f33" pos=1
          }
          mat {
              units=GRAMS
              iso=[u235=28000.000000 u238=972000.000000]
          }
          time = [ 550 ]
          power = [ 53.994490 ]
      }
      case (decay) {
          time {
              units=YEARS
              start=0
              t=[1]
          }
          save{ file="discharge.f71" steps=[0 LAST]}
      }
end

1






        ************************************************************************************************************************
        ************************************************************************************************************************
        ************************************************************************************************************************
        *****                                                                                                              *****
        *****                                       program verification information                                       *****
        *****                                                                                                              *****
        *****                                   code system:  SCALE    version:  6.2                                       *****
        *****                                                                                                              *****
        ************************************************************************************************************************
        ************************************************************************************************************************
        *****                                                                                                              *****
        *****                                                                                                              *****
        *****              program:  origen.exe                                                                            *****
        *****                                                                                                              *****
        *****        creation date:   unknown                                                                              *****
        *****                                                                                                              *****
        *****              library:  C:\SCALE-6.2.2\bin                                                                    *****
        *****                                                                                                              *****
        *****                                                                                                              *****
        *****            prod code:  origen.exe                                                                            *****
        *****                                                                                                              *****
        *****              version:  6.2.2                                                                                 *****
        *****                                                                                                              *****
        *****              jobname:  Teddy                                                                                 *****
        *****                                                                                                              *****
        *****         machine name:  DESKTOP-J14NAA6                                                                       *****
        *****                                                                                                              *****
        *****    date of execution:  13_feb_2019                                                                           *****
        *****                                                                                                              *****
        *****    time of execution:  18:29:15.52                                                                           *****
        *****                                                                                                              *****
        *****                                                                                                              *****
        ************************************************************************************************************************
        ************************************************************************************************************************
        ************************************************************************************************************************

*************************************************************************************************************************
********************                                                                                 ********************
********************                                                                                 ********************
********************                    USER INPUT SUMMARY                                           ********************
********************                                                                                 ********************
********************                                                                                 ********************
*************************************************************************************************************************
.
.
=========================================================================================================================
=   Case "irrad" (#1/2)                                                                                                 =
-------------------------------------------------------------------------------------------------------------------------
###   Library settings                                                                                                ###
.
                                Library file name:     C:/Users/Teddy/AppData/Local/Temp/scale.Teddy.7368/w17x17_100d.f33
                             Library set position:              1
                 Fission product reaction removal:             no
-------------------------------------------------------------------------------------------------------------------------
###   Global settings                                                                                                 ###
.
                                           Solver:              MATREX
                                             Mode:        forward
                             Fixed fission energy:             no
-------------------------------------------------------------------------------------------------------------------------
###   Concentrations output options                                                                                   ###
.
                            High-precision output:             no
                                  Relative cutoff:            yes
                         Step for applying cutoff:       integral
.
                      light els.   actinides  fis.prods.       total
                       nuc    el   nuc    el   nuc    el   nuc    el             cutoff
gram-atoms                                                                    1.000E-06
grams                                                      **                 1.000E-06
curies                                                                        1.000E-06
watts                                                                         1.000E-06
gamma watts                                                                   1.000E-06
m3 air                                                                        1.000E-06
m3 water                                                                      1.000E-06
grams ppm                                                                     1.000E-06
atoms ppm                                                                     1.000E-06
atoms/barn-cm                                                                 1.000E-06
becquerels                                                                    1.000E-06
-------------------------------------------------------------------------------------------------------------------------
###   Additional output options                                                                                       ###
.
                                      Print k-inf:             no
           Nuclides for absorption fraction print:           none
                              Print fission rates:             no
            Step for sorting absorption fractions:              1
=========================================================================================================================
=   Case "decay" (#2/2)                                                                                                 =
-------------------------------------------------------------------------------------------------------------------------
###   Library settings                                                                                                ###
.
                                Library file name:     C:/Users/Teddy/AppData/Local/Temp/scale.Teddy.7368/w17x17_100d.f33
                             Library set position:              1
                 Fission product reaction removal:             no
-------------------------------------------------------------------------------------------------------------------------
###   Global settings                                                                                                 ###
.
                                           Solver:              MATREX
                                             Mode:        forward
                             Fixed fission energy:             no
-------------------------------------------------------------------------------------------------------------------------
###   Concentrations output options                                                                                   ###
.
                            High-precision output:             no
                                  Relative cutoff:            yes
                         Step for applying cutoff:       integral
.
                      light els.   actinides  fis.prods.       total
                       nuc    el   nuc    el   nuc    el   nuc    el             cutoff
gram-atoms                                                                    1.000E-06
grams                                                      **                 1.000E-06
curies                                                                        1.000E-06
watts                                                                         1.000E-06
gamma watts                                                                   1.000E-06
m3 air                                                                        1.000E-06
m3 water                                                                      1.000E-06
grams ppm                                                                     1.000E-06
atoms ppm                                                                     1.000E-06
atoms/barn-cm                                                                 1.000E-06
becquerels                                                                    1.000E-06
-------------------------------------------------------------------------------------------------------------------------
###   Additional output options                                                                                       ###
.
                                      Print k-inf:             no
           Nuclides for absorption fraction print:           none
                              Print fission rates:             no
            Step for sorting absorption fractions:              1
=========================================================================================================================
###   Blending information                                                                                            ###
.
  --- no blending requested in this job ---
=========================================================================================================================
.
.
=========================================================================================================================
=   History overview for case 'irrad' (#1/2)                                                                            =
-------------------------------------------------------------------------------------------------------------------------
   step          t0          t1          dt           t        flux     fluence       power      energy
    (-)         (d)         (d)         (s)         (s)   (n/cm2-s)     (n/cm2)        (MW)       (MWd)
      1      0.0000    550.0000  4.7520E+07  4.7520E+07  5.3144E+14  2.5254E+22  5.3994E+01  2.9697E+04
          
              step - step index within this case
                t0 - time at beginning-of-step in input units
                t1 - time at end-of-step in input units
                dt - length of step in seconds
                 t - end-of-step cumulative time in seconds
              flux - flux in neutrons/cm^2-sec (CALCULATED)
           fluence - cumulative end-of-step fluence in neutrons/cm^2 (CALCULATED)
             power - power in mega-watts (INPUT)     
            energy - cumulative end-of-step energy released in mega-watt-days (INPUT)     
=========================================================================================================================
.
.
.
.
.
*************************************************************************************************************************
********************                                                                                 ********************
********************                                                                                 ********************
********************                    Library information                                          ********************
********************                                                                                 ********************
********************                                                                                 ********************
*************************************************************************************************************************
.
.
=========================================================================================================================
=   Library summary for case 'irrad' (#1/2)                                                                             =
-------------------------------------------------------------------------------------------------------------------------
filename: C:/Users/Teddy/AppData/Local/Temp/scale.Teddy.7368/w17x17_100d.f33 cross-section data taken from position number: 1
library title delimited by {}: 
{}
date library was produced: 538976288/538976288/538976288
total number of nuclides in library: 2237
number of light-element nuclides: 910
number of actinide nuclides: 176
number of fission product nuclides: 1151
number of nonzero off-diagonal matrix elements: 54564
=========================================================================================================================
.
.
*************************************************************************************************************************
********************                                                                                 ********************
********************                                                                                 ********************
********************                    Concentration tables                                         ********************
********************                                                                                 ********************
********************                                                                                 ********************
*************************************************************************************************************************
.
.
=========================================================================================================================
=   Nuclide concentrations in grams for case 'irrad' (#1/2)                                                             =
-------------------------------------------------------------------------------------------------------------------------
  (relative cutoff; integral of concentrations over time >   1.00E-06 % of integral of all concentrations over time)
.
                   0.000d    550.000d   
  h-3          0.0000E+00  4.7348E-02
  he-4         0.0000E+00  1.1915E+00
  u-234        0.0000E+00  1.5466E+00
  u-235        2.8000E+04  7.1970E+03
  u-236        0.0000E+00  3.4490E+03
  u-237        0.0000E+00  1.2568E+01
  u-238        9.7200E+05  9.4774E+05
  u-239        0.0000E+00  9.1951E-01
  np-237       0.0000E+00  3.5081E+02
  np-238       0.0000E+00  1.6729E+00
  np-239       0.0000E+00  1.3263E+02
  pu-238       0.0000E+00  1.1681E+02
  pu-239       0.0000E+00  5.1113E+03
  pu-240       0.0000E+00  1.9779E+03
  pu-241       0.0000E+00  1.4790E+03
  pu-242       0.0000E+00  5.3750E+02
  pu-243       0.0000E+00  2.2541E-01
  pu-244       0.0000E+00  2.7884E-02
  am-241       0.0000E+00  2.3039E+01
  am-242m      0.0000E+00  3.9189E-01
  am-242       0.0000E+00  1.1257E-01
  am-243       0.0000E+00  9.1985E+01
  cm-242       0.0000E+00  1.0723E+01
  cm-243       0.0000E+00  2.3847E-01
  cm-244       0.0000E+00  2.8448E+01
  cm-245       0.0000E+00  1.3691E+00
  cm-246       0.0000E+00  1.2787E-01
  ge-74        0.0000E+00  4.8847E-02
  as-75        0.0000E+00  1.1730E-01
  ge-76        0.0000E+00  3.0600E-01
  se-77        0.0000E+00  7.2096E-01
  se-78        0.0000E+00  2.0859E+00
  se-79        0.0000E+00  4.4534E+00
  se-80        0.0000E+00  1.1571E+01
  br-81        0.0000E+00  1.9352E+01
  se-82        0.0000E+00  3.0404E+01
  kr-82        0.0000E+00  5.4011E-01
  kr-83        0.0000E+00  3.7552E+01
  kr-84        0.0000E+00  9.8831E+01
  kr-85        0.0000E+00  2.3146E+01
  kr-85m       0.0000E+00  3.8097E-02
  rb-85        0.0000E+00  8.8304E+01
  kr-86        0.0000E+00  1.6655E+02
  rb-86        0.0000E+00  3.0147E-02
  sr-86        0.0000E+00  3.2796E-01
  kr-87        0.0000E+00  2.0926E-02
  rb-87        0.0000E+00  2.1898E+02
  kr-88        0.0000E+00  6.2996E-02
  sr-88        0.0000E+00  3.0403E+02
  sr-89        0.0000E+00  3.6484E+01
  y-89         0.0000E+00  3.7799E+02
  sr-90        0.0000E+00  4.8980E+02
  y-90         0.0000E+00  1.3297E-01
  zr-90        0.0000E+00  1.0723E+01
  sr-91        0.0000E+00  3.9533E-01
  y-91         0.0000E+00  6.3498E+01
  y-91m        0.0000E+00  2.0017E-02
  zr-91        0.0000E+00  4.6825E+02
  sr-92        0.0000E+00  1.2381E-01
  y-92         0.0000E+00  1.6361E-01
  zr-92        0.0000E+00  5.8057E+02
  y-93         0.0000E+00  5.5164E-01
  zr-93        0.0000E+00  6.4487E+02
  zr-94        0.0000E+00  6.9335E+02
  zr-95        0.0000E+00  1.0489E+02
  nb-95        0.0000E+00  5.7058E+01
  nb-95m       0.0000E+00  6.3978E-02
  mo-95        0.0000E+00  5.9007E+02
  zr-96        0.0000E+00  7.3953E+02
  mo-96        0.0000E+00  2.9984E+01
  zr-97        0.0000E+00  1.1537E+00
  nb-97        0.0000E+00  8.3422E-02
  mo-97        0.0000E+00  7.3739E+02
  mo-98        0.0000E+00  7.6497E+02
  mo-99        0.0000E+00  5.2237E+00
  tc-99        0.0000E+00  7.3727E+02
  tc-99m       0.0000E+00  4.1973E-01
  ru-99        0.0000E+00  2.6665E-02
  mo-100       0.0000E+00  8.6854E+02
  ru-100       0.0000E+00  8.0920E+01
  ru-101       0.0000E+00  7.2759E+02
  ru-102       0.0000E+00  7.4322E+02
  ru-103       0.0000E+00  7.2529E+01
  rh-103       0.0000E+00  4.3613E+02
  rh-103m      0.0000E+00  7.1215E-02
  tc-104       0.0000E+00  2.0282E-02
  ru-104       0.0000E+00  5.3436E+02
  pd-104       0.0000E+00  2.0361E+02
  ru-105       0.0000E+00  2.5646E-01
  rh-105       0.0000E+00  1.7899E+00
  pd-105       0.0000E+00  3.5900E+02
  ru-106       0.0000E+00  2.0987E+02
  pd-106       0.0000E+00  1.7273E+02
  pd-107       0.0000E+00  2.1818E+02
  pd-108       0.0000E+00  1.4384E+02
  pd-109       0.0000E+00  2.5765E-01
  ag-109       0.0000E+00  7.7978E+01
  pd-110       0.0000E+00  4.7388E+01
  ag-110m      0.0000E+00  6.6263E-01
  cd-110       0.0000E+00  3.0269E+01
  ag-111       0.0000E+00  6.6311E-01
  cd-111       0.0000E+00  2.2969E+01
  pd-112       0.0000E+00  3.4139E-02
  cd-112       0.0000E+00  1.1912E+01
  cd-113       0.0000E+00  1.1643E-01
  cd-114       0.0000E+00  1.4129E+01
  cd-115       0.0000E+00  3.1322E-02
  cd-115m      0.0000E+00  3.8468E-02
  in-115       0.0000E+00  1.8823E+00
  sn-115       0.0000E+00  2.2593E-01
  cd-116       0.0000E+00  5.2321E+00
  sn-116       0.0000E+00  2.9648E+00
  sn-117       0.0000E+00  4.7511E+00
  sn-118       0.0000E+00  4.4205E+00
  sn-119       0.0000E+00  4.2802E+00
  sn-119m      0.0000E+00  8.1935E-02
  sn-120       0.0000E+00  4.3997E+00
  sn-121m      0.0000E+00  3.5102E-01
  sb-121       0.0000E+00  4.2343E+00
  sn-122       0.0000E+00  5.6162E+00
  te-122       0.0000E+00  2.7283E-01
  sn-123       0.0000E+00  2.7451E-01
  sb-123       0.0000E+00  5.2950E+00
  sn-124       0.0000E+00  8.9186E+00
  sb-124       0.0000E+00  5.7325E-02
  te-124       0.0000E+00  1.5980E-01
  sn-125       0.0000E+00  1.4362E-01
  sb-125       0.0000E+00  9.9546E+00
  te-125       0.0000E+00  1.7716E+00
  te-125m      0.0000E+00  1.1212E-01
  sn-126       0.0000E+00  1.9446E+01
  te-126       0.0000E+00  4.7824E-01
  sb-127       0.0000E+00  5.2598E-01
  te-127       0.0000E+00  4.6863E-02
  te-127m      0.0000E+00  7.9051E-01
  i-127        0.0000E+00  4.0506E+01
  te-128       0.0000E+00  8.9630E+01
  xe-128       0.0000E+00  2.1770E+00
  sb-129       0.0000E+00  7.5180E-02
  te-129m      0.0000E+00  2.2531E+00
  i-129        0.0000E+00  1.4674E+02
  te-130       0.0000E+00  3.5125E+02
  xe-130       0.0000E+00  5.5740E+00
  te-131       0.0000E+00  2.0571E-02
  te-131m      0.0000E+00  3.8757E-01
  i-131        0.0000E+00  1.1212E+01
  xe-131       0.0000E+00  4.0710E+02
  xe-131m      0.0000E+00  1.9571E-01
  te-132       0.0000E+00  6.3190E+00
  i-132        0.0000E+00  1.9390E-01
  xe-132       0.0000E+00  1.0046E+03
  te-133m      0.0000E+00  5.3014E-02
  i-133        0.0000E+00  2.4495E+00
  xe-133       0.0000E+00  1.4821E+01
  xe-133m      0.0000E+00  1.9273E-01
  cs-133       0.0000E+00  1.0497E+03
  te-134       0.0000E+00  7.0643E-02
  i-134        0.0000E+00  1.1543E-01
  xe-134       0.0000E+00  1.4077E+03
  cs-134       0.0000E+00  1.2026E+02
  ba-134       0.0000E+00  2.2365E+01
  i-135        0.0000E+00  7.5295E-01
  xe-135       0.0000E+00  1.8428E-01
  cs-135       0.0000E+00  2.1290E+02
  ba-135       0.0000E+00  1.2579E-01
  xe-136       0.0000E+00  2.2792E+03
  cs-136       0.0000E+00  6.0056E-01
  ba-136       0.0000E+00  1.2107E+01
  cs-137       0.0000E+00  1.1470E+03
  ba-137       0.0000E+00  2.0976E+01
  xe-138       0.0000E+00  2.3853E-02
  cs-138       0.0000E+00  6.2167E-02
  ba-138       0.0000E+00  1.1991E+03
  ba-139       0.0000E+00  1.4829E-01
  la-139       0.0000E+00  1.1240E+03
  ba-140       0.0000E+00  3.1604E+01
  la-140       0.0000E+00  4.2820E+00
  ce-140       0.0000E+00  1.1019E+03
  ba-141       0.0000E+00  2.9656E-02
  la-141       0.0000E+00  3.8476E-01
  ce-141       0.0000E+00  7.5713E+01
  pr-141       0.0000E+00  9.8684E+02
  la-142       0.0000E+00  1.4330E-01
  ce-142       0.0000E+00  1.0397E+03
  pr-142       0.0000E+00  7.0164E-02
  nd-142       0.0000E+00  1.7422E+01
  la-143       0.0000E+00  2.1401E-02
  ce-143       0.0000E+00  3.0095E+00
  pr-143       0.0000E+00  2.9404E+01
  nd-143       0.0000E+00  7.1853E+02
  ce-144       0.0000E+00  4.8512E+02
  pr-144       0.0000E+00  2.0668E-02
  nd-144       0.0000E+00  7.1778E+02
  pr-145       0.0000E+00  3.7917E-01
  nd-145       0.0000E+00  6.2402E+02
  pr-146       0.0000E+00  2.0822E-02
  nd-146       0.0000E+00  6.3047E+02
  nd-147       0.0000E+00  1.0606E+01
  pm-147       0.0000E+00  1.9139E+02
  sm-147       0.0000E+00  4.1126E+01
  nd-148       0.0000E+00  3.5017E+02
  pm-148       0.0000E+00  1.8079E+00
  pm-148m      0.0000E+00  1.4993E+00
  sm-148       0.0000E+00  1.0568E+02
  nd-149       0.0000E+00  4.2858E-02
  pm-149       0.0000E+00  1.9508E+00
  sm-149       0.0000E+00  2.1386E+00
  nd-150       0.0000E+00  1.6706E+02
  sm-150       0.0000E+00  2.8463E+02
  pm-151       0.0000E+00  3.8374E-01
  sm-151       0.0000E+00  1.1067E+01
  sm-152       0.0000E+00  1.0442E+02
  sm-153       0.0000E+00  1.4486E+00
  eu-153       0.0000E+00  1.0995E+02
  sm-154       0.0000E+00  3.7049E+01
  eu-154       0.0000E+00  2.3173E+01
  gd-154       0.0000E+00  1.0127E+00
  eu-155       0.0000E+00  8.3371E+00
  gd-155       0.0000E+00  3.7096E-02
  eu-156       0.0000E+00  6.8694E+00
  gd-156       0.0000E+00  8.1148E+01
  eu-157       0.0000E+00  3.0873E-02
  gd-157       0.0000E+00  1.0253E-01
  gd-158       0.0000E+00  1.8391E+01
  tb-159       0.0000E+00  2.3794E+00
  gd-160       0.0000E+00  1.0570E+00
  tb-160       0.0000E+00  1.1039E-01
  dy-160       0.0000E+00  1.4939E-01
  dy-161       0.0000E+00  3.4671E-01
  dy-162       0.0000E+00  2.6663E-01
  dy-163       0.0000E+00  1.9916E-01
  dy-164       0.0000E+00  4.2662E-02
  ho-165       0.0000E+00  7.4422E-02
  er-166       0.0000E+00  2.0877E-02
------------
  totals       1.0000E+06  1.0002E+06
=========================================================================================================================
.
.
=========================================================================================================================
=   History overview for case 'decay' (#2/2)                                                                            =
-------------------------------------------------------------------------------------------------------------------------
   step          t0          t1          dt           t        flux     fluence       power      energy
    (-)         (y)         (y)         (s)         (s)   (n/cm2-s)     (n/cm2)        (MW)       (MWd)
      1      1.5057      2.5057  3.1560E+07  7.9080E+07  0.0000E+00  2.5254E+22  0.0000E+00  2.9697E+04
          
              step - step index within this case
                t0 - time at beginning-of-step in input units
                t1 - time at end-of-step in input units
                dt - length of step in seconds
                 t - end-of-step cumulative time in seconds
              flux - flux in neutrons/cm^2-sec (CALCULATED)
           fluence - cumulative end-of-step fluence in neutrons/cm^2 (CALCULATED)
             power - power in mega-watts (INPUT)     
            energy - cumulative end-of-step energy released in mega-watt-days (INPUT)     
=========================================================================================================================
.
.
.
.
.
*************************************************************************************************************************
********************                                                                                 ********************
********************                                                                                 ********************
********************                    Library information                                          ********************
********************                                                                                 ********************
********************                                                                                 ********************
*************************************************************************************************************************
.
.
=========================================================================================================================
=   Library summary for case 'decay' (#2/2)                                                                             =
-------------------------------------------------------------------------------------------------------------------------
filename: C:/Users/Teddy/AppData/Local/Temp/scale.Teddy.7368/w17x17_100d.f33 cross-section data taken from position number: 1
library title delimited by {}: 
{}
date library was produced: 538976288/538976288/538976288
total number of nuclides in library: 2237
number of light-element nuclides: 910
number of actinide nuclides: 176
number of fission product nuclides: 1151
number of nonzero off-diagonal matrix elements: 54564
=========================================================================================================================
.
.
*************************************************************************************************************************
********************                                                                                 ********************
********************                                                                                 ********************
********************                    Concentration tables                                         ********************
********************                                                                                 ********************
********************                                                                                 ********************
*************************************************************************************************************************
.
.
=========================================================================================================================
=   Nuclide concentrations in grams for case 'decay' (#2/2)                                                             =
-------------------------------------------------------------------------------------------------------------------------
  (relative cutoff; integral of concentrations over time >   1.00E-06 % of integral of all concentrations over time)
.
                   1.506y      2.506y   
  h-3          4.7348E-02  4.4758E-02
  he-4         1.1915E+00  1.3743E+00
  u-234        1.5466E+00  2.5044E+00
  u-235        7.1970E+03  7.1971E+03
  u-236        3.4490E+03  3.4492E+03
  u-237        1.2568E+01  4.3957E-05
  u-238        9.4774E+05  9.4774E+05
  u-239        9.1951E-01  0.0000E+00
  np-237       3.5081E+02  3.6347E+02
  np-238       1.6729E+00  7.2365E-08
  np-239       1.3263E+02  7.9367E-05
  pu-238       1.1681E+02  1.2590E+02
  pu-239       5.1113E+03  5.2447E+03
  pu-240       1.9779E+03  1.9788E+03
  pu-241       1.4790E+03  1.4090E+03
  pu-242       5.3750E+02  5.3752E+02
  pu-243       2.2541E-01  4.0790E-14
  pu-244       2.7884E-02  2.7887E-02
  am-241       2.3039E+01  9.2978E+01
  am-242m      3.9189E-01  3.8997E-01
  am-242       1.1257E-01  5.0314E-06
  am-243       9.1985E+01  9.2201E+01
  cm-242       1.0723E+01  2.2877E+00
  cm-243       2.3847E-01  2.3286E-01
  cm-244       2.8448E+01  2.7395E+01
  cm-245       1.3691E+00  1.3690E+00
  cm-246       1.2787E-01  1.2785E-01
  ge-73        1.9131E-02  1.9142E-02
  ge-74        4.8847E-02  4.8848E-02
  as-75        1.1730E-01  1.1732E-01
  ge-76        3.0600E-01  3.0600E-01
  se-77        7.2096E-01  7.2428E-01
  se-78        2.0859E+00  2.0865E+00
  se-79        4.4534E+00  4.4535E+00
  se-80        1.1571E+01  1.1571E+01
  br-81        1.9352E+01  1.9353E+01
  se-82        3.0404E+01  3.0404E+01
  kr-82        5.4011E-01  5.4398E-01
  kr-83        3.7552E+01  3.7570E+01
  kr-84        9.8831E+01  9.8835E+01
  kr-85        2.3146E+01  2.1709E+01
  kr-85m       3.8097E-02  0.0000E+00
  rb-85        8.8304E+01  8.9780E+01
  kr-86        1.6655E+02  1.6655E+02
  rb-86        3.0147E-02  3.7777E-08
  sr-86        3.2796E-01  3.5810E-01
  kr-87        2.0926E-02  0.0000E+00
  rb-87        2.1898E+02  2.1900E+02
  kr-88        6.2996E-02  0.0000E+00
  sr-88        3.0403E+02  3.0410E+02
  sr-89        3.6484E+01  2.4326E-01
  y-89         3.7799E+02  4.1424E+02
  sr-90        4.8980E+02  4.7815E+02
  y-90         1.3297E-01  1.2129E-01
  zr-90        1.0723E+01  2.2387E+01
  sr-91        3.9533E-01  0.0000E+00
  y-91         6.3498E+01  8.4386E-01
  y-91m        2.0017E-02  0.0000E+00
  zr-91        4.6825E+02  5.3132E+02
  sr-92        1.2381E-01  0.0000E+00
  y-92         1.6361E-01  0.0000E+00
  zr-92        5.8057E+02  5.8086E+02
  y-93         5.5164E-01  0.0000E+00
  zr-93        6.4487E+02  6.4543E+02
  zr-94        6.9335E+02  6.9337E+02
  zr-95        1.0489E+02  2.0115E+00
  nb-95        5.7058E+01  2.4504E+00
  nb-95m       6.3978E-02  1.2982E-03
  mo-95        5.9007E+02  7.4771E+02
  zr-96        7.3953E+02  7.3953E+02
  mo-96        2.9984E+01  2.9991E+01
  zr-97        1.1537E+00  0.0000E+00
  nb-97        8.3422E-02  0.0000E+00
  mo-97        7.3739E+02  7.3863E+02
  mo-98        7.6497E+02  7.6497E+02
  mo-99        5.2237E+00  0.0000E+00
  tc-99        7.3727E+02  7.4291E+02
  tc-99m       4.1973E-01  0.0000E+00
  ru-99        2.6665E-02  2.9290E-02
  mo-100       8.6854E+02  8.6854E+02
  ru-100       8.0920E+01  8.0920E+01
  ru-101       7.2759E+02  7.2763E+02
  ru-102       7.4322E+02  7.4324E+02
  ru-103       7.2529E+01  1.1449E-01
  rh-103       4.3613E+02  5.0862E+02
  rh-103m      7.1215E-02  1.1246E-04
  tc-104       2.0282E-02  0.0000E+00
  ru-104       5.3436E+02  5.3438E+02
  pd-104       2.0361E+02  2.0361E+02
  ru-105       2.5646E-01  0.0000E+00
  rh-105       1.7899E+00  0.0000E+00
  pd-105       3.5900E+02  3.6105E+02
  ru-106       2.0987E+02  1.0622E+02
  pd-106       1.7273E+02  2.7639E+02
  pd-107       2.1818E+02  2.1820E+02
  pd-108       1.4384E+02  1.4385E+02
  pd-109       2.5765E-01  0.0000E+00
  ag-109       7.7978E+01  7.8237E+01
  pd-110       4.7388E+01  4.7388E+01
  ag-110m      6.6263E-01  2.4044E-01
  cd-110       3.0269E+01  3.0692E+01
  ag-111       6.6311E-01  1.1555E-15
  cd-111       2.2969E+01  2.3633E+01
  pd-112       3.4139E-02  0.0000E+00
  cd-112       1.1912E+01  1.1951E+01
  cd-113       1.1643E-01  1.2042E-01
  cd-114       1.4129E+01  1.4129E+01
  cd-115       3.1322E-02  0.0000E+00
  cd-115m      3.8468E-02  1.3108E-04
  in-115       1.8823E+00  1.9531E+00
  sn-115       2.2593E-01  2.2763E-01
  cd-116       5.2321E+00  5.2321E+00
  sn-116       2.9648E+00  2.9651E+00
  sn-117       4.7511E+00  4.7541E+00
  sn-118       4.4205E+00  4.4210E+00
  sn-119       4.2802E+00  4.3277E+00
  sn-119m      8.1935E-02  3.4529E-02
  sn-120       4.3997E+00  4.3997E+00
  sn-121m      3.5102E-01  3.4552E-01
  sb-121       4.2343E+00  4.2539E+00
  sn-122       5.6162E+00  5.6163E+00
  te-122       2.7283E-01  2.7690E-01
  sn-123       2.7451E-01  3.8678E-02
  sb-123       5.2950E+00  5.5312E+00
  sn-124       8.9186E+00  8.9186E+00
  sb-124       5.7325E-02  8.5459E-04
  te-124       1.5980E-01  2.1626E-01
  sn-125       1.4362E-01  5.6304E-13
  sb-125       9.9546E+00  7.8555E+00
  te-125       1.7716E+00  4.0173E+00
  te-125m      1.1212E-01  1.0917E-01
  sn-126       1.9446E+01  1.9446E+01
  te-126       4.7824E-01  4.8564E-01
  sb-127       5.2598E-01  0.0000E+00
  te-127       4.6863E-02  3.0244E-04
  te-127m      7.9051E-01  8.6389E-02
  i-127        4.0506E+01  4.1790E+01
  te-128       8.9630E+01  8.9647E+01
  xe-128       2.1770E+00  2.1772E+00
  sb-129       7.5180E-02  0.0000E+00
  te-129m      2.2531E+00  1.2089E-03
  i-129        1.4674E+02  1.4909E+02
  xe-129       1.3216E-02  1.3331E-02
  te-130       3.5125E+02  3.5126E+02
  xe-130       5.5740E+00  5.5879E+00
  te-131       2.0571E-02  0.0000E+00
  te-131m      3.8757E-01  0.0000E+00
  i-131        1.1212E+01  2.3281E-13
  xe-131       4.0710E+02  4.1893E+02
  xe-131m      1.9571E-01  3.0416E-10
  te-132       6.3190E+00  0.0000E+00
  i-132        1.9390E-01  0.0000E+00
  xe-132       1.0046E+03  1.0112E+03
  te-133m      5.3014E-02  0.0000E+00
  i-133        2.4495E+00  0.0000E+00
  xe-133       1.4821E+01  1.9406E-20
  xe-133m      1.9273E-01  0.0000E+00
  cs-133       1.0497E+03  1.0672E+03
  te-134       7.0643E-02  0.0000E+00
  i-134        1.1543E-01  0.0000E+00
  xe-134       1.4077E+03  1.4079E+03
  cs-134       1.2026E+02  8.5977E+01
  ba-134       2.2365E+01  5.6658E+01
  i-135        7.5295E-01  0.0000E+00
  xe-135       1.8428E-01  0.0000E+00
  cs-135       2.1290E+02  2.1385E+02
  ba-135       1.2579E-01  1.2596E-01
  xe-136       2.2792E+03  2.2792E+03
  cs-136       6.0056E-01  2.6479E-09
  ba-136       1.2107E+01  1.2708E+01
  cs-137       1.1470E+03  1.1209E+03
  ba-137       2.0976E+01  4.7107E+01
  xe-138       2.3853E-02  0.0000E+00
  cs-138       6.2167E-02  0.0000E+00
  ba-138       1.1991E+03  1.1992E+03
  la-138       1.1939E-02  1.1939E-02
  ba-139       1.4829E-01  0.0000E+00
  la-139       1.1240E+03  1.1242E+03
  ba-140       3.1604E+01  7.5412E-08
  la-140       4.2820E+00  1.1430E-08
  ce-140       1.1019E+03  1.1378E+03
  ba-141       2.9656E-02  0.0000E+00
  la-141       3.8476E-01  0.0000E+00
  ce-141       7.5713E+01  3.1549E-02
  pr-141       9.8684E+02  1.0629E+03
  la-142       1.4330E-01  0.0000E+00
  ce-142       1.0397E+03  1.0399E+03
  pr-142       7.0164E-02  0.0000E+00
  nd-142       1.7422E+01  1.7492E+01
  la-143       2.1401E-02  0.0000E+00
  ce-143       3.0095E+00  0.0000E+00
  pr-143       2.9404E+01  2.5845E-07
  nd-143       7.1853E+02  7.5096E+02
  ce-144       4.8512E+02  1.9948E+02
  pr-144       2.0668E-02  8.4024E-03
  nd-144       7.1778E+02  1.0034E+03
  pr-145       3.7917E-01  0.0000E+00
  nd-145       6.2402E+02  6.2440E+02
  pr-146       2.0822E-02  0.0000E+00
  nd-146       6.3047E+02  6.3050E+02
  nd-147       1.0606E+01  1.0264E-09
  pm-147       1.9139E+02  1.5519E+02
  sm-147       4.1126E+01  8.7939E+01
  nd-148       3.5017E+02  3.5018E+02
  pm-148       1.8079E+00  2.0439E-05
  pm-148m      1.4993E+00  3.2567E-03
  sm-148       1.0568E+02  1.0898E+02
  nd-149       4.2858E-02  0.0000E+00
  pm-149       1.9508E+00  0.0000E+00
  sm-149       2.1386E+00  4.1332E+00
  nd-150       1.6706E+02  1.6706E+02
  sm-150       2.8463E+02  2.8463E+02
  pm-151       3.8374E-01  0.0000E+00
  sm-151       1.1067E+01  1.1366E+01
  eu-151       7.2697E-03  9.5137E-02
  sm-152       1.0442E+02  1.0442E+02
  gd-152       1.1654E-02  1.1753E-02
  sm-153       1.4486E+00  0.0000E+00
  eu-153       1.0995E+02  1.1140E+02
  sm-154       3.7049E+01  3.7050E+01
  eu-154       2.3173E+01  2.1379E+01
  gd-154       1.0127E+00  2.8067E+00
  eu-155       8.3371E+00  7.2066E+00
  gd-155       3.7096E-02  1.1687E+00
  eu-156       6.8694E+00  3.9728E-07
  gd-156       8.1148E+01  8.8035E+01
  eu-157       3.0873E-02  0.0000E+00
  gd-157       1.0253E-01  1.3357E-01
  gd-158       1.8391E+01  1.8391E+01
  tb-159       2.3794E+00  2.3884E+00
  gd-160       1.0570E+00  1.0570E+00
  tb-160       1.1039E-01  3.3270E-03
  dy-160       1.4939E-01  2.5646E-01
  dy-161       3.4671E-01  3.6427E-01
  dy-162       2.6663E-01  2.6664E-01
  dy-163       1.9916E-01  1.9917E-01
  dy-164       4.2662E-02  4.2662E-02
  ho-165       7.4422E-02  7.4480E-02
  er-166       2.0877E-02  2.1134E-02
------------
  totals       1.0002E+06  1.0002E+06
=========================================================================================================================
.
.
*************************************************************************************************************************
********************                                                                                 ********************
********************                                                                                 ********************
********************                    Written F71 File Information                                 ********************
********************                                                                                 ********************
********************                                                                                 ********************
*************************************************************************************************************************
.
.
   pos         time        power         flux      fluence       energy libpos   case   step DCGNAB
   (-)          (s)         (MW)    (n/cm2-s)      (n/cm2)        (MWd)    (-)    (-)    (-)    (-)
     1  4.75200e+07  0.00000e+00  0.00000e+00  2.52538e+22  2.96970e+04      1      2      0 DC----
     2  7.90800e+07  0.00000e+00  0.00000e+00  2.52538e+22  2.96970e+04      1      2      1 DC----
    D - state definition present
    C - concentrations present
    G - gamma emission spectra present
    N - neutron emission spectra present
    A - alpha emission spectra present
    B - beta emission spectra present
.
.
.
=========================================================================================================================
ORIGEN finished successfully.
=========================================================================================================================
    module origen used 0.647661 seconds cpu time for the current pass.

    module origen is finished. completion code    0. total cpu time used 3.73226e-006 seconds.


    SCALE is finished on Wed Feb 13 18:29:16 2019.
-------------------------- Summary --------------------------
arp finished. used 3.09738 seconds.
origen finished. used 0.654084 seconds.
SCALE driver required a maximum of 8.316 MiB of RAM.
------------------------ End Summary ------------------------

w17x17_100d.f33 copied to C:\Users\Teddy\Desktop\scale_test\output\w17x17_100d.f33.
discharge.f71 copied to C:\Users\Teddy\Desktop\scale_test\output\discharge.f71.
