 *******************************************************************************
 *                                                                             *
 *                                 SCALE 6.2.2                                 *
 *                                -------------                                *
 *                                February 2019                                *
 *                                                                             *
 *           SCALE:  A Comprehensive Modeling and Simulation Suite             *
 *                   for Nuclear Safety Analysis and Design                    *
 *                                                                             *
 *                      Reactor and Nuclear Systems Division                   *
 *                        Oak Ridge National Laboratory                        *
 *                                                                             *
 *                           http://scale.ornl.gov                             *
 *                            scalehelp@ornl.gov                               *
 *                                                                             *
 *******************************************************************************
 *******************************************************************************
      
                  Job Information
                  ---------------
      Job started on DESKTOP-J14NAA6 on Wed 13/02/2019 18:29:44
      Working directory: C:\Users\Teddy\AppData\Local\Temp\scale.Teddy.7196
      Input file name  : C:\Users\Teddy\Desktop\scale_test\output\2.800000_36060.606061.inp
      Output file name : C:\Users\Teddy\Desktop\scale_test\output\2.800000_36060.606061.out
      SCALE executable : C:\SCALE-6.2.2/bin/scale
      
 *******************************************************************************


    module arp will be called on Wed Feb 13 18:29:45 2019.
    sequence specification record:=arp
Input Data:

      'library type
      w17x17
      2.800000
      ' num cycles
      1
      ' num days per cycle
      550
      ' cycle average specific power (MW / MTU)
      65.564738
      ' number of interpolated cross section sets generated per cycle
      1
      ' moderator density (g/cc)
      0.723
      ' interpolated output ORIGEN library
      w17x17_100d.f33
end

1






        ************************************************************************************************************************
        ************************************************************************************************************************
        ************************************************************************************************************************
        *****                                                                                                              *****
        *****                                       program verification information                                       *****
        *****                                                                                                              *****
        *****                                   code system:  SCALE    version:  6.2                                       *****
        *****                                                                                                              *****
        ************************************************************************************************************************
        ************************************************************************************************************************
        *****                                                                                                              *****
        *****                                                                                                              *****
        *****              program:  arp.exe                                                                               *****
        *****                                                                                                              *****
        *****        creation date:   unknown                                                                              *****
        *****                                                                                                              *****
        *****              library:  C:\SCALE-6.2.2\bin                                                                    *****
        *****                                                                                                              *****
        *****                                                                                                              *****
        *****            prod code:  arp.exe                                                                               *****
        *****                                                                                                              *****
        *****              version:  6.2.2                                                                                 *****
        *****                                                                                                              *****
        *****              jobname:  Teddy                                                                                 *****
        *****                                                                                                              *****
        *****         machine name:  DESKTOP-J14NAA6                                                                       *****
        *****                                                                                                              *****
        *****    date of execution:  13_feb_2019                                                                           *****
        *****                                                                                                              *****
        *****    time of execution:  18:29:45.44                                                                           *****
        *****                                                                                                              *****
        *****                                                                                                              *****
        ************************************************************************************************************************
        ************************************************************************************************************************
        ************************************************************************************************************************


 'library type
    data library:       w17x17
       directory:       C:/SCALE-6.2.2/data/\arplibs
       definition:      C:/SCALE-6.2.2/data/\arpdata.txt
    u-235 enrichment:                        2.800

 ' num cycles
    number of cycles:                            1

 ' num days per cycle

 ' cycle average specific power (MW / MTU)

 ' number of interpolated cross section sets generated per cycle

 ' moderator density (g/cc)
    water density (g/cm3):                  0.7230
                                         cycle        cumulative      midpoint
   cycle time(d)        power(MW)      burnup(MWd/MTU)burnup(MWd/MTU)burnup(MWd/MTU)nlib
     1    550.000        65.5647        36060.6        36060.6        18030.3             1

 ' interpolated output ORIGEN library
    interpolated library name:                   w17x17_100d.f33
 interpolation type: spline
 Cross section library interpolation completed.
.
.
.
=========================================================================================================================
ARP finished successfully.
=========================================================================================================================
    module arp used 1.91443 seconds cpu time for the current pass.

    module arp is finished. completion code    0. total cpu time used 1.07303e-005 seconds.



    module origen will be called on Wed Feb 13 18:29:47 2019.
    sequence specification record:=origen
Input Data:

      case(irrad) {
          lib{
              file="w17x17_100d.f33" pos=1
          }
          mat {
              units=GRAMS
              iso=[u235=28000.000000 u238=972000.000000]
          }
          time = [ 550 ]
          power = [ 65.564738 ]
      }
      case (decay) {
          time {
              units=YEARS
              start=0
              t=[1]
          }
          save{ file="discharge.f71" steps=[0 LAST]}
      }
end

1






        ************************************************************************************************************************
        ************************************************************************************************************************
        ************************************************************************************************************************
        *****                                                                                                              *****
        *****                                       program verification information                                       *****
        *****                                                                                                              *****
        *****                                   code system:  SCALE    version:  6.2                                       *****
        *****                                                                                                              *****
        ************************************************************************************************************************
        ************************************************************************************************************************
        *****                                                                                                              *****
        *****                                                                                                              *****
        *****              program:  origen.exe                                                                            *****
        *****                                                                                                              *****
        *****        creation date:   unknown                                                                              *****
        *****                                                                                                              *****
        *****              library:  C:\SCALE-6.2.2\bin                                                                    *****
        *****                                                                                                              *****
        *****                                                                                                              *****
        *****            prod code:  origen.exe                                                                            *****
        *****                                                                                                              *****
        *****              version:  6.2.2                                                                                 *****
        *****                                                                                                              *****
        *****              jobname:  Teddy                                                                                 *****
        *****                                                                                                              *****
        *****         machine name:  DESKTOP-J14NAA6                                                                       *****
        *****                                                                                                              *****
        *****    date of execution:  13_feb_2019                                                                           *****
        *****                                                                                                              *****
        *****    time of execution:  18:29:47.36                                                                           *****
        *****                                                                                                              *****
        *****                                                                                                              *****
        ************************************************************************************************************************
        ************************************************************************************************************************
        ************************************************************************************************************************

*************************************************************************************************************************
********************                                                                                 ********************
********************                                                                                 ********************
********************                    USER INPUT SUMMARY                                           ********************
********************                                                                                 ********************
********************                                                                                 ********************
*************************************************************************************************************************
.
.
=========================================================================================================================
=   Case "irrad" (#1/2)                                                                                                 =
-------------------------------------------------------------------------------------------------------------------------
###   Library settings                                                                                                ###
.
                                Library file name:     C:/Users/Teddy/AppData/Local/Temp/scale.Teddy.7196/w17x17_100d.f33
                             Library set position:              1
                 Fission product reaction removal:             no
-------------------------------------------------------------------------------------------------------------------------
###   Global settings                                                                                                 ###
.
                                           Solver:              MATREX
                                             Mode:        forward
                             Fixed fission energy:             no
-------------------------------------------------------------------------------------------------------------------------
###   Concentrations output options                                                                                   ###
.
                            High-precision output:             no
                                  Relative cutoff:            yes
                         Step for applying cutoff:       integral
.
                      light els.   actinides  fis.prods.       total
                       nuc    el   nuc    el   nuc    el   nuc    el             cutoff
gram-atoms                                                                    1.000E-06
grams                                                      **                 1.000E-06
curies                                                                        1.000E-06
watts                                                                         1.000E-06
gamma watts                                                                   1.000E-06
m3 air                                                                        1.000E-06
m3 water                                                                      1.000E-06
grams ppm                                                                     1.000E-06
atoms ppm                                                                     1.000E-06
atoms/barn-cm                                                                 1.000E-06
becquerels                                                                    1.000E-06
-------------------------------------------------------------------------------------------------------------------------
###   Additional output options                                                                                       ###
.
                                      Print k-inf:             no
           Nuclides for absorption fraction print:           none
                              Print fission rates:             no
            Step for sorting absorption fractions:              1
=========================================================================================================================
=   Case "decay" (#2/2)                                                                                                 =
-------------------------------------------------------------------------------------------------------------------------
###   Library settings                                                                                                ###
.
                                Library file name:     C:/Users/Teddy/AppData/Local/Temp/scale.Teddy.7196/w17x17_100d.f33
                             Library set position:              1
                 Fission product reaction removal:             no
-------------------------------------------------------------------------------------------------------------------------
###   Global settings                                                                                                 ###
.
                                           Solver:              MATREX
                                             Mode:        forward
                             Fixed fission energy:             no
-------------------------------------------------------------------------------------------------------------------------
###   Concentrations output options                                                                                   ###
.
                            High-precision output:             no
                                  Relative cutoff:            yes
                         Step for applying cutoff:       integral
.
                      light els.   actinides  fis.prods.       total
                       nuc    el   nuc    el   nuc    el   nuc    el             cutoff
gram-atoms                                                                    1.000E-06
grams                                                      **                 1.000E-06
curies                                                                        1.000E-06
watts                                                                         1.000E-06
gamma watts                                                                   1.000E-06
m3 air                                                                        1.000E-06
m3 water                                                                      1.000E-06
grams ppm                                                                     1.000E-06
atoms ppm                                                                     1.000E-06
atoms/barn-cm                                                                 1.000E-06
becquerels                                                                    1.000E-06
-------------------------------------------------------------------------------------------------------------------------
###   Additional output options                                                                                       ###
.
                                      Print k-inf:             no
           Nuclides for absorption fraction print:           none
                              Print fission rates:             no
            Step for sorting absorption fractions:              1
=========================================================================================================================
###   Blending information                                                                                            ###
.
  --- no blending requested in this job ---
=========================================================================================================================
.
.
=========================================================================================================================
=   History overview for case 'irrad' (#1/2)                                                                            =
-------------------------------------------------------------------------------------------------------------------------
   step          t0          t1          dt           t        flux     fluence       power      energy
    (-)         (d)         (d)         (s)         (s)   (n/cm2-s)     (n/cm2)        (MW)       (MWd)
      1      0.0000    550.0000  4.7520E+07  4.7520E+07  6.6346E+14  3.1528E+22  6.5565E+01  3.6061E+04
          
              step - step index within this case
                t0 - time at beginning-of-step in input units
                t1 - time at end-of-step in input units
                dt - length of step in seconds
                 t - end-of-step cumulative time in seconds
              flux - flux in neutrons/cm^2-sec (CALCULATED)
           fluence - cumulative end-of-step fluence in neutrons/cm^2 (CALCULATED)
             power - power in mega-watts (INPUT)     
            energy - cumulative end-of-step energy released in mega-watt-days (INPUT)     
=========================================================================================================================
.
.
.
.
.
*************************************************************************************************************************
********************                                                                                 ********************
********************                                                                                 ********************
********************                    Library information                                          ********************
********************                                                                                 ********************
********************                                                                                 ********************
*************************************************************************************************************************
.
.
=========================================================================================================================
=   Library summary for case 'irrad' (#1/2)                                                                             =
-------------------------------------------------------------------------------------------------------------------------
filename: C:/Users/Teddy/AppData/Local/Temp/scale.Teddy.7196/w17x17_100d.f33 cross-section data taken from position number: 1
library title delimited by {}: 
{}
date library was produced: 538976288/538976288/538976288
total number of nuclides in library: 2237
number of light-element nuclides: 910
number of actinide nuclides: 176
number of fission product nuclides: 1151
number of nonzero off-diagonal matrix elements: 54564
=========================================================================================================================
.
.
*************************************************************************************************************************
********************                                                                                 ********************
********************                                                                                 ********************
********************                    Concentration tables                                         ********************
********************                                                                                 ********************
********************                                                                                 ********************
*************************************************************************************************************************
.
.
=========================================================================================================================
=   Nuclide concentrations in grams for case 'irrad' (#1/2)                                                             =
-------------------------------------------------------------------------------------------------------------------------
  (relative cutoff; integral of concentrations over time >   1.00E-06 % of integral of all concentrations over time)
.
                   0.000d    550.000d   
  h-3          0.0000E+00  5.8131E-02
  he-4         0.0000E+00  1.4841E+00
  u-234        0.0000E+00  1.7609E+00
  u-235        2.8000E+04  5.1872E+03
  u-236        0.0000E+00  3.6809E+03
  u-237        0.0000E+00  1.6139E+01
  u-238        9.7200E+05  9.4179E+05
  u-239        0.0000E+00  1.1413E+00
  np-237       0.0000E+00  4.3275E+02
  np-238       0.0000E+00  2.5450E+00
  np-239       0.0000E+00  1.6450E+02
  pu-238       0.0000E+00  1.7572E+02
  pu-239       0.0000E+00  5.2162E+03
  pu-240       0.0000E+00  2.2537E+03
  pu-241       0.0000E+00  1.6968E+03
  pu-242       0.0000E+00  7.8772E+02
  pu-243       0.0000E+00  4.0696E-01
  pu-244       0.0000E+00  6.6506E-02
  am-241       0.0000E+00  2.4520E+01
  am-242m      0.0000E+00  4.1486E-01
  am-242       0.0000E+00  1.4702E-01
  am-243       0.0000E+00  1.6476E+02
  am-244       0.0000E+00  2.0753E-02
  cm-242       0.0000E+00  1.4921E+01
  cm-243       0.0000E+00  4.0214E-01
  cm-244       0.0000E+00  6.5603E+01
  cm-245       0.0000E+00  3.6944E+00
  cm-246       0.0000E+00  4.4903E-01
  ge-73        0.0000E+00  2.3528E-02
  ge-74        0.0000E+00  6.0124E-02
  as-75        0.0000E+00  1.4027E-01
  ge-76        0.0000E+00  3.6393E-01
  se-77        0.0000E+00  8.4291E-01
  se-78        0.0000E+00  2.4969E+00
  se-79        0.0000E+00  5.2774E+00
  se-80        0.0000E+00  1.3616E+01
  br-81        0.0000E+00  2.2787E+01
  se-82        0.0000E+00  3.5861E+01
  kr-82        0.0000E+00  7.9074E-01
  kr-83        0.0000E+00  4.1327E+01
  kr-84        0.0000E+00  1.1789E+02
  kr-85        0.0000E+00  2.6851E+01
  kr-85m       0.0000E+00  4.1683E-02
  rb-85        0.0000E+00  1.0227E+02
  kr-86        0.0000E+00  1.9263E+02
  rb-86        0.0000E+00  4.3494E-02
  sr-86        0.0000E+00  4.8231E-01
  kr-87        0.0000E+00  2.2733E-02
  rb-87        0.0000E+00  2.5306E+02
  kr-88        0.0000E+00  6.7944E-02
  sr-88        0.0000E+00  3.5069E+02
  sr-89        0.0000E+00  3.9350E+01
  y-89         0.0000E+00  4.4026E+02
  sr-90        0.0000E+00  5.6407E+02
  y-90         0.0000E+00  1.5568E-01
  zr-90        0.0000E+00  1.2832E+01
  sr-91        0.0000E+00  4.3287E-01
  y-91         0.0000E+00  7.0261E+01
  y-91m        0.0000E+00  2.1919E-02
  zr-91        0.0000E+00  5.4591E+02
  sr-92        0.0000E+00  1.3735E-01
  y-92         0.0000E+00  1.8148E-01
  zr-92        0.0000E+00  6.7767E+02
  y-93         0.0000E+00  6.2077E-01
  zr-93        0.0000E+00  7.5639E+02
  y-94         0.0000E+00  2.0658E-02
  zr-94        0.0000E+00  8.1976E+02
  zr-95        0.0000E+00  1.2082E+02
  nb-95        0.0000E+00  6.5658E+01
  nb-95m       0.0000E+00  7.3706E-02
  mo-95        0.0000E+00  6.9463E+02
  zr-96        0.0000E+00  8.8032E+02
  mo-96        0.0000E+00  4.4290E+01
  zr-97        0.0000E+00  1.3434E+00
  nb-97        0.0000E+00  9.7177E-02
  mo-97        0.0000E+00  8.8220E+02
  mo-98        0.0000E+00  9.2272E+02
  mo-99        0.0000E+00  6.1523E+00
  tc-99        0.0000E+00  8.6929E+02
  tc-99m       0.0000E+00  4.9486E-01
  ru-99        0.0000E+00  3.1797E-02
  mo-100       0.0000E+00  1.0498E+03
  ru-100       0.0000E+00  1.1968E+02
  mo-101       0.0000E+00  2.2166E-02
  tc-101       0.0000E+00  2.1566E-02
  ru-101       0.0000E+00  8.7569E+02
  ru-102       0.0000E+00  9.2294E+02
  ru-103       0.0000E+00  8.9228E+01
  rh-103       0.0000E+00  5.0750E+02
  rh-103m      0.0000E+00  8.7620E-02
  tc-104       0.0000E+00  2.5373E-02
  ru-104       0.0000E+00  6.8272E+02
  pd-104       0.0000E+00  3.0069E+02
  ru-105       0.0000E+00  3.2535E-01
  rh-105       0.0000E+00  2.2055E+00
  pd-105       0.0000E+00  4.4853E+02
  ru-106       0.0000E+00  2.7711E+02
  pd-106       0.0000E+00  2.4735E+02
  pd-107       0.0000E+00  2.9046E+02
  pd-108       0.0000E+00  1.9414E+02
  pd-109       0.0000E+00  3.5232E-01
  ag-109       0.0000E+00  1.0075E+02
  pd-110       0.0000E+00  6.4470E+01
  ag-110m      0.0000E+00  9.8969E-01
  cd-110       0.0000E+00  4.9594E+01
  ag-111       0.0000E+00  8.8453E-01
  cd-111       0.0000E+00  3.1402E+01
  pd-112       0.0000E+00  4.4382E-02
  cd-112       0.0000E+00  1.6114E+01
  cd-113       0.0000E+00  1.2248E-01
  cd-114       0.0000E+00  1.8446E+01
  cd-115       0.0000E+00  3.9546E-02
  cd-115m      0.0000E+00  4.8938E-02
  in-115       0.0000E+00  2.0235E+00
  sn-115       0.0000E+00  2.8408E-01
  cd-116       0.0000E+00  6.6250E+00
  sn-116       0.0000E+00  4.1612E+00
  sn-117       0.0000E+00  5.9907E+00
  sn-118       0.0000E+00  5.5686E+00
  sn-119       0.0000E+00  5.3583E+00
  sn-119m      0.0000E+00  1.0201E-01
  sn-120       0.0000E+00  5.5214E+00
  sn-121m      0.0000E+00  4.3945E-01
  sb-121       0.0000E+00  5.2362E+00
  sn-122       0.0000E+00  7.0556E+00
  te-122       0.0000E+00  4.2279E-01
  sn-123       0.0000E+00  3.4864E-01
  sb-123       0.0000E+00  6.5770E+00
  sn-124       0.0000E+00  1.1156E+01
  sb-124       0.0000E+00  8.8227E-02
  te-124       0.0000E+00  2.4916E-01
  sn-125       0.0000E+00  1.7762E-01
  sb-125       0.0000E+00  1.2504E+01
  te-125       0.0000E+00  2.2457E+00
  te-125m      0.0000E+00  1.4128E-01
  sn-126       0.0000E+00  2.4511E+01
  te-126       0.0000E+00  5.9448E-01
  sb-127       0.0000E+00  6.4422E-01
  te-127       0.0000E+00  5.6831E-02
  te-127m      0.0000E+00  8.3372E-01
  i-127        0.0000E+00  4.9754E+01
  te-128       0.0000E+00  1.1167E+02
  xe-128       0.0000E+00  3.3865E+00
  sb-129       0.0000E+00  9.1745E-02
  te-129       0.0000E+00  2.3045E-02
  te-129m      0.0000E+00  2.7454E+00
  i-129        0.0000E+00  1.8188E+02
  xe-129       0.0000E+00  2.5435E-02
  te-130       0.0000E+00  4.2739E+02
  i-130        0.0000E+00  2.1093E-02
  xe-130       0.0000E+00  8.5949E+00
  sb-131       0.0000E+00  2.0361E-02
  te-131       0.0000E+00  2.4425E-02
  te-131m      0.0000E+00  4.6733E-01
  i-131        0.0000E+00  1.3344E+01
  xe-131       0.0000E+00  4.6045E+02
  xe-131m      0.0000E+00  2.3625E-01
  te-132       0.0000E+00  7.4892E+00
  i-132        0.0000E+00  2.3018E-01
  xe-132       0.0000E+00  1.2603E+03
  te-133m      0.0000E+00  6.1670E-02
  i-133        0.0000E+00  2.8846E+00
  xe-133       0.0000E+00  1.7447E+01
  xe-133m      0.0000E+00  2.2848E-01
  cs-133       0.0000E+00  1.2266E+03
  te-134       0.0000E+00  8.1826E-02
  i-134        0.0000E+00  1.3547E-01
  xe-134       0.0000E+00  1.6989E+03
  cs-134       0.0000E+00  1.7343E+02
  ba-134       0.0000E+00  3.2812E+01
  i-135        0.0000E+00  8.8957E-01
  xe-135       0.0000E+00  1.8173E-01
  cs-135       0.0000E+00  2.2541E+02
  ba-135       0.0000E+00  2.3146E-01
  xe-136       0.0000E+00  2.8081E+03
  cs-136       0.0000E+00  7.7740E-01
  ba-136       0.0000E+00  1.5778E+01
  cs-137       0.0000E+00  1.3881E+03
  ba-137       0.0000E+00  2.5652E+01
  xe-138       0.0000E+00  2.7842E-02
  cs-138       0.0000E+00  7.2714E-02
  ba-138       0.0000E+00  1.4414E+03
  ba-139       0.0000E+00  1.7339E-01
  la-139       0.0000E+00  1.3458E+03
  ba-140       0.0000E+00  3.6869E+01
  la-140       0.0000E+00  5.0331E+00
  ce-140       0.0000E+00  1.3296E+03
  ba-141       0.0000E+00  3.4534E-02
  la-141       0.0000E+00  4.4822E-01
  ce-141       0.0000E+00  8.7961E+01
  pr-141       0.0000E+00  1.1830E+03
  la-142       0.0000E+00  1.6621E-01
  ce-142       0.0000E+00  1.2468E+03
  pr-142       0.0000E+00  1.0444E-01
  nd-142       0.0000E+00  2.6191E+01
  la-143       0.0000E+00  2.4659E-02
  ce-143       0.0000E+00  3.4701E+00
  pr-143       0.0000E+00  3.3832E+01
  nd-143       0.0000E+00  7.9263E+02
  ce-144       0.0000E+00  5.7046E+02
  pr-144       0.0000E+00  2.4363E-02
  nd-144       0.0000E+00  9.2412E+02
  pr-145       0.0000E+00  4.3931E-01
  nd-145       0.0000E+00  7.2494E+02
  pr-146       0.0000E+00  2.4283E-02
  nd-146       0.0000E+00  7.7602E+02
  nd-147       0.0000E+00  1.2385E+01
  pm-147       0.0000E+00  2.0283E+02
  sm-147       0.0000E+00  4.3258E+01
  nd-148       0.0000E+00  4.2627E+02
  pm-148       0.0000E+00  2.3177E+00
  pm-148m      0.0000E+00  1.6178E+00
  sm-148       0.0000E+00  1.4099E+02
  nd-149       0.0000E+00  5.1565E-02
  pm-149       0.0000E+00  2.4345E+00
  sm-149       0.0000E+00  2.1595E+00
  nd-150       0.0000E+00  2.0605E+02
  sm-150       0.0000E+00  3.5291E+02
  pm-151       0.0000E+00  4.7202E-01
  sm-151       0.0000E+00  1.2019E+01
  sm-152       0.0000E+00  1.1789E+02
  sm-153       0.0000E+00  1.9697E+00
  eu-153       0.0000E+00  1.3617E+02
  sm-154       0.0000E+00  4.9103E+01
  eu-154       0.0000E+00  3.5678E+01
  gd-154       0.0000E+00  1.7098E+00
  eu-155       0.0000E+00  1.2191E+01
  gd-155       0.0000E+00  4.6321E-02
  sm-156       0.0000E+00  2.3357E-02
  eu-156       0.0000E+00  1.1939E+01
  gd-156       0.0000E+00  1.4210E+02
  eu-157       0.0000E+00  5.0331E-02
  gd-157       0.0000E+00  1.4637E-01
  gd-158       0.0000E+00  2.9523E+01
  tb-159       0.0000E+00  3.3371E+00
  gd-160       0.0000E+00  1.4399E+00
  tb-160       0.0000E+00  1.8044E-01
  dy-160       0.0000E+00  2.3113E-01
  tb-161       0.0000E+00  2.6244E-02
  dy-161       0.0000E+00  4.6920E-01
  dy-162       0.0000E+00  3.7197E-01
  dy-163       0.0000E+00  3.0156E-01
  dy-164       0.0000E+00  6.5438E-02
  ho-165       0.0000E+00  1.2725E-01
  er-166       0.0000E+00  3.7753E-02
------------
  totals       1.0000E+06  1.0003E+06
=========================================================================================================================
.
.
=========================================================================================================================
=   History overview for case 'decay' (#2/2)                                                                            =
-------------------------------------------------------------------------------------------------------------------------
   step          t0          t1          dt           t        flux     fluence       power      energy
    (-)         (y)         (y)         (s)         (s)   (n/cm2-s)     (n/cm2)        (MW)       (MWd)
      1      1.5057      2.5057  3.1560E+07  7.9080E+07  0.0000E+00  3.1528E+22  0.0000E+00  3.6061E+04
          
              step - step index within this case
                t0 - time at beginning-of-step in input units
                t1 - time at end-of-step in input units
                dt - length of step in seconds
                 t - end-of-step cumulative time in seconds
              flux - flux in neutrons/cm^2-sec (CALCULATED)
           fluence - cumulative end-of-step fluence in neutrons/cm^2 (CALCULATED)
             power - power in mega-watts (INPUT)     
            energy - cumulative end-of-step energy released in mega-watt-days (INPUT)     
=========================================================================================================================
.
.
.
.
.
*************************************************************************************************************************
********************                                                                                 ********************
********************                                                                                 ********************
********************                    Library information                                          ********************
********************                                                                                 ********************
********************                                                                                 ********************
*************************************************************************************************************************
.
.
=========================================================================================================================
=   Library summary for case 'decay' (#2/2)                                                                             =
-------------------------------------------------------------------------------------------------------------------------
filename: C:/Users/Teddy/AppData/Local/Temp/scale.Teddy.7196/w17x17_100d.f33 cross-section data taken from position number: 1
library title delimited by {}: 
{}
date library was produced: 538976288/538976288/538976288
total number of nuclides in library: 2237
number of light-element nuclides: 910
number of actinide nuclides: 176
number of fission product nuclides: 1151
number of nonzero off-diagonal matrix elements: 54564
=========================================================================================================================
.
.
*************************************************************************************************************************
********************                                                                                 ********************
********************                                                                                 ********************
********************                    Concentration tables                                         ********************
********************                                                                                 ********************
********************                                                                                 ********************
*************************************************************************************************************************
.
.
=========================================================================================================================
=   Nuclide concentrations in grams for case 'decay' (#2/2)                                                             =
-------------------------------------------------------------------------------------------------------------------------
  (relative cutoff; integral of concentrations over time >   1.00E-06 % of integral of all concentrations over time)
.
                   1.506y      2.506y   
  h-3          5.8131E-02  5.4950E-02
  he-4         1.4841E+00  1.7540E+00
  u-234        1.7609E+00  3.1972E+00
  u-235        5.1872E+03  5.1873E+03
  u-236        3.6809E+03  3.6811E+03
  u-237        1.6139E+01  5.0432E-05
  u-238        9.4179E+05  9.4179E+05
  u-239        1.1413E+00  0.0000E+00
  np-237       4.3275E+02  4.4899E+02
  np-238       2.5450E+00  7.6606E-08
  np-239       1.6450E+02  1.4216E-04
  pu-238       1.7572E+02  1.8847E+02
  pu-239       5.2162E+03  5.3817E+03
  pu-240       2.2537E+03  2.2559E+03
  pu-241       1.6968E+03  1.6165E+03
  pu-242       7.8772E+02  7.8775E+02
  pu-243       4.0696E-01  1.8019E-13
  pu-244       6.6506E-02  6.6511E-02
  am-241       2.4520E+01  1.0476E+02
  am-242m      4.1486E-01  4.1283E-01
  am-242       1.4702E-01  5.3263E-06
  am-243       1.6476E+02  1.6515E+02
  am-244       2.0753E-02  8.8880E-15
  cm-242       1.4921E+01  3.1813E+00
  cm-243       4.0214E-01  3.9267E-01
  cm-244       6.5603E+01  6.3173E+01
  cm-245       3.6944E+00  3.6941E+00
  cm-246       4.4903E-01  4.4897E-01
  ge-72        1.0105E-02  1.0174E-02
  ge-73        2.3528E-02  2.3541E-02
  ge-74        6.0124E-02  6.0125E-02
  as-75        1.4027E-01  1.4029E-01
  ge-76        3.6393E-01  3.6393E-01
  se-77        8.4291E-01  8.4669E-01
  se-78        2.4969E+00  2.4976E+00
  se-79        5.2774E+00  5.2775E+00
  se-80        1.3616E+01  1.3616E+01
  br-81        2.2787E+01  2.2788E+01
  se-82        3.5861E+01  3.5861E+01
  kr-82        7.9074E-01  7.9639E-01
  kr-83        4.1327E+01  4.1347E+01
  kr-84        1.1789E+02  1.1789E+02
  kr-85        2.6851E+01  2.5183E+01
  kr-85m       4.1683E-02  0.0000E+00
  rb-85        1.0227E+02  1.0398E+02
  kr-86        1.9263E+02  1.9263E+02
  rb-86        4.3494E-02  5.4502E-08
  sr-86        4.8231E-01  5.2580E-01
  kr-87        2.2733E-02  0.0000E+00
  rb-87        2.5306E+02  2.5308E+02
  kr-88        6.7944E-02  0.0000E+00
  sr-88        3.5069E+02  3.5076E+02
  sr-89        3.9350E+01  2.6237E-01
  y-89         4.4026E+02  4.7936E+02
  sr-90        5.6407E+02  5.5065E+02
  y-90         1.5568E-01  1.3968E-01
  zr-90        1.2832E+01  2.6267E+01
  sr-91        4.3287E-01  0.0000E+00
  y-91         7.0261E+01  9.3368E-01
  y-91m        2.1919E-02  0.0000E+00
  zr-91        5.4591E+02  6.1569E+02
  sr-92        1.3735E-01  0.0000E+00
  y-92         1.8148E-01  0.0000E+00
  zr-92        6.7767E+02  6.7799E+02
  y-93         6.2077E-01  0.0000E+00
  zr-93        7.5639E+02  7.5702E+02
  y-94         2.0658E-02  0.0000E+00
  zr-94        8.1976E+02  8.1979E+02
  zr-95        1.2082E+02  2.3169E+00
  nb-95        6.5658E+01  2.8225E+00
  nb-95m       7.3706E-02  1.4953E-03
  mo-95        6.9463E+02  8.7614E+02
  zr-96        8.8032E+02  8.8032E+02
  mo-96        4.4290E+01  4.4301E+01
  zr-97        1.3434E+00  0.0000E+00
  nb-97        9.7177E-02  0.0000E+00
  mo-97        8.8220E+02  8.8364E+02
  mo-98        9.2272E+02  9.2272E+02
  mo-99        6.1523E+00  0.0000E+00
  tc-99        8.6929E+02  8.7594E+02
  tc-99m       4.9486E-01  0.0000E+00
  ru-99        3.1797E-02  3.4892E-02
  mo-100       1.0498E+03  1.0498E+03
  ru-100       1.1968E+02  1.1968E+02
  mo-101       2.2166E-02  0.0000E+00
  tc-101       2.1566E-02  0.0000E+00
  ru-101       8.7569E+02  8.7573E+02
  ru-102       9.2294E+02  9.2296E+02
  ru-103       8.9228E+01  1.4085E-01
  rh-103       5.0750E+02  5.9668E+02
  rh-103m      8.7620E-02  1.3835E-04
  tc-104       2.5373E-02  0.0000E+00
  ru-104       6.8272E+02  6.8275E+02
  pd-104       3.0069E+02  3.0070E+02
  ru-105       3.2535E-01  0.0000E+00
  rh-105       2.2055E+00  0.0000E+00
  pd-105       4.4853E+02  4.5107E+02
  ru-106       2.7711E+02  1.4025E+02
  pd-106       2.4735E+02  3.8422E+02
  pd-107       2.9046E+02  2.9048E+02
  pd-108       1.9414E+02  1.9415E+02
  pd-109       3.5232E-01  0.0000E+00
  ag-109       1.0075E+02  1.0110E+02
  pd-110       6.4470E+01  6.4470E+01
  ag-110m      9.8969E-01  3.5911E-01
  cd-110       4.9594E+01  5.0224E+01
  ag-111       8.8453E-01  1.5413E-15
  cd-111       3.1402E+01  3.2289E+01
  pd-112       4.4382E-02  0.0000E+00
  cd-112       1.6114E+01  1.6165E+01
  cd-113       1.2248E-01  1.2764E-01
  cd-114       1.8446E+01  1.8446E+01
  cd-115       3.9546E-02  0.0000E+00
  cd-115m      4.8938E-02  1.6675E-04
  in-115       2.0235E+00  2.1132E+00
  sn-115       2.8408E-01  2.8623E-01
  cd-116       6.6250E+00  6.6251E+00
  sn-116       4.1612E+00  4.1616E+00
  sn-117       5.9907E+00  5.9944E+00
  sn-118       5.5686E+00  5.5691E+00
  sn-119       5.3583E+00  5.4174E+00
  sn-119m      1.0201E-01  4.2990E-02
  sn-120       5.5214E+00  5.5214E+00
  sn-121m      4.3945E-01  4.3257E-01
  sb-121       5.2362E+00  5.2605E+00
  sn-122       7.0556E+00  7.0557E+00
  te-122       4.2279E-01  4.2906E-01
  sn-123       3.4864E-01  4.9124E-02
  sb-123       6.5770E+00  6.8769E+00
  sn-124       1.1156E+01  1.1156E+01
  sb-124       8.8227E-02  1.3153E-03
  te-124       2.4916E-01  3.3607E-01
  sn-125       1.7762E-01  6.9633E-13
  sb-125       1.2504E+01  9.8652E+00
  te-125       2.2457E+00  5.0665E+00
  te-125m      1.4128E-01  1.3710E-01
  sn-126       2.4511E+01  2.4511E+01
  te-126       5.9448E-01  6.0389E-01
  sb-127       6.4422E-01  0.0000E+00
  te-127       5.6831E-02  3.2428E-04
  te-127m      8.3372E-01  9.2630E-02
  i-127        4.9754E+01  5.1205E+01
  te-128       1.1167E+02  1.1169E+02
  xe-128       3.3865E+00  3.3869E+00
  sb-129       9.1745E-02  0.0000E+00
  te-129       2.3045E-02  1.3369E-06
  te-129m      2.7454E+00  1.4730E-03
  i-129        1.8188E+02  1.8474E+02
  xe-129       2.5435E-02  2.5653E-02
  te-130       4.2739E+02  4.2740E+02
  i-130        2.1093E-02  0.0000E+00
  xe-130       8.5949E+00  8.6162E+00
  sb-131       2.0361E-02  0.0000E+00
  te-131       2.4425E-02  0.0000E+00
  te-131m      4.6733E-01  0.0000E+00
  i-131        1.3344E+01  2.7722E-13
  xe-131       4.6045E+02  4.7454E+02
  xe-131m      2.3625E-01  3.6383E-10
  te-132       7.4892E+00  0.0000E+00
  i-132        2.3018E-01  0.0000E+00
  xe-132       1.2603E+03  1.2680E+03
  te-133m      6.1670E-02  0.0000E+00
  i-133        2.8846E+00  0.0000E+00
  xe-133       1.7447E+01  2.2849E-20
  xe-133m      2.2848E-01  0.0000E+00
  cs-133       1.2266E+03  1.2472E+03
  te-134       8.1826E-02  0.0000E+00
  i-134        1.3547E-01  0.0000E+00
  xe-134       1.6989E+03  1.6991E+03
  cs-134       1.7343E+02  1.2399E+02
  ba-134       3.2812E+01  8.2266E+01
  i-135        8.8957E-01  0.0000E+00
  xe-135       1.8173E-01  0.0000E+00
  cs-135       2.2541E+02  2.2649E+02
  ba-135       2.3146E-01  2.3173E-01
  xe-136       2.8081E+03  2.8081E+03
  cs-136       7.7740E-01  3.4276E-09
  ba-136       1.5778E+01  1.6555E+01
  cs-137       1.3881E+03  1.3565E+03
  ba-137       2.5652E+01  5.7275E+01
  xe-138       2.7842E-02  0.0000E+00
  cs-138       7.2714E-02  0.0000E+00
  ba-138       1.4414E+03  1.4415E+03
  la-138       1.6078E-02  1.6078E-02
  ba-139       1.7339E-01  0.0000E+00
  la-139       1.3458E+03  1.3460E+03
  ba-140       3.6869E+01  8.7977E-08
  la-140       5.0331E+00  1.3334E-08
  ce-140       1.3296E+03  1.3715E+03
  ba-141       3.4534E-02  0.0000E+00
  la-141       4.4822E-01  0.0000E+00
  ce-141       8.7961E+01  3.6654E-02
  pr-141       1.1830E+03  1.2714E+03
  la-142       1.6621E-01  0.0000E+00
  ce-142       1.2468E+03  1.2470E+03
  pr-142       1.0444E-01  0.0000E+00
  nd-142       2.6191E+01  2.6296E+01
  la-143       2.4659E-02  0.0000E+00
  ce-143       3.4701E+00  0.0000E+00
  pr-143       3.3832E+01  2.9743E-07
  nd-143       7.9263E+02  8.2995E+02
  ce-144       5.7046E+02  2.3457E+02
  pr-144       2.4363E-02  9.8806E-03
  nd-144       9.2412E+02  1.2600E+03
  pr-145       4.3931E-01  0.0000E+00
  nd-145       7.2494E+02  7.2538E+02
  pr-146       2.4283E-02  0.0000E+00
  nd-146       7.7602E+02  7.7606E+02
  nd-147       1.2385E+01  1.1986E-09
  pm-147       2.0283E+02  1.6536E+02
  sm-147       4.3258E+01  9.3127E+01
  nd-148       4.2627E+02  4.2628E+02
  pm-148       2.3177E+00  2.2055E-05
  pm-148m      1.6178E+00  3.5140E-03
  sm-148       1.4099E+02  1.4492E+02
  nd-149       5.1565E-02  0.0000E+00
  pm-149       2.4345E+00  0.0000E+00
  sm-149       2.1595E+00  4.6466E+00
  nd-150       2.0605E+02  2.0605E+02
  sm-150       3.5291E+02  3.5291E+02
  pm-151       4.7202E-01  0.0000E+00
  sm-151       1.2019E+01  1.2398E+01
  eu-151       6.3817E-03  1.0223E-01
  sm-152       1.1789E+02  1.1789E+02
  gd-152       1.0994E-02  1.1087E-02
  sm-153       1.9697E+00  0.0000E+00
  eu-153       1.3617E+02  1.3814E+02
  sm-154       4.9103E+01  4.9104E+01
  eu-154       3.5678E+01  3.2916E+01
  gd-154       1.7098E+00  4.4720E+00
  eu-155       1.2191E+01  1.0538E+01
  gd-155       4.6321E-02  1.7010E+00
  sm-156       2.3357E-02  0.0000E+00
  eu-156       1.1939E+01  6.8996E-07
  gd-156       1.4210E+02  1.5406E+02
  eu-157       5.0331E-02  0.0000E+00
  gd-157       1.4637E-01  1.9692E-01
  gd-158       2.9523E+01  2.9524E+01
  tb-159       3.3371E+00  3.3503E+00
  gd-160       1.4399E+00  1.4399E+00
  tb-160       1.8044E-01  5.4380E-03
  dy-160       2.3113E-01  4.0613E-01
  tb-161       2.6244E-02  3.1383E-18
  dy-161       4.6920E-01  4.9546E-01
  dy-162       3.7197E-01  3.7198E-01
  dy-163       3.0156E-01  3.0156E-01
  dy-164       6.5438E-02  6.5439E-02
  ho-165       1.2725E-01  1.2736E-01
  er-166       3.7753E-02  3.8215E-02
------------
  totals       1.0003E+06  1.0003E+06
=========================================================================================================================
.
.
*************************************************************************************************************************
********************                                                                                 ********************
********************                                                                                 ********************
********************                    Written F71 File Information                                 ********************
********************                                                                                 ********************
********************                                                                                 ********************
*************************************************************************************************************************
.
.
   pos         time        power         flux      fluence       energy libpos   case   step DCGNAB
   (-)          (s)         (MW)    (n/cm2-s)      (n/cm2)        (MWd)    (-)    (-)    (-)    (-)
     1  4.75200e+07  0.00000e+00  0.00000e+00  3.15277e+22  3.60606e+04      1      2      0 DC----
     2  7.90800e+07  0.00000e+00  0.00000e+00  3.15277e+22  3.60606e+04      1      2      1 DC----
    D - state definition present
    C - concentrations present
    G - gamma emission spectra present
    N - neutron emission spectra present
    A - alpha emission spectra present
    B - beta emission spectra present
.
.
.
=========================================================================================================================
ORIGEN finished successfully.
=========================================================================================================================
    module origen used 0.478374 seconds cpu time for the current pass.

    module origen is finished. completion code    0. total cpu time used 3.73226e-006 seconds.


    SCALE is finished on Wed Feb 13 18:29:47 2019.
-------------------------- Summary --------------------------
arp finished. used 1.92006 seconds.
origen finished. used 0.484366 seconds.
SCALE driver required a maximum of 8.309 MiB of RAM.
------------------------ End Summary ------------------------

w17x17_100d.f33 copied to C:\Users\Teddy\Desktop\scale_test\output\w17x17_100d.f33.
discharge.f71 copied to C:\Users\Teddy\Desktop\scale_test\output\discharge.f71.
