 *******************************************************************************
 *                                                                             *
 *                                 SCALE 6.2.2                                 *
 *                                -------------                                *
 *                                February 2019                                *
 *                                                                             *
 *           SCALE:  A Comprehensive Modeling and Simulation Suite             *
 *                   for Nuclear Safety Analysis and Design                    *
 *                                                                             *
 *                      Reactor and Nuclear Systems Division                   *
 *                        Oak Ridge National Laboratory                        *
 *                                                                             *
 *                           http://scale.ornl.gov                             *
 *                            scalehelp@ornl.gov                               *
 *                                                                             *
 *******************************************************************************
 *******************************************************************************
      
                  Job Information
                  ---------------
      Job started on DESKTOP-J14NAA6 on Wed 13/02/2019 18:30:34
      Working directory: C:\Users\Teddy\AppData\Local\Temp\scale.Teddy.13048
      Input file name  : C:\Users\Teddy\Desktop\scale_test\output\2.800000_45252.525253.inp
      Output file name : C:\Users\Teddy\Desktop\scale_test\output\2.800000_45252.525253.out
      SCALE executable : C:\SCALE-6.2.2/bin/scale
      
 *******************************************************************************


    module arp will be called on Wed Feb 13 18:30:35 2019.
    sequence specification record:=arp
Input Data:

      'library type
      w17x17
      2.800000
      ' num cycles
      1
      ' num days per cycle
      550
      ' cycle average specific power (MW / MTU)
      82.277319
      ' number of interpolated cross section sets generated per cycle
      1
      ' moderator density (g/cc)
      0.723
      ' interpolated output ORIGEN library
      w17x17_100d.f33
end

1






        ************************************************************************************************************************
        ************************************************************************************************************************
        ************************************************************************************************************************
        *****                                                                                                              *****
        *****                                       program verification information                                       *****
        *****                                                                                                              *****
        *****                                   code system:  SCALE    version:  6.2                                       *****
        *****                                                                                                              *****
        ************************************************************************************************************************
        ************************************************************************************************************************
        *****                                                                                                              *****
        *****                                                                                                              *****
        *****              program:  arp.exe                                                                               *****
        *****                                                                                                              *****
        *****        creation date:   unknown                                                                              *****
        *****                                                                                                              *****
        *****              library:  C:\SCALE-6.2.2\bin                                                                    *****
        *****                                                                                                              *****
        *****                                                                                                              *****
        *****            prod code:  arp.exe                                                                               *****
        *****                                                                                                              *****
        *****              version:  6.2.2                                                                                 *****
        *****                                                                                                              *****
        *****              jobname:  Teddy                                                                                 *****
        *****                                                                                                              *****
        *****         machine name:  DESKTOP-J14NAA6                                                                       *****
        *****                                                                                                              *****
        *****    date of execution:  13_feb_2019                                                                           *****
        *****                                                                                                              *****
        *****    time of execution:  18:30:35.25                                                                           *****
        *****                                                                                                              *****
        *****                                                                                                              *****
        ************************************************************************************************************************
        ************************************************************************************************************************
        ************************************************************************************************************************


 'library type
    data library:       w17x17
       directory:       C:/SCALE-6.2.2/data/\arplibs
       definition:      C:/SCALE-6.2.2/data/\arpdata.txt
    u-235 enrichment:                        2.800

 ' num cycles
    number of cycles:                            1

 ' num days per cycle

 ' cycle average specific power (MW / MTU)

 ' number of interpolated cross section sets generated per cycle

 ' moderator density (g/cc)
    water density (g/cm3):                  0.7230
                                         cycle        cumulative      midpoint
   cycle time(d)        power(MW)      burnup(MWd/MTU)burnup(MWd/MTU)burnup(MWd/MTU)nlib
     1    550.000        82.2773        45252.5        45252.5        22626.3             1

 ' interpolated output ORIGEN library
    interpolated library name:                   w17x17_100d.f33
 interpolation type: spline
 Cross section library interpolation completed.
.
.
.
=========================================================================================================================
ARP finished successfully.
=========================================================================================================================
    module arp used 3.12614 seconds cpu time for the current pass.

    module arp is finished. completion code    0. total cpu time used 1.4929e-005 seconds.



    module origen will be called on Wed Feb 13 18:30:38 2019.
    sequence specification record:=origen
Input Data:

      case(irrad) {
          lib{
              file="w17x17_100d.f33" pos=1
          }
          mat {
              units=GRAMS
              iso=[u235=28000.000000 u238=972000.000000]
          }
          time = [ 550 ]
          power = [ 82.277319 ]
      }
      case (decay) {
          time {
              units=YEARS
              start=0
              t=[1]
          }
          save{ file="discharge.f71" steps=[0 LAST]}
      }
end

1






        ************************************************************************************************************************
        ************************************************************************************************************************
        ************************************************************************************************************************
        *****                                                                                                              *****
        *****                                       program verification information                                       *****
        *****                                                                                                              *****
        *****                                   code system:  SCALE    version:  6.2                                       *****
        *****                                                                                                              *****
        ************************************************************************************************************************
        ************************************************************************************************************************
        *****                                                                                                              *****
        *****                                                                                                              *****
        *****              program:  origen.exe                                                                            *****
        *****                                                                                                              *****
        *****        creation date:   unknown                                                                              *****
        *****                                                                                                              *****
        *****              library:  C:\SCALE-6.2.2\bin                                                                    *****
        *****                                                                                                              *****
        *****                                                                                                              *****
        *****            prod code:  origen.exe                                                                            *****
        *****                                                                                                              *****
        *****              version:  6.2.2                                                                                 *****
        *****                                                                                                              *****
        *****              jobname:  Teddy                                                                                 *****
        *****                                                                                                              *****
        *****         machine name:  DESKTOP-J14NAA6                                                                       *****
        *****                                                                                                              *****
        *****    date of execution:  13_feb_2019                                                                           *****
        *****                                                                                                              *****
        *****    time of execution:  18:30:38.38                                                                           *****
        *****                                                                                                              *****
        *****                                                                                                              *****
        ************************************************************************************************************************
        ************************************************************************************************************************
        ************************************************************************************************************************

*************************************************************************************************************************
********************                                                                                 ********************
********************                                                                                 ********************
********************                    USER INPUT SUMMARY                                           ********************
********************                                                                                 ********************
********************                                                                                 ********************
*************************************************************************************************************************
.
.
=========================================================================================================================
=   Case "irrad" (#1/2)                                                                                                 =
-------------------------------------------------------------------------------------------------------------------------
###   Library settings                                                                                                ###
.
                                Library file name:     C:/Users/Teddy/AppData/Local/Temp/scale.Teddy.13048/w17x17_100d.f33
                             Library set position:              1
                 Fission product reaction removal:             no
-------------------------------------------------------------------------------------------------------------------------
###   Global settings                                                                                                 ###
.
                                           Solver:              MATREX
                                             Mode:        forward
                             Fixed fission energy:             no
-------------------------------------------------------------------------------------------------------------------------
###   Concentrations output options                                                                                   ###
.
                            High-precision output:             no
                                  Relative cutoff:            yes
                         Step for applying cutoff:       integral
.
                      light els.   actinides  fis.prods.       total
                       nuc    el   nuc    el   nuc    el   nuc    el             cutoff
gram-atoms                                                                    1.000E-06
grams                                                      **                 1.000E-06
curies                                                                        1.000E-06
watts                                                                         1.000E-06
gamma watts                                                                   1.000E-06
m3 air                                                                        1.000E-06
m3 water                                                                      1.000E-06
grams ppm                                                                     1.000E-06
atoms ppm                                                                     1.000E-06
atoms/barn-cm                                                                 1.000E-06
becquerels                                                                    1.000E-06
-------------------------------------------------------------------------------------------------------------------------
###   Additional output options                                                                                       ###
.
                                      Print k-inf:             no
           Nuclides for absorption fraction print:           none
                              Print fission rates:             no
            Step for sorting absorption fractions:              1
=========================================================================================================================
=   Case "decay" (#2/2)                                                                                                 =
-------------------------------------------------------------------------------------------------------------------------
###   Library settings                                                                                                ###
.
                                Library file name:     C:/Users/Teddy/AppData/Local/Temp/scale.Teddy.13048/w17x17_100d.f33
                             Library set position:              1
                 Fission product reaction removal:             no
-------------------------------------------------------------------------------------------------------------------------
###   Global settings                                                                                                 ###
.
                                           Solver:              MATREX
                                             Mode:        forward
                             Fixed fission energy:             no
-------------------------------------------------------------------------------------------------------------------------
###   Concentrations output options                                                                                   ###
.
                            High-precision output:             no
                                  Relative cutoff:            yes
                         Step for applying cutoff:       integral
.
                      light els.   actinides  fis.prods.       total
                       nuc    el   nuc    el   nuc    el   nuc    el             cutoff
gram-atoms                                                                    1.000E-06
grams                                                      **                 1.000E-06
curies                                                                        1.000E-06
watts                                                                         1.000E-06
gamma watts                                                                   1.000E-06
m3 air                                                                        1.000E-06
m3 water                                                                      1.000E-06
grams ppm                                                                     1.000E-06
atoms ppm                                                                     1.000E-06
atoms/barn-cm                                                                 1.000E-06
becquerels                                                                    1.000E-06
-------------------------------------------------------------------------------------------------------------------------
###   Additional output options                                                                                       ###
.
                                      Print k-inf:             no
           Nuclides for absorption fraction print:           none
                              Print fission rates:             no
            Step for sorting absorption fractions:              1
=========================================================================================================================
###   Blending information                                                                                            ###
.
  --- no blending requested in this job ---
=========================================================================================================================
.
.
***Warning:  The flux over a step has changed by more than 20%.
=========================================================================================================================
=   History overview for case 'irrad' (#1/2)                                                                            =
-------------------------------------------------------------------------------------------------------------------------
   step          t0          t1          dt           t        flux     fluence       power      energy
    (-)         (d)         (d)         (s)         (s)   (n/cm2-s)     (n/cm2)        (MW)       (MWd)
      1      0.0000    550.0000  4.7520E+07  4.7520E+07  8.5912E+14  4.0825E+22  8.2277E+01  4.5253E+04
          
              step - step index within this case
                t0 - time at beginning-of-step in input units
                t1 - time at end-of-step in input units
                dt - length of step in seconds
                 t - end-of-step cumulative time in seconds
              flux - flux in neutrons/cm^2-sec (CALCULATED)
           fluence - cumulative end-of-step fluence in neutrons/cm^2 (CALCULATED)
             power - power in mega-watts (INPUT)     
            energy - cumulative end-of-step energy released in mega-watt-days (INPUT)     
=========================================================================================================================
.
.
.
.
.
*************************************************************************************************************************
********************                                                                                 ********************
********************                                                                                 ********************
********************                    Library information                                          ********************
********************                                                                                 ********************
********************                                                                                 ********************
*************************************************************************************************************************
.
.
=========================================================================================================================
=   Library summary for case 'irrad' (#1/2)                                                                             =
-------------------------------------------------------------------------------------------------------------------------
filename: C:/Users/Teddy/AppData/Local/Temp/scale.Teddy.13048/w17x17_100d.f33 cross-section data taken from position number: 1
library title delimited by {}: 
{}
date library was produced: 538976288/538976288/538976288
total number of nuclides in library: 2237
number of light-element nuclides: 910
number of actinide nuclides: 176
number of fission product nuclides: 1151
number of nonzero off-diagonal matrix elements: 54564
=========================================================================================================================
.
.
*************************************************************************************************************************
********************                                                                                 ********************
********************                                                                                 ********************
********************                    Concentration tables                                         ********************
********************                                                                                 ********************
********************                                                                                 ********************
*************************************************************************************************************************
.
.
=========================================================================================================================
=   Nuclide concentrations in grams for case 'irrad' (#1/2)                                                             =
-------------------------------------------------------------------------------------------------------------------------
  (relative cutoff; integral of concentrations over time >   1.00E-06 % of integral of all concentrations over time)
.
                   0.000d    550.000d   
  h-3          0.0000E+00  7.3554E-02
  he-4         0.0000E+00  1.9114E+00
  u-234        0.0000E+00  2.0216E+00
  u-235        2.8000E+04  3.1796E+03
  u-236        0.0000E+00  3.8346E+03
  u-237        0.0000E+00  2.0931E+01
  u-238        9.7200E+05  9.3301E+05
  u-239        0.0000E+00  1.4659E+00
  np-237       0.0000E+00  5.2982E+02
  np-238       0.0000E+00  3.9712E+00
  np-239       0.0000E+00  2.1108E+02
  pu-238       0.0000E+00  2.6979E+02
  pu-239       0.0000E+00  5.2809E+03
  pu-240       0.0000E+00  2.5583E+03
  pu-241       0.0000E+00  1.8821E+03
  pu-242       0.0000E+00  1.1537E+03
  pu-243       0.0000E+00  7.5373E-01
  pu-244       0.0000E+00  1.7125E-01
  am-241       0.0000E+00  2.4088E+01
  am-242m      0.0000E+00  4.0432E-01
  am-242       0.0000E+00  1.8353E-01
  am-243       0.0000E+00  2.9848E+02
  am-244m      0.0000E+00  3.0905E-02
  am-244       0.0000E+00  4.8082E-02
  cm-242       0.0000E+00  2.0200E+01
  cm-243       0.0000E+00  6.6841E-01
  cm-244       0.0000E+00  1.5982E+02
  cm-245       0.0000E+00  1.0602E+01
  cm-246       0.0000E+00  1.7767E+00
  cm-247       0.0000E+00  2.6070E-02
  ge-73        0.0000E+00  2.9711E-02
  ge-74        0.0000E+00  7.6319E-02
  as-75        0.0000E+00  1.7138E-01
  ge-76        0.0000E+00  4.4267E-01
  se-77        0.0000E+00  9.9996E-01
  se-78        0.0000E+00  3.0661E+00
  se-79        0.0000E+00  6.3820E+00
  se-80        0.0000E+00  1.6351E+01
  br-81        0.0000E+00  2.7325E+01
  se-82        0.0000E+00  4.3188E+01
  kr-82        0.0000E+00  1.2204E+00
  kr-83        0.0000E+00  4.4974E+01
  kr-84        0.0000E+00  1.4428E+02
  kr-85        0.0000E+00  3.1656E+01
  kr-85m       0.0000E+00  4.6287E-02
  rb-85        0.0000E+00  1.2028E+02
  kr-86        0.0000E+00  2.2620E+02
  rb-86        0.0000E+00  6.6079E-02
  sr-86        0.0000E+00  7.4972E-01
  kr-87        0.0000E+00  2.4999E-02
  rb-87        0.0000E+00  2.9679E+02
  kr-88        0.0000E+00  7.4010E-02
  sr-88        0.0000E+00  4.1030E+02
  sr-89        0.0000E+00  4.2866E+01
  y-89         0.0000E+00  5.2061E+02
  sr-90        0.0000E+00  6.5854E+02
  y-90         0.0000E+00  1.8622E-01
  zr-90        0.0000E+00  1.5762E+01
  sr-91        0.0000E+00  4.8089E-01
  y-91         0.0000E+00  7.8448E+01
  y-91m        0.0000E+00  2.4352E-02
  zr-91        0.0000E+00  6.4676E+02
  sr-92        0.0000E+00  1.5512E-01
  y-92         0.0000E+00  2.0494E-01
  zr-92        0.0000E+00  8.0551E+02
  y-93         0.0000E+00  7.1344E-01
  zr-93        0.0000E+00  9.0428E+02
  y-94         0.0000E+00  2.3940E-02
  zr-94        0.0000E+00  9.9093E+02
  zr-95        0.0000E+00  1.4192E+02
  nb-95        0.0000E+00  7.7009E+01
  nb-95m       0.0000E+00  8.6595E-02
  mo-95        0.0000E+00  8.3173E+02
  zr-96        0.0000E+00  1.0730E+03
  mo-96        0.0000E+00  6.9149E+01
  zr-97        0.0000E+00  1.6068E+00
  nb-97        0.0000E+00  1.1629E-01
  mo-97        0.0000E+00  1.0814E+03
  mo-98        0.0000E+00  1.1436E+03
  mo-99        0.0000E+00  7.4537E+00
  tc-99        0.0000E+00  1.0414E+03
  tc-99m       0.0000E+00  6.0041E-01
  ru-99        0.0000E+00  3.8773E-02
  mo-100       0.0000E+00  1.3038E+03
  ru-100       0.0000E+00  1.8703E+02
  mo-101       0.0000E+00  2.7171E-02
  tc-101       0.0000E+00  2.6438E-02
  ru-101       0.0000E+00  1.0792E+03
  mo-102       0.0000E+00  2.1054E-02
  ru-102       0.0000E+00  1.1869E+03
  ru-103       0.0000E+00  1.1313E+02
  rh-103       0.0000E+00  5.8981E+02
  rh-103m      0.0000E+00  1.1111E-01
  tc-104       0.0000E+00  3.2682E-02
  ru-104       0.0000E+00  9.0398E+02
  pd-104       0.0000E+00  4.6473E+02
  ru-105       0.0000E+00  4.2519E-01
  rh-105       0.0000E+00  2.7643E+00
  pd-105       0.0000E+00  5.7103E+02
  ru-106       0.0000E+00  3.7896E+02
  pd-106       0.0000E+00  3.7517E+02
  rh-107       0.0000E+00  2.1599E-02
  pd-107       0.0000E+00  3.9972E+02
  pd-108       0.0000E+00  2.7129E+02
  pd-109       0.0000E+00  5.0456E-01
  ag-109       0.0000E+00  1.3244E+02
  pd-110       0.0000E+00  9.1203E+01
  ag-110m      0.0000E+00  1.5125E+00
  cd-110       0.0000E+00  8.6356E+01
  ag-111       0.0000E+00  1.2298E+00
  cd-111       0.0000E+00  4.5095E+01
  pd-112       0.0000E+00  6.0014E-02
  cd-112       0.0000E+00  2.2941E+01
  cd-113       0.0000E+00  1.2936E-01
  cd-114       0.0000E+00  2.5069E+01
  cd-115       0.0000E+00  5.2133E-02
  cd-115m      0.0000E+00  6.5170E-02
  in-115       0.0000E+00  2.1591E+00
  sn-115       0.0000E+00  3.6884E-01
  cd-116       0.0000E+00  8.6852E+00
  sn-116       0.0000E+00  6.0433E+00
  sn-117       0.0000E+00  7.8132E+00
  sn-118       0.0000E+00  7.2659E+00
  sn-119       0.0000E+00  6.9353E+00
  sn-119m      0.0000E+00  1.3110E-01
  sn-120       0.0000E+00  7.1717E+00
  sn-121       0.0000E+00  2.2095E-02
  sn-121m      0.0000E+00  5.6646E-01
  sb-121       0.0000E+00  6.6455E+00
  sn-122       0.0000E+00  9.1690E+00
  te-122       0.0000E+00  6.9839E-01
  sn-123       0.0000E+00  4.5650E-01
  sb-123       0.0000E+00  8.4097E+00
  sn-124       0.0000E+00  1.4410E+01
  sb-124       0.0000E+00  1.4459E-01
  te-124       0.0000E+00  4.2030E-01
  sn-125       0.0000E+00  2.2644E-01
  sb-125       0.0000E+00  1.6225E+01
  te-125       0.0000E+00  2.9470E+00
  te-125m      0.0000E+00  1.8392E-01
  sn-126       0.0000E+00  3.1923E+01
  te-126       0.0000E+00  7.6889E-01
  sb-127       0.0000E+00  8.1341E-01
  te-127       0.0000E+00  7.0949E-02
  te-127m      0.0000E+00  8.7233E-01
  i-127        0.0000E+00  6.2550E+01
  te-128       0.0000E+00  1.4359E+02
  xe-128       0.0000E+00  5.6178E+00
  sb-129       0.0000E+00  1.1540E-01
  te-129       0.0000E+00  2.8996E-02
  te-129m      0.0000E+00  3.4480E+00
  i-129        0.0000E+00  2.3174E+02
  xe-129       0.0000E+00  5.4054E-02
  te-130       0.0000E+00  5.3495E+02
  i-130        0.0000E+00  3.4464E-02
  xe-130       0.0000E+00  1.4207E+01
  sb-131       0.0000E+00  2.4729E-02
  te-131       0.0000E+00  2.9837E-02
  te-131m      0.0000E+00  5.8071E-01
  i-131        0.0000E+00  1.6344E+01
  xe-131       0.0000E+00  5.1867E+02
  xe-131m      0.0000E+00  2.9401E-01
  te-132       0.0000E+00  9.1302E+00
  i-132        0.0000E+00  2.8111E-01
  xe-132       0.0000E+00  1.6391E+03
  te-133m      0.0000E+00  7.3633E-02
  i-133        0.0000E+00  3.4918E+00
  xe-133       0.0000E+00  2.1110E+01
  xe-133m      0.0000E+00  2.7890E-01
  cs-133       0.0000E+00  1.4492E+03
  te-134       0.0000E+00  9.7220E-02
  i-134        0.0000E+00  1.6339E-01
  xe-134       0.0000E+00  2.1070E+03
  cs-134       0.0000E+00  2.6037E+02
  ba-134       0.0000E+00  5.0491E+01
  i-135        0.0000E+00  1.0806E+00
  xe-135       0.0000E+00  1.7698E-01
  cs-135       0.0000E+00  2.4839E+02
  ba-135       0.0000E+00  4.6497E-01
  xe-136       0.0000E+00  3.5576E+03
  cs-136       0.0000E+00  1.0707E+00
  ba-136       0.0000E+00  2.1479E+01
  cs-137       0.0000E+00  1.7269E+03
  ba-137       0.0000E+00  3.2307E+01
  xe-138       0.0000E+00  3.3371E-02
  cs-138       0.0000E+00  8.7377E-02
  ba-138       0.0000E+00  1.7787E+03
  la-138       0.0000E+00  2.2858E-02
  cs-139       0.0000E+00  2.2640E-02
  ba-139       0.0000E+00  2.0829E-01
  la-139       0.0000E+00  1.6514E+03
  ba-140       0.0000E+00  4.4169E+01
  la-140       0.0000E+00  6.0969E+00
  ce-140       0.0000E+00  1.6485E+03
  ba-141       0.0000E+00  4.1301E-02
  la-141       0.0000E+00  5.3629E-01
  ce-141       0.0000E+00  1.0483E+02
  pr-141       0.0000E+00  1.4498E+03
  ba-142       0.0000E+00  2.2160E-02
  la-142       0.0000E+00  1.9789E-01
  ce-142       0.0000E+00  1.5349E+03
  pr-142       0.0000E+00  1.6501E-01
  nd-142       0.0000E+00  4.1865E+01
  la-143       0.0000E+00  2.9135E-02
  ce-143       0.0000E+00  4.1047E+00
  pr-143       0.0000E+00  3.9891E+01
  nd-143       0.0000E+00  8.6306E+02
  ce-144       0.0000E+00  6.8540E+02
  pr-144       0.0000E+00  2.9379E-02
  nd-144       0.0000E+00  1.2386E+03
  pr-145       0.0000E+00  5.2248E-01
  nd-145       0.0000E+00  8.5226E+02
  pr-146       0.0000E+00  2.9088E-02
  nd-146       0.0000E+00  9.9001E+02
  nd-147       0.0000E+00  1.4835E+01
  pm-147       0.0000E+00  2.1036E+02
  sm-147       0.0000E+00  4.3886E+01
  nd-148       0.0000E+00  5.3498E+02
  pm-148       0.0000E+00  2.9877E+00
  pm-148m      0.0000E+00  1.7006E+00
  sm-148       0.0000E+00  1.9204E+02
  nd-149       0.0000E+00  6.4103E-02
  pm-149       0.0000E+00  3.1239E+00
  sm-149       0.0000E+00  2.1586E+00
  nd-150       0.0000E+00  2.6213E+02
  sm-150       0.0000E+00  4.4777E+02
  pm-151       0.0000E+00  5.9966E-01
  sm-151       0.0000E+00  1.3304E+01
  sm-152       0.0000E+00  1.3404E+02
  sm-153       0.0000E+00  2.7865E+00
  eu-153       0.0000E+00  1.6867E+02
  sm-154       0.0000E+00  6.8548E+01
  eu-154       0.0000E+00  4.4672E+01
  gd-154       0.0000E+00  2.2411E+00
  eu-155       0.0000E+00  1.5045E+01
  gd-155       0.0000E+00  4.7400E-02
  sm-156       0.0000E+00  3.0881E-02
  eu-156       0.0000E+00  1.8379E+01
  gd-156       0.0000E+00  2.3019E+02
  eu-157       0.0000E+00  8.3712E-02
  gd-157       0.0000E+00  2.0399E-01
  gd-158       0.0000E+00  4.9763E+01
  gd-159       0.0000E+00  2.1008E-02
  tb-159       0.0000E+00  4.9659E+00
  gd-160       0.0000E+00  2.0427E+00
  tb-160       0.0000E+00  3.1658E-01
  dy-160       0.0000E+00  3.7403E-01
  tb-161       0.0000E+00  4.3775E-02
  dy-161       0.0000E+00  6.7945E-01
  dy-162       0.0000E+00  5.5510E-01
  dy-163       0.0000E+00  4.9203E-01
  dy-164       0.0000E+00  1.3668E-01
  ho-165       0.0000E+00  3.0755E-01
  er-166       0.0000E+00  1.0484E-01
------------
  totals       1.0000E+06  1.0004E+06
=========================================================================================================================
.
.
=========================================================================================================================
=   History overview for case 'decay' (#2/2)                                                                            =
-------------------------------------------------------------------------------------------------------------------------
   step          t0          t1          dt           t        flux     fluence       power      energy
    (-)         (y)         (y)         (s)         (s)   (n/cm2-s)     (n/cm2)        (MW)       (MWd)
      1      1.5057      2.5057  3.1560E+07  7.9080E+07  0.0000E+00  4.0825E+22  0.0000E+00  4.5253E+04
          
              step - step index within this case
                t0 - time at beginning-of-step in input units
                t1 - time at end-of-step in input units
                dt - length of step in seconds
                 t - end-of-step cumulative time in seconds
              flux - flux in neutrons/cm^2-sec (CALCULATED)
           fluence - cumulative end-of-step fluence in neutrons/cm^2 (CALCULATED)
             power - power in mega-watts (INPUT)     
            energy - cumulative end-of-step energy released in mega-watt-days (INPUT)     
=========================================================================================================================
.
.
.
.
.
*************************************************************************************************************************
********************                                                                                 ********************
********************                                                                                 ********************
********************                    Library information                                          ********************
********************                                                                                 ********************
********************                                                                                 ********************
*************************************************************************************************************************
.
.
=========================================================================================================================
=   Library summary for case 'decay' (#2/2)                                                                             =
-------------------------------------------------------------------------------------------------------------------------
filename: C:/Users/Teddy/AppData/Local/Temp/scale.Teddy.13048/w17x17_100d.f33 cross-section data taken from position number: 1
library title delimited by {}: 
{}
date library was produced: 538976288/538976288/538976288
total number of nuclides in library: 2237
number of light-element nuclides: 910
number of actinide nuclides: 176
number of fission product nuclides: 1151
number of nonzero off-diagonal matrix elements: 54564
=========================================================================================================================
.
.
*************************************************************************************************************************
********************                                                                                 ********************
********************                                                                                 ********************
********************                    Concentration tables                                         ********************
********************                                                                                 ********************
********************                                                                                 ********************
*************************************************************************************************************************
.
.
=========================================================================================================================
=   Nuclide concentrations in grams for case 'decay' (#2/2)                                                             =
-------------------------------------------------------------------------------------------------------------------------
  (relative cutoff; integral of concentrations over time >   1.00E-06 % of integral of all concentrations over time)
.
                   1.506y      2.506y   
  h-3          7.3554E-02  6.9530E-02
  he-4         1.9114E+00  2.3226E+00
  u-234        2.0216E+00  4.2170E+00
  u-235        3.1796E+03  3.1798E+03
  u-236        3.8346E+03  3.8349E+03
  u-237        2.0931E+01  5.5940E-05
  u-238        9.3301E+05  9.3301E+05
  u-239        1.4659E+00  0.0000E+00
  np-237       5.2982E+02  5.5086E+02
  np-238       3.9712E+00  7.4660E-08
  np-239       2.1108E+02  2.5756E-04
  pu-238       2.6979E+02  2.8731E+02
  pu-239       5.2809E+03  5.4934E+03
  pu-240       2.5583E+03  2.5639E+03
  pu-241       1.8821E+03  1.7930E+03
  pu-242       1.1537E+03  1.1537E+03
  pu-243       7.5373E-01  9.2952E-13
  pu-244       1.7125E-01  1.7126E-01
  am-241       2.4088E+01  1.1310E+02
  am-242m      4.0432E-01  4.0234E-01
  am-242       1.8353E-01  5.1910E-06
  am-243       2.9848E+02  2.9921E+02
  am-244m      3.0905E-02  0.0000E+00
  am-244       4.8082E-02  8.3077E-14
  cm-242       2.0200E+01  4.3038E+00
  cm-243       6.6841E-01  6.5268E-01
  cm-244       1.5982E+02  1.5390E+02
  cm-245       1.0602E+01  1.0601E+01
  cm-246       1.7767E+00  1.7764E+00
  cm-247       2.6070E-02  2.6070E-02
  ge-72        1.3218E-02  1.3306E-02
  ge-73        2.9711E-02  2.9727E-02
  ge-74        7.6319E-02  7.6320E-02
  as-75        1.7138E-01  1.7140E-01
  ge-76        4.4267E-01  4.4267E-01
  se-77        9.9996E-01  1.0044E+00
  se-78        3.0661E+00  3.0668E+00
  se-79        6.3820E+00  6.3821E+00
  se-80        1.6351E+01  1.6351E+01
  br-81        2.7325E+01  2.7326E+01
  se-82        4.3188E+01  4.3188E+01
  kr-82        1.2204E+00  1.2291E+00
  kr-83        4.4974E+01  4.4997E+01
  kr-84        1.4428E+02  1.4429E+02
  kr-85        3.1656E+01  2.9689E+01
  kr-85m       4.6287E-02  0.0000E+00
  rb-85        1.2028E+02  1.2230E+02
  kr-86        2.2620E+02  2.2620E+02
  rb-86        6.6079E-02  8.2804E-08
  sr-86        7.4972E-01  8.1580E-01
  kr-87        2.4999E-02  0.0000E+00
  rb-87        2.9679E+02  2.9681E+02
  kr-88        7.4010E-02  0.0000E+00
  sr-88        4.1030E+02  4.1038E+02
  sr-89        4.2866E+01  2.8581E-01
  y-89         5.2061E+02  5.6320E+02
  sr-90        6.5854E+02  6.4288E+02
  y-90         1.8622E-01  1.6307E-01
  zr-90        1.5762E+01  3.1452E+01
  sr-91        4.8089E-01  0.0000E+00
  y-91         7.8448E+01  1.0424E+00
  y-91m        2.4352E-02  0.0000E+00
  zr-91        6.4676E+02  7.2467E+02
  sr-92        1.5512E-01  0.0000E+00
  y-92         2.0494E-01  0.0000E+00
  zr-92        8.0551E+02  8.0587E+02
  y-93         7.1344E-01  0.0000E+00
  zr-93        9.0428E+02  9.0500E+02
  y-94         2.3940E-02  0.0000E+00
  zr-94        9.9093E+02  9.9096E+02
  mo-94        1.5223E-02  1.5223E-02
  zr-95        1.4192E+02  2.7215E+00
  nb-95        7.7009E+01  3.3152E+00
  nb-95m       8.6595E-02  1.7564E-03
  mo-95        8.3173E+02  1.0448E+03
  zr-96        1.0730E+03  1.0730E+03
  mo-96        6.9149E+01  6.9165E+01
  zr-97        1.6068E+00  0.0000E+00
  nb-97        1.1629E-01  0.0000E+00
  mo-97        1.0814E+03  1.0832E+03
  mo-98        1.1436E+03  1.1436E+03
  mo-99        7.4537E+00  0.0000E+00
  tc-99        1.0414E+03  1.0495E+03
  tc-99m       6.0041E-01  0.0000E+00
  ru-99        3.8773E-02  4.2484E-02
  mo-100       1.3038E+03  1.3038E+03
  ru-100       1.8703E+02  1.8703E+02
  mo-101       2.7171E-02  0.0000E+00
  tc-101       2.6438E-02  0.0000E+00
  ru-101       1.0792E+03  1.0792E+03
  mo-102       2.1054E-02  0.0000E+00
  ru-102       1.1869E+03  1.1869E+03
  ru-103       1.1313E+02  1.7859E-01
  rh-103       5.8981E+02  7.0288E+02
  rh-103m      1.1111E-01  1.7542E-04
  tc-104       3.2682E-02  0.0000E+00
  ru-104       9.0398E+02  9.0401E+02
  pd-104       4.6473E+02  4.6473E+02
  ru-105       4.2519E-01  0.0000E+00
  rh-105       2.7643E+00  0.0000E+00
  pd-105       5.7103E+02  5.7423E+02
  ru-106       3.7896E+02  1.9179E+02
  pd-106       3.7517E+02  5.6233E+02
  rh-107       2.1599E-02  0.0000E+00
  pd-107       3.9972E+02  3.9975E+02
  pd-108       2.7129E+02  2.7129E+02
  pd-109       5.0456E-01  0.0000E+00
  ag-109       1.3244E+02  1.3295E+02
  pd-110       9.1203E+01  9.1203E+01
  ag-110m      1.5125E+00  5.4881E-01
  cd-110       8.6356E+01  8.7320E+01
  ag-111       1.2298E+00  2.1428E-15
  cd-111       4.5095E+01  4.6328E+01
  pd-112       6.0014E-02  0.0000E+00
  cd-112       2.2941E+01  2.3010E+01
  cd-113       1.2936E-01  1.3631E-01
  cd-114       2.5069E+01  2.5069E+01
  cd-115       5.2133E-02  0.0000E+00
  cd-115m      6.5170E-02  2.2206E-04
  in-115       2.1591E+00  2.2780E+00
  sn-115       3.6884E-01  3.7168E-01
  cd-116       8.6852E+00  8.6853E+00
  sn-116       6.0433E+00  6.0439E+00
  sn-117       7.8132E+00  7.8180E+00
  sn-118       7.2659E+00  7.2665E+00
  sn-119       6.9353E+00  7.0113E+00
  sn-119m      1.3110E-01  5.5250E-02
  sn-120       7.1717E+00  7.1717E+00
  sn-121       2.2095E-02  3.0396E-05
  sn-121m      5.6646E-01  5.5759E-01
  sb-121       6.6455E+00  6.6765E+00
  sn-122       9.1690E+00  9.1693E+00
  te-122       6.9839E-01  7.0865E-01
  sn-123       4.5650E-01  6.4321E-02
  sb-123       8.4097E+00  8.8024E+00
  sn-124       1.4410E+01  1.4410E+01
  sb-124       1.4459E-01  2.1556E-03
  te-124       4.2030E-01  5.6273E-01
  sn-125       2.2644E-01  8.8769E-13
  sb-125       1.6225E+01  1.2797E+01
  te-125       2.9470E+00  6.6069E+00
  te-125m      1.8392E-01  1.7786E-01
  sn-126       3.1923E+01  3.1923E+01
  te-126       7.6889E-01  7.8158E-01
  sb-127       8.1341E-01  0.0000E+00
  te-127       7.0949E-02  3.4758E-04
  te-127m      8.7233E-01  9.9285E-02
  i-127        6.2550E+01  6.4218E+01
  te-128       1.4359E+02  1.4362E+02
  xe-128       5.6178E+00  5.6183E+00
  sb-129       1.1540E-01  0.0000E+00
  te-129       2.8996E-02  1.6790E-06
  te-129m      3.4480E+00  1.8501E-03
  i-129        2.3174E+02  2.3533E+02
  xe-129       5.4054E-02  5.4512E-02
  te-130       5.3495E+02  5.3497E+02
  i-130        3.4464E-02  0.0000E+00
  xe-130       1.4207E+01  1.4242E+01
  sb-131       2.4729E-02  0.0000E+00
  te-131       2.9837E-02  0.0000E+00
  te-131m      5.8071E-01  0.0000E+00
  i-131        1.6344E+01  3.3973E-13
  xe-131       5.1867E+02  5.3595E+02
  xe-131m      2.9401E-01  4.4818E-10
  te-132       9.1302E+00  0.0000E+00
  i-132        2.8111E-01  0.0000E+00
  xe-132       1.6391E+03  1.6486E+03
  te-133m      7.3633E-02  0.0000E+00
  i-133        3.4918E+00  0.0000E+00
  xe-133       2.1110E+01  2.7650E-20
  xe-133m      2.7890E-01  0.0000E+00
  cs-133       1.4492E+03  1.4742E+03
  te-134       9.7220E-02  0.0000E+00
  i-134        1.6339E-01  0.0000E+00
  xe-134       2.1070E+03  2.1073E+03
  cs-134       2.6037E+02  1.8615E+02
  ba-134       5.0491E+01  1.2474E+02
  i-135        1.0806E+00  0.0000E+00
  xe-135       1.7698E-01  0.0000E+00
  cs-135       2.4839E+02  2.4966E+02
  ba-135       4.6497E-01  4.6544E-01
  xe-136       3.5576E+03  3.5576E+03
  cs-136       1.0707E+00  4.7208E-09
  ba-136       2.1479E+01  2.2549E+01
  cs-137       1.7269E+03  1.6876E+03
  ba-137       3.2307E+01  7.1650E+01
  xe-138       3.3371E-02  0.0000E+00
  cs-138       8.7377E-02  0.0000E+00
  ba-138       1.7787E+03  1.7788E+03
  la-138       2.2858E-02  2.2858E-02
  cs-139       2.2640E-02  0.0000E+00
  ba-139       2.0829E-01  0.0000E+00
  la-139       1.6514E+03  1.6516E+03
  ba-140       4.4169E+01  1.0540E-07
  la-140       6.0969E+00  1.5974E-08
  ce-140       1.6485E+03  1.6988E+03
  ba-141       4.1301E-02  0.0000E+00
  la-141       5.3629E-01  0.0000E+00
  ce-141       1.0483E+02  4.3682E-02
  pr-141       1.4498E+03  1.5552E+03
  ba-142       2.2160E-02  0.0000E+00
  la-142       1.9789E-01  0.0000E+00
  ce-142       1.5349E+03  1.5351E+03
  pr-142       1.6501E-01  0.0000E+00
  nd-142       4.1865E+01  4.2030E+01
  la-143       2.9135E-02  0.0000E+00
  ce-143       4.1047E+00  0.0000E+00
  pr-143       3.9891E+01  3.5082E-07
  nd-143       8.6306E+02  9.0708E+02
  ce-144       6.8540E+02  2.8183E+02
  pr-144       2.9379E-02  1.1871E-02
  nd-144       1.2386E+03  1.6422E+03
  pr-145       5.2248E-01  0.0000E+00
  nd-145       8.5226E+02  8.5278E+02
  pr-146       2.9088E-02  0.0000E+00
  nd-146       9.9001E+02  9.9005E+02
  nd-147       1.4835E+01  1.4358E-09
  pm-147       2.1036E+02  1.7305E+02
  sm-147       4.3886E+01  9.6051E+01
  nd-148       5.3498E+02  5.3498E+02
  pm-148       2.9877E+00  2.3183E-05
  pm-148m      1.7006E+00  3.6939E-03
  sm-148       1.9204E+02  1.9672E+02
  nd-149       6.4103E-02  0.0000E+00
  pm-149       3.1239E+00  0.0000E+00
  sm-149       2.1586E+00  5.3479E+00
  nd-150       2.6213E+02  2.6213E+02
  sm-150       4.4777E+02  4.4777E+02
  pm-151       5.9966E-01  0.0000E+00
  sm-151       1.3304E+01  1.3801E+01
  eu-151       5.4974E-03  1.1219E-01
  sm-152       1.3404E+02  1.3404E+02
  gd-152       1.0009E-02  1.0095E-02
  sm-153       2.7865E+00  0.0000E+00
  eu-153       1.6867E+02  1.7146E+02
  sm-154       6.8548E+01  6.8549E+01
  eu-154       4.4672E+01  4.1213E+01
  gd-154       2.2411E+00  5.6996E+00
  eu-155       1.5045E+01  1.3005E+01
  gd-155       4.7400E-02  2.0895E+00
  sm-156       3.0881E-02  0.0000E+00
  eu-156       1.8379E+01  1.0619E-06
  gd-156       2.3019E+02  2.4860E+02
  eu-157       8.3712E-02  0.0000E+00
  gd-157       2.0399E-01  2.8799E-01
  gd-158       4.9763E+01  4.9764E+01
  gd-159       2.1008E-02  0.0000E+00
  tb-159       4.9659E+00  4.9871E+00
  gd-160       2.0427E+00  2.0427E+00
  tb-160       3.1658E-01  9.5410E-03
  dy-160       3.7403E-01  6.8106E-01
  tb-161       4.3775E-02  5.2345E-18
  dy-161       6.7945E-01  7.2323E-01
  dy-162       5.5510E-01  5.5511E-01
  dy-163       4.9203E-01  4.9204E-01
  dy-164       1.3668E-01  1.3668E-01
  ho-165       3.0755E-01  3.0783E-01
  er-166       1.0484E-01  1.0606E-01
  er-168       1.8540E-02  1.8540E-02
------------
  totals       1.0004E+06  1.0004E+06
=========================================================================================================================
.
.
*************************************************************************************************************************
********************                                                                                 ********************
********************                                                                                 ********************
********************                    Written F71 File Information                                 ********************
********************                                                                                 ********************
********************                                                                                 ********************
*************************************************************************************************************************
.
.
   pos         time        power         flux      fluence       energy libpos   case   step DCGNAB
   (-)          (s)         (MW)    (n/cm2-s)      (n/cm2)        (MWd)    (-)    (-)    (-)    (-)
     1  4.75200e+07  0.00000e+00  0.00000e+00  4.08254e+22  4.52525e+04      1      2      0 DC----
     2  7.90800e+07  0.00000e+00  0.00000e+00  4.08254e+22  4.52525e+04      1      2      1 DC----
    D - state definition present
    C - concentrations present
    G - gamma emission spectra present
    N - neutron emission spectra present
    A - alpha emission spectra present
    B - beta emission spectra present
.
.
.
=========================================================================================================================
ORIGEN finished successfully.
=========================================================================================================================
    module origen used 0.698359 seconds cpu time for the current pass.

    module origen is finished. completion code    0. total cpu time used 5.13186e-006 seconds.


    SCALE is finished on Wed Feb 13 18:30:39 2019.
-------------------------- Summary --------------------------
arp finished. used 3.13818 seconds.
origen finished. used 0.705828 seconds.
SCALE driver required a maximum of 8.301 MiB of RAM.
------------------------ End Summary ------------------------

w17x17_100d.f33 copied to C:\Users\Teddy\Desktop\scale_test\output\w17x17_100d.f33.
discharge.f71 copied to C:\Users\Teddy\Desktop\scale_test\output\discharge.f71.
