 *******************************************************************************
 *                                                                             *
 *                                 SCALE 6.2.2                                 *
 *                                -------------                                *
 *                                February 2019                                *
 *                                                                             *
 *           SCALE:  A Comprehensive Modeling and Simulation Suite             *
 *                   for Nuclear Safety Analysis and Design                    *
 *                                                                             *
 *                      Reactor and Nuclear Systems Division                   *
 *                        Oak Ridge National Laboratory                        *
 *                                                                             *
 *                           http://scale.ornl.gov                             *
 *                            scalehelp@ornl.gov                               *
 *                                                                             *
 *******************************************************************************
 *******************************************************************************
      
                  Job Information
                  ---------------
      Job started on DESKTOP-J14NAA6 on Wed 13/02/2019 18:27:06
      Working directory: C:\Users\Teddy\AppData\Local\Temp\scale.Teddy.6976
      Input file name  : C:\Users\Teddy\Desktop\scale_test\output\2.800000_3535.353535.inp
      Output file name : C:\Users\Teddy\Desktop\scale_test\output\2.800000_3535.353535.out
      SCALE executable : C:\SCALE-6.2.2/bin/scale
      
 *******************************************************************************


    module arp will be called on Wed Feb 13 18:27:06 2019.
    sequence specification record:=arp
Input Data:

      'library type
      w17x17
      2.800000
      ' num cycles
      1
      ' num days per cycle
      550
      ' cycle average specific power (MW / MTU)
      6.427916
      ' number of interpolated cross section sets generated per cycle
      1
      ' moderator density (g/cc)
      0.723
      ' interpolated output ORIGEN library
      w17x17_100d.f33
end

1






        ************************************************************************************************************************
        ************************************************************************************************************************
        ************************************************************************************************************************
        *****                                                                                                              *****
        *****                                       program verification information                                       *****
        *****                                                                                                              *****
        *****                                   code system:  SCALE    version:  6.2                                       *****
        *****                                                                                                              *****
        ************************************************************************************************************************
        ************************************************************************************************************************
        *****                                                                                                              *****
        *****                                                                                                              *****
        *****              program:  arp.exe                                                                               *****
        *****                                                                                                              *****
        *****        creation date:   unknown                                                                              *****
        *****                                                                                                              *****
        *****              library:  C:\SCALE-6.2.2\bin                                                                    *****
        *****                                                                                                              *****
        *****                                                                                                              *****
        *****            prod code:  arp.exe                                                                               *****
        *****                                                                                                              *****
        *****              version:  6.2.2                                                                                 *****
        *****                                                                                                              *****
        *****              jobname:  Teddy                                                                                 *****
        *****                                                                                                              *****
        *****         machine name:  DESKTOP-J14NAA6                                                                       *****
        *****                                                                                                              *****
        *****    date of execution:  13_feb_2019                                                                           *****
        *****                                                                                                              *****
        *****    time of execution:  18:27:07.05                                                                           *****
        *****                                                                                                              *****
        *****                                                                                                              *****
        ************************************************************************************************************************
        ************************************************************************************************************************
        ************************************************************************************************************************


 'library type
    data library:       w17x17
       directory:       C:/SCALE-6.2.2/data/\arplibs
       definition:      C:/SCALE-6.2.2/data/\arpdata.txt
    u-235 enrichment:                        2.800

 ' num cycles
    number of cycles:                            1

 ' num days per cycle

 ' cycle average specific power (MW / MTU)

 ' number of interpolated cross section sets generated per cycle

 ' moderator density (g/cc)
    water density (g/cm3):                  0.7230
                                         cycle        cumulative      midpoint
   cycle time(d)        power(MW)      burnup(MWd/MTU)burnup(MWd/MTU)burnup(MWd/MTU)nlib
     1    550.000        6.42792        3535.35        3535.35        1767.68             1

 ' interpolated output ORIGEN library
    interpolated library name:                   w17x17_100d.f33
 interpolation type: spline
 Cross section library interpolation completed.
.
.
.
=========================================================================================================================
ARP finished successfully.
=========================================================================================================================
    module arp used 2.19104 seconds cpu time for the current pass.

    module arp is finished. completion code    0. total cpu time used 1.4929e-005 seconds.



    module origen will be called on Wed Feb 13 18:27:09 2019.
    sequence specification record:=origen
Input Data:

      case(irrad) {
          lib{
              file="w17x17_100d.f33" pos=1
          }
          mat {
              units=GRAMS
              iso=[u235=28000.000000 u238=972000.000000]
          }
          time = [ 550 ]
          power = [ 6.427916 ]
      }
      case (decay) {
          time {
              units=YEARS
              start=0
              t=[1]
          }
          save{ file="discharge.f71" steps=[0 LAST]}
      }
end

1






        ************************************************************************************************************************
        ************************************************************************************************************************
        ************************************************************************************************************************
        *****                                                                                                              *****
        *****                                       program verification information                                       *****
        *****                                                                                                              *****
        *****                                   code system:  SCALE    version:  6.2                                       *****
        *****                                                                                                              *****
        ************************************************************************************************************************
        ************************************************************************************************************************
        *****                                                                                                              *****
        *****                                                                                                              *****
        *****              program:  origen.exe                                                                            *****
        *****                                                                                                              *****
        *****        creation date:   unknown                                                                              *****
        *****                                                                                                              *****
        *****              library:  C:\SCALE-6.2.2\bin                                                                    *****
        *****                                                                                                              *****
        *****                                                                                                              *****
        *****            prod code:  origen.exe                                                                            *****
        *****                                                                                                              *****
        *****              version:  6.2.2                                                                                 *****
        *****                                                                                                              *****
        *****              jobname:  Teddy                                                                                 *****
        *****                                                                                                              *****
        *****         machine name:  DESKTOP-J14NAA6                                                                       *****
        *****                                                                                                              *****
        *****    date of execution:  13_feb_2019                                                                           *****
        *****                                                                                                              *****
        *****    time of execution:  18:27:09.26                                                                           *****
        *****                                                                                                              *****
        *****                                                                                                              *****
        ************************************************************************************************************************
        ************************************************************************************************************************
        ************************************************************************************************************************

*************************************************************************************************************************
********************                                                                                 ********************
********************                                                                                 ********************
********************                    USER INPUT SUMMARY                                           ********************
********************                                                                                 ********************
********************                                                                                 ********************
*************************************************************************************************************************
.
.
=========================================================================================================================
=   Case "irrad" (#1/2)                                                                                                 =
-------------------------------------------------------------------------------------------------------------------------
###   Library settings                                                                                                ###
.
                                Library file name:     C:/Users/Teddy/AppData/Local/Temp/scale.Teddy.6976/w17x17_100d.f33
                             Library set position:              1
                 Fission product reaction removal:             no
-------------------------------------------------------------------------------------------------------------------------
###   Global settings                                                                                                 ###
.
                                           Solver:              MATREX
                                             Mode:        forward
                             Fixed fission energy:             no
-------------------------------------------------------------------------------------------------------------------------
###   Concentrations output options                                                                                   ###
.
                            High-precision output:             no
                                  Relative cutoff:            yes
                         Step for applying cutoff:       integral
.
                      light els.   actinides  fis.prods.       total
                       nuc    el   nuc    el   nuc    el   nuc    el             cutoff
gram-atoms                                                                    1.000E-06
grams                                                      **                 1.000E-06
curies                                                                        1.000E-06
watts                                                                         1.000E-06
gamma watts                                                                   1.000E-06
m3 air                                                                        1.000E-06
m3 water                                                                      1.000E-06
grams ppm                                                                     1.000E-06
atoms ppm                                                                     1.000E-06
atoms/barn-cm                                                                 1.000E-06
becquerels                                                                    1.000E-06
-------------------------------------------------------------------------------------------------------------------------
###   Additional output options                                                                                       ###
.
                                      Print k-inf:             no
           Nuclides for absorption fraction print:           none
                              Print fission rates:             no
            Step for sorting absorption fractions:              1
=========================================================================================================================
=   Case "decay" (#2/2)                                                                                                 =
-------------------------------------------------------------------------------------------------------------------------
###   Library settings                                                                                                ###
.
                                Library file name:     C:/Users/Teddy/AppData/Local/Temp/scale.Teddy.6976/w17x17_100d.f33
                             Library set position:              1
                 Fission product reaction removal:             no
-------------------------------------------------------------------------------------------------------------------------
###   Global settings                                                                                                 ###
.
                                           Solver:              MATREX
                                             Mode:        forward
                             Fixed fission energy:             no
-------------------------------------------------------------------------------------------------------------------------
###   Concentrations output options                                                                                   ###
.
                            High-precision output:             no
                                  Relative cutoff:            yes
                         Step for applying cutoff:       integral
.
                      light els.   actinides  fis.prods.       total
                       nuc    el   nuc    el   nuc    el   nuc    el             cutoff
gram-atoms                                                                    1.000E-06
grams                                                      **                 1.000E-06
curies                                                                        1.000E-06
watts                                                                         1.000E-06
gamma watts                                                                   1.000E-06
m3 air                                                                        1.000E-06
m3 water                                                                      1.000E-06
grams ppm                                                                     1.000E-06
atoms ppm                                                                     1.000E-06
atoms/barn-cm                                                                 1.000E-06
becquerels                                                                    1.000E-06
-------------------------------------------------------------------------------------------------------------------------
###   Additional output options                                                                                       ###
.
                                      Print k-inf:             no
           Nuclides for absorption fraction print:           none
                              Print fission rates:             no
            Step for sorting absorption fractions:              1
=========================================================================================================================
###   Blending information                                                                                            ###
.
  --- no blending requested in this job ---
=========================================================================================================================
.
.
=========================================================================================================================
=   History overview for case 'irrad' (#1/2)                                                                            =
-------------------------------------------------------------------------------------------------------------------------
   step          t0          t1          dt           t        flux     fluence       power      energy
    (-)         (d)         (d)         (s)         (s)   (n/cm2-s)     (n/cm2)        (MW)       (MWd)
      1      0.0000    550.0000  4.7520E+07  4.7520E+07  5.3298E+13  2.5327E+21  6.4279E+00  3.5354E+03
          
              step - step index within this case
                t0 - time at beginning-of-step in input units
                t1 - time at end-of-step in input units
                dt - length of step in seconds
                 t - end-of-step cumulative time in seconds
              flux - flux in neutrons/cm^2-sec (CALCULATED)
           fluence - cumulative end-of-step fluence in neutrons/cm^2 (CALCULATED)
             power - power in mega-watts (INPUT)     
            energy - cumulative end-of-step energy released in mega-watt-days (INPUT)     
=========================================================================================================================
.
.
.
.
.
*************************************************************************************************************************
********************                                                                                 ********************
********************                                                                                 ********************
********************                    Library information                                          ********************
********************                                                                                 ********************
********************                                                                                 ********************
*************************************************************************************************************************
.
.
=========================================================================================================================
=   Library summary for case 'irrad' (#1/2)                                                                             =
-------------------------------------------------------------------------------------------------------------------------
filename: C:/Users/Teddy/AppData/Local/Temp/scale.Teddy.6976/w17x17_100d.f33 cross-section data taken from position number: 1
library title delimited by {}: 
{}
date library was produced: 538976288/538976288/538976288
total number of nuclides in library: 2237
number of light-element nuclides: 910
number of actinide nuclides: 176
number of fission product nuclides: 1151
number of nonzero off-diagonal matrix elements: 54564
=========================================================================================================================
.
.
*************************************************************************************************************************
********************                                                                                 ********************
********************                                                                                 ********************
********************                    Concentration tables                                         ********************
********************                                                                                 ********************
********************                                                                                 ********************
*************************************************************************************************************************
.
.
=========================================================================================================================
=   Nuclide concentrations in grams for case 'irrad' (#1/2)                                                             =
-------------------------------------------------------------------------------------------------------------------------
  (relative cutoff; integral of concentrations over time >   1.00E-06 % of integral of all concentrations over time)
.
                   0.000d    550.000d   
  he-4         0.0000E+00  1.2169E-01
  u-234        0.0000E+00  2.4403E-01
  u-235        2.8000E+04  2.4080E+04
  u-236        0.0000E+00  7.0060E+02
  u-237        0.0000E+00  4.6304E-01
  u-238        9.7200E+05  9.6953E+05
  u-239        0.0000E+00  9.5117E-02
  np-237       0.0000E+00  1.8045E+01
  np-239       0.0000E+00  1.3756E+01
  pu-238       0.0000E+00  7.3446E-01
  pu-239       0.0000E+00  1.7453E+03
  pu-240       0.0000E+00  1.3973E+02
  pu-241       0.0000E+00  2.7074E+01
  pu-242       0.0000E+00  8.6386E-01
  am-241       0.0000E+00  4.9761E-01
  cm-242       0.0000E+00  2.0183E-02
  ge-76        0.0000E+00  3.8328E-02
  se-77        0.0000E+00  9.6272E-02
  se-78        0.0000E+00  2.5761E-01
  se-79        0.0000E+00  5.6250E-01
  se-80        0.0000E+00  1.5556E+00
  br-81        0.0000E+00  2.5292E+00
  se-82        0.0000E+00  4.0698E+00
  kr-83        0.0000E+00  6.5648E+00
  kr-84        0.0000E+00  1.2899E+01
  kr-85        0.0000E+00  3.4091E+00
  rb-85        0.0000E+00  1.3119E+01
  kr-86        0.0000E+00  2.4995E+01
  rb-87        0.0000E+00  3.2954E+01
  sr-88        0.0000E+00  4.6203E+01
  sr-89        0.0000E+00  7.8880E+00
  y-89         0.0000E+00  5.4311E+01
  sr-90        0.0000E+00  7.4965E+01
  zr-90        0.0000E+00  1.3869E+00
  sr-91        0.0000E+00  8.0057E-02
  y-91         0.0000E+00  1.1781E+01
  zr-91        0.0000E+00  6.7056E+01
  sr-92        0.0000E+00  2.3549E-02
  y-92         0.0000E+00  3.1116E-02
  zr-92        0.0000E+00  8.3078E+01
  y-93         0.0000E+00  9.7301E-02
  zr-93        0.0000E+00  8.9384E+01
  zr-94        0.0000E+00  9.2637E+01
  zr-95        0.0000E+00  1.5783E+01
  nb-95        0.0000E+00  8.6164E+00
  mo-95        0.0000E+00  7.8552E+01
  zr-96        0.0000E+00  9.4953E+01
  mo-96        0.0000E+00  4.0347E-01
  zr-97        0.0000E+00  1.6660E-01
  mo-97        0.0000E+00  9.1202E+01
  mo-98        0.0000E+00  9.0605E+01
  mo-99        0.0000E+00  7.0006E-01
  tc-99        0.0000E+00  9.4696E+01
  tc-99m       0.0000E+00  5.6038E-02
  mo-100       0.0000E+00  1.0110E+02
  ru-100       0.0000E+00  1.0632E+00
  ru-101       0.0000E+00  8.4946E+01
  ru-102       0.0000E+00  7.4600E+01
  ru-103       0.0000E+00  6.4696E+00
  rh-103       0.0000E+00  5.0178E+01
  ru-104       0.0000E+00  3.9926E+01
  pd-104       0.0000E+00  2.3969E+00
  rh-105       0.0000E+00  1.1786E-01
  pd-105       0.0000E+00  2.4888E+01
  ru-106       0.0000E+00  9.4716E+00
  pd-106       0.0000E+00  5.3666E+00
  pd-107       0.0000E+00  8.2184E+00
  pd-108       0.0000E+00  4.4923E+00
  ag-109       0.0000E+00  2.7988E+00
  pd-110       0.0000E+00  1.5444E+00
  cd-110       0.0000E+00  1.1063E-01
  ag-111       0.0000E+00  2.3567E-02
  cd-111       0.0000E+00  8.4856E-01
  cd-112       0.0000E+00  5.5731E-01
  cd-113       0.0000E+00  5.4330E-02
  cd-114       0.0000E+00  8.4300E-01
  in-115       0.0000E+00  3.3207E-01
  cd-116       0.0000E+00  4.0462E-01
  sn-116       0.0000E+00  4.3622E-02
  sn-117       0.0000E+00  3.8133E-01
  sn-118       0.0000E+00  3.7622E-01
  sn-119       0.0000E+00  3.7980E-01
  sn-120       0.0000E+00  3.8949E-01
  sn-121m      0.0000E+00  2.8296E-02
  sb-121       0.0000E+00  3.8285E-01
  sn-122       0.0000E+00  4.7718E-01
  sb-123       0.0000E+00  4.7994E-01
  sn-124       0.0000E+00  7.5887E-01
  sb-125       0.0000E+00  7.9940E-01
  te-125       0.0000E+00  1.4429E-01
  sn-126       0.0000E+00  1.5119E+00
  te-126       0.0000E+00  4.7446E-02
  sb-127       0.0000E+00  4.4208E-02
  te-127m      0.0000E+00  1.5576E-01
  i-127        0.0000E+00  3.5774E+00
  te-128       0.0000E+00  7.9779E+00
  te-129m      0.0000E+00  2.1021E-01
  i-129        0.0000E+00  1.3093E+01
  te-130       0.0000E+00  3.8696E+01
  xe-130       0.0000E+00  6.3291E-02
  te-131m      0.0000E+00  3.7694E-02
  i-131        0.0000E+00  1.3518E+00
  xe-131       0.0000E+00  5.9003E+01
  xe-131m      0.0000E+00  2.1883E-02
  te-132       0.0000E+00  7.9443E-01
  i-132        0.0000E+00  2.3982E-02
  xe-132       0.0000E+00  9.5176E+01
  i-133        0.0000E+00  3.2620E-01
  xe-133       0.0000E+00  1.9750E+00
  xe-133m      0.0000E+00  2.4270E-02
  cs-133       0.0000E+00  1.3826E+02
  xe-134       0.0000E+00  1.6724E+02
  cs-134       0.0000E+00  1.6840E+00
  ba-134       0.0000E+00  2.9579E-01
  i-135        0.0000E+00  9.8781E-02
  xe-135       0.0000E+00  9.1089E-02
  cs-135       0.0000E+00  8.9492E+01
  xe-136       0.0000E+00  1.9179E+02
  cs-136       0.0000E+00  2.7485E-02
  ba-136       0.0000E+00  5.0599E-01
  cs-137       0.0000E+00  1.3317E+02
  ba-137       0.0000E+00  2.3264E+00
  ba-138       0.0000E+00  1.4607E+02
  ba-139       0.0000E+00  2.1055E-02
  la-139       0.0000E+00  1.3935E+02
  ba-140       0.0000E+00  4.5427E+00
  la-140       0.0000E+00  6.0003E-01
  ce-140       0.0000E+00  1.3181E+02
  la-141       0.0000E+00  5.5360E-02
  ce-141       0.0000E+00  1.1005E+01
  pr-141       0.0000E+00  1.1874E+02
  la-142       0.0000E+00  2.1245E-02
  ce-142       0.0000E+00  1.2888E+02
  nd-142       0.0000E+00  2.1810E-01
  ce-143       0.0000E+00  4.6774E-01
  pr-143       0.0000E+00  4.6063E+00
  nd-143       0.0000E+00  1.2189E+02
  ce-144       0.0000E+00  6.6755E+01
  nd-144       0.0000E+00  5.9300E+01
  pr-145       0.0000E+00  5.7455E-02
  nd-145       0.0000E+00  8.7783E+01
  nd-146       0.0000E+00  7.0224E+01
  nd-147       0.0000E+00  1.5078E+00
  pm-147       0.0000E+00  3.9308E+01
  sm-147       0.0000E+00  8.3389E+00
  nd-148       0.0000E+00  4.0144E+01
  pm-148       0.0000E+00  4.4909E-02
  pm-148m      0.0000E+00  1.5903E-01
  sm-148       0.0000E+00  2.6349E+00
  pm-149       0.0000E+00  1.6488E-01
  sm-149       0.0000E+00  1.5831E+00
  nd-150       0.0000E+00  1.7103E+01
  sm-150       0.0000E+00  2.5691E+01
  pm-151       0.0000E+00  3.6849E-02
  sm-151       0.0000E+00  5.1106E+00
  sm-152       0.0000E+00  1.2667E+01
  sm-153       0.0000E+00  4.0378E-02
  eu-153       0.0000E+00  5.5268E+00
  sm-154       0.0000E+00  2.4199E+00
  eu-154       0.0000E+00  3.1880E-01
  eu-155       0.0000E+00  5.5616E-01
  eu-156       0.0000E+00  8.1830E-02
  gd-156       0.0000E+00  1.3836E+00
  gd-158       0.0000E+00  5.3973E-01
  tb-159       0.0000E+00  8.0760E-02
  gd-160       0.0000E+00  3.4500E-02
------------
  totals       1.0000E+06  1.0000E+06
=========================================================================================================================
.
.
=========================================================================================================================
=   History overview for case 'decay' (#2/2)                                                                            =
-------------------------------------------------------------------------------------------------------------------------
   step          t0          t1          dt           t        flux     fluence       power      energy
    (-)         (y)         (y)         (s)         (s)   (n/cm2-s)     (n/cm2)        (MW)       (MWd)
      1      1.5057      2.5057  3.1560E+07  7.9080E+07  0.0000E+00  2.5327E+21  0.0000E+00  3.5354E+03
          
              step - step index within this case
                t0 - time at beginning-of-step in input units
                t1 - time at end-of-step in input units
                dt - length of step in seconds
                 t - end-of-step cumulative time in seconds
              flux - flux in neutrons/cm^2-sec (CALCULATED)
           fluence - cumulative end-of-step fluence in neutrons/cm^2 (CALCULATED)
             power - power in mega-watts (INPUT)     
            energy - cumulative end-of-step energy released in mega-watt-days (INPUT)     
=========================================================================================================================
.
.
.
.
.
*************************************************************************************************************************
********************                                                                                 ********************
********************                                                                                 ********************
********************                    Library information                                          ********************
********************                                                                                 ********************
********************                                                                                 ********************
*************************************************************************************************************************
.
.
=========================================================================================================================
=   Library summary for case 'decay' (#2/2)                                                                             =
-------------------------------------------------------------------------------------------------------------------------
filename: C:/Users/Teddy/AppData/Local/Temp/scale.Teddy.6976/w17x17_100d.f33 cross-section data taken from position number: 1
library title delimited by {}: 
{}
date library was produced: 538976288/538976288/538976288
total number of nuclides in library: 2237
number of light-element nuclides: 910
number of actinide nuclides: 176
number of fission product nuclides: 1151
number of nonzero off-diagonal matrix elements: 54564
=========================================================================================================================
.
.
*************************************************************************************************************************
********************                                                                                 ********************
********************                                                                                 ********************
********************                    Concentration tables                                         ********************
********************                                                                                 ********************
********************                                                                                 ********************
*************************************************************************************************************************
.
.
=========================================================================================================================
=   Nuclide concentrations in grams for case 'decay' (#2/2)                                                             =
-------------------------------------------------------------------------------------------------------------------------
  (relative cutoff; integral of concentrations over time >   1.00E-06 % of integral of all concentrations over time)
.
                   1.506y      2.506y   
  he-4         1.2169E-01  1.2319E-01
  u-234        2.4403E-01  2.5001E-01
  u-235        2.4080E+04  2.4080E+04
  u-236        7.0060E+02  7.0061E+02
  u-237        4.6304E-01  8.0466E-07
  u-238        9.6953E+05  9.6953E+05
  u-239        9.5117E-02  0.0000E+00
  np-237       1.8045E+01  1.8510E+01
  np-239       1.3756E+01  1.2188E-08
  pu-238       7.3446E-01  7.5373E-01
  pu-239       1.7453E+03  1.7591E+03
  pu-240       1.3973E+02  1.3972E+02
  pu-241       2.7074E+01  2.5792E+01
  pu-242       8.6386E-01  8.6391E-01
  am-241       4.9761E-01  1.7778E+00
  am-243       1.4124E-02  1.4159E-02
  cm-242       2.0183E-02  4.3233E-03
  as-75        1.3730E-02  1.3732E-02
  ge-76        3.8328E-02  3.8328E-02
  se-77        9.6272E-02  9.6802E-02
  se-78        2.5761E-01  2.5769E-01
  se-79        5.6250E-01  5.6251E-01
  se-80        1.5556E+00  1.5556E+00
  br-81        2.5292E+00  2.5293E+00
  se-82        4.0698E+00  4.0698E+00
  kr-83        6.5648E+00  6.5681E+00
  kr-84        1.2899E+01  1.2900E+01
  kr-85        3.4091E+00  3.1979E+00
  rb-85        1.3119E+01  1.3338E+01
  kr-86        2.4995E+01  2.4996E+01
  rb-87        3.2954E+01  3.2958E+01
  sr-88        4.6203E+01  4.6218E+01
  sr-89        7.8880E+00  5.2594E-02
  y-89         5.4311E+01  6.2148E+01
  sr-90        7.4965E+01  7.3182E+01
  y-90         1.9152E-02  1.8564E-02
  zr-90        1.3869E+00  3.1709E+00
  sr-91        8.0057E-02  0.0000E+00
  y-91         1.1781E+01  1.5666E-01
  zr-91        6.7056E+01  7.8764E+01
  sr-92        2.3549E-02  0.0000E+00
  y-92         3.1116E-02  0.0000E+00
  zr-92        8.3078E+01  8.3133E+01
  y-93         9.7301E-02  0.0000E+00
  zr-93        8.9384E+01  8.9483E+01
  zr-94        9.2637E+01  9.2640E+01
  zr-95        1.5783E+01  3.0267E-01
  nb-95        8.6164E+00  3.6874E-01
  mo-95        7.8552E+01  1.0230E+02
  zr-96        9.4953E+01  9.4953E+01
  mo-96        4.0347E-01  4.0361E-01
  zr-97        1.6660E-01  0.0000E+00
  mo-97        9.1202E+01  9.1381E+01
  mo-98        9.0605E+01  9.0605E+01
  mo-99        7.0006E-01  0.0000E+00
  tc-99        9.4696E+01  9.5452E+01
  tc-99m       5.6038E-02  0.0000E+00
  mo-100       1.0110E+02  1.0110E+02
  ru-100       1.0632E+00  1.0632E+00
  ru-101       8.4946E+01  8.4951E+01
  ru-102       7.4600E+01  7.4602E+01
  ru-103       6.4696E+00  1.0213E-02
  rh-103       5.0178E+01  5.6644E+01
  ru-104       3.9926E+01  3.9928E+01
  pd-104       2.3969E+00  2.3969E+00
  rh-105       1.1786E-01  0.0000E+00
  pd-105       2.4888E+01  2.5021E+01
  ru-106       9.4716E+00  4.7936E+00
  pd-106       5.3666E+00  1.0044E+01
  pd-107       8.2184E+00  8.2189E+00
  pd-108       4.4923E+00  4.4923E+00
  ag-109       2.7988E+00  2.8059E+00
  pd-110       1.5444E+00  1.5444E+00
  cd-110       1.1063E-01  1.1282E-01
  ag-111       2.3567E-02  4.1070E-17
  cd-111       8.4856E-01  8.7218E-01
  cd-112       5.5731E-01  5.5916E-01
  cd-113       5.4330E-02  5.4550E-02
  cd-114       8.4300E-01  8.4300E-01
  in-115       3.3207E-01  3.3741E-01
  sn-115       1.8587E-02  1.8719E-02
  cd-116       4.0462E-01  4.0462E-01
  sn-116       4.3622E-02  4.3628E-02
  sn-117       3.8133E-01  3.8157E-01
  sn-118       3.7622E-01  3.7625E-01
  sn-119       3.7980E-01  3.8400E-01
  sn-120       3.8949E-01  3.8949E-01
  sn-121m      2.8296E-02  2.7853E-02
  sb-121       3.8285E-01  3.8453E-01
  sn-122       4.7718E-01  4.7718E-01
  sb-123       4.7994E-01  4.9220E-01
  sn-124       7.5887E-01  7.5887E-01
  sb-125       7.9940E-01  6.3008E-01
  te-125       1.4429E-01  3.2442E-01
  sn-126       1.5119E+00  1.5119E+00
  te-126       4.7446E-02  4.8115E-02
  sb-127       4.4208E-02  0.0000E+00
  te-127m      1.5576E-01  1.6013E-02
  i-127        3.5774E+00  3.7662E+00
  te-128       7.9779E+00  7.9795E+00
  xe-128       1.8805E-02  1.8807E-02
  te-129m      2.1021E-01  1.1278E-04
  i-129        1.3093E+01  1.3312E+01
  te-130       3.8696E+01  3.8698E+01
  xe-130       6.3291E-02  6.3445E-02
  te-131m      3.7694E-02  0.0000E+00
  i-131        1.3518E+00  2.7858E-14
  xe-131       5.9003E+01  6.0419E+01
  xe-131m      2.1883E-02  3.5616E-11
  te-132       7.9443E-01  0.0000E+00
  i-132        2.3982E-02  0.0000E+00
  xe-132       9.5176E+01  9.5994E+01
  i-133        3.2620E-01  0.0000E+00
  xe-133       1.9750E+00  2.5841E-21
  xe-133m      2.4270E-02  0.0000E+00
  cs-133       1.3826E+02  1.4059E+02
  xe-134       1.6724E+02  1.6727E+02
  cs-134       1.6840E+00  1.2039E+00
  ba-134       2.9579E-01  7.7598E-01
  i-135        9.8781E-02  0.0000E+00
  xe-135       9.1089E-02  0.0000E+00
  cs-135       8.9492E+01  8.9683E+01
  xe-136       1.9179E+02  1.9179E+02
  cs-136       2.7485E-02  1.2118E-10
  ba-136       5.0599E-01  5.3347E-01
  cs-137       1.3317E+02  1.3013E+02
  ba-137       2.3264E+00  5.3602E+00
  ba-138       1.4607E+02  1.4608E+02
  ba-139       2.1055E-02  0.0000E+00
  la-139       1.3935E+02  1.3937E+02
  ba-140       4.5427E+00  1.0840E-08
  la-140       6.0003E-01  1.6429E-09
  ce-140       1.3181E+02  1.3696E+02
  la-141       5.5360E-02  0.0000E+00
  ce-141       1.1005E+01  4.5854E-03
  pr-141       1.1874E+02  1.2980E+02
  la-142       2.1245E-02  0.0000E+00
  ce-142       1.2888E+02  1.2890E+02
  nd-142       2.1810E-01  2.1902E-01
  ce-143       4.6774E-01  0.0000E+00
  pr-143       4.6063E+00  4.0455E-08
  nd-143       1.2189E+02  1.2697E+02
  ce-144       6.6755E+01  2.7450E+01
  nd-144       5.9300E+01  9.8606E+01
  pr-145       5.7455E-02  0.0000E+00
  nd-145       8.7783E+01  8.7841E+01
  nd-146       7.0224E+01  7.0229E+01
  nd-147       1.5078E+00  1.4592E-10
  pm-147       3.9308E+01  3.1352E+01
  sm-147       8.3389E+00  1.7804E+01
  nd-148       4.0144E+01  4.0144E+01
  pm-148       4.4909E-02  2.1680E-06
  pm-148m      1.5903E-01  3.4543E-04
  sm-148       2.6349E+00  2.8384E+00
  pm-149       1.6488E-01  0.0000E+00
  sm-149       1.5831E+00  1.7532E+00
  nd-150       1.7103E+01  1.7103E+01
  sm-150       2.5691E+01  2.5691E+01
  pm-151       3.6849E-02  0.0000E+00
  sm-151       5.1106E+00  5.1082E+00
  eu-151       1.9708E-02  5.9204E-02
  sm-152       1.2667E+01  1.2667E+01
  sm-153       4.0378E-02  0.0000E+00
  eu-153       5.5268E+00  5.5672E+00
  sm-154       2.4199E+00  2.4199E+00
  eu-154       3.1880E-01  2.9411E-01
  gd-154       1.3016E-02  3.7697E-02
  eu-155       5.5616E-01  4.8074E-01
  gd-155       1.6878E-02  9.2363E-02
  eu-156       8.1830E-02  4.7728E-09
  gd-156       1.3836E+00  1.4664E+00
  gd-157       1.7967E-02  1.8772E-02
  gd-158       5.3973E-01  5.3975E-01
  tb-159       8.0760E-02  8.1005E-02
  gd-160       3.4500E-02  3.4500E-02
  dy-161       1.3662E-02  1.4091E-02
------------
  totals       1.0000E+06  1.0000E+06
=========================================================================================================================
.
.
*************************************************************************************************************************
********************                                                                                 ********************
********************                                                                                 ********************
********************                    Written F71 File Information                                 ********************
********************                                                                                 ********************
********************                                                                                 ********************
*************************************************************************************************************************
.
.
   pos         time        power         flux      fluence       energy libpos   case   step DCGNAB
   (-)          (s)         (MW)    (n/cm2-s)      (n/cm2)        (MWd)    (-)    (-)    (-)    (-)
     1  4.75200e+07  0.00000e+00  0.00000e+00  2.53272e+21  3.53535e+03      1      2      0 DC----
     2  7.90800e+07  0.00000e+00  0.00000e+00  2.53272e+21  3.53535e+03      1      2      1 DC----
    D - state definition present
    C - concentrations present
    G - gamma emission spectra present
    N - neutron emission spectra present
    A - alpha emission spectra present
    B - beta emission spectra present
.
.
.
=========================================================================================================================
ORIGEN finished successfully.
=========================================================================================================================
    module origen used 0.632708 seconds cpu time for the current pass.

    module origen is finished. completion code    0. total cpu time used 4.66533e-006 seconds.


    SCALE is finished on Wed Feb 13 18:27:09 2019.
-------------------------- Summary --------------------------
arp finished. used 2.20285 seconds.
origen finished. used 0.638811 seconds.
SCALE driver required a maximum of 8.293 MiB of RAM.
------------------------ End Summary ------------------------

w17x17_100d.f33 copied to C:\Users\Teddy\Desktop\scale_test\output\w17x17_100d.f33.
discharge.f71 copied to C:\Users\Teddy\Desktop\scale_test\output\discharge.f71.
