 *******************************************************************************
 *                                                                             *
 *                                 SCALE 6.2.2                                 *
 *                                -------------                                *
 *                                February 2019                                *
 *                                                                             *
 *           SCALE:  A Comprehensive Modeling and Simulation Suite             *
 *                   for Nuclear Safety Analysis and Design                    *
 *                                                                             *
 *                      Reactor and Nuclear Systems Division                   *
 *                        Oak Ridge National Laboratory                        *
 *                                                                             *
 *                           http://scale.ornl.gov                             *
 *                            scalehelp@ornl.gov                               *
 *                                                                             *
 *******************************************************************************
 *******************************************************************************
      
                  Job Information
                  ---------------
      Job started on DESKTOP-J14NAA6 on Wed 13/02/2019 18:28:31
      Working directory: C:\Users\Teddy\AppData\Local\Temp\scale.Teddy.10896
      Input file name  : C:\Users\Teddy\Desktop\scale_test\output\2.800000_22626.262626.inp
      Output file name : C:\Users\Teddy\Desktop\scale_test\output\2.800000_22626.262626.out
      SCALE executable : C:\SCALE-6.2.2/bin/scale
      
 *******************************************************************************


    module arp will be called on Wed Feb 13 18:28:31 2019.
    sequence specification record:=arp
Input Data:

      'library type
      w17x17
      2.800000
      ' num cycles
      1
      ' num days per cycle
      550
      ' cycle average specific power (MW / MTU)
      41.138659
      ' number of interpolated cross section sets generated per cycle
      1
      ' moderator density (g/cc)
      0.723
      ' interpolated output ORIGEN library
      w17x17_100d.f33
end

1






        ************************************************************************************************************************
        ************************************************************************************************************************
        ************************************************************************************************************************
        *****                                                                                                              *****
        *****                                       program verification information                                       *****
        *****                                                                                                              *****
        *****                                   code system:  SCALE    version:  6.2                                       *****
        *****                                                                                                              *****
        ************************************************************************************************************************
        ************************************************************************************************************************
        *****                                                                                                              *****
        *****                                                                                                              *****
        *****              program:  arp.exe                                                                               *****
        *****                                                                                                              *****
        *****        creation date:   unknown                                                                              *****
        *****                                                                                                              *****
        *****              library:  C:\SCALE-6.2.2\bin                                                                    *****
        *****                                                                                                              *****
        *****                                                                                                              *****
        *****            prod code:  arp.exe                                                                               *****
        *****                                                                                                              *****
        *****              version:  6.2.2                                                                                 *****
        *****                                                                                                              *****
        *****              jobname:  Teddy                                                                                 *****
        *****                                                                                                              *****
        *****         machine name:  DESKTOP-J14NAA6                                                                       *****
        *****                                                                                                              *****
        *****    date of execution:  13_feb_2019                                                                           *****
        *****                                                                                                              *****
        *****    time of execution:  18:28:31.82                                                                           *****
        *****                                                                                                              *****
        *****                                                                                                              *****
        ************************************************************************************************************************
        ************************************************************************************************************************
        ************************************************************************************************************************


 'library type
    data library:       w17x17
       directory:       C:/SCALE-6.2.2/data/\arplibs
       definition:      C:/SCALE-6.2.2/data/\arpdata.txt
    u-235 enrichment:                        2.800

 ' num cycles
    number of cycles:                            1

 ' num days per cycle

 ' cycle average specific power (MW / MTU)

 ' number of interpolated cross section sets generated per cycle

 ' moderator density (g/cc)
    water density (g/cm3):                  0.7230
                                         cycle        cumulative      midpoint
   cycle time(d)        power(MW)      burnup(MWd/MTU)burnup(MWd/MTU)burnup(MWd/MTU)nlib
     1    550.000        41.1387        22626.3        22626.3        11313.1             1

 ' interpolated output ORIGEN library
    interpolated library name:                   w17x17_100d.f33
 interpolation type: spline
 Cross section library interpolation completed.
.
.
.
=========================================================================================================================
ARP finished successfully.
=========================================================================================================================
    module arp used 2.14886 seconds cpu time for the current pass.

    module arp is finished. completion code    0. total cpu time used 4.05884e-005 seconds.



    module origen will be called on Wed Feb 13 18:28:33 2019.
    sequence specification record:=origen
Input Data:

      case(irrad) {
          lib{
              file="w17x17_100d.f33" pos=1
          }
          mat {
              units=GRAMS
              iso=[u235=28000.000000 u238=972000.000000]
          }
          time = [ 550 ]
          power = [ 41.138659 ]
      }
      case (decay) {
          time {
              units=YEARS
              start=0
              t=[1]
          }
          save{ file="discharge.f71" steps=[0 LAST]}
      }
end

1






        ************************************************************************************************************************
        ************************************************************************************************************************
        ************************************************************************************************************************
        *****                                                                                                              *****
        *****                                       program verification information                                       *****
        *****                                                                                                              *****
        *****                                   code system:  SCALE    version:  6.2                                       *****
        *****                                                                                                              *****
        ************************************************************************************************************************
        ************************************************************************************************************************
        *****                                                                                                              *****
        *****                                                                                                              *****
        *****              program:  origen.exe                                                                            *****
        *****                                                                                                              *****
        *****        creation date:   unknown                                                                              *****
        *****                                                                                                              *****
        *****              library:  C:\SCALE-6.2.2\bin                                                                    *****
        *****                                                                                                              *****
        *****                                                                                                              *****
        *****            prod code:  origen.exe                                                                            *****
        *****                                                                                                              *****
        *****              version:  6.2.2                                                                                 *****
        *****                                                                                                              *****
        *****              jobname:  Teddy                                                                                 *****
        *****                                                                                                              *****
        *****         machine name:  DESKTOP-J14NAA6                                                                       *****
        *****                                                                                                              *****
        *****    date of execution:  13_feb_2019                                                                           *****
        *****                                                                                                              *****
        *****    time of execution:  18:28:33.99                                                                           *****
        *****                                                                                                              *****
        *****                                                                                                              *****
        ************************************************************************************************************************
        ************************************************************************************************************************
        ************************************************************************************************************************

*************************************************************************************************************************
********************                                                                                 ********************
********************                                                                                 ********************
********************                    USER INPUT SUMMARY                                           ********************
********************                                                                                 ********************
********************                                                                                 ********************
*************************************************************************************************************************
.
.
=========================================================================================================================
=   Case "irrad" (#1/2)                                                                                                 =
-------------------------------------------------------------------------------------------------------------------------
###   Library settings                                                                                                ###
.
                                Library file name:     C:/Users/Teddy/AppData/Local/Temp/scale.Teddy.10896/w17x17_100d.f33
                             Library set position:              1
                 Fission product reaction removal:             no
-------------------------------------------------------------------------------------------------------------------------
###   Global settings                                                                                                 ###
.
                                           Solver:              MATREX
                                             Mode:        forward
                             Fixed fission energy:             no
-------------------------------------------------------------------------------------------------------------------------
###   Concentrations output options                                                                                   ###
.
                            High-precision output:             no
                                  Relative cutoff:            yes
                         Step for applying cutoff:       integral
.
                      light els.   actinides  fis.prods.       total
                       nuc    el   nuc    el   nuc    el   nuc    el             cutoff
gram-atoms                                                                    1.000E-06
grams                                                      **                 1.000E-06
curies                                                                        1.000E-06
watts                                                                         1.000E-06
gamma watts                                                                   1.000E-06
m3 air                                                                        1.000E-06
m3 water                                                                      1.000E-06
grams ppm                                                                     1.000E-06
atoms ppm                                                                     1.000E-06
atoms/barn-cm                                                                 1.000E-06
becquerels                                                                    1.000E-06
-------------------------------------------------------------------------------------------------------------------------
###   Additional output options                                                                                       ###
.
                                      Print k-inf:             no
           Nuclides for absorption fraction print:           none
                              Print fission rates:             no
            Step for sorting absorption fractions:              1
=========================================================================================================================
=   Case "decay" (#2/2)                                                                                                 =
-------------------------------------------------------------------------------------------------------------------------
###   Library settings                                                                                                ###
.
                                Library file name:     C:/Users/Teddy/AppData/Local/Temp/scale.Teddy.10896/w17x17_100d.f33
                             Library set position:              1
                 Fission product reaction removal:             no
-------------------------------------------------------------------------------------------------------------------------
###   Global settings                                                                                                 ###
.
                                           Solver:              MATREX
                                             Mode:        forward
                             Fixed fission energy:             no
-------------------------------------------------------------------------------------------------------------------------
###   Concentrations output options                                                                                   ###
.
                            High-precision output:             no
                                  Relative cutoff:            yes
                         Step for applying cutoff:       integral
.
                      light els.   actinides  fis.prods.       total
                       nuc    el   nuc    el   nuc    el   nuc    el             cutoff
gram-atoms                                                                    1.000E-06
grams                                                      **                 1.000E-06
curies                                                                        1.000E-06
watts                                                                         1.000E-06
gamma watts                                                                   1.000E-06
m3 air                                                                        1.000E-06
m3 water                                                                      1.000E-06
grams ppm                                                                     1.000E-06
atoms ppm                                                                     1.000E-06
atoms/barn-cm                                                                 1.000E-06
becquerels                                                                    1.000E-06
-------------------------------------------------------------------------------------------------------------------------
###   Additional output options                                                                                       ###
.
                                      Print k-inf:             no
           Nuclides for absorption fraction print:           none
                              Print fission rates:             no
            Step for sorting absorption fractions:              1
=========================================================================================================================
###   Blending information                                                                                            ###
.
  --- no blending requested in this job ---
=========================================================================================================================
.
.
=========================================================================================================================
=   History overview for case 'irrad' (#1/2)                                                                            =
-------------------------------------------------------------------------------------------------------------------------
   step          t0          t1          dt           t        flux     fluence       power      energy
    (-)         (d)         (d)         (s)         (s)   (n/cm2-s)     (n/cm2)        (MW)       (MWd)
      1      0.0000    550.0000  4.7520E+07  4.7520E+07  3.9007E+14  1.8536E+22  4.1139E+01  2.2626E+04
          
              step - step index within this case
                t0 - time at beginning-of-step in input units
                t1 - time at end-of-step in input units
                dt - length of step in seconds
                 t - end-of-step cumulative time in seconds
              flux - flux in neutrons/cm^2-sec (CALCULATED)
           fluence - cumulative end-of-step fluence in neutrons/cm^2 (CALCULATED)
             power - power in mega-watts (INPUT)     
            energy - cumulative end-of-step energy released in mega-watt-days (INPUT)     
=========================================================================================================================
.
.
.
.
.
*************************************************************************************************************************
********************                                                                                 ********************
********************                                                                                 ********************
********************                    Library information                                          ********************
********************                                                                                 ********************
********************                                                                                 ********************
*************************************************************************************************************************
.
.
=========================================================================================================================
=   Library summary for case 'irrad' (#1/2)                                                                             =
-------------------------------------------------------------------------------------------------------------------------
filename: C:/Users/Teddy/AppData/Local/Temp/scale.Teddy.10896/w17x17_100d.f33 cross-section data taken from position number: 1
library title delimited by {}: 
{}
date library was produced: 538976288/538976288/538976288
total number of nuclides in library: 2237
number of light-element nuclides: 910
number of actinide nuclides: 176
number of fission product nuclides: 1151
number of nonzero off-diagonal matrix elements: 54564
=========================================================================================================================
.
.
*************************************************************************************************************************
********************                                                                                 ********************
********************                                                                                 ********************
********************                    Concentration tables                                         ********************
********************                                                                                 ********************
********************                                                                                 ********************
*************************************************************************************************************************
.
.
=========================================================================================================================
=   Nuclide concentrations in grams for case 'irrad' (#1/2)                                                             =
-------------------------------------------------------------------------------------------------------------------------
  (relative cutoff; integral of concentrations over time >   1.00E-06 % of integral of all concentrations over time)
.
                   0.000d    550.000d   
  h-3          0.0000E+00  3.5385E-02
  he-4         0.0000E+00  8.7557E-01
  u-234        0.0000E+00  1.2696E+00
  u-235        2.8000E+04  1.0208E+04
  u-236        0.0000E+00  3.0297E+03
  u-237        0.0000E+00  8.5646E+00
  u-238        9.7200E+05  9.5414E+05
  u-239        0.0000E+00  6.7955E-01
  np-237       0.0000E+00  2.5064E+02
  np-238       0.0000E+00  8.9111E-01
  np-239       0.0000E+00  9.8096E+01
  pu-238       0.0000E+00  6.3069E+01
  pu-239       0.0000E+00  4.8691E+03
  pu-240       0.0000E+00  1.5892E+03
  pu-241       0.0000E+00  1.1268E+03
  pu-242       0.0000E+00  2.9109E+02
  pu-243       0.0000E+00  9.0249E-02
  am-241       0.0000E+00  1.8840E+01
  am-242m      0.0000E+00  3.2219E-01
  am-242       0.0000E+00  6.9299E-02
  am-243       0.0000E+00  3.6854E+01
  cm-242       0.0000E+00  6.1208E+00
  cm-243       0.0000E+00  1.0247E-01
  cm-244       0.0000E+00  8.0482E+00
  cm-245       0.0000E+00  3.0465E-01
  cm-246       0.0000E+00  2.0031E-02
  ge-74        0.0000E+00  3.6346E-02
  as-75        0.0000E+00  9.0425E-02
  ge-76        0.0000E+00  2.3804E-01
  se-77        0.0000E+00  5.7124E-01
  se-78        0.0000E+00  1.6119E+00
  se-79        0.0000E+00  3.4763E+00
  se-80        0.0000E+00  9.1258E+00
  br-81        0.0000E+00  1.5223E+01
  se-82        0.0000E+00  2.3919E+01
  kr-82        0.0000E+00  3.1397E-01
  kr-83        0.0000E+00  3.1842E+01
  kr-84        0.0000E+00  7.6852E+01
  kr-85        0.0000E+00  1.8588E+01
  kr-85m       0.0000E+00  3.3102E-02
  rb-85        0.0000E+00  7.1042E+01
  kr-86        0.0000E+00  1.3424E+02
  sr-86        0.0000E+00  1.8969E-01
  rb-87        0.0000E+00  1.7666E+02
  kr-88        0.0000E+00  5.5636E-02
  sr-88        0.0000E+00  2.4582E+02
  sr-89        0.0000E+00  3.2221E+01
  y-89         0.0000E+00  3.0163E+02
  sr-90        0.0000E+00  3.9675E+02
  y-90         0.0000E+00  1.0582E-01
  zr-90        0.0000E+00  8.3044E+00
  sr-91        0.0000E+00  3.4312E-01
  y-91         0.0000E+00  5.4119E+01
  zr-91        0.0000E+00  3.7341E+02
  sr-92        0.0000E+00  1.0580E-01
  y-92         0.0000E+00  1.3982E-01
  zr-92        0.0000E+00  4.6283E+02
  y-93         0.0000E+00  4.6318E-01
  zr-93        0.0000E+00  5.1082E+02
  zr-94        0.0000E+00  5.4422E+02
  zr-95        0.0000E+00  8.5144E+01
  nb-95        0.0000E+00  4.6365E+01
  nb-95m       0.0000E+00  5.1922E-02
  mo-95        0.0000E+00  4.6426E+02
  zr-96        0.0000E+00  5.7548E+02
  mo-96        0.0000E+00  1.7230E+01
  zr-97        0.0000E+00  9.2706E-01
  nb-97        0.0000E+00  6.6993E-02
  mo-97        0.0000E+00  5.6988E+02
  mo-98        0.0000E+00  5.8544E+02
  mo-99        0.0000E+00  4.1337E+00
  tc-99        0.0000E+00  5.7799E+02
  tc-99m       0.0000E+00  3.3176E-01
  ru-99        0.0000E+00  2.0664E-02
  mo-100       0.0000E+00  6.6265E+02
  ru-100       0.0000E+00  4.6401E+01
  ru-101       0.0000E+00  5.5704E+02
  ru-102       0.0000E+00  5.4858E+02
  ru-103       0.0000E+00  5.3851E+01
  rh-103       0.0000E+00  3.4284E+02
  rh-103m      0.0000E+00  5.2868E-02
  ru-104       0.0000E+00  3.7782E+02
  pd-104       0.0000E+00  1.1593E+02
  ru-105       0.0000E+00  1.8138E-01
  rh-105       0.0000E+00  1.3072E+00
  pd-105       0.0000E+00  2.5811E+02
  ru-106       0.0000E+00  1.4069E+02
  pd-106       0.0000E+00  1.0483E+02
  pd-107       0.0000E+00  1.4409E+02
  pd-108       0.0000E+00  9.3100E+01
  pd-109       0.0000E+00  1.6468E-01
  ag-109       0.0000E+00  5.2981E+01
  pd-110       0.0000E+00  3.0438E+01
  ag-110m      0.0000E+00  3.6063E-01
  cd-110       0.0000E+00  1.4865E+01
  ag-111       0.0000E+00  4.3748E-01
  cd-111       0.0000E+00  1.4778E+01
  pd-112       0.0000E+00  2.3351E-02
  cd-112       0.0000E+00  7.8133E+00
  cd-113       0.0000E+00  1.0698E-01
  cd-114       0.0000E+00  9.6941E+00
  cd-115       0.0000E+00  2.2582E-02
  cd-115m      0.0000E+00  2.7492E-02
  in-115       0.0000E+00  1.6437E+00
  sn-115       0.0000E+00  1.6300E-01
  cd-116       0.0000E+00  3.7426E+00
  sn-116       0.0000E+00  1.7973E+00
  sn-117       0.0000E+00  3.4183E+00
  sn-118       0.0000E+00  3.1913E+00
  sn-119       0.0000E+00  3.1144E+00
  sn-119m      0.0000E+00  5.9968E-02
  sn-120       0.0000E+00  3.1933E+00
  sn-121m      0.0000E+00  2.5418E-01
  sb-121       0.0000E+00  3.1168E+00
  sn-122       0.0000E+00  4.0653E+00
  te-122       0.0000E+00  1.4694E-01
  sn-123       0.0000E+00  1.9376E-01
  sb-123       0.0000E+00  3.8830E+00
  sn-124       0.0000E+00  6.4844E+00
  sb-124       0.0000E+00  3.1156E-02
  te-124       0.0000E+00  8.5778E-02
  sn-125       0.0000E+00  1.0563E-01
  sb-125       0.0000E+00  7.1906E+00
  te-125       0.0000E+00  1.2668E+00
  te-125m      0.0000E+00  8.0659E-02
  sn-126       0.0000E+00  1.3980E+01
  te-126       0.0000E+00  3.5338E-01
  sb-127       0.0000E+00  3.9273E-01
  te-127       0.0000E+00  3.5484E-02
  te-127m      0.0000E+00  7.1358E-01
  i-127        0.0000E+00  3.0012E+01
  te-128       0.0000E+00  6.5532E+01
  xe-128       0.0000E+00  1.1653E+00
  sb-129       0.0000E+00  5.6472E-02
  te-129m      0.0000E+00  1.6964E+00
  i-129        0.0000E+00  1.0776E+02
  te-130       0.0000E+00  2.6556E+02
  xe-130       0.0000E+00  3.0444E+00
  te-131m      0.0000E+00  2.9611E-01
  i-131        0.0000E+00  8.7375E+00
  xe-131       0.0000E+00  3.3324E+02
  xe-131m      0.0000E+00  1.4973E-01
  te-132       0.0000E+00  4.9536E+00
  i-132        0.0000E+00  1.5165E-01
  xe-132       0.0000E+00  7.3164E+02
  te-133m      0.0000E+00  4.2641E-02
  i-133        0.0000E+00  1.9376E+00
  xe-133       0.0000E+00  1.1727E+01
  xe-133m      0.0000E+00  1.5114E-01
  cs-133       0.0000E+00  8.3038E+02
  te-134       0.0000E+00  5.7167E-02
  i-134        0.0000E+00  9.1735E-02
  xe-134       0.0000E+00  1.0769E+03
  cs-134       0.0000E+00  7.0678E+01
  ba-134       0.0000E+00  1.2901E+01
  i-135        0.0000E+00  5.9297E-01
  xe-135       0.0000E+00  1.8402E-01
  cs-135       0.0000E+00  1.9919E+02
  ba-135       0.0000E+00  5.3119E-02
  xe-136       0.0000E+00  1.6875E+03
  cs-136       0.0000E+00  4.2083E-01
  ba-136       0.0000E+00  8.2996E+00
  cs-137       0.0000E+00  8.7399E+02
  ba-137       0.0000E+00  1.5775E+01
  cs-138       0.0000E+00  4.9645E-02
  ba-138       0.0000E+00  9.2191E+02
  ba-139       0.0000E+00  1.1847E-01
  la-139       0.0000E+00  8.6797E+02
  ba-140       0.0000E+00  2.5323E+01
  la-140       0.0000E+00  3.4041E+00
  ce-140       0.0000E+00  8.4314E+02
  ba-141       0.0000E+00  2.3822E-02
  la-141       0.0000E+00  3.0892E-01
  ce-141       0.0000E+00  6.0967E+01
  pr-141       0.0000E+00  7.5899E+02
  la-142       0.0000E+00  1.1571E-01
  ce-142       0.0000E+00  8.0210E+02
  pr-142       0.0000E+00  3.9997E-02
  nd-142       0.0000E+00  9.8095E+00
  ce-143       0.0000E+00  2.4502E+00
  pr-143       0.0000E+00  2.3994E+01
  nd-143       0.0000E+00  6.0628E+02
  ce-144       0.0000E+00  3.8347E+02
  nd-144       0.0000E+00  5.0539E+02
  pr-145       0.0000E+00  3.0678E-01
  nd-145       0.0000E+00  4.9846E+02
  nd-146       0.0000E+00  4.7212E+02
  nd-147       0.0000E+00  8.4803E+00
  pm-147       0.0000E+00  1.6968E+02
  sm-147       0.0000E+00  3.6530E+01
  nd-148       0.0000E+00  2.6523E+02
  pm-148       0.0000E+00  1.2234E+00
  pm-148m      0.0000E+00  1.2822E+00
  sm-148       0.0000E+00  6.8636E+01
  nd-149       0.0000E+00  3.3003E-02
  pm-149       0.0000E+00  1.4160E+00
  sm-149       0.0000E+00  2.0786E+00
  nd-150       0.0000E+00  1.2413E+02
  sm-150       0.0000E+00  2.0850E+02
  pm-151       0.0000E+00  2.8568E-01
  sm-151       0.0000E+00  9.9429E+00
  sm-152       0.0000E+00  8.6193E+01
  sm-153       0.0000E+00  9.2710E-01
  eu-153       0.0000E+00  7.8302E+01
  sm-154       0.0000E+00  2.5169E+01
  eu-154       0.0000E+00  1.4701E+01
  gd-154       0.0000E+00  6.2148E-01
  eu-155       0.0000E+00  5.6788E+00
  gd-155       0.0000E+00  3.2445E-02
  eu-156       0.0000E+00  3.6510E+00
  gd-156       0.0000E+00  4.3956E+01
  gd-157       0.0000E+00  7.2362E-02
  gd-158       0.0000E+00  1.0681E+01
  tb-159       0.0000E+00  1.5108E+00
  gd-160       0.0000E+00  6.7834E-01
  tb-160       0.0000E+00  4.4374E-02
  dy-160       0.0000E+00  6.6423E-02
  dy-161       0.0000E+00  2.2354E-01
  dy-162       0.0000E+00  1.6551E-01
  dy-163       0.0000E+00  1.1117E-01
  dy-164       0.0000E+00  2.3971E-02
  ho-165       0.0000E+00  3.6648E-02
------------
  totals       1.0000E+06  1.0001E+06
=========================================================================================================================
.
.
=========================================================================================================================
=   History overview for case 'decay' (#2/2)                                                                            =
-------------------------------------------------------------------------------------------------------------------------
   step          t0          t1          dt           t        flux     fluence       power      energy
    (-)         (y)         (y)         (s)         (s)   (n/cm2-s)     (n/cm2)        (MW)       (MWd)
      1      1.5057      2.5057  3.1560E+07  7.9080E+07  0.0000E+00  1.8536E+22  0.0000E+00  2.2626E+04
          
              step - step index within this case
                t0 - time at beginning-of-step in input units
                t1 - time at end-of-step in input units
                dt - length of step in seconds
                 t - end-of-step cumulative time in seconds
              flux - flux in neutrons/cm^2-sec (CALCULATED)
           fluence - cumulative end-of-step fluence in neutrons/cm^2 (CALCULATED)
             power - power in mega-watts (INPUT)     
            energy - cumulative end-of-step energy released in mega-watt-days (INPUT)     
=========================================================================================================================
.
.
.
.
.
*************************************************************************************************************************
********************                                                                                 ********************
********************                                                                                 ********************
********************                    Library information                                          ********************
********************                                                                                 ********************
********************                                                                                 ********************
*************************************************************************************************************************
.
.
=========================================================================================================================
=   Library summary for case 'decay' (#2/2)                                                                             =
-------------------------------------------------------------------------------------------------------------------------
filename: C:/Users/Teddy/AppData/Local/Temp/scale.Teddy.10896/w17x17_100d.f33 cross-section data taken from position number: 1
library title delimited by {}: 
{}
date library was produced: 538976288/538976288/538976288
total number of nuclides in library: 2237
number of light-element nuclides: 910
number of actinide nuclides: 176
number of fission product nuclides: 1151
number of nonzero off-diagonal matrix elements: 54564
=========================================================================================================================
.
.
*************************************************************************************************************************
********************                                                                                 ********************
********************                                                                                 ********************
********************                    Concentration tables                                         ********************
********************                                                                                 ********************
********************                                                                                 ********************
*************************************************************************************************************************
.
.
=========================================================================================================================
=   Nuclide concentrations in grams for case 'decay' (#2/2)                                                             =
-------------------------------------------------------------------------------------------------------------------------
  (relative cutoff; integral of concentrations over time >   1.00E-06 % of integral of all concentrations over time)
.
                   1.506y      2.506y   
  h-3          3.5385E-02  3.3449E-02
  he-4         8.7557E-01  9.7650E-01
  u-234        1.2696E+00  1.7879E+00
  u-235        1.0208E+04  1.0208E+04
  u-236        3.0297E+03  3.0299E+03
  u-237        8.5646E+00  3.3491E-05
  u-238        9.5414E+05  9.5414E+05
  u-239        6.7955E-01  0.0000E+00
  np-237       2.5064E+02  2.5928E+02
  np-238       8.9111E-01  5.9494E-08
  np-239       9.8096E+01  3.1799E-05
  pu-238       6.3069E+01  6.8225E+01
  pu-239       4.8691E+03  4.9677E+03
  pu-240       1.5892E+03  1.5894E+03
  pu-241       1.1268E+03  1.0735E+03
  pu-242       2.9109E+02  2.9110E+02
  pu-243       9.0249E-02  4.6358E-15
  am-241       1.8840E+01  7.2125E+01
  am-242m      3.2219E-01  3.2061E-01
  am-242       6.9299E-02  4.1365E-06
  am-243       3.6854E+01  3.6941E+01
  cm-242       6.1208E+00  1.3069E+00
  cm-243       1.0247E-01  1.0006E-01
  cm-244       8.0482E+00  7.7503E+00
  cm-245       3.0465E-01  3.0462E-01
  cm-246       2.0031E-02  2.0028E-02
  ge-73        1.4198E-02  1.4206E-02
  ge-74        3.6346E-02  3.6346E-02
  as-75        9.0425E-02  9.0438E-02
  ge-76        2.3804E-01  2.3804E-01
  se-77        5.7124E-01  5.7399E-01
  se-78        1.6119E+00  1.6124E+00
  se-79        3.4763E+00  3.4763E+00
  se-80        9.1258E+00  9.1258E+00
  br-81        1.5223E+01  1.5223E+01
  se-82        2.3919E+01  2.3919E+01
  kr-82        3.1397E-01  3.1623E-01
  kr-83        3.1842E+01  3.1857E+01
  kr-84        7.6852E+01  7.6855E+01
  kr-85        1.8588E+01  1.7434E+01
  kr-85m       3.3102E-02  0.0000E+00
  rb-85        7.1042E+01  7.2229E+01
  kr-86        1.3424E+02  1.3424E+02
  sr-86        1.8969E-01  2.0755E-01
  rb-87        1.7666E+02  1.7668E+02
  kr-88        5.5636E-02  0.0000E+00
  sr-88        2.4582E+02  2.4588E+02
  sr-89        3.2221E+01  2.1484E-01
  y-89         3.0163E+02  3.3364E+02
  sr-90        3.9675E+02  3.8731E+02
  y-90         1.0582E-01  9.8246E-02
  zr-90        8.3044E+00  1.7751E+01
  sr-91        3.4312E-01  0.0000E+00
  y-91         5.4119E+01  7.1931E-01
  zr-91        3.7341E+02  4.2717E+02
  sr-92        1.0580E-01  0.0000E+00
  y-92         1.3982E-01  0.0000E+00
  zr-92        4.6283E+02  4.6308E+02
  y-93         4.6318E-01  0.0000E+00
  zr-93        5.1082E+02  5.1129E+02
  zr-94        5.4422E+02  5.4424E+02
  zr-95        8.5144E+01  1.6328E+00
  nb-95        4.6365E+01  1.9891E+00
  nb-95m       5.1922E-02  1.0538E-03
  mo-95        4.6426E+02  5.9227E+02
  zr-96        5.7548E+02  5.7548E+02
  mo-96        1.7230E+01  1.7234E+01
  zr-97        9.2706E-01  0.0000E+00
  nb-97        6.6993E-02  0.0000E+00
  mo-97        5.6988E+02  5.7087E+02
  mo-98        5.8544E+02  5.8544E+02
  mo-99        4.1337E+00  0.0000E+00
  tc-99        5.7799E+02  5.8246E+02
  tc-99m       3.3176E-01  0.0000E+00
  ru-99        2.0664E-02  2.2723E-02
  mo-100       6.6265E+02  6.6265E+02
  ru-100       4.6401E+01  4.6401E+01
  ru-101       5.5704E+02  5.5707E+02
  ru-102       5.4858E+02  5.4859E+02
  ru-103       5.3851E+01  8.5008E-02
  rh-103       3.4284E+02  3.9666E+02
  rh-103m      5.2868E-02  8.3499E-05
  ru-104       3.7782E+02  3.7784E+02
  pd-104       1.1593E+02  1.1593E+02
  ru-105       1.8138E-01  0.0000E+00
  rh-105       1.3072E+00  0.0000E+00
  pd-105       2.5811E+02  2.5961E+02
  ru-106       1.4069E+02  7.1203E+01
  pd-106       1.0483E+02  1.7432E+02
  pd-107       1.4409E+02  1.4410E+02
  pd-108       9.3100E+01  9.3101E+01
  pd-109       1.6468E-01  0.0000E+00
  ag-109       5.2981E+01  5.3146E+01
  pd-110       3.0438E+01  3.0438E+01
  ag-110m      3.6063E-01  1.3086E-01
  cd-110       1.4865E+01  1.5095E+01
  ag-111       4.3748E-01  7.6235E-16
  cd-111       1.4778E+01  1.5217E+01
  pd-112       2.3351E-02  0.0000E+00
  cd-112       7.8133E+00  7.8402E+00
  cd-113       1.0698E-01  1.0974E-01
  cd-114       9.6941E+00  9.6942E+00
  cd-115       2.2582E-02  0.0000E+00
  cd-115m      2.7492E-02  9.3679E-05
  in-115       1.6437E+00  1.6945E+00
  sn-115       1.6300E-01  1.6423E-01
  cd-116       3.7426E+00  3.7426E+00
  sn-116       1.7973E+00  1.7975E+00
  sn-117       3.4183E+00  3.4205E+00
  sn-118       3.1913E+00  3.1916E+00
  sn-119       3.1144E+00  3.1492E+00
  sn-119m      5.9968E-02  2.5272E-02
  sn-120       3.1933E+00  3.1933E+00
  sn-121m      2.5418E-01  2.5020E-01
  sb-121       3.1168E+00  3.1312E+00
  sn-122       4.0653E+00  4.0653E+00
  te-122       1.4694E-01  1.4915E-01
  sn-123       1.9376E-01  2.7300E-02
  sb-123       3.8830E+00  4.0498E+00
  sn-124       6.4844E+00  6.4844E+00
  sb-124       3.1156E-02  4.6447E-04
  te-124       8.5778E-02  1.1647E-01
  sn-125       1.0563E-01  4.1409E-13
  sb-125       7.1906E+00  5.6758E+00
  te-125       1.2668E+00  2.8890E+00
  te-125m      8.0659E-02  7.8872E-02
  sn-126       1.3980E+01  1.3979E+01
  te-126       3.5338E-01  3.5876E-01
  sb-127       3.9273E-01  0.0000E+00
  te-127       3.5484E-02  2.6813E-04
  te-127m      7.1358E-01  7.6589E-02
  i-127        3.0012E+01  3.1082E+01
  te-128       6.5532E+01  6.5545E+01
  xe-128       1.1653E+00  1.1654E+00
  sb-129       5.6472E-02  0.0000E+00
  te-129m      1.6964E+00  9.1017E-04
  i-129        1.0776E+02  1.0953E+02
  te-130       2.6556E+02  2.6557E+02
  xe-130       3.0444E+00  3.0520E+00
  te-131m      2.9611E-01  0.0000E+00
  i-131        8.7375E+00  1.8129E-13
  xe-131       3.3324E+02  3.4245E+02
  xe-131m      1.4973E-01  2.3548E-10
  te-132       4.9536E+00  0.0000E+00
  i-132        1.5165E-01  0.0000E+00
  xe-132       7.3164E+02  7.3675E+02
  te-133m      4.2641E-02  0.0000E+00
  i-133        1.9376E+00  0.0000E+00
  xe-133       1.1727E+01  1.5353E-20
  xe-133m      1.5114E-01  0.0000E+00
  cs-133       8.3038E+02  8.4425E+02
  te-134       5.7167E-02  0.0000E+00
  i-134        9.1735E-02  0.0000E+00
  xe-134       1.0769E+03  1.0770E+03
  cs-134       7.0678E+01  5.0529E+01
  ba-134       1.2901E+01  3.3055E+01
  i-135        5.9297E-01  0.0000E+00
  xe-135       1.8402E-01  0.0000E+00
  cs-135       1.9919E+02  1.9997E+02
  ba-135       5.3119E-02  5.3227E-02
  xe-136       1.6875E+03  1.6875E+03
  cs-136       4.2083E-01  1.8554E-09
  ba-136       8.2996E+00  8.7204E+00
  cs-137       8.7399E+02  8.5408E+02
  ba-137       1.5775E+01  3.5687E+01
  cs-138       4.9645E-02  0.0000E+00
  ba-138       9.2191E+02  9.2197E+02
  ba-139       1.1847E-01  0.0000E+00
  la-139       8.6797E+02  8.6811E+02
  ba-140       2.5323E+01  6.0426E-08
  la-140       3.4041E+00  9.1584E-09
  ce-140       8.4314E+02  8.7187E+02
  ba-141       2.3822E-02  0.0000E+00
  la-141       3.0892E-01  0.0000E+00
  ce-141       6.0967E+01  2.5405E-02
  pr-141       7.5899E+02  8.2026E+02
  la-142       1.1571E-01  0.0000E+00
  ce-142       8.0210E+02  8.0223E+02
  pr-142       3.9997E-02  0.0000E+00
  nd-142       9.8095E+00  9.8497E+00
  ce-143       2.4502E+00  0.0000E+00
  pr-143       2.3994E+01  2.1085E-07
  nd-143       6.0628E+02  6.3274E+02
  ce-144       3.8347E+02  1.5768E+02
  pr-144       1.6294E-02  6.6420E-03
  nd-144       5.0539E+02  7.3118E+02
  pr-145       3.0678E-01  0.0000E+00
  nd-145       4.9846E+02  4.9877E+02
  nd-146       4.7212E+02  4.7214E+02
  nd-147       8.4803E+00  8.2073E-10
  pm-147       1.6968E+02  1.3687E+02
  sm-147       3.6530E+01  7.7827E+01
  nd-148       2.6523E+02  2.6523E+02
  pm-148       1.2234E+00  1.7480E-05
  pm-148m      1.2822E+00  2.7851E-03
  sm-148       6.8636E+01  7.1139E+01
  nd-149       3.3003E-02  0.0000E+00
  pm-149       1.4160E+00  0.0000E+00
  sm-149       2.0786E+00  3.5283E+00
  nd-150       1.2413E+02  1.2413E+02
  sm-150       2.0850E+02  2.0850E+02
  pm-151       2.8568E-01  0.0000E+00
  sm-151       9.9429E+00  1.0152E+01
  eu-151       8.7593E-03  8.7247E-02
  sm-152       8.6193E+01  8.6195E+01
  gd-152       1.2182E-02  1.2292E-02
  sm-153       9.2710E-01  0.0000E+00
  eu-153       7.8302E+01  7.9230E+01
  sm-154       2.5169E+01  2.5170E+01
  eu-154       1.4701E+01  1.3563E+01
  gd-154       6.2148E-01  1.7596E+00
  eu-155       5.6788E+00  4.9088E+00
  gd-155       3.2445E-02  8.0322E-01
  eu-156       3.6510E+00  2.1132E-07
  gd-156       4.3956E+01  4.7620E+01
  gd-157       7.2362E-02  9.0026E-02
  gd-158       1.0681E+01  1.0681E+01
  tb-159       1.5108E+00  1.5164E+00
  gd-160       6.7834E-01  6.7835E-01
  tb-160       4.4374E-02  1.3373E-03
  dy-160       6.6423E-02  1.0946E-01
  dy-161       2.2354E-01  2.3364E-01
  dy-162       1.6551E-01  1.6551E-01
  dy-163       1.1117E-01  1.1118E-01
  dy-164       2.3971E-02  2.3971E-02
  ho-165       3.6648E-02  3.6673E-02
  er-166       1.0052E-02  1.0181E-02
------------
  totals       1.0001E+06  1.0001E+06
=========================================================================================================================
.
.
*************************************************************************************************************************
********************                                                                                 ********************
********************                                                                                 ********************
********************                    Written F71 File Information                                 ********************
********************                                                                                 ********************
********************                                                                                 ********************
*************************************************************************************************************************
.
.
   pos         time        power         flux      fluence       energy libpos   case   step DCGNAB
   (-)          (s)         (MW)    (n/cm2-s)      (n/cm2)        (MWd)    (-)    (-)    (-)    (-)
     1  4.75200e+07  0.00000e+00  0.00000e+00  1.85363e+22  2.26263e+04      1      2      0 DC----
     2  7.90800e+07  0.00000e+00  0.00000e+00  1.85363e+22  2.26263e+04      1      2      1 DC----
    D - state definition present
    C - concentrations present
    G - gamma emission spectra present
    N - neutron emission spectra present
    A - alpha emission spectra present
    B - beta emission spectra present
.
.
.
=========================================================================================================================
ORIGEN finished successfully.
=========================================================================================================================
    module origen used 0.46767 seconds cpu time for the current pass.

    module origen is finished. completion code    0. total cpu time used 3.73226e-006 seconds.


    SCALE is finished on Wed Feb 13 18:28:34 2019.
-------------------------- Summary --------------------------
arp finished. used 2.15598 seconds.
origen finished. used 0.474426 seconds.
SCALE driver required a maximum of 8.309 MiB of RAM.
------------------------ End Summary ------------------------

w17x17_100d.f33 copied to C:\Users\Teddy\Desktop\scale_test\output\w17x17_100d.f33.
discharge.f71 copied to C:\Users\Teddy\Desktop\scale_test\output\discharge.f71.
