 *******************************************************************************
 *                                                                             *
 *                                 SCALE 6.2.2                                 *
 *                                -------------                                *
 *                                February 2019                                *
 *                                                                             *
 *           SCALE:  A Comprehensive Modeling and Simulation Suite             *
 *                   for Nuclear Safety Analysis and Design                    *
 *                                                                             *
 *                      Reactor and Nuclear Systems Division                   *
 *                        Oak Ridge National Laboratory                        *
 *                                                                             *
 *                           http://scale.ornl.gov                             *
 *                            scalehelp@ornl.gov                               *
 *                                                                             *
 *******************************************************************************
 *******************************************************************************
      
                  Job Information
                  ---------------
      Job started on DESKTOP-J14NAA6 on Wed 13/02/2019 18:28:42
      Working directory: C:\Users\Teddy\AppData\Local\Temp\scale.Teddy.10492
      Input file name  : C:\Users\Teddy\Desktop\scale_test\output\2.800000_24747.474747.inp
      Output file name : C:\Users\Teddy\Desktop\scale_test\output\2.800000_24747.474747.out
      SCALE executable : C:\SCALE-6.2.2/bin/scale
      
 *******************************************************************************


    module arp will be called on Wed Feb 13 18:28:42 2019.
    sequence specification record:=arp
Input Data:

      'library type
      w17x17
      2.800000
      ' num cycles
      1
      ' num days per cycle
      550
      ' cycle average specific power (MW / MTU)
      44.995409
      ' number of interpolated cross section sets generated per cycle
      1
      ' moderator density (g/cc)
      0.723
      ' interpolated output ORIGEN library
      w17x17_100d.f33
end

1






        ************************************************************************************************************************
        ************************************************************************************************************************
        ************************************************************************************************************************
        *****                                                                                                              *****
        *****                                       program verification information                                       *****
        *****                                                                                                              *****
        *****                                   code system:  SCALE    version:  6.2                                       *****
        *****                                                                                                              *****
        ************************************************************************************************************************
        ************************************************************************************************************************
        *****                                                                                                              *****
        *****                                                                                                              *****
        *****              program:  arp.exe                                                                               *****
        *****                                                                                                              *****
        *****        creation date:   unknown                                                                              *****
        *****                                                                                                              *****
        *****              library:  C:\SCALE-6.2.2\bin                                                                    *****
        *****                                                                                                              *****
        *****                                                                                                              *****
        *****            prod code:  arp.exe                                                                               *****
        *****                                                                                                              *****
        *****              version:  6.2.2                                                                                 *****
        *****                                                                                                              *****
        *****              jobname:  Teddy                                                                                 *****
        *****                                                                                                              *****
        *****         machine name:  DESKTOP-J14NAA6                                                                       *****
        *****                                                                                                              *****
        *****    date of execution:  13_feb_2019                                                                           *****
        *****                                                                                                              *****
        *****    time of execution:  18:28:42.90                                                                           *****
        *****                                                                                                              *****
        *****                                                                                                              *****
        ************************************************************************************************************************
        ************************************************************************************************************************
        ************************************************************************************************************************


 'library type
    data library:       w17x17
       directory:       C:/SCALE-6.2.2/data/\arplibs
       definition:      C:/SCALE-6.2.2/data/\arpdata.txt
    u-235 enrichment:                        2.800

 ' num cycles
    number of cycles:                            1

 ' num days per cycle

 ' cycle average specific power (MW / MTU)

 ' number of interpolated cross section sets generated per cycle

 ' moderator density (g/cc)
    water density (g/cm3):                  0.7230
                                         cycle        cumulative      midpoint
   cycle time(d)        power(MW)      burnup(MWd/MTU)burnup(MWd/MTU)burnup(MWd/MTU)nlib
     1    550.000        44.9954        24747.5        24747.5        12373.7             1

 ' interpolated output ORIGEN library
    interpolated library name:                   w17x17_100d.f33
 interpolation type: spline
 Cross section library interpolation completed.
.
.
.
=========================================================================================================================
ARP finished successfully.
=========================================================================================================================
    module arp used 3.41559 seconds cpu time for the current pass.

    module arp is finished. completion code    0. total cpu time used 1.95944e-005 seconds.



    module origen will be called on Wed Feb 13 18:28:46 2019.
    sequence specification record:=origen
Input Data:

      case(irrad) {
          lib{
              file="w17x17_100d.f33" pos=1
          }
          mat {
              units=GRAMS
              iso=[u235=28000.000000 u238=972000.000000]
          }
          time = [ 550 ]
          power = [ 44.995409 ]
      }
      case (decay) {
          time {
              units=YEARS
              start=0
              t=[1]
          }
          save{ file="discharge.f71" steps=[0 LAST]}
      }
end

1






        ************************************************************************************************************************
        ************************************************************************************************************************
        ************************************************************************************************************************
        *****                                                                                                              *****
        *****                                       program verification information                                       *****
        *****                                                                                                              *****
        *****                                   code system:  SCALE    version:  6.2                                       *****
        *****                                                                                                              *****
        ************************************************************************************************************************
        ************************************************************************************************************************
        *****                                                                                                              *****
        *****                                                                                                              *****
        *****              program:  origen.exe                                                                            *****
        *****                                                                                                              *****
        *****        creation date:   unknown                                                                              *****
        *****                                                                                                              *****
        *****              library:  C:\SCALE-6.2.2\bin                                                                    *****
        *****                                                                                                              *****
        *****                                                                                                              *****
        *****            prod code:  origen.exe                                                                            *****
        *****                                                                                                              *****
        *****              version:  6.2.2                                                                                 *****
        *****                                                                                                              *****
        *****              jobname:  Teddy                                                                                 *****
        *****                                                                                                              *****
        *****         machine name:  DESKTOP-J14NAA6                                                                       *****
        *****                                                                                                              *****
        *****    date of execution:  13_feb_2019                                                                           *****
        *****                                                                                                              *****
        *****    time of execution:  18:28:46.35                                                                           *****
        *****                                                                                                              *****
        *****                                                                                                              *****
        ************************************************************************************************************************
        ************************************************************************************************************************
        ************************************************************************************************************************

*************************************************************************************************************************
********************                                                                                 ********************
********************                                                                                 ********************
********************                    USER INPUT SUMMARY                                           ********************
********************                                                                                 ********************
********************                                                                                 ********************
*************************************************************************************************************************
.
.
=========================================================================================================================
=   Case "irrad" (#1/2)                                                                                                 =
-------------------------------------------------------------------------------------------------------------------------
###   Library settings                                                                                                ###
.
                                Library file name:     C:/Users/Teddy/AppData/Local/Temp/scale.Teddy.10492/w17x17_100d.f33
                             Library set position:              1
                 Fission product reaction removal:             no
-------------------------------------------------------------------------------------------------------------------------
###   Global settings                                                                                                 ###
.
                                           Solver:              MATREX
                                             Mode:        forward
                             Fixed fission energy:             no
-------------------------------------------------------------------------------------------------------------------------
###   Concentrations output options                                                                                   ###
.
                            High-precision output:             no
                                  Relative cutoff:            yes
                         Step for applying cutoff:       integral
.
                      light els.   actinides  fis.prods.       total
                       nuc    el   nuc    el   nuc    el   nuc    el             cutoff
gram-atoms                                                                    1.000E-06
grams                                                      **                 1.000E-06
curies                                                                        1.000E-06
watts                                                                         1.000E-06
gamma watts                                                                   1.000E-06
m3 air                                                                        1.000E-06
m3 water                                                                      1.000E-06
grams ppm                                                                     1.000E-06
atoms ppm                                                                     1.000E-06
atoms/barn-cm                                                                 1.000E-06
becquerels                                                                    1.000E-06
-------------------------------------------------------------------------------------------------------------------------
###   Additional output options                                                                                       ###
.
                                      Print k-inf:             no
           Nuclides for absorption fraction print:           none
                              Print fission rates:             no
            Step for sorting absorption fractions:              1
=========================================================================================================================
=   Case "decay" (#2/2)                                                                                                 =
-------------------------------------------------------------------------------------------------------------------------
###   Library settings                                                                                                ###
.
                                Library file name:     C:/Users/Teddy/AppData/Local/Temp/scale.Teddy.10492/w17x17_100d.f33
                             Library set position:              1
                 Fission product reaction removal:             no
-------------------------------------------------------------------------------------------------------------------------
###   Global settings                                                                                                 ###
.
                                           Solver:              MATREX
                                             Mode:        forward
                             Fixed fission energy:             no
-------------------------------------------------------------------------------------------------------------------------
###   Concentrations output options                                                                                   ###
.
                            High-precision output:             no
                                  Relative cutoff:            yes
                         Step for applying cutoff:       integral
.
                      light els.   actinides  fis.prods.       total
                       nuc    el   nuc    el   nuc    el   nuc    el             cutoff
gram-atoms                                                                    1.000E-06
grams                                                      **                 1.000E-06
curies                                                                        1.000E-06
watts                                                                         1.000E-06
gamma watts                                                                   1.000E-06
m3 air                                                                        1.000E-06
m3 water                                                                      1.000E-06
grams ppm                                                                     1.000E-06
atoms ppm                                                                     1.000E-06
atoms/barn-cm                                                                 1.000E-06
becquerels                                                                    1.000E-06
-------------------------------------------------------------------------------------------------------------------------
###   Additional output options                                                                                       ###
.
                                      Print k-inf:             no
           Nuclides for absorption fraction print:           none
                              Print fission rates:             no
            Step for sorting absorption fractions:              1
=========================================================================================================================
###   Blending information                                                                                            ###
.
  --- no blending requested in this job ---
=========================================================================================================================
.
.
=========================================================================================================================
=   History overview for case 'irrad' (#1/2)                                                                            =
-------------------------------------------------------------------------------------------------------------------------
   step          t0          t1          dt           t        flux     fluence       power      energy
    (-)         (d)         (d)         (s)         (s)   (n/cm2-s)     (n/cm2)        (MW)       (MWd)
      1      0.0000    550.0000  4.7520E+07  4.7520E+07  4.3177E+14  2.0518E+22  4.4995E+01  2.4747E+04
          
              step - step index within this case
                t0 - time at beginning-of-step in input units
                t1 - time at end-of-step in input units
                dt - length of step in seconds
                 t - end-of-step cumulative time in seconds
              flux - flux in neutrons/cm^2-sec (CALCULATED)
           fluence - cumulative end-of-step fluence in neutrons/cm^2 (CALCULATED)
             power - power in mega-watts (INPUT)     
            energy - cumulative end-of-step energy released in mega-watt-days (INPUT)     
=========================================================================================================================
.
.
.
.
.
*************************************************************************************************************************
********************                                                                                 ********************
********************                                                                                 ********************
********************                    Library information                                          ********************
********************                                                                                 ********************
********************                                                                                 ********************
*************************************************************************************************************************
.
.
=========================================================================================================================
=   Library summary for case 'irrad' (#1/2)                                                                             =
-------------------------------------------------------------------------------------------------------------------------
filename: C:/Users/Teddy/AppData/Local/Temp/scale.Teddy.10492/w17x17_100d.f33 cross-section data taken from position number: 1
library title delimited by {}: 
{}
date library was produced: 538976288/538976288/538976288
total number of nuclides in library: 2237
number of light-element nuclides: 910
number of actinide nuclides: 176
number of fission product nuclides: 1151
number of nonzero off-diagonal matrix elements: 54564
=========================================================================================================================
.
.
*************************************************************************************************************************
********************                                                                                 ********************
********************                                                                                 ********************
********************                    Concentration tables                                         ********************
********************                                                                                 ********************
********************                                                                                 ********************
*************************************************************************************************************************
.
.
=========================================================================================================================
=   Nuclide concentrations in grams for case 'irrad' (#1/2)                                                             =
-------------------------------------------------------------------------------------------------------------------------
  (relative cutoff; integral of concentrations over time >   1.00E-06 % of integral of all concentrations over time)
.
                   0.000d    550.000d   
  h-3          0.0000E+00  3.8963E-02
  he-4         0.0000E+00  9.6891E-01
  u-234        0.0000E+00  1.3575E+00
  u-235        2.8000E+04  9.2079E+03
  u-236        0.0000E+00  3.1758E+03
  u-237        0.0000E+00  9.7533E+00
  u-238        9.7200E+05  9.5225E+05
  u-239        0.0000E+00  7.5062E-01
  np-237       0.0000E+00  2.8126E+02
  np-238       0.0000E+00  1.1013E+00
  np-239       0.0000E+00  1.0833E+02
  pu-238       0.0000E+00  7.7617E+01
  pu-239       0.0000E+00  4.9620E+03
  pu-240       0.0000E+00  1.7159E+03
  pu-241       0.0000E+00  1.2450E+03
  pu-242       0.0000E+00  3.5967E+02
  pu-243       0.0000E+00  1.2327E-01
  am-241       0.0000E+00  2.0413E+01
  am-242m      0.0000E+00  3.4854E-01
  am-242       0.0000E+00  8.2411E-02
  am-243       0.0000E+00  5.0377E+01
  cm-242       0.0000E+00  7.4493E+00
  cm-243       0.0000E+00  1.3713E-01
  cm-244       0.0000E+00  1.2326E+01
  cm-245       0.0000E+00  5.0599E-01
  cm-246       0.0000E+00  3.7266E-02
  ge-74        0.0000E+00  4.0085E-02
  as-75        0.0000E+00  9.8633E-02
  ge-76        0.0000E+00  2.5883E-01
  se-77        0.0000E+00  6.1777E-01
  se-78        0.0000E+00  1.7560E+00
  se-79        0.0000E+00  3.7763E+00
  se-80        0.0000E+00  9.8795E+00
  br-81        0.0000E+00  1.6497E+01
  se-82        0.0000E+00  2.5913E+01
  kr-82        0.0000E+00  3.7568E-01
  kr-83        0.0000E+00  3.3739E+01
  kr-84        0.0000E+00  8.3537E+01
  kr-85        0.0000E+00  2.0009E+01
  kr-85m       0.0000E+00  3.4755E-02
  rb-85        0.0000E+00  7.6430E+01
  kr-86        0.0000E+00  1.4433E+02
  rb-86        0.0000E+00  2.1246E-02
  sr-86        0.0000E+00  2.2733E-01
  rb-87        0.0000E+00  1.8989E+02
  kr-88        0.0000E+00  5.8128E-02
  sr-88        0.0000E+00  2.6405E+02
  sr-89        0.0000E+00  3.3665E+01
  y-89         0.0000E+00  3.2536E+02
  sr-90        0.0000E+00  4.2594E+02
  y-90         0.0000E+00  1.1420E-01
  zr-90        0.0000E+00  9.0379E+00
  sr-91        0.0000E+00  3.6038E-01
  y-91         0.0000E+00  5.7190E+01
  zr-91        0.0000E+00  4.0285E+02
  sr-92        0.0000E+00  1.1165E-01
  y-92         0.0000E+00  1.4755E-01
  zr-92        0.0000E+00  4.9933E+02
  y-93         0.0000E+00  4.9147E-01
  zr-93        0.0000E+00  5.5222E+02
  zr-94        0.0000E+00  5.8996E+02
  zr-95        0.0000E+00  9.1341E+01
  nb-95        0.0000E+00  4.9724E+01
  nb-95m       0.0000E+00  5.5705E-02
  mo-95        0.0000E+00  5.0306E+02
  zr-96        0.0000E+00  6.2554E+02
  mo-96        0.0000E+00  2.0694E+01
  zr-97        0.0000E+00  9.9737E-01
  nb-97        0.0000E+00  7.2088E-02
  mo-97        0.0000E+00  6.2084E+02
  mo-98        0.0000E+00  6.3972E+02
  mo-99        0.0000E+00  4.4690E+00
  tc-99        0.0000E+00  6.2713E+02
  tc-99m       0.0000E+00  3.5880E-01
  ru-99        0.0000E+00  2.2496E-02
  mo-100       0.0000E+00  7.2483E+02
  ru-100       0.0000E+00  5.5771E+01
  ru-101       0.0000E+00  6.0878E+02
  ru-102       0.0000E+00  6.0627E+02
  ru-103       0.0000E+00  5.9461E+01
  rh-103       0.0000E+00  3.7229E+02
  rh-103m      0.0000E+00  5.8377E-02
  ru-104       0.0000E+00  4.2362E+02
  pd-104       0.0000E+00  1.3979E+02
  ru-105       0.0000E+00  2.0363E-01
  rh-105       0.0000E+00  1.4535E+00
  pd-105       0.0000E+00  2.8829E+02
  ru-106       0.0000E+00  1.6067E+02
  pd-106       0.0000E+00  1.2347E+02
  pd-107       0.0000E+00  1.6544E+02
  pd-108       0.0000E+00  1.0762E+02
  pd-109       0.0000E+00  1.9107E-01
  ag-109       0.0000E+00  6.0361E+01
  pd-110       0.0000E+00  3.5256E+01
  ag-110m      0.0000E+00  4.4293E-01
  cd-110       0.0000E+00  1.8826E+01
  ag-111       0.0000E+00  5.0252E-01
  cd-111       0.0000E+00  1.7093E+01
  pd-112       0.0000E+00  2.6507E-02
  cd-112       0.0000E+00  8.9749E+00
  cd-113       0.0000E+00  1.1021E-01
  cd-114       0.0000E+00  1.0977E+01
  cd-115       0.0000E+00  2.5160E-02
  cd-115m      0.0000E+00  3.0712E-02
  in-115       0.0000E+00  1.7266E+00
  sn-115       0.0000E+00  1.8160E-01
  cd-116       0.0000E+00  4.1811E+00
  sn-116       0.0000E+00  2.1257E+00
  sn-117       0.0000E+00  3.8116E+00
  sn-118       0.0000E+00  3.5536E+00
  sn-119       0.0000E+00  3.4593E+00
  sn-119m      0.0000E+00  6.6499E-02
  sn-120       0.0000E+00  3.5494E+00
  sn-121m      0.0000E+00  2.8293E-01
  sb-121       0.0000E+00  3.4510E+00
  sn-122       0.0000E+00  4.5234E+00
  te-122       0.0000E+00  1.8022E-01
  sn-123       0.0000E+00  2.1770E-01
  sb-123       0.0000E+00  4.3034E+00
  sn-124       0.0000E+00  7.2062E+00
  sb-124       0.0000E+00  3.8101E-02
  te-124       0.0000E+00  1.0516E-01
  sn-125       0.0000E+00  1.1704E-01
  sb-125       0.0000E+00  8.0089E+00
  te-125       0.0000E+00  1.4150E+00
  te-125m      0.0000E+00  8.9952E-02
  sn-126       0.0000E+00  1.5595E+01
  te-126       0.0000E+00  3.9035E-01
  sb-127       0.0000E+00  4.3294E-01
  te-127       0.0000E+00  3.8937E-02
  te-127m      0.0000E+00  7.4089E-01
  i-127        0.0000E+00  3.3172E+01
  te-128       0.0000E+00  7.2692E+01
  xe-128       0.0000E+00  1.4323E+00
  sb-129       0.0000E+00  6.2121E-02
  te-129m      0.0000E+00  1.8646E+00
  i-129        0.0000E+00  1.1940E+02
  te-130       0.0000E+00  2.9134E+02
  xe-130       0.0000E+00  3.7137E+00
  te-131m      0.0000E+00  3.2396E-01
  i-131        0.0000E+00  9.4945E+00
  xe-131       0.0000E+00  3.5708E+02
  xe-131m      0.0000E+00  1.6364E-01
  te-132       0.0000E+00  5.3723E+00
  i-132        0.0000E+00  1.6460E-01
  xe-132       0.0000E+00  8.1204E+02
  te-133m      0.0000E+00  4.5860E-02
  i-133        0.0000E+00  2.0951E+00
  xe-133       0.0000E+00  1.2680E+01
  xe-133m      0.0000E+00  1.6389E-01
  cs-133       0.0000E+00  8.9866E+02
  te-134       0.0000E+00  6.1359E-02
  i-134        0.0000E+00  9.9041E-02
  xe-134       0.0000E+00  1.1768E+03
  cs-134       0.0000E+00  8.4362E+01
  ba-134       0.0000E+00  1.5484E+01
  i-135        0.0000E+00  6.4209E-01
  xe-135       0.0000E+00  1.8466E-01
  cs-135       0.0000E+00  2.0353E+02
  ba-135       0.0000E+00  7.0592E-02
  xe-136       0.0000E+00  1.8650E+03
  cs-136       0.0000E+00  4.7323E-01
  ba-136       0.0000E+00  9.4091E+00
  cs-137       0.0000E+00  9.5635E+02
  ba-137       0.0000E+00  1.7332E+01
  xe-138       0.0000E+00  2.0571E-02
  cs-138       0.0000E+00  5.3515E-02
  ba-138       0.0000E+00  1.0059E+03
  ba-139       0.0000E+00  1.2769E-01
  la-139       0.0000E+00  9.4579E+02
  ba-140       0.0000E+00  2.7269E+01
  la-140       0.0000E+00  3.6740E+00
  ce-140       0.0000E+00  9.2132E+02
  ba-141       0.0000E+00  2.5632E-02
  la-141       0.0000E+00  3.3244E-01
  ce-141       0.0000E+00  6.5553E+01
  pr-141       0.0000E+00  8.2830E+02
  la-142       0.0000E+00  1.2430E-01
  ce-142       0.0000E+00  8.7420E+02
  pr-142       0.0000E+00  4.8150E-02
  nd-142       0.0000E+00  1.1855E+01
  ce-143       0.0000E+00  2.6249E+00
  pr-143       0.0000E+00  2.5688E+01
  nd-143       0.0000E+00  6.4352E+02
  ce-144       0.0000E+00  4.1478E+02
  nd-144       0.0000E+00  5.6691E+02
  pr-145       0.0000E+00  3.2931E-01
  nd-145       0.0000E+00  5.3765E+02
  nd-146       0.0000E+00  5.1920E+02
  nd-147       0.0000E+00  9.1384E+00
  pm-147       0.0000E+00  1.7737E+02
  sm-147       0.0000E+00  3.8188E+01
  nd-148       0.0000E+00  2.9072E+02
  pm-148       0.0000E+00  1.3983E+00
  pm-148m      0.0000E+00  1.3583E+00
  sm-148       0.0000E+00  7.9360E+01
  nd-149       0.0000E+00  3.5987E-02
  pm-149       0.0000E+00  1.5753E+00
  sm-149       0.0000E+00  2.1017E+00
  nd-150       0.0000E+00  1.3693E+02
  sm-150       0.0000E+00  2.3121E+02
  pm-151       0.0000E+00  3.1506E-01
  sm-151       0.0000E+00  1.0288E+01
  sm-152       0.0000E+00  9.2089E+01
  sm-153       0.0000E+00  1.0761E+00
  eu-153       0.0000E+00  8.7957E+01
  sm-154       0.0000E+00  2.8557E+01
  eu-154       0.0000E+00  1.7197E+01
  gd-154       0.0000E+00  7.3406E-01
  eu-155       0.0000E+00  6.4650E+00
  gd-155       0.0000E+00  3.3987E-02
  eu-156       0.0000E+00  4.5050E+00
  gd-156       0.0000E+00  5.3743E+01
  eu-157       0.0000E+00  2.1038E-02
  gd-157       0.0000E+00  8.0702E-02
  gd-158       0.0000E+00  1.2714E+01
  tb-159       0.0000E+00  1.7543E+00
  gd-160       0.0000E+00  7.8592E-01
  tb-160       0.0000E+00  6.9906E-02
  dy-160       0.0000E+00  9.8401E-02
  dy-161       0.0000E+00  2.6330E-01
  dy-162       0.0000E+00  1.9578E-01
  dy-163       0.0000E+00  1.3539E-01
  dy-164       0.0000E+00  2.8961E-02
  ho-165       0.0000E+00  4.6070E-02
------------
  totals       1.0000E+06  1.0001E+06
=========================================================================================================================
.
.
=========================================================================================================================
=   History overview for case 'decay' (#2/2)                                                                            =
-------------------------------------------------------------------------------------------------------------------------
   step          t0          t1          dt           t        flux     fluence       power      energy
    (-)         (y)         (y)         (s)         (s)   (n/cm2-s)     (n/cm2)        (MW)       (MWd)
      1      1.5057      2.5057  3.1560E+07  7.9080E+07  0.0000E+00  2.0518E+22  0.0000E+00  2.4747E+04
          
              step - step index within this case
                t0 - time at beginning-of-step in input units
                t1 - time at end-of-step in input units
                dt - length of step in seconds
                 t - end-of-step cumulative time in seconds
              flux - flux in neutrons/cm^2-sec (CALCULATED)
           fluence - cumulative end-of-step fluence in neutrons/cm^2 (CALCULATED)
             power - power in mega-watts (INPUT)     
            energy - cumulative end-of-step energy released in mega-watt-days (INPUT)     
=========================================================================================================================
.
.
.
.
.
*************************************************************************************************************************
********************                                                                                 ********************
********************                                                                                 ********************
********************                    Library information                                          ********************
********************                                                                                 ********************
********************                                                                                 ********************
*************************************************************************************************************************
.
.
=========================================================================================================================
=   Library summary for case 'decay' (#2/2)                                                                             =
-------------------------------------------------------------------------------------------------------------------------
filename: C:/Users/Teddy/AppData/Local/Temp/scale.Teddy.10492/w17x17_100d.f33 cross-section data taken from position number: 1
library title delimited by {}: 
{}
date library was produced: 538976288/538976288/538976288
total number of nuclides in library: 2237
number of light-element nuclides: 910
number of actinide nuclides: 176
number of fission product nuclides: 1151
number of nonzero off-diagonal matrix elements: 54564
=========================================================================================================================
.
.
*************************************************************************************************************************
********************                                                                                 ********************
********************                                                                                 ********************
********************                    Concentration tables                                         ********************
********************                                                                                 ********************
********************                                                                                 ********************
*************************************************************************************************************************
.
.
=========================================================================================================================
=   Nuclide concentrations in grams for case 'decay' (#2/2)                                                             =
-------------------------------------------------------------------------------------------------------------------------
  (relative cutoff; integral of concentrations over time >   1.00E-06 % of integral of all concentrations over time)
.
                   1.506y      2.506y   
  h-3          3.8963E-02  3.6831E-02
  he-4         9.6891E-01  1.0924E+00
  u-234        1.3575E+00  1.9951E+00
  u-235        9.2079E+03  9.2081E+03
  u-236        3.1758E+03  3.1760E+03
  u-237        9.7533E+00  3.7004E-05
  u-238        9.5225E+05  9.5225E+05
  u-239        7.5062E-01  0.0000E+00
  np-237       2.8126E+02  2.9109E+02
  np-238       1.1013E+00  6.4359E-08
  np-239       1.0833E+02  4.3467E-05
  pu-238       7.7617E+01  8.3901E+01
  pu-239       4.9620E+03  5.0709E+03
  pu-240       1.7159E+03  1.7162E+03
  pu-241       1.2450E+03  1.1861E+03
  pu-242       3.5967E+02  3.5968E+02
  pu-243       1.2327E-01  9.5835E-15
  pu-244       1.1807E-02  1.1808E-02
  am-241       2.0413E+01  7.9287E+01
  am-242m      3.4854E-01  3.4683E-01
  am-242       8.2411E-02  4.4748E-06
  am-243       5.0377E+01  5.0496E+01
  cm-242       7.4493E+00  1.5901E+00
  cm-243       1.3713E-01  1.3390E-01
  cm-244       1.2326E+01  1.1870E+01
  cm-245       5.0599E-01  5.0595E-01
  cm-246       3.7266E-02  3.7260E-02
  ge-73        1.5678E-02  1.5687E-02
  ge-74        4.0085E-02  4.0086E-02
  as-75        9.8633E-02  9.8647E-02
  ge-76        2.5883E-01  2.5883E-01
  se-77        6.1777E-01  6.2070E-01
  se-78        1.7560E+00  1.7565E+00
  se-79        3.7763E+00  3.7763E+00
  se-80        9.8795E+00  9.8795E+00
  br-81        1.6497E+01  1.6498E+01
  se-82        2.5913E+01  2.5913E+01
  kr-82        3.7568E-01  3.7839E-01
  kr-83        3.3739E+01  3.3755E+01
  kr-84        8.3537E+01  8.3541E+01
  kr-85        2.0009E+01  1.8767E+01
  kr-85m       3.4755E-02  0.0000E+00
  rb-85        7.6430E+01  7.7707E+01
  kr-86        1.4433E+02  1.4433E+02
  rb-86        2.1246E-02  2.6623E-08
  sr-86        2.2733E-01  2.4857E-01
  rb-87        1.8989E+02  1.8991E+02
  kr-88        5.8128E-02  0.0000E+00
  sr-88        2.6405E+02  2.6411E+02
  sr-89        3.3665E+01  2.2446E-01
  y-89         3.2536E+02  3.5881E+02
  sr-90        4.2594E+02  4.1580E+02
  y-90         1.1420E-01  1.0547E-01
  zr-90        9.0379E+00  1.9180E+01
  sr-91        3.6038E-01  0.0000E+00
  y-91         5.7190E+01  7.6009E-01
  zr-91        4.0285E+02  4.5966E+02
  sr-92        1.1165E-01  0.0000E+00
  y-92         1.4755E-01  0.0000E+00
  zr-92        4.9933E+02  4.9958E+02
  y-93         4.9147E-01  0.0000E+00
  zr-93        5.5222E+02  5.5272E+02
  zr-94        5.8996E+02  5.8998E+02
  zr-95        9.1341E+01  1.7516E+00
  nb-95        4.9724E+01  2.1339E+00
  nb-95m       5.5705E-02  1.1304E-03
  mo-95        5.0306E+02  6.4037E+02
  zr-96        6.2554E+02  6.2554E+02
  mo-96        2.0694E+01  2.0699E+01
  zr-97        9.9737E-01  0.0000E+00
  nb-97        7.2088E-02  0.0000E+00
  mo-97        6.2084E+02  6.2191E+02
  mo-98        6.3972E+02  6.3972E+02
  mo-99        4.4690E+00  0.0000E+00
  tc-99        6.2713E+02  6.3196E+02
  tc-99m       3.5880E-01  0.0000E+00
  ru-99        2.2496E-02  2.4730E-02
  mo-100       7.2483E+02  7.2483E+02
  ru-100       5.5771E+01  5.5771E+01
  ru-101       6.0878E+02  6.0881E+02
  ru-102       6.0627E+02  6.0628E+02
  ru-103       5.9461E+01  9.3862E-02
  rh-103       3.7229E+02  4.3171E+02
  rh-103m      5.8377E-02  9.2196E-05
  ru-104       4.2362E+02  4.2364E+02
  pd-104       1.3979E+02  1.3979E+02
  ru-105       2.0363E-01  0.0000E+00
  rh-105       1.4535E+00  0.0000E+00
  pd-105       2.8829E+02  2.8996E+02
  ru-106       1.6067E+02  8.1317E+01
  pd-106       1.2347E+02  2.0283E+02
  pd-107       1.6544E+02  1.6545E+02
  pd-108       1.0762E+02  1.0762E+02
  pd-109       1.9107E-01  0.0000E+00
  ag-109       6.0361E+01  6.0553E+01
  pd-110       3.5256E+01  3.5256E+01
  ag-110m      4.4293E-01  1.6072E-01
  cd-110       1.8826E+01  1.9108E+01
  ag-111       5.0252E-01  8.7567E-16
  cd-111       1.7093E+01  1.7597E+01
  pd-112       2.6507E-02  0.0000E+00
  cd-112       8.9749E+00  9.0054E+00
  cd-113       1.1021E-01  1.1333E-01
  cd-114       1.0977E+01  1.0978E+01
  cd-115       2.5160E-02  0.0000E+00
  cd-115m      3.0712E-02  1.0465E-04
  in-115       1.7266E+00  1.7832E+00
  sn-115       1.8160E-01  1.8297E-01
  cd-116       4.1811E+00  4.1811E+00
  sn-116       2.1257E+00  2.1260E+00
  sn-117       3.8116E+00  3.8141E+00
  sn-118       3.5536E+00  3.5539E+00
  sn-119       3.4593E+00  3.4979E+00
  sn-119m      6.6499E-02  2.8024E-02
  sn-120       3.5494E+00  3.5494E+00
  sn-121m      2.8293E-01  2.7850E-01
  sb-121       3.4510E+00  3.4669E+00
  sn-122       4.5234E+00  4.5235E+00
  te-122       1.8022E-01  1.8292E-01
  sn-123       2.1770E-01  3.0674E-02
  sb-123       4.3034E+00  4.4908E+00
  sn-124       7.2062E+00  7.2062E+00
  sb-124       3.8101E-02  5.6800E-04
  te-124       1.0516E-01  1.4269E-01
  sn-125       1.1704E-01  4.5883E-13
  sb-125       8.0089E+00  6.3212E+00
  te-125       1.4150E+00  3.2219E+00
  te-125m      8.9952E-02  8.7842E-02
  sn-126       1.5595E+01  1.5595E+01
  te-126       3.9035E-01  3.9632E-01
  sb-127       4.3294E-01  0.0000E+00
  te-127       3.8937E-02  2.7989E-04
  te-127m      7.4089E-01  7.9948E-02
  i-127        3.3172E+01  3.4310E+01
  te-128       7.2692E+01  7.2707E+01
  xe-128       1.4323E+00  1.4324E+00
  sb-129       6.2121E-02  0.0000E+00
  te-129m      1.8646E+00  1.0004E-03
  i-129        1.1940E+02  1.2134E+02
  te-130       2.9134E+02  2.9135E+02
  xe-130       3.7137E+00  3.7230E+00
  te-131m      3.2396E-01  0.0000E+00
  i-131        9.4945E+00  1.9705E-13
  xe-131       3.5708E+02  3.6709E+02
  xe-131m      1.6364E-01  2.5641E-10
  te-132       5.3723E+00  0.0000E+00
  i-132        1.6460E-01  0.0000E+00
  xe-132       8.1204E+02  8.1758E+02
  te-133m      4.5860E-02  0.0000E+00
  i-133        2.0951E+00  0.0000E+00
  xe-133       1.2680E+01  1.6601E-20
  xe-133m      1.6389E-01  0.0000E+00
  cs-133       8.9866E+02  9.1366E+02
  te-134       6.1359E-02  0.0000E+00
  i-134        9.9041E-02  0.0000E+00
  xe-134       1.1768E+03  1.1770E+03
  cs-134       8.4362E+01  6.0312E+01
  ba-134       1.5484E+01  3.9540E+01
  i-135        6.4209E-01  0.0000E+00
  xe-135       1.8466E-01  0.0000E+00
  cs-135       2.0353E+02  2.0437E+02
  ba-135       7.0592E-02  7.0716E-02
  xe-136       1.8650E+03  1.8650E+03
  cs-136       4.7323E-01  2.0865E-09
  ba-136       9.4091E+00  9.8824E+00
  cs-137       9.5635E+02  9.3456E+02
  ba-137       1.7332E+01  3.9120E+01
  xe-138       2.0571E-02  0.0000E+00
  cs-138       5.3515E-02  0.0000E+00
  ba-138       1.0059E+03  1.0060E+03
  ba-139       1.2769E-01  0.0000E+00
  la-139       9.4579E+02  9.4593E+02
  ba-140       2.7269E+01  6.5068E-08
  la-140       3.6740E+00  9.8619E-09
  ce-140       9.2132E+02  9.5226E+02
  ba-141       2.5632E-02  0.0000E+00
  la-141       3.3244E-01  0.0000E+00
  ce-141       6.5553E+01  2.7315E-02
  pr-141       8.2830E+02  8.9418E+02
  la-142       1.2430E-01  0.0000E+00
  ce-142       8.7420E+02  8.7433E+02
  pr-142       4.8150E-02  0.0000E+00
  nd-142       1.1855E+01  1.1903E+01
  ce-143       2.6249E+00  0.0000E+00
  pr-143       2.5688E+01  2.2575E-07
  nd-143       6.4352E+02  6.7185E+02
  ce-144       4.1478E+02  1.7056E+02
  pr-144       1.7638E-02  7.1842E-03
  nd-144       5.6691E+02  8.1114E+02
  pr-145       3.2931E-01  0.0000E+00
  nd-145       5.3765E+02  5.3798E+02
  nd-146       5.1920E+02  5.1923E+02
  nd-147       9.1384E+00  8.8442E-10
  pm-147       1.7737E+02  1.4328E+02
  sm-147       3.8188E+01  8.1417E+01
  nd-148       2.9072E+02  2.9072E+02
  pm-148       1.3983E+00  1.8517E-05
  pm-148m      1.3583E+00  2.9503E-03
  sm-148       7.9360E+01  8.2114E+01
  nd-149       3.5987E-02  0.0000E+00
  pm-149       1.5753E+00  0.0000E+00
  sm-149       2.1017E+00  3.7138E+00
  nd-150       1.3693E+02  1.3693E+02
  sm-150       2.3121E+02  2.3121E+02
  pm-151       3.1506E-01  0.0000E+00
  sm-151       1.0288E+01  1.0524E+01
  eu-151       8.2333E-03  8.9598E-02
  sm-152       9.2089E+01  9.2091E+01
  gd-152       1.2066E-02  1.2172E-02
  sm-153       1.0761E+00  0.0000E+00
  eu-153       8.7957E+01  8.9034E+01
  sm-154       2.8557E+01  2.8557E+01
  eu-154       1.7197E+01  1.5865E+01
  gd-154       7.3406E-01  2.0655E+00
  eu-155       6.4650E+00  5.5884E+00
  gd-155       3.3987E-02  9.1148E-01
  eu-156       4.5050E+00  2.6068E-07
  gd-156       5.3743E+01  5.8263E+01
  eu-157       2.1038E-02  0.0000E+00
  gd-157       8.0702E-02  1.0187E-01
  gd-158       1.2714E+01  1.2715E+01
  tb-159       1.7543E+00  1.7608E+00
  gd-160       7.8592E-01  7.8592E-01
  tb-160       6.9906E-02  2.1068E-03
  dy-160       9.8401E-02  1.6620E-01
  dy-161       2.6330E-01  2.7564E-01
  dy-162       1.9578E-01  1.9579E-01
  dy-163       1.3539E-01  1.3539E-01
  dy-164       2.8961E-02  2.8961E-02
  ho-165       4.6070E-02  4.6103E-02
  er-166       1.2639E-02  1.2798E-02
------------
  totals       1.0001E+06  1.0001E+06
=========================================================================================================================
.
.
*************************************************************************************************************************
********************                                                                                 ********************
********************                                                                                 ********************
********************                    Written F71 File Information                                 ********************
********************                                                                                 ********************
********************                                                                                 ********************
*************************************************************************************************************************
.
.
   pos         time        power         flux      fluence       energy libpos   case   step DCGNAB
   (-)          (s)         (MW)    (n/cm2-s)      (n/cm2)        (MWd)    (-)    (-)    (-)    (-)
     1  4.75200e+07  0.00000e+00  0.00000e+00  2.05179e+22  2.47475e+04      1      2      0 DC----
     2  7.90800e+07  0.00000e+00  0.00000e+00  2.05179e+22  2.47475e+04      1      2      1 DC----
    D - state definition present
    C - concentrations present
    G - gamma emission spectra present
    N - neutron emission spectra present
    A - alpha emission spectra present
    B - beta emission spectra present
.
.
.
=========================================================================================================================
ORIGEN finished successfully.
=========================================================================================================================
    module origen used 0.851657 seconds cpu time for the current pass.

    module origen is finished. completion code    0. total cpu time used 3.26573e-006 seconds.


    SCALE is finished on Wed Feb 13 18:28:47 2019.
-------------------------- Summary --------------------------
arp finished. used 3.42368 seconds.
origen finished. used 0.860878 seconds.
SCALE driver required a maximum of 8.297 MiB of RAM.
------------------------ End Summary ------------------------

w17x17_100d.f33 copied to C:\Users\Teddy\Desktop\scale_test\output\w17x17_100d.f33.
discharge.f71 copied to C:\Users\Teddy\Desktop\scale_test\output\discharge.f71.
