 *******************************************************************************
 *                                                                             *
 *                                 SCALE 6.2.2                                 *
 *                                -------------                                *
 *                                February 2019                                *
 *                                                                             *
 *           SCALE:  A Comprehensive Modeling and Simulation Suite             *
 *                   for Nuclear Safety Analysis and Design                    *
 *                                                                             *
 *                      Reactor and Nuclear Systems Division                   *
 *                        Oak Ridge National Laboratory                        *
 *                                                                             *
 *                           http://scale.ornl.gov                             *
 *                            scalehelp@ornl.gov                               *
 *                                                                             *
 *******************************************************************************
 *******************************************************************************
      
                  Job Information
                  ---------------
      Job started on DESKTOP-J14NAA6 on Wed 13/02/2019 18:30:44
      Working directory: C:\Users\Teddy\AppData\Local\Temp\scale.Teddy.10264
      Input file name  : C:\Users\Teddy\Desktop\scale_test\output\2.800000_46666.666667.inp
      Output file name : C:\Users\Teddy\Desktop\scale_test\output\2.800000_46666.666667.out
      SCALE executable : C:\SCALE-6.2.2/bin/scale
      
 *******************************************************************************


    module arp will be called on Wed Feb 13 18:30:44 2019.
    sequence specification record:=arp
Input Data:

      'library type
      w17x17
      2.800000
      ' num cycles
      1
      ' num days per cycle
      550
      ' cycle average specific power (MW / MTU)
      84.848485
      ' number of interpolated cross section sets generated per cycle
      1
      ' moderator density (g/cc)
      0.723
      ' interpolated output ORIGEN library
      w17x17_100d.f33
end

1






        ************************************************************************************************************************
        ************************************************************************************************************************
        ************************************************************************************************************************
        *****                                                                                                              *****
        *****                                       program verification information                                       *****
        *****                                                                                                              *****
        *****                                   code system:  SCALE    version:  6.2                                       *****
        *****                                                                                                              *****
        ************************************************************************************************************************
        ************************************************************************************************************************
        *****                                                                                                              *****
        *****                                                                                                              *****
        *****              program:  arp.exe                                                                               *****
        *****                                                                                                              *****
        *****        creation date:   unknown                                                                              *****
        *****                                                                                                              *****
        *****              library:  C:\SCALE-6.2.2\bin                                                                    *****
        *****                                                                                                              *****
        *****                                                                                                              *****
        *****            prod code:  arp.exe                                                                               *****
        *****                                                                                                              *****
        *****              version:  6.2.2                                                                                 *****
        *****                                                                                                              *****
        *****              jobname:  Teddy                                                                                 *****
        *****                                                                                                              *****
        *****         machine name:  DESKTOP-J14NAA6                                                                       *****
        *****                                                                                                              *****
        *****    date of execution:  13_feb_2019                                                                           *****
        *****                                                                                                              *****
        *****    time of execution:  18:30:44.84                                                                           *****
        *****                                                                                                              *****
        *****                                                                                                              *****
        ************************************************************************************************************************
        ************************************************************************************************************************
        ************************************************************************************************************************


 'library type
    data library:       w17x17
       directory:       C:/SCALE-6.2.2/data/\arplibs
       definition:      C:/SCALE-6.2.2/data/\arpdata.txt
    u-235 enrichment:                        2.800

 ' num cycles
    number of cycles:                            1

 ' num days per cycle

 ' cycle average specific power (MW / MTU)

 ' number of interpolated cross section sets generated per cycle

 ' moderator density (g/cc)
    water density (g/cm3):                  0.7230
                                         cycle        cumulative      midpoint
   cycle time(d)        power(MW)      burnup(MWd/MTU)burnup(MWd/MTU)burnup(MWd/MTU)nlib
     1    550.000        84.8485        46666.7        46666.7        23333.3             1

 ' interpolated output ORIGEN library
    interpolated library name:                   w17x17_100d.f33
 interpolation type: spline
 Cross section library interpolation completed.
.
.
.
=========================================================================================================================
ARP finished successfully.
=========================================================================================================================
    module arp used 3.70498 seconds cpu time for the current pass.

    module arp is finished. completion code    0. total cpu time used 1.44625e-005 seconds.



    module origen will be called on Wed Feb 13 18:30:48 2019.
    sequence specification record:=origen
Input Data:

      case(irrad) {
          lib{
              file="w17x17_100d.f33" pos=1
          }
          mat {
              units=GRAMS
              iso=[u235=28000.000000 u238=972000.000000]
          }
          time = [ 550 ]
          power = [ 84.848485 ]
      }
      case (decay) {
          time {
              units=YEARS
              start=0
              t=[1]
          }
          save{ file="discharge.f71" steps=[0 LAST]}
      }
end

1






        ************************************************************************************************************************
        ************************************************************************************************************************
        ************************************************************************************************************************
        *****                                                                                                              *****
        *****                                       program verification information                                       *****
        *****                                                                                                              *****
        *****                                   code system:  SCALE    version:  6.2                                       *****
        *****                                                                                                              *****
        ************************************************************************************************************************
        ************************************************************************************************************************
        *****                                                                                                              *****
        *****                                                                                                              *****
        *****              program:  origen.exe                                                                            *****
        *****                                                                                                              *****
        *****        creation date:   unknown                                                                              *****
        *****                                                                                                              *****
        *****              library:  C:\SCALE-6.2.2\bin                                                                    *****
        *****                                                                                                              *****
        *****                                                                                                              *****
        *****            prod code:  origen.exe                                                                            *****
        *****                                                                                                              *****
        *****              version:  6.2.2                                                                                 *****
        *****                                                                                                              *****
        *****              jobname:  Teddy                                                                                 *****
        *****                                                                                                              *****
        *****         machine name:  DESKTOP-J14NAA6                                                                       *****
        *****                                                                                                              *****
        *****    date of execution:  13_feb_2019                                                                           *****
        *****                                                                                                              *****
        *****    time of execution:  18:30:48.54                                                                           *****
        *****                                                                                                              *****
        *****                                                                                                              *****
        ************************************************************************************************************************
        ************************************************************************************************************************
        ************************************************************************************************************************

*************************************************************************************************************************
********************                                                                                 ********************
********************                                                                                 ********************
********************                    USER INPUT SUMMARY                                           ********************
********************                                                                                 ********************
********************                                                                                 ********************
*************************************************************************************************************************
.
.
=========================================================================================================================
=   Case "irrad" (#1/2)                                                                                                 =
-------------------------------------------------------------------------------------------------------------------------
###   Library settings                                                                                                ###
.
                                Library file name:     C:/Users/Teddy/AppData/Local/Temp/scale.Teddy.10264/w17x17_100d.f33
                             Library set position:              1
                 Fission product reaction removal:             no
-------------------------------------------------------------------------------------------------------------------------
###   Global settings                                                                                                 ###
.
                                           Solver:              MATREX
                                             Mode:        forward
                             Fixed fission energy:             no
-------------------------------------------------------------------------------------------------------------------------
###   Concentrations output options                                                                                   ###
.
                            High-precision output:             no
                                  Relative cutoff:            yes
                         Step for applying cutoff:       integral
.
                      light els.   actinides  fis.prods.       total
                       nuc    el   nuc    el   nuc    el   nuc    el             cutoff
gram-atoms                                                                    1.000E-06
grams                                                      **                 1.000E-06
curies                                                                        1.000E-06
watts                                                                         1.000E-06
gamma watts                                                                   1.000E-06
m3 air                                                                        1.000E-06
m3 water                                                                      1.000E-06
grams ppm                                                                     1.000E-06
atoms ppm                                                                     1.000E-06
atoms/barn-cm                                                                 1.000E-06
becquerels                                                                    1.000E-06
-------------------------------------------------------------------------------------------------------------------------
###   Additional output options                                                                                       ###
.
                                      Print k-inf:             no
           Nuclides for absorption fraction print:           none
                              Print fission rates:             no
            Step for sorting absorption fractions:              1
=========================================================================================================================
=   Case "decay" (#2/2)                                                                                                 =
-------------------------------------------------------------------------------------------------------------------------
###   Library settings                                                                                                ###
.
                                Library file name:     C:/Users/Teddy/AppData/Local/Temp/scale.Teddy.10264/w17x17_100d.f33
                             Library set position:              1
                 Fission product reaction removal:             no
-------------------------------------------------------------------------------------------------------------------------
###   Global settings                                                                                                 ###
.
                                           Solver:              MATREX
                                             Mode:        forward
                             Fixed fission energy:             no
-------------------------------------------------------------------------------------------------------------------------
###   Concentrations output options                                                                                   ###
.
                            High-precision output:             no
                                  Relative cutoff:            yes
                         Step for applying cutoff:       integral
.
                      light els.   actinides  fis.prods.       total
                       nuc    el   nuc    el   nuc    el   nuc    el             cutoff
gram-atoms                                                                    1.000E-06
grams                                                      **                 1.000E-06
curies                                                                        1.000E-06
watts                                                                         1.000E-06
gamma watts                                                                   1.000E-06
m3 air                                                                        1.000E-06
m3 water                                                                      1.000E-06
grams ppm                                                                     1.000E-06
atoms ppm                                                                     1.000E-06
atoms/barn-cm                                                                 1.000E-06
becquerels                                                                    1.000E-06
-------------------------------------------------------------------------------------------------------------------------
###   Additional output options                                                                                       ###
.
                                      Print k-inf:             no
           Nuclides for absorption fraction print:           none
                              Print fission rates:             no
            Step for sorting absorption fractions:              1
=========================================================================================================================
###   Blending information                                                                                            ###
.
  --- no blending requested in this job ---
=========================================================================================================================
.
.
***Warning:  The flux over a step has changed by more than 20%.
=========================================================================================================================
=   History overview for case 'irrad' (#1/2)                                                                            =
-------------------------------------------------------------------------------------------------------------------------
   step          t0          t1          dt           t        flux     fluence       power      energy
    (-)         (d)         (d)         (s)         (s)   (n/cm2-s)     (n/cm2)        (MW)       (MWd)
      1      0.0000    550.0000  4.7520E+07  4.7520E+07  8.8950E+14  4.2269E+22  8.4848E+01  4.6667E+04
          
              step - step index within this case
                t0 - time at beginning-of-step in input units
                t1 - time at end-of-step in input units
                dt - length of step in seconds
                 t - end-of-step cumulative time in seconds
              flux - flux in neutrons/cm^2-sec (CALCULATED)
           fluence - cumulative end-of-step fluence in neutrons/cm^2 (CALCULATED)
             power - power in mega-watts (INPUT)     
            energy - cumulative end-of-step energy released in mega-watt-days (INPUT)     
=========================================================================================================================
.
.
.
.
.
*************************************************************************************************************************
********************                                                                                 ********************
********************                                                                                 ********************
********************                    Library information                                          ********************
********************                                                                                 ********************
********************                                                                                 ********************
*************************************************************************************************************************
.
.
=========================================================================================================================
=   Library summary for case 'irrad' (#1/2)                                                                             =
-------------------------------------------------------------------------------------------------------------------------
filename: C:/Users/Teddy/AppData/Local/Temp/scale.Teddy.10264/w17x17_100d.f33 cross-section data taken from position number: 1
library title delimited by {}: 
{}
date library was produced: 538976288/538976288/538976288
total number of nuclides in library: 2237
number of light-element nuclides: 910
number of actinide nuclides: 176
number of fission product nuclides: 1151
number of nonzero off-diagonal matrix elements: 54564
=========================================================================================================================
.
.
*************************************************************************************************************************
********************                                                                                 ********************
********************                                                                                 ********************
********************                    Concentration tables                                         ********************
********************                                                                                 ********************
********************                                                                                 ********************
*************************************************************************************************************************
.
.
=========================================================================================================================
=   Nuclide concentrations in grams for case 'irrad' (#1/2)                                                             =
-------------------------------------------------------------------------------------------------------------------------
  (relative cutoff; integral of concentrations over time >   1.00E-06 % of integral of all concentrations over time)
.
                   0.000d    550.000d   
  h-3          0.0000E+00  7.5901E-02
  he-4         0.0000E+00  1.9770E+00
  u-234        0.0000E+00  2.0569E+00
  u-235        2.8000E+04  2.9445E+03
  u-236        0.0000E+00  3.8434E+03
  u-237        0.0000E+00  2.1614E+01
  u-238        9.7200E+05  9.3165E+05
  u-239        0.0000E+00  1.5159E+00
  np-237       0.0000E+00  5.4225E+02
  np-238       0.0000E+00  4.1983E+00
  np-239       0.0000E+00  2.1824E+02
  pu-238       0.0000E+00  2.8448E+02
  pu-239       0.0000E+00  5.2858E+03
  pu-240       0.0000E+00  2.5974E+03
  pu-241       0.0000E+00  1.9007E+03
  pu-242       0.0000E+00  1.2081E+03
  pu-243       0.0000E+00  8.1388E-01
  pu-244       0.0000E+00  1.9334E-01
  am-241       0.0000E+00  2.3855E+01
  am-242m      0.0000E+00  3.9994E-01
  am-242       0.0000E+00  1.8773E-01
  am-243       0.0000E+00  3.2090E+02
  am-244m      0.0000E+00  3.4334E-02
  am-244       0.0000E+00  5.3417E-02
  cm-242       0.0000E+00  2.0895E+01
  cm-243       0.0000E+00  7.0935E-01
  cm-244       0.0000E+00  1.7880E+02
  cm-245       0.0000E+00  1.2102E+01
  cm-246       0.0000E+00  2.1204E+00
  cm-247       0.0000E+00  3.2234E-02
  ge-73        0.0000E+00  3.0639E-02
  ge-74        0.0000E+00  7.8793E-02
  as-75        0.0000E+00  1.7596E-01
  ge-76        0.0000E+00  4.5432E-01
  se-77        0.0000E+00  1.0223E+00
  se-78        0.0000E+00  3.1512E+00
  se-79        0.0000E+00  6.5437E+00
  se-80        0.0000E+00  1.6752E+01
  br-81        0.0000E+00  2.7983E+01
  se-82        0.0000E+00  4.4264E+01
  kr-82        0.0000E+00  1.2926E+00
  kr-83        0.0000E+00  4.5382E+01
  kr-84        0.0000E+00  1.4823E+02
  kr-85        0.0000E+00  3.2347E+01
  kr-85m       0.0000E+00  4.6985E-02
  rb-85        0.0000E+00  1.2286E+02
  kr-86        0.0000E+00  2.3100E+02
  rb-86        0.0000E+00  6.9861E-02
  sr-86        0.0000E+00  7.9504E-01
  kr-87        0.0000E+00  2.5340E-02
  rb-87        0.0000E+00  3.0303E+02
  kr-88        0.0000E+00  7.4920E-02
  sr-88        0.0000E+00  4.1879E+02
  sr-89        0.0000E+00  4.3393E+01
  y-89         0.0000E+00  5.3209E+02
  sr-90        0.0000E+00  6.7196E+02
  y-90         0.0000E+00  1.9073E-01
  zr-90        0.0000E+00  1.6201E+01
  sr-91        0.0000E+00  4.8813E-01
  y-91         0.0000E+00  7.9613E+01
  y-91m        0.0000E+00  2.4719E-02
  zr-91        0.0000E+00  6.6123E+02
  sr-92        0.0000E+00  1.5781E-01
  y-92         0.0000E+00  2.0849E-01
  zr-92        0.0000E+00  8.2407E+02
  y-93         0.0000E+00  7.2749E-01
  zr-93        0.0000E+00  9.2581E+02
  y-94         0.0000E+00  2.4438E-02
  zr-94        0.0000E+00  1.0162E+03
  zr-95        0.0000E+00  1.4504E+02
  nb-95        0.0000E+00  7.8683E+01
  nb-95m       0.0000E+00  8.8500E-02
  mo-95        0.0000E+00  8.5145E+02
  zr-96        0.0000E+00  1.1016E+03
  mo-96        0.0000E+00  7.3363E+01
  zr-97        0.0000E+00  1.6470E+00
  nb-97        0.0000E+00  1.1920E-01
  mo-97        0.0000E+00  1.1111E+03
  mo-98        0.0000E+00  1.1769E+03
  mo-99        0.0000E+00  7.6524E+00
  tc-99        0.0000E+00  1.0660E+03
  tc-99m       0.0000E+00  6.1655E-01
  ru-99        0.0000E+00  3.9804E-02
  mo-100       0.0000E+00  1.3420E+03
  ru-100       0.0000E+00  1.9844E+02
  mo-101       0.0000E+00  2.7936E-02
  tc-101       0.0000E+00  2.7183E-02
  ru-101       0.0000E+00  1.1093E+03
  mo-102       0.0000E+00  2.1677E-02
  ru-102       0.0000E+00  1.2278E+03
  ru-103       0.0000E+00  1.1679E+02
  rh-103       0.0000E+00  6.0048E+02
  rh-103m      0.0000E+00  1.1470E-01
  tc-104       0.0000E+00  3.3798E-02
  ru-104       0.0000E+00  9.3838E+02
  pd-104       0.0000E+00  4.9190E+02
  ru-105       0.0000E+00  4.4051E-01
  rh-105       0.0000E+00  2.8457E+00
  pd-105       0.0000E+00  5.8893E+02
  ru-106       0.0000E+00  3.9490E+02
  pd-106       0.0000E+00  3.9667E+02
  rh-107       0.0000E+00  2.2425E-02
  pd-107       0.0000E+00  4.1675E+02
  pd-108       0.0000E+00  2.8341E+02
  pd-109       0.0000E+00  5.2945E-01
  ag-109       0.0000E+00  1.3712E+02
  pd-110       0.0000E+00  9.5466E+01
  ag-110m      0.0000E+00  1.5951E+00
  cd-110       0.0000E+00  9.2871E+01
  ag-111       0.0000E+00  1.2854E+00
  cd-111       0.0000E+00  4.7344E+01
  pd-112       0.0000E+00  6.2523E-02
  cd-112       0.0000E+00  2.4065E+01
  cd-113       0.0000E+00  1.3037E-01
  cd-114       0.0000E+00  2.6120E+01
  cd-115       0.0000E+00  5.4157E-02
  cd-115m      0.0000E+00  6.7797E-02
  in-115       0.0000E+00  2.1759E+00
  sn-115       0.0000E+00  3.8187E-01
  cd-116       0.0000E+00  9.0047E+00
  sn-116       0.0000E+00  6.3438E+00
  sn-117       0.0000E+00  8.0948E+00
  sn-118       0.0000E+00  7.5291E+00
  sn-119       0.0000E+00  7.1782E+00
  sn-119m      0.0000E+00  1.3556E-01
  sn-120       0.0000E+00  7.4268E+00
  sn-121       0.0000E+00  2.2824E-02
  sn-121m      0.0000E+00  5.8575E-01
  sb-121       0.0000E+00  6.8565E+00
  sn-122       0.0000E+00  9.4953E+00
  te-122       0.0000E+00  7.4657E-01
  sn-123       0.0000E+00  4.7309E-01
  sb-123       0.0000E+00  8.6874E+00
  sn-124       0.0000E+00  1.4909E+01
  sb-124       0.0000E+00  1.5441E-01
  te-124       0.0000E+00  4.5036E-01
  sn-125       0.0000E+00  2.3392E-01
  sb-125       0.0000E+00  1.6797E+01
  te-125       0.0000E+00  3.0555E+00
  te-125m      0.0000E+00  1.9048E-01
  sn-126       0.0000E+00  3.3065E+01
  te-126       0.0000E+00  7.9640E-01
  sb-127       0.0000E+00  8.3934E-01
  te-127       0.0000E+00  7.3100E-02
  te-127m      0.0000E+00  8.7673E-01
  i-127        0.0000E+00  6.4449E+01
  te-128       0.0000E+00  1.4849E+02
  xe-128       0.0000E+00  6.0089E+00
  sb-129       0.0000E+00  1.1902E-01
  te-129       0.0000E+00  2.9908E-02
  te-129m      0.0000E+00  3.5556E+00
  i-129        0.0000E+00  2.3926E+02
  xe-129       0.0000E+00  5.9769E-02
  te-130       0.0000E+00  5.5120E+02
  i-130        0.0000E+00  3.6805E-02
  xe-130       0.0000E+00  1.5198E+01
  sb-131       0.0000E+00  2.5394E-02
  te-131       0.0000E+00  3.0662E-02
  te-131m      0.0000E+00  5.9809E-01
  i-131        0.0000E+00  1.6801E+01
  xe-131       0.0000E+00  5.2595E+02
  xe-131m      0.0000E+00  3.0284E-01
  te-132       0.0000E+00  9.3803E+00
  i-132        0.0000E+00  2.8887E-01
  xe-132       0.0000E+00  1.6980E+03
  te-133m      0.0000E+00  7.5450E-02
  i-133        0.0000E+00  3.5843E+00
  xe-133       0.0000E+00  2.1667E+01
  xe-133m      0.0000E+00  2.8662E-01
  cs-133       0.0000E+00  1.4803E+03
  te-134       0.0000E+00  9.9555E-02
  i-134        0.0000E+00  1.6764E-01
  xe-134       0.0000E+00  2.1685E+03
  cs-134       0.0000E+00  2.7449E+02
  cs-134m      0.0000E+00  2.0233E-02
  ba-134       0.0000E+00  5.3427E+01
  i-135        0.0000E+00  1.1097E+00
  xe-135       0.0000E+00  1.7627E-01
  cs-135       0.0000E+00  2.5266E+02
  ba-135       0.0000E+00  5.1007E-01
  xe-136       0.0000E+00  3.6710E+03
  cs-136       0.0000E+00  1.1209E+00
  ba-136       0.0000E+00  2.2401E+01
  cs-137       0.0000E+00  1.7780E+03
  ba-137       0.0000E+00  3.3316E+01
  xe-138       0.0000E+00  3.4211E-02
  cs-138       0.0000E+00  8.9610E-02
  ba-138       0.0000E+00  1.8292E+03
  la-138       0.0000E+00  2.3974E-02
  cs-139       0.0000E+00  2.3214E-02
  ba-139       0.0000E+00  2.1361E-01
  la-139       0.0000E+00  1.6969E+03
  ba-140       0.0000E+00  4.5280E+01
  la-140       0.0000E+00  6.2608E+00
  ce-140       0.0000E+00  1.6965E+03
  ba-141       0.0000E+00  4.2332E-02
  la-141       0.0000E+00  5.4971E-01
  ce-141       0.0000E+00  1.0738E+02
  pr-141       0.0000E+00  1.4891E+03
  ba-142       0.0000E+00  2.2695E-02
  la-142       0.0000E+00  2.0271E-01
  ce-142       0.0000E+00  1.5781E+03
  pr-142       0.0000E+00  1.7540E-01
  nd-142       0.0000E+00  4.4566E+01
  la-143       0.0000E+00  2.9816E-02
  ce-143       0.0000E+00  4.2013E+00
  pr-143       0.0000E+00  4.0810E+01
  nd-143       0.0000E+00  8.7077E+02
  ce-144       0.0000E+00  7.0235E+02
  pr-144       0.0000E+00  3.0123E-02
  nd-144       0.0000E+00  1.2881E+03
  pr-145       0.0000E+00  5.3515E-01
  nd-145       0.0000E+00  8.7012E+02
  pr-146       0.0000E+00  2.9819E-02
  nd-146       0.0000E+00  1.0232E+03
  nd-147       0.0000E+00  1.5206E+01
  pm-147       0.0000E+00  2.1088E+02
  sm-147       0.0000E+00  4.3796E+01
  nd-148       0.0000E+00  5.5154E+02
  pm-148       0.0000E+00  3.0827E+00
  pm-148m      0.0000E+00  1.7069E+00
  sm-148       0.0000E+00  1.9970E+02
  nd-149       0.0000E+00  6.6043E-02
  pm-149       0.0000E+00  3.2286E+00
  sm-149       0.0000E+00  2.1562E+00
  nd-150       0.0000E+00  2.7069E+02
  sm-150       0.0000E+00  4.6178E+02
  pm-151       0.0000E+00  6.1934E-01
  sm-151       0.0000E+00  1.3492E+01
  sm-152       0.0000E+00  1.3627E+02
  sm-153       0.0000E+00  2.9177E+00
  eu-153       0.0000E+00  1.7309E+02
  sm-154       0.0000E+00  7.1733E+01
  eu-154       0.0000E+00  4.5896E+01
  gd-154       0.0000E+00  2.3142E+00
  eu-155       0.0000E+00  1.5439E+01
  gd-155       0.0000E+00  4.7454E-02
  sm-156       0.0000E+00  3.2039E-02
  eu-156       0.0000E+00  1.9429E+01
  gd-156       0.0000E+00  2.4503E+02
  eu-157       0.0000E+00  8.9722E-02
  gd-157       0.0000E+00  2.1330E-01
  gd-158       0.0000E+00  5.3469E+01
  gd-159       0.0000E+00  2.2481E-02
  tb-159       0.0000E+00  5.2469E+00
  gd-160       0.0000E+00  2.1394E+00
  tb-160       0.0000E+00  3.4159E-01
  dy-160       0.0000E+00  3.9845E-01
  tb-161       0.0000E+00  4.7120E-02
  dy-161       0.0000E+00  7.1583E-01
  dy-162       0.0000E+00  5.8692E-01
  dy-163       0.0000E+00  5.2604E-01
  dy-164       0.0000E+00  1.4569E-01
  ho-165       0.0000E+00  3.3518E-01
  er-166       0.0000E+00  1.1662E-01
  er-168       0.0000E+00  2.0513E-02
------------
  totals       1.0000E+06  1.0004E+06
=========================================================================================================================
.
.
=========================================================================================================================
=   History overview for case 'decay' (#2/2)                                                                            =
-------------------------------------------------------------------------------------------------------------------------
   step          t0          t1          dt           t        flux     fluence       power      energy
    (-)         (y)         (y)         (s)         (s)   (n/cm2-s)     (n/cm2)        (MW)       (MWd)
      1      1.5057      2.5057  3.1560E+07  7.9080E+07  0.0000E+00  4.2269E+22  0.0000E+00  4.6667E+04
          
              step - step index within this case
                t0 - time at beginning-of-step in input units
                t1 - time at end-of-step in input units
                dt - length of step in seconds
                 t - end-of-step cumulative time in seconds
              flux - flux in neutrons/cm^2-sec (CALCULATED)
           fluence - cumulative end-of-step fluence in neutrons/cm^2 (CALCULATED)
             power - power in mega-watts (INPUT)     
            energy - cumulative end-of-step energy released in mega-watt-days (INPUT)     
=========================================================================================================================
.
.
.
.
.
*************************************************************************************************************************
********************                                                                                 ********************
********************                                                                                 ********************
********************                    Library information                                          ********************
********************                                                                                 ********************
********************                                                                                 ********************
*************************************************************************************************************************
.
.
=========================================================================================================================
=   Library summary for case 'decay' (#2/2)                                                                             =
-------------------------------------------------------------------------------------------------------------------------
filename: C:/Users/Teddy/AppData/Local/Temp/scale.Teddy.10264/w17x17_100d.f33 cross-section data taken from position number: 1
library title delimited by {}: 
{}
date library was produced: 538976288/538976288/538976288
total number of nuclides in library: 2237
number of light-element nuclides: 910
number of actinide nuclides: 176
number of fission product nuclides: 1151
number of nonzero off-diagonal matrix elements: 54564
=========================================================================================================================
.
.
*************************************************************************************************************************
********************                                                                                 ********************
********************                                                                                 ********************
********************                    Concentration tables                                         ********************
********************                                                                                 ********************
********************                                                                                 ********************
*************************************************************************************************************************
.
.
=========================================================================================================================
=   Nuclide concentrations in grams for case 'decay' (#2/2)                                                             =
-------------------------------------------------------------------------------------------------------------------------
  (relative cutoff; integral of concentrations over time >   1.00E-06 % of integral of all concentrations over time)
.
                   1.506y      2.506y   
  h-3          7.5901E-02  7.1749E-02
  he-4         1.9770E+00  2.4112E+00
  u-234        2.0569E+00  4.3703E+00
  u-235        2.9445E+03  2.9446E+03
  u-236        3.8434E+03  3.8437E+03
  u-237        2.1614E+01  5.6490E-05
  u-238        9.3165E+05  9.3165E+05
  u-239        1.5159E+00  0.0000E+00
  np-237       5.4225E+02  5.6398E+02
  np-238       4.1983E+00  7.3850E-08
  np-239       2.1824E+02  2.7690E-04
  pu-238       2.8448E+02  3.0265E+02
  pu-239       5.2858E+03  5.5054E+03
  pu-240       2.5974E+03  2.6038E+03
  pu-241       1.9007E+03  1.8107E+03
  pu-242       1.2081E+03  1.2081E+03
  pu-243       8.1388E-01  1.1493E-12
  pu-244       1.9334E-01  1.9335E-01
  am-241       2.3855E+01  1.1374E+02
  am-242m      3.9994E-01  3.9797E-01
  am-242       1.8773E-01  5.1347E-06
  am-243       3.2090E+02  3.2168E+02
  am-244m      3.4334E-02  0.0000E+00
  am-244       5.3417E-02  1.1117E-13
  cm-242       2.0895E+01  4.4515E+00
  cm-243       7.0935E-01  6.9265E-01
  cm-244       1.7880E+02  1.7217E+02
  cm-245       1.2102E+01  1.2102E+01
  cm-246       2.1204E+00  2.1201E+00
  cm-247       3.2234E-02  3.2234E-02
  ge-72        1.3700E-02  1.3791E-02
  ge-73        3.0639E-02  3.0655E-02
  ge-74        7.8793E-02  7.8794E-02
  as-75        1.7596E-01  1.7598E-01
  ge-76        4.5432E-01  4.5432E-01
  se-77        1.0223E+00  1.0268E+00
  se-78        3.1512E+00  3.1520E+00
  se-79        6.5437E+00  6.5438E+00
  se-80        1.6752E+01  1.6752E+01
  br-81        2.7983E+01  2.7984E+01
  se-82        4.4264E+01  4.4264E+01
  kr-82        1.2926E+00  1.3018E+00
  kr-83        4.5382E+01  4.5405E+01
  kr-84        1.4823E+02  1.4824E+02
  kr-85        3.2347E+01  3.0338E+01
  kr-85m       4.6985E-02  0.0000E+00
  rb-85        1.2286E+02  1.2492E+02
  kr-86        2.3100E+02  2.3100E+02
  rb-86        6.9861E-02  8.7544E-08
  sr-86        7.9504E-01  8.6489E-01
  kr-87        2.5340E-02  0.0000E+00
  rb-87        3.0303E+02  3.0306E+02
  kr-88        7.4920E-02  0.0000E+00
  sr-88        4.1879E+02  4.1888E+02
  sr-89        4.3393E+01  2.8933E-01
  y-89         5.3209E+02  5.7520E+02
  sr-90        6.7196E+02  6.5598E+02
  y-90         1.9073E-01  1.6640E-01
  zr-90        1.6201E+01  3.2211E+01
  sr-91        4.8813E-01  0.0000E+00
  y-91         7.9613E+01  1.0579E+00
  y-91m        2.4719E-02  0.0000E+00
  zr-91        6.6123E+02  7.4029E+02
  sr-92        1.5781E-01  0.0000E+00
  y-92         2.0849E-01  0.0000E+00
  zr-92        8.2407E+02  8.2443E+02
  y-93         7.2749E-01  0.0000E+00
  zr-93        9.2581E+02  9.2655E+02
  y-94         2.4438E-02  0.0000E+00
  zr-94        1.0162E+03  1.0162E+03
  mo-94        1.6239E-02  1.6239E-02
  zr-95        1.4504E+02  2.7813E+00
  nb-95        7.8683E+01  3.3880E+00
  nb-95m       8.8500E-02  1.7950E-03
  mo-95        8.5145E+02  1.0692E+03
  zr-96        1.1016E+03  1.1016E+03
  mo-96        7.3363E+01  7.3380E+01
  zr-97        1.6470E+00  0.0000E+00
  nb-97        1.1920E-01  0.0000E+00
  mo-97        1.1111E+03  1.1129E+03
  mo-98        1.1769E+03  1.1769E+03
  mo-99        7.6524E+00  0.0000E+00
  tc-99        1.0660E+03  1.0743E+03
  tc-99m       6.1655E-01  0.0000E+00
  ru-99        3.9804E-02  4.3603E-02
  mo-100       1.3420E+03  1.3420E+03
  ru-100       1.9844E+02  1.9844E+02
  mo-101       2.7936E-02  0.0000E+00
  tc-101       2.7183E-02  0.0000E+00
  ru-101       1.1093E+03  1.1094E+03
  mo-102       2.1677E-02  0.0000E+00
  ru-102       1.2278E+03  1.2278E+03
  ru-103       1.1679E+02  1.8436E-01
  rh-103       6.0048E+02  7.1721E+02
  rh-103m      1.1470E-01  1.8109E-04
  tc-104       3.3798E-02  0.0000E+00
  ru-104       9.3838E+02  9.3842E+02
  pd-104       4.9190E+02  4.9190E+02
  ru-105       4.4051E-01  0.0000E+00
  rh-105       2.8457E+00  0.0000E+00
  pd-105       5.8893E+02  5.9223E+02
  ru-106       3.9490E+02  1.9986E+02
  pd-106       3.9667E+02  5.9171E+02
  rh-107       2.2425E-02  0.0000E+00
  pd-107       4.1675E+02  4.1678E+02
  pd-108       2.8341E+02  2.8342E+02
  pd-109       5.2945E-01  0.0000E+00
  ag-109       1.3712E+02  1.3765E+02
  pd-110       9.5466E+01  9.5466E+01
  ag-110m      1.5951E+00  5.7880E-01
  cd-110       9.2871E+01  9.3888E+01
  ag-111       1.2854E+00  2.2398E-15
  cd-111       4.7344E+01  4.8632E+01
  pd-112       6.2523E-02  0.0000E+00
  cd-112       2.4065E+01  2.4137E+01
  cd-113       1.3037E-01  1.3760E-01
  cd-114       2.6120E+01  2.6120E+01
  cd-115       5.4157E-02  0.0000E+00
  cd-115m      6.7797E-02  2.3102E-04
  in-115       2.1759E+00  2.2996E+00
  sn-115       3.8187E-01  3.8482E-01
  cd-116       9.0047E+00  9.0048E+00
  sn-116       6.3438E+00  6.3444E+00
  sn-117       8.0948E+00  8.0998E+00
  sn-118       7.5291E+00  7.5298E+00
  sn-119       7.1782E+00  7.2568E+00
  sn-119m      1.3556E-01  5.7129E-02
  sn-120       7.4268E+00  7.4269E+00
  sn-121       2.2824E-02  3.1431E-05
  sn-121m      5.8575E-01  5.7658E-01
  sb-121       6.8565E+00  6.8885E+00
  sn-122       9.4953E+00  9.4956E+00
  te-122       7.4657E-01  7.5753E-01
  sn-123       4.7309E-01  6.6658E-02
  sb-123       8.6874E+00  9.0945E+00
  sn-124       1.4909E+01  1.4909E+01
  sb-124       1.5441E-01  2.3019E-03
  te-124       4.5036E-01  6.0247E-01
  sn-125       2.3392E-01  9.1702E-13
  sb-125       1.6797E+01  1.3249E+01
  te-125       3.0555E+00  6.8445E+00
  te-125m      1.9048E-01  1.8414E-01
  sn-126       3.3065E+01  3.3065E+01
  te-126       7.9640E-01  8.0964E-01
  sb-127       8.3934E-01  0.0000E+00
  te-127       7.3100E-02  3.5063E-04
  te-127m      8.7673E-01  1.0016E-01
  i-127        6.4449E+01  6.6149E+01
  te-128       1.4849E+02  1.4851E+02
  xe-128       6.0089E+00  6.0094E+00
  sb-129       1.1902E-01  0.0000E+00
  te-129       2.9908E-02  1.7314E-06
  te-129m      3.5556E+00  1.9078E-03
  i-129        2.3926E+02  2.4297E+02
  xe-129       5.9769E-02  6.0276E-02
  te-130       5.5120E+02  5.5122E+02
  i-130        3.6805E-02  0.0000E+00
  xe-130       1.5198E+01  1.5235E+01
  sb-131       2.5394E-02  0.0000E+00
  te-131       3.0662E-02  0.0000E+00
  te-131m      5.9809E-01  0.0000E+00
  i-131        1.6801E+01  3.4927E-13
  xe-131       5.2595E+02  5.4371E+02
  xe-131m      3.0284E-01  4.6106E-10
  te-132       9.3803E+00  0.0000E+00
  i-132        2.8887E-01  0.0000E+00
  xe-132       1.6980E+03  1.7076E+03
  te-133m      7.5450E-02  0.0000E+00
  i-133        3.5843E+00  0.0000E+00
  xe-133       2.1667E+01  2.8381E-20
  xe-133m      2.8662E-01  0.0000E+00
  cs-133       1.4803E+03  1.5059E+03
  te-134       9.9555E-02  0.0000E+00
  i-134        1.6764E-01  0.0000E+00
  xe-134       2.1685E+03  2.1688E+03
  cs-134       2.7449E+02  1.9624E+02
  cs-134m      2.0233E-02  0.0000E+00
  ba-134       5.3427E+01  1.3170E+02
  i-135        1.1097E+00  0.0000E+00
  xe-135       1.7627E-01  0.0000E+00
  cs-135       2.5266E+02  2.5396E+02
  ba-135       5.1007E-01  5.1058E-01
  xe-136       3.6710E+03  3.6710E+03
  cs-136       1.1209E+00  4.9423E-09
  ba-136       2.2401E+01  2.3522E+01
  cs-137       1.7780E+03  1.7375E+03
  ba-137       3.3316E+01  7.3822E+01
  xe-138       3.4211E-02  0.0000E+00
  cs-138       8.9610E-02  0.0000E+00
  ba-138       1.8292E+03  1.8294E+03
  la-138       2.3974E-02  2.3974E-02
  cs-139       2.3214E-02  0.0000E+00
  ba-139       2.1361E-01  0.0000E+00
  la-139       1.6969E+03  1.6971E+03
  ba-140       4.5280E+01  1.0805E-07
  la-140       6.2608E+00  1.6376E-08
  ce-140       1.6965E+03  1.7481E+03
  ba-141       4.2332E-02  0.0000E+00
  la-141       5.4971E-01  0.0000E+00
  ce-141       1.0738E+02  4.4747E-02
  pr-141       1.4891E+03  1.5971E+03
  ba-142       2.2695E-02  0.0000E+00
  la-142       2.0271E-01  0.0000E+00
  ce-142       1.5781E+03  1.5784E+03
  pr-142       1.7540E-01  0.0000E+00
  nd-142       4.4566E+01  4.4743E+01
  la-143       2.9816E-02  0.0000E+00
  ce-143       4.2013E+00  0.0000E+00
  pr-143       4.0810E+01  3.5892E-07
  nd-143       8.7077E+02  9.1581E+02
  ce-144       7.0235E+02  2.8881E+02
  pr-144       3.0123E-02  1.2165E-02
  nd-144       1.2881E+03  1.7016E+03
  pr-145       5.3515E-01  0.0000E+00
  nd-145       8.7012E+02  8.7066E+02
  pr-146       2.9819E-02  0.0000E+00
  nd-146       1.0232E+03  1.0232E+03
  nd-147       1.5206E+01  1.4716E-09
  pm-147       2.1088E+02  1.7373E+02
  sm-147       4.3796E+01  9.6163E+01
  nd-148       5.5154E+02  5.5154E+02
  pm-148       3.0827E+00  2.3269E-05
  pm-148m      1.7069E+00  3.7075E-03
  sm-148       1.9970E+02  2.0449E+02
  nd-149       6.6043E-02  0.0000E+00
  pm-149       3.2286E+00  0.0000E+00
  sm-149       2.1562E+00  5.4522E+00
  nd-150       2.7069E+02  2.7069E+02
  sm-150       4.6178E+02  4.6179E+02
  pm-151       6.1934E-01  0.0000E+00
  sm-151       1.3492E+01  1.4007E+01
  eu-151       5.3888E-03  1.1367E-01
  sm-152       1.3627E+02  1.3628E+02
  sm-153       2.9177E+00  0.0000E+00
  eu-153       1.7309E+02  1.7601E+02
  sm-154       7.1733E+01  7.1734E+01
  eu-154       4.5896E+01  4.2343E+01
  gd-154       2.3142E+00  5.8676E+00
  eu-155       1.5439E+01  1.3345E+01
  gd-155       4.7454E-02  2.1429E+00
  sm-156       3.2039E-02  0.0000E+00
  eu-156       1.9429E+01  1.1225E-06
  gd-156       2.4503E+02  2.6449E+02
  eu-157       8.9722E-02  0.0000E+00
  gd-157       2.1330E-01  3.0332E-01
  gd-158       5.3469E+01  5.3470E+01
  gd-159       2.2481E-02  0.0000E+00
  tb-159       5.2469E+00  5.2696E+00
  gd-160       2.1394E+00  2.1394E+00
  tb-160       3.4159E-01  1.0295E-02
  dy-160       3.9845E-01  7.2974E-01
  tb-161       4.7120E-02  5.6345E-18
  dy-161       7.1583E-01  7.6296E-01
  dy-162       5.8692E-01  5.8694E-01
  dy-163       5.2604E-01  5.2605E-01
  dy-164       1.4569E-01  1.4569E-01
  ho-165       3.3518E-01  3.3549E-01
  er-166       1.1662E-01  1.1798E-01
  er-168       2.0513E-02  2.0513E-02
------------
  totals       1.0004E+06  1.0004E+06
=========================================================================================================================
.
.
*************************************************************************************************************************
********************                                                                                 ********************
********************                                                                                 ********************
********************                    Written F71 File Information                                 ********************
********************                                                                                 ********************
********************                                                                                 ********************
*************************************************************************************************************************
.
.
   pos         time        power         flux      fluence       energy libpos   case   step DCGNAB
   (-)          (s)         (MW)    (n/cm2-s)      (n/cm2)        (MWd)    (-)    (-)    (-)    (-)
     1  4.75200e+07  0.00000e+00  0.00000e+00  4.22692e+22  4.66667e+04      1      2      0 DC----
     2  7.90800e+07  0.00000e+00  0.00000e+00  4.22692e+22  4.66667e+04      1      2      1 DC----
    D - state definition present
    C - concentrations present
    G - gamma emission spectra present
    N - neutron emission spectra present
    A - alpha emission spectra present
    B - beta emission spectra present
.
.
.
=========================================================================================================================
ORIGEN finished successfully.
=========================================================================================================================
    module origen used 0.48025 seconds cpu time for the current pass.

    module origen is finished. completion code    0. total cpu time used 1.44625e-005 seconds.


    SCALE is finished on Wed Feb 13 18:30:48 2019.
-------------------------- Summary --------------------------
arp finished. used 3.71239 seconds.
origen finished. used 0.485747 seconds.
SCALE driver required a maximum of 8.289 MiB of RAM.
------------------------ End Summary ------------------------

w17x17_100d.f33 copied to C:\Users\Teddy\Desktop\scale_test\output\w17x17_100d.f33.
discharge.f71 copied to C:\Users\Teddy\Desktop\scale_test\output\discharge.f71.
