 *******************************************************************************
 *                                                                             *
 *                                 SCALE 6.2.2                                 *
 *                                -------------                                *
 *                                February 2019                                *
 *                                                                             *
 *           SCALE:  A Comprehensive Modeling and Simulation Suite             *
 *                   for Nuclear Safety Analysis and Design                    *
 *                                                                             *
 *                      Reactor and Nuclear Systems Division                   *
 *                        Oak Ridge National Laboratory                        *
 *                                                                             *
 *                           http://scale.ornl.gov                             *
 *                            scalehelp@ornl.gov                               *
 *                                                                             *
 *******************************************************************************
 *******************************************************************************
      
                  Job Information
                  ---------------
      Job started on DESKTOP-J14NAA6 on Wed 13/02/2019 18:28:04
      Working directory: C:\Users\Teddy\AppData\Local\Temp\scale.Teddy.2180
      Input file name  : C:\Users\Teddy\Desktop\scale_test\output\2.800000_16262.626263.inp
      Output file name : C:\Users\Teddy\Desktop\scale_test\output\2.800000_16262.626263.out
      SCALE executable : C:\SCALE-6.2.2/bin/scale
      
 *******************************************************************************


    module arp will be called on Wed Feb 13 18:28:04 2019.
    sequence specification record:=arp
Input Data:

      'library type
      w17x17
      2.800000
      ' num cycles
      1
      ' num days per cycle
      550
      ' cycle average specific power (MW / MTU)
      29.568411
      ' number of interpolated cross section sets generated per cycle
      1
      ' moderator density (g/cc)
      0.723
      ' interpolated output ORIGEN library
      w17x17_100d.f33
end

1






        ************************************************************************************************************************
        ************************************************************************************************************************
        ************************************************************************************************************************
        *****                                                                                                              *****
        *****                                       program verification information                                       *****
        *****                                                                                                              *****
        *****                                   code system:  SCALE    version:  6.2                                       *****
        *****                                                                                                              *****
        ************************************************************************************************************************
        ************************************************************************************************************************
        *****                                                                                                              *****
        *****                                                                                                              *****
        *****              program:  arp.exe                                                                               *****
        *****                                                                                                              *****
        *****        creation date:   unknown                                                                              *****
        *****                                                                                                              *****
        *****              library:  C:\SCALE-6.2.2\bin                                                                    *****
        *****                                                                                                              *****
        *****                                                                                                              *****
        *****            prod code:  arp.exe                                                                               *****
        *****                                                                                                              *****
        *****              version:  6.2.2                                                                                 *****
        *****                                                                                                              *****
        *****              jobname:  Teddy                                                                                 *****
        *****                                                                                                              *****
        *****         machine name:  DESKTOP-J14NAA6                                                                       *****
        *****                                                                                                              *****
        *****    date of execution:  13_feb_2019                                                                           *****
        *****                                                                                                              *****
        *****    time of execution:  18:28:04.65                                                                           *****
        *****                                                                                                              *****
        *****                                                                                                              *****
        ************************************************************************************************************************
        ************************************************************************************************************************
        ************************************************************************************************************************


 'library type
    data library:       w17x17
       directory:       C:/SCALE-6.2.2/data/\arplibs
       definition:      C:/SCALE-6.2.2/data/\arpdata.txt
    u-235 enrichment:                        2.800

 ' num cycles
    number of cycles:                            1

 ' num days per cycle

 ' cycle average specific power (MW / MTU)

 ' number of interpolated cross section sets generated per cycle

 ' moderator density (g/cc)
    water density (g/cm3):                  0.7230
                                         cycle        cumulative      midpoint
   cycle time(d)        power(MW)      burnup(MWd/MTU)burnup(MWd/MTU)burnup(MWd/MTU)nlib
     1    550.000        29.5684        16262.6        16262.6        8131.31             1

 ' interpolated output ORIGEN library
    interpolated library name:                   w17x17_100d.f33
 interpolation type: spline
 Cross section library interpolation completed.
.
.
.
=========================================================================================================================
ARP finished successfully.
=========================================================================================================================
    module arp used 1.83251 seconds cpu time for the current pass.

    module arp is finished. completion code    0. total cpu time used 9.79719e-006 seconds.



    module origen will be called on Wed Feb 13 18:28:06 2019.
    sequence specification record:=origen
Input Data:

      case(irrad) {
          lib{
              file="w17x17_100d.f33" pos=1
          }
          mat {
              units=GRAMS
              iso=[u235=28000.000000 u238=972000.000000]
          }
          time = [ 550 ]
          power = [ 29.568411 ]
      }
      case (decay) {
          time {
              units=YEARS
              start=0
              t=[1]
          }
          save{ file="discharge.f71" steps=[0 LAST]}
      }
end

1






        ************************************************************************************************************************
        ************************************************************************************************************************
        ************************************************************************************************************************
        *****                                                                                                              *****
        *****                                       program verification information                                       *****
        *****                                                                                                              *****
        *****                                   code system:  SCALE    version:  6.2                                       *****
        *****                                                                                                              *****
        ************************************************************************************************************************
        ************************************************************************************************************************
        *****                                                                                                              *****
        *****                                                                                                              *****
        *****              program:  origen.exe                                                                            *****
        *****                                                                                                              *****
        *****        creation date:   unknown                                                                              *****
        *****                                                                                                              *****
        *****              library:  C:\SCALE-6.2.2\bin                                                                    *****
        *****                                                                                                              *****
        *****                                                                                                              *****
        *****            prod code:  origen.exe                                                                            *****
        *****                                                                                                              *****
        *****              version:  6.2.2                                                                                 *****
        *****                                                                                                              *****
        *****              jobname:  Teddy                                                                                 *****
        *****                                                                                                              *****
        *****         machine name:  DESKTOP-J14NAA6                                                                       *****
        *****                                                                                                              *****
        *****    date of execution:  13_feb_2019                                                                           *****
        *****                                                                                                              *****
        *****    time of execution:  18:28:06.49                                                                           *****
        *****                                                                                                              *****
        *****                                                                                                              *****
        ************************************************************************************************************************
        ************************************************************************************************************************
        ************************************************************************************************************************

*************************************************************************************************************************
********************                                                                                 ********************
********************                                                                                 ********************
********************                    USER INPUT SUMMARY                                           ********************
********************                                                                                 ********************
********************                                                                                 ********************
*************************************************************************************************************************
.
.
=========================================================================================================================
=   Case "irrad" (#1/2)                                                                                                 =
-------------------------------------------------------------------------------------------------------------------------
###   Library settings                                                                                                ###
.
                                Library file name:     C:/Users/Teddy/AppData/Local/Temp/scale.Teddy.2180/w17x17_100d.f33
                             Library set position:              1
                 Fission product reaction removal:             no
-------------------------------------------------------------------------------------------------------------------------
###   Global settings                                                                                                 ###
.
                                           Solver:              MATREX
                                             Mode:        forward
                             Fixed fission energy:             no
-------------------------------------------------------------------------------------------------------------------------
###   Concentrations output options                                                                                   ###
.
                            High-precision output:             no
                                  Relative cutoff:            yes
                         Step for applying cutoff:       integral
.
                      light els.   actinides  fis.prods.       total
                       nuc    el   nuc    el   nuc    el   nuc    el             cutoff
gram-atoms                                                                    1.000E-06
grams                                                      **                 1.000E-06
curies                                                                        1.000E-06
watts                                                                         1.000E-06
gamma watts                                                                   1.000E-06
m3 air                                                                        1.000E-06
m3 water                                                                      1.000E-06
grams ppm                                                                     1.000E-06
atoms ppm                                                                     1.000E-06
atoms/barn-cm                                                                 1.000E-06
becquerels                                                                    1.000E-06
-------------------------------------------------------------------------------------------------------------------------
###   Additional output options                                                                                       ###
.
                                      Print k-inf:             no
           Nuclides for absorption fraction print:           none
                              Print fission rates:             no
            Step for sorting absorption fractions:              1
=========================================================================================================================
=   Case "decay" (#2/2)                                                                                                 =
-------------------------------------------------------------------------------------------------------------------------
###   Library settings                                                                                                ###
.
                                Library file name:     C:/Users/Teddy/AppData/Local/Temp/scale.Teddy.2180/w17x17_100d.f33
                             Library set position:              1
                 Fission product reaction removal:             no
-------------------------------------------------------------------------------------------------------------------------
###   Global settings                                                                                                 ###
.
                                           Solver:              MATREX
                                             Mode:        forward
                             Fixed fission energy:             no
-------------------------------------------------------------------------------------------------------------------------
###   Concentrations output options                                                                                   ###
.
                            High-precision output:             no
                                  Relative cutoff:            yes
                         Step for applying cutoff:       integral
.
                      light els.   actinides  fis.prods.       total
                       nuc    el   nuc    el   nuc    el   nuc    el             cutoff
gram-atoms                                                                    1.000E-06
grams                                                      **                 1.000E-06
curies                                                                        1.000E-06
watts                                                                         1.000E-06
gamma watts                                                                   1.000E-06
m3 air                                                                        1.000E-06
m3 water                                                                      1.000E-06
grams ppm                                                                     1.000E-06
atoms ppm                                                                     1.000E-06
atoms/barn-cm                                                                 1.000E-06
becquerels                                                                    1.000E-06
-------------------------------------------------------------------------------------------------------------------------
###   Additional output options                                                                                       ###
.
                                      Print k-inf:             no
           Nuclides for absorption fraction print:           none
                              Print fission rates:             no
            Step for sorting absorption fractions:              1
=========================================================================================================================
###   Blending information                                                                                            ###
.
  --- no blending requested in this job ---
=========================================================================================================================
.
.
=========================================================================================================================
=   History overview for case 'irrad' (#1/2)                                                                            =
-------------------------------------------------------------------------------------------------------------------------
   step          t0          t1          dt           t        flux     fluence       power      energy
    (-)         (d)         (d)         (s)         (s)   (n/cm2-s)     (n/cm2)        (MW)       (MWd)
      1      0.0000    550.0000  4.7520E+07  4.7520E+07  2.6940E+14  1.2802E+22  2.9568E+01  1.6263E+04
          
              step - step index within this case
                t0 - time at beginning-of-step in input units
                t1 - time at end-of-step in input units
                dt - length of step in seconds
                 t - end-of-step cumulative time in seconds
              flux - flux in neutrons/cm^2-sec (CALCULATED)
           fluence - cumulative end-of-step fluence in neutrons/cm^2 (CALCULATED)
             power - power in mega-watts (INPUT)     
            energy - cumulative end-of-step energy released in mega-watt-days (INPUT)     
=========================================================================================================================
.
.
.
.
.
*************************************************************************************************************************
********************                                                                                 ********************
********************                                                                                 ********************
********************                    Library information                                          ********************
********************                                                                                 ********************
********************                                                                                 ********************
*************************************************************************************************************************
.
.
=========================================================================================================================
=   Library summary for case 'irrad' (#1/2)                                                                             =
-------------------------------------------------------------------------------------------------------------------------
filename: C:/Users/Teddy/AppData/Local/Temp/scale.Teddy.2180/w17x17_100d.f33 cross-section data taken from position number: 1
library title delimited by {}: 
{}
date library was produced: 538976288/538976288/538976288
total number of nuclides in library: 2237
number of light-element nuclides: 910
number of actinide nuclides: 176
number of fission product nuclides: 1151
number of nonzero off-diagonal matrix elements: 54564
=========================================================================================================================
.
.
*************************************************************************************************************************
********************                                                                                 ********************
********************                                                                                 ********************
********************                    Concentration tables                                         ********************
********************                                                                                 ********************
********************                                                                                 ********************
*************************************************************************************************************************
.
.
=========================================================================================================================
=   Nuclide concentrations in grams for case 'irrad' (#1/2)                                                             =
-------------------------------------------------------------------------------------------------------------------------
  (relative cutoff; integral of concentrations over time >   1.00E-06 % of integral of all concentrations over time)
.
                   0.000d    550.000d   
  h-3          0.0000E+00  2.4614E-02
  he-4         0.0000E+00  6.0544E-01
  u-234        0.0000E+00  9.7787E-01
  u-235        2.8000E+04  1.3775E+04
  u-236        0.0000E+00  2.4723E+03
  u-237        0.0000E+00  5.1889E+00
  u-238        9.7200E+05  9.5963E+05
  u-239        0.0000E+00  4.7250E-01
  np-237       0.0000E+00  1.5965E+02
  np-238       0.0000E+00  3.9880E-01
  np-239       0.0000E+00  6.8252E+01
  pu-238       0.0000E+00  2.8655E+01
  pu-239       0.0000E+00  4.4216E+03
  pu-240       0.0000E+00  1.1541E+03
  pu-241       0.0000E+00  7.1957E+02
  pu-242       0.0000E+00  1.2409E+02
  pu-243       0.0000E+00  2.6698E-02
  am-241       0.0000E+00  1.2638E+01
  am-242m      0.0000E+00  2.1710E-01
  am-242       0.0000E+00  3.3116E-02
  am-243       0.0000E+00  1.0822E+01
  cm-242       0.0000E+00  2.7229E+00
  cm-243       0.0000E+00  3.1932E-02
  cm-244       0.0000E+00  1.5708E+00
  cm-245       0.0000E+00  4.3560E-02
  ge-74        0.0000E+00  2.5266E-02
  as-75        0.0000E+00  6.5179E-02
  ge-76        0.0000E+00  1.7368E-01
  se-77        0.0000E+00  4.2342E-01
  se-78        0.0000E+00  1.1703E+00
  se-79        0.0000E+00  2.5426E+00
  se-80        0.0000E+00  6.7577E+00
  br-81        0.0000E+00  1.1219E+01
  se-82        0.0000E+00  1.7678E+01
  kr-82        0.0000E+00  1.6180E-01
  kr-83        0.0000E+00  2.5120E+01
  kr-84        0.0000E+00  5.6315E+01
  kr-85        0.0000E+00  1.4029E+01
  kr-85m       0.0000E+00  2.7052E-02
  rb-85        0.0000E+00  5.3714E+01
  kr-86        0.0000E+00  1.0171E+02
  sr-86        0.0000E+00  9.7179E-02
  rb-87        0.0000E+00  1.3394E+02
  kr-88        0.0000E+00  4.6143E-02
  sr-88        0.0000E+00  1.8679E+02
  sr-89        0.0000E+00  2.6720E+01
  y-89         0.0000E+00  2.2611E+02
  sr-90        0.0000E+00  3.0200E+02
  y-90         0.0000E+00  7.9334E-02
  zr-90        0.0000E+00  6.0640E+00
  sr-91        0.0000E+00  2.8011E-01
  y-91         0.0000E+00  4.3258E+01
  zr-91        0.0000E+00  2.7982E+02
  sr-92        0.0000E+00  8.5113E-02
  y-92         0.0000E+00  1.1249E-01
  zr-92        0.0000E+00  3.4691E+02
  y-93         0.0000E+00  3.6629E-01
  zr-93        0.0000E+00  3.8028E+02
  zr-94        0.0000E+00  4.0170E+02
  zr-95        0.0000E+00  6.4898E+01
  nb-95        0.0000E+00  3.5372E+01
  nb-95m       0.0000E+00  3.9568E-02
  mo-95        0.0000E+00  3.4264E+02
  zr-96        0.0000E+00  4.2101E+02
  mo-96        0.0000E+00  8.7581E+00
  zr-97        0.0000E+00  7.0102E-01
  nb-97        0.0000E+00  5.0623E-02
  mo-97        0.0000E+00  4.1371E+02
  mo-98        0.0000E+00  4.2096E+02
  mo-99        0.0000E+00  3.0752E+00
  tc-99        0.0000E+00  4.2412E+02
  tc-99m       0.0000E+00  2.4657E-01
  mo-100       0.0000E+00  4.7476E+02
  ru-100       0.0000E+00  2.3519E+01
  ru-101       0.0000E+00  3.9977E+02
  ru-102       0.0000E+00  3.8023E+02
  ru-103       0.0000E+00  3.7126E+01
  rh-103       0.0000E+00  2.4837E+02
  rh-103m      0.0000E+00  3.6443E-02
  ru-104       0.0000E+00  2.4819E+02
  pd-104       0.0000E+00  5.7767E+01
  ru-105       0.0000E+00  1.1722E-01
  rh-105       0.0000E+00  8.6927E-01
  pd-105       0.0000E+00  1.6998E+02
  ru-106       0.0000E+00  8.5857E+01
  pd-106       0.0000E+00  5.8057E+01
  pd-107       0.0000E+00  8.5987E+01
  pd-108       0.0000E+00  5.4139E+01
  pd-109       0.0000E+00  9.4534E-02
  ag-109       0.0000E+00  3.2133E+01
  pd-110       0.0000E+00  1.7632E+01
  ag-110m      0.0000E+00  1.6377E-01
  cd-110       0.0000E+00  6.1680E+00
  ag-111       0.0000E+00  2.5993E-01
  cd-111       0.0000E+00  8.6558E+00
  cd-112       0.0000E+00  4.7142E+00
  cd-113       0.0000E+00  9.4716E-02
  cd-114       0.0000E+00  6.1412E+00
  in-115       0.0000E+00  1.3243E+00
  sn-115       0.0000E+00  1.0931E-01
  cd-116       0.0000E+00  2.4857E+00
  sn-116       0.0000E+00  9.5018E-01
  sn-117       0.0000E+00  2.2857E+00
  sn-118       0.0000E+00  2.1492E+00
  sn-119       0.0000E+00  2.1151E+00
  sn-119m      0.0000E+00  4.0873E-02
  sn-120       0.0000E+00  2.1649E+00
  sn-121m      0.0000E+00  1.7060E-01
  sb-121       0.0000E+00  2.1329E+00
  sn-122       0.0000E+00  2.7419E+00
  te-122       0.0000E+00  6.9456E-02
  sn-123       0.0000E+00  1.2443E-01
  sb-123       0.0000E+00  2.6528E+00
  sn-124       0.0000E+00  4.3863E+00
  te-124       0.0000E+00  4.0855E-02
  sn-125       0.0000E+00  7.1560E-02
  sb-125       0.0000E+00  4.8207E+00
  te-125       0.0000E+00  8.4384E-01
  te-125m      0.0000E+00  5.3884E-02
  sn-126       0.0000E+00  9.3191E+00
  te-126       0.0000E+00  2.4523E-01
  sb-127       0.0000E+00  2.7138E-01
  te-127       0.0000E+00  2.4936E-02
  te-127m      0.0000E+00  6.0132E-01
  i-127        0.0000E+00  2.0597E+01
  te-128       0.0000E+00  4.4634E+01
  xe-128       0.0000E+00  5.4600E-01
  sb-129       0.0000E+00  3.9393E-02
  te-129m      0.0000E+00  1.1869E+00
  i-129        0.0000E+00  7.3581E+01
  te-130       0.0000E+00  1.8827E+02
  xe-130       0.0000E+00  1.4754E+00
  te-131m      0.0000E+00  2.1023E-01
  i-131        0.0000E+00  6.3797E+00
  xe-131       0.0000E+00  2.5302E+02
  xe-131m      0.0000E+00  1.0734E-01
  te-132       0.0000E+00  3.6427E+00
  i-132        0.0000E+00  1.1121E-01
  xe-132       0.0000E+00  5.0012E+02
  te-133m      0.0000E+00  3.2294E-02
  i-133        0.0000E+00  1.4399E+00
  xe-133       0.0000E+00  8.7180E+00
  xe-133m      0.0000E+00  1.1124E-01
  cs-133       0.0000E+00  6.1355E+02
  te-134       0.0000E+00  4.3625E-02
  i-134        0.0000E+00  6.8569E-02
  xe-134       0.0000E+00  7.7431E+02
  cs-134       0.0000E+00  3.6480E+01
  ba-134       0.0000E+00  6.5559E+00
  i-135        0.0000E+00  4.3876E-01
  xe-135       0.0000E+00  1.7684E-01
  cs-135       0.0000E+00  1.8264E+02
  xe-136       0.0000E+00  1.1595E+03
  cs-136       0.0000E+00  2.7082E-01
  ba-136       0.0000E+00  5.1779E+00
  cs-137       0.0000E+00  6.2559E+02
  ba-137       0.0000E+00  1.1152E+01
  cs-138       0.0000E+00  3.7309E-02
  ba-138       0.0000E+00  6.6640E+02
  ba-139       0.0000E+00  8.9086E-02
  la-139       0.0000E+00  6.2997E+02
  ba-140       0.0000E+00  1.9098E+01
  la-140       0.0000E+00  2.5506E+00
  ce-140       0.0000E+00  6.0659E+02
  la-141       0.0000E+00  2.3337E-01
  ce-141       0.0000E+00  4.6174E+01
  pr-141       0.0000E+00  5.4739E+02
  la-142       0.0000E+00  8.7955E-02
  ce-142       0.0000E+00  5.8202E+02
  pr-142       0.0000E+00  2.0196E-02
  nd-142       0.0000E+00  4.8983E+00
  ce-143       0.0000E+00  1.8797E+00
  pr-143       0.0000E+00  1.8444E+01
  nd-143       0.0000E+00  4.7516E+02
  ce-144       0.0000E+00  2.8507E+02
  nd-144       0.0000E+00  3.3392E+02
  pr-145       0.0000E+00  2.3390E-01
  nd-145       0.0000E+00  3.7299E+02
  nd-146       0.0000E+00  3.3348E+02
  nd-147       0.0000E+00  6.3786E+00
  pm-147       0.0000E+00  1.3944E+02
  sm-147       0.0000E+00  2.9935E+01
  nd-148       0.0000E+00  1.8901E+02
  pm-148       0.0000E+00  7.2272E-01
  pm-148m      0.0000E+00  9.9117E-01
  sm-148       0.0000E+00  3.9479E+01
  nd-149       0.0000E+00  2.3888E-02
  pm-149       0.0000E+00  9.5205E-01
  sm-149       0.0000E+00  1.9760E+00
  nd-150       0.0000E+00  8.6482E+01
  sm-150       0.0000E+00  1.4215E+02
  pm-151       0.0000E+00  1.9836E-01
  sm-151       0.0000E+00  8.8553E+00
  sm-152       0.0000E+00  6.5883E+01
  sm-153       0.0000E+00  5.2861E-01
  eu-153       0.0000E+00  4.9640E+01
  sm-154       0.0000E+00  1.5974E+01
  eu-154       0.0000E+00  7.8926E+00
  gd-154       0.0000E+00  3.2548E-01
  eu-155       0.0000E+00  3.4983E+00
  gd-155       0.0000E+00  2.7290E-02
  eu-156       0.0000E+00  1.6904E+00
  gd-156       0.0000E+00  2.1441E+01
  gd-157       0.0000E+00  5.0868E-02
  gd-158       0.0000E+00  5.8188E+00
  tb-159       0.0000E+00  8.7331E-01
  gd-160       0.0000E+00  3.9273E-01
  dy-160       0.0000E+00  2.9729E-02
  dy-161       0.0000E+00  1.3804E-01
  dy-162       0.0000E+00  9.5163E-02
  dy-163       0.0000E+00  5.6455E-02
------------
  totals       1.0000E+06  1.0001E+06
=========================================================================================================================
.
.
=========================================================================================================================
=   History overview for case 'decay' (#2/2)                                                                            =
-------------------------------------------------------------------------------------------------------------------------
   step          t0          t1          dt           t        flux     fluence       power      energy
    (-)         (y)         (y)         (s)         (s)   (n/cm2-s)     (n/cm2)        (MW)       (MWd)
      1      1.5057      2.5057  3.1560E+07  7.9080E+07  0.0000E+00  1.2802E+22  0.0000E+00  1.6263E+04
          
              step - step index within this case
                t0 - time at beginning-of-step in input units
                t1 - time at end-of-step in input units
                dt - length of step in seconds
                 t - end-of-step cumulative time in seconds
              flux - flux in neutrons/cm^2-sec (CALCULATED)
           fluence - cumulative end-of-step fluence in neutrons/cm^2 (CALCULATED)
             power - power in mega-watts (INPUT)     
            energy - cumulative end-of-step energy released in mega-watt-days (INPUT)     
=========================================================================================================================
.
.
.
.
.
*************************************************************************************************************************
********************                                                                                 ********************
********************                                                                                 ********************
********************                    Library information                                          ********************
********************                                                                                 ********************
********************                                                                                 ********************
*************************************************************************************************************************
.
.
=========================================================================================================================
=   Library summary for case 'decay' (#2/2)                                                                             =
-------------------------------------------------------------------------------------------------------------------------
filename: C:/Users/Teddy/AppData/Local/Temp/scale.Teddy.2180/w17x17_100d.f33 cross-section data taken from position number: 1
library title delimited by {}: 
{}
date library was produced: 538976288/538976288/538976288
total number of nuclides in library: 2237
number of light-element nuclides: 910
number of actinide nuclides: 176
number of fission product nuclides: 1151
number of nonzero off-diagonal matrix elements: 54564
=========================================================================================================================
.
.
*************************************************************************************************************************
********************                                                                                 ********************
********************                                                                                 ********************
********************                    Concentration tables                                         ********************
********************                                                                                 ********************
********************                                                                                 ********************
*************************************************************************************************************************
.
.
=========================================================================================================================
=   Nuclide concentrations in grams for case 'decay' (#2/2)                                                             =
-------------------------------------------------------------------------------------------------------------------------
  (relative cutoff; integral of concentrations over time >   1.00E-06 % of integral of all concentrations over time)
.
                   1.506y      2.506y   
  h-3          2.4614E-02  2.3267E-02
  he-4         6.0544E-01  6.5134E-01
  u-234        9.7787E-01  1.2132E+00
  u-235        1.3775E+04  1.3775E+04
  u-236        2.4723E+03  2.4724E+03
  u-237        5.1889E+00  2.1387E-05
  u-238        9.5963E+05  9.5963E+05
  u-239        4.7250E-01  0.0000E+00
  np-237       1.5965E+02  1.6489E+02
  np-238       3.9880E-01  4.0088E-08
  np-239       6.8252E+01  9.3381E-06
  pu-238       2.8655E+01  3.0948E+01
  pu-239       4.4216E+03  4.4902E+03
  pu-240       1.1541E+03  1.1541E+03
  pu-241       7.1957E+02  6.8550E+02
  pu-242       1.2409E+02  1.2409E+02
  pu-243       2.6698E-02  3.0230E-16
  am-241       1.2638E+01  4.6664E+01
  am-242m      2.1710E-01  2.1603E-01
  am-242       3.3116E-02  2.7873E-06
  am-243       1.0822E+01  1.0848E+01
  cm-242       2.7229E+00  5.8193E-01
  cm-243       3.1932E-02  3.1180E-02
  cm-244       1.5708E+00  1.5127E+00
  cm-245       4.3560E-02  4.3557E-02
  ge-74        2.5266E-02  2.5267E-02
  as-75        6.5179E-02  6.5188E-02
  ge-76        1.7368E-01  1.7368E-01
  se-77        4.2342E-01  4.2556E-01
  se-78        1.1703E+00  1.1707E+00
  se-79        2.5426E+00  2.5427E+00
  se-80        6.7577E+00  6.7578E+00
  br-81        1.1219E+01  1.1220E+01
  se-82        1.7678E+01  1.7678E+01
  kr-82        1.6180E-01  1.6298E-01
  kr-83        2.5120E+01  2.5132E+01
  kr-84        5.6315E+01  5.6318E+01
  kr-85        1.4029E+01  1.3159E+01
  kr-85m       2.7052E-02  0.0000E+00
  rb-85        5.3714E+01  5.4611E+01
  kr-86        1.0171E+02  1.0171E+02
  sr-86        9.7179E-02  1.0654E-01
  rb-87        1.3394E+02  1.3396E+02
  kr-88        4.6143E-02  0.0000E+00
  sr-88        1.8679E+02  1.8684E+02
  sr-89        2.6720E+01  1.7816E-01
  y-89         2.2611E+02  2.5265E+02
  sr-90        3.0200E+02  2.9482E+02
  y-90         7.9334E-02  7.4784E-02
  zr-90        6.0640E+00  1.3253E+01
  sr-91        2.8011E-01  0.0000E+00
  y-91         4.3258E+01  5.7504E-01
  zr-91        2.7982E+02  3.2279E+02
  sr-92        8.5113E-02  0.0000E+00
  y-92         1.1249E-01  0.0000E+00
  zr-92        3.4691E+02  3.4711E+02
  y-93         3.6629E-01  0.0000E+00
  zr-93        3.8028E+02  3.8065E+02
  zr-94        4.0170E+02  4.0171E+02
  zr-95        6.4898E+01  1.2445E+00
  nb-95        3.5372E+01  1.5162E+00
  nb-95m       3.9568E-02  8.0318E-04
  mo-95        3.4264E+02  4.4024E+02
  zr-96        4.2101E+02  4.2101E+02
  mo-96        8.7581E+00  8.7606E+00
  zr-97        7.0102E-01  0.0000E+00
  nb-97        5.0623E-02  0.0000E+00
  mo-97        4.1371E+02  4.1447E+02
  mo-98        4.2096E+02  4.2096E+02
  mo-99        3.0752E+00  0.0000E+00
  tc-99        4.2412E+02  4.2744E+02
  tc-99m       2.4657E-01  0.0000E+00
  ru-99        1.5018E-02  1.6531E-02
  mo-100       4.7476E+02  4.7476E+02
  ru-100       2.3519E+01  2.3519E+01
  ru-101       3.9977E+02  3.9979E+02
  ru-102       3.8023E+02  3.8024E+02
  ru-103       3.7126E+01  5.8606E-02
  rh-103       2.4837E+02  2.8547E+02
  rh-103m      3.6443E-02  5.7565E-05
  ru-104       2.4819E+02  2.4820E+02
  pd-104       5.7767E+01  5.7768E+01
  ru-105       1.1722E-01  0.0000E+00
  rh-105       8.6927E-01  0.0000E+00
  pd-105       1.6998E+02  1.7097E+02
  ru-106       8.5857E+01  4.3452E+01
  pd-106       5.8057E+01  1.0046E+02
  pd-107       8.5987E+01  8.5994E+01
  pd-108       5.4139E+01  5.4140E+01
  pd-109       9.4534E-02  0.0000E+00
  ag-109       3.2133E+01  3.2228E+01
  pd-110       1.7632E+01  1.7632E+01
  ag-110m      1.6377E-01  5.9424E-02
  cd-110       6.1680E+00  6.2724E+00
  ag-111       2.5993E-01  4.5296E-16
  cd-111       8.6558E+00  8.9163E+00
  cd-112       4.7142E+00  4.7309E+00
  cd-113       9.4716E-02  9.6456E-02
  cd-114       6.1412E+00  6.1413E+00
  in-115       1.3243E+00  1.3582E+00
  sn-115       1.0931E-01  1.1013E-01
  cd-116       2.4857E+00  2.4857E+00
  sn-116       9.5018E-01  9.5029E-01
  sn-117       2.2857E+00  2.2872E+00
  sn-118       2.1492E+00  2.1494E+00
  sn-119       2.1151E+00  2.1388E+00
  sn-119m      4.0873E-02  1.7225E-02
  sn-120       2.1649E+00  2.1650E+00
  sn-121m      1.7060E-01  1.6793E-01
  sb-121       2.1329E+00  2.1427E+00
  sn-122       2.7419E+00  2.7419E+00
  te-122       6.9456E-02  7.0502E-02
  sn-123       1.2443E-01  1.7532E-02
  sb-123       2.6528E+00  2.7599E+00
  sn-124       4.3863E+00  4.3863E+00
  te-124       4.0855E-02  5.5509E-02
  sn-125       7.1560E-02  2.8053E-13
  sb-125       4.8207E+00  3.8057E+00
  te-125       8.4384E-01  1.9314E+00
  te-125m      5.3884E-02  5.2882E-02
  sn-126       9.3191E+00  9.3190E+00
  te-126       2.4523E-01  2.4894E-01
  sb-127       2.7138E-01  0.0000E+00
  te-127       2.4936E-02  2.2241E-04
  te-127m      6.0132E-01  6.3530E-02
  i-127        2.0597E+01  2.1435E+01
  te-128       4.4634E+01  4.4643E+01
  xe-128       5.4600E-01  5.4606E-01
  sb-129       3.9393E-02  0.0000E+00
  te-129m      1.1869E+00  6.3680E-04
  i-129        7.3581E+01  7.4817E+01
  te-130       1.8827E+02  1.8828E+02
  xe-130       1.4754E+00  1.4791E+00
  te-131m      2.1023E-01  0.0000E+00
  i-131        6.3797E+00  1.3223E-13
  xe-131       2.5302E+02  2.5974E+02
  xe-131m      1.0734E-01  1.7080E-10
  te-132       3.6427E+00  0.0000E+00
  i-132        1.1121E-01  0.0000E+00
  xe-132       5.0012E+02  5.0388E+02
  te-133m      3.2294E-02  0.0000E+00
  i-133        1.4399E+00  0.0000E+00
  xe-133       8.7180E+00  1.1412E-20
  xe-133m      1.1124E-01  0.0000E+00
  cs-133       6.1355E+02  6.2386E+02
  te-134       4.3625E-02  0.0000E+00
  i-134        6.8569E-02  0.0000E+00
  xe-134       7.7431E+02  7.7442E+02
  cs-134       3.6480E+01  2.6080E+01
  ba-134       6.5559E+00  1.6958E+01
  i-135        4.3876E-01  0.0000E+00
  xe-135       1.7684E-01  0.0000E+00
  cs-135       1.8264E+02  1.8326E+02
  ba-135       1.8706E-02  1.8778E-02
  xe-136       1.1595E+03  1.1595E+03
  cs-136       2.7082E-01  1.1941E-09
  ba-136       5.1779E+00  5.4488E+00
  cs-137       6.2559E+02  6.1134E+02
  ba-137       1.1152E+01  2.5404E+01
  cs-138       3.7309E-02  0.0000E+00
  ba-138       6.6640E+02  6.6646E+02
  ba-139       8.9086E-02  0.0000E+00
  la-139       6.2997E+02  6.3007E+02
  ba-140       1.9098E+01  4.5571E-08
  la-140       2.5506E+00  6.9069E-09
  ce-140       6.0659E+02  6.2824E+02
  la-141       2.3337E-01  0.0000E+00
  ce-141       4.6174E+01  1.9240E-02
  pr-141       5.4739E+02  5.9380E+02
  la-142       8.7955E-02  0.0000E+00
  ce-142       5.8202E+02  5.8212E+02
  pr-142       2.0196E-02  0.0000E+00
  nd-142       4.8983E+00  4.9186E+00
  ce-143       1.8797E+00  0.0000E+00
  pr-143       1.8444E+01  1.6204E-07
  nd-143       4.7516E+02  4.9549E+02
  ce-144       2.8507E+02  1.1722E+02
  nd-144       3.3392E+02  5.0177E+02
  pr-145       2.3390E-01  0.0000E+00
  nd-145       3.7299E+02  3.7323E+02
  nd-146       3.3348E+02  3.3350E+02
  nd-147       6.3786E+00  6.1732E-10
  pm-147       1.3944E+02  1.1202E+02
  sm-147       2.9935E+01  6.3739E+01
  nd-148       1.8901E+02  1.8901E+02
  pm-148       7.2272E-01  1.3512E-05
  pm-148m      9.9117E-01  2.1529E-03
  sm-148       3.9479E+01  4.1191E+01
  nd-149       2.3888E-02  0.0000E+00
  pm-149       9.5205E-01  0.0000E+00
  sm-149       1.9760E+00  2.9524E+00
  nd-150       8.6482E+01  8.6482E+01
  sm-150       1.4215E+02  1.4215E+02
  pm-151       1.9836E-01  0.0000E+00
  sm-151       8.8553E+00  8.9857E+00
  eu-151       1.1055E-02  8.0526E-02
  sm-152       6.5883E+01  6.5885E+01
  gd-152       1.2149E-02  1.2278E-02
  sm-153       5.2861E-01  0.0000E+00
  eu-153       4.9640E+01  5.0170E+01
  sm-154       1.5974E+01  1.5974E+01
  eu-154       7.8926E+00  7.2815E+00
  gd-154       3.2548E-01  9.3652E-01
  eu-155       3.4983E+00  3.0240E+00
  gd-155       2.7290E-02  5.0212E-01
  eu-156       1.6904E+00  9.7963E-08
  gd-156       2.1441E+01  2.3140E+01
  gd-157       5.0868E-02  6.0300E-02
  gd-158       5.8188E+00  5.8190E+00
  tb-159       8.7331E-01  8.7640E-01
  gd-160       3.9273E-01  3.9273E-01
  dy-160       2.9729E-02  4.7895E-02
  dy-161       1.3804E-01  1.4367E-01
  dy-162       9.5163E-02  9.5166E-02
  dy-163       5.6455E-02  5.6457E-02
  dy-164       1.2714E-02  1.2714E-02
  ho-165       1.6732E-02  1.6742E-02
------------
  totals       1.0001E+06  1.0001E+06
=========================================================================================================================
.
.
*************************************************************************************************************************
********************                                                                                 ********************
********************                                                                                 ********************
********************                    Written F71 File Information                                 ********************
********************                                                                                 ********************
********************                                                                                 ********************
*************************************************************************************************************************
.
.
   pos         time        power         flux      fluence       energy libpos   case   step DCGNAB
   (-)          (s)         (MW)    (n/cm2-s)      (n/cm2)        (MWd)    (-)    (-)    (-)    (-)
     1  4.75200e+07  0.00000e+00  0.00000e+00  1.28019e+22  1.62626e+04      1      2      0 DC----
     2  7.90800e+07  0.00000e+00  0.00000e+00  1.28019e+22  1.62626e+04      1      2      1 DC----
    D - state definition present
    C - concentrations present
    G - gamma emission spectra present
    N - neutron emission spectra present
    A - alpha emission spectra present
    B - beta emission spectra present
.
.
.
=========================================================================================================================
ORIGEN finished successfully.
=========================================================================================================================
    module origen used 0.396444 seconds cpu time for the current pass.

    module origen is finished. completion code    0. total cpu time used 3.26573e-006 seconds.


    SCALE is finished on Wed Feb 13 18:28:06 2019.
-------------------------- Summary --------------------------
arp finished. used 1.83809 seconds.
origen finished. used 0.40185 seconds.
SCALE driver required a maximum of 8.305 MiB of RAM.
------------------------ End Summary ------------------------

w17x17_100d.f33 copied to C:\Users\Teddy\Desktop\scale_test\output\w17x17_100d.f33.
discharge.f71 copied to C:\Users\Teddy\Desktop\scale_test\output\discharge.f71.
