 *******************************************************************************
 *                                                                             *
 *                                 SCALE 6.2.2                                 *
 *                                -------------                                *
 *                                February 2019                                *
 *                                                                             *
 *           SCALE:  A Comprehensive Modeling and Simulation Suite             *
 *                   for Nuclear Safety Analysis and Design                    *
 *                                                                             *
 *                      Reactor and Nuclear Systems Division                   *
 *                        Oak Ridge National Laboratory                        *
 *                                                                             *
 *                           http://scale.ornl.gov                             *
 *                            scalehelp@ornl.gov                               *
 *                                                                             *
 *******************************************************************************
 *******************************************************************************
      
                  Job Information
                  ---------------
      Job started on DESKTOP-J14NAA6 on Wed 13/02/2019 18:28:13
      Working directory: C:\Users\Teddy\AppData\Local\Temp\scale.Teddy.8924
      Input file name  : C:\Users\Teddy\Desktop\scale_test\output\2.800000_18383.838384.inp
      Output file name : C:\Users\Teddy\Desktop\scale_test\output\2.800000_18383.838384.out
      SCALE executable : C:\SCALE-6.2.2/bin/scale
      
 *******************************************************************************


    module arp will be called on Wed Feb 13 18:28:13 2019.
    sequence specification record:=arp
Input Data:

      'library type
      w17x17
      2.800000
      ' num cycles
      1
      ' num days per cycle
      550
      ' cycle average specific power (MW / MTU)
      33.425161
      ' number of interpolated cross section sets generated per cycle
      1
      ' moderator density (g/cc)
      0.723
      ' interpolated output ORIGEN library
      w17x17_100d.f33
end

1






        ************************************************************************************************************************
        ************************************************************************************************************************
        ************************************************************************************************************************
        *****                                                                                                              *****
        *****                                       program verification information                                       *****
        *****                                                                                                              *****
        *****                                   code system:  SCALE    version:  6.2                                       *****
        *****                                                                                                              *****
        ************************************************************************************************************************
        ************************************************************************************************************************
        *****                                                                                                              *****
        *****                                                                                                              *****
        *****              program:  arp.exe                                                                               *****
        *****                                                                                                              *****
        *****        creation date:   unknown                                                                              *****
        *****                                                                                                              *****
        *****              library:  C:\SCALE-6.2.2\bin                                                                    *****
        *****                                                                                                              *****
        *****                                                                                                              *****
        *****            prod code:  arp.exe                                                                               *****
        *****                                                                                                              *****
        *****              version:  6.2.2                                                                                 *****
        *****                                                                                                              *****
        *****              jobname:  Teddy                                                                                 *****
        *****                                                                                                              *****
        *****         machine name:  DESKTOP-J14NAA6                                                                       *****
        *****                                                                                                              *****
        *****    date of execution:  13_feb_2019                                                                           *****
        *****                                                                                                              *****
        *****    time of execution:  18:28:13.65                                                                           *****
        *****                                                                                                              *****
        *****                                                                                                              *****
        ************************************************************************************************************************
        ************************************************************************************************************************
        ************************************************************************************************************************


 'library type
    data library:       w17x17
       directory:       C:/SCALE-6.2.2/data/\arplibs
       definition:      C:/SCALE-6.2.2/data/\arpdata.txt
    u-235 enrichment:                        2.800

 ' num cycles
    number of cycles:                            1

 ' num days per cycle

 ' cycle average specific power (MW / MTU)

 ' number of interpolated cross section sets generated per cycle

 ' moderator density (g/cc)
    water density (g/cm3):                  0.7230
                                         cycle        cumulative      midpoint
   cycle time(d)        power(MW)      burnup(MWd/MTU)burnup(MWd/MTU)burnup(MWd/MTU)nlib
     1    550.000        33.4252        18383.8        18383.8        9191.92             1

 ' interpolated output ORIGEN library
    interpolated library name:                   w17x17_100d.f33
 interpolation type: spline
 Cross section library interpolation completed.
.
.
.
=========================================================================================================================
ARP finished successfully.
=========================================================================================================================
    module arp used 1.8746 seconds cpu time for the current pass.

    module arp is finished. completion code    0. total cpu time used 1.07303e-005 seconds.



    module origen will be called on Wed Feb 13 18:28:15 2019.
    sequence specification record:=origen
Input Data:

      case(irrad) {
          lib{
              file="w17x17_100d.f33" pos=1
          }
          mat {
              units=GRAMS
              iso=[u235=28000.000000 u238=972000.000000]
          }
          time = [ 550 ]
          power = [ 33.425161 ]
      }
      case (decay) {
          time {
              units=YEARS
              start=0
              t=[1]
          }
          save{ file="discharge.f71" steps=[0 LAST]}
      }
end

1






        ************************************************************************************************************************
        ************************************************************************************************************************
        ************************************************************************************************************************
        *****                                                                                                              *****
        *****                                       program verification information                                       *****
        *****                                                                                                              *****
        *****                                   code system:  SCALE    version:  6.2                                       *****
        *****                                                                                                              *****
        ************************************************************************************************************************
        ************************************************************************************************************************
        *****                                                                                                              *****
        *****                                                                                                              *****
        *****              program:  origen.exe                                                                            *****
        *****                                                                                                              *****
        *****        creation date:   unknown                                                                              *****
        *****                                                                                                              *****
        *****              library:  C:\SCALE-6.2.2\bin                                                                    *****
        *****                                                                                                              *****
        *****                                                                                                              *****
        *****            prod code:  origen.exe                                                                            *****
        *****                                                                                                              *****
        *****              version:  6.2.2                                                                                 *****
        *****                                                                                                              *****
        *****              jobname:  Teddy                                                                                 *****
        *****                                                                                                              *****
        *****         machine name:  DESKTOP-J14NAA6                                                                       *****
        *****                                                                                                              *****
        *****    date of execution:  13_feb_2019                                                                           *****
        *****                                                                                                              *****
        *****    time of execution:  18:28:15.53                                                                           *****
        *****                                                                                                              *****
        *****                                                                                                              *****
        ************************************************************************************************************************
        ************************************************************************************************************************
        ************************************************************************************************************************

*************************************************************************************************************************
********************                                                                                 ********************
********************                                                                                 ********************
********************                    USER INPUT SUMMARY                                           ********************
********************                                                                                 ********************
********************                                                                                 ********************
*************************************************************************************************************************
.
.
=========================================================================================================================
=   Case "irrad" (#1/2)                                                                                                 =
-------------------------------------------------------------------------------------------------------------------------
###   Library settings                                                                                                ###
.
                                Library file name:     C:/Users/Teddy/AppData/Local/Temp/scale.Teddy.8924/w17x17_100d.f33
                             Library set position:              1
                 Fission product reaction removal:             no
-------------------------------------------------------------------------------------------------------------------------
###   Global settings                                                                                                 ###
.
                                           Solver:              MATREX
                                             Mode:        forward
                             Fixed fission energy:             no
-------------------------------------------------------------------------------------------------------------------------
###   Concentrations output options                                                                                   ###
.
                            High-precision output:             no
                                  Relative cutoff:            yes
                         Step for applying cutoff:       integral
.
                      light els.   actinides  fis.prods.       total
                       nuc    el   nuc    el   nuc    el   nuc    el             cutoff
gram-atoms                                                                    1.000E-06
grams                                                      **                 1.000E-06
curies                                                                        1.000E-06
watts                                                                         1.000E-06
gamma watts                                                                   1.000E-06
m3 air                                                                        1.000E-06
m3 water                                                                      1.000E-06
grams ppm                                                                     1.000E-06
atoms ppm                                                                     1.000E-06
atoms/barn-cm                                                                 1.000E-06
becquerels                                                                    1.000E-06
-------------------------------------------------------------------------------------------------------------------------
###   Additional output options                                                                                       ###
.
                                      Print k-inf:             no
           Nuclides for absorption fraction print:           none
                              Print fission rates:             no
            Step for sorting absorption fractions:              1
=========================================================================================================================
=   Case "decay" (#2/2)                                                                                                 =
-------------------------------------------------------------------------------------------------------------------------
###   Library settings                                                                                                ###
.
                                Library file name:     C:/Users/Teddy/AppData/Local/Temp/scale.Teddy.8924/w17x17_100d.f33
                             Library set position:              1
                 Fission product reaction removal:             no
-------------------------------------------------------------------------------------------------------------------------
###   Global settings                                                                                                 ###
.
                                           Solver:              MATREX
                                             Mode:        forward
                             Fixed fission energy:             no
-------------------------------------------------------------------------------------------------------------------------
###   Concentrations output options                                                                                   ###
.
                            High-precision output:             no
                                  Relative cutoff:            yes
                         Step for applying cutoff:       integral
.
                      light els.   actinides  fis.prods.       total
                       nuc    el   nuc    el   nuc    el   nuc    el             cutoff
gram-atoms                                                                    1.000E-06
grams                                                      **                 1.000E-06
curies                                                                        1.000E-06
watts                                                                         1.000E-06
gamma watts                                                                   1.000E-06
m3 air                                                                        1.000E-06
m3 water                                                                      1.000E-06
grams ppm                                                                     1.000E-06
atoms ppm                                                                     1.000E-06
atoms/barn-cm                                                                 1.000E-06
becquerels                                                                    1.000E-06
-------------------------------------------------------------------------------------------------------------------------
###   Additional output options                                                                                       ###
.
                                      Print k-inf:             no
           Nuclides for absorption fraction print:           none
                              Print fission rates:             no
            Step for sorting absorption fractions:              1
=========================================================================================================================
###   Blending information                                                                                            ###
.
  --- no blending requested in this job ---
=========================================================================================================================
.
.
=========================================================================================================================
=   History overview for case 'irrad' (#1/2)                                                                            =
-------------------------------------------------------------------------------------------------------------------------
   step          t0          t1          dt           t        flux     fluence       power      energy
    (-)         (d)         (d)         (s)         (s)   (n/cm2-s)     (n/cm2)        (MW)       (MWd)
      1      0.0000    550.0000  4.7520E+07  4.7520E+07  3.0882E+14  1.4675E+22  3.3425E+01  1.8384E+04
          
              step - step index within this case
                t0 - time at beginning-of-step in input units
                t1 - time at end-of-step in input units
                dt - length of step in seconds
                 t - end-of-step cumulative time in seconds
              flux - flux in neutrons/cm^2-sec (CALCULATED)
           fluence - cumulative end-of-step fluence in neutrons/cm^2 (CALCULATED)
             power - power in mega-watts (INPUT)     
            energy - cumulative end-of-step energy released in mega-watt-days (INPUT)     
=========================================================================================================================
.
.
.
.
.
*************************************************************************************************************************
********************                                                                                 ********************
********************                                                                                 ********************
********************                    Library information                                          ********************
********************                                                                                 ********************
********************                                                                                 ********************
*************************************************************************************************************************
.
.
=========================================================================================================================
=   Library summary for case 'irrad' (#1/2)                                                                             =
-------------------------------------------------------------------------------------------------------------------------
filename: C:/Users/Teddy/AppData/Local/Temp/scale.Teddy.8924/w17x17_100d.f33 cross-section data taken from position number: 1
library title delimited by {}: 
{}
date library was produced: 538976288/538976288/538976288
total number of nuclides in library: 2237
number of light-element nuclides: 910
number of actinide nuclides: 176
number of fission product nuclides: 1151
number of nonzero off-diagonal matrix elements: 54564
=========================================================================================================================
.
.
*************************************************************************************************************************
********************                                                                                 ********************
********************                                                                                 ********************
********************                    Concentration tables                                         ********************
********************                                                                                 ********************
********************                                                                                 ********************
*************************************************************************************************************************
.
.
=========================================================================================================================
=   Nuclide concentrations in grams for case 'irrad' (#1/2)                                                             =
-------------------------------------------------------------------------------------------------------------------------
  (relative cutoff; integral of concentrations over time >   1.00E-06 % of integral of all concentrations over time)
.
                   0.000d    550.000d   
  h-3          0.0000E+00  2.8287E-02
  he-4         0.0000E+00  6.9363E-01
  u-234        0.0000E+00  1.0800E+00
  u-235        2.8000E+04  1.2486E+04
  u-236        0.0000E+00  2.6792E+03
  u-237        0.0000E+00  6.2708E+00
  u-238        9.7200E+05  9.5783E+05
  u-239        0.0000E+00  5.4037E-01
  np-237       0.0000E+00  1.8949E+02
  np-238       0.0000E+00  5.3928E-01
  np-239       0.0000E+00  7.8040E+01
  pu-238       0.0000E+00  3.8534E+01
  pu-239       0.0000E+00  4.6058E+03
  pu-240       0.0000E+00  1.3085E+03
  pu-241       0.0000E+00  8.6205E+02
  pu-242       0.0000E+00  1.7242E+02
  pu-243       0.0000E+00  4.2462E-02
  am-241       0.0000E+00  1.4919E+01
  am-242m      0.0000E+00  2.5593E-01
  am-242       0.0000E+00  4.4305E-02
  am-243       0.0000E+00  1.7270E+01
  cm-242       0.0000E+00  3.7321E+00
  cm-243       0.0000E+00  4.9977E-02
  cm-244       0.0000E+00  2.9112E+00
  cm-245       0.0000E+00  9.0785E-02
  ge-74        0.0000E+00  2.8928E-02
  as-75        0.0000E+00  7.3685E-02
  ge-76        0.0000E+00  1.9545E-01
  se-77        0.0000E+00  4.7403E-01
  se-78        0.0000E+00  1.3190E+00
  se-79        0.0000E+00  2.8592E+00
  se-80        0.0000E+00  7.5651E+00
  br-81        0.0000E+00  1.2583E+01
  se-82        0.0000E+00  1.9801E+01
  kr-82        0.0000E+00  2.0695E-01
  kr-83        0.0000E+00  2.7539E+01
  kr-84        0.0000E+00  6.3242E+01
  kr-85        0.0000E+00  1.5600E+01
  kr-85m       0.0000E+00  2.9275E-02
  rb-85        0.0000E+00  5.9691E+01
  kr-86        0.0000E+00  1.1294E+02
  sr-86        0.0000E+00  1.2458E-01
  rb-87        0.0000E+00  1.4870E+02
  kr-88        0.0000E+00  4.9689E-02
  sr-88        0.0000E+00  2.0722E+02
  sr-89        0.0000E+00  2.8775E+01
  y-89         0.0000E+00  2.5201E+02
  sr-90        0.0000E+00  3.3483E+02
  y-90         0.0000E+00  8.8396E-02
  zr-90        0.0000E+00  6.8174E+00
  sr-91        0.0000E+00  3.0323E-01
  y-91         0.0000E+00  4.7179E+01
  zr-91        0.0000E+00  3.1191E+02
  sr-92        0.0000E+00  9.2596E-02
  y-92         0.0000E+00  1.2238E-01
  zr-92        0.0000E+00  3.8666E+02
  y-93         0.0000E+00  4.0083E-01
  zr-93        0.0000E+00  4.2486E+02
  zr-94        0.0000E+00  4.5010E+02
  zr-95        0.0000E+00  7.1940E+01
  nb-95        0.0000E+00  3.9198E+01
  nb-95m       0.0000E+00  4.3865E-02
  mo-95        0.0000E+00  3.8402E+02
  zr-96        0.0000E+00  4.7319E+02
  mo-96        0.0000E+00  1.1260E+01
  zr-97        0.0000E+00  7.7910E-01
  nb-97        0.0000E+00  5.6277E-02
  mo-97        0.0000E+00  4.6627E+02
  mo-98        0.0000E+00  4.7601E+02
  mo-99        0.0000E+00  3.4373E+00
  tc-99        0.0000E+00  4.7642E+02
  tc-99m       0.0000E+00  2.7569E-01
  mo-100       0.0000E+00  5.3754E+02
  ru-100       0.0000E+00  3.0269E+01
  ru-101       0.0000E+00  4.5245E+02
  ru-102       0.0000E+00  4.3546E+02
  ru-103       0.0000E+00  4.2668E+01
  rh-103       0.0000E+00  2.8073E+02
  rh-103m      0.0000E+00  4.1885E-02
  ru-104       0.0000E+00  2.8995E+02
  pd-104       0.0000E+00  7.4867E+01
  ru-105       0.0000E+00  1.3806E-01
  rh-105       0.0000E+00  1.0142E+00
  pd-105       0.0000E+00  1.9877E+02
  ru-106       0.0000E+00  1.0318E+02
  pd-106       0.0000E+00  7.2115E+01
  pd-107       0.0000E+00  1.0425E+02
  pd-108       0.0000E+00  6.6280E+01
  pd-109       0.0000E+00  1.1629E-01
  ag-109       0.0000E+00  3.8804E+01
  pd-110       0.0000E+00  2.1602E+01
  ag-110m      0.0000E+00  2.2062E-01
  cd-110       0.0000E+00  8.5597E+00
  ag-111       0.0000E+00  3.1580E-01
  cd-111       0.0000E+00  1.0552E+01
  cd-112       0.0000E+00  5.6798E+00
  cd-113       0.0000E+00  9.9271E-02
  cd-114       0.0000E+00  7.2712E+00
  cd-115m      0.0000E+00  2.1259E-02
  in-115       0.0000E+00  1.4434E+00
  sn-115       0.0000E+00  1.2678E-01
  cd-116       0.0000E+00  2.8934E+00
  sn-116       0.0000E+00  1.2074E+00
  sn-117       0.0000E+00  2.6541E+00
  sn-118       0.0000E+00  2.4881E+00
  sn-119       0.0000E+00  2.4413E+00
  sn-119m      0.0000E+00  4.7136E-02
  sn-120       0.0000E+00  2.5001E+00
  sn-121m      0.0000E+00  1.9790E-01
  sb-121       0.0000E+00  2.4565E+00
  sn-122       0.0000E+00  3.1731E+00
  te-122       0.0000E+00  9.1649E-02
  sn-123       0.0000E+00  1.4700E-01
  sb-123       0.0000E+00  3.0564E+00
  sn-124       0.0000E+00  5.0722E+00
  te-124       0.0000E+00  5.3701E-02
  sn-125       0.0000E+00  8.2855E-02
  sb-125       0.0000E+00  5.5937E+00
  te-125       0.0000E+00  9.8071E-01
  te-125m      0.0000E+00  6.2592E-02
  sn-126       0.0000E+00  1.0836E+01
  te-126       0.0000E+00  2.8078E-01
  sb-127       0.0000E+00  3.1187E-01
  te-127       0.0000E+00  2.8480E-02
  te-127m      0.0000E+00  6.4457E-01
  i-127        0.0000E+00  2.3713E+01
  te-128       0.0000E+00  5.1481E+01
  xe-128       0.0000E+00  7.2296E-01
  sb-129       0.0000E+00  4.5098E-02
  te-129m      0.0000E+00  1.3572E+00
  i-129        0.0000E+00  8.4814E+01
  te-130       0.0000E+00  2.1398E+02
  xe-130       0.0000E+00  1.9274E+00
  te-131m      0.0000E+00  2.3923E-01
  i-131        0.0000E+00  7.1805E+00
  xe-131       0.0000E+00  2.8118E+02
  xe-131m      0.0000E+00  1.2157E-01
  te-132       0.0000E+00  4.0891E+00
  i-132        0.0000E+00  1.2497E-01
  xe-132       0.0000E+00  5.7552E+02
  te-133m      0.0000E+00  3.5867E-02
  i-133        0.0000E+00  1.6102E+00
  xe-133       0.0000E+00  9.7479E+00
  xe-133m      0.0000E+00  1.2483E-01
  cs-133       0.0000E+00  6.8773E+02
  te-134       0.0000E+00  4.8314E-02
  i-134        0.0000E+00  7.6513E-02
  xe-134       0.0000E+00  8.7550E+02
  cs-134       0.0000E+00  4.6688E+01
  ba-134       0.0000E+00  8.4327E+00
  i-135        0.0000E+00  4.9136E-01
  xe-135       0.0000E+00  1.8035E-01
  cs-135       0.0000E+00  1.8898E+02
  ba-135       0.0000E+00  2.7523E-02
  xe-136       0.0000E+00  1.3343E+03
  cs-136       0.0000E+00  3.1957E-01
  ba-136       0.0000E+00  6.1795E+00
  cs-137       0.0000E+00  7.0851E+02
  ba-137       0.0000E+00  1.2683E+01
  cs-138       0.0000E+00  4.1551E-02
  ba-138       0.0000E+00  7.5210E+02
  ba-139       0.0000E+00  9.9192E-02
  la-139       0.0000E+00  7.1001E+02
  ba-140       0.0000E+00  2.1243E+01
  la-140       0.0000E+00  2.8431E+00
  ce-140       0.0000E+00  6.8569E+02
  ba-141       0.0000E+00  2.0015E-02
  la-141       0.0000E+00  2.5945E-01
  ce-141       0.0000E+00  5.1292E+01
  pr-141       0.0000E+00  6.1842E+02
  la-142       0.0000E+00  9.7573E-02
  ce-142       0.0000E+00  6.5598E+02
  pr-142       0.0000E+00  2.6021E-02
  nd-142       0.0000E+00  6.3340E+00
  ce-143       0.0000E+00  2.0783E+00
  pr-143       0.0000E+00  2.0379E+01
  nd-143       0.0000E+00  5.2216E+02
  ce-144       0.0000E+00  3.1863E+02
  nd-144       0.0000E+00  3.8876E+02
  pr-145       0.0000E+00  2.5916E-01
  nd-145       0.0000E+00  4.1612E+02
  nd-146       0.0000E+00  3.7922E+02
  nd-147       0.0000E+00  7.1018E+00
  pm-147       0.0000E+00  1.5080E+02
  sm-147       0.0000E+00  3.2418E+01
  nd-148       0.0000E+00  2.1435E+02
  pm-148       0.0000E+00  8.8351E-01
  pm-148m      0.0000E+00  1.0990E+00
  sm-148       0.0000E+00  4.8609E+01
  nd-149       0.0000E+00  2.6953E-02
  pm-149       0.0000E+00  1.1036E+00
  sm-149       0.0000E+00  2.0161E+00
  nd-150       0.0000E+00  9.8884E+01
  sm-150       0.0000E+00  1.6388E+02
  pm-151       0.0000E+00  2.2726E-01
  sm-151       0.0000E+00  9.2271E+00
  sm-152       0.0000E+00  7.3120E+01
  sm-153       0.0000E+00  6.5247E-01
  eu-153       0.0000E+00  5.9031E+01
  sm-154       0.0000E+00  1.8873E+01
  eu-154       0.0000E+00  1.0012E+01
  gd-154       0.0000E+00  4.1592E-01
  eu-155       0.0000E+00  4.1852E+00
  gd-155       0.0000E+00  2.9061E-02
  eu-156       0.0000E+00  2.2440E+00
  gd-156       0.0000E+00  2.7844E+01
  gd-157       0.0000E+00  5.7471E-02
  gd-158       0.0000E+00  7.2475E+00
  tb-159       0.0000E+00  1.0697E+00
  gd-160       0.0000E+00  4.8123E-01
  tb-160       0.0000E+00  2.5806E-02
  dy-160       0.0000E+00  4.0147E-02
  dy-161       0.0000E+00  1.6523E-01
  dy-162       0.0000E+00  1.1702E-01
  dy-163       0.0000E+00  7.2477E-02
  ho-165       0.0000E+00  2.2201E-02
------------
  totals       1.0000E+06  1.0001E+06
=========================================================================================================================
.
.
=========================================================================================================================
=   History overview for case 'decay' (#2/2)                                                                            =
-------------------------------------------------------------------------------------------------------------------------
   step          t0          t1          dt           t        flux     fluence       power      energy
    (-)         (y)         (y)         (s)         (s)   (n/cm2-s)     (n/cm2)        (MW)       (MWd)
      1      1.5057      2.5057  3.1560E+07  7.9080E+07  0.0000E+00  1.4675E+22  0.0000E+00  1.8384E+04
          
              step - step index within this case
                t0 - time at beginning-of-step in input units
                t1 - time at end-of-step in input units
                dt - length of step in seconds
                 t - end-of-step cumulative time in seconds
              flux - flux in neutrons/cm^2-sec (CALCULATED)
           fluence - cumulative end-of-step fluence in neutrons/cm^2 (CALCULATED)
             power - power in mega-watts (INPUT)     
            energy - cumulative end-of-step energy released in mega-watt-days (INPUT)     
=========================================================================================================================
.
.
.
.
.
*************************************************************************************************************************
********************                                                                                 ********************
********************                                                                                 ********************
********************                    Library information                                          ********************
********************                                                                                 ********************
********************                                                                                 ********************
*************************************************************************************************************************
.
.
=========================================================================================================================
=   Library summary for case 'decay' (#2/2)                                                                             =
-------------------------------------------------------------------------------------------------------------------------
filename: C:/Users/Teddy/AppData/Local/Temp/scale.Teddy.8924/w17x17_100d.f33 cross-section data taken from position number: 1
library title delimited by {}: 
{}
date library was produced: 538976288/538976288/538976288
total number of nuclides in library: 2237
number of light-element nuclides: 910
number of actinide nuclides: 176
number of fission product nuclides: 1151
number of nonzero off-diagonal matrix elements: 54564
=========================================================================================================================
.
.
*************************************************************************************************************************
********************                                                                                 ********************
********************                                                                                 ********************
********************                    Concentration tables                                         ********************
********************                                                                                 ********************
********************                                                                                 ********************
*************************************************************************************************************************
.
.
=========================================================================================================================
=   Nuclide concentrations in grams for case 'decay' (#2/2)                                                             =
-------------------------------------------------------------------------------------------------------------------------
  (relative cutoff; integral of concentrations over time >   1.00E-06 % of integral of all concentrations over time)
.
                   1.506y      2.506y   
  h-3          2.8287E-02  2.6740E-02
  he-4         6.9363E-01  7.5557E-01
  u-234        1.0800E+00  1.3967E+00
  u-235        1.2486E+04  1.2486E+04
  u-236        2.6792E+03  2.6793E+03
  u-237        6.2708E+00  2.5621E-05
  u-238        9.5783E+05  9.5783E+05
  u-239        5.4037E-01  0.0000E+00
  np-237       1.8949E+02  1.9581E+02
  np-238       5.3928E-01  4.7259E-08
  np-239       7.8040E+01  1.4901E-05
  pu-238       3.8534E+01  4.1674E+01
  pu-239       4.6058E+03  4.6842E+03
  pu-240       1.3085E+03  1.3085E+03
  pu-241       8.6205E+02  8.2123E+02
  pu-242       1.7242E+02  1.7242E+02
  pu-243       4.2462E-02  8.4001E-16
  am-241       1.4919E+01  5.5682E+01
  am-242m      2.5593E-01  2.5468E-01
  am-242       4.4305E-02  3.2859E-06
  am-243       1.7270E+01  1.7311E+01
  cm-242       3.7321E+00  7.9734E-01
  cm-243       4.9977E-02  4.8801E-02
  cm-244       2.9112E+00  2.8035E+00
  cm-245       9.0785E-02  9.0777E-02
  ge-73        1.1257E-02  1.1263E-02
  ge-74        2.8928E-02  2.8929E-02
  as-75        7.3685E-02  7.3696E-02
  ge-76        1.9545E-01  1.9545E-01
  se-77        4.7403E-01  4.7639E-01
  se-78        1.3190E+00  1.3194E+00
  se-79        2.8592E+00  2.8593E+00
  se-80        7.5651E+00  7.5651E+00
  br-81        1.2583E+01  1.2584E+01
  se-82        1.9801E+01  1.9801E+01
  kr-82        2.0695E-01  2.0845E-01
  kr-83        2.7539E+01  2.7552E+01
  kr-84        6.3242E+01  6.3245E+01
  kr-85        1.5600E+01  1.4632E+01
  kr-85m       2.9275E-02  0.0000E+00
  rb-85        5.9691E+01  6.0688E+01
  kr-86        1.1294E+02  1.1294E+02
  sr-86        1.2458E-01  1.3649E-01
  rb-87        1.4870E+02  1.4872E+02
  kr-88        4.9689E-02  0.0000E+00
  sr-88        2.0722E+02  2.0727E+02
  sr-89        2.8775E+01  1.9186E-01
  y-89         2.5201E+02  2.8060E+02
  sr-90        3.3483E+02  3.2687E+02
  y-90         8.8396E-02  8.2914E-02
  zr-90        6.8174E+00  1.4789E+01
  sr-91        3.0323E-01  0.0000E+00
  y-91         4.7179E+01  6.2713E-01
  zr-91        3.1191E+02  3.5878E+02
  sr-92        9.2596E-02  0.0000E+00
  y-92         1.2238E-01  0.0000E+00
  zr-92        3.8666E+02  3.8687E+02
  y-93         4.0083E-01  0.0000E+00
  zr-93        4.2486E+02  4.2527E+02
  zr-94        4.5010E+02  4.5011E+02
  zr-95        7.1940E+01  1.3796E+00
  nb-95        3.9198E+01  1.6807E+00
  nb-95m       4.3865E-02  8.9034E-04
  mo-95        3.8402E+02  4.9220E+02
  zr-96        4.7319E+02  4.7319E+02
  mo-96        1.1260E+01  1.1263E+01
  zr-97        7.7910E-01  0.0000E+00
  nb-97        5.6277E-02  0.0000E+00
  mo-97        4.6627E+02  4.6711E+02
  mo-98        4.7601E+02  4.7601E+02
  mo-99        3.4373E+00  0.0000E+00
  tc-99        4.7642E+02  4.8014E+02
  tc-99m       2.7569E-01  0.0000E+00
  ru-99        1.6923E-02  1.8621E-02
  mo-100       5.3754E+02  5.3754E+02
  ru-100       3.0269E+01  3.0269E+01
  ru-101       4.5245E+02  4.5247E+02
  ru-102       4.3546E+02  4.3547E+02
  ru-103       4.2668E+01  6.7354E-02
  rh-103       2.8073E+02  3.2338E+02
  rh-103m      4.1885E-02  6.6159E-05
  ru-104       2.8995E+02  2.8996E+02
  pd-104       7.4867E+01  7.4868E+01
  ru-105       1.3806E-01  0.0000E+00
  rh-105       1.0142E+00  0.0000E+00
  pd-105       1.9877E+02  1.9993E+02
  ru-106       1.0318E+02  5.2219E+01
  pd-106       7.2115E+01  1.2307E+02
  pd-107       1.0425E+02  1.0426E+02
  pd-108       6.6280E+01  6.6281E+01
  pd-109       1.1629E-01  0.0000E+00
  ag-109       3.8804E+01  3.8921E+01
  pd-110       2.1602E+01  2.1602E+01
  ag-110m      2.2062E-01  8.0054E-02
  cd-110       8.5597E+00  8.7002E+00
  ag-111       3.1580E-01  5.5032E-16
  cd-111       1.0552E+01  1.0868E+01
  cd-112       5.6798E+00  5.6997E+00
  cd-113       9.9271E-02  1.0134E-01
  cd-114       7.2712E+00  7.2712E+00
  cd-115m      2.1259E-02  7.2440E-05
  in-115       1.4434E+00  1.4828E+00
  sn-115       1.2678E-01  1.2774E-01
  cd-116       2.8934E+00  2.8934E+00
  sn-116       1.2074E+00  1.2076E+00
  sn-117       2.6541E+00  2.6558E+00
  sn-118       2.4881E+00  2.4884E+00
  sn-119       2.4413E+00  2.4687E+00
  sn-119m      4.7136E-02  1.9864E-02
  sn-120       2.5001E+00  2.5001E+00
  sn-121m      1.9790E-01  1.9480E-01
  sb-121       2.4565E+00  2.4678E+00
  sn-122       3.1731E+00  3.1732E+00
  te-122       9.1649E-02  9.3029E-02
  sn-123       1.4700E-01  2.0713E-02
  sb-123       3.0564E+00  3.1829E+00
  sn-124       5.0722E+00  5.0722E+00
  te-124       5.3701E-02  7.2967E-02
  sn-125       8.2855E-02  3.2481E-13
  sb-125       5.5937E+00  4.4159E+00
  te-125       9.8071E-01  2.2427E+00
  te-125m      6.2592E-02  6.1361E-02
  sn-126       1.0836E+01  1.0836E+01
  te-126       2.8078E-01  2.8504E-01
  sb-127       3.1187E-01  0.0000E+00
  te-127       2.8480E-02  2.3966E-04
  te-127m      6.4457E-01  6.8455E-02
  i-127        2.3713E+01  2.4633E+01
  te-128       5.1481E+01  5.1492E+01
  xe-128       7.2296E-01  7.2303E-01
  sb-129       4.5098E-02  0.0000E+00
  te-129m      1.3572E+00  7.2820E-04
  i-129        8.4814E+01  8.6228E+01
  te-130       2.1398E+02  2.1399E+02
  xe-130       1.9274E+00  1.9323E+00
  te-131m      2.3923E-01  0.0000E+00
  i-131        7.1805E+00  1.4889E-13
  xe-131       2.8118E+02  2.8875E+02
  xe-131m      1.2157E-01  1.9268E-10
  te-132       4.0891E+00  0.0000E+00
  i-132        1.2497E-01  0.0000E+00
  xe-132       5.7552E+02  5.7974E+02
  te-133m      3.5867E-02  0.0000E+00
  i-133        1.6102E+00  0.0000E+00
  xe-133       9.7479E+00  1.2760E-20
  xe-133m      1.2483E-01  0.0000E+00
  cs-133       6.8773E+02  6.9926E+02
  te-134       4.8314E-02  0.0000E+00
  i-134        7.6513E-02  0.0000E+00
  xe-134       8.7550E+02  8.7563E+02
  cs-134       4.6688E+01  3.3378E+01
  ba-134       8.4327E+00  2.1746E+01
  i-135        4.9136E-01  0.0000E+00
  xe-135       1.8035E-01  0.0000E+00
  cs-135       1.8898E+02  1.8965E+02
  ba-135       2.7523E-02  2.7605E-02
  xe-136       1.3343E+03  1.3343E+03
  cs-136       3.1957E-01  1.4090E-09
  ba-136       6.1795E+00  6.4991E+00
  cs-137       7.0851E+02  6.9237E+02
  ba-137       1.2683E+01  2.8824E+01
  cs-138       4.1551E-02  0.0000E+00
  ba-138       7.5210E+02  7.5215E+02
  ba-139       9.9192E-02  0.0000E+00
  la-139       7.1001E+02  7.1012E+02
  ba-140       2.1243E+01  5.0690E-08
  la-140       2.8431E+00  7.6827E-09
  ce-140       6.8569E+02  7.0978E+02
  ba-141       2.0015E-02  0.0000E+00
  la-141       2.5945E-01  0.0000E+00
  ce-141       5.1292E+01  2.1373E-02
  pr-141       6.1842E+02  6.6997E+02
  la-142       9.7573E-02  0.0000E+00
  ce-142       6.5598E+02  6.5609E+02
  pr-142       2.6021E-02  0.0000E+00
  nd-142       6.3340E+00  6.3602E+00
  ce-143       2.0783E+00  0.0000E+00
  pr-143       2.0379E+01  1.7906E-07
  nd-143       5.2216E+02  5.4463E+02
  ce-144       3.1863E+02  1.3102E+02
  nd-144       3.8876E+02  5.7638E+02
  pr-145       2.5916E-01  0.0000E+00
  nd-145       4.1612E+02  4.1639E+02
  nd-146       3.7922E+02  3.7925E+02
  nd-147       7.1018E+00  6.8731E-10
  pm-147       1.5080E+02  1.2130E+02
  sm-147       3.2418E+01  6.9022E+01
  nd-148       2.1435E+02  2.1435E+02
  pm-148       8.8351E-01  1.4982E-05
  pm-148m      1.0990E+00  2.3872E-03
  sm-148       4.8609E+01  5.0589E+01
  nd-149       2.6953E-02  0.0000E+00
  pm-149       1.1036E+00  0.0000E+00
  sm-149       2.0161E+00  3.1473E+00
  nd-150       9.8884E+01  9.8884E+01
  sm-150       1.6388E+02  1.6388E+02
  pm-151       2.2726E-01  0.0000E+00
  sm-151       9.2271E+00  9.3835E+00
  eu-151       1.0131E-02  8.2677E-02
  sm-152       7.3120E+01  7.3122E+01
  gd-152       1.2280E-02  1.2401E-02
  sm-153       6.5247E-01  0.0000E+00
  eu-153       5.9031E+01  5.9684E+01
  sm-154       1.8873E+01  1.8873E+01
  eu-154       1.0012E+01  9.2365E+00
  gd-154       4.1592E-01  1.1910E+00
  eu-155       4.1852E+00  3.6177E+00
  gd-155       2.9061E-02  5.9712E-01
  eu-156       2.2440E+00  1.2998E-07
  gd-156       2.7844E+01  3.0098E+01
  gd-157       5.7471E-02  6.9298E-02
  gd-158       7.2475E+00  7.2478E+00
  tb-159       1.0697E+00  1.0735E+00
  gd-160       4.8123E-01  4.8123E-01
  tb-160       2.5806E-02  7.7774E-04
  dy-160       4.0147E-02  6.5175E-02
  dy-161       1.6523E-01  1.7221E-01
  dy-162       1.1702E-01  1.1702E-01
  dy-163       7.2477E-02  7.2479E-02
  dy-164       1.5975E-02  1.5976E-02
  ho-165       2.2201E-02  2.2215E-02
------------
  totals       1.0001E+06  1.0001E+06
=========================================================================================================================
.
.
*************************************************************************************************************************
********************                                                                                 ********************
********************                                                                                 ********************
********************                    Written F71 File Information                                 ********************
********************                                                                                 ********************
********************                                                                                 ********************
*************************************************************************************************************************
.
.
   pos         time        power         flux      fluence       energy libpos   case   step DCGNAB
   (-)          (s)         (MW)    (n/cm2-s)      (n/cm2)        (MWd)    (-)    (-)    (-)    (-)
     1  4.75200e+07  0.00000e+00  0.00000e+00  1.46751e+22  1.83838e+04      1      2      0 DC----
     2  7.90800e+07  0.00000e+00  0.00000e+00  1.46751e+22  1.83838e+04      1      2      1 DC----
    D - state definition present
    C - concentrations present
    G - gamma emission spectra present
    N - neutron emission spectra present
    A - alpha emission spectra present
    B - beta emission spectra present
.
.
.
=========================================================================================================================
ORIGEN finished successfully.
=========================================================================================================================
    module origen used 0.393622 seconds cpu time for the current pass.

    module origen is finished. completion code    0. total cpu time used 3.26573e-006 seconds.


    SCALE is finished on Wed Feb 13 18:28:15 2019.
-------------------------- Summary --------------------------
arp finished. used 1.88467 seconds.
origen finished. used 0.398893 seconds.
SCALE driver required a maximum of 8.277 MiB of RAM.
------------------------ End Summary ------------------------

w17x17_100d.f33 copied to C:\Users\Teddy\Desktop\scale_test\output\w17x17_100d.f33.
discharge.f71 copied to C:\Users\Teddy\Desktop\scale_test\output\discharge.f71.
