 *******************************************************************************
 *                                                                             *
 *                                 SCALE 6.2.2                                 *
 *                                -------------                                *
 *                                February 2019                                *
 *                                                                             *
 *           SCALE:  A Comprehensive Modeling and Simulation Suite             *
 *                   for Nuclear Safety Analysis and Design                    *
 *                                                                             *
 *                      Reactor and Nuclear Systems Division                   *
 *                        Oak Ridge National Laboratory                        *
 *                                                                             *
 *                           http://scale.ornl.gov                             *
 *                            scalehelp@ornl.gov                               *
 *                                                                             *
 *******************************************************************************
 *******************************************************************************
      
                  Job Information
                  ---------------
      Job started on DESKTOP-J14NAA6 on Wed 13/02/2019 18:27:48
      Working directory: C:\Users\Teddy\AppData\Local\Temp\scale.Teddy.11344
      Input file name  : C:\Users\Teddy\Desktop\scale_test\output\2.800000_12727.272727.inp
      Output file name : C:\Users\Teddy\Desktop\scale_test\output\2.800000_12727.272727.out
      SCALE executable : C:\SCALE-6.2.2/bin/scale
      
 *******************************************************************************


    module arp will be called on Wed Feb 13 18:27:49 2019.
    sequence specification record:=arp
Input Data:

      'library type
      w17x17
      2.800000
      ' num cycles
      1
      ' num days per cycle
      550
      ' cycle average specific power (MW / MTU)
      23.140496
      ' number of interpolated cross section sets generated per cycle
      1
      ' moderator density (g/cc)
      0.723
      ' interpolated output ORIGEN library
      w17x17_100d.f33
end

1






        ************************************************************************************************************************
        ************************************************************************************************************************
        ************************************************************************************************************************
        *****                                                                                                              *****
        *****                                       program verification information                                       *****
        *****                                                                                                              *****
        *****                                   code system:  SCALE    version:  6.2                                       *****
        *****                                                                                                              *****
        ************************************************************************************************************************
        ************************************************************************************************************************
        *****                                                                                                              *****
        *****                                                                                                              *****
        *****              program:  arp.exe                                                                               *****
        *****                                                                                                              *****
        *****        creation date:   unknown                                                                              *****
        *****                                                                                                              *****
        *****              library:  C:\SCALE-6.2.2\bin                                                                    *****
        *****                                                                                                              *****
        *****                                                                                                              *****
        *****            prod code:  arp.exe                                                                               *****
        *****                                                                                                              *****
        *****              version:  6.2.2                                                                                 *****
        *****                                                                                                              *****
        *****              jobname:  Teddy                                                                                 *****
        *****                                                                                                              *****
        *****         machine name:  DESKTOP-J14NAA6                                                                       *****
        *****                                                                                                              *****
        *****    date of execution:  13_feb_2019                                                                           *****
        *****                                                                                                              *****
        *****    time of execution:  18:27:49.15                                                                           *****
        *****                                                                                                              *****
        *****                                                                                                              *****
        ************************************************************************************************************************
        ************************************************************************************************************************
        ************************************************************************************************************************


 'library type
    data library:       w17x17
       directory:       C:/SCALE-6.2.2/data/\arplibs
       definition:      C:/SCALE-6.2.2/data/\arpdata.txt
    u-235 enrichment:                        2.800

 ' num cycles
    number of cycles:                            1

 ' num days per cycle

 ' cycle average specific power (MW / MTU)

 ' number of interpolated cross section sets generated per cycle

 ' moderator density (g/cc)
    water density (g/cm3):                  0.7230
                                         cycle        cumulative      midpoint
   cycle time(d)        power(MW)      burnup(MWd/MTU)burnup(MWd/MTU)burnup(MWd/MTU)nlib
     1    550.000        23.1405        12727.3        12727.3        6363.64             1

 ' interpolated output ORIGEN library
    interpolated library name:                   w17x17_100d.f33
 interpolation type: spline
 Cross section library interpolation completed.
.
.
.
=========================================================================================================================
ARP finished successfully.
=========================================================================================================================
    module arp used 1.86043 seconds cpu time for the current pass.

    module arp is finished. completion code    0. total cpu time used 1.02637e-005 seconds.



    module origen will be called on Wed Feb 13 18:27:50 2019.
    sequence specification record:=origen
Input Data:

      case(irrad) {
          lib{
              file="w17x17_100d.f33" pos=1
          }
          mat {
              units=GRAMS
              iso=[u235=28000.000000 u238=972000.000000]
          }
          time = [ 550 ]
          power = [ 23.140496 ]
      }
      case (decay) {
          time {
              units=YEARS
              start=0
              t=[1]
          }
          save{ file="discharge.f71" steps=[0 LAST]}
      }
end

1






        ************************************************************************************************************************
        ************************************************************************************************************************
        ************************************************************************************************************************
        *****                                                                                                              *****
        *****                                       program verification information                                       *****
        *****                                                                                                              *****
        *****                                   code system:  SCALE    version:  6.2                                       *****
        *****                                                                                                              *****
        ************************************************************************************************************************
        ************************************************************************************************************************
        *****                                                                                                              *****
        *****                                                                                                              *****
        *****              program:  origen.exe                                                                            *****
        *****                                                                                                              *****
        *****        creation date:   unknown                                                                              *****
        *****                                                                                                              *****
        *****              library:  C:\SCALE-6.2.2\bin                                                                    *****
        *****                                                                                                              *****
        *****                                                                                                              *****
        *****            prod code:  origen.exe                                                                            *****
        *****                                                                                                              *****
        *****              version:  6.2.2                                                                                 *****
        *****                                                                                                              *****
        *****              jobname:  Teddy                                                                                 *****
        *****                                                                                                              *****
        *****         machine name:  DESKTOP-J14NAA6                                                                       *****
        *****                                                                                                              *****
        *****    date of execution:  13_feb_2019                                                                           *****
        *****                                                                                                              *****
        *****    time of execution:  18:27:51.02                                                                           *****
        *****                                                                                                              *****
        *****                                                                                                              *****
        ************************************************************************************************************************
        ************************************************************************************************************************
        ************************************************************************************************************************

*************************************************************************************************************************
********************                                                                                 ********************
********************                                                                                 ********************
********************                    USER INPUT SUMMARY                                           ********************
********************                                                                                 ********************
********************                                                                                 ********************
*************************************************************************************************************************
.
.
=========================================================================================================================
=   Case "irrad" (#1/2)                                                                                                 =
-------------------------------------------------------------------------------------------------------------------------
###   Library settings                                                                                                ###
.
                                Library file name:     C:/Users/Teddy/AppData/Local/Temp/scale.Teddy.11344/w17x17_100d.f33
                             Library set position:              1
                 Fission product reaction removal:             no
-------------------------------------------------------------------------------------------------------------------------
###   Global settings                                                                                                 ###
.
                                           Solver:              MATREX
                                             Mode:        forward
                             Fixed fission energy:             no
-------------------------------------------------------------------------------------------------------------------------
###   Concentrations output options                                                                                   ###
.
                            High-precision output:             no
                                  Relative cutoff:            yes
                         Step for applying cutoff:       integral
.
                      light els.   actinides  fis.prods.       total
                       nuc    el   nuc    el   nuc    el   nuc    el             cutoff
gram-atoms                                                                    1.000E-06
grams                                                      **                 1.000E-06
curies                                                                        1.000E-06
watts                                                                         1.000E-06
gamma watts                                                                   1.000E-06
m3 air                                                                        1.000E-06
m3 water                                                                      1.000E-06
grams ppm                                                                     1.000E-06
atoms ppm                                                                     1.000E-06
atoms/barn-cm                                                                 1.000E-06
becquerels                                                                    1.000E-06
-------------------------------------------------------------------------------------------------------------------------
###   Additional output options                                                                                       ###
.
                                      Print k-inf:             no
           Nuclides for absorption fraction print:           none
                              Print fission rates:             no
            Step for sorting absorption fractions:              1
=========================================================================================================================
=   Case "decay" (#2/2)                                                                                                 =
-------------------------------------------------------------------------------------------------------------------------
###   Library settings                                                                                                ###
.
                                Library file name:     C:/Users/Teddy/AppData/Local/Temp/scale.Teddy.11344/w17x17_100d.f33
                             Library set position:              1
                 Fission product reaction removal:             no
-------------------------------------------------------------------------------------------------------------------------
###   Global settings                                                                                                 ###
.
                                           Solver:              MATREX
                                             Mode:        forward
                             Fixed fission energy:             no
-------------------------------------------------------------------------------------------------------------------------
###   Concentrations output options                                                                                   ###
.
                            High-precision output:             no
                                  Relative cutoff:            yes
                         Step for applying cutoff:       integral
.
                      light els.   actinides  fis.prods.       total
                       nuc    el   nuc    el   nuc    el   nuc    el             cutoff
gram-atoms                                                                    1.000E-06
grams                                                      **                 1.000E-06
curies                                                                        1.000E-06
watts                                                                         1.000E-06
gamma watts                                                                   1.000E-06
m3 air                                                                        1.000E-06
m3 water                                                                      1.000E-06
grams ppm                                                                     1.000E-06
atoms ppm                                                                     1.000E-06
atoms/barn-cm                                                                 1.000E-06
becquerels                                                                    1.000E-06
-------------------------------------------------------------------------------------------------------------------------
###   Additional output options                                                                                       ###
.
                                      Print k-inf:             no
           Nuclides for absorption fraction print:           none
                              Print fission rates:             no
            Step for sorting absorption fractions:              1
=========================================================================================================================
###   Blending information                                                                                            ###
.
  --- no blending requested in this job ---
=========================================================================================================================
.
.
=========================================================================================================================
=   History overview for case 'irrad' (#1/2)                                                                            =
-------------------------------------------------------------------------------------------------------------------------
   step          t0          t1          dt           t        flux     fluence       power      energy
    (-)         (d)         (d)         (s)         (s)   (n/cm2-s)     (n/cm2)        (MW)       (MWd)
      1      0.0000    550.0000  4.7520E+07  4.7520E+07  2.0572E+14  9.7758E+21  2.3140E+01  1.2727E+04
          
              step - step index within this case
                t0 - time at beginning-of-step in input units
                t1 - time at end-of-step in input units
                dt - length of step in seconds
                 t - end-of-step cumulative time in seconds
              flux - flux in neutrons/cm^2-sec (CALCULATED)
           fluence - cumulative end-of-step fluence in neutrons/cm^2 (CALCULATED)
             power - power in mega-watts (INPUT)     
            energy - cumulative end-of-step energy released in mega-watt-days (INPUT)     
=========================================================================================================================
.
.
.
.
.
*************************************************************************************************************************
********************                                                                                 ********************
********************                                                                                 ********************
********************                    Library information                                          ********************
********************                                                                                 ********************
********************                                                                                 ********************
*************************************************************************************************************************
.
.
=========================================================================================================================
=   Library summary for case 'irrad' (#1/2)                                                                             =
-------------------------------------------------------------------------------------------------------------------------
filename: C:/Users/Teddy/AppData/Local/Temp/scale.Teddy.11344/w17x17_100d.f33 cross-section data taken from position number: 1
library title delimited by {}: 
{}
date library was produced: 538976288/538976288/538976288
total number of nuclides in library: 2237
number of light-element nuclides: 910
number of actinide nuclides: 176
number of fission product nuclides: 1151
number of nonzero off-diagonal matrix elements: 54564
=========================================================================================================================
.
.
*************************************************************************************************************************
********************                                                                                 ********************
********************                                                                                 ********************
********************                    Concentration tables                                         ********************
********************                                                                                 ********************
********************                                                                                 ********************
*************************************************************************************************************************
.
.
=========================================================================================================================
=   Nuclide concentrations in grams for case 'irrad' (#1/2)                                                             =
-------------------------------------------------------------------------------------------------------------------------
  (relative cutoff; integral of concentrations over time >   1.00E-06 % of integral of all concentrations over time)
.
                   0.000d    550.000d   
  he-4         0.0000E+00  4.6310E-01
  u-234        0.0000E+00  7.9565E-01
  u-235        2.8000E+04  1.6168E+04
  u-236        0.0000E+00  2.0763E+03
  u-237        0.0000E+00  3.5258E+00
  u-238        9.7200E+05  9.6253E+05
  u-239        0.0000E+00  3.6228E-01
  np-237       0.0000E+00  1.1240E+02
  np-238       0.0000E+00  2.1679E-01
  np-239       0.0000E+00  5.2349E+01
  pu-238       0.0000E+00  1.5756E+01
  pu-239       0.0000E+00  4.0038E+03
  pu-240       0.0000E+00  8.7763E+02
  pu-241       0.0000E+00  4.7926E+02
  pu-242       0.0000E+00  6.1877E+01
  am-241       0.0000E+00  8.5922E+00
  am-242m      0.0000E+00  1.4778E-01
  am-243       0.0000E+00  4.0888E+00
  cm-242       0.0000E+00  1.3865E+00
  cm-244       0.0000E+00  4.4317E-01
  as-75        0.0000E+00  5.0863E-02
  ge-76        0.0000E+00  1.3677E-01
  se-77        0.0000E+00  3.3626E-01
  se-78        0.0000E+00  9.1981E-01
  se-79        0.0000E+00  2.0044E+00
  se-80        0.0000E+00  5.3727E+00
  br-81        0.0000E+00  8.8850E+00
  se-82        0.0000E+00  1.4046E+01
  kr-82        0.0000E+00  9.9079E-02
  kr-83        0.0000E+00  2.0677E+01
  kr-84        0.0000E+00  4.4586E+01
  kr-85        0.0000E+00  1.1291E+01
  kr-85m       0.0000E+00  2.2799E-02
  rb-85        0.0000E+00  4.3281E+01
  kr-86        0.0000E+00  8.2066E+01
  sr-86        0.0000E+00  5.9201E-02
  rb-87        0.0000E+00  1.0812E+02
  kr-88        0.0000E+00  3.9217E-02
  sr-88        0.0000E+00  1.5097E+02
  sr-89        0.0000E+00  2.2705E+01
  y-89         0.0000E+00  1.8128E+02
  sr-90        0.0000E+00  2.4433E+02
  y-90         0.0000E+00  6.3668E-02
  zr-90        0.0000E+00  4.7936E+00
  sr-91        0.0000E+00  2.3595E-01
  y-91         0.0000E+00  3.5966E+01
  zr-91        0.0000E+00  2.2428E+02
  sr-92        0.0000E+00  7.1097E-02
  y-92         0.0000E+00  9.3966E-02
  zr-92        0.0000E+00  2.7812E+02
  y-93         0.0000E+00  3.0289E-01
  zr-93        0.0000E+00  3.0355E+02
  zr-94        0.0000E+00  3.1907E+02
  zr-95        0.0000E+00  5.2459E+01
  nb-95        0.0000E+00  2.8605E+01
  nb-95m       0.0000E+00  3.1980E-02
  mo-95        0.0000E+00  2.7190E+02
  zr-96        0.0000E+00  3.3260E+02
  mo-96        0.0000E+00  5.3055E+00
  zr-97        0.0000E+00  5.6413E-01
  nb-97        0.0000E+00  4.0718E-02
  mo-97        0.0000E+00  3.2517E+02
  mo-98        0.0000E+00  3.2895E+02
  mo-99        0.0000E+00  2.4495E+00
  tc-99        0.0000E+00  3.3497E+02
  tc-99m       0.0000E+00  1.9631E-01
  mo-100       0.0000E+00  3.7010E+02
  ru-100       0.0000E+00  1.4218E+01
  ru-101       0.0000E+00  3.1172E+02
  ru-102       0.0000E+00  2.9052E+02
  ru-103       0.0000E+00  2.8040E+01
  rh-103       0.0000E+00  1.9315E+02
  rh-103m      0.0000E+00  2.7522E-02
  ru-104       0.0000E+00  1.8241E+02
  pd-104       0.0000E+00  3.4398E+01
  ru-105       0.0000E+00  8.4208E-02
  rh-105       0.0000E+00  6.3433E-01
  pd-105       0.0000E+00  1.2403E+02
  ru-106       0.0000E+00  5.9485E+01
  pd-106       0.0000E+00  3.8035E+01
  pd-107       0.0000E+00  5.8446E+01
  pd-108       0.0000E+00  3.6071E+01
  pd-109       0.0000E+00  6.2336E-02
  ag-109       0.0000E+00  2.1874E+01
  pd-110       0.0000E+00  1.1759E+01
  ag-110m      0.0000E+00  8.9154E-02
  cd-110       0.0000E+00  3.2001E+00
  ag-111       0.0000E+00  1.7570E-01
  cd-111       0.0000E+00  5.8452E+00
  cd-112       0.0000E+00  3.2664E+00
  cd-113       0.0000E+00  8.5972E-02
  cd-114       0.0000E+00  4.3964E+00
  in-115       0.0000E+00  1.0957E+00
  sn-115       0.0000E+00  8.1374E-02
  cd-116       0.0000E+00  1.8371E+00
  sn-116       0.0000E+00  5.8416E-01
  sn-117       0.0000E+00  1.6973E+00
  sn-118       0.0000E+00  1.6072E+00
  sn-119       0.0000E+00  1.5903E+00
  sn-119m      0.0000E+00  3.0743E-02
  sn-120       0.0000E+00  1.6270E+00
  sn-121m      0.0000E+00  1.2680E-01
  sb-121       0.0000E+00  1.6079E+00
  sn-122       0.0000E+00  2.0505E+00
  te-122       0.0000E+00  4.0090E-02
  sn-123       0.0000E+00  8.8550E-02
  sb-123       0.0000E+00  2.0001E+00
  sn-124       0.0000E+00  3.2823E+00
  te-124       0.0000E+00  2.3846E-02
  sn-125       0.0000E+00  5.3060E-02
  sb-125       0.0000E+00  3.5818E+00
  te-125       0.0000E+00  6.2666E-01
  te-125m      0.0000E+00  3.9985E-02
  sn-126       0.0000E+00  6.8960E+00
  te-126       0.0000E+00  1.8730E-01
  sb-127       0.0000E+00  2.0433E-01
  te-127m      0.0000E+00  4.9665E-01
  i-127        0.0000E+00  1.5414E+01
  te-128       0.0000E+00  3.3488E+01
  xe-128       0.0000E+00  3.0796E-01
  sb-129       0.0000E+00  2.9923E-02
  te-129m      0.0000E+00  9.0360E-01
  i-129        0.0000E+00  5.5382E+01
  te-130       0.0000E+00  1.4570E+02
  xe-130       0.0000E+00  8.7030E-01
  te-131m      0.0000E+00  1.6126E-01
  i-131        0.0000E+00  5.0133E+00
  xe-131       0.0000E+00  2.0309E+02
  xe-131m      0.0000E+00  8.3465E-02
  te-132       0.0000E+00  2.8776E+00
  i-132        0.0000E+00  8.7673E-02
  xe-132       0.0000E+00  3.7896E+02
  te-133m      0.0000E+00  2.6034E-02
  i-133        0.0000E+00  1.1460E+00
  xe-133       0.0000E+00  6.9390E+00
  xe-133m      0.0000E+00  8.7918E-02
  cs-133       0.0000E+00  4.8616E+02
  te-134       0.0000E+00  3.5372E-02
  i-134        0.0000E+00  5.4804E-02
  xe-134       0.0000E+00  6.0527E+02
  cs-134       0.0000E+00  2.2232E+01
  ba-134       0.0000E+00  3.9644E+00
  i-135        0.0000E+00  3.4837E-01
  xe-135       0.0000E+00  1.6721E-01
  cs-135       0.0000E+00  1.6905E+02
  xe-136       0.0000E+00  8.7302E+02
  cs-136       0.0000E+00  1.9298E-01
  ba-136       0.0000E+00  3.6159E+00
  cs-137       0.0000E+00  4.8750E+02
  ba-137       0.0000E+00  8.6316E+00
  cs-138       0.0000E+00  2.9928E-02
  ba-138       0.0000E+00  5.2268E+02
  ba-139       0.0000E+00  7.1491E-02
  la-139       0.0000E+00  4.9526E+02
  ba-140       0.0000E+00  1.5352E+01
  la-140       0.0000E+00  2.0436E+00
  ce-140       0.0000E+00  4.7449E+02
  la-141       0.0000E+00  1.8769E-01
  ce-141       0.0000E+00  3.7186E+01
  pr-141       0.0000E+00  4.2835E+02
  la-142       0.0000E+00  7.1022E-02
  ce-142       0.0000E+00  4.5761E+02
  nd-142       0.0000E+00  2.9400E+00
  ce-143       0.0000E+00  1.5273E+00
  pr-143       0.0000E+00  1.5002E+01
  nd-143       0.0000E+00  3.8938E+02
  ce-144       0.0000E+00  2.2739E+02
  nd-144       0.0000E+00  2.4804E+02
  pr-145       0.0000E+00  1.8937E-01
  nd-145       0.0000E+00  2.9824E+02
  nd-146       0.0000E+00  2.5840E+02
  nd-147       0.0000E+00  5.1190E+00
  pm-147       0.0000E+00  1.1737E+02
  sm-147       0.0000E+00  2.5121E+01
  nd-148       0.0000E+00  1.4703E+02
  pm-148       0.0000E+00  4.7636E-01
  pm-148m      0.0000E+00  7.8729E-01
  sm-148       0.0000E+00  2.5872E+01
  pm-149       0.0000E+00  7.0926E-01
  sm-149       0.0000E+00  1.8944E+00
  nd-150       0.0000E+00  6.6243E+01
  sm-150       0.0000E+00  1.0713E+02
  pm-151       0.0000E+00  1.5099E-01
  sm-151       0.0000E+00  8.2103E+00
  sm-152       0.0000E+00  5.2705E+01
  sm-153       0.0000E+00  3.4564E-01
  eu-153       0.0000E+00  3.4808E+01
  sm-154       0.0000E+00  1.1530E+01
  eu-154       0.0000E+00  4.8209E+00
  gd-154       0.0000E+00  1.9700E-01
  eu-155       0.0000E+00  2.4770E+00
  gd-155       0.0000E+00  2.4431E-02
  eu-156       0.0000E+00  9.7727E-01
  gd-156       0.0000E+00  1.3004E+01
  gd-157       0.0000E+00  4.0930E-02
  gd-158       0.0000E+00  3.8171E+00
  tb-159       0.0000E+00  5.8422E-01
  gd-160       0.0000E+00  2.6187E-01
  dy-161       0.0000E+00  9.5987E-02
  dy-162       0.0000E+00  6.2704E-02
  dy-163       0.0000E+00  3.4546E-02
------------
  totals       1.0000E+06  1.0000E+06
=========================================================================================================================
.
.
=========================================================================================================================
=   History overview for case 'decay' (#2/2)                                                                            =
-------------------------------------------------------------------------------------------------------------------------
   step          t0          t1          dt           t        flux     fluence       power      energy
    (-)         (y)         (y)         (s)         (s)   (n/cm2-s)     (n/cm2)        (MW)       (MWd)
      1      1.5057      2.5057  3.1560E+07  7.9080E+07  0.0000E+00  9.7758E+21  0.0000E+00  1.2727E+04
          
              step - step index within this case
                t0 - time at beginning-of-step in input units
                t1 - time at end-of-step in input units
                dt - length of step in seconds
                 t - end-of-step cumulative time in seconds
              flux - flux in neutrons/cm^2-sec (CALCULATED)
           fluence - cumulative end-of-step fluence in neutrons/cm^2 (CALCULATED)
             power - power in mega-watts (INPUT)     
            energy - cumulative end-of-step energy released in mega-watt-days (INPUT)     
=========================================================================================================================
.
.
.
.
.
*************************************************************************************************************************
********************                                                                                 ********************
********************                                                                                 ********************
********************                    Library information                                          ********************
********************                                                                                 ********************
********************                                                                                 ********************
*************************************************************************************************************************
.
.
=========================================================================================================================
=   Library summary for case 'decay' (#2/2)                                                                             =
-------------------------------------------------------------------------------------------------------------------------
filename: C:/Users/Teddy/AppData/Local/Temp/scale.Teddy.11344/w17x17_100d.f33 cross-section data taken from position number: 1
library title delimited by {}: 
{}
date library was produced: 538976288/538976288/538976288
total number of nuclides in library: 2237
number of light-element nuclides: 910
number of actinide nuclides: 176
number of fission product nuclides: 1151
number of nonzero off-diagonal matrix elements: 54564
=========================================================================================================================
.
.
*************************************************************************************************************************
********************                                                                                 ********************
********************                                                                                 ********************
********************                    Concentration tables                                         ********************
********************                                                                                 ********************
********************                                                                                 ********************
*************************************************************************************************************************
.
.
=========================================================================================================================
=   Nuclide concentrations in grams for case 'decay' (#2/2)                                                             =
-------------------------------------------------------------------------------------------------------------------------
  (relative cutoff; integral of concentrations over time >   1.00E-06 % of integral of all concentrations over time)
.
                   1.506y      2.506y   
  h-3          1.8879E-02  1.7846E-02
  he-4         4.6310E-01  4.8791E-01
  u-234        7.9565E-01  9.2468E-01
  u-235        1.6168E+04  1.6169E+04
  u-236        2.0763E+03  2.0764E+03
  u-237        3.5258E+00  1.4244E-05
  u-238        9.6253E+05  9.6253E+05
  u-239        3.6228E-01  0.0000E+00
  np-237       1.1240E+02  1.1596E+02
  np-238       2.1679E-01  2.7288E-08
  np-239       5.2349E+01  3.5280E-06
  pu-238       1.5756E+01  1.6929E+01
  pu-239       4.0038E+03  4.0563E+03
  pu-240       8.7763E+02  8.7755E+02
  pu-241       4.7926E+02  4.5656E+02
  pu-242       6.1877E+01  6.1880E+01
  am-241       8.5922E+00  3.1254E+01
  am-242m      1.4778E-01  1.4706E-01
  am-243       4.0888E+00  4.0986E+00
  cm-242       1.3865E+00  2.9652E-01
  cm-243       1.2478E-02  1.2184E-02
  cm-244       4.4317E-01  4.2679E-01
  ge-74        1.9270E-02  1.9270E-02
  as-75        5.0863E-02  5.0871E-02
  ge-76        1.3677E-01  1.3677E-01
  se-77        3.3626E-01  3.3801E-01
  se-78        9.1981E-01  9.2009E-01
  se-79        2.0044E+00  2.0045E+00
  se-80        5.3727E+00  5.3728E+00
  br-81        8.8850E+00  8.8854E+00
  se-82        1.4046E+01  1.4046E+01
  kr-82        9.9079E-02  9.9802E-02
  kr-83        2.0677E+01  2.0687E+01
  kr-84        4.4586E+01  4.4589E+01
  kr-85        1.1291E+01  1.0591E+01
  kr-85m       2.2799E-02  0.0000E+00
  rb-85        4.3281E+01  4.4004E+01
  kr-86        8.2066E+01  8.2067E+01
  sr-86        5.9201E-02  6.4983E-02
  rb-87        1.0812E+02  1.0813E+02
  kr-88        3.9217E-02  0.0000E+00
  sr-88        1.5097E+02  1.5102E+02
  sr-89        2.2705E+01  1.5138E-01
  y-89         1.8128E+02  2.0384E+02
  sr-90        2.4433E+02  2.3852E+02
  y-90         6.3668E-02  6.0502E-02
  zr-90        4.7936E+00  1.0609E+01
  sr-91        2.3595E-01  0.0000E+00
  y-91         3.5966E+01  4.7815E-01
  zr-91        2.2428E+02  2.6002E+02
  sr-92        7.1097E-02  0.0000E+00
  y-92         9.3966E-02  0.0000E+00
  zr-92        2.7812E+02  2.7829E+02
  y-93         3.0289E-01  0.0000E+00
  zr-93        3.0355E+02  3.0385E+02
  zr-94        3.1907E+02  3.1908E+02
  zr-95        5.2459E+01  1.0060E+00
  nb-95        2.8605E+01  1.2256E+00
  nb-95m       3.1980E-02  6.4924E-04
  mo-95        2.7190E+02  3.5081E+02
  zr-96        3.3260E+02  3.3260E+02
  mo-96        5.3055E+00  5.3070E+00
  zr-97        5.6413E-01  0.0000E+00
  nb-97        4.0718E-02  0.0000E+00
  mo-97        3.2517E+02  3.2577E+02
  mo-98        3.2895E+02  3.2895E+02
  mo-99        2.4495E+00  0.0000E+00
  tc-99        3.3497E+02  3.3762E+02
  tc-99m       1.9631E-01  0.0000E+00
  ru-99        1.1803E-02  1.2999E-02
  mo-100       3.7010E+02  3.7010E+02
  ru-100       1.4218E+01  1.4218E+01
  ru-101       3.1172E+02  3.1174E+02
  ru-102       2.9052E+02  2.9053E+02
  ru-103       2.8040E+01  4.4262E-02
  rh-103       1.9315E+02  2.2117E+02
  rh-103m      2.7522E-02  4.3477E-05
  ru-104       1.8241E+02  1.8242E+02
  pd-104       3.4398E+01  3.4398E+01
  ru-105       8.4208E-02  0.0000E+00
  rh-105       6.3433E-01  0.0000E+00
  pd-105       1.2403E+02  1.2475E+02
  ru-106       5.9485E+01  3.0106E+01
  pd-106       3.8035E+01  6.7415E+01
  pd-107       5.8446E+01  5.8450E+01
  pd-108       3.6071E+01  3.6072E+01
  pd-109       6.2336E-02  0.0000E+00
  ag-109       2.1874E+01  2.1936E+01
  pd-110       1.1759E+01  1.1759E+01
  ag-110m      8.9154E-02  3.2350E-02
  cd-110       3.2001E+00  3.2569E+00
  ag-111       1.7570E-01  3.0619E-16
  cd-111       5.8452E+00  6.0213E+00
  cd-112       3.2664E+00  3.2780E+00
  cd-113       8.5972E-02  8.7204E-02
  cd-114       4.3964E+00  4.3964E+00
  in-115       1.0957E+00  1.1207E+00
  sn-115       8.1374E-02  8.1985E-02
  cd-116       1.8371E+00  1.8372E+00
  sn-116       5.8416E-01  5.8423E-01
  sn-117       1.6973E+00  1.6984E+00
  sn-118       1.6072E+00  1.6073E+00
  sn-119       1.5903E+00  1.6081E+00
  sn-119m      3.0743E-02  1.2956E-02
  sn-120       1.6270E+00  1.6270E+00
  sn-121m      1.2680E-01  1.2481E-01
  sb-121       1.6079E+00  1.6153E+00
  sn-122       2.0505E+00  2.0505E+00
  te-122       4.0090E-02  4.0694E-02
  sn-123       8.8550E-02  1.2477E-02
  sb-123       2.0001E+00  2.0764E+00
  sn-124       3.2823E+00  3.2823E+00
  te-124       2.3846E-02  3.2366E-02
  sn-125       5.3060E-02  2.0801E-13
  sb-125       3.5818E+00  2.8276E+00
  te-125       6.2666E-01  1.4346E+00
  te-125m      3.9985E-02  3.9290E-02
  sn-126       6.8960E+00  6.8959E+00
  te-126       1.8730E-01  1.9011E-01
  sb-127       2.0433E-01  0.0000E+00
  te-127m      4.9665E-01  5.2136E-02
  i-127        1.5414E+01  1.6084E+01
  te-128       3.3488E+01  3.3495E+01
  xe-128       3.0796E-01  3.0799E-01
  sb-129       2.9923E-02  0.0000E+00
  te-129m      9.0360E-01  4.8481E-04
  i-129        5.5382E+01  5.6323E+01
  te-130       1.4570E+02  1.4570E+02
  xe-130       8.7030E-01  8.7250E-01
  te-131m      1.6126E-01  0.0000E+00
  i-131        5.0133E+00  1.0382E-13
  xe-131       2.0309E+02  2.0837E+02
  xe-131m      8.3465E-02  1.3369E-10
  te-132       2.8776E+00  0.0000E+00
  i-132        8.7673E-02  0.0000E+00
  xe-132       3.7896E+02  3.8192E+02
  te-133m      2.6034E-02  0.0000E+00
  i-133        1.1460E+00  0.0000E+00
  xe-133       6.9390E+00  9.0820E-21
  xe-133m      8.7918E-02  0.0000E+00
  cs-133       4.8616E+02  4.9437E+02
  te-134       3.5372E-02  0.0000E+00
  i-134        5.4804E-02  0.0000E+00
  xe-134       6.0527E+02  6.0536E+02
  cs-134       2.2232E+01  1.5894E+01
  ba-134       3.9644E+00  1.0304E+01
  i-135        3.4837E-01  0.0000E+00
  xe-135       1.6721E-01  0.0000E+00
  cs-135       1.6905E+02  1.6957E+02
  xe-136       8.7302E+02  8.7302E+02
  cs-136       1.9298E-01  8.5084E-10
  ba-136       3.6159E+00  3.8089E+00
  cs-137       4.8750E+02  4.7639E+02
  ba-137       8.6316E+00  1.9738E+01
  cs-138       2.9928E-02  0.0000E+00
  ba-138       5.2268E+02  5.2272E+02
  ba-139       7.1491E-02  0.0000E+00
  la-139       4.9526E+02  4.9534E+02
  ba-140       1.5352E+01  3.6633E-08
  la-140       2.0436E+00  5.5522E-09
  ce-140       4.7449E+02  4.9189E+02
  la-141       1.8769E-01  0.0000E+00
  ce-141       3.7186E+01  1.5495E-02
  pr-141       4.2835E+02  4.6573E+02
  la-142       7.1022E-02  0.0000E+00
  ce-142       4.5761E+02  4.5769E+02
  nd-142       2.9400E+00  2.9523E+00
  ce-143       1.5273E+00  0.0000E+00
  pr-143       1.5002E+01  1.3179E-07
  nd-143       3.8938E+02  4.0592E+02
  ce-144       2.2739E+02  9.3505E+01
  nd-144       2.4804E+02  3.8193E+02
  pr-145       1.8937E-01  0.0000E+00
  nd-145       2.9824E+02  2.9843E+02
  nd-146       2.5840E+02  2.5841E+02
  nd-147       5.1190E+00  4.9541E-10
  pm-147       1.1737E+02  9.4093E+01
  sm-147       2.5121E+01  5.3520E+01
  nd-148       1.4703E+02  1.4703E+02
  pm-148       4.7636E-01  1.0732E-05
  pm-148m      7.8729E-01  1.7100E-03
  sm-148       2.5872E+01  2.7134E+01
  pm-149       7.0926E-01  0.0000E+00
  sm-149       1.8944E+00  2.6228E+00
  nd-150       6.6243E+01  6.6243E+01
  sm-150       1.0713E+02  1.0713E+02
  pm-151       1.5099E-01  0.0000E+00
  sm-151       8.2103E+00  8.2983E+00
  eu-151       1.3204E-02  7.7362E-02
  sm-152       5.2705E+01  5.2706E+01
  gd-152       1.1541E-02  1.1689E-02
  sm-153       3.4564E-01  0.0000E+00
  eu-153       3.4808E+01  3.5155E+01
  sm-154       1.1530E+01  1.1530E+01
  eu-154       4.8209E+00  4.4476E+00
  gd-154       1.9700E-01  5.7023E-01
  eu-155       2.4770E+00  2.1412E+00
  gd-155       2.4431E-02  3.6064E-01
  eu-156       9.7727E-01  5.6695E-08
  gd-156       1.3004E+01  1.3987E+01
  gd-157       4.0930E-02  4.7048E-02
  gd-158       3.8171E+00  3.8173E+00
  tb-159       5.8422E-01  5.8624E-01
  gd-160       2.6187E-01  2.6187E-01
  dy-160       1.6262E-02  2.5851E-02
  dy-161       9.5987E-02  9.9674E-02
  dy-162       6.2704E-02  6.2706E-02
  dy-163       3.4546E-02  3.4547E-02
------------
  totals       1.0000E+06  1.0000E+06
=========================================================================================================================
.
.
*************************************************************************************************************************
********************                                                                                 ********************
********************                                                                                 ********************
********************                    Written F71 File Information                                 ********************
********************                                                                                 ********************
********************                                                                                 ********************
*************************************************************************************************************************
.
.
   pos         time        power         flux      fluence       energy libpos   case   step DCGNAB
   (-)          (s)         (MW)    (n/cm2-s)      (n/cm2)        (MWd)    (-)    (-)    (-)    (-)
     1  4.75200e+07  0.00000e+00  0.00000e+00  9.77582e+21  1.27273e+04      1      2      0 DC----
     2  7.90800e+07  0.00000e+00  0.00000e+00  9.77582e+21  1.27273e+04      1      2      1 DC----
    D - state definition present
    C - concentrations present
    G - gamma emission spectra present
    N - neutron emission spectra present
    A - alpha emission spectra present
    B - beta emission spectra present
.
.
.
=========================================================================================================================
ORIGEN finished successfully.
=========================================================================================================================
    module origen used 0.53617 seconds cpu time for the current pass.

    module origen is finished. completion code    0. total cpu time used 4.66533e-006 seconds.


    SCALE is finished on Wed Feb 13 18:27:51 2019.
-------------------------- Summary --------------------------
arp finished. used 1.86614 seconds.
origen finished. used 0.54178 seconds.
SCALE driver required a maximum of 8.309 MiB of RAM.
------------------------ End Summary ------------------------

w17x17_100d.f33 copied to C:\Users\Teddy\Desktop\scale_test\output\w17x17_100d.f33.
discharge.f71 copied to C:\Users\Teddy\Desktop\scale_test\output\discharge.f71.
