 *******************************************************************************
 *                                                                             *
 *                                 SCALE 6.2.2                                 *
 *                                -------------                                *
 *                                February 2019                                *
 *                                                                             *
 *           SCALE:  A Comprehensive Modeling and Simulation Suite             *
 *                   for Nuclear Safety Analysis and Design                    *
 *                                                                             *
 *                      Reactor and Nuclear Systems Division                   *
 *                        Oak Ridge National Laboratory                        *
 *                                                                             *
 *                           http://scale.ornl.gov                             *
 *                            scalehelp@ornl.gov                               *
 *                                                                             *
 *******************************************************************************
 *******************************************************************************
      
                  Job Information
                  ---------------
      Job started on DESKTOP-J14NAA6 on Wed 13/02/2019 18:28:28
      Working directory: C:\Users\Teddy\AppData\Local\Temp\scale.Teddy.12828
      Input file name  : C:\Users\Teddy\Desktop\scale_test\output\2.800000_21919.191919.inp
      Output file name : C:\Users\Teddy\Desktop\scale_test\output\2.800000_21919.191919.out
      SCALE executable : C:\SCALE-6.2.2/bin/scale
      
 *******************************************************************************


    module arp will be called on Wed Feb 13 18:28:28 2019.
    sequence specification record:=arp
Input Data:

      'library type
      w17x17
      2.800000
      ' num cycles
      1
      ' num days per cycle
      550
      ' cycle average specific power (MW / MTU)
      39.853076
      ' number of interpolated cross section sets generated per cycle
      1
      ' moderator density (g/cc)
      0.723
      ' interpolated output ORIGEN library
      w17x17_100d.f33
end

1






        ************************************************************************************************************************
        ************************************************************************************************************************
        ************************************************************************************************************************
        *****                                                                                                              *****
        *****                                       program verification information                                       *****
        *****                                                                                                              *****
        *****                                   code system:  SCALE    version:  6.2                                       *****
        *****                                                                                                              *****
        ************************************************************************************************************************
        ************************************************************************************************************************
        *****                                                                                                              *****
        *****                                                                                                              *****
        *****              program:  arp.exe                                                                               *****
        *****                                                                                                              *****
        *****        creation date:   unknown                                                                              *****
        *****                                                                                                              *****
        *****              library:  C:\SCALE-6.2.2\bin                                                                    *****
        *****                                                                                                              *****
        *****                                                                                                              *****
        *****            prod code:  arp.exe                                                                               *****
        *****                                                                                                              *****
        *****              version:  6.2.2                                                                                 *****
        *****                                                                                                              *****
        *****              jobname:  Teddy                                                                                 *****
        *****                                                                                                              *****
        *****         machine name:  DESKTOP-J14NAA6                                                                       *****
        *****                                                                                                              *****
        *****    date of execution:  13_feb_2019                                                                           *****
        *****                                                                                                              *****
        *****    time of execution:  18:28:28.80                                                                           *****
        *****                                                                                                              *****
        *****                                                                                                              *****
        ************************************************************************************************************************
        ************************************************************************************************************************
        ************************************************************************************************************************


 'library type
    data library:       w17x17
       directory:       C:/SCALE-6.2.2/data/\arplibs
       definition:      C:/SCALE-6.2.2/data/\arpdata.txt
    u-235 enrichment:                        2.800

 ' num cycles
    number of cycles:                            1

 ' num days per cycle

 ' cycle average specific power (MW / MTU)

 ' number of interpolated cross section sets generated per cycle

 ' moderator density (g/cc)
    water density (g/cm3):                  0.7230
                                         cycle        cumulative      midpoint
   cycle time(d)        power(MW)      burnup(MWd/MTU)burnup(MWd/MTU)burnup(MWd/MTU)nlib
     1    550.000        39.8531        21919.2        21919.2        10959.6             1

 ' interpolated output ORIGEN library
    interpolated library name:                   w17x17_100d.f33
 interpolation type: spline
 Cross section library interpolation completed.
.
.
.
=========================================================================================================================
ARP finished successfully.
=========================================================================================================================
    module arp used 1.84336 seconds cpu time for the current pass.

    module arp is finished. completion code    0. total cpu time used 1.11968e-005 seconds.



    module origen will be called on Wed Feb 13 18:28:30 2019.
    sequence specification record:=origen
Input Data:

      case(irrad) {
          lib{
              file="w17x17_100d.f33" pos=1
          }
          mat {
              units=GRAMS
              iso=[u235=28000.000000 u238=972000.000000]
          }
          time = [ 550 ]
          power = [ 39.853076 ]
      }
      case (decay) {
          time {
              units=YEARS
              start=0
              t=[1]
          }
          save{ file="discharge.f71" steps=[0 LAST]}
      }
end

1






        ************************************************************************************************************************
        ************************************************************************************************************************
        ************************************************************************************************************************
        *****                                                                                                              *****
        *****                                       program verification information                                       *****
        *****                                                                                                              *****
        *****                                   code system:  SCALE    version:  6.2                                       *****
        *****                                                                                                              *****
        ************************************************************************************************************************
        ************************************************************************************************************************
        *****                                                                                                              *****
        *****                                                                                                              *****
        *****              program:  origen.exe                                                                            *****
        *****                                                                                                              *****
        *****        creation date:   unknown                                                                              *****
        *****                                                                                                              *****
        *****              library:  C:\SCALE-6.2.2\bin                                                                    *****
        *****                                                                                                              *****
        *****                                                                                                              *****
        *****            prod code:  origen.exe                                                                            *****
        *****                                                                                                              *****
        *****              version:  6.2.2                                                                                 *****
        *****                                                                                                              *****
        *****              jobname:  Teddy                                                                                 *****
        *****                                                                                                              *****
        *****         machine name:  DESKTOP-J14NAA6                                                                       *****
        *****                                                                                                              *****
        *****    date of execution:  13_feb_2019                                                                           *****
        *****                                                                                                              *****
        *****    time of execution:  18:28:30.65                                                                           *****
        *****                                                                                                              *****
        *****                                                                                                              *****
        ************************************************************************************************************************
        ************************************************************************************************************************
        ************************************************************************************************************************

*************************************************************************************************************************
********************                                                                                 ********************
********************                                                                                 ********************
********************                    USER INPUT SUMMARY                                           ********************
********************                                                                                 ********************
********************                                                                                 ********************
*************************************************************************************************************************
.
.
=========================================================================================================================
=   Case "irrad" (#1/2)                                                                                                 =
-------------------------------------------------------------------------------------------------------------------------
###   Library settings                                                                                                ###
.
                                Library file name:     C:/Users/Teddy/AppData/Local/Temp/scale.Teddy.12828/w17x17_100d.f33
                             Library set position:              1
                 Fission product reaction removal:             no
-------------------------------------------------------------------------------------------------------------------------
###   Global settings                                                                                                 ###
.
                                           Solver:              MATREX
                                             Mode:        forward
                             Fixed fission energy:             no
-------------------------------------------------------------------------------------------------------------------------
###   Concentrations output options                                                                                   ###
.
                            High-precision output:             no
                                  Relative cutoff:            yes
                         Step for applying cutoff:       integral
.
                      light els.   actinides  fis.prods.       total
                       nuc    el   nuc    el   nuc    el   nuc    el             cutoff
gram-atoms                                                                    1.000E-06
grams                                                      **                 1.000E-06
curies                                                                        1.000E-06
watts                                                                         1.000E-06
gamma watts                                                                   1.000E-06
m3 air                                                                        1.000E-06
m3 water                                                                      1.000E-06
grams ppm                                                                     1.000E-06
atoms ppm                                                                     1.000E-06
atoms/barn-cm                                                                 1.000E-06
becquerels                                                                    1.000E-06
-------------------------------------------------------------------------------------------------------------------------
###   Additional output options                                                                                       ###
.
                                      Print k-inf:             no
           Nuclides for absorption fraction print:           none
                              Print fission rates:             no
            Step for sorting absorption fractions:              1
=========================================================================================================================
=   Case "decay" (#2/2)                                                                                                 =
-------------------------------------------------------------------------------------------------------------------------
###   Library settings                                                                                                ###
.
                                Library file name:     C:/Users/Teddy/AppData/Local/Temp/scale.Teddy.12828/w17x17_100d.f33
                             Library set position:              1
                 Fission product reaction removal:             no
-------------------------------------------------------------------------------------------------------------------------
###   Global settings                                                                                                 ###
.
                                           Solver:              MATREX
                                             Mode:        forward
                             Fixed fission energy:             no
-------------------------------------------------------------------------------------------------------------------------
###   Concentrations output options                                                                                   ###
.
                            High-precision output:             no
                                  Relative cutoff:            yes
                         Step for applying cutoff:       integral
.
                      light els.   actinides  fis.prods.       total
                       nuc    el   nuc    el   nuc    el   nuc    el             cutoff
gram-atoms                                                                    1.000E-06
grams                                                      **                 1.000E-06
curies                                                                        1.000E-06
watts                                                                         1.000E-06
gamma watts                                                                   1.000E-06
m3 air                                                                        1.000E-06
m3 water                                                                      1.000E-06
grams ppm                                                                     1.000E-06
atoms ppm                                                                     1.000E-06
atoms/barn-cm                                                                 1.000E-06
becquerels                                                                    1.000E-06
-------------------------------------------------------------------------------------------------------------------------
###   Additional output options                                                                                       ###
.
                                      Print k-inf:             no
           Nuclides for absorption fraction print:           none
                              Print fission rates:             no
            Step for sorting absorption fractions:              1
=========================================================================================================================
###   Blending information                                                                                            ###
.
  --- no blending requested in this job ---
=========================================================================================================================
.
.
=========================================================================================================================
=   History overview for case 'irrad' (#1/2)                                                                            =
-------------------------------------------------------------------------------------------------------------------------
   step          t0          t1          dt           t        flux     fluence       power      energy
    (-)         (d)         (d)         (s)         (s)   (n/cm2-s)     (n/cm2)        (MW)       (MWd)
      1      0.0000    550.0000  4.7520E+07  4.7520E+07  3.7632E+14  1.7883E+22  3.9853E+01  2.1919E+04
          
              step - step index within this case
                t0 - time at beginning-of-step in input units
                t1 - time at end-of-step in input units
                dt - length of step in seconds
                 t - end-of-step cumulative time in seconds
              flux - flux in neutrons/cm^2-sec (CALCULATED)
           fluence - cumulative end-of-step fluence in neutrons/cm^2 (CALCULATED)
             power - power in mega-watts (INPUT)     
            energy - cumulative end-of-step energy released in mega-watt-days (INPUT)     
=========================================================================================================================
.
.
.
.
.
*************************************************************************************************************************
********************                                                                                 ********************
********************                                                                                 ********************
********************                    Library information                                          ********************
********************                                                                                 ********************
********************                                                                                 ********************
*************************************************************************************************************************
.
.
=========================================================================================================================
=   Library summary for case 'irrad' (#1/2)                                                                             =
-------------------------------------------------------------------------------------------------------------------------
filename: C:/Users/Teddy/AppData/Local/Temp/scale.Teddy.12828/w17x17_100d.f33 cross-section data taken from position number: 1
library title delimited by {}: 
{}
date library was produced: 538976288/538976288/538976288
total number of nuclides in library: 2237
number of light-element nuclides: 910
number of actinide nuclides: 176
number of fission product nuclides: 1151
number of nonzero off-diagonal matrix elements: 54564
=========================================================================================================================
.
.
*************************************************************************************************************************
********************                                                                                 ********************
********************                                                                                 ********************
********************                    Concentration tables                                         ********************
********************                                                                                 ********************
********************                                                                                 ********************
*************************************************************************************************************************
.
.
=========================================================================================================================
=   Nuclide concentrations in grams for case 'irrad' (#1/2)                                                             =
-------------------------------------------------------------------------------------------------------------------------
  (relative cutoff; integral of concentrations over time >   1.00E-06 % of integral of all concentrations over time)
.
                   0.000d    550.000d   
  h-3          0.0000E+00  3.4196E-02
  he-4         0.0000E+00  8.4478E-01
  u-234        0.0000E+00  1.2393E+00
  u-235        2.8000E+04  1.0561E+04
  u-236        0.0000E+00  2.9769E+03
  u-237        0.0000E+00  8.1732E+00
  u-238        9.7200E+05  9.5476E+05
  u-239        0.0000E+00  6.5607E-01
  np-237       0.0000E+00  2.4040E+02
  np-238       0.0000E+00  8.2601E-01
  np-239       0.0000E+00  9.4713E+01
  pu-238       0.0000E+00  5.8549E+01
  pu-239       0.0000E+00  4.8331E+03
  pu-240       0.0000E+00  1.5450E+03
  pu-241       0.0000E+00  1.0852E+03
  pu-242       0.0000E+00  2.6948E+02
  pu-243       0.0000E+00  8.0641E-02
  am-241       0.0000E+00  1.8257E+01
  am-242m      0.0000E+00  3.1237E-01
  am-242       0.0000E+00  6.4978E-02
  am-243       0.0000E+00  3.2917E+01
  cm-242       0.0000E+00  5.6946E+00
  cm-243       0.0000E+00  9.2157E-02
  cm-244       0.0000E+00  6.9063E+00
  cm-245       0.0000E+00  2.5392E-01
  ge-74        0.0000E+00  3.5103E-02
  as-75        0.0000E+00  8.7664E-02
  ge-76        0.0000E+00  2.3104E-01
  se-77        0.0000E+00  5.5542E-01
  se-78        0.0000E+00  1.5635E+00
  se-79        0.0000E+00  3.3750E+00
  se-80        0.0000E+00  8.8707E+00
  br-81        0.0000E+00  1.4791E+01
  se-82        0.0000E+00  2.3244E+01
  kr-82        0.0000E+00  2.9460E-01
  kr-83        0.0000E+00  3.1173E+01
  kr-84        0.0000E+00  7.4606E+01
  kr-85        0.0000E+00  1.8104E+01
  kr-85m       0.0000E+00  3.2516E-02
  rb-85        0.0000E+00  6.9205E+01
  kr-86        0.0000E+00  1.3080E+02
  sr-86        0.0000E+00  1.7789E-01
  rb-87        0.0000E+00  1.7214E+02
  kr-88        0.0000E+00  5.4739E-02
  sr-88        0.0000E+00  2.3958E+02
  sr-89        0.0000E+00  3.1702E+01
  y-89         0.0000E+00  2.9356E+02
  sr-90        0.0000E+00  3.8676E+02
  y-90         0.0000E+00  1.0298E-01
  zr-90        0.0000E+00  8.0584E+00
  sr-91        0.0000E+00  3.3700E-01
  y-91         0.0000E+00  5.3040E+01
  zr-91        0.0000E+00  3.6341E+02
  sr-92        0.0000E+00  1.0375E-01
  y-92         0.0000E+00  1.3711E-01
  zr-92        0.0000E+00  4.5044E+02
  y-93         0.0000E+00  4.5336E-01
  zr-93        0.0000E+00  4.9679E+02
  zr-94        0.0000E+00  5.2878E+02
  zr-95        0.0000E+00  8.3021E+01
  nb-95        0.0000E+00  4.5213E+01
  nb-95m       0.0000E+00  5.0627E-02
  mo-95        0.0000E+00  4.5113E+02
  zr-96        0.0000E+00  5.5863E+02
  mo-96        0.0000E+00  1.6146E+01
  zr-97        0.0000E+00  9.0311E-01
  nb-97        0.0000E+00  6.5258E-02
  mo-97        0.0000E+00  5.5276E+02
  mo-98        0.0000E+00  5.6728E+02
  mo-99        0.0000E+00  4.0201E+00
  tc-99        0.0000E+00  5.6136E+02
  tc-99m       0.0000E+00  3.2261E-01
  ru-99        0.0000E+00  2.0047E-02
  mo-100       0.0000E+00  6.4186E+02
  ru-100       0.0000E+00  4.3470E+01
  ru-101       0.0000E+00  5.3970E+02
  ru-102       0.0000E+00  5.2950E+02
  ru-103       0.0000E+00  5.1983E+01
  rh-103       0.0000E+00  3.3277E+02
  rh-103m      0.0000E+00  5.1033E-02
  ru-104       0.0000E+00  3.6281E+02
  pd-104       0.0000E+00  1.0846E+02
  ru-105       0.0000E+00  1.7404E-01
  rh-105       0.0000E+00  1.2583E+00
  pd-105       0.0000E+00  2.4811E+02
  ru-106       0.0000E+00  1.3420E+02
  pd-106       0.0000E+00  9.8956E+01
  pd-107       0.0000E+00  1.3718E+02
  pd-108       0.0000E+00  8.8415E+01
  pd-109       0.0000E+00  1.5620E-01
  ag-109       0.0000E+00  5.0557E+01
  pd-110       0.0000E+00  2.8888E+01
  ag-110m      0.0000E+00  3.3496E-01
  cd-110       0.0000E+00  1.3667E+01
  ag-111       0.0000E+00  4.1638E-01
  cd-111       0.0000E+00  1.4036E+01
  pd-112       0.0000E+00  2.2318E-02
  cd-112       0.0000E+00  7.4398E+00
  cd-113       0.0000E+00  1.0582E-01
  cd-114       0.0000E+00  9.2764E+00
  cd-115       0.0000E+00  2.1732E-02
  cd-115m      0.0000E+00  2.6433E-02
  in-115       0.0000E+00  1.6136E+00
  sn-115       0.0000E+00  1.5686E-01
  cd-116       0.0000E+00  3.5983E+00
  sn-116       0.0000E+00  1.6925E+00
  sn-117       0.0000E+00  3.2887E+00
  sn-118       0.0000E+00  3.0720E+00
  sn-119       0.0000E+00  3.0006E+00
  sn-119m      0.0000E+00  5.7806E-02
  sn-120       0.0000E+00  3.0759E+00
  sn-121m      0.0000E+00  2.4467E-01
  sb-121       0.0000E+00  3.0059E+00
  sn-122       0.0000E+00  3.9142E+00
  te-122       0.0000E+00  1.3669E-01
  sn-123       0.0000E+00  1.8585E-01
  sb-123       0.0000E+00  3.7438E+00
  sn-124       0.0000E+00  6.2459E+00
  sb-124       0.0000E+00  2.9013E-02
  te-124       0.0000E+00  7.9821E-02
  sn-125       0.0000E+00  1.0183E-01
  sb-125       0.0000E+00  6.9205E+00
  te-125       0.0000E+00  1.2181E+00
  te-125m      0.0000E+00  7.7596E-02
  sn-126       0.0000E+00  1.3447E+01
  te-126       0.0000E+00  3.4115E-01
  sb-127       0.0000E+00  3.7929E-01
  te-127       0.0000E+00  3.4326E-02
  te-127m      0.0000E+00  7.0350E-01
  i-127        0.0000E+00  2.8959E+01
  te-128       0.0000E+00  6.3163E+01
  xe-128       0.0000E+00  1.0832E+00
  sb-129       0.0000E+00  5.4583E-02
  te-129m      0.0000E+00  1.6401E+00
  i-129        0.0000E+00  1.0390E+02
  te-130       0.0000E+00  2.5696E+02
  xe-130       0.0000E+00  2.8379E+00
  te-131m      0.0000E+00  2.8674E-01
  i-131        0.0000E+00  8.4821E+00
  xe-131       0.0000E+00  3.2496E+02
  xe-131m      0.0000E+00  1.4507E-01
  te-132       0.0000E+00  4.8121E+00
  i-132        0.0000E+00  1.4728E-01
  xe-132       0.0000E+00  7.0517E+02
  te-133m      0.0000E+00  4.1544E-02
  i-133        0.0000E+00  1.8842E+00
  xe-133       0.0000E+00  1.1405E+01
  xe-133m      0.0000E+00  1.4684E-01
  cs-133       0.0000E+00  8.0716E+02
  te-134       0.0000E+00  5.5736E-02
  i-134        0.0000E+00  8.9256E-02
  xe-134       0.0000E+00  1.0434E+03
  cs-134       0.0000E+00  6.6360E+01
  ba-134       0.0000E+00  1.2091E+01
  i-135        0.0000E+00  5.7635E-01
  xe-135       0.0000E+00  1.8365E-01
  cs-135       0.0000E+00  1.9765E+02
  ba-135       0.0000E+00  4.8030E-02
  xe-136       0.0000E+00  1.6284E+03
  cs-136       0.0000E+00  4.0362E-01
  ba-136       0.0000E+00  7.9366E+00
  cs-137       0.0000E+00  8.4647E+02
  ba-137       0.0000E+00  1.5258E+01
  cs-138       0.0000E+00  4.8329E-02
  ba-138       0.0000E+00  8.9377E+02
  ba-139       0.0000E+00  1.1534E-01
  la-139       0.0000E+00  8.4186E+02
  ba-140       0.0000E+00  2.4662E+01
  la-140       0.0000E+00  3.3127E+00
  ce-140       0.0000E+00  8.1699E+02
  ba-141       0.0000E+00  2.3206E-02
  la-141       0.0000E+00  3.0091E-01
  ce-141       0.0000E+00  5.9404E+01
  pr-141       0.0000E+00  7.3573E+02
  la-142       0.0000E+00  1.1278E-01
  ce-142       0.0000E+00  7.7793E+02
  pr-142       0.0000E+00  3.7451E-02
  nd-142       0.0000E+00  9.1737E+00
  ce-143       0.0000E+00  2.3904E+00
  pr-143       0.0000E+00  2.3413E+01
  nd-143       0.0000E+00  5.9316E+02
  ce-144       0.0000E+00  3.7287E+02
  nd-144       0.0000E+00  4.8534E+02
  pr-145       0.0000E+00  2.9909E-01
  nd-145       0.0000E+00  4.8510E+02
  nd-146       0.0000E+00  4.5651E+02
  nd-147       0.0000E+00  8.2565E+00
  pm-147       0.0000E+00  1.6686E+02
  sm-147       0.0000E+00  3.5920E+01
  nd-148       0.0000E+00  2.5674E+02
  pm-148       0.0000E+00  1.1656E+00
  pm-148m      0.0000E+00  1.2547E+00
  sm-148       0.0000E+00  6.5156E+01
  nd-149       0.0000E+00  3.2002E-02
  pm-149       0.0000E+00  1.3633E+00
  sm-149       0.0000E+00  2.0697E+00
  nd-150       0.0000E+00  1.1989E+02
  sm-150       0.0000E+00  2.0098E+02
  pm-151       0.0000E+00  2.7591E-01
  sm-151       0.0000E+00  9.8260E+00
  sm-152       0.0000E+00  8.4137E+01
  sm-153       0.0000E+00  8.7907E-01
  eu-153       0.0000E+00  7.5074E+01
  sm-154       0.0000E+00  2.4075E+01
  eu-154       0.0000E+00  1.3887E+01
  gd-154       0.0000E+00  5.8526E-01
  eu-155       0.0000E+00  5.4213E+00
  gd-155       0.0000E+00  3.1906E-02
  eu-156       0.0000E+00  3.3884E+00
  gd-156       0.0000E+00  4.0954E+01
  gd-157       0.0000E+00  6.9717E-02
  gd-158       0.0000E+00  1.0052E+01
  tb-159       0.0000E+00  1.4330E+00
  gd-160       0.0000E+00  6.4376E-01
  tb-160       0.0000E+00  4.0852E-02
  dy-160       0.0000E+00  6.1538E-02
  dy-161       0.0000E+00  2.1347E-01
  dy-162       0.0000E+00  1.5701E-01
  dy-163       0.0000E+00  1.0410E-01
  dy-164       0.0000E+00  2.2495E-02
  ho-165       0.0000E+00  3.3879E-02
------------
  totals       1.0000E+06  1.0001E+06
=========================================================================================================================
.
.
=========================================================================================================================
=   History overview for case 'decay' (#2/2)                                                                            =
-------------------------------------------------------------------------------------------------------------------------
   step          t0          t1          dt           t        flux     fluence       power      energy
    (-)         (y)         (y)         (s)         (s)   (n/cm2-s)     (n/cm2)        (MW)       (MWd)
      1      1.5057      2.5057  3.1560E+07  7.9080E+07  0.0000E+00  1.7883E+22  0.0000E+00  2.1919E+04
          
              step - step index within this case
                t0 - time at beginning-of-step in input units
                t1 - time at end-of-step in input units
                dt - length of step in seconds
                 t - end-of-step cumulative time in seconds
              flux - flux in neutrons/cm^2-sec (CALCULATED)
           fluence - cumulative end-of-step fluence in neutrons/cm^2 (CALCULATED)
             power - power in mega-watts (INPUT)     
            energy - cumulative end-of-step energy released in mega-watt-days (INPUT)     
=========================================================================================================================
.
.
.
.
.
*************************************************************************************************************************
********************                                                                                 ********************
********************                                                                                 ********************
********************                    Library information                                          ********************
********************                                                                                 ********************
********************                                                                                 ********************
*************************************************************************************************************************
.
.
=========================================================================================================================
=   Library summary for case 'decay' (#2/2)                                                                             =
-------------------------------------------------------------------------------------------------------------------------
filename: C:/Users/Teddy/AppData/Local/Temp/scale.Teddy.12828/w17x17_100d.f33 cross-section data taken from position number: 1
library title delimited by {}: 
{}
date library was produced: 538976288/538976288/538976288
total number of nuclides in library: 2237
number of light-element nuclides: 910
number of actinide nuclides: 176
number of fission product nuclides: 1151
number of nonzero off-diagonal matrix elements: 54564
=========================================================================================================================
.
.
*************************************************************************************************************************
********************                                                                                 ********************
********************                                                                                 ********************
********************                    Concentration tables                                         ********************
********************                                                                                 ********************
********************                                                                                 ********************
*************************************************************************************************************************
.
.
=========================================================================================================================
=   Nuclide concentrations in grams for case 'decay' (#2/2)                                                             =
-------------------------------------------------------------------------------------------------------------------------
  (relative cutoff; integral of concentrations over time >   1.00E-06 % of integral of all concentrations over time)
.
                   1.506y      2.506y   
  h-3          3.4196E-02  3.2325E-02
  he-4         8.4478E-01  9.3862E-01
  u-234        1.2393E+00  1.7205E+00
  u-235        1.0561E+04  1.0561E+04
  u-236        2.9769E+03  2.9770E+03
  u-237        8.1732E+00  3.2252E-05
  u-238        9.5476E+05  9.5476E+05
  u-239        6.5607E-01  0.0000E+00
  np-237       2.4040E+02  2.4864E+02
  np-238       8.2601E-01  5.7680E-08
  np-239       9.4713E+01  2.8401E-05
  pu-238       5.8549E+01  6.3344E+01
  pu-239       4.8331E+03  4.9283E+03
  pu-240       1.5450E+03  1.5451E+03
  pu-241       1.0852E+03  1.0338E+03
  pu-242       2.6948E+02  2.6949E+02
  pu-243       8.0641E-02  3.5778E-15
  am-241       1.8257E+01  6.9570E+01
  am-242m      3.1237E-01  3.1083E-01
  am-242       6.4978E-02  4.0104E-06
  am-243       3.2917E+01  3.2994E+01
  cm-242       5.6946E+00  1.2160E+00
  cm-243       9.2157E-02  8.9988E-02
  cm-244       6.9063E+00  6.6508E+00
  cm-245       2.5392E-01  2.5390E-01
  cm-246       1.6046E-02  1.6043E-02
  ge-73        1.3706E-02  1.3713E-02
  ge-74        3.5103E-02  3.5104E-02
  as-75        8.7664E-02  8.7677E-02
  ge-76        2.3104E-01  2.3104E-01
  se-77        5.5542E-01  5.5811E-01
  se-78        1.5635E+00  1.5639E+00
  se-79        3.3750E+00  3.3750E+00
  se-80        8.8707E+00  8.8707E+00
  br-81        1.4791E+01  1.4792E+01
  se-82        2.3244E+01  2.3244E+01
  kr-82        2.9460E-01  2.9673E-01
  kr-83        3.1173E+01  3.1188E+01
  kr-84        7.4606E+01  7.4609E+01
  kr-85        1.8104E+01  1.6980E+01
  kr-85m       3.2516E-02  0.0000E+00
  rb-85        6.9205E+01  7.0361E+01
  kr-86        1.3080E+02  1.3080E+02
  sr-86        1.7789E-01  1.9468E-01
  rb-87        1.7214E+02  1.7216E+02
  kr-88        5.4739E-02  0.0000E+00
  sr-88        2.3958E+02  2.3964E+02
  sr-89        3.1702E+01  2.1137E-01
  y-89         2.9356E+02  3.2506E+02
  sr-90        3.8676E+02  3.7756E+02
  y-90         1.0298E-01  9.5774E-02
  zr-90        8.0584E+00  1.7267E+01
  sr-91        3.3700E-01  0.0000E+00
  y-91         5.3040E+01  7.0497E-01
  zr-91        3.6341E+02  4.1610E+02
  sr-92        1.0375E-01  0.0000E+00
  y-92         1.3711E-01  0.0000E+00
  zr-92        4.5044E+02  4.5068E+02
  y-93         4.5336E-01  0.0000E+00
  zr-93        4.9679E+02  4.9725E+02
  zr-94        5.2878E+02  5.2880E+02
  zr-95        8.3021E+01  1.5921E+00
  nb-95        4.5213E+01  1.9395E+00
  nb-95m       5.0627E-02  1.0275E-03
  mo-95        4.5113E+02  5.7595E+02
  zr-96        5.5863E+02  5.5863E+02
  mo-96        1.6146E+01  1.6150E+01
  zr-97        9.0311E-01  0.0000E+00
  nb-97        6.5258E-02  0.0000E+00
  mo-97        5.5276E+02  5.5373E+02
  mo-98        5.6728E+02  5.6728E+02
  mo-99        4.0201E+00  0.0000E+00
  tc-99        5.6136E+02  5.6570E+02
  tc-99m       3.2261E-01  0.0000E+00
  ru-99        2.0047E-02  2.2047E-02
  mo-100       6.4186E+02  6.4186E+02
  ru-100       4.3470E+01  4.3470E+01
  ru-101       5.3970E+02  5.3973E+02
  ru-102       5.2950E+02  5.2951E+02
  ru-103       5.1983E+01  8.2058E-02
  rh-103       3.3277E+02  3.8473E+02
  rh-103m      5.1033E-02  8.0601E-05
  ru-104       3.6281E+02  3.6283E+02
  pd-104       1.0846E+02  1.0846E+02
  ru-105       1.7404E-01  0.0000E+00
  rh-105       1.2583E+00  0.0000E+00
  pd-105       2.4811E+02  2.4954E+02
  ru-106       1.3420E+02  6.7918E+01
  pd-106       9.8956E+01  1.6524E+02
  pd-107       1.3718E+02  1.3719E+02
  pd-108       8.8415E+01  8.8417E+01
  pd-109       1.5620E-01  0.0000E+00
  ag-109       5.0557E+01  5.0714E+01
  pd-110       2.8888E+01  2.8888E+01
  ag-110m      3.3496E-01  1.2154E-01
  cd-110       1.3667E+01  1.3881E+01
  ag-111       4.1638E-01  7.2558E-16
  cd-111       1.4036E+01  1.4453E+01
  pd-112       2.2318E-02  0.0000E+00
  cd-112       7.4398E+00  7.4655E+00
  cd-113       1.0582E-01  1.0846E-01
  cd-114       9.2764E+00  9.2765E+00
  cd-115       2.1732E-02  0.0000E+00
  cd-115m      2.6433E-02  9.0071E-05
  in-115       1.6136E+00  1.6625E+00
  sn-115       1.5686E-01  1.5804E-01
  cd-116       3.5983E+00  3.5983E+00
  sn-116       1.6925E+00  1.6927E+00
  sn-117       3.2887E+00  3.2908E+00
  sn-118       3.0720E+00  3.0723E+00
  sn-119       3.0006E+00  3.0341E+00
  sn-119m      5.7806E-02  2.4360E-02
  sn-120       3.0759E+00  3.0759E+00
  sn-121m      2.4467E-01  2.4084E-01
  sb-121       3.0059E+00  3.0197E+00
  sn-122       3.9142E+00  3.9142E+00
  te-122       1.3669E-01  1.3874E-01
  sn-123       1.8585E-01  2.6186E-02
  sb-123       3.7438E+00  3.9037E+00
  sn-124       6.2459E+00  6.2459E+00
  sb-124       2.9013E-02  4.3251E-04
  te-124       7.9821E-02  1.0840E-01
  sn-125       1.0183E-01  3.9918E-13
  sb-125       6.9205E+00  5.4627E+00
  te-125       1.2181E+00  2.7794E+00
  te-125m      7.7596E-02  7.5910E-02
  sn-126       1.3447E+01  1.3447E+01
  te-126       3.4115E-01  3.4634E-01
  sb-127       3.7929E-01  0.0000E+00
  te-127       3.4326E-02  2.6388E-04
  te-127m      7.0350E-01  7.5374E-02
  i-127        2.8959E+01  3.0006E+01
  te-128       6.3163E+01  6.3176E+01
  xe-128       1.0832E+00  1.0833E+00
  sb-129       5.4583E-02  0.0000E+00
  te-129m      1.6401E+00  8.7997E-04
  i-129        1.0390E+02  1.0561E+02
  te-130       2.5696E+02  2.5697E+02
  xe-130       2.8379E+00  2.8451E+00
  te-131m      2.8674E-01  0.0000E+00
  i-131        8.4821E+00  1.7597E-13
  xe-131       3.2496E+02  3.3391E+02
  xe-131m      1.4507E-01  2.2844E-10
  te-132       4.8121E+00  0.0000E+00
  i-132        1.4728E-01  0.0000E+00
  xe-132       7.0517E+02  7.1013E+02
  te-133m      4.1544E-02  0.0000E+00
  i-133        1.8842E+00  0.0000E+00
  xe-133       1.1405E+01  1.4930E-20
  xe-133m      1.4684E-01  0.0000E+00
  cs-133       8.0716E+02  8.2065E+02
  te-134       5.5736E-02  0.0000E+00
  i-134        8.9256E-02  0.0000E+00
  xe-134       1.0434E+03  1.0436E+03
  cs-134       6.6360E+01  4.7442E+01
  ba-134       1.2091E+01  3.1014E+01
  i-135        5.7635E-01  0.0000E+00
  xe-135       1.8365E-01  0.0000E+00
  cs-135       1.9765E+02  1.9842E+02
  ba-135       4.8030E-02  4.8132E-02
  xe-136       1.6284E+03  1.6284E+03
  cs-136       4.0362E-01  1.7796E-09
  ba-136       7.9366E+00  8.3402E+00
  cs-137       8.4647E+02  8.2719E+02
  ba-137       1.5258E+01  3.4542E+01
  cs-138       4.8329E-02  0.0000E+00
  ba-138       8.9377E+02  8.9383E+02
  ba-139       1.1534E-01  0.0000E+00
  la-139       8.4186E+02  8.4199E+02
  ba-140       2.4662E+01  5.8847E-08
  la-140       3.3127E+00  8.9191E-09
  ce-140       8.1699E+02  8.4496E+02
  ba-141       2.3206E-02  0.0000E+00
  la-141       3.0091E-01  0.0000E+00
  ce-141       5.9404E+01  2.4753E-02
  pr-141       7.3573E+02  7.9543E+02
  la-142       1.1278E-01  0.0000E+00
  ce-142       7.7793E+02  7.7805E+02
  pr-142       3.7451E-02  0.0000E+00
  nd-142       9.1737E+00  9.2113E+00
  ce-143       2.3904E+00  0.0000E+00
  pr-143       2.3413E+01  2.0574E-07
  nd-143       5.9316E+02  6.1898E+02
  ce-144       3.7287E+02  1.5333E+02
  pr-144       1.5839E-02  6.4584E-03
  nd-144       4.8534E+02  7.0489E+02
  pr-145       2.9909E-01  0.0000E+00
  nd-145       4.8510E+02  4.8540E+02
  nd-146       4.5651E+02  4.5654E+02
  nd-147       8.2565E+00  7.9907E-10
  pm-147       1.6686E+02  1.3454E+02
  sm-147       3.5920E+01  7.6514E+01
  nd-148       2.5674E+02  2.5674E+02
  pm-148       1.1656E+00  1.7104E-05
  pm-148m      1.2547E+00  2.7252E-03
  sm-148       6.5156E+01  6.7573E+01
  nd-149       3.2002E-02  0.0000E+00
  pm-149       1.3633E+00  0.0000E+00
  sm-149       2.0697E+00  3.4657E+00
  nd-150       1.1989E+02  1.1989E+02
  sm-150       2.0098E+02  2.0098E+02
  pm-151       2.7591E-01  0.0000E+00
  sm-151       9.8260E+00  1.0026E+01
  eu-151       8.9547E-03  8.6470E-02
  sm-152       8.4137E+01  8.4139E+01
  gd-152       1.2265E-02  1.2377E-02
  sm-153       8.7907E-01  0.0000E+00
  eu-153       7.5074E+01  7.5954E+01
  sm-154       2.4075E+01  2.4075E+01
  eu-154       1.3887E+01  1.2812E+01
  gd-154       5.8526E-01  1.6604E+00
  eu-155       5.4213E+00  4.6862E+00
  gd-155       3.1906E-02  7.6774E-01
  eu-156       3.3884E+00  1.9615E-07
  gd-156       4.0954E+01  4.4354E+01
  gd-157       6.9717E-02  8.6304E-02
  gd-158       1.0052E+01  1.0052E+01
  tb-159       1.4330E+00  1.4382E+00
  gd-160       6.4376E-01  6.4376E-01
  tb-160       4.0852E-02  1.2312E-03
  dy-160       6.1538E-02  1.0116E-01
  dy-161       2.1347E-01  2.2301E-01
  dy-162       1.5701E-01  1.5701E-01
  dy-163       1.0410E-01  1.0411E-01
  dy-164       2.2495E-02  2.2495E-02
  ho-165       3.3879E-02  3.3903E-02
------------
  totals       1.0001E+06  1.0001E+06
=========================================================================================================================
.
.
*************************************************************************************************************************
********************                                                                                 ********************
********************                                                                                 ********************
********************                    Written F71 File Information                                 ********************
********************                                                                                 ********************
********************                                                                                 ********************
*************************************************************************************************************************
.
.
   pos         time        power         flux      fluence       energy libpos   case   step DCGNAB
   (-)          (s)         (MW)    (n/cm2-s)      (n/cm2)        (MWd)    (-)    (-)    (-)    (-)
     1  4.75200e+07  0.00000e+00  0.00000e+00  1.78829e+22  2.19192e+04      1      2      0 DC----
     2  7.90800e+07  0.00000e+00  0.00000e+00  1.78829e+22  2.19192e+04      1      2      1 DC----
    D - state definition present
    C - concentrations present
    G - gamma emission spectra present
    N - neutron emission spectra present
    A - alpha emission spectra present
    B - beta emission spectra present
.
.
.
=========================================================================================================================
ORIGEN finished successfully.
=========================================================================================================================
    module origen used 0.412506 seconds cpu time for the current pass.

    module origen is finished. completion code    0. total cpu time used 3.26573e-006 seconds.


    SCALE is finished on Wed Feb 13 18:28:31 2019.
-------------------------- Summary --------------------------
arp finished. used 1.84918 seconds.
origen finished. used 0.417714 seconds.
SCALE driver required a maximum of 8.305 MiB of RAM.
------------------------ End Summary ------------------------

w17x17_100d.f33 copied to C:\Users\Teddy\Desktop\scale_test\output\w17x17_100d.f33.
discharge.f71 copied to C:\Users\Teddy\Desktop\scale_test\output\discharge.f71.
