 *******************************************************************************
 *                                                                             *
 *                                 SCALE 6.2.2                                 *
 *                                -------------                                *
 *                                February 2019                                *
 *                                                                             *
 *           SCALE:  A Comprehensive Modeling and Simulation Suite             *
 *                   for Nuclear Safety Analysis and Design                    *
 *                                                                             *
 *                      Reactor and Nuclear Systems Division                   *
 *                        Oak Ridge National Laboratory                        *
 *                                                                             *
 *                           http://scale.ornl.gov                             *
 *                            scalehelp@ornl.gov                               *
 *                                                                             *
 *******************************************************************************
 *******************************************************************************
      
                  Job Information
                  ---------------
      Job started on DESKTOP-J14NAA6 on Wed 13/02/2019 18:30:06
      Working directory: C:\Users\Teddy\AppData\Local\Temp\scale.Teddy.2212
      Input file name  : C:\Users\Teddy\Desktop\scale_test\output\2.800000_40303.030303.inp
      Output file name : C:\Users\Teddy\Desktop\scale_test\output\2.800000_40303.030303.out
      SCALE executable : C:\SCALE-6.2.2/bin/scale
      
 *******************************************************************************


    module arp will be called on Wed Feb 13 18:30:07 2019.
    sequence specification record:=arp
Input Data:

      'library type
      w17x17
      2.800000
      ' num cycles
      1
      ' num days per cycle
      550
      ' cycle average specific power (MW / MTU)
      73.278237
      ' number of interpolated cross section sets generated per cycle
      1
      ' moderator density (g/cc)
      0.723
      ' interpolated output ORIGEN library
      w17x17_100d.f33
end

1






        ************************************************************************************************************************
        ************************************************************************************************************************
        ************************************************************************************************************************
        *****                                                                                                              *****
        *****                                       program verification information                                       *****
        *****                                                                                                              *****
        *****                                   code system:  SCALE    version:  6.2                                       *****
        *****                                                                                                              *****
        ************************************************************************************************************************
        ************************************************************************************************************************
        *****                                                                                                              *****
        *****                                                                                                              *****
        *****              program:  arp.exe                                                                               *****
        *****                                                                                                              *****
        *****        creation date:   unknown                                                                              *****
        *****                                                                                                              *****
        *****              library:  C:\SCALE-6.2.2\bin                                                                    *****
        *****                                                                                                              *****
        *****                                                                                                              *****
        *****            prod code:  arp.exe                                                                               *****
        *****                                                                                                              *****
        *****              version:  6.2.2                                                                                 *****
        *****                                                                                                              *****
        *****              jobname:  Teddy                                                                                 *****
        *****                                                                                                              *****
        *****         machine name:  DESKTOP-J14NAA6                                                                       *****
        *****                                                                                                              *****
        *****    date of execution:  13_feb_2019                                                                           *****
        *****                                                                                                              *****
        *****    time of execution:  18:30:07.22                                                                           *****
        *****                                                                                                              *****
        *****                                                                                                              *****
        ************************************************************************************************************************
        ************************************************************************************************************************
        ************************************************************************************************************************


 'library type
    data library:       w17x17
       directory:       C:/SCALE-6.2.2/data/\arplibs
       definition:      C:/SCALE-6.2.2/data/\arpdata.txt
    u-235 enrichment:                        2.800

 ' num cycles
    number of cycles:                            1

 ' num days per cycle

 ' cycle average specific power (MW / MTU)

 ' number of interpolated cross section sets generated per cycle

 ' moderator density (g/cc)
    water density (g/cm3):                  0.7230
                                         cycle        cumulative      midpoint
   cycle time(d)        power(MW)      burnup(MWd/MTU)burnup(MWd/MTU)burnup(MWd/MTU)nlib
     1    550.000        73.2782        40303.0        40303.0        20151.5             1

 ' interpolated output ORIGEN library
    interpolated library name:                   w17x17_100d.f33
 interpolation type: spline
 Cross section library interpolation completed.
.
.
.
=========================================================================================================================
ARP finished successfully.
=========================================================================================================================
    module arp used 2.44867 seconds cpu time for the current pass.

    module arp is finished. completion code    0. total cpu time used 1.58621e-005 seconds.



    module origen will be called on Wed Feb 13 18:30:09 2019.
    sequence specification record:=origen
Input Data:

      case(irrad) {
          lib{
              file="w17x17_100d.f33" pos=1
          }
          mat {
              units=GRAMS
              iso=[u235=28000.000000 u238=972000.000000]
          }
          time = [ 550 ]
          power = [ 73.278237 ]
      }
      case (decay) {
          time {
              units=YEARS
              start=0
              t=[1]
          }
          save{ file="discharge.f71" steps=[0 LAST]}
      }
end

1






        ************************************************************************************************************************
        ************************************************************************************************************************
        ************************************************************************************************************************
        *****                                                                                                              *****
        *****                                       program verification information                                       *****
        *****                                                                                                              *****
        *****                                   code system:  SCALE    version:  6.2                                       *****
        *****                                                                                                              *****
        ************************************************************************************************************************
        ************************************************************************************************************************
        *****                                                                                                              *****
        *****                                                                                                              *****
        *****              program:  origen.exe                                                                            *****
        *****                                                                                                              *****
        *****        creation date:   unknown                                                                              *****
        *****                                                                                                              *****
        *****              library:  C:\SCALE-6.2.2\bin                                                                    *****
        *****                                                                                                              *****
        *****                                                                                                              *****
        *****            prod code:  origen.exe                                                                            *****
        *****                                                                                                              *****
        *****              version:  6.2.2                                                                                 *****
        *****                                                                                                              *****
        *****              jobname:  Teddy                                                                                 *****
        *****                                                                                                              *****
        *****         machine name:  DESKTOP-J14NAA6                                                                       *****
        *****                                                                                                              *****
        *****    date of execution:  13_feb_2019                                                                           *****
        *****                                                                                                              *****
        *****    time of execution:  18:30:09.68                                                                           *****
        *****                                                                                                              *****
        *****                                                                                                              *****
        ************************************************************************************************************************
        ************************************************************************************************************************
        ************************************************************************************************************************

*************************************************************************************************************************
********************                                                                                 ********************
********************                                                                                 ********************
********************                    USER INPUT SUMMARY                                           ********************
********************                                                                                 ********************
********************                                                                                 ********************
*************************************************************************************************************************
.
.
=========================================================================================================================
=   Case "irrad" (#1/2)                                                                                                 =
-------------------------------------------------------------------------------------------------------------------------
###   Library settings                                                                                                ###
.
                                Library file name:     C:/Users/Teddy/AppData/Local/Temp/scale.Teddy.2212/w17x17_100d.f33
                             Library set position:              1
                 Fission product reaction removal:             no
-------------------------------------------------------------------------------------------------------------------------
###   Global settings                                                                                                 ###
.
                                           Solver:              MATREX
                                             Mode:        forward
                             Fixed fission energy:             no
-------------------------------------------------------------------------------------------------------------------------
###   Concentrations output options                                                                                   ###
.
                            High-precision output:             no
                                  Relative cutoff:            yes
                         Step for applying cutoff:       integral
.
                      light els.   actinides  fis.prods.       total
                       nuc    el   nuc    el   nuc    el   nuc    el             cutoff
gram-atoms                                                                    1.000E-06
grams                                                      **                 1.000E-06
curies                                                                        1.000E-06
watts                                                                         1.000E-06
gamma watts                                                                   1.000E-06
m3 air                                                                        1.000E-06
m3 water                                                                      1.000E-06
grams ppm                                                                     1.000E-06
atoms ppm                                                                     1.000E-06
atoms/barn-cm                                                                 1.000E-06
becquerels                                                                    1.000E-06
-------------------------------------------------------------------------------------------------------------------------
###   Additional output options                                                                                       ###
.
                                      Print k-inf:             no
           Nuclides for absorption fraction print:           none
                              Print fission rates:             no
            Step for sorting absorption fractions:              1
=========================================================================================================================
=   Case "decay" (#2/2)                                                                                                 =
-------------------------------------------------------------------------------------------------------------------------
###   Library settings                                                                                                ###
.
                                Library file name:     C:/Users/Teddy/AppData/Local/Temp/scale.Teddy.2212/w17x17_100d.f33
                             Library set position:              1
                 Fission product reaction removal:             no
-------------------------------------------------------------------------------------------------------------------------
###   Global settings                                                                                                 ###
.
                                           Solver:              MATREX
                                             Mode:        forward
                             Fixed fission energy:             no
-------------------------------------------------------------------------------------------------------------------------
###   Concentrations output options                                                                                   ###
.
                            High-precision output:             no
                                  Relative cutoff:            yes
                         Step for applying cutoff:       integral
.
                      light els.   actinides  fis.prods.       total
                       nuc    el   nuc    el   nuc    el   nuc    el             cutoff
gram-atoms                                                                    1.000E-06
grams                                                      **                 1.000E-06
curies                                                                        1.000E-06
watts                                                                         1.000E-06
gamma watts                                                                   1.000E-06
m3 air                                                                        1.000E-06
m3 water                                                                      1.000E-06
grams ppm                                                                     1.000E-06
atoms ppm                                                                     1.000E-06
atoms/barn-cm                                                                 1.000E-06
becquerels                                                                    1.000E-06
-------------------------------------------------------------------------------------------------------------------------
###   Additional output options                                                                                       ###
.
                                      Print k-inf:             no
           Nuclides for absorption fraction print:           none
                              Print fission rates:             no
            Step for sorting absorption fractions:              1
=========================================================================================================================
###   Blending information                                                                                            ###
.
  --- no blending requested in this job ---
=========================================================================================================================
.
.
***Warning:  The flux over a step has changed by more than 20%.
=========================================================================================================================
=   History overview for case 'irrad' (#1/2)                                                                            =
-------------------------------------------------------------------------------------------------------------------------
   step          t0          t1          dt           t        flux     fluence       power      energy
    (-)         (d)         (d)         (s)         (s)   (n/cm2-s)     (n/cm2)        (MW)       (MWd)
      1      0.0000    550.0000  4.7520E+07  4.7520E+07  7.5320E+14  3.5792E+22  7.3278E+01  4.0303E+04
          
              step - step index within this case
                t0 - time at beginning-of-step in input units
                t1 - time at end-of-step in input units
                dt - length of step in seconds
                 t - end-of-step cumulative time in seconds
              flux - flux in neutrons/cm^2-sec (CALCULATED)
           fluence - cumulative end-of-step fluence in neutrons/cm^2 (CALCULATED)
             power - power in mega-watts (INPUT)     
            energy - cumulative end-of-step energy released in mega-watt-days (INPUT)     
=========================================================================================================================
.
.
.
.
.
*************************************************************************************************************************
********************                                                                                 ********************
********************                                                                                 ********************
********************                    Library information                                          ********************
********************                                                                                 ********************
********************                                                                                 ********************
*************************************************************************************************************************
.
.
=========================================================================================================================
=   Library summary for case 'irrad' (#1/2)                                                                             =
-------------------------------------------------------------------------------------------------------------------------
filename: C:/Users/Teddy/AppData/Local/Temp/scale.Teddy.2212/w17x17_100d.f33 cross-section data taken from position number: 1
library title delimited by {}: 
{}
date library was produced: 538976288/538976288/538976288
total number of nuclides in library: 2237
number of light-element nuclides: 910
number of actinide nuclides: 176
number of fission product nuclides: 1151
number of nonzero off-diagonal matrix elements: 54564
=========================================================================================================================
.
.
*************************************************************************************************************************
********************                                                                                 ********************
********************                                                                                 ********************
********************                    Concentration tables                                         ********************
********************                                                                                 ********************
********************                                                                                 ********************
*************************************************************************************************************************
.
.
=========================================================================================================================
=   Nuclide concentrations in grams for case 'irrad' (#1/2)                                                             =
-------------------------------------------------------------------------------------------------------------------------
  (relative cutoff; integral of concentrations over time >   1.00E-06 % of integral of all concentrations over time)
.
                   0.000d    550.000d   
  h-3          0.0000E+00  6.5276E-02
  he-4         0.0000E+00  1.6811E+00
  u-234        0.0000E+00  1.8879E+00
  u-235        2.8000E+04  4.1472E+03
  u-236        0.0000E+00  3.7745E+03
  u-237        0.0000E+00  1.8418E+01
  u-238        9.7200E+05  9.3775E+05
  u-239        0.0000E+00  1.2907E+00
  np-237       0.0000E+00  4.8094E+02
  np-238       0.0000E+00  3.1869E+00
  np-239       0.0000E+00  1.8596E+02
  pu-238       0.0000E+00  2.1841E+02
  pu-239       0.0000E+00  5.2548E+03
  pu-240       0.0000E+00  2.4062E+03
  pu-241       0.0000E+00  1.7981E+03
  pu-242       0.0000E+00  9.5810E+02
  pu-243       0.0000E+00  5.5617E-01
  pu-244       0.0000E+00  1.0679E-01
  am-241       0.0000E+00  2.4603E+01
  am-242m      0.0000E+00  4.1474E-01
  am-242       0.0000E+00  1.6590E-01
  am-243       0.0000E+00  2.2321E+02
  am-244m      0.0000E+00  2.0399E-02
  am-244       0.0000E+00  3.1736E-02
  cm-242       0.0000E+00  1.7509E+01
  cm-243       0.0000E+00  5.2343E-01
  cm-244       0.0000E+00  1.0277E+02
  cm-245       0.0000E+00  6.2900E+00
  cm-246       0.0000E+00  8.9323E-01
  ge-73        0.0000E+00  2.6410E-02
  ge-74        0.0000E+00  6.7615E-02
  as-75        0.0000E+00  1.5492E-01
  ge-76        0.0000E+00  4.0093E-01
  se-77        0.0000E+00  9.1802E-01
  se-78        0.0000E+00  2.7629E+00
  se-79        0.0000E+00  5.7989E+00
  se-80        0.0000E+00  1.4907E+01
  br-81        0.0000E+00  2.4938E+01
  se-82        0.0000E+00  3.9317E+01
  kr-82        0.0000E+00  9.7986E-01
  kr-83        0.0000E+00  4.3242E+01
  kr-84        0.0000E+00  1.3022E+02
  kr-85        0.0000E+00  2.9139E+01
  kr-85m       0.0000E+00  4.3841E-02
  rb-85        0.0000E+00  1.1087E+02
  kr-86        0.0000E+00  2.0865E+02
  rb-86        0.0000E+00  5.3462E-02
  sr-86        0.0000E+00  5.9957E-01
  kr-87        0.0000E+00  2.3799E-02
  rb-87        0.0000E+00  2.7395E+02
  kr-88        0.0000E+00  7.0809E-02
  sr-88        0.0000E+00  3.7921E+02
  sr-89        0.0000E+00  4.1010E+01
  y-89         0.0000E+00  4.7864E+02
  sr-90        0.0000E+00  6.0933E+02
  y-90         0.0000E+00  1.7006E-01
  zr-90        0.0000E+00  1.4200E+01
  sr-91        0.0000E+00  4.5541E-01
  y-91         0.0000E+00  7.4199E+01
  y-91m        0.0000E+00  2.3062E-02
  zr-91        0.0000E+00  5.9399E+02
  sr-92        0.0000E+00  1.4566E-01
  y-92         0.0000E+00  1.9246E-01
  zr-92        0.0000E+00  7.3830E+02
  y-93         0.0000E+00  6.6401E-01
  zr-93        0.0000E+00  8.2640E+02
  y-94         0.0000E+00  2.2188E-02
  zr-94        0.0000E+00  9.0028E+02
  zr-95        0.0000E+00  1.3076E+02
  nb-95        0.0000E+00  7.1012E+01
  nb-95m       0.0000E+00  7.9778E-02
  mo-95        0.0000E+00  7.5985E+02
  zr-96        0.0000E+00  9.7068E+02
  mo-96        0.0000E+00  5.5185E+01
  zr-97        0.0000E+00  1.4657E+00
  nb-97        0.0000E+00  1.0605E-01
  mo-97        0.0000E+00  9.7554E+02
  mo-98        0.0000E+00  1.0256E+03
  mo-99        0.0000E+00  6.7557E+00
  tc-99        0.0000E+00  9.5133E+02
  tc-99m       0.0000E+00  5.4376E-01
  ru-99        0.0000E+00  3.5077E-02
  mo-100       0.0000E+00  1.1682E+03
  ru-100       0.0000E+00  1.4919E+02
  mo-101       0.0000E+00  2.4485E-02
  tc-101       0.0000E+00  2.3823E-02
  ru-101       0.0000E+00  9.7113E+02
  ru-102       0.0000E+00  1.0443E+03
  ru-103       0.0000E+00  1.0028E+02
  rh-103       0.0000E+00  5.4838E+02
  rh-103m      0.0000E+00  9.8482E-02
  tc-104       0.0000E+00  2.8754E-02
  ru-104       0.0000E+00  7.8408E+02
  pd-104       0.0000E+00  3.7335E+02
  ru-105       0.0000E+00  3.7143E-01
  rh-105       0.0000E+00  2.4696E+00
  pd-105       0.0000E+00  5.0626E+02
  ru-106       0.0000E+00  3.2361E+02
  pd-106       0.0000E+00  3.0358E+02
  pd-107       0.0000E+00  3.4041E+02
  pd-108       0.0000E+00  2.2926E+02
  pd-109       0.0000E+00  4.2041E-01
  ag-109       0.0000E+00  1.1562E+02
  pd-110       0.0000E+00  7.6559E+01
  ag-110m      0.0000E+00  1.2262E+00
  cd-110       0.0000E+00  6.5302E+01
  ag-111       0.0000E+00  1.0402E+00
  cd-111       0.0000E+00  3.7511E+01
  pd-112       0.0000E+00  5.1457E-02
  cd-112       0.0000E+00  1.9158E+01
  cd-113       0.0000E+00  1.2580E-01
  cd-114       0.0000E+00  2.1452E+01
  cd-115       0.0000E+00  4.5236E-02
  cd-115m      0.0000E+00  5.6250E-02
  in-115       0.0000E+00  2.0930E+00
  sn-115       0.0000E+00  3.2315E-01
  cd-116       0.0000E+00  7.5704E+00
  sn-116       0.0000E+00  5.0116E+00
  sn-117       0.0000E+00  6.8287E+00
  sn-118       0.0000E+00  6.3476E+00
  sn-119       0.0000E+00  6.0844E+00
  sn-119m      0.0000E+00  1.1544E-01
  sn-120       0.0000E+00  6.2800E+00
  sn-121m      0.0000E+00  4.9831E-01
  sb-121       0.0000E+00  5.8935E+00
  sn-122       0.0000E+00  8.0276E+00
  te-122       0.0000E+00  5.4157E-01
  sn-123       0.0000E+00  3.9836E-01
  sb-123       0.0000E+00  7.4272E+00
  sn-124       0.0000E+00  1.2657E+01
  sb-124       0.0000E+00  1.1257E-01
  te-124       0.0000E+00  3.2093E-01
  sn-125       0.0000E+00  2.0018E-01
  sb-125       0.0000E+00  1.4218E+01
  te-125       0.0000E+00  2.5678E+00
  te-125m      0.0000E+00  1.6092E-01
  sn-126       0.0000E+00  2.7924E+01
  te-126       0.0000E+00  6.7397E-01
  sb-127       0.0000E+00  7.2241E-01
  te-127       0.0000E+00  6.3375E-02
  te-127m      0.0000E+00  8.5408E-01
  i-127        0.0000E+00  5.5750E+01
  te-128       0.0000E+00  1.2641E+02
  xe-128       0.0000E+00  4.3470E+00
  sb-129       0.0000E+00  1.0268E-01
  te-129       0.0000E+00  2.5797E-02
  te-129m      0.0000E+00  3.0703E+00
  i-129        0.0000E+00  2.0507E+02
  xe-129       0.0000E+00  3.6873E-02
  te-130       0.0000E+00  4.7740E+02
  i-130        0.0000E+00  2.6854E-02
  xe-130       0.0000E+00  1.1003E+01
  sb-131       0.0000E+00  2.2389E-02
  te-131       0.0000E+00  2.6935E-02
  te-131m      0.0000E+00  5.1976E-01
  i-131        0.0000E+00  1.4734E+01
  xe-131       0.0000E+00  4.8982E+02
  xe-131m      0.0000E+00  2.6297E-01
  te-132       0.0000E+00  8.2504E+00
  i-132        0.0000E+00  2.5380E-01
  xe-132       0.0000E+00  1.4340E+03
  te-133m      0.0000E+00  6.7233E-02
  i-133        0.0000E+00  3.1665E+00
  xe-133       0.0000E+00  1.9148E+01
  xe-133m      0.0000E+00  2.5182E-01
  cs-133       0.0000E+00  1.3339E+03
  te-134       0.0000E+00  8.8990E-02
  i-134        0.0000E+00  1.4844E-01
  xe-134       0.0000E+00  1.8890E+03
  cs-134       0.0000E+00  2.1233E+02
  ba-134       0.0000E+00  4.0636E+01
  i-135        0.0000E+00  9.7826E-01
  xe-135       0.0000E+00  1.7955E-01
  cs-135       0.0000E+00  2.3507E+02
  ba-135       0.0000E+00  3.2661E-01
  xe-136       0.0000E+00  3.1564E+03
  cs-136       0.0000E+00  9.0614E-01
  ba-136       0.0000E+00  1.8347E+01
  cs-137       0.0000E+00  1.5458E+03
  ba-137       0.0000E+00  2.8742E+01
  xe-138       0.0000E+00  3.0412E-02
  cs-138       0.0000E+00  7.9523E-02
  ba-138       0.0000E+00  1.5988E+03
  cs-139       0.0000E+00  2.0623E-02
  ba-139       0.0000E+00  1.8960E-01
  la-139       0.0000E+00  1.4889E+03
  ba-140       0.0000E+00  4.0261E+01
  la-140       0.0000E+00  5.5243E+00
  ce-140       0.0000E+00  1.4782E+03
  ba-141       0.0000E+00  3.7677E-02
  la-141       0.0000E+00  4.8912E-01
  ce-141       0.0000E+00  9.5811E+01
  pr-141       0.0000E+00  1.3086E+03
  ba-142       0.0000E+00  2.0279E-02
  la-142       0.0000E+00  1.8093E-01
  ce-142       0.0000E+00  1.3813E+03
  pr-142       0.0000E+00  1.3083E-01
  nd-142       0.0000E+00  3.2999E+01
  la-143       0.0000E+00  2.6741E-02
  ce-143       0.0000E+00  3.7650E+00
  pr-143       0.0000E+00  3.6653E+01
  nd-143       0.0000E+00  8.2986E+02
  ce-144       0.0000E+00  6.2456E+02
  pr-144       0.0000E+00  2.6718E-02
  nd-144       0.0000E+00  1.0674E+03
  pr-145       0.0000E+00  4.7795E-01
  nd-145       0.0000E+00  7.8620E+02
  pr-146       0.0000E+00  2.6515E-02
  nd-146       0.0000E+00  8.7429E+02
  nd-147       0.0000E+00  1.3526E+01
  pm-147       0.0000E+00  2.0735E+02
  sm-147       0.0000E+00  4.3846E+01
  nd-148       0.0000E+00  4.7663E+02
  pm-148       0.0000E+00  2.6378E+00
  pm-148m      0.0000E+00  1.6664E+00
  sm-148       0.0000E+00  1.6471E+02
  nd-149       0.0000E+00  5.7338E-02
  pm-149       0.0000E+00  2.7543E+00
  sm-149       0.0000E+00  2.1622E+00
  nd-150       0.0000E+00  2.3200E+02
  sm-150       0.0000E+00  3.9740E+02
  pm-151       0.0000E+00  5.3085E-01
  sm-151       0.0000E+00  1.2624E+01
  sm-152       0.0000E+00  1.2573E+02
  sm-153       0.0000E+00  2.3382E+00
  eu-153       0.0000E+00  1.5198E+02
  sm-154       0.0000E+00  5.7791E+01
  eu-154       0.0000E+00  4.0050E+01
  gd-154       0.0000E+00  1.9661E+00
  eu-155       0.0000E+00  1.3572E+01
  gd-155       0.0000E+00  4.6964E-02
  sm-156       0.0000E+00  2.6826E-02
  eu-156       0.0000E+00  1.4813E+01
  gd-156       0.0000E+00  1.8074E+02
  eu-157       0.0000E+00  6.4501E-02
  gd-157       0.0000E+00  1.7207E-01
  gd-158       0.0000E+00  3.8035E+01
  tb-159       0.0000E+00  4.0469E+00
  gd-160       0.0000E+00  1.7118E+00
  tb-160       0.0000E+00  2.3769E-01
  dy-160       0.0000E+00  2.9349E-01
  tb-161       0.0000E+00  3.3489E-02
  dy-161       0.0000E+00  5.6071E-01
  dy-162       0.0000E+00  4.5151E-01
  dy-163       0.0000E+00  3.8294E-01
  dy-164       0.0000E+00  8.4000E-02
  ho-165       0.0000E+00  1.7469E-01
  er-166       0.0000E+00  5.4387E-02
------------
  totals       1.0000E+06  1.0003E+06
=========================================================================================================================
.
.
=========================================================================================================================
=   History overview for case 'decay' (#2/2)                                                                            =
-------------------------------------------------------------------------------------------------------------------------
   step          t0          t1          dt           t        flux     fluence       power      energy
    (-)         (y)         (y)         (s)         (s)   (n/cm2-s)     (n/cm2)        (MW)       (MWd)
      1      1.5057      2.5057  3.1560E+07  7.9080E+07  0.0000E+00  3.5792E+22  0.0000E+00  4.0303E+04
          
              step - step index within this case
                t0 - time at beginning-of-step in input units
                t1 - time at end-of-step in input units
                dt - length of step in seconds
                 t - end-of-step cumulative time in seconds
              flux - flux in neutrons/cm^2-sec (CALCULATED)
           fluence - cumulative end-of-step fluence in neutrons/cm^2 (CALCULATED)
             power - power in mega-watts (INPUT)     
            energy - cumulative end-of-step energy released in mega-watt-days (INPUT)     
=========================================================================================================================
.
.
.
.
.
*************************************************************************************************************************
********************                                                                                 ********************
********************                                                                                 ********************
********************                    Library information                                          ********************
********************                                                                                 ********************
********************                                                                                 ********************
*************************************************************************************************************************
.
.
=========================================================================================================================
=   Library summary for case 'decay' (#2/2)                                                                             =
-------------------------------------------------------------------------------------------------------------------------
filename: C:/Users/Teddy/AppData/Local/Temp/scale.Teddy.2212/w17x17_100d.f33 cross-section data taken from position number: 1
library title delimited by {}: 
{}
date library was produced: 538976288/538976288/538976288
total number of nuclides in library: 2237
number of light-element nuclides: 910
number of actinide nuclides: 176
number of fission product nuclides: 1151
number of nonzero off-diagonal matrix elements: 54564
=========================================================================================================================
.
.
*************************************************************************************************************************
********************                                                                                 ********************
********************                                                                                 ********************
********************                    Concentration tables                                         ********************
********************                                                                                 ********************
********************                                                                                 ********************
*************************************************************************************************************************
.
.
=========================================================================================================================
=   Nuclide concentrations in grams for case 'decay' (#2/2)                                                             =
-------------------------------------------------------------------------------------------------------------------------
  (relative cutoff; integral of concentrations over time >   1.00E-06 % of integral of all concentrations over time)
.
                   1.506y      2.506y   
  h-3          6.5276E-02  6.1705E-02
  he-4         1.6811E+00  2.0142E+00
  u-234        1.8879E+00  3.6693E+00
  u-235        4.1472E+03  4.1473E+03
  u-236        3.7745E+03  3.7747E+03
  u-237        1.8418E+01  5.3442E-05
  u-238        9.3775E+05  9.3775E+05
  u-239        1.2907E+00  0.0000E+00
  np-237       4.8094E+02  4.9946E+02
  np-238       3.1869E+00  7.6585E-08
  np-239       1.8596E+02  1.9260E-04
  pu-238       2.1841E+02  2.3347E+02
  pu-239       5.2548E+03  5.4420E+03
  pu-240       2.4062E+03  2.4098E+03
  pu-241       1.7981E+03  1.7130E+03
  pu-242       9.5810E+02  9.5813E+02
  pu-243       5.5617E-01  4.0845E-13
  pu-244       1.0679E-01  1.0680E-01
  am-241       2.4603E+01  1.0964E+02
  am-242m      4.1474E-01  4.1271E-01
  am-242       1.6590E-01  5.3248E-06
  am-243       2.2321E+02  2.2375E+02
  am-244m      2.0399E-02  0.0000E+00
  am-244       3.1736E-02  2.7012E-14
  cm-242       1.7509E+01  3.7316E+00
  cm-243       5.2343E-01  5.1111E-01
  cm-244       1.0277E+02  9.8965E+01
  cm-245       6.2900E+00  6.2895E+00
  cm-246       8.9323E-01  8.9310E-01
  cm-247       1.1456E-02  1.1456E-02
  ge-72        1.1535E-02  1.1613E-02
  ge-73        2.6410E-02  2.6424E-02
  ge-74        6.7615E-02  6.7616E-02
  as-75        1.5492E-01  1.5494E-01
  ge-76        4.0093E-01  4.0093E-01
  se-77        9.1802E-01  9.2209E-01
  se-78        2.7629E+00  2.7636E+00
  se-79        5.7989E+00  5.7990E+00
  se-80        1.4907E+01  1.4907E+01
  br-81        2.4938E+01  2.4939E+01
  se-82        3.9317E+01  3.9317E+01
  kr-82        9.7986E-01  9.8684E-01
  kr-83        4.3242E+01  4.3263E+01
  kr-84        1.3022E+02  1.3023E+02
  kr-85        2.9139E+01  2.7329E+01
  kr-85m       4.3841E-02  0.0000E+00
  rb-85        1.1087E+02  1.1272E+02
  kr-86        2.0865E+02  2.0865E+02
  rb-86        5.3462E-02  6.6993E-08
  sr-86        5.9957E-01  6.5303E-01
  kr-87        2.3799E-02  0.0000E+00
  rb-87        2.7395E+02  2.7398E+02
  kr-88        7.0809E-02  0.0000E+00
  sr-88        3.7921E+02  3.7929E+02
  sr-89        4.1010E+01  2.7344E-01
  y-89         4.7864E+02  5.1938E+02
  sr-90        6.0933E+02  5.9483E+02
  y-90         1.7006E-01  1.5089E-01
  zr-90        1.4200E+01  2.8715E+01
  sr-91        4.5541E-01  0.0000E+00
  y-91         7.4199E+01  9.8598E-01
  y-91m        2.3062E-02  0.0000E+00
  zr-91        5.9399E+02  6.6768E+02
  sr-92        1.4566E-01  0.0000E+00
  y-92         1.9246E-01  0.0000E+00
  zr-92        7.3830E+02  7.3864E+02
  y-93         6.6401E-01  0.0000E+00
  zr-93        8.2640E+02  8.2707E+02
  y-94         2.2188E-02  0.0000E+00
  zr-94        9.0028E+02  9.0030E+02
  mo-94        1.1907E-02  1.1907E-02
  zr-95        1.3076E+02  2.5076E+00
  nb-95        7.1012E+01  3.0547E+00
  nb-95m       7.9778E-02  1.6183E-03
  mo-95        7.5985E+02  9.5625E+02
  zr-96        9.7068E+02  9.7068E+02
  mo-96        5.5185E+01  5.5198E+01
  zr-97        1.4657E+00  0.0000E+00
  nb-97        1.0605E-01  0.0000E+00
  mo-97        9.7554E+02  9.7711E+02
  mo-98        1.0256E+03  1.0257E+03
  mo-99        6.7557E+00  0.0000E+00
  tc-99        9.5133E+02  9.5863E+02
  tc-99m       5.4376E-01  0.0000E+00
  ru-99        3.5077E-02  3.8464E-02
  mo-100       1.1682E+03  1.1682E+03
  ru-100       1.4919E+02  1.4919E+02
  mo-101       2.4485E-02  0.0000E+00
  tc-101       2.3823E-02  0.0000E+00
  ru-101       9.7113E+02  9.7118E+02
  ru-102       1.0443E+03  1.0443E+03
  ru-103       1.0028E+02  1.5830E-01
  rh-103       5.4838E+02  6.4860E+02
  rh-103m      9.8482E-02  1.5549E-04
  tc-104       2.8754E-02  0.0000E+00
  ru-104       7.8408E+02  7.8412E+02
  pd-104       3.7335E+02  3.7335E+02
  ru-105       3.7143E-01  0.0000E+00
  rh-105       2.4696E+00  0.0000E+00
  pd-105       5.0626E+02  5.0912E+02
  ru-106       3.2361E+02  1.6378E+02
  pd-106       3.0358E+02  4.6341E+02
  pd-107       3.4041E+02  3.4043E+02
  pd-108       2.2926E+02  2.2926E+02
  pd-109       4.2041E-01  0.0000E+00
  ag-109       1.1562E+02  1.1604E+02
  pd-110       7.6559E+01  7.6559E+01
  ag-110m      1.2262E+00  4.4493E-01
  cd-110       6.5302E+01  6.6083E+01
  ag-111       1.0402E+00  1.8125E-15
  cd-111       3.7511E+01  3.8554E+01
  pd-112       5.1457E-02  0.0000E+00
  cd-112       1.9158E+01  1.9217E+01
  cd-113       1.2580E-01  1.3176E-01
  cd-114       2.1452E+01  2.1452E+01
  cd-115       4.5236E-02  0.0000E+00
  cd-115m      5.6250E-02  1.9167E-04
  in-115       2.0930E+00  2.1959E+00
  sn-115       3.2315E-01  3.2562E-01
  cd-116       7.5704E+00  7.5704E+00
  sn-116       5.0116E+00  5.0121E+00
  sn-117       6.8287E+00  6.8329E+00
  sn-118       6.3476E+00  6.3482E+00
  sn-119       6.0844E+00  6.1514E+00
  sn-119m      1.1544E-01  4.8649E-02
  sn-120       6.2800E+00  6.2800E+00
  sn-121m      4.9831E-01  4.9050E-01
  sb-121       5.8935E+00  5.9208E+00
  sn-122       8.0276E+00  8.0278E+00
  te-122       5.4157E-01  5.4956E-01
  sn-123       3.9836E-01  5.6129E-02
  sb-123       7.4272E+00  7.7700E+00
  sn-124       1.2657E+01  1.2657E+01
  sb-124       1.1257E-01  1.6782E-03
  te-124       3.2093E-01  4.3182E-01
  sn-125       2.0018E-01  7.8475E-13
  sb-125       1.4218E+01  1.1216E+01
  te-125       2.5678E+00  5.7752E+00
  te-125m      1.6092E-01  1.5588E-01
  sn-126       2.7924E+01  2.7923E+01
  te-126       6.7397E-01  6.8483E-01
  sb-127       7.2241E-01  0.0000E+00
  te-127       6.3375E-02  3.3592E-04
  te-127m      8.5408E-01  9.5952E-02
  i-127        5.5750E+01  5.7304E+01
  te-128       1.2641E+02  1.2643E+02
  xe-128       4.3470E+00  4.3474E+00
  sb-129       1.0268E-01  0.0000E+00
  te-129       2.5797E-02  1.4951E-06
  te-129m      3.0703E+00  1.6474E-03
  i-129        2.0507E+02  2.0826E+02
  xe-129       3.6873E-02  3.7187E-02
  te-130       4.7740E+02  4.7741E+02
  i-130        2.6854E-02  0.0000E+00
  xe-130       1.1003E+01  1.1030E+01
  sb-131       2.2389E-02  0.0000E+00
  te-131       2.6935E-02  0.0000E+00
  te-131m      5.1976E-01  0.0000E+00
  i-131        1.4734E+01  3.0619E-13
  xe-131       4.8982E+02  5.0539E+02
  xe-131m      2.6297E-01  4.0291E-10
  te-132       8.2504E+00  0.0000E+00
  i-132        2.5380E-01  0.0000E+00
  xe-132       1.4340E+03  1.4426E+03
  te-133m      6.7233E-02  0.0000E+00
  i-133        3.1665E+00  0.0000E+00
  xe-133       1.9148E+01  2.5078E-20
  xe-133m      2.5182E-01  0.0000E+00
  cs-133       1.3339E+03  1.3566E+03
  te-134       8.8990E-02  0.0000E+00
  i-134        1.4844E-01  0.0000E+00
  xe-134       1.8890E+03  1.8893E+03
  cs-134       2.1233E+02  1.5180E+02
  ba-134       4.0636E+01  1.0118E+02
  i-135        9.7826E-01  0.0000E+00
  xe-135       1.7955E-01  0.0000E+00
  cs-135       2.3507E+02  2.3624E+02
  ba-135       3.2661E-01  3.2696E-01
  xe-136       3.1564E+03  3.1564E+03
  cs-136       9.0614E-01  3.9952E-09
  ba-136       1.8347E+01  1.9253E+01
  cs-137       1.5458E+03  1.5106E+03
  ba-137       2.8742E+01  6.3959E+01
  xe-138       3.0412E-02  0.0000E+00
  cs-138       7.9523E-02  0.0000E+00
  ba-138       1.5988E+03  1.5989E+03
  la-138       1.9097E-02  1.9097E-02
  cs-139       2.0623E-02  0.0000E+00
  ba-139       1.8960E-01  0.0000E+00
  la-139       1.4889E+03  1.4891E+03
  ba-140       4.0261E+01  9.6071E-08
  la-140       5.5243E+00  1.4561E-08
  ce-140       1.4782E+03  1.5240E+03
  ba-141       3.7677E-02  0.0000E+00
  la-141       4.8912E-01  0.0000E+00
  ce-141       9.5811E+01  3.9925E-02
  pr-141       1.3086E+03  1.4049E+03
  ba-142       2.0279E-02  0.0000E+00
  la-142       1.8093E-01  0.0000E+00
  ce-142       1.3813E+03  1.3815E+03
  pr-142       1.3083E-01  0.0000E+00
  nd-142       3.2999E+01  3.3130E+01
  la-143       2.6741E-02  0.0000E+00
  ce-143       3.7650E+00  0.0000E+00
  pr-143       3.6653E+01  3.2229E-07
  nd-143       8.2986E+02  8.7031E+02
  ce-144       6.2456E+02  2.5682E+02
  pr-144       2.6718E-02  1.0818E-02
  nd-144       1.0674E+03  1.4351E+03
  pr-145       4.7795E-01  0.0000E+00
  nd-145       7.8620E+02  7.8668E+02
  pr-146       2.6515E-02  0.0000E+00
  nd-146       8.7429E+02  8.7433E+02
  nd-147       1.3526E+01  1.3091E-09
  pm-147       2.0735E+02  1.6971E+02
  sm-147       4.3846E+01  9.5018E+01
  nd-148       4.7663E+02  4.7663E+02
  pm-148       2.6378E+00  2.2717E-05
  pm-148m      1.6664E+00  3.6196E-03
  sm-148       1.6471E+02  1.6901E+02
  nd-149       5.7338E-02  0.0000E+00
  pm-149       2.7543E+00  0.0000E+00
  sm-149       2.1622E+00  4.9750E+00
  nd-150       2.3200E+02  2.3200E+02
  sm-150       3.9740E+02  3.9740E+02
  pm-151       5.3085E-01  0.0000E+00
  sm-151       1.2624E+01  1.3058E+01
  eu-151       5.9295E-03  1.0688E-01
  sm-152       1.2573E+02  1.2574E+02
  gd-152       1.0535E-02  1.0624E-02
  sm-153       2.3382E+00  0.0000E+00
  eu-153       1.5198E+02  1.5432E+02
  sm-154       5.7791E+01  5.7792E+01
  eu-154       4.0050E+01  3.6949E+01
  gd-154       1.9661E+00  5.0669E+00
  eu-155       1.3572E+01  1.1732E+01
  gd-155       4.6964E-02  1.8891E+00
  sm-156       2.6826E-02  0.0000E+00
  eu-156       1.4813E+01  8.5594E-07
  gd-156       1.8074E+02  1.9558E+02
  eu-157       6.4501E-02  0.0000E+00
  gd-157       1.7207E-01  2.3682E-01
  gd-158       3.8035E+01  3.8036E+01
  tb-159       4.0469E+00  4.0635E+00
  gd-160       1.7118E+00  1.7118E+00
  tb-160       2.3769E-01  7.1635E-03
  dy-160       2.9349E-01  5.2401E-01
  tb-161       3.3489E-02  4.0046E-18
  dy-161       5.6071E-01  5.9421E-01
  dy-162       4.5151E-01  4.5152E-01
  dy-163       3.8294E-01  3.8295E-01
  dy-164       8.4000E-02  8.4000E-02
  ho-165       1.7469E-01  1.7485E-01
  er-166       5.4387E-02  5.5057E-02
  er-168       1.1056E-02  1.1056E-02
------------
  totals       1.0003E+06  1.0003E+06
=========================================================================================================================
.
.
*************************************************************************************************************************
********************                                                                                 ********************
********************                                                                                 ********************
********************                    Written F71 File Information                                 ********************
********************                                                                                 ********************
********************                                                                                 ********************
*************************************************************************************************************************
.
.
   pos         time        power         flux      fluence       energy libpos   case   step DCGNAB
   (-)          (s)         (MW)    (n/cm2-s)      (n/cm2)        (MWd)    (-)    (-)    (-)    (-)
     1  4.75200e+07  0.00000e+00  0.00000e+00  3.57919e+22  4.03030e+04      1      2      0 DC----
     2  7.90800e+07  0.00000e+00  0.00000e+00  3.57919e+22  4.03030e+04      1      2      1 DC----
    D - state definition present
    C - concentrations present
    G - gamma emission spectra present
    N - neutron emission spectra present
    A - alpha emission spectra present
    B - beta emission spectra present
.
.
.
=========================================================================================================================
ORIGEN finished successfully.
=========================================================================================================================
    module origen used 0.602872 seconds cpu time for the current pass.

    module origen is finished. completion code    0. total cpu time used 5.13186e-006 seconds.


    SCALE is finished on Wed Feb 13 18:30:10 2019.
-------------------------- Summary --------------------------
arp finished. used 2.46053 seconds.
origen finished. used 0.611593 seconds.
SCALE driver required a maximum of 8.293 MiB of RAM.
------------------------ End Summary ------------------------

w17x17_100d.f33 copied to C:\Users\Teddy\Desktop\scale_test\output\w17x17_100d.f33.
discharge.f71 copied to C:\Users\Teddy\Desktop\scale_test\output\discharge.f71.
