 *******************************************************************************
 *                                                                             *
 *                                 SCALE 6.2.2                                 *
 *                                -------------                                *
 *                                February 2019                                *
 *                                                                             *
 *           SCALE:  A Comprehensive Modeling and Simulation Suite             *
 *                   for Nuclear Safety Analysis and Design                    *
 *                                                                             *
 *                      Reactor and Nuclear Systems Division                   *
 *                        Oak Ridge National Laboratory                        *
 *                                                                             *
 *                           http://scale.ornl.gov                             *
 *                            scalehelp@ornl.gov                               *
 *                                                                             *
 *******************************************************************************
 *******************************************************************************
      
                  Job Information
                  ---------------
      Job started on DESKTOP-J14NAA6 on Wed 13/02/2019 18:32:48
      Working directory: C:\Users\Teddy\AppData\Local\Temp\scale.Teddy.10912
      Input file name  : C:\Users\Teddy\Desktop\scale_test\output\2.800000_68585.858586.inp
      Output file name : C:\Users\Teddy\Desktop\scale_test\output\2.800000_68585.858586.out
      SCALE executable : C:\SCALE-6.2.2/bin/scale
      
 *******************************************************************************


    module arp will be called on Wed Feb 13 18:32:49 2019.
    sequence specification record:=arp
Input Data:

      'library type
      w17x17
      2.800000
      ' num cycles
      1
      ' num days per cycle
      550
      ' cycle average specific power (MW / MTU)
      124.701561
      ' number of interpolated cross section sets generated per cycle
      1
      ' moderator density (g/cc)
      0.723
      ' interpolated output ORIGEN library
      w17x17_100d.f33
end

1






        ************************************************************************************************************************
        ************************************************************************************************************************
        ************************************************************************************************************************
        *****                                                                                                              *****
        *****                                       program verification information                                       *****
        *****                                                                                                              *****
        *****                                   code system:  SCALE    version:  6.2                                       *****
        *****                                                                                                              *****
        ************************************************************************************************************************
        ************************************************************************************************************************
        *****                                                                                                              *****
        *****                                                                                                              *****
        *****              program:  arp.exe                                                                               *****
        *****                                                                                                              *****
        *****        creation date:   unknown                                                                              *****
        *****                                                                                                              *****
        *****              library:  C:\SCALE-6.2.2\bin                                                                    *****
        *****                                                                                                              *****
        *****                                                                                                              *****
        *****            prod code:  arp.exe                                                                               *****
        *****                                                                                                              *****
        *****              version:  6.2.2                                                                                 *****
        *****                                                                                                              *****
        *****              jobname:  Teddy                                                                                 *****
        *****                                                                                                              *****
        *****         machine name:  DESKTOP-J14NAA6                                                                       *****
        *****                                                                                                              *****
        *****    date of execution:  13_feb_2019                                                                           *****
        *****                                                                                                              *****
        *****    time of execution:  18:32:49.30                                                                           *****
        *****                                                                                                              *****
        *****                                                                                                              *****
        ************************************************************************************************************************
        ************************************************************************************************************************
        ************************************************************************************************************************


 'library type
    data library:       w17x17
       directory:       C:/SCALE-6.2.2/data/\arplibs
       definition:      C:/SCALE-6.2.2/data/\arpdata.txt
    u-235 enrichment:                        2.800

 ' num cycles
    number of cycles:                            1

 ' num days per cycle

 ' cycle average specific power (MW / MTU)

 ' number of interpolated cross section sets generated per cycle

 ' moderator density (g/cc)
    water density (g/cm3):                  0.7230
                                         cycle        cumulative      midpoint
   cycle time(d)        power(MW)      burnup(MWd/MTU)burnup(MWd/MTU)burnup(MWd/MTU)nlib
     1    550.000        124.702        68585.9        68585.9        34292.9             1

 ' interpolated output ORIGEN library
    interpolated library name:                   w17x17_100d.f33
 interpolation type: spline
 Cross section library interpolation completed.
.
.
.
=========================================================================================================================
ARP finished successfully.
=========================================================================================================================
    module arp used 2.20107 seconds cpu time for the current pass.

    module arp is finished. completion code    0. total cpu time used 1.02637e-005 seconds.



    module origen will be called on Wed Feb 13 18:32:51 2019.
    sequence specification record:=origen
Input Data:

      case(irrad) {
          lib{
              file="w17x17_100d.f33" pos=1
          }
          mat {
              units=GRAMS
              iso=[u235=28000.000000 u238=972000.000000]
          }
          time = [ 550 ]
          power = [ 124.701561 ]
      }
      case (decay) {
          time {
              units=YEARS
              start=0
              t=[1]
          }
          save{ file="discharge.f71" steps=[0 LAST]}
      }
end

1






        ************************************************************************************************************************
        ************************************************************************************************************************
        ************************************************************************************************************************
        *****                                                                                                              *****
        *****                                       program verification information                                       *****
        *****                                                                                                              *****
        *****                                   code system:  SCALE    version:  6.2                                       *****
        *****                                                                                                              *****
        ************************************************************************************************************************
        ************************************************************************************************************************
        *****                                                                                                              *****
        *****                                                                                                              *****
        *****              program:  origen.exe                                                                            *****
        *****                                                                                                              *****
        *****        creation date:   unknown                                                                              *****
        *****                                                                                                              *****
        *****              library:  C:\SCALE-6.2.2\bin                                                                    *****
        *****                                                                                                              *****
        *****                                                                                                              *****
        *****            prod code:  origen.exe                                                                            *****
        *****                                                                                                              *****
        *****              version:  6.2.2                                                                                 *****
        *****                                                                                                              *****
        *****              jobname:  Teddy                                                                                 *****
        *****                                                                                                              *****
        *****         machine name:  DESKTOP-J14NAA6                                                                       *****
        *****                                                                                                              *****
        *****    date of execution:  13_feb_2019                                                                           *****
        *****                                                                                                              *****
        *****    time of execution:  18:32:51.51                                                                           *****
        *****                                                                                                              *****
        *****                                                                                                              *****
        ************************************************************************************************************************
        ************************************************************************************************************************
        ************************************************************************************************************************

*************************************************************************************************************************
********************                                                                                 ********************
********************                                                                                 ********************
********************                    USER INPUT SUMMARY                                           ********************
********************                                                                                 ********************
********************                                                                                 ********************
*************************************************************************************************************************
.
.
=========================================================================================================================
=   Case "irrad" (#1/2)                                                                                                 =
-------------------------------------------------------------------------------------------------------------------------
###   Library settings                                                                                                ###
.
                                Library file name:     C:/Users/Teddy/AppData/Local/Temp/scale.Teddy.10912/w17x17_100d.f33
                             Library set position:              1
                 Fission product reaction removal:             no
-------------------------------------------------------------------------------------------------------------------------
###   Global settings                                                                                                 ###
.
                                           Solver:              MATREX
                                             Mode:        forward
                             Fixed fission energy:             no
-------------------------------------------------------------------------------------------------------------------------
###   Concentrations output options                                                                                   ###
.
                            High-precision output:             no
                                  Relative cutoff:            yes
                         Step for applying cutoff:       integral
.
                      light els.   actinides  fis.prods.       total
                       nuc    el   nuc    el   nuc    el   nuc    el             cutoff
gram-atoms                                                                    1.000E-06
grams                                                      **                 1.000E-06
curies                                                                        1.000E-06
watts                                                                         1.000E-06
gamma watts                                                                   1.000E-06
m3 air                                                                        1.000E-06
m3 water                                                                      1.000E-06
grams ppm                                                                     1.000E-06
atoms ppm                                                                     1.000E-06
atoms/barn-cm                                                                 1.000E-06
becquerels                                                                    1.000E-06
-------------------------------------------------------------------------------------------------------------------------
###   Additional output options                                                                                       ###
.
                                      Print k-inf:             no
           Nuclides for absorption fraction print:           none
                              Print fission rates:             no
            Step for sorting absorption fractions:              1
=========================================================================================================================
=   Case "decay" (#2/2)                                                                                                 =
-------------------------------------------------------------------------------------------------------------------------
###   Library settings                                                                                                ###
.
                                Library file name:     C:/Users/Teddy/AppData/Local/Temp/scale.Teddy.10912/w17x17_100d.f33
                             Library set position:              1
                 Fission product reaction removal:             no
-------------------------------------------------------------------------------------------------------------------------
###   Global settings                                                                                                 ###
.
                                           Solver:              MATREX
                                             Mode:        forward
                             Fixed fission energy:             no
-------------------------------------------------------------------------------------------------------------------------
###   Concentrations output options                                                                                   ###
.
                            High-precision output:             no
                                  Relative cutoff:            yes
                         Step for applying cutoff:       integral
.
                      light els.   actinides  fis.prods.       total
                       nuc    el   nuc    el   nuc    el   nuc    el             cutoff
gram-atoms                                                                    1.000E-06
grams                                                      **                 1.000E-06
curies                                                                        1.000E-06
watts                                                                         1.000E-06
gamma watts                                                                   1.000E-06
m3 air                                                                        1.000E-06
m3 water                                                                      1.000E-06
grams ppm                                                                     1.000E-06
atoms ppm                                                                     1.000E-06
atoms/barn-cm                                                                 1.000E-06
becquerels                                                                    1.000E-06
-------------------------------------------------------------------------------------------------------------------------
###   Additional output options                                                                                       ###
.
                                      Print k-inf:             no
           Nuclides for absorption fraction print:           none
                              Print fission rates:             no
            Step for sorting absorption fractions:              1
=========================================================================================================================
###   Blending information                                                                                            ###
.
  --- no blending requested in this job ---
=========================================================================================================================
.
.
***Warning:  The flux over a step has changed by more than 20%.
=========================================================================================================================
=   History overview for case 'irrad' (#1/2)                                                                            =
-------------------------------------------------------------------------------------------------------------------------
   step          t0          t1          dt           t        flux     fluence       power      energy
    (-)         (d)         (d)         (s)         (s)   (n/cm2-s)     (n/cm2)        (MW)       (MWd)
      1      0.0000    550.0000  4.7520E+07  4.7520E+07  1.3770E+15  6.5433E+22  1.2470E+02  6.8586E+04
          
              step - step index within this case
                t0 - time at beginning-of-step in input units
                t1 - time at end-of-step in input units
                dt - length of step in seconds
                 t - end-of-step cumulative time in seconds
              flux - flux in neutrons/cm^2-sec (CALCULATED)
           fluence - cumulative end-of-step fluence in neutrons/cm^2 (CALCULATED)
             power - power in mega-watts (INPUT)     
            energy - cumulative end-of-step energy released in mega-watt-days (INPUT)     
=========================================================================================================================
.
.
.
.
.
*************************************************************************************************************************
********************                                                                                 ********************
********************                                                                                 ********************
********************                    Library information                                          ********************
********************                                                                                 ********************
********************                                                                                 ********************
*************************************************************************************************************************
.
.
=========================================================================================================================
=   Library summary for case 'irrad' (#1/2)                                                                             =
-------------------------------------------------------------------------------------------------------------------------
filename: C:/Users/Teddy/AppData/Local/Temp/scale.Teddy.10912/w17x17_100d.f33 cross-section data taken from position number: 1
library title delimited by {}: 
{}
date library was produced: 538976288/538976288/538976288
total number of nuclides in library: 2237
number of light-element nuclides: 910
number of actinide nuclides: 176
number of fission product nuclides: 1151
number of nonzero off-diagonal matrix elements: 54564
=========================================================================================================================
.
.
*************************************************************************************************************************
********************                                                                                 ********************
********************                                                                                 ********************
********************                    Concentration tables                                         ********************
********************                                                                                 ********************
********************                                                                                 ********************
*************************************************************************************************************************
.
.
=========================================================================================================================
=   Nuclide concentrations in grams for case 'irrad' (#1/2)                                                             =
-------------------------------------------------------------------------------------------------------------------------
  (relative cutoff; integral of concentrations over time >   1.00E-06 % of integral of all concentrations over time)
.
                   0.000d    550.000d   
  h-3          0.0000E+00  1.1558E-01
  he-4         0.0000E+00  3.4789E+00
  u-234        0.0000E+00  2.5151E+00
  u-235        2.8000E+04  8.5322E+02
  u-236        0.0000E+00  3.6907E+03
  u-237        0.0000E+00  3.0499E+01
  u-238        9.7200E+05  9.1004E+05
  u-239        0.0000E+00  2.3011E+00
  np-237       0.0000E+00  6.6009E+02
  np-238       0.0000E+00  7.6529E+00
  np-239       0.0000E+00  3.3042E+02
  pu-238       0.0000E+00  5.0327E+02
  pu-239       0.0000E+00  5.2914E+03
  pu-240       0.0000E+00  2.7476E+03
  pu-241       0.0000E+00  1.8366E+03
  pu-242       0.0000E+00  2.0443E+03
  pu-243       0.0000E+00  1.9790E+00
  pu-244       0.0000E+00  1.0840E+00
  am-241       0.0000E+00  1.7272E+01
  am-242m      0.0000E+00  2.8477E-01
  am-242       0.0000E+00  2.0432E-01
  am-243       0.0000E+00  7.9494E+02
  am-244m      0.0000E+00  1.2749E-01
  am-244       0.0000E+00  1.9835E-01
  cm-242       0.0000E+00  3.0989E+01
  cm-243       0.0000E+00  1.5734E+00
  cm-244       0.0000E+00  8.8010E+02
  cm-245       0.0000E+00  9.6170E+01
  cm-246       0.0000E+00  3.8646E+01
  cm-247       0.0000E+00  1.0976E+00
  cm-248       0.0000E+00  2.0998E-01
  ge-73        0.0000E+00  3.3729E-02
  ge-74        0.0000E+00  9.4429E-02
  as-75        0.0000E+00  2.2560E-01
  ge-76        0.0000E+00  6.3267E-01
  se-77        0.0000E+00  1.3097E+00
  se-78        0.0000E+00  4.5185E+00
  se-79        0.0000E+00  8.9122E+00
  se-80        0.0000E+00  2.2870E+01
  br-81        0.0000E+00  3.7651E+01
  se-82        0.0000E+00  6.0952E+01
  kr-82        0.0000E+00  2.7208E+00
  kr-83        0.0000E+00  4.8154E+01
  kr-84        0.0000E+00  2.1191E+02
  kr-85        0.0000E+00  4.2683E+01
  kr-85m       0.0000E+00  5.8874E-02
  rb-85        0.0000E+00  1.6143E+02
  kr-86        0.0000E+00  3.0282E+02
  rb-86        0.0000E+00  1.4146E-01
  sr-86        0.0000E+00  1.6829E+00
  kr-87        0.0000E+00  3.1181E-02
  rb-87        0.0000E+00  3.9584E+02
  kr-88        0.0000E+00  9.0767E-02
  sr-88        0.0000E+00  5.4439E+02
  sr-89        0.0000E+00  5.2645E+01
  y-89         0.0000E+00  6.6989E+02
  sr-90        0.0000E+00  8.6909E+02
  y-90         0.0000E+00  2.5981E-01
  zr-90        0.0000E+00  2.3523E+01
  sr-91        0.0000E+00  6.0902E-01
  y-91         0.0000E+00  9.2397E+01
  y-91m        0.0000E+00  3.0844E-02
  zr-91        0.0000E+00  8.8148E+02
  sr-92        0.0000E+00  2.0167E-01
  y-92         0.0000E+00  2.6647E-01
  zr-92        0.0000E+00  1.1083E+03
  y-93         0.0000E+00  9.5265E-01
  zr-93        0.0000E+00  1.2569E+03
  y-94         0.0000E+00  3.2311E-02
  zr-94        0.0000E+00  1.4174E+03
  mo-94        0.0000E+00  3.8515E-02
  zr-95        0.0000E+00  1.8157E+02
  nb-95        0.0000E+00  9.8147E+01
  nb-95m       0.0000E+00  1.1086E-01
  mo-95        0.0000E+00  1.1561E+03
  zr-96        0.0000E+00  1.5611E+03
  nb-96        0.0000E+00  3.1843E-02
  mo-96        0.0000E+00  1.6170E+02
  zr-97        0.0000E+00  2.2711E+00
  nb-97        0.0000E+00  1.6449E-01
  mo-97        0.0000E+00  1.5867E+03
  mo-98        0.0000E+00  1.7250E+03
  tc-98        0.0000E+00  2.0155E-02
  mo-99        0.0000E+00  1.0731E+01
  tc-99        0.0000E+00  1.4154E+03
  tc-99m       0.0000E+00  8.6739E-01
  ru-99        0.0000E+00  2.6122E-02
  mo-100       0.0000E+00  1.9716E+03
  ru-100       0.0000E+00  4.3803E+02
  mo-101       0.0000E+00  3.9755E-02
  tc-101       0.0000E+00  3.8686E-02
  ru-101       0.0000E+00  1.5880E+03
  mo-102       0.0000E+00  3.1161E-02
  ru-102       0.0000E+00  1.9501E+03
  ru-103       0.0000E+00  1.7272E+02
  rh-103       0.0000E+00  6.5308E+02
  rh-103m      0.0000E+00  1.6966E-01
  tc-104       0.0000E+00  5.0526E-02
  ru-104       0.0000E+00  1.5444E+03
  pd-104       0.0000E+00  9.7703E+02
  ru-105       0.0000E+00  6.7355E-01
  rh-105       0.0000E+00  3.9478E+00
  pd-105       0.0000E+00  8.5977E+02
  ru-106       0.0000E+00  6.5573E+02
  pd-106       0.0000E+00  8.6210E+02
  rh-107       0.0000E+00  3.4710E-02
  pd-107       0.0000E+00  7.1664E+02
  pd-108       0.0000E+00  5.0492E+02
  pd-109       0.0000E+00  9.8488E-01
  ag-109       0.0000E+00  2.0682E+02
  pd-110       0.0000E+00  1.7994E+02
  ag-110m      0.0000E+00  3.0017E+00
  cd-110       0.0000E+00  2.5570E+02
  ag-111       0.0000E+00  2.3660E+00
  cd-111       0.0000E+00  9.6671E+01
  pd-112       0.0000E+00  1.1740E-01
  cd-112       0.0000E+00  4.9740E+01
  cd-113       0.0000E+00  1.6190E-01
  cd-114       0.0000E+00  4.7611E+01
  cd-115       0.0000E+00  9.5948E-02
  cd-115m      0.0000E+00  1.2249E-01
  in-115       0.0000E+00  2.4038E+00
  sn-115       0.0000E+00  5.9409E-01
  cd-116       0.0000E+00  1.4466E+01
  sn-116       0.0000E+00  1.2014E+01
  sn-117       0.0000E+00  1.2773E+01
  sn-118       0.0000E+00  1.1988E+01
  sn-119       0.0000E+00  1.1178E+01
  sn-119m      0.0000E+00  1.6888E-01
  sn-120       0.0000E+00  1.1734E+01
  sn-121       0.0000E+00  3.4208E-02
  sn-121m      0.0000E+00  8.6739E-01
  sb-121       0.0000E+00  1.0034E+01
  sn-122       0.0000E+00  1.4952E+01
  sb-122       0.0000E+00  2.5222E-02
  te-122       0.0000E+00  1.7936E+00
  sn-123       0.0000E+00  6.8855E-01
  sb-123       0.0000E+00  1.3128E+01
  sn-124       0.0000E+00  2.3090E+01
  sb-124       0.0000E+00  4.0635E-01
  te-124       0.0000E+00  1.2655E+00
  sn-125       0.0000E+00  3.5125E-01
  sb-125       0.0000E+00  2.5751E+01
  te-125       0.0000E+00  5.1025E+00
  te-125m      0.0000E+00  2.9731E-01
  sn-126       0.0000E+00  5.1976E+01
  sb-126       0.0000E+00  2.3402E-02
  te-126       0.0000E+00  1.2680E+00
  sb-127       0.0000E+00  1.2503E+00
  te-127       0.0000E+00  1.0686E-01
  te-127m      0.0000E+00  9.1972E-01
  i-127        0.0000E+00  9.2057E+01
  te-128       0.0000E+00  2.2881E+02
  xe-128       0.0000E+00  1.4769E+01
  sb-129       0.0000E+00  1.7575E-01
  te-129       0.0000E+00  4.4209E-02
  te-129m      0.0000E+00  5.2421E+00
  i-129        0.0000E+00  3.5504E+02
  xe-129       0.0000E+00  2.3292E-01
  sb-130       0.0000E+00  2.1100E-02
  te-130       0.0000E+00  8.1927E+02
  i-130        0.0000E+00  8.3948E-02
  xe-130       0.0000E+00  3.7830E+01
  sb-131       0.0000E+00  3.5528E-02
  te-131       0.0000E+00  4.3347E-02
  te-131m      0.0000E+00  8.7747E-01
  i-131        0.0000E+00  2.3891E+01
  xe-131       0.0000E+00  5.8015E+02
  xe-131m      0.0000E+00  4.3692E-01
  te-132       0.0000E+00  1.3241E+01
  i-132        0.0000E+00  4.0893E-01
  xe-132       0.0000E+00  2.7120E+03
  te-133       0.0000E+00  2.5376E-02
  te-133m      0.0000E+00  1.0330E-01
  i-133        0.0000E+00  5.0071E+00
  xe-133       0.0000E+00  3.0237E+01
  xe-133m      0.0000E+00  4.0757E-01
  cs-133       0.0000E+00  1.8815E+03
  te-134       0.0000E+00  1.3502E-01
  i-134        0.0000E+00  2.3312E-01
  xe-134       0.0000E+00  3.1904E+03
  cs-134       0.0000E+00  5.3348E+02
  cs-134m      0.0000E+00  3.9435E-02
  ba-134       0.0000E+00  1.1456E+02
  i-135        0.0000E+00  1.5555E+00
  xe-135       0.0000E+00  1.6622E-01
  cs-135       0.0000E+00  3.7326E+02
  ba-135       0.0000E+00  1.7714E+00
  xe-136       0.0000E+00  5.5561E+03
  cs-136       0.0000E+00  2.2907E+00
  ba-136       0.0000E+00  4.0947E+01
  cs-137       0.0000E+00  2.6267E+03
  ba-137       0.0000E+00  5.2533E+01
  xe-138       0.0000E+00  4.7046E-02
  cs-138       0.0000E+00  1.2416E-01
  ba-138       0.0000E+00  2.6679E+03
  la-138       0.0000E+00  3.8254E-02
  cs-139       0.0000E+00  3.2069E-02
  ba-139       0.0000E+00  2.9594E-01
  la-139       0.0000E+00  2.4385E+03
  ba-140       0.0000E+00  6.2493E+01
  la-140       0.0000E+00  8.8888E+00
  ce-140       0.0000E+00  2.4582E+03
  ba-141       0.0000E+00  5.8485E-02
  la-141       0.0000E+00  7.6017E-01
  ce-141       0.0000E+00  1.4704E+02
  pr-141       0.0000E+00  2.0225E+03
  ba-142       0.0000E+00  3.1049E-02
  la-142       0.0000E+00  2.7826E-01
  ce-142       0.0000E+00  2.2884E+03
  pr-142       0.0000E+00  3.6762E-01
  nd-142       0.0000E+00  9.9620E+01
  la-143       0.0000E+00  4.0479E-02
  ce-143       0.0000E+00  5.7228E+00
  pr-143       0.0000E+00  5.5148E+01
  nd-143       0.0000E+00  8.9676E+02
  ce-144       0.0000E+00  9.5142E+02
  pr-144       0.0000E+00  4.1204E-02
  nd-144       0.0000E+00  2.1798E+03
  pr-145       0.0000E+00  7.3328E-01
  nd-145       0.0000E+00  1.1218E+03
  ce-146       0.0000E+00  2.2948E-02
  pr-146       0.0000E+00  4.1193E-02
  nd-146       0.0000E+00  1.6144E+03
  nd-147       0.0000E+00  2.0881E+01
  pm-147       0.0000E+00  1.9766E+02
  sm-147       0.0000E+00  3.9328E+01
  nd-148       0.0000E+00  8.3285E+02
  pm-148       0.0000E+00  4.1182E+00
  pm-148m      0.0000E+00  1.6118E+00
  sm-148       0.0000E+00  3.2229E+02
  nd-149       0.0000E+00  9.7221E-02
  pm-149       0.0000E+00  4.7319E+00
  sm-149       0.0000E+00  2.0619E+00
  nd-150       0.0000E+00  4.1737E+02
  sm-150       0.0000E+00  6.7196E+02
  pm-151       0.0000E+00  9.2851E-01
  sm-151       0.0000E+00  1.6294E+01
  sm-152       0.0000E+00  1.6298E+02
  sm-153       0.0000E+00  5.0701E+00
  eu-153       0.0000E+00  2.2662E+02
  sm-154       0.0000E+00  1.3522E+02
  eu-154       0.0000E+00  6.0687E+01
  gd-154       0.0000E+00  3.3954E+00
  eu-155       0.0000E+00  2.0371E+01
  gd-155       0.0000E+00  4.7572E-02
  sm-156       0.0000E+00  5.0292E-02
  eu-156       0.0000E+00  3.7191E+01
  gd-156       0.0000E+00  5.4398E+02
  eu-157       0.0000E+00  2.1655E-01
  gd-157       0.0000E+00  3.8113E-01
  gd-158       0.0000E+00  1.4594E+02
  gd-159       0.0000E+00  6.2020E-02
  tb-159       0.0000E+00  1.2143E+01
  gd-160       0.0000E+00  4.1406E+00
  tb-160       0.0000E+00  1.0035E+00
  dy-160       0.0000E+00  9.9404E-01
  tb-161       0.0000E+00  1.4742E-01
  dy-161       0.0000E+00  1.6469E+00
  dy-162       0.0000E+00  1.4180E+00
  dy-163       0.0000E+00  1.4585E+00
  dy-164       0.0000E+00  3.9545E-01
  ho-165       0.0000E+00  1.1574E+00
  er-166       0.0000E+00  5.2344E-01
  er-167       0.0000E+00  2.6526E-02
  er-168       0.0000E+00  9.0573E-02
------------
  totals       1.0000E+06  1.0022E+06
=========================================================================================================================
.
.
=========================================================================================================================
=   History overview for case 'decay' (#2/2)                                                                            =
-------------------------------------------------------------------------------------------------------------------------
   step          t0          t1          dt           t        flux     fluence       power      energy
    (-)         (y)         (y)         (s)         (s)   (n/cm2-s)     (n/cm2)        (MW)       (MWd)
      1      1.5057      2.5057  3.1560E+07  7.9080E+07  0.0000E+00  6.5433E+22  0.0000E+00  6.8586E+04
          
              step - step index within this case
                t0 - time at beginning-of-step in input units
                t1 - time at end-of-step in input units
                dt - length of step in seconds
                 t - end-of-step cumulative time in seconds
              flux - flux in neutrons/cm^2-sec (CALCULATED)
           fluence - cumulative end-of-step fluence in neutrons/cm^2 (CALCULATED)
             power - power in mega-watts (INPUT)     
            energy - cumulative end-of-step energy released in mega-watt-days (INPUT)     
=========================================================================================================================
.
.
.
.
.
*************************************************************************************************************************
********************                                                                                 ********************
********************                                                                                 ********************
********************                    Library information                                          ********************
********************                                                                                 ********************
********************                                                                                 ********************
*************************************************************************************************************************
.
.
=========================================================================================================================
=   Library summary for case 'decay' (#2/2)                                                                             =
-------------------------------------------------------------------------------------------------------------------------
filename: C:/Users/Teddy/AppData/Local/Temp/scale.Teddy.10912/w17x17_100d.f33 cross-section data taken from position number: 1
library title delimited by {}: 
{}
date library was produced: 538976288/538976288/538976288
total number of nuclides in library: 2237
number of light-element nuclides: 910
number of actinide nuclides: 176
number of fission product nuclides: 1151
number of nonzero off-diagonal matrix elements: 54564
=========================================================================================================================
.
.
*************************************************************************************************************************
********************                                                                                 ********************
********************                                                                                 ********************
********************                    Concentration tables                                         ********************
********************                                                                                 ********************
********************                                                                                 ********************
*************************************************************************************************************************
.
.
=========================================================================================================================
=   Nuclide concentrations in grams for case 'decay' (#2/2)                                                             =
-------------------------------------------------------------------------------------------------------------------------
  (relative cutoff; integral of concentrations over time >   1.00E-06 % of integral of all concentrations over time)
.
                   1.506y      2.506y   
  h-3          1.1558E-01  1.0925E-01
  he-4         3.4789E+00  4.5085E+00
  u-234        2.5151E+00  6.5865E+00
  u-235        8.5322E+02  8.5338E+02
  u-236        3.6907E+03  3.6910E+03
  u-237        3.0499E+01  5.4587E-05
  u-238        9.1004E+05  9.1004E+05
  u-239        2.3011E+00  0.0000E+00
  np-237       6.6009E+02  6.9069E+02
  np-238       7.6529E+00  5.2584E-08
  np-239       3.3042E+02  6.8593E-04
  pu-238       5.0327E+02  5.3094E+02
  pu-239       5.2914E+03  5.6241E+03
  pu-240       2.7476E+03  2.7799E+03
  pu-241       1.8366E+03  1.7497E+03
  pu-242       2.0443E+03  2.0443E+03
  pu-243       1.9790E+00  3.9136E-11
  pu-244       1.0840E+00  1.0841E+00
  am-241       1.7272E+01  1.0414E+02
  am-242m      2.8477E-01  2.8337E-01
  am-242       2.0432E-01  3.6561E-06
  am-243       7.9494E+02  7.9685E+02
  am-244m      1.2749E-01  0.0000E+00
  am-244       1.9835E-01  1.4504E-11
  cm-242       3.0989E+01  6.5882E+00
  cm-243       1.5734E+00  1.5364E+00
  cm-244       8.8010E+02  8.4736E+02
  cm-245       9.6170E+01  9.6163E+01
  cm-246       3.8646E+01  3.8641E+01
  cm-247       1.0976E+00  1.0976E+00
  cm-248       2.0998E-01  2.1078E-01
  ge-73        3.3729E-02  3.3753E-02
  ge-74        9.4429E-02  9.4431E-02
  as-75        2.2560E-01  2.2563E-01
  ge-76        6.3267E-01  6.3267E-01
  se-76        1.7802E-02  1.7906E-02
  se-77        1.3097E+00  1.3158E+00
  se-78        4.5185E+00  4.5196E+00
  se-79        8.9122E+00  8.9124E+00
  se-80        2.2870E+01  2.2870E+01
  br-81        3.7651E+01  3.7652E+01
  se-82        6.0952E+01  6.0952E+01
  kr-82        2.7208E+00  2.7398E+00
  kr-83        4.8154E+01  4.8184E+01
  kr-84        2.1191E+02  2.1192E+02
  kr-85        4.2683E+01  4.0031E+01
  kr-85m       5.8874E-02  0.0000E+00
  rb-85        1.6143E+02  1.6414E+02
  kr-86        3.0282E+02  3.0282E+02
  rb-86        1.4146E-01  1.7726E-07
  sr-86        1.6829E+00  1.8244E+00
  kr-87        3.1181E-02  0.0000E+00
  rb-87        3.9584E+02  3.9587E+02
  sr-87        1.1376E-02  1.1383E-02
  kr-88        9.0767E-02  0.0000E+00
  sr-88        5.4439E+02  5.4449E+02
  sr-89        5.2645E+01  3.5101E-01
  y-89         6.6989E+02  7.2219E+02
  sr-90        8.6909E+02  8.4842E+02
  y-90         2.5981E-01  2.1521E-01
  zr-90        2.3523E+01  4.4244E+01
  sr-91        6.0902E-01  0.0000E+00
  y-91         9.2397E+01  1.2284E+00
  y-91m        3.0844E-02  0.0000E+00
  zr-91        8.8148E+02  9.7329E+02
  sr-92        2.0167E-01  0.0000E+00
  y-92         2.6647E-01  0.0000E+00
  zr-92        1.1083E+03  1.1088E+03
  y-93         9.5265E-01  0.0000E+00
  zr-93        1.2569E+03  1.2579E+03
  y-94         3.2311E-02  0.0000E+00
  zr-94        1.4174E+03  1.4174E+03
  mo-94        3.8515E-02  3.8516E-02
  zr-95        1.8157E+02  3.4818E+00
  nb-95        9.8147E+01  4.2412E+00
  nb-95m       1.1086E-01  2.2471E-03
  mo-95        1.1561E+03  1.4283E+03
  zr-96        1.5611E+03  1.5611E+03
  nb-96        3.1843E-02  0.0000E+00
  mo-96        1.6170E+02  1.6173E+02
  zr-97        2.2711E+00  0.0000E+00
  nb-97        1.6449E-01  0.0000E+00
  mo-97        1.5867E+03  1.5892E+03
  mo-98        1.7250E+03  1.7250E+03
  tc-98        2.0155E-02  2.0155E-02
  mo-99        1.0731E+01  0.0000E+00
  tc-99        1.4154E+03  1.4270E+03
  tc-99m       8.6739E-01  0.0000E+00
  ru-99        2.6122E-02  3.1189E-02
  mo-100       1.9716E+03  1.9716E+03
  ru-100       4.3803E+02  4.3803E+02
  mo-101       3.9755E-02  0.0000E+00
  tc-101       3.8686E-02  0.0000E+00
  ru-101       1.5880E+03  1.5880E+03
  mo-102       3.1161E-02  0.0000E+00
  ru-102       1.9501E+03  1.9501E+03
  ru-103       1.7272E+02  2.7265E-01
  rh-103       6.5308E+02  8.2571E+02
  rh-103m      1.6966E-01  2.6782E-04
  tc-104       5.0526E-02  0.0000E+00
  ru-104       1.5444E+03  1.5445E+03
  pd-104       9.7703E+02  9.7703E+02
  ru-105       6.7355E-01  0.0000E+00
  rh-105       3.9478E+00  0.0000E+00
  pd-105       8.5977E+02  8.6441E+02
  ru-106       6.5573E+02  3.3186E+02
  pd-106       8.6210E+02  1.1860E+03
  rh-107       3.4710E-02  0.0000E+00
  pd-107       7.1664E+02  7.1668E+02
  pd-108       5.0492E+02  5.0492E+02
  pd-109       9.8488E-01  0.0000E+00
  ag-109       2.0682E+02  2.0781E+02
  pd-110       1.7994E+02  1.7994E+02
  ag-110m      3.0017E+00  1.0892E+00
  cd-110       2.5570E+02  2.5762E+02
  ag-111       2.3660E+00  4.1229E-15
  cd-111       9.6671E+01  9.9042E+01
  pd-112       1.1740E-01  0.0000E+00
  cd-112       4.9740E+01  4.9876E+01
  cd-113       1.6190E-01  1.7546E-01
  cd-114       4.7611E+01  4.7611E+01
  cd-115       9.5948E-02  0.0000E+00
  cd-115m      1.2249E-01  4.1736E-04
  in-115       2.4038E+00  2.6252E+00
  sn-115       5.9409E-01  5.9932E-01
  cd-116       1.4466E+01  1.4466E+01
  sn-116       1.2014E+01  1.2015E+01
  sn-117       1.2773E+01  1.2781E+01
  sn-118       1.1988E+01  1.1989E+01
  sn-119       1.1178E+01  1.1276E+01
  sn-119m      1.6888E-01  7.1172E-02
  sn-120       1.1734E+01  1.1734E+01
  sn-121       3.4208E-02  4.6543E-05
  sn-121m      8.6739E-01  8.5380E-01
  sb-121       1.0034E+01  1.0082E+01
  sn-122       1.4952E+01  1.4952E+01
  sb-122       2.5222E-02  0.0000E+00
  te-122       1.7936E+00  1.8182E+00
  sn-123       6.8855E-01  9.7017E-02
  sb-123       1.3128E+01  1.3721E+01
  te-123       1.9207E-02  2.5722E-02
  sn-124       2.3090E+01  2.3090E+01
  sb-124       4.0635E-01  6.0578E-03
  te-124       1.2655E+00  1.6658E+00
  sn-125       3.5125E-01  1.3770E-12
  sb-125       2.5751E+01  2.0305E+01
  te-125       5.1025E+00  1.0915E+01
  te-125m      2.9731E-01  2.8228E-01
  sn-126       5.1976E+01  5.1976E+01
  sb-126       2.3402E-02  1.0698E-06
  te-126       1.2680E+00  1.2916E+00
  sb-127       1.2503E+00  0.0000E+00
  te-127       1.0686E-01  3.8979E-04
  te-127m      9.1972E-01  1.1134E-01
  i-127        9.2057E+01  9.4240E+01
  te-128       2.2881E+02  2.2885E+02
  xe-128       1.4769E+01  1.4770E+01
  sb-129       1.7575E-01  0.0000E+00
  te-129       4.4209E-02  2.5527E-06
  te-129m      5.2421E+00  2.8127E-03
  i-129        3.5504E+02  3.6050E+02
  xe-129       2.3292E-01  2.3481E-01
  sb-130       2.1100E-02  0.0000E+00
  te-130       8.1927E+02  8.1930E+02
  i-130        8.3948E-02  0.0000E+00
  xe-130       3.7830E+01  3.7914E+01
  sb-131       3.5528E-02  0.0000E+00
  te-131       4.3347E-02  0.0000E+00
  te-131m      8.7747E-01  0.0000E+00
  i-131        2.3891E+01  4.9728E-13
  xe-131       5.8015E+02  6.0544E+02
  xe-131m      4.3692E-01  6.5938E-10
  te-132       1.3241E+01  0.0000E+00
  i-132        4.0893E-01  0.0000E+00
  xe-132       2.7120E+03  2.7257E+03
  te-133       2.5376E-02  0.0000E+00
  te-133m      1.0330E-01  0.0000E+00
  i-133        5.0071E+00  0.0000E+00
  xe-133       3.0237E+01  3.9625E-20
  xe-133m      4.0757E-01  0.0000E+00
  cs-133       1.8815E+03  1.9172E+03
  te-134       1.3502E-01  0.0000E+00
  i-134        2.3312E-01  0.0000E+00
  xe-134       3.1904E+03  3.1908E+03
  cs-134       5.3348E+02  3.8140E+02
  cs-134m      3.9435E-02  0.0000E+00
  ba-134       1.1456E+02  2.6668E+02
  i-135        1.5555E+00  0.0000E+00
  xe-135       1.6622E-01  0.0000E+00
  cs-135       3.7326E+02  3.7500E+02
  ba-135       1.7714E+00  1.7730E+00
  xe-136       5.5561E+03  5.5561E+03
  cs-136       2.2907E+00  1.0100E-08
  ba-136       4.0947E+01  4.3238E+01
  cs-137       2.6267E+03  2.5669E+03
  ba-137       5.2533E+01  1.1238E+02
  xe-138       4.7046E-02  0.0000E+00
  cs-138       1.2416E-01  0.0000E+00
  ba-138       2.6679E+03  2.6681E+03
  la-138       3.8254E-02  3.8254E-02
  cs-139       3.2069E-02  0.0000E+00
  ba-139       2.9594E-01  0.0000E+00
  la-139       2.4385E+03  2.4389E+03
  ba-140       6.2493E+01  1.4912E-07
  la-140       8.8888E+00  2.2601E-08
  ce-140       2.4582E+03  2.5296E+03
  ba-141       5.8485E-02  0.0000E+00
  la-141       7.6017E-01  0.0000E+00
  ce-141       1.4704E+02  6.1275E-02
  pr-141       2.0225E+03  2.1702E+03
  ba-142       3.1049E-02  0.0000E+00
  la-142       2.7826E-01  0.0000E+00
  ce-142       2.2884E+03  2.2887E+03
  pr-142       3.6762E-01  0.0000E+00
  nd-142       9.9620E+01  9.9989E+01
  la-143       4.0479E-02  0.0000E+00
  ce-143       5.7228E+00  0.0000E+00
  pr-143       5.5148E+01  4.8542E-07
  nd-143       8.9676E+02  9.5767E+02
  ce-144       9.5142E+02  3.9123E+02
  pr-144       4.1204E-02  1.6479E-02
  nd-144       2.1798E+03  2.7400E+03
  pr-145       7.3328E-01  0.0000E+00
  nd-145       1.1218E+03  1.1225E+03
  ce-146       2.2948E-02  0.0000E+00
  pr-146       4.1193E-02  0.0000E+00
  nd-146       1.6144E+03  1.6145E+03
  nd-147       2.0881E+01  2.0210E-09
  pm-147       1.9766E+02  1.6800E+02
  sm-147       3.9328E+01  8.9895E+01
  nd-148       8.3285E+02  8.3285E+02
  pm-148       4.1182E+00  2.1972E-05
  pm-148m      1.6118E+00  3.5009E-03
  sm-148       3.2229E+02  3.2801E+02
  nd-149       9.7221E-02  0.0000E+00
  pm-149       4.7319E+00  0.0000E+00
  sm-149       2.0619E+00  6.8929E+00
  nd-150       4.1737E+02  4.1737E+02
  sm-150       6.7196E+02  6.7197E+02
  pm-151       9.2851E-01  0.0000E+00
  sm-151       1.6294E+01  1.7097E+01
  eu-151       4.2293E-03  1.3639E-01
  sm-152       1.6298E+02  1.6298E+02
  sm-153       5.0701E+00  0.0000E+00
  eu-153       2.2662E+02  2.3170E+02
  sm-154       1.3522E+02  1.3522E+02
  eu-154       6.0687E+01  5.5989E+01
  gd-154       3.3954E+00  8.0938E+00
  eu-155       2.0371E+01  1.7610E+01
  gd-155       4.7572E-02  2.8126E+00
  sm-156       5.0292E-02  0.0000E+00
  eu-156       3.7191E+01  2.1480E-06
  gd-156       5.4398E+02  5.8122E+02
  eu-157       2.1655E-01  0.0000E+00
  gd-157       3.8113E-01  5.9816E-01
  gd-158       1.4594E+02  1.4594E+02
  gd-159       6.2020E-02  0.0000E+00
  tb-159       1.2143E+01  1.2205E+01
  gd-160       4.1406E+00  4.1406E+00
  tb-160       1.0035E+00  3.0243E-02
  dy-160       9.9404E-01  1.9673E+00
  tb-161       1.4742E-01  1.7627E-17
  dy-161       1.6469E+00  1.7944E+00
  dy-162       1.4180E+00  1.4180E+00
  dy-163       1.4585E+00  1.4585E+00
  dy-164       3.9545E-01  3.9545E-01
  ho-165       1.1574E+00  1.1586E+00
  er-166       5.2344E-01  5.3033E-01
  er-167       2.6526E-02  2.6571E-02
  er-168       9.0573E-02  9.0573E-02
------------
  totals       1.0022E+06  1.0022E+06
=========================================================================================================================
.
.
*************************************************************************************************************************
********************                                                                                 ********************
********************                                                                                 ********************
********************                    Written F71 File Information                                 ********************
********************                                                                                 ********************
********************                                                                                 ********************
*************************************************************************************************************************
.
.
   pos         time        power         flux      fluence       energy libpos   case   step DCGNAB
   (-)          (s)         (MW)    (n/cm2-s)      (n/cm2)        (MWd)    (-)    (-)    (-)    (-)
     1  4.75200e+07  0.00000e+00  0.00000e+00  6.54329e+22  6.85859e+04      1      2      0 DC----
     2  7.90800e+07  0.00000e+00  0.00000e+00  6.54329e+22  6.85859e+04      1      2      1 DC----
    D - state definition present
    C - concentrations present
    G - gamma emission spectra present
    N - neutron emission spectra present
    A - alpha emission spectra present
    B - beta emission spectra present
.
.
.
=========================================================================================================================
ORIGEN finished successfully.
=========================================================================================================================
    module origen used 0.672504 seconds cpu time for the current pass.

    module origen is finished. completion code    0. total cpu time used 3.73226e-006 seconds.


    SCALE is finished on Wed Feb 13 18:32:52 2019.
-------------------------- Summary --------------------------
arp finished. used 2.20685 seconds.
origen finished. used 0.678071 seconds.
SCALE driver required a maximum of 8.309 MiB of RAM.
------------------------ End Summary ------------------------

w17x17_100d.f33 copied to C:\Users\Teddy\Desktop\scale_test\output\w17x17_100d.f33.
discharge.f71 copied to C:\Users\Teddy\Desktop\scale_test\output\discharge.f71.
