 *******************************************************************************
 *                                                                             *
 *                                 SCALE 6.2.2                                 *
 *                                -------------                                *
 *                                February 2019                                *
 *                                                                             *
 *           SCALE:  A Comprehensive Modeling and Simulation Suite             *
 *                   for Nuclear Safety Analysis and Design                    *
 *                                                                             *
 *                      Reactor and Nuclear Systems Division                   *
 *                        Oak Ridge National Laboratory                        *
 *                                                                             *
 *                           http://scale.ornl.gov                             *
 *                            scalehelp@ornl.gov                               *
 *                                                                             *
 *******************************************************************************
 *******************************************************************************
      
                  Job Information
                  ---------------
      Job started on DESKTOP-J14NAA6 on Wed 13/02/2019 18:30:58
      Working directory: C:\Users\Teddy\AppData\Local\Temp\scale.Teddy.11560
      Input file name  : C:\Users\Teddy\Desktop\scale_test\output\2.800000_49494.949495.inp
      Output file name : C:\Users\Teddy\Desktop\scale_test\output\2.800000_49494.949495.out
      SCALE executable : C:\SCALE-6.2.2/bin/scale
      
 *******************************************************************************


    module arp will be called on Wed Feb 13 18:30:58 2019.
    sequence specification record:=arp
Input Data:

      'library type
      w17x17
      2.800000
      ' num cycles
      1
      ' num days per cycle
      550
      ' cycle average specific power (MW / MTU)
      89.990817
      ' number of interpolated cross section sets generated per cycle
      1
      ' moderator density (g/cc)
      0.723
      ' interpolated output ORIGEN library
      w17x17_100d.f33
end

1






        ************************************************************************************************************************
        ************************************************************************************************************************
        ************************************************************************************************************************
        *****                                                                                                              *****
        *****                                       program verification information                                       *****
        *****                                                                                                              *****
        *****                                   code system:  SCALE    version:  6.2                                       *****
        *****                                                                                                              *****
        ************************************************************************************************************************
        ************************************************************************************************************************
        *****                                                                                                              *****
        *****                                                                                                              *****
        *****              program:  arp.exe                                                                               *****
        *****                                                                                                              *****
        *****        creation date:   unknown                                                                              *****
        *****                                                                                                              *****
        *****              library:  C:\SCALE-6.2.2\bin                                                                    *****
        *****                                                                                                              *****
        *****                                                                                                              *****
        *****            prod code:  arp.exe                                                                               *****
        *****                                                                                                              *****
        *****              version:  6.2.2                                                                                 *****
        *****                                                                                                              *****
        *****              jobname:  Teddy                                                                                 *****
        *****                                                                                                              *****
        *****         machine name:  DESKTOP-J14NAA6                                                                       *****
        *****                                                                                                              *****
        *****    date of execution:  13_feb_2019                                                                           *****
        *****                                                                                                              *****
        *****    time of execution:  18:30:59.03                                                                           *****
        *****                                                                                                              *****
        *****                                                                                                              *****
        ************************************************************************************************************************
        ************************************************************************************************************************
        ************************************************************************************************************************


 'library type
    data library:       w17x17
       directory:       C:/SCALE-6.2.2/data/\arplibs
       definition:      C:/SCALE-6.2.2/data/\arpdata.txt
    u-235 enrichment:                        2.800

 ' num cycles
    number of cycles:                            1

 ' num days per cycle

 ' cycle average specific power (MW / MTU)

 ' number of interpolated cross section sets generated per cycle

 ' moderator density (g/cc)
    water density (g/cm3):                  0.7230
                                         cycle        cumulative      midpoint
   cycle time(d)        power(MW)      burnup(MWd/MTU)burnup(MWd/MTU)burnup(MWd/MTU)nlib
     1    550.000        89.9908        49494.9        49494.9        24747.5             1

 ' interpolated output ORIGEN library
    interpolated library name:                   w17x17_100d.f33
 interpolation type: spline
 Cross section library interpolation completed.
.
.
.
=========================================================================================================================
ARP finished successfully.
=========================================================================================================================
    module arp used 1.87741 seconds cpu time for the current pass.

    module arp is finished. completion code    0. total cpu time used 1.30629e-005 seconds.



    module origen will be called on Wed Feb 13 18:31:00 2019.
    sequence specification record:=origen
Input Data:

      case(irrad) {
          lib{
              file="w17x17_100d.f33" pos=1
          }
          mat {
              units=GRAMS
              iso=[u235=28000.000000 u238=972000.000000]
          }
          time = [ 550 ]
          power = [ 89.990817 ]
      }
      case (decay) {
          time {
              units=YEARS
              start=0
              t=[1]
          }
          save{ file="discharge.f71" steps=[0 LAST]}
      }
end

1






        ************************************************************************************************************************
        ************************************************************************************************************************
        ************************************************************************************************************************
        *****                                                                                                              *****
        *****                                       program verification information                                       *****
        *****                                                                                                              *****
        *****                                   code system:  SCALE    version:  6.2                                       *****
        *****                                                                                                              *****
        ************************************************************************************************************************
        ************************************************************************************************************************
        *****                                                                                                              *****
        *****                                                                                                              *****
        *****              program:  origen.exe                                                                            *****
        *****                                                                                                              *****
        *****        creation date:   unknown                                                                              *****
        *****                                                                                                              *****
        *****              library:  C:\SCALE-6.2.2\bin                                                                    *****
        *****                                                                                                              *****
        *****                                                                                                              *****
        *****            prod code:  origen.exe                                                                            *****
        *****                                                                                                              *****
        *****              version:  6.2.2                                                                                 *****
        *****                                                                                                              *****
        *****              jobname:  Teddy                                                                                 *****
        *****                                                                                                              *****
        *****         machine name:  DESKTOP-J14NAA6                                                                       *****
        *****                                                                                                              *****
        *****    date of execution:  13_feb_2019                                                                           *****
        *****                                                                                                              *****
        *****    time of execution:  18:31:00.91                                                                           *****
        *****                                                                                                              *****
        *****                                                                                                              *****
        ************************************************************************************************************************
        ************************************************************************************************************************
        ************************************************************************************************************************

*************************************************************************************************************************
********************                                                                                 ********************
********************                                                                                 ********************
********************                    USER INPUT SUMMARY                                           ********************
********************                                                                                 ********************
********************                                                                                 ********************
*************************************************************************************************************************
.
.
=========================================================================================================================
=   Case "irrad" (#1/2)                                                                                                 =
-------------------------------------------------------------------------------------------------------------------------
###   Library settings                                                                                                ###
.
                                Library file name:     C:/Users/Teddy/AppData/Local/Temp/scale.Teddy.11560/w17x17_100d.f33
                             Library set position:              1
                 Fission product reaction removal:             no
-------------------------------------------------------------------------------------------------------------------------
###   Global settings                                                                                                 ###
.
                                           Solver:              MATREX
                                             Mode:        forward
                             Fixed fission energy:             no
-------------------------------------------------------------------------------------------------------------------------
###   Concentrations output options                                                                                   ###
.
                            High-precision output:             no
                                  Relative cutoff:            yes
                         Step for applying cutoff:       integral
.
                      light els.   actinides  fis.prods.       total
                       nuc    el   nuc    el   nuc    el   nuc    el             cutoff
gram-atoms                                                                    1.000E-06
grams                                                      **                 1.000E-06
curies                                                                        1.000E-06
watts                                                                         1.000E-06
gamma watts                                                                   1.000E-06
m3 air                                                                        1.000E-06
m3 water                                                                      1.000E-06
grams ppm                                                                     1.000E-06
atoms ppm                                                                     1.000E-06
atoms/barn-cm                                                                 1.000E-06
becquerels                                                                    1.000E-06
-------------------------------------------------------------------------------------------------------------------------
###   Additional output options                                                                                       ###
.
                                      Print k-inf:             no
           Nuclides for absorption fraction print:           none
                              Print fission rates:             no
            Step for sorting absorption fractions:              1
=========================================================================================================================
=   Case "decay" (#2/2)                                                                                                 =
-------------------------------------------------------------------------------------------------------------------------
###   Library settings                                                                                                ###
.
                                Library file name:     C:/Users/Teddy/AppData/Local/Temp/scale.Teddy.11560/w17x17_100d.f33
                             Library set position:              1
                 Fission product reaction removal:             no
-------------------------------------------------------------------------------------------------------------------------
###   Global settings                                                                                                 ###
.
                                           Solver:              MATREX
                                             Mode:        forward
                             Fixed fission energy:             no
-------------------------------------------------------------------------------------------------------------------------
###   Concentrations output options                                                                                   ###
.
                            High-precision output:             no
                                  Relative cutoff:            yes
                         Step for applying cutoff:       integral
.
                      light els.   actinides  fis.prods.       total
                       nuc    el   nuc    el   nuc    el   nuc    el             cutoff
gram-atoms                                                                    1.000E-06
grams                                                      **                 1.000E-06
curies                                                                        1.000E-06
watts                                                                         1.000E-06
gamma watts                                                                   1.000E-06
m3 air                                                                        1.000E-06
m3 water                                                                      1.000E-06
grams ppm                                                                     1.000E-06
atoms ppm                                                                     1.000E-06
atoms/barn-cm                                                                 1.000E-06
becquerels                                                                    1.000E-06
-------------------------------------------------------------------------------------------------------------------------
###   Additional output options                                                                                       ###
.
                                      Print k-inf:             no
           Nuclides for absorption fraction print:           none
                              Print fission rates:             no
            Step for sorting absorption fractions:              1
=========================================================================================================================
###   Blending information                                                                                            ###
.
  --- no blending requested in this job ---
=========================================================================================================================
.
.
***Warning:  The flux over a step has changed by more than 20%.
=========================================================================================================================
=   History overview for case 'irrad' (#1/2)                                                                            =
-------------------------------------------------------------------------------------------------------------------------
   step          t0          t1          dt           t        flux     fluence       power      energy
    (-)         (d)         (d)         (s)         (s)   (n/cm2-s)     (n/cm2)        (MW)       (MWd)
      1      0.0000    550.0000  4.7520E+07  4.7520E+07  9.5047E+14  4.5167E+22  8.9991E+01  4.9495E+04
          
              step - step index within this case
                t0 - time at beginning-of-step in input units
                t1 - time at end-of-step in input units
                dt - length of step in seconds
                 t - end-of-step cumulative time in seconds
              flux - flux in neutrons/cm^2-sec (CALCULATED)
           fluence - cumulative end-of-step fluence in neutrons/cm^2 (CALCULATED)
             power - power in mega-watts (INPUT)     
            energy - cumulative end-of-step energy released in mega-watt-days (INPUT)     
=========================================================================================================================
.
.
.
.
.
*************************************************************************************************************************
********************                                                                                 ********************
********************                                                                                 ********************
********************                    Library information                                          ********************
********************                                                                                 ********************
********************                                                                                 ********************
*************************************************************************************************************************
.
.
=========================================================================================================================
=   Library summary for case 'irrad' (#1/2)                                                                             =
-------------------------------------------------------------------------------------------------------------------------
filename: C:/Users/Teddy/AppData/Local/Temp/scale.Teddy.11560/w17x17_100d.f33 cross-section data taken from position number: 1
library title delimited by {}: 
{}
date library was produced: 538976288/538976288/538976288
total number of nuclides in library: 2237
number of light-element nuclides: 910
number of actinide nuclides: 176
number of fission product nuclides: 1151
number of nonzero off-diagonal matrix elements: 54564
=========================================================================================================================
.
.
*************************************************************************************************************************
********************                                                                                 ********************
********************                                                                                 ********************
********************                    Concentration tables                                         ********************
********************                                                                                 ********************
********************                                                                                 ********************
*************************************************************************************************************************
.
.
=========================================================================================================================
=   Nuclide concentrations in grams for case 'irrad' (#1/2)                                                             =
-------------------------------------------------------------------------------------------------------------------------
  (relative cutoff; integral of concentrations over time >   1.00E-06 % of integral of all concentrations over time)
.
                   0.000d    550.000d   
  h-3          0.0000E+00  8.1246E-02
  he-4         0.0000E+00  2.2058E+00
  u-234        0.0000E+00  2.1345E+00
  u-235        2.8000E+04  2.5236E+03
  u-236        0.0000E+00  3.8519E+03
  u-237        0.0000E+00  2.2936E+01
  u-238        9.7200E+05  9.2893E+05
  u-239        0.0000E+00  1.6158E+00
  np-237       0.0000E+00  5.6516E+02
  np-238       0.0000E+00  4.6543E+00
  np-239       0.0000E+00  2.3255E+02
  pu-238       0.0000E+00  3.1625E+02
  pu-239       0.0000E+00  5.3061E+03
  pu-240       0.0000E+00  2.3295E+03
  pu-241       0.0000E+00  1.7219E+03
  pu-242       0.0000E+00  1.3387E+03
  pu-243       0.0000E+00  9.5549E-01
  pu-244       0.0000E+00  2.9650E-01
  am-241       0.0000E+00  2.1814E+01
  am-242m      0.0000E+00  3.6487E-01
  am-242       0.0000E+00  1.8260E-01
  am-243       0.0000E+00  4.1070E+02
  am-244m      0.0000E+00  4.6771E-02
  am-244       0.0000E+00  7.2767E-02
  cm-242       0.0000E+00  2.3185E+01
  cm-243       0.0000E+00  8.9764E-01
  cm-244       0.0000E+00  2.7906E+02
  cm-245       0.0000E+00  3.0606E+01
  cm-246       0.0000E+00  6.6041E+00
  cm-247       0.0000E+00  1.2597E-01
  ge-73        0.0000E+00  2.6275E-02
  ge-74        0.0000E+00  7.0570E-02
  as-75        0.0000E+00  1.7517E-01
  ge-76        0.0000E+00  4.7762E-01
  se-77        0.0000E+00  1.0484E+00
  se-78        0.0000E+00  3.3370E+00
  se-79        0.0000E+00  6.8448E+00
  se-80        0.0000E+00  1.7593E+01
  br-81        0.0000E+00  2.9282E+01
  se-82        0.0000E+00  4.6572E+01
  kr-82        0.0000E+00  1.5027E+00
  kr-83        0.0000E+00  4.5533E+01
  kr-84        0.0000E+00  1.5739E+02
  kr-85        0.0000E+00  3.3759E+01
  kr-85m       0.0000E+00  4.7783E-02
  rb-85        0.0000E+00  1.2839E+02
  kr-86        0.0000E+00  2.4126E+02
  rb-86        0.0000E+00  7.7943E-02
  sr-86        0.0000E+00  9.0330E-01
  kr-87        0.0000E+00  2.5694E-02
  rb-87        0.0000E+00  3.1630E+02
  kr-88        0.0000E+00  7.5774E-02
  sr-88        0.0000E+00  4.3679E+02
  sr-89        0.0000E+00  4.3930E+01
  y-89         0.0000E+00  5.3611E+02
  sr-90        0.0000E+00  6.9999E+02
  y-90         0.0000E+00  1.9937E-01
  zr-90        0.0000E+00  1.7487E+01
  sr-91        0.0000E+00  4.9601E-01
  y-91         0.0000E+00  7.6426E+01
  y-91m        0.0000E+00  2.5118E-02
  zr-91        0.0000E+00  6.9737E+02
  sr-92        0.0000E+00  1.6086E-01
  y-92         0.0000E+00  2.1254E-01
  zr-92        0.0000E+00  8.6398E+02
  y-93         0.0000E+00  7.4419E-01
  zr-93        0.0000E+00  9.7182E+02
  y-94         0.0000E+00  2.5025E-02
  zr-94        0.0000E+00  1.0721E+03
  zr-95        0.0000E+00  1.3934E+02
  nb-95        0.0000E+00  7.5559E+01
  nb-95m       0.0000E+00  8.5040E-02
  mo-95        0.0000E+00  9.0364E+02
  zr-96        0.0000E+00  1.1652E+03
  mo-96        0.0000E+00  8.6513E+01
  zr-97        0.0000E+00  1.6953E+00
  nb-97        0.0000E+00  1.2273E-01
  mo-97        0.0000E+00  1.1758E+03
  mo-98        0.0000E+00  1.2521E+03
  mo-99        0.0000E+00  7.8907E+00
  tc-99        0.0000E+00  1.1082E+03
  tc-99m       0.0000E+00  6.3609E-01
  ru-99        0.0000E+00  2.6411E-02
  mo-100       0.0000E+00  1.4284E+03
  ru-100       0.0000E+00  2.3366E+02
  mo-101       0.0000E+00  2.8847E-02
  tc-101       0.0000E+00  2.8070E-02
  ru-101       0.0000E+00  1.1740E+03
  mo-102       0.0000E+00  2.2402E-02
  ru-102       0.0000E+00  1.3273E+03
  ru-103       0.0000E+00  1.2149E+02
  rh-103       0.0000E+00  5.5948E+02
  rh-103m      0.0000E+00  1.1931E-01
  tc-104       0.0000E+00  3.5095E-02
  ru-104       0.0000E+00  1.0195E+03
  pd-104       0.0000E+00  5.4707E+02
  ru-105       0.0000E+00  4.5987E-01
  rh-105       0.0000E+00  2.9335E+00
  pd-105       0.0000E+00  6.2606E+02
  ru-106       0.0000E+00  4.1646E+02
  pd-106       0.0000E+00  4.7032E+02
  rh-107       0.0000E+00  2.3304E-02
  pd-107       0.0000E+00  4.5649E+02
  pd-108       0.0000E+00  3.1326E+02
  pd-109       0.0000E+00  5.6871E-01
  ag-109       0.0000E+00  1.4385E+02
  pd-110       0.0000E+00  1.0701E+02
  ag-110m      0.0000E+00  1.8012E+00
  cd-110       0.0000E+00  1.1887E+02
  ag-111       0.0000E+00  1.3820E+00
  cd-111       0.0000E+00  5.3560E+01
  pd-112       0.0000E+00  6.8117E-02
  cd-112       0.0000E+00  2.7436E+01
  cd-113       0.0000E+00  1.3346E-01
  cd-114       0.0000E+00  2.8891E+01
  cd-115       0.0000E+00  5.8736E-02
  cd-115m      0.0000E+00  7.3779E-02
  in-115       0.0000E+00  2.0711E+00
  sn-115       0.0000E+00  3.9683E-01
  cd-116       0.0000E+00  9.7028E+00
  sn-116       0.0000E+00  7.1574E+00
  sn-117       0.0000E+00  8.6680E+00
  sn-118       0.0000E+00  8.0988E+00
  sn-119       0.0000E+00  7.6848E+00
  sn-119m      0.0000E+00  1.2328E-01
  sn-120       0.0000E+00  7.9900E+00
  sn-121       0.0000E+00  2.3987E-02
  sn-121m      0.0000E+00  6.1170E-01
  sb-121       0.0000E+00  7.2440E+00
  sn-122       0.0000E+00  1.0210E+01
  te-122       0.0000E+00  8.9271E-01
  sn-123       0.0000E+00  4.5824E-01
  sb-123       0.0000E+00  9.2966E+00
  sn-124       0.0000E+00  1.5976E+01
  sb-124       0.0000E+00  1.7697E-01
  te-124       0.0000E+00  5.4570E-01
  sn-125       0.0000E+00  2.4620E-01
  sb-125       0.0000E+00  1.7636E+01
  te-125       0.0000E+00  3.4926E+00
  te-125m      0.0000E+00  2.0403E-01
  sn-126       0.0000E+00  3.5536E+01
  te-126       0.0000E+00  8.5782E-01
  sb-127       0.0000E+00  8.8240E-01
  te-127       0.0000E+00  7.6631E-02
  te-127m      0.0000E+00  8.7593E-01
  i-127        0.0000E+00  6.7294E+01
  te-128       0.0000E+00  1.5851E+02
  xe-128       0.0000E+00  7.3267E+00
  sb-129       0.0000E+00  1.2459E-01
  te-129       0.0000E+00  3.1313E-02
  te-129m      0.0000E+00  3.7207E+00
  i-129        0.0000E+00  2.5226E+02
  xe-129       0.0000E+00  8.2202E-02
  te-130       0.0000E+00  5.8755E+02
  i-130        0.0000E+00  4.1404E-02
  xe-130       0.0000E+00  1.8455E+01
  sb-131       0.0000E+00  2.6123E-02
  te-131       0.0000E+00  3.1678E-02
  te-131m      0.0000E+00  6.2857E-01
  i-131        0.0000E+00  1.7405E+01
  xe-131       0.0000E+00  5.1799E+02
  xe-131m      0.0000E+00  3.1396E-01
  te-132       0.0000E+00  9.6965E+00
  i-132        0.0000E+00  2.9888E-01
  xe-132       0.0000E+00  1.8372E+03
  te-133m      0.0000E+00  7.7308E-02
  i-133        0.0000E+00  3.6933E+00
  xe-133       0.0000E+00  2.2328E+01
  xe-133m      0.0000E+00  2.9679E-01
  cs-133       0.0000E+00  1.5199E+03
  te-134       0.0000E+00  1.0164E-01
  i-134        0.0000E+00  1.7238E-01
  xe-134       0.0000E+00  2.3085E+03
  cs-134       0.0000E+00  3.1389E+02
  cs-134m      0.0000E+00  2.2187E-02
  ba-134       0.0000E+00  6.4156E+01
  i-135        0.0000E+00  1.1426E+00
  xe-135       0.0000E+00  1.7146E-01
  cs-135       0.0000E+00  2.6802E+02
  ba-135       0.0000E+00  6.7261E-01
  xe-136       0.0000E+00  3.9278E+03
  cs-136       0.0000E+00  1.2466E+00
  ba-136       0.0000E+00  2.4772E+01
  cs-137       0.0000E+00  1.8932E+03
  ba-137       0.0000E+00  3.7449E+01
  xe-138       0.0000E+00  3.5047E-02
  cs-138       0.0000E+00  9.2033E-02
  ba-138       0.0000E+00  1.9454E+03
  la-138       0.0000E+00  2.1341E-02
  cs-139       0.0000E+00  2.3820E-02
  ba-139       0.0000E+00  2.1939E-01
  la-139       0.0000E+00  1.7996E+03
  ba-140       0.0000E+00  4.6504E+01
  la-140       0.0000E+00  6.4615E+00
  ce-140       0.0000E+00  1.7794E+03
  ba-141       0.0000E+00  4.3560E-02
  la-141       0.0000E+00  5.6583E-01
  ce-141       0.0000E+00  1.1040E+02
  pr-141       0.0000E+00  1.5159E+03
  ba-142       0.0000E+00  2.3290E-02
  la-142       0.0000E+00  2.0828E-01
  ce-142       0.0000E+00  1.6741E+03
  pr-142       0.0000E+00  1.9065E-01
  nd-142       0.0000E+00  5.1191E+01
  la-143       0.0000E+00  3.0552E-02
  ce-143       0.0000E+00  4.3077E+00
  pr-143       0.0000E+00  4.1801E+01
  nd-143       0.0000E+00  8.5320E+02
  ce-144       0.0000E+00  7.1976E+02
  pr-144       0.0000E+00  3.0908E-02
  nd-144       0.0000E+00  1.4316E+03
  pr-145       0.0000E+00  5.4899E-01
  nd-145       0.0000E+00  9.0360E+02
  pr-146       0.0000E+00  3.0628E-02
  nd-146       0.0000E+00  1.1064E+03
  nd-147       0.0000E+00  1.5613E+01
  pm-147       0.0000E+00  1.9870E+02
  sm-147       0.0000E+00  4.3775E+01
  nd-148       0.0000E+00  5.8896E+02
  pm-148       0.0000E+00  3.0683E+00
  pm-148m      0.0000E+00  1.6116E+00
  sm-148       0.0000E+00  2.2064E+02
  nd-149       0.0000E+00  6.8481E-02
  pm-149       0.0000E+00  3.3111E+00
  sm-149       0.0000E+00  2.0749E+00
  nd-150       0.0000E+00  2.9070E+02
  sm-150       0.0000E+00  4.9031E+02
  pm-151       0.0000E+00  6.4363E-01
  sm-151       0.0000E+00  1.3724E+01
  sm-152       0.0000E+00  1.3397E+02
  sm-153       0.0000E+00  3.0461E+00
  eu-153       0.0000E+00  1.7898E+02
  sm-154       0.0000E+00  7.9599E+01
  eu-154       0.0000E+00  4.7558E+01
  gd-154       0.0000E+00  2.5977E+00
  eu-155       0.0000E+00  1.5959E+01
  gd-155       0.0000E+00  4.7765E-02
  sm-156       0.0000E+00  3.3474E-02
  eu-156       0.0000E+00  2.1242E+01
  gd-156       0.0000E+00  2.8867E+02
  eu-157       0.0000E+00  1.0044E-01
  gd-157       0.0000E+00  2.3385E-01
  gd-158       0.0000E+00  6.4324E+01
  gd-159       0.0000E+00  2.5855E-02
  tb-159       0.0000E+00  6.0562E+00
  gd-160       0.0000E+00  2.3941E+00
  tb-160       0.0000E+00  4.1004E-01
  dy-160       0.0000E+00  4.9284E-01
  tb-161       0.0000E+00  5.5741E-02
  dy-161       0.0000E+00  8.1288E-01
  dy-162       0.0000E+00  6.6864E-01
  dy-163       0.0000E+00  6.2690E-01
  dy-164       0.0000E+00  1.7400E-01
  ho-165       0.0000E+00  3.9229E-01
  er-166       0.0000E+00  1.3117E-01
  er-168       0.0000E+00  2.0540E-02
------------
  totals       1.0000E+06  1.0002E+06
=========================================================================================================================
.
.
=========================================================================================================================
=   History overview for case 'decay' (#2/2)                                                                            =
-------------------------------------------------------------------------------------------------------------------------
   step          t0          t1          dt           t        flux     fluence       power      energy
    (-)         (y)         (y)         (s)         (s)   (n/cm2-s)     (n/cm2)        (MW)       (MWd)
      1      1.5057      2.5057  3.1560E+07  7.9080E+07  0.0000E+00  4.5167E+22  0.0000E+00  4.9495E+04
          
              step - step index within this case
                t0 - time at beginning-of-step in input units
                t1 - time at end-of-step in input units
                dt - length of step in seconds
                 t - end-of-step cumulative time in seconds
              flux - flux in neutrons/cm^2-sec (CALCULATED)
           fluence - cumulative end-of-step fluence in neutrons/cm^2 (CALCULATED)
             power - power in mega-watts (INPUT)     
            energy - cumulative end-of-step energy released in mega-watt-days (INPUT)     
=========================================================================================================================
.
.
.
.
.
*************************************************************************************************************************
********************                                                                                 ********************
********************                                                                                 ********************
********************                    Library information                                          ********************
********************                                                                                 ********************
********************                                                                                 ********************
*************************************************************************************************************************
.
.
=========================================================================================================================
=   Library summary for case 'decay' (#2/2)                                                                             =
-------------------------------------------------------------------------------------------------------------------------
filename: C:/Users/Teddy/AppData/Local/Temp/scale.Teddy.11560/w17x17_100d.f33 cross-section data taken from position number: 1
library title delimited by {}: 
{}
date library was produced: 538976288/538976288/538976288
total number of nuclides in library: 2237
number of light-element nuclides: 910
number of actinide nuclides: 176
number of fission product nuclides: 1151
number of nonzero off-diagonal matrix elements: 54564
=========================================================================================================================
.
.
*************************************************************************************************************************
********************                                                                                 ********************
********************                                                                                 ********************
********************                    Concentration tables                                         ********************
********************                                                                                 ********************
********************                                                                                 ********************
*************************************************************************************************************************
.
.
=========================================================================================================================
=   Nuclide concentrations in grams for case 'decay' (#2/2)                                                             =
-------------------------------------------------------------------------------------------------------------------------
  (relative cutoff; integral of concentrations over time >   1.00E-06 % of integral of all concentrations over time)
.
                   1.506y      2.506y   
  h-3          8.1246E-02  7.6801E-02
  he-4         2.2058E+00  2.7356E+00
  u-234        2.1345E+00  4.7059E+00
  u-235        2.5236E+03  2.5238E+03
  u-236        3.8519E+03  3.8521E+03
  u-237        2.2936E+01  5.1176E-05
  u-238        9.2893E+05  9.2893E+05
  u-239        1.6158E+00  0.0000E+00
  np-237       5.6516E+02  5.8820E+02
  np-238       4.6543E+00  6.7375E-08
  np-239       2.3255E+02  3.5432E-04
  pu-238       3.1625E+02  3.3638E+02
  pu-239       5.3061E+03  5.5402E+03
  pu-240       2.3295E+03  2.3396E+03
  pu-241       1.7219E+03  1.6403E+03
  pu-242       1.3387E+03  1.3387E+03
  pu-243       9.5549E-01  4.4913E-12
  pu-244       2.9650E-01  2.9652E-01
  am-241       2.1814E+01  1.0325E+02
  am-242m      3.6487E-01  3.6308E-01
  am-242       1.8260E-01  4.6845E-06
  am-243       4.1070E+02  4.1162E+02
  am-244m      4.6771E-02  0.0000E+00
  am-244       7.2767E-02  6.7485E-13
  cm-242       2.3185E+01  4.9345E+00
  cm-243       8.9764E-01  8.7651E-01
  cm-244       2.7906E+02  2.6869E+02
  cm-245       3.0606E+01  3.0604E+01
  cm-246       6.6041E+00  6.6031E+00
  cm-247       1.2597E-01  1.2597E-01
  cm-248       1.4844E-02  1.4877E-02
  ge-73        2.6275E-02  2.6293E-02
  ge-74        7.0570E-02  7.0571E-02
  as-75        1.7517E-01  1.7520E-01
  ge-76        4.7762E-01  4.7762E-01
  se-77        1.0484E+00  1.0530E+00
  se-78        3.3370E+00  3.3378E+00
  se-79        6.8448E+00  6.8449E+00
  se-80        1.7593E+01  1.7593E+01
  br-81        2.9282E+01  2.9283E+01
  se-82        4.6572E+01  4.6572E+01
  kr-82        1.5027E+00  1.5130E+00
  kr-83        4.5533E+01  4.5557E+01
  kr-84        1.5739E+02  1.5739E+02
  kr-85        3.3759E+01  3.1662E+01
  kr-85m       4.7783E-02  0.0000E+00
  rb-85        1.2839E+02  1.3053E+02
  kr-86        2.4126E+02  2.4126E+02
  rb-86        7.7943E-02  9.7671E-08
  sr-86        9.0330E-01  9.8123E-01
  kr-87        2.5694E-02  0.0000E+00
  rb-87        3.1630E+02  3.1632E+02
  kr-88        7.5774E-02  0.0000E+00
  sr-88        4.3679E+02  4.3688E+02
  sr-89        4.3930E+01  2.9290E-01
  y-89         5.3611E+02  5.7976E+02
  sr-90        6.9999E+02  6.8334E+02
  y-90         1.9937E-01  1.7334E-01
  zr-90        1.7487E+01  3.4166E+01
  sr-91        4.9601E-01  0.0000E+00
  y-91         7.6426E+01  1.0159E+00
  y-91m        2.5118E-02  0.0000E+00
  zr-91        6.9737E+02  7.7330E+02
  sr-92        1.6086E-01  0.0000E+00
  y-92         2.1254E-01  0.0000E+00
  zr-92        8.6398E+02  8.6435E+02
  y-93         7.4419E-01  0.0000E+00
  zr-93        9.7182E+02  9.7257E+02
  y-94         2.5025E-02  0.0000E+00
  zr-94        1.0721E+03  1.0721E+03
  mo-94        1.9417E-02  1.9417E-02
  zr-95        1.3934E+02  2.6721E+00
  nb-95        7.5559E+01  3.2550E+00
  nb-95m       8.5040E-02  1.7245E-03
  mo-95        9.0364E+02  1.1128E+03
  zr-96        1.1652E+03  1.1652E+03
  mo-96        8.6513E+01  8.6531E+01
  zr-97        1.6953E+00  0.0000E+00
  nb-97        1.2273E-01  0.0000E+00
  mo-97        1.1758E+03  1.1776E+03
  mo-98        1.2521E+03  1.2521E+03
  tc-98        1.0991E-02  1.0991E-02
  mo-99        7.8907E+00  0.0000E+00
  tc-99        1.1082E+03  1.1167E+03
  tc-99m       6.3609E-01  0.0000E+00
  ru-99        2.6411E-02  3.0358E-02
  mo-100       1.4284E+03  1.4284E+03
  ru-100       2.3366E+02  2.3366E+02
  mo-101       2.8847E-02  0.0000E+00
  tc-101       2.8070E-02  0.0000E+00
  ru-101       1.1740E+03  1.1741E+03
  mo-102       2.2402E-02  0.0000E+00
  ru-102       1.3273E+03  1.3273E+03
  ru-103       1.2149E+02  1.9178E-01
  rh-103       5.5948E+02  6.8090E+02
  rh-103m      1.1931E-01  1.8837E-04
  tc-104       3.5095E-02  0.0000E+00
  ru-104       1.0195E+03  1.0195E+03
  pd-104       5.4707E+02  5.4707E+02
  ru-105       4.5987E-01  0.0000E+00
  rh-105       2.9335E+00  0.0000E+00
  pd-105       6.2606E+02  6.2947E+02
  ru-106       4.1646E+02  2.1077E+02
  pd-106       4.7032E+02  6.7601E+02
  rh-107       2.3304E-02  0.0000E+00
  pd-107       4.5649E+02  4.5651E+02
  pd-108       3.1326E+02  3.1326E+02
  pd-109       5.6871E-01  0.0000E+00
  ag-109       1.4385E+02  1.4442E+02
  pd-110       1.0701E+02  1.0701E+02
  ag-110m      1.8012E+00  6.5357E-01
  cd-110       1.1887E+02  1.2001E+02
  ag-111       1.3820E+00  2.4081E-15
  cd-111       5.3560E+01  5.4945E+01
  pd-112       6.8117E-02  0.0000E+00
  cd-112       2.7436E+01  2.7514E+01
  cd-113       1.3346E-01  1.4133E-01
  cd-114       2.8891E+01  2.8891E+01
  cd-115       5.8736E-02  0.0000E+00
  cd-115m      7.3779E-02  2.5140E-04
  in-115       2.0711E+00  2.2054E+00
  sn-115       3.9683E-01  4.0003E-01
  cd-116       9.7028E+00  9.7028E+00
  sn-116       7.1574E+00  7.1580E+00
  sn-117       8.6680E+00  8.6733E+00
  sn-118       8.0988E+00  8.0995E+00
  sn-119       7.6848E+00  7.7563E+00
  sn-119m      1.2328E-01  5.1955E-02
  sn-120       7.9900E+00  7.9900E+00
  sn-121       2.3987E-02  3.2823E-05
  sn-121m      6.1170E-01  6.0212E-01
  sb-121       7.2440E+00  7.2775E+00
  sn-122       1.0210E+01  1.0210E+01
  te-122       8.9271E-01  9.0506E-01
  sn-123       4.5824E-01  6.4567E-02
  sb-123       9.2966E+00  9.6909E+00
  te-123       9.7842E-03  1.2721E-02
  sn-124       1.5976E+01  1.5976E+01
  sb-124       1.7697E-01  2.6382E-03
  te-124       5.4570E-01  7.2003E-01
  sn-125       2.4620E-01  9.6519E-13
  sb-125       1.7636E+01  1.3910E+01
  te-125       3.4926E+00  7.4748E+00
  te-125m      2.0403E-01  1.9338E-01
  sn-126       3.5536E+01  3.5536E+01
  te-126       8.5782E-01  8.7210E-01
  sb-127       8.8240E-01  0.0000E+00
  te-127       7.6631E-02  3.5292E-04
  te-127m      8.7593E-01  1.0081E-01
  i-127        6.7294E+01  6.9040E+01
  te-128       1.5851E+02  1.5854E+02
  xe-128       7.3267E+00  7.3273E+00
  sb-129       1.2459E-01  0.0000E+00
  te-129       3.1313E-02  1.8118E-06
  te-129m      3.7207E+00  1.9964E-03
  i-129        2.5226E+02  2.5614E+02
  xe-129       8.2202E-02  8.2858E-02
  te-130       5.8755E+02  5.8757E+02
  i-130        4.1404E-02  0.0000E+00
  xe-130       1.8455E+01  1.8497E+01
  sb-131       2.6123E-02  0.0000E+00
  te-131       3.1678E-02  0.0000E+00
  te-131m      6.2857E-01  0.0000E+00
  i-131        1.7405E+01  3.6204E-13
  xe-131       5.1799E+02  5.3640E+02
  xe-131m      3.1396E-01  4.7793E-10
  te-132       9.6965E+00  0.0000E+00
  i-132        2.9888E-01  0.0000E+00
  xe-132       1.8372E+03  1.8472E+03
  te-133m      7.7308E-02  0.0000E+00
  i-133        3.6933E+00  0.0000E+00
  xe-133       2.2328E+01  2.9248E-20
  xe-133m      2.9679E-01  0.0000E+00
  cs-133       1.5199E+03  1.5463E+03
  te-134       1.0164E-01  0.0000E+00
  i-134        1.7238E-01  0.0000E+00
  xe-134       2.3085E+03  2.3088E+03
  cs-134       3.1389E+02  2.2440E+02
  cs-134m      2.2187E-02  0.0000E+00
  ba-134       6.4156E+01  1.5366E+02
  i-135        1.1426E+00  0.0000E+00
  xe-135       1.7146E-01  0.0000E+00
  cs-135       2.6802E+02  2.6935E+02
  ba-135       6.7261E-01  6.7325E-01
  xe-136       3.9278E+03  3.9278E+03
  cs-136       1.2466E+00  5.4965E-09
  ba-136       2.4772E+01  2.6018E+01
  cs-137       1.8932E+03  1.8501E+03
  ba-137       3.7449E+01  8.0581E+01
  xe-138       3.5047E-02  0.0000E+00
  cs-138       9.2033E-02  0.0000E+00
  ba-138       1.9454E+03  1.9455E+03
  la-138       2.1341E-02  2.1341E-02
  cs-139       2.3820E-02  0.0000E+00
  ba-139       2.1939E-01  0.0000E+00
  la-139       1.7996E+03  1.7998E+03
  ba-140       4.6504E+01  1.1097E-07
  la-140       6.4615E+00  1.6819E-08
  ce-140       1.7794E+03  1.8323E+03
  ba-141       4.3560E-02  0.0000E+00
  la-141       5.6583E-01  0.0000E+00
  ce-141       1.1040E+02  4.6004E-02
  pr-141       1.5159E+03  1.6268E+03
  ba-142       2.3290E-02  0.0000E+00
  la-142       2.0828E-01  0.0000E+00
  ce-142       1.6741E+03  1.6744E+03
  pr-142       1.9065E-01  0.0000E+00
  nd-142       5.1191E+01  5.1383E+01
  la-143       3.0552E-02  0.0000E+00
  ce-143       4.3077E+00  0.0000E+00
  pr-143       4.1801E+01  3.6767E-07
  nd-143       8.5320E+02  8.9934E+02
  ce-144       7.1976E+02  2.9596E+02
  pr-144       3.0908E-02  1.2467E-02
  nd-144       1.4316E+03  1.8554E+03
  pr-145       5.4899E-01  0.0000E+00
  nd-145       9.0360E+02  9.0415E+02
  pr-146       3.0628E-02  0.0000E+00
  nd-146       1.1064E+03  1.1065E+03
  nd-147       1.5613E+01  1.5110E-09
  pm-147       1.9870E+02  1.6470E+02
  sm-147       4.3775E+01  9.3406E+01
  nd-148       5.8896E+02  5.8897E+02
  pm-148       3.0683E+00  2.1970E-05
  pm-148m      1.6116E+00  3.5006E-03
  sm-148       2.2064E+02  2.2531E+02
  nd-149       6.8481E-02  0.0000E+00
  pm-149       3.3111E+00  0.0000E+00
  sm-149       2.0749E+00  5.4559E+00
  nd-150       2.9070E+02  2.9070E+02
  sm-150       4.9031E+02  4.9031E+02
  pm-151       6.4363E-01  0.0000E+00
  sm-151       1.3724E+01  1.4262E+01
  eu-151       5.1367E-03  1.1539E-01
  sm-152       1.3397E+02  1.3398E+02
  sm-153       3.0461E+00  0.0000E+00
  eu-153       1.7898E+02  1.8203E+02
  sm-154       7.9599E+01  7.9599E+01
  eu-154       4.7558E+01  4.3876E+01
  gd-154       2.5977E+00  6.2796E+00
  eu-155       1.5959E+01  1.3795E+01
  gd-155       4.7765E-02  2.2138E+00
  sm-156       3.3474E-02  0.0000E+00
  eu-156       2.1242E+01  1.2272E-06
  gd-156       2.8867E+02  3.0995E+02
  eu-157       1.0044E-01  0.0000E+00
  gd-157       2.3385E-01  3.3460E-01
  gd-158       6.4324E+01  6.4325E+01
  gd-159       2.5855E-02  0.0000E+00
  tb-159       6.0562E+00  6.0823E+00
  gd-160       2.3941E+00  2.3941E+00
  tb-160       4.1004E-01  1.2358E-02
  dy-160       4.9284E-01  8.9051E-01
  tb-161       5.5741E-02  6.6652E-18
  dy-161       8.1288E-01  8.6863E-01
  dy-162       6.6864E-01  6.6866E-01
  dy-163       6.2690E-01  6.2691E-01
  dy-164       1.7400E-01  1.7400E-01
  ho-165       3.9229E-01  3.9268E-01
  er-166       1.3117E-01  1.3289E-01
  er-168       2.0540E-02  2.0540E-02
------------
  totals       1.0002E+06  1.0002E+06
=========================================================================================================================
.
.
*************************************************************************************************************************
********************                                                                                 ********************
********************                                                                                 ********************
********************                    Written F71 File Information                                 ********************
********************                                                                                 ********************
********************                                                                                 ********************
*************************************************************************************************************************
.
.
   pos         time        power         flux      fluence       energy libpos   case   step DCGNAB
   (-)          (s)         (MW)    (n/cm2-s)      (n/cm2)        (MWd)    (-)    (-)    (-)    (-)
     1  4.75200e+07  0.00000e+00  0.00000e+00  4.51666e+22  4.94949e+04      1      2      0 DC----
     2  7.90800e+07  0.00000e+00  0.00000e+00  4.51666e+22  4.94949e+04      1      2      1 DC----
    D - state definition present
    C - concentrations present
    G - gamma emission spectra present
    N - neutron emission spectra present
    A - alpha emission spectra present
    B - beta emission spectra present
.
.
.
=========================================================================================================================
ORIGEN finished successfully.
=========================================================================================================================
    module origen used 0.479931 seconds cpu time for the current pass.

    module origen is finished. completion code    0. total cpu time used 4.1988e-006 seconds.


    SCALE is finished on Wed Feb 13 18:31:01 2019.
-------------------------- Summary --------------------------
arp finished. used 1.88339 seconds.
origen finished. used 0.48536 seconds.
SCALE driver required a maximum of 8.309 MiB of RAM.
------------------------ End Summary ------------------------

w17x17_100d.f33 copied to C:\Users\Teddy\Desktop\scale_test\output\w17x17_100d.f33.
discharge.f71 copied to C:\Users\Teddy\Desktop\scale_test\output\discharge.f71.
