 *******************************************************************************
 *                                                                             *
 *                                 SCALE 6.2.2                                 *
 *                                -------------                                *
 *                                February 2019                                *
 *                                                                             *
 *           SCALE:  A Comprehensive Modeling and Simulation Suite             *
 *                   for Nuclear Safety Analysis and Design                    *
 *                                                                             *
 *                      Reactor and Nuclear Systems Division                   *
 *                        Oak Ridge National Laboratory                        *
 *                                                                             *
 *                           http://scale.ornl.gov                             *
 *                            scalehelp@ornl.gov                               *
 *                                                                             *
 *******************************************************************************
 *******************************************************************************
      
                  Job Information
                  ---------------
      Job started on DESKTOP-J14NAA6 on Wed 13/02/2019 18:32:34
      Working directory: C:\Users\Teddy\AppData\Local\Temp\scale.Teddy.11940
      Input file name  : C:\Users\Teddy\Desktop\scale_test\output\2.800000_65757.575758.inp
      Output file name : C:\Users\Teddy\Desktop\scale_test\output\2.800000_65757.575758.out
      SCALE executable : C:\SCALE-6.2.2/bin/scale
      
 *******************************************************************************


    module arp will be called on Wed Feb 13 18:32:34 2019.
    sequence specification record:=arp
Input Data:

      'library type
      w17x17
      2.800000
      ' num cycles
      1
      ' num days per cycle
      550
      ' cycle average specific power (MW / MTU)
      119.559229
      ' number of interpolated cross section sets generated per cycle
      1
      ' moderator density (g/cc)
      0.723
      ' interpolated output ORIGEN library
      w17x17_100d.f33
end

1






        ************************************************************************************************************************
        ************************************************************************************************************************
        ************************************************************************************************************************
        *****                                                                                                              *****
        *****                                       program verification information                                       *****
        *****                                                                                                              *****
        *****                                   code system:  SCALE    version:  6.2                                       *****
        *****                                                                                                              *****
        ************************************************************************************************************************
        ************************************************************************************************************************
        *****                                                                                                              *****
        *****                                                                                                              *****
        *****              program:  arp.exe                                                                               *****
        *****                                                                                                              *****
        *****        creation date:   unknown                                                                              *****
        *****                                                                                                              *****
        *****              library:  C:\SCALE-6.2.2\bin                                                                    *****
        *****                                                                                                              *****
        *****                                                                                                              *****
        *****            prod code:  arp.exe                                                                               *****
        *****                                                                                                              *****
        *****              version:  6.2.2                                                                                 *****
        *****                                                                                                              *****
        *****              jobname:  Teddy                                                                                 *****
        *****                                                                                                              *****
        *****         machine name:  DESKTOP-J14NAA6                                                                       *****
        *****                                                                                                              *****
        *****    date of execution:  13_feb_2019                                                                           *****
        *****                                                                                                              *****
        *****    time of execution:  18:32:34.74                                                                           *****
        *****                                                                                                              *****
        *****                                                                                                              *****
        ************************************************************************************************************************
        ************************************************************************************************************************
        ************************************************************************************************************************


 'library type
    data library:       w17x17
       directory:       C:/SCALE-6.2.2/data/\arplibs
       definition:      C:/SCALE-6.2.2/data/\arpdata.txt
    u-235 enrichment:                        2.800

 ' num cycles
    number of cycles:                            1

 ' num days per cycle

 ' cycle average specific power (MW / MTU)

 ' number of interpolated cross section sets generated per cycle

 ' moderator density (g/cc)
    water density (g/cm3):                  0.7230
                                         cycle        cumulative      midpoint
   cycle time(d)        power(MW)      burnup(MWd/MTU)burnup(MWd/MTU)burnup(MWd/MTU)nlib
     1    550.000        119.559        65757.6        65757.6        32878.8             1

 ' interpolated output ORIGEN library
    interpolated library name:                   w17x17_100d.f33
 interpolation type: spline
 Cross section library interpolation completed.
.
.
.
=========================================================================================================================
ARP finished successfully.
=========================================================================================================================
    module arp used 2.27848 seconds cpu time for the current pass.

    module arp is finished. completion code    0. total cpu time used 1.4929e-005 seconds.



    module origen will be called on Wed Feb 13 18:32:36 2019.
    sequence specification record:=origen
Input Data:

      case(irrad) {
          lib{
              file="w17x17_100d.f33" pos=1
          }
          mat {
              units=GRAMS
              iso=[u235=28000.000000 u238=972000.000000]
          }
          time = [ 550 ]
          power = [ 119.559229 ]
      }
      case (decay) {
          time {
              units=YEARS
              start=0
              t=[1]
          }
          save{ file="discharge.f71" steps=[0 LAST]}
      }
end

1






        ************************************************************************************************************************
        ************************************************************************************************************************
        ************************************************************************************************************************
        *****                                                                                                              *****
        *****                                       program verification information                                       *****
        *****                                                                                                              *****
        *****                                   code system:  SCALE    version:  6.2                                       *****
        *****                                                                                                              *****
        ************************************************************************************************************************
        ************************************************************************************************************************
        *****                                                                                                              *****
        *****                                                                                                              *****
        *****              program:  origen.exe                                                                            *****
        *****                                                                                                              *****
        *****        creation date:   unknown                                                                              *****
        *****                                                                                                              *****
        *****              library:  C:\SCALE-6.2.2\bin                                                                    *****
        *****                                                                                                              *****
        *****                                                                                                              *****
        *****            prod code:  origen.exe                                                                            *****
        *****                                                                                                              *****
        *****              version:  6.2.2                                                                                 *****
        *****                                                                                                              *****
        *****              jobname:  Teddy                                                                                 *****
        *****                                                                                                              *****
        *****         machine name:  DESKTOP-J14NAA6                                                                       *****
        *****                                                                                                              *****
        *****    date of execution:  13_feb_2019                                                                           *****
        *****                                                                                                              *****
        *****    time of execution:  18:32:37.03                                                                           *****
        *****                                                                                                              *****
        *****                                                                                                              *****
        ************************************************************************************************************************
        ************************************************************************************************************************
        ************************************************************************************************************************

*************************************************************************************************************************
********************                                                                                 ********************
********************                                                                                 ********************
********************                    USER INPUT SUMMARY                                           ********************
********************                                                                                 ********************
********************                                                                                 ********************
*************************************************************************************************************************
.
.
=========================================================================================================================
=   Case "irrad" (#1/2)                                                                                                 =
-------------------------------------------------------------------------------------------------------------------------
###   Library settings                                                                                                ###
.
                                Library file name:     C:/Users/Teddy/AppData/Local/Temp/scale.Teddy.11940/w17x17_100d.f33
                             Library set position:              1
                 Fission product reaction removal:             no
-------------------------------------------------------------------------------------------------------------------------
###   Global settings                                                                                                 ###
.
                                           Solver:              MATREX
                                             Mode:        forward
                             Fixed fission energy:             no
-------------------------------------------------------------------------------------------------------------------------
###   Concentrations output options                                                                                   ###
.
                            High-precision output:             no
                                  Relative cutoff:            yes
                         Step for applying cutoff:       integral
.
                      light els.   actinides  fis.prods.       total
                       nuc    el   nuc    el   nuc    el   nuc    el             cutoff
gram-atoms                                                                    1.000E-06
grams                                                      **                 1.000E-06
curies                                                                        1.000E-06
watts                                                                         1.000E-06
gamma watts                                                                   1.000E-06
m3 air                                                                        1.000E-06
m3 water                                                                      1.000E-06
grams ppm                                                                     1.000E-06
atoms ppm                                                                     1.000E-06
atoms/barn-cm                                                                 1.000E-06
becquerels                                                                    1.000E-06
-------------------------------------------------------------------------------------------------------------------------
###   Additional output options                                                                                       ###
.
                                      Print k-inf:             no
           Nuclides for absorption fraction print:           none
                              Print fission rates:             no
            Step for sorting absorption fractions:              1
=========================================================================================================================
=   Case "decay" (#2/2)                                                                                                 =
-------------------------------------------------------------------------------------------------------------------------
###   Library settings                                                                                                ###
.
                                Library file name:     C:/Users/Teddy/AppData/Local/Temp/scale.Teddy.11940/w17x17_100d.f33
                             Library set position:              1
                 Fission product reaction removal:             no
-------------------------------------------------------------------------------------------------------------------------
###   Global settings                                                                                                 ###
.
                                           Solver:              MATREX
                                             Mode:        forward
                             Fixed fission energy:             no
-------------------------------------------------------------------------------------------------------------------------
###   Concentrations output options                                                                                   ###
.
                            High-precision output:             no
                                  Relative cutoff:            yes
                         Step for applying cutoff:       integral
.
                      light els.   actinides  fis.prods.       total
                       nuc    el   nuc    el   nuc    el   nuc    el             cutoff
gram-atoms                                                                    1.000E-06
grams                                                      **                 1.000E-06
curies                                                                        1.000E-06
watts                                                                         1.000E-06
gamma watts                                                                   1.000E-06
m3 air                                                                        1.000E-06
m3 water                                                                      1.000E-06
grams ppm                                                                     1.000E-06
atoms ppm                                                                     1.000E-06
atoms/barn-cm                                                                 1.000E-06
becquerels                                                                    1.000E-06
-------------------------------------------------------------------------------------------------------------------------
###   Additional output options                                                                                       ###
.
                                      Print k-inf:             no
           Nuclides for absorption fraction print:           none
                              Print fission rates:             no
            Step for sorting absorption fractions:              1
=========================================================================================================================
###   Blending information                                                                                            ###
.
  --- no blending requested in this job ---
=========================================================================================================================
.
.
***Warning:  The flux over a step has changed by more than 20%.
=========================================================================================================================
=   History overview for case 'irrad' (#1/2)                                                                            =
-------------------------------------------------------------------------------------------------------------------------
   step          t0          t1          dt           t        flux     fluence       power      energy
    (-)         (d)         (d)         (s)         (s)   (n/cm2-s)     (n/cm2)        (MW)       (MWd)
      1      0.0000    550.0000  4.7520E+07  4.7520E+07  1.3152E+15  6.2500E+22  1.1956E+02  6.5758E+04
          
              step - step index within this case
                t0 - time at beginning-of-step in input units
                t1 - time at end-of-step in input units
                dt - length of step in seconds
                 t - end-of-step cumulative time in seconds
              flux - flux in neutrons/cm^2-sec (CALCULATED)
           fluence - cumulative end-of-step fluence in neutrons/cm^2 (CALCULATED)
             power - power in mega-watts (INPUT)     
            energy - cumulative end-of-step energy released in mega-watt-days (INPUT)     
=========================================================================================================================
.
.
.
.
.
*************************************************************************************************************************
********************                                                                                 ********************
********************                                                                                 ********************
********************                    Library information                                          ********************
********************                                                                                 ********************
********************                                                                                 ********************
*************************************************************************************************************************
.
.
=========================================================================================================================
=   Library summary for case 'irrad' (#1/2)                                                                             =
-------------------------------------------------------------------------------------------------------------------------
filename: C:/Users/Teddy/AppData/Local/Temp/scale.Teddy.11940/w17x17_100d.f33 cross-section data taken from position number: 1
library title delimited by {}: 
{}
date library was produced: 538976288/538976288/538976288
total number of nuclides in library: 2237
number of light-element nuclides: 910
number of actinide nuclides: 176
number of fission product nuclides: 1151
number of nonzero off-diagonal matrix elements: 54564
=========================================================================================================================
.
.
*************************************************************************************************************************
********************                                                                                 ********************
********************                                                                                 ********************
********************                    Concentration tables                                         ********************
********************                                                                                 ********************
********************                                                                                 ********************
*************************************************************************************************************************
.
.
=========================================================================================================================
=   Nuclide concentrations in grams for case 'irrad' (#1/2)                                                             =
-------------------------------------------------------------------------------------------------------------------------
  (relative cutoff; integral of concentrations over time >   1.00E-06 % of integral of all concentrations over time)
.
                   0.000d    550.000d   
  h-3          0.0000E+00  1.1099E-01
  he-4         0.0000E+00  3.3507E+00
  u-234        0.0000E+00  2.4799E+00
  u-235        2.8000E+04  9.9894E+02
  u-236        0.0000E+00  3.7299E+03
  u-237        0.0000E+00  2.9576E+01
  u-238        9.7200E+05  9.1276E+05
  u-239        0.0000E+00  2.2034E+00
  np-237       0.0000E+00  6.5247E+02
  np-238       0.0000E+00  7.2545E+00
  np-239       0.0000E+00  3.1650E+02
  pu-238       0.0000E+00  4.8124E+02
  pu-239       0.0000E+00  5.2968E+03
  pu-240       0.0000E+00  2.6981E+03
  pu-241       0.0000E+00  1.8279E+03
  pu-242       0.0000E+00  1.9760E+03
  pu-243       0.0000E+00  1.8461E+00
  pu-244       0.0000E+00  9.6598E-01
  am-241       0.0000E+00  1.7960E+01
  am-242m      0.0000E+00  2.9666E-01
  am-242       0.0000E+00  2.0358E-01
  am-243       0.0000E+00  7.5844E+02
  am-244m      0.0000E+00  1.1668E-01
  am-244       0.0000E+00  1.8153E-01
  cm-242       0.0000E+00  3.0825E+01
  cm-243       0.0000E+00  1.5493E+00
  cm-244       0.0000E+00  8.0493E+02
  cm-245       0.0000E+00  8.8048E+01
  cm-246       0.0000E+00  3.3281E+01
  cm-247       0.0000E+00  9.1066E-01
  cm-248       0.0000E+00  1.6594E-01
  ge-73        0.0000E+00  3.2568E-02
  ge-74        0.0000E+00  9.0774E-02
  as-75        0.0000E+00  2.1828E-01
  ge-76        0.0000E+00  6.1155E-01
  se-77        0.0000E+00  1.2758E+00
  se-78        0.0000E+00  4.3583E+00
  se-79        0.0000E+00  8.6356E+00
  se-80        0.0000E+00  2.2154E+01
  br-81        0.0000E+00  3.6549E+01
  se-82        0.0000E+00  5.9038E+01
  kr-82        0.0000E+00  2.5348E+00
  kr-83        0.0000E+00  4.8024E+01
  kr-84        0.0000E+00  2.0452E+02
  kr-85        0.0000E+00  4.1513E+01
  kr-85m       0.0000E+00  5.7117E-02
  rb-85        0.0000E+00  1.5714E+02
  kr-86        0.0000E+00  2.9482E+02
  rb-86        0.0000E+00  1.3159E-01
  sr-86        0.0000E+00  1.5617E+00
  kr-87        0.0000E+00  3.0303E-02
  rb-87        0.0000E+00  3.8554E+02
  kr-88        0.0000E+00  8.8329E-02
  sr-88        0.0000E+00  5.3047E+02
  sr-89        0.0000E+00  5.1229E+01
  y-89         0.0000E+00  6.5270E+02
  sr-90        0.0000E+00  8.4724E+02
  y-90         0.0000E+00  2.5155E-01
  zr-90        0.0000E+00  2.2708E+01
  sr-91        0.0000E+00  5.9119E-01
  y-91         0.0000E+00  8.9986E+01
  y-91m        0.0000E+00  2.9941E-02
  zr-91        0.0000E+00  8.5794E+02
  sr-92        0.0000E+00  1.9535E-01
  y-92         0.0000E+00  2.5812E-01
  zr-92        0.0000E+00  1.0763E+03
  y-93         0.0000E+00  9.2091E-01
  zr-93        0.0000E+00  1.2197E+03
  y-94         0.0000E+00  3.1209E-02
  zr-94        0.0000E+00  1.3715E+03
  mo-94        0.0000E+00  3.5512E-02
  zr-95        0.0000E+00  1.7542E+02
  nb-95        0.0000E+00  9.4868E+01
  nb-95m       0.0000E+00  1.0710E-01
  mo-95        0.0000E+00  1.1249E+03
  zr-96        0.0000E+00  1.5088E+03
  nb-96        0.0000E+00  2.9488E-02
  mo-96        0.0000E+00  1.5026E+02
  zr-97        0.0000E+00  2.1855E+00
  nb-97        0.0000E+00  1.5829E-01
  mo-97        0.0000E+00  1.5326E+03
  mo-98        0.0000E+00  1.6617E+03
  mo-99        0.0000E+00  1.0311E+01
  tc-99        0.0000E+00  1.3783E+03
  tc-99m       0.0000E+00  8.3318E-01
  ru-99        0.0000E+00  2.5588E-02
  mo-100       0.0000E+00  1.8995E+03
  ru-100       0.0000E+00  4.0723E+02
  mo-101       0.0000E+00  3.8151E-02
  tc-101       0.0000E+00  3.7125E-02
  ru-101       0.0000E+00  1.5350E+03
  mo-102       0.0000E+00  2.9884E-02
  ru-102       0.0000E+00  1.8651E+03
  ru-103       0.0000E+00  1.6530E+02
  rh-103       0.0000E+00  6.4385E+02
  rh-103m      0.0000E+00  1.6236E-01
  tc-104       0.0000E+00  4.8304E-02
  ru-104       0.0000E+00  1.4742E+03
  pd-104       0.0000E+00  9.1609E+02
  ru-105       0.0000E+00  6.4276E-01
  rh-105       0.0000E+00  3.8121E+00
  pd-105       0.0000E+00  8.3240E+02
  ru-106       0.0000E+00  6.2340E+02
  pd-106       0.0000E+00  8.0557E+02
  rh-107       0.0000E+00  3.3077E-02
  pd-107       0.0000E+00  6.8305E+02
  pd-108       0.0000E+00  4.8006E+02
  pd-109       0.0000E+00  9.2211E-01
  ag-109       0.0000E+00  1.9936E+02
  pd-110       0.0000E+00  1.7030E+02
  ag-110m      0.0000E+00  2.8533E+00
  cd-110       0.0000E+00  2.3563E+02
  ag-111       0.0000E+00  2.2190E+00
  cd-111       0.0000E+00  9.0549E+01
  pd-112       0.0000E+00  1.1001E-01
  cd-112       0.0000E+00  4.6510E+01
  cd-113       0.0000E+00  1.5843E-01
  cd-114       0.0000E+00  4.5012E+01
  cd-115       0.0000E+00  9.0316E-02
  cd-115m      0.0000E+00  1.1510E-01
  in-115       0.0000E+00  2.3592E+00
  sn-115       0.0000E+00  5.6679E-01
  cd-116       0.0000E+00  1.3799E+01
  sn-116       0.0000E+00  1.1323E+01
  sn-117       0.0000E+00  1.2198E+01
  sn-118       0.0000E+00  1.1444E+01
  sn-119       0.0000E+00  1.0694E+01
  sn-119m      0.0000E+00  1.6180E-01
  sn-120       0.0000E+00  1.1218E+01
  sn-121       0.0000E+00  3.2732E-02
  sn-121m      0.0000E+00  8.3256E-01
  sb-121       0.0000E+00  9.6682E+00
  sn-122       0.0000E+00  1.4293E+01
  sb-122       0.0000E+00  2.3236E-02
  te-122       0.0000E+00  1.6524E+00
  sn-123       0.0000E+00  6.5529E-01
  sb-123       0.0000E+00  1.2614E+01
  sn-124       0.0000E+00  2.2102E+01
  sb-124       0.0000E+00  3.7462E-01
  te-124       0.0000E+00  1.1597E+00
  sn-125       0.0000E+00  3.3610E-01
  sb-125       0.0000E+00  2.4616E+01
  te-125       0.0000E+00  4.8823E+00
  te-125m      0.0000E+00  2.8439E-01
  sn-126       0.0000E+00  4.9692E+01
  sb-126       0.0000E+00  2.1935E-02
  te-126       0.0000E+00  1.2054E+00
  sb-127       0.0000E+00  1.1970E+00
  te-127       0.0000E+00  1.0251E-01
  te-127m      0.0000E+00  9.1488E-01
  i-127        0.0000E+00  8.8842E+01
  te-128       0.0000E+00  2.1912E+02
  xe-128       0.0000E+00  1.3597E+01
  sb-129       0.0000E+00  1.6833E-01
  te-129       0.0000E+00  4.2338E-02
  te-129m      0.0000E+00  5.0214E+00
  i-129        0.0000E+00  3.4142E+02
  xe-129       0.0000E+00  2.0580E-01
  sb-130       0.0000E+00  2.0255E-02
  te-130       0.0000E+00  7.8817E+02
  i-130        0.0000E+00  7.7140E-02
  xe-130       0.0000E+00  3.4745E+01
  sb-131       0.0000E+00  3.4144E-02
  te-131       0.0000E+00  4.1635E-02
  te-131m      0.0000E+00  8.4123E-01
  i-131        0.0000E+00  2.2941E+01
  xe-131       0.0000E+00  5.7469E+02
  xe-131m      0.0000E+00  4.1921E-01
  te-132       0.0000E+00  1.2721E+01
  i-132        0.0000E+00  3.9279E-01
  xe-132       0.0000E+00  2.5921E+03
  te-133       0.0000E+00  2.4393E-02
  te-133m      0.0000E+00  9.9436E-02
  i-133        0.0000E+00  4.8135E+00
  xe-133       0.0000E+00  2.9074E+01
  xe-133m      0.0000E+00  3.9123E-01
  cs-133       0.0000E+00  1.8401E+03
  te-134       0.0000E+00  1.3005E-01
  i-134        0.0000E+00  2.2414E-01
  xe-134       0.0000E+00  3.0734E+03
  cs-134       0.0000E+00  5.0308E+02
  cs-134m      0.0000E+00  3.6886E-02
  ba-134       0.0000E+00  1.0736E+02
  i-135        0.0000E+00  1.4948E+00
  xe-135       0.0000E+00  1.6673E-01
  cs-135       0.0000E+00  3.5577E+02
  ba-135       0.0000E+00  1.5821E+00
  xe-136       0.0000E+00  5.3390E+03
  cs-136       0.0000E+00  2.1116E+00
  ba-136       0.0000E+00  3.8409E+01
  cs-137       0.0000E+00  2.5294E+03
  ba-137       0.0000E+00  5.0580E+01
  xe-138       0.0000E+00  4.5267E-02
  cs-138       0.0000E+00  1.1940E-01
  ba-138       0.0000E+00  2.5727E+03
  la-138       0.0000E+00  3.5715E-02
  cs-139       0.0000E+00  3.0845E-02
  ba-139       0.0000E+00  2.8459E-01
  la-139       0.0000E+00  2.3554E+03
  ba-140       0.0000E+00  6.0122E+01
  la-140       0.0000E+00  8.5258E+00
  ce-140       0.0000E+00  2.3679E+03
  ba-141       0.0000E+00  5.6268E-02
  la-141       0.0000E+00  7.3130E-01
  ce-141       0.0000E+00  1.4163E+02
  pr-141       0.0000E+00  1.9574E+03
  ba-142       0.0000E+00  2.9892E-02
  la-142       0.0000E+00  2.6784E-01
  ce-142       0.0000E+00  2.2065E+03
  pr-142       0.0000E+00  3.3992E-01
  nd-142       0.0000E+00  9.2140E+01
  la-143       0.0000E+00  3.8994E-02
  ce-143       0.0000E+00  5.5109E+00
  pr-143       0.0000E+00  5.3159E+01
  nd-143       0.0000E+00  8.9594E+02
  ce-144       0.0000E+00  9.2042E+02
  pr-144       0.0000E+00  3.9809E-02
  nd-144       0.0000E+00  2.0778E+03
  pr-145       0.0000E+00  7.0577E-01
  nd-145       0.0000E+00  1.0962E+03
  ce-146       0.0000E+00  2.2075E-02
  pr-146       0.0000E+00  3.9625E-02
  nd-146       0.0000E+00  1.5441E+03
  nd-147       0.0000E+00  2.0111E+01
  pm-147       0.0000E+00  1.9834E+02
  sm-147       0.0000E+00  4.0253E+01
  nd-148       0.0000E+00  8.0004E+02
  pm-148       0.0000E+00  3.9852E+00
  pm-148m      0.0000E+00  1.6170E+00
  sm-148       0.0000E+00  3.0982E+02
  nd-149       0.0000E+00  9.2951E-02
  pm-149       0.0000E+00  4.5290E+00
  sm-149       0.0000E+00  2.0647E+00
  nd-150       0.0000E+00  4.0065E+02
  sm-150       0.0000E+00  6.4982E+02
  pm-151       0.0000E+00  8.8675E-01
  sm-151       0.0000E+00  1.5981E+01
  sm-152       0.0000E+00  1.5942E+02
  sm-153       0.0000E+00  4.7704E+00
  eu-153       0.0000E+00  2.2152E+02
  sm-154       0.0000E+00  1.2712E+02
  eu-154       0.0000E+00  5.9283E+01
  gd-154       0.0000E+00  3.3234E+00
  eu-155       0.0000E+00  1.9880E+01
  gd-155       0.0000E+00  4.7890E-02
  sm-156       0.0000E+00  4.7863E-02
  eu-156       0.0000E+00  3.4914E+01
  gd-156       0.0000E+00  5.0803E+02
  eu-157       0.0000E+00  1.9739E-01
  gd-157       0.0000E+00  3.6082E-01
  gd-158       0.0000E+00  1.3275E+02
  gd-159       0.0000E+00  5.5556E-02
  tb-159       0.0000E+00  1.1177E+01
  gd-160       0.0000E+00  3.9041E+00
  tb-160       0.0000E+00  9.0278E-01
  dy-160       0.0000E+00  9.2042E-01
  tb-161       0.0000E+00  1.3055E-01
  dy-161       0.0000E+00  1.5144E+00
  dy-162       0.0000E+00  1.2979E+00
  dy-163       0.0000E+00  1.3230E+00
  dy-164       0.0000E+00  3.5988E-01
  ho-165       0.0000E+00  1.0233E+00
  er-166       0.0000E+00  4.4527E-01
  er-167       0.0000E+00  2.2928E-02
  er-168       0.0000E+00  7.5449E-02
------------
  totals       1.0000E+06  1.0022E+06
=========================================================================================================================
.
.
=========================================================================================================================
=   History overview for case 'decay' (#2/2)                                                                            =
-------------------------------------------------------------------------------------------------------------------------
   step          t0          t1          dt           t        flux     fluence       power      energy
    (-)         (y)         (y)         (s)         (s)   (n/cm2-s)     (n/cm2)        (MW)       (MWd)
      1      1.5057      2.5057  3.1560E+07  7.9080E+07  0.0000E+00  6.2500E+22  0.0000E+00  6.5758E+04
          
              step - step index within this case
                t0 - time at beginning-of-step in input units
                t1 - time at end-of-step in input units
                dt - length of step in seconds
                 t - end-of-step cumulative time in seconds
              flux - flux in neutrons/cm^2-sec (CALCULATED)
           fluence - cumulative end-of-step fluence in neutrons/cm^2 (CALCULATED)
             power - power in mega-watts (INPUT)     
            energy - cumulative end-of-step energy released in mega-watt-days (INPUT)     
=========================================================================================================================
.
.
.
.
.
*************************************************************************************************************************
********************                                                                                 ********************
********************                                                                                 ********************
********************                    Library information                                          ********************
********************                                                                                 ********************
********************                                                                                 ********************
*************************************************************************************************************************
.
.
=========================================================================================================================
=   Library summary for case 'decay' (#2/2)                                                                             =
-------------------------------------------------------------------------------------------------------------------------
filename: C:/Users/Teddy/AppData/Local/Temp/scale.Teddy.11940/w17x17_100d.f33 cross-section data taken from position number: 1
library title delimited by {}: 
{}
date library was produced: 538976288/538976288/538976288
total number of nuclides in library: 2237
number of light-element nuclides: 910
number of actinide nuclides: 176
number of fission product nuclides: 1151
number of nonzero off-diagonal matrix elements: 54564
=========================================================================================================================
.
.
*************************************************************************************************************************
********************                                                                                 ********************
********************                                                                                 ********************
********************                    Concentration tables                                         ********************
********************                                                                                 ********************
********************                                                                                 ********************
*************************************************************************************************************************
.
.
=========================================================================================================================
=   Nuclide concentrations in grams for case 'decay' (#2/2)                                                             =
-------------------------------------------------------------------------------------------------------------------------
  (relative cutoff; integral of concentrations over time >   1.00E-06 % of integral of all concentrations over time)
.
                   1.506y      2.506y   
  h-3          1.1099E-01  1.0492E-01
  he-4         3.3507E+00  4.3287E+00
  u-234        2.4799E+00  6.3772E+00
  u-235        9.9894E+02  9.9910E+02
  u-236        3.7299E+03  3.7302E+03
  u-237        2.9576E+01  5.4327E-05
  u-238        9.1276E+05  9.1276E+05
  u-239        2.2034E+00  0.0000E+00
  np-237       6.5247E+02  6.8214E+02
  np-238       7.2545E+00  5.4779E-08
  np-239       3.1650E+02  6.5440E-04
  pu-238       4.8124E+02  5.0857E+02
  pu-239       5.2968E+03  5.6155E+03
  pu-240       2.6981E+03  2.7276E+03
  pu-241       1.8279E+03  1.7413E+03
  pu-242       1.9760E+03  1.9760E+03
  pu-243       1.8461E+00  3.2469E-11
  pu-244       9.6598E-01  9.6603E-01
  am-241       1.7960E+01  1.0442E+02
  am-242m      2.9666E-01  2.9520E-01
  am-242       2.0358E-01  3.8087E-06
  am-243       7.5844E+02  7.6022E+02
  am-244m      1.1668E-01  0.0000E+00
  am-244       1.8153E-01  1.0999E-11
  cm-242       3.0825E+01  6.5533E+00
  cm-243       1.5493E+00  1.5129E+00
  cm-244       8.0493E+02  7.7499E+02
  cm-245       8.8048E+01  8.8041E+01
  cm-246       3.3281E+01  3.3276E+01
  cm-247       9.1066E-01  9.1066E-01
  cm-248       1.6594E-01  1.6654E-01
  ge-73        3.2568E-02  3.2592E-02
  ge-74        9.0774E-02  9.0775E-02
  as-75        2.1828E-01  2.1831E-01
  ge-76        6.1155E-01  6.1155E-01
  se-76        1.6557E-02  1.6653E-02
  se-77        1.2758E+00  1.2817E+00
  se-78        4.3583E+00  4.3593E+00
  se-79        8.6356E+00  8.6357E+00
  se-80        2.2154E+01  2.2154E+01
  br-81        3.6549E+01  3.6550E+01
  se-82        5.9038E+01  5.9038E+01
  kr-82        2.5348E+00  2.5524E+00
  kr-83        4.8024E+01  4.8053E+01
  kr-84        2.0452E+02  2.0453E+02
  kr-85        4.1513E+01  3.8933E+01
  kr-85m       5.7117E-02  0.0000E+00
  rb-85        1.5714E+02  1.5978E+02
  kr-86        2.9482E+02  2.9483E+02
  rb-86        1.3159E-01  1.6490E-07
  sr-86        1.5617E+00  1.6933E+00
  kr-87        3.0303E-02  0.0000E+00
  rb-87        3.8554E+02  3.8557E+02
  sr-87        1.0164E-02  1.0170E-02
  kr-88        8.8329E-02  0.0000E+00
  sr-88        5.3047E+02  5.3057E+02
  sr-89        5.1229E+01  3.4157E-01
  y-89         6.5270E+02  7.0360E+02
  sr-90        8.4724E+02  8.2709E+02
  y-90         2.5155E-01  2.0980E-01
  zr-90        2.2708E+01  4.2905E+01
  sr-91        5.9119E-01  0.0000E+00
  y-91         8.9986E+01  1.1963E+00
  y-91m        2.9941E-02  0.0000E+00
  zr-91        8.5794E+02  9.4736E+02
  sr-92        1.9535E-01  0.0000E+00
  y-92         2.5812E-01  0.0000E+00
  zr-92        1.0763E+03  1.0767E+03
  y-93         9.2091E-01  0.0000E+00
  zr-93        1.2197E+03  1.2206E+03
  y-94         3.1209E-02  0.0000E+00
  zr-94        1.3715E+03  1.3715E+03
  mo-94        3.5512E-02  3.5513E-02
  zr-95        1.7542E+02  3.3640E+00
  nb-95        9.4868E+01  4.0976E+00
  nb-95m       1.0710E-01  2.1710E-03
  mo-95        1.1249E+03  1.3879E+03
  zr-96        1.5088E+03  1.5088E+03
  nb-96        2.9488E-02  0.0000E+00
  mo-96        1.5026E+02  1.5029E+02
  zr-97        2.1855E+00  0.0000E+00
  nb-97        1.5829E-01  0.0000E+00
  mo-97        1.5326E+03  1.5349E+03
  mo-98        1.6617E+03  1.6617E+03
  tc-98        1.8812E-02  1.8812E-02
  mo-99        1.0311E+01  0.0000E+00
  tc-99        1.3783E+03  1.3894E+03
  tc-99m       8.3318E-01  0.0000E+00
  ru-99        2.5588E-02  3.0516E-02
  mo-100       1.8995E+03  1.8995E+03
  ru-100       4.0723E+02  4.0723E+02
  mo-101       3.8151E-02  0.0000E+00
  tc-101       3.7125E-02  0.0000E+00
  ru-101       1.5350E+03  1.5351E+03
  mo-102       2.9884E-02  0.0000E+00
  ru-102       1.8651E+03  1.8651E+03
  ru-103       1.6530E+02  2.6093E-01
  rh-103       6.4385E+02  8.0906E+02
  rh-103m      1.6236E-01  2.5630E-04
  tc-104       4.8304E-02  0.0000E+00
  ru-104       1.4742E+03  1.4742E+03
  pd-104       9.1609E+02  9.1610E+02
  ru-105       6.4276E-01  0.0000E+00
  rh-105       3.8121E+00  0.0000E+00
  pd-105       8.3240E+02  8.3687E+02
  ru-106       6.2340E+02  3.1550E+02
  pd-106       8.0557E+02  1.1135E+03
  rh-107       3.3077E-02  0.0000E+00
  pd-107       6.8305E+02  6.8309E+02
  pd-108       4.8006E+02  4.8006E+02
  pd-109       9.2211E-01  0.0000E+00
  ag-109       1.9936E+02  2.0028E+02
  pd-110       1.7030E+02  1.7030E+02
  ag-110m      2.8533E+00  1.0354E+00
  cd-110       2.3563E+02  2.3745E+02
  ag-111       2.2190E+00  3.8668E-15
  cd-111       9.0549E+01  9.2773E+01
  pd-112       1.1001E-01  0.0000E+00
  cd-112       4.6510E+01  4.6637E+01
  cd-113       1.5843E-01  1.7113E-01
  cd-114       4.5012E+01  4.5012E+01
  cd-115       9.0316E-02  0.0000E+00
  cd-115m      1.1510E-01  3.9219E-04
  in-115       2.3592E+00  2.5675E+00
  sn-115       5.6679E-01  5.7171E-01
  cd-116       1.3799E+01  1.3799E+01
  sn-116       1.1323E+01  1.1323E+01
  sn-117       1.2198E+01  1.2206E+01
  sn-118       1.1444E+01  1.1446E+01
  sn-119       1.0694E+01  1.0788E+01
  sn-119m      1.6180E-01  6.8188E-02
  sn-120       1.1218E+01  1.1218E+01
  sn-121       3.2732E-02  4.4674E-05
  sn-121m      8.3256E-01  8.1951E-01
  sb-121       9.6682E+00  9.7140E+00
  sn-122       1.4293E+01  1.4293E+01
  sb-122       2.3236E-02  0.0000E+00
  te-122       1.6524E+00  1.6751E+00
  sn-123       6.5529E-01  9.2331E-02
  sb-123       1.2614E+01  1.3178E+01
  te-123       1.7736E-02  2.3672E-02
  sn-124       2.2102E+01  2.2102E+01
  sb-124       3.7462E-01  5.5848E-03
  te-124       1.1597E+00  1.5287E+00
  sn-125       3.3610E-01  1.3176E-12
  sb-125       2.4616E+01  1.9410E+01
  te-125       4.8823E+00  1.0439E+01
  te-125m      2.8439E-01  2.6984E-01
  sn-126       4.9692E+01  4.9692E+01
  sb-126       2.1935E-02  1.0228E-06
  te-126       1.2054E+00  1.2276E+00
  sb-127       1.1970E+00  0.0000E+00
  te-127       1.0251E-01  3.8497E-04
  te-127m      9.1488E-01  1.0996E-01
  i-127        8.8842E+01  9.0963E+01
  te-128       2.1912E+02  2.1916E+02
  xe-128       1.3597E+01  1.3598E+01
  sb-129       1.6833E-01  0.0000E+00
  te-129       4.2338E-02  2.4452E-06
  te-129m      5.0214E+00  2.6943E-03
  i-129        3.4142E+02  3.4665E+02
  xe-129       2.0580E-01  2.0746E-01
  sb-130       2.0255E-02  0.0000E+00
  te-130       7.8817E+02  7.8819E+02
  i-130        7.7140E-02  0.0000E+00
  xe-130       3.4745E+01  3.4823E+01
  sb-131       3.4144E-02  0.0000E+00
  te-131       4.1635E-02  0.0000E+00
  te-131m      8.4123E-01  0.0000E+00
  i-131        2.2941E+01  4.7747E-13
  xe-131       5.7469E+02  5.9897E+02
  xe-131m      4.1921E-01  6.3296E-10
  te-132       1.2721E+01  0.0000E+00
  i-132        3.9279E-01  0.0000E+00
  xe-132       2.5921E+03  2.6052E+03
  te-133       2.4393E-02  0.0000E+00
  te-133m      9.9436E-02  0.0000E+00
  i-133        4.8135E+00  0.0000E+00
  xe-133       2.9074E+01  3.8098E-20
  xe-133m      3.9123E-01  0.0000E+00
  cs-133       1.8401E+03  1.8745E+03
  te-134       1.3005E-01  0.0000E+00
  i-134        2.2414E-01  0.0000E+00
  xe-134       3.0734E+03  3.0737E+03
  cs-134       5.0308E+02  3.5966E+02
  cs-134m      3.6886E-02  0.0000E+00
  ba-134       1.0736E+02  2.5081E+02
  i-135        1.4948E+00  0.0000E+00
  xe-135       1.6673E-01  0.0000E+00
  cs-135       3.5577E+02  3.5744E+02
  ba-135       1.5821E+00  1.5835E+00
  xe-136       5.3390E+03  5.3390E+03
  cs-136       2.1116E+00  9.3102E-09
  ba-136       3.8409E+01  4.0520E+01
  cs-137       2.5294E+03  2.4718E+03
  ba-137       5.0580E+01  1.0821E+02
  xe-138       4.5267E-02  0.0000E+00
  cs-138       1.1940E-01  0.0000E+00
  ba-138       2.5727E+03  2.5729E+03
  la-138       3.5715E-02  3.5715E-02
  cs-139       3.0845E-02  0.0000E+00
  ba-139       2.8459E-01  0.0000E+00
  la-139       2.3554E+03  2.3558E+03
  ba-140       6.0122E+01  1.4346E-07
  la-140       8.5258E+00  2.1744E-08
  ce-140       2.3679E+03  2.4366E+03
  ba-141       5.6268E-02  0.0000E+00
  la-141       7.3130E-01  0.0000E+00
  ce-141       1.4163E+02  5.9022E-02
  pr-141       1.9574E+03  2.0997E+03
  ba-142       2.9892E-02  0.0000E+00
  la-142       2.6784E-01  0.0000E+00
  ce-142       2.2065E+03  2.2068E+03
  pr-142       3.3992E-01  0.0000E+00
  nd-142       9.2140E+01  9.2481E+01
  la-143       3.8994E-02  0.0000E+00
  ce-143       5.5109E+00  0.0000E+00
  pr-143       5.3159E+01  4.6786E-07
  nd-143       8.9594E+02  9.5465E+02
  ce-144       9.2042E+02  3.7848E+02
  pr-144       3.9809E-02  1.5942E-02
  nd-144       2.0778E+03  2.6197E+03
  pr-145       7.0577E-01  0.0000E+00
  nd-145       1.0962E+03  1.0969E+03
  ce-146       2.2075E-02  0.0000E+00
  pr-146       3.9625E-02  0.0000E+00
  nd-146       1.5441E+03  1.5441E+03
  nd-147       2.0111E+01  1.9464E-09
  pm-147       1.9834E+02  1.6792E+02
  sm-147       4.0253E+01  9.0805E+01
  nd-148       8.0004E+02  8.0005E+02
  pm-148       3.9852E+00  2.2044E-05
  pm-148m      1.6170E+00  3.5123E-03
  sm-148       3.0982E+02  3.1542E+02
  nd-149       9.2951E-02  0.0000E+00
  pm-149       4.5290E+00  0.0000E+00
  sm-149       2.0647E+00  6.6885E+00
  nd-150       4.0065E+02  4.0065E+02
  sm-150       6.4982E+02  6.4983E+02
  pm-151       8.8675E-01  0.0000E+00
  sm-151       1.5981E+01  1.6745E+01
  eu-151       4.3408E-03  1.3378E-01
  sm-152       1.5942E+02  1.5943E+02
  sm-153       4.7704E+00  0.0000E+00
  eu-153       2.2152E+02  2.2629E+02
  sm-154       1.2712E+02  1.2712E+02
  eu-154       5.9283E+01  5.4693E+01
  gd-154       3.3234E+00  7.9131E+00
  eu-155       1.9880E+01  1.7185E+01
  gd-155       4.7890E-02  2.7463E+00
  sm-156       4.7863E-02  0.0000E+00
  eu-156       3.4914E+01  2.0165E-06
  gd-156       5.0803E+02  5.4300E+02
  eu-157       1.9739E-01  0.0000E+00
  gd-157       3.6082E-01  5.5866E-01
  gd-158       1.3275E+02  1.3275E+02
  gd-159       5.5556E-02  0.0000E+00
  tb-159       1.1177E+01  1.1233E+01
  gd-160       3.9041E+00  3.9041E+00
  tb-160       9.0278E-01  2.7208E-02
  dy-160       9.2042E-01  1.7960E+00
  tb-161       1.3055E-01  1.5610E-17
  dy-161       1.5144E+00  1.6450E+00
  dy-162       1.2979E+00  1.2979E+00
  dy-163       1.3230E+00  1.3230E+00
  dy-164       3.5988E-01  3.5988E-01
  ho-165       1.0233E+00  1.0244E+00
  er-166       4.4527E-01  4.5112E-01
  er-167       2.2928E-02  2.2966E-02
  er-168       7.5449E-02  7.5450E-02
------------
  totals       1.0022E+06  1.0022E+06
=========================================================================================================================
.
.
*************************************************************************************************************************
********************                                                                                 ********************
********************                                                                                 ********************
********************                    Written F71 File Information                                 ********************
********************                                                                                 ********************
********************                                                                                 ********************
*************************************************************************************************************************
.
.
   pos         time        power         flux      fluence       energy libpos   case   step DCGNAB
   (-)          (s)         (MW)    (n/cm2-s)      (n/cm2)        (MWd)    (-)    (-)    (-)    (-)
     1  4.75200e+07  0.00000e+00  0.00000e+00  6.25004e+22  6.57576e+04      1      2      0 DC----
     2  7.90800e+07  0.00000e+00  0.00000e+00  6.25004e+22  6.57576e+04      1      2      1 DC----
    D - state definition present
    C - concentrations present
    G - gamma emission spectra present
    N - neutron emission spectra present
    A - alpha emission spectra present
    B - beta emission spectra present
.
.
.
=========================================================================================================================
ORIGEN finished successfully.
=========================================================================================================================
    module origen used 0.625638 seconds cpu time for the current pass.

    module origen is finished. completion code    0. total cpu time used 5.13186e-006 seconds.


    SCALE is finished on Wed Feb 13 18:32:37 2019.
-------------------------- Summary --------------------------
arp finished. used 2.28408 seconds.
origen finished. used 0.634098 seconds.
SCALE driver required a maximum of 8.313 MiB of RAM.
------------------------ End Summary ------------------------

w17x17_100d.f33 copied to C:\Users\Teddy\Desktop\scale_test\output\w17x17_100d.f33.
discharge.f71 copied to C:\Users\Teddy\Desktop\scale_test\output\discharge.f71.
