 *******************************************************************************
 *                                                                             *
 *                                 SCALE 6.2.2                                 *
 *                                -------------                                *
 *                                February 2019                                *
 *                                                                             *
 *           SCALE:  A Comprehensive Modeling and Simulation Suite             *
 *                   for Nuclear Safety Analysis and Design                    *
 *                                                                             *
 *                      Reactor and Nuclear Systems Division                   *
 *                        Oak Ridge National Laboratory                        *
 *                                                                             *
 *                           http://scale.ornl.gov                             *
 *                            scalehelp@ornl.gov                               *
 *                                                                             *
 *******************************************************************************
 *******************************************************************************
      
                  Job Information
                  ---------------
      Job started on DESKTOP-J14NAA6 on Wed 13/02/2019 18:31:47
      Working directory: C:\Users\Teddy\AppData\Local\Temp\scale.Teddy.8864
      Input file name  : C:\Users\Teddy\Desktop\scale_test\output\2.800000_57272.727273.inp
      Output file name : C:\Users\Teddy\Desktop\scale_test\output\2.800000_57272.727273.out
      SCALE executable : C:\SCALE-6.2.2/bin/scale
      
 *******************************************************************************


    module arp will be called on Wed Feb 13 18:31:48 2019.
    sequence specification record:=arp
Input Data:

      'library type
      w17x17
      2.800000
      ' num cycles
      1
      ' num days per cycle
      550
      ' cycle average specific power (MW / MTU)
      104.132231
      ' number of interpolated cross section sets generated per cycle
      1
      ' moderator density (g/cc)
      0.723
      ' interpolated output ORIGEN library
      w17x17_100d.f33
end

1






        ************************************************************************************************************************
        ************************************************************************************************************************
        ************************************************************************************************************************
        *****                                                                                                              *****
        *****                                       program verification information                                       *****
        *****                                                                                                              *****
        *****                                   code system:  SCALE    version:  6.2                                       *****
        *****                                                                                                              *****
        ************************************************************************************************************************
        ************************************************************************************************************************
        *****                                                                                                              *****
        *****                                                                                                              *****
        *****              program:  arp.exe                                                                               *****
        *****                                                                                                              *****
        *****        creation date:   unknown                                                                              *****
        *****                                                                                                              *****
        *****              library:  C:\SCALE-6.2.2\bin                                                                    *****
        *****                                                                                                              *****
        *****                                                                                                              *****
        *****            prod code:  arp.exe                                                                               *****
        *****                                                                                                              *****
        *****              version:  6.2.2                                                                                 *****
        *****                                                                                                              *****
        *****              jobname:  Teddy                                                                                 *****
        *****                                                                                                              *****
        *****         machine name:  DESKTOP-J14NAA6                                                                       *****
        *****                                                                                                              *****
        *****    date of execution:  13_feb_2019                                                                           *****
        *****                                                                                                              *****
        *****    time of execution:  18:31:48.48                                                                           *****
        *****                                                                                                              *****
        *****                                                                                                              *****
        ************************************************************************************************************************
        ************************************************************************************************************************
        ************************************************************************************************************************


 'library type
    data library:       w17x17
       directory:       C:/SCALE-6.2.2/data/\arplibs
       definition:      C:/SCALE-6.2.2/data/\arpdata.txt
    u-235 enrichment:                        2.800

 ' num cycles
    number of cycles:                            1

 ' num days per cycle

 ' cycle average specific power (MW / MTU)

 ' number of interpolated cross section sets generated per cycle

 ' moderator density (g/cc)
    water density (g/cm3):                  0.7230
                                         cycle        cumulative      midpoint
   cycle time(d)        power(MW)      burnup(MWd/MTU)burnup(MWd/MTU)burnup(MWd/MTU)nlib
     1    550.000        104.132        57272.7        57272.7        28636.4             1

 ' interpolated output ORIGEN library
    interpolated library name:                   w17x17_100d.f33
 interpolation type: spline
 Cross section library interpolation completed.
.
.
.
=========================================================================================================================
ARP finished successfully.
=========================================================================================================================
    module arp used 2.9534 seconds cpu time for the current pass.

    module arp is finished. completion code    0. total cpu time used 1.3996e-005 seconds.



    module origen will be called on Wed Feb 13 18:31:51 2019.
    sequence specification record:=origen
Input Data:

      case(irrad) {
          lib{
              file="w17x17_100d.f33" pos=1
          }
          mat {
              units=GRAMS
              iso=[u235=28000.000000 u238=972000.000000]
          }
          time = [ 550 ]
          power = [ 104.132231 ]
      }
      case (decay) {
          time {
              units=YEARS
              start=0
              t=[1]
          }
          save{ file="discharge.f71" steps=[0 LAST]}
      }
end

1






        ************************************************************************************************************************
        ************************************************************************************************************************
        ************************************************************************************************************************
        *****                                                                                                              *****
        *****                                       program verification information                                       *****
        *****                                                                                                              *****
        *****                                   code system:  SCALE    version:  6.2                                       *****
        *****                                                                                                              *****
        ************************************************************************************************************************
        ************************************************************************************************************************
        *****                                                                                                              *****
        *****                                                                                                              *****
        *****              program:  origen.exe                                                                            *****
        *****                                                                                                              *****
        *****        creation date:   unknown                                                                              *****
        *****                                                                                                              *****
        *****              library:  C:\SCALE-6.2.2\bin                                                                    *****
        *****                                                                                                              *****
        *****                                                                                                              *****
        *****            prod code:  origen.exe                                                                            *****
        *****                                                                                                              *****
        *****              version:  6.2.2                                                                                 *****
        *****                                                                                                              *****
        *****              jobname:  Teddy                                                                                 *****
        *****                                                                                                              *****
        *****         machine name:  DESKTOP-J14NAA6                                                                       *****
        *****                                                                                                              *****
        *****    date of execution:  13_feb_2019                                                                           *****
        *****                                                                                                              *****
        *****    time of execution:  18:31:51.44                                                                           *****
        *****                                                                                                              *****
        *****                                                                                                              *****
        ************************************************************************************************************************
        ************************************************************************************************************************
        ************************************************************************************************************************

*************************************************************************************************************************
********************                                                                                 ********************
********************                                                                                 ********************
********************                    USER INPUT SUMMARY                                           ********************
********************                                                                                 ********************
********************                                                                                 ********************
*************************************************************************************************************************
.
.
=========================================================================================================================
=   Case "irrad" (#1/2)                                                                                                 =
-------------------------------------------------------------------------------------------------------------------------
###   Library settings                                                                                                ###
.
                                Library file name:     C:/Users/Teddy/AppData/Local/Temp/scale.Teddy.8864/w17x17_100d.f33
                             Library set position:              1
                 Fission product reaction removal:             no
-------------------------------------------------------------------------------------------------------------------------
###   Global settings                                                                                                 ###
.
                                           Solver:              MATREX
                                             Mode:        forward
                             Fixed fission energy:             no
-------------------------------------------------------------------------------------------------------------------------
###   Concentrations output options                                                                                   ###
.
                            High-precision output:             no
                                  Relative cutoff:            yes
                         Step for applying cutoff:       integral
.
                      light els.   actinides  fis.prods.       total
                       nuc    el   nuc    el   nuc    el   nuc    el             cutoff
gram-atoms                                                                    1.000E-06
grams                                                      **                 1.000E-06
curies                                                                        1.000E-06
watts                                                                         1.000E-06
gamma watts                                                                   1.000E-06
m3 air                                                                        1.000E-06
m3 water                                                                      1.000E-06
grams ppm                                                                     1.000E-06
atoms ppm                                                                     1.000E-06
atoms/barn-cm                                                                 1.000E-06
becquerels                                                                    1.000E-06
-------------------------------------------------------------------------------------------------------------------------
###   Additional output options                                                                                       ###
.
                                      Print k-inf:             no
           Nuclides for absorption fraction print:           none
                              Print fission rates:             no
            Step for sorting absorption fractions:              1
=========================================================================================================================
=   Case "decay" (#2/2)                                                                                                 =
-------------------------------------------------------------------------------------------------------------------------
###   Library settings                                                                                                ###
.
                                Library file name:     C:/Users/Teddy/AppData/Local/Temp/scale.Teddy.8864/w17x17_100d.f33
                             Library set position:              1
                 Fission product reaction removal:             no
-------------------------------------------------------------------------------------------------------------------------
###   Global settings                                                                                                 ###
.
                                           Solver:              MATREX
                                             Mode:        forward
                             Fixed fission energy:             no
-------------------------------------------------------------------------------------------------------------------------
###   Concentrations output options                                                                                   ###
.
                            High-precision output:             no
                                  Relative cutoff:            yes
                         Step for applying cutoff:       integral
.
                      light els.   actinides  fis.prods.       total
                       nuc    el   nuc    el   nuc    el   nuc    el             cutoff
gram-atoms                                                                    1.000E-06
grams                                                      **                 1.000E-06
curies                                                                        1.000E-06
watts                                                                         1.000E-06
gamma watts                                                                   1.000E-06
m3 air                                                                        1.000E-06
m3 water                                                                      1.000E-06
grams ppm                                                                     1.000E-06
atoms ppm                                                                     1.000E-06
atoms/barn-cm                                                                 1.000E-06
becquerels                                                                    1.000E-06
-------------------------------------------------------------------------------------------------------------------------
###   Additional output options                                                                                       ###
.
                                      Print k-inf:             no
           Nuclides for absorption fraction print:           none
                              Print fission rates:             no
            Step for sorting absorption fractions:              1
=========================================================================================================================
###   Blending information                                                                                            ###
.
  --- no blending requested in this job ---
=========================================================================================================================
.
.
***Warning:  The flux over a step has changed by more than 20%.
=========================================================================================================================
=   History overview for case 'irrad' (#1/2)                                                                            =
-------------------------------------------------------------------------------------------------------------------------
   step          t0          t1          dt           t        flux     fluence       power      energy
    (-)         (d)         (d)         (s)         (s)   (n/cm2-s)     (n/cm2)        (MW)       (MWd)
      1      0.0000    550.0000  4.7520E+07  4.7520E+07  1.1323E+15  5.3809E+22  1.0413E+02  5.7273E+04
          
              step - step index within this case
                t0 - time at beginning-of-step in input units
                t1 - time at end-of-step in input units
                dt - length of step in seconds
                 t - end-of-step cumulative time in seconds
              flux - flux in neutrons/cm^2-sec (CALCULATED)
           fluence - cumulative end-of-step fluence in neutrons/cm^2 (CALCULATED)
             power - power in mega-watts (INPUT)     
            energy - cumulative end-of-step energy released in mega-watt-days (INPUT)     
=========================================================================================================================
.
.
.
.
.
*************************************************************************************************************************
********************                                                                                 ********************
********************                                                                                 ********************
********************                    Library information                                          ********************
********************                                                                                 ********************
********************                                                                                 ********************
*************************************************************************************************************************
.
.
=========================================================================================================================
=   Library summary for case 'irrad' (#1/2)                                                                             =
-------------------------------------------------------------------------------------------------------------------------
filename: C:/Users/Teddy/AppData/Local/Temp/scale.Teddy.8864/w17x17_100d.f33 cross-section data taken from position number: 1
library title delimited by {}: 
{}
date library was produced: 538976288/538976288/538976288
total number of nuclides in library: 2237
number of light-element nuclides: 910
number of actinide nuclides: 176
number of fission product nuclides: 1151
number of nonzero off-diagonal matrix elements: 54564
=========================================================================================================================
.
.
*************************************************************************************************************************
********************                                                                                 ********************
********************                                                                                 ********************
********************                    Concentration tables                                         ********************
********************                                                                                 ********************
********************                                                                                 ********************
*************************************************************************************************************************
.
.
=========================================================================================================================
=   Nuclide concentrations in grams for case 'irrad' (#1/2)                                                             =
-------------------------------------------------------------------------------------------------------------------------
  (relative cutoff; integral of concentrations over time >   1.00E-06 % of integral of all concentrations over time)
.
                   0.000d    550.000d   
  h-3          0.0000E+00  9.7263E-02
  he-4         0.0000E+00  2.8137E+00
  u-234        0.0000E+00  2.3259E+00
  u-235        2.8000E+04  1.5928E+03
  u-236        0.0000E+00  3.8201E+03
  u-237        0.0000E+00  2.6523E+01
  u-238        9.7200E+05  9.2084E+05
  u-239        0.0000E+00  1.9109E+00
  np-237       0.0000E+00  6.1885E+02
  np-238       0.0000E+00  5.9956E+00
  np-239       0.0000E+00  2.7475E+02
  pu-238       0.0000E+00  4.0379E+02
  pu-239       0.0000E+00  5.3061E+03
  pu-240       0.0000E+00  2.5271E+03
  pu-241       0.0000E+00  1.7937E+03
  pu-242       0.0000E+00  1.7557E+03
  pu-243       0.0000E+00  1.4553E+00
  pu-244       0.0000E+00  6.5453E-01
  am-241       0.0000E+00  2.0007E+01
  am-242m      0.0000E+00  3.3257E-01
  am-242       0.0000E+00  1.9726E-01
  am-243       0.0000E+00  6.3995E+02
  am-244m      0.0000E+00  8.5858E-02
  am-244       0.0000E+00  1.3358E-01
  cm-242       0.0000E+00  2.8277E+01
  cm-243       0.0000E+00  1.2844E+00
  cm-244       0.0000E+00  5.8917E+02
  cm-245       0.0000E+00  6.4603E+01
  cm-246       0.0000E+00  1.9972E+01
  cm-247       0.0000E+00  4.8214E-01
  cm-248       0.0000E+00  7.4968E-02
  ge-73        0.0000E+00  2.9026E-02
  ge-74        0.0000E+00  7.9882E-02
  as-75        0.0000E+00  1.9660E-01
  ge-76        0.0000E+00  5.4767E-01
  se-77        0.0000E+00  1.1698E+00
  se-78        0.0000E+00  3.8763E+00
  se-79        0.0000E+00  7.7875E+00
  se-80        0.0000E+00  1.9981E+01
  br-81        0.0000E+00  3.3148E+01
  se-82        0.0000E+00  5.3216E+01
  kr-82        0.0000E+00  2.0051E+00
  kr-83        0.0000E+00  4.7346E+01
  kr-84        0.0000E+00  1.8220E+02
  kr-85        0.0000E+00  3.7925E+01
  kr-85m       0.0000E+00  5.2243E-02
  rb-85        0.0000E+00  1.4392E+02
  kr-86        0.0000E+00  2.7019E+02
  rb-86        0.0000E+00  1.0391E-01
  sr-86        0.0000E+00  1.2211E+00
  kr-87        0.0000E+00  2.7884E-02
  rb-87        0.0000E+00  3.5372E+02
  kr-88        0.0000E+00  8.1686E-02
  sr-88        0.0000E+00  4.8745E+02
  sr-89        0.0000E+00  4.7368E+01
  y-89         0.0000E+00  5.9909E+02
  sr-90        0.0000E+00  7.7964E+02
  y-90         0.0000E+00  2.2674E-01
  zr-90        0.0000E+00  2.0235E+01
  sr-91        0.0000E+00  5.4158E-01
  y-91         0.0000E+00  8.3150E+01
  y-91m        0.0000E+00  2.7428E-02
  zr-91        0.0000E+00  7.8473E+02
  sr-92        0.0000E+00  1.7755E-01
  y-92         0.0000E+00  2.3460E-01
  zr-92        0.0000E+00  9.7818E+02
  y-93         0.0000E+00  8.3048E-01
  zr-93        0.0000E+00  1.1057E+03
  y-94         0.0000E+00  2.8055E-02
  zr-94        0.0000E+00  1.2325E+03
  mo-94        0.0000E+00  2.7168E-02
  zr-95        0.0000E+00  1.5751E+02
  nb-95        0.0000E+00  8.5299E+01
  nb-95m       0.0000E+00  9.6148E-02
  mo-95        0.0000E+00  1.0268E+03
  zr-96        0.0000E+00  1.3503E+03
  nb-96        0.0000E+00  2.3050E-02
  mo-96        0.0000E+00  1.1791E+02
  zr-97        0.0000E+00  1.9379E+00
  nb-97        0.0000E+00  1.4033E-01
  mo-97        0.0000E+00  1.3684E+03
  mo-98        0.0000E+00  1.4714E+03
  mo-99        0.0000E+00  9.0921E+00
  tc-99        0.0000E+00  1.2608E+03
  tc-99m       0.0000E+00  7.3390E-01
  ru-99        0.0000E+00  2.4009E-02
  mo-100       0.0000E+00  1.6821E+03
  ru-100       0.0000E+00  3.2004E+02
  mo-101       0.0000E+00  3.3481E-02
  tc-101       0.0000E+00  3.2580E-02
  ru-101       0.0000E+00  1.3728E+03
  mo-102       0.0000E+00  2.6143E-02
  ru-102       0.0000E+00  1.6136E+03
  ru-103       0.0000E+00  1.4346E+02
  rh-103       0.0000E+00  6.1158E+02
  rh-103m      0.0000E+00  1.4090E-01
  tc-104       0.0000E+00  4.1743E-02
  ru-104       0.0000E+00  1.2652E+03
  pd-104       0.0000E+00  7.3820E+02
  ru-105       0.0000E+00  5.5190E-01
  rh-105       0.0000E+00  3.3928E+00
  pd-105       0.0000E+00  7.4513E+02
  ru-106       0.0000E+00  5.2755E+02
  pd-106       0.0000E+00  6.4462E+02
  rh-107       0.0000E+00  2.8246E-02
  pd-107       0.0000E+00  5.8207E+02
  pd-108       0.0000E+00  4.0596E+02
  pd-109       0.0000E+00  7.4479E-01
  ag-109       0.0000E+00  1.7609E+02
  pd-110       0.0000E+00  1.4206E+02
  ag-110m      0.0000E+00  2.3968E+00
  cd-110       0.0000E+00  1.7951E+02
  ag-111       0.0000E+00  1.8039E+00
  cd-111       0.0000E+00  7.3298E+01
  pd-112       0.0000E+00  8.9342E-02
  cd-112       0.0000E+00  3.7486E+01
  cd-113       0.0000E+00  1.4831E-01
  cd-114       0.0000E+00  3.7555E+01
  cd-115       0.0000E+00  7.4519E-02
  cd-115m      0.0000E+00  9.4430E-02
  in-115       0.0000E+00  2.2341E+00
  sn-115       0.0000E+00  4.8752E-01
  cd-116       0.0000E+00  1.1831E+01
  sn-116       0.0000E+00  9.3193E+00
  sn-117       0.0000E+00  1.0496E+01
  sn-118       0.0000E+00  9.8379E+00
  sn-119       0.0000E+00  9.2540E+00
  sn-119m      0.0000E+00  1.4076E-01
  sn-120       0.0000E+00  9.6825E+00
  sn-121       0.0000E+00  2.8369E-02
  sn-121m      0.0000E+00  7.2695E-01
  sb-121       0.0000E+00  8.5422E+00
  sn-122       0.0000E+00  1.2334E+01
  te-122       0.0000E+00  1.2601E+00
  sn-123       0.0000E+00  5.5714E-01
  sb-123       0.0000E+00  1.1054E+01
  sn-124       0.0000E+00  1.9152E+01
  sb-124       0.0000E+00  2.4772E-01
  te-124       0.0000E+00  7.7900E-01
  sn-125       0.0000E+00  2.9129E-01
  sb-125       0.0000E+00  2.1237E+01
  te-125       0.0000E+00  4.2196E+00
  te-125m      0.0000E+00  2.4578E-01
  sn-126       0.0000E+00  4.2891E+01
  te-126       0.0000E+00  1.0254E+00
  sb-127       0.0000E+00  1.0400E+00
  te-127       0.0000E+00  8.9640E-02
  te-127m      0.0000E+00  8.9866E-01
  i-127        0.0000E+00  7.8911E+01
  te-128       0.0000E+00  1.9022E+02
  xe-128       0.0000E+00  1.0351E+01
  sb-129       0.0000E+00  1.4649E-01
  te-129       0.0000E+00  3.6831E-02
  te-129m      0.0000E+00  4.3717E+00
  i-129        0.0000E+00  2.9997E+02
  xe-129       0.0000E+00  1.3674E-01
  te-130       0.0000E+00  6.9466E+02
  i-130        0.0000E+00  5.8449E-02
  xe-130       0.0000E+00  2.6275E+01
  sb-131       0.0000E+00  3.0115E-02
  te-131       0.0000E+00  3.6637E-02
  te-131m      0.0000E+00  7.3471E-01
  i-131        0.0000E+00  2.0163E+01
  xe-131       0.0000E+00  5.5452E+02
  xe-131m      0.0000E+00  3.6703E-01
  te-132       0.0000E+00  1.1202E+01
  i-132        0.0000E+00  3.4565E-01
  xe-132       0.0000E+00  2.2351E+03
  te-133       0.0000E+00  2.1531E-02
  te-133m      0.0000E+00  8.8273E-02
  i-133        0.0000E+00  4.2503E+00
  xe-133       0.0000E+00  2.5685E+01
  xe-133m      0.0000E+00  3.4370E-01
  cs-133       0.0000E+00  1.7057E+03
  te-134       0.0000E+00  1.1570E-01
  i-134        0.0000E+00  1.9810E-01
  xe-134       0.0000E+00  2.7213E+03
  cs-134       0.0000E+00  4.1232E+02
  cs-134m      0.0000E+00  2.9556E-02
  ba-134       0.0000E+00  8.6285E+01
  i-135        0.0000E+00  1.3179E+00
  xe-135       0.0000E+00  1.6884E-01
  cs-135       0.0000E+00  3.1032E+02
  ba-135       0.0000E+00  1.0869E+00
  xe-136       0.0000E+00  4.6858E+03
  cs-136       0.0000E+00  1.6468E+00
  ba-136       0.0000E+00  3.1447E+01
  cs-137       0.0000E+00  2.2366E+03
  ba-137       0.0000E+00  4.4649E+01
  xe-138       0.0000E+00  4.0118E-02
  cs-138       0.0000E+00  1.0561E-01
  ba-138       0.0000E+00  2.2855E+03
  la-138       0.0000E+00  2.8484E-02
  cs-139       0.0000E+00  2.7307E-02
  ba-139       0.0000E+00  2.5175E-01
  la-139       0.0000E+00  2.1031E+03
  ba-140       0.0000E+00  5.3262E+01
  la-140       0.0000E+00  7.4824E+00
  ce-140       0.0000E+00  2.0965E+03
  ba-141       0.0000E+00  4.9858E-02
  la-141       0.0000E+00  6.4783E-01
  ce-141       0.0000E+00  1.2594E+02
  pr-141       0.0000E+00  1.7573E+03
  ba-142       0.0000E+00  2.6557E-02
  la-142       0.0000E+00  2.3776E-01
  ce-142       0.0000E+00  1.9601E+03
  pr-142       0.0000E+00  2.6295E-01
  nd-142       0.0000E+00  7.1220E+01
  la-143       0.0000E+00  3.4723E-02
  ce-143       0.0000E+00  4.9018E+00
  pr-143       0.0000E+00  4.7425E+01
  nd-143       0.0000E+00  8.8813E+02
  ce-144       0.0000E+00  8.2739E+02
  pr-144       0.0000E+00  3.5649E-02
  nd-144       0.0000E+00  1.7725E+03
  pr-145       0.0000E+00  6.2654E-01
  nd-145       0.0000E+00  1.0143E+03
  pr-146       0.0000E+00  3.5091E-02
  nd-146       0.0000E+00  1.3366E+03
  nd-147       0.0000E+00  1.7864E+01
  pm-147       0.0000E+00  2.0028E+02
  sm-147       0.0000E+00  4.2842E+01
  nd-148       0.0000E+00  7.0227E+02
  pm-148       0.0000E+00  3.5701E+00
  pm-148m      0.0000E+00  1.6310E+00
  sm-148       0.0000E+00  2.7025E+02
  nd-149       0.0000E+00  8.0635E-02
  pm-149       0.0000E+00  3.9324E+00
  sm-149       0.0000E+00  2.0777E+00
  nd-150       0.0000E+00  3.5051E+02
  sm-150       0.0000E+00  5.7984E+02
  pm-151       0.0000E+00  7.6520E-01
  sm-151       0.0000E+00  1.5005E+01
  sm-152       0.0000E+00  1.4840E+02
  sm-153       0.0000E+00  3.9105E+00
  eu-153       0.0000E+00  2.0465E+02
  sm-154       0.0000E+00  1.0420E+02
  eu-154       0.0000E+00  5.4615E+01
  gd-154       0.0000E+00  3.0602E+00
  eu-155       0.0000E+00  1.8280E+01
  gd-155       0.0000E+00  4.8750E-02
  sm-156       0.0000E+00  4.0745E-02
  eu-156       0.0000E+00  2.8260E+01
  gd-156       0.0000E+00  4.0277E+02
  eu-157       0.0000E+00  1.4594E-01
  gd-157       0.0000E+00  3.0068E-01
  gd-158       0.0000E+00  9.7388E+01
  gd-159       0.0000E+00  3.9248E-02
  tb-159       0.0000E+00  8.6164E+00
  gd-160       0.0000E+00  3.2243E+00
  tb-160       0.0000E+00  6.4362E-01
  dy-160       0.0000E+00  7.1791E-01
  tb-161       0.0000E+00  8.9197E-02
  dy-161       0.0000E+00  1.1648E+00
  dy-162       0.0000E+00  9.8101E-01
  dy-163       0.0000E+00  9.6726E-01
  dy-164       0.0000E+00  2.6591E-01
  ho-165       0.0000E+00  6.8264E-01
  er-166       0.0000E+00  2.6159E-01
  er-168       0.0000E+00  4.1843E-02
------------
  totals       1.0000E+06  1.0020E+06
=========================================================================================================================
.
.
=========================================================================================================================
=   History overview for case 'decay' (#2/2)                                                                            =
-------------------------------------------------------------------------------------------------------------------------
   step          t0          t1          dt           t        flux     fluence       power      energy
    (-)         (y)         (y)         (s)         (s)   (n/cm2-s)     (n/cm2)        (MW)       (MWd)
      1      1.5057      2.5057  3.1560E+07  7.9080E+07  0.0000E+00  5.3809E+22  0.0000E+00  5.7273E+04
          
              step - step index within this case
                t0 - time at beginning-of-step in input units
                t1 - time at end-of-step in input units
                dt - length of step in seconds
                 t - end-of-step cumulative time in seconds
              flux - flux in neutrons/cm^2-sec (CALCULATED)
           fluence - cumulative end-of-step fluence in neutrons/cm^2 (CALCULATED)
             power - power in mega-watts (INPUT)     
            energy - cumulative end-of-step energy released in mega-watt-days (INPUT)     
=========================================================================================================================
.
.
.
.
.
*************************************************************************************************************************
********************                                                                                 ********************
********************                                                                                 ********************
********************                    Library information                                          ********************
********************                                                                                 ********************
********************                                                                                 ********************
*************************************************************************************************************************
.
.
=========================================================================================================================
=   Library summary for case 'decay' (#2/2)                                                                             =
-------------------------------------------------------------------------------------------------------------------------
filename: C:/Users/Teddy/AppData/Local/Temp/scale.Teddy.8864/w17x17_100d.f33 cross-section data taken from position number: 1
library title delimited by {}: 
{}
date library was produced: 538976288/538976288/538976288
total number of nuclides in library: 2237
number of light-element nuclides: 910
number of actinide nuclides: 176
number of fission product nuclides: 1151
number of nonzero off-diagonal matrix elements: 54564
=========================================================================================================================
.
.
*************************************************************************************************************************
********************                                                                                 ********************
********************                                                                                 ********************
********************                    Concentration tables                                         ********************
********************                                                                                 ********************
********************                                                                                 ********************
*************************************************************************************************************************
.
.
=========================================================================================================================
=   Nuclide concentrations in grams for case 'decay' (#2/2)                                                             =
-------------------------------------------------------------------------------------------------------------------------
  (relative cutoff; integral of concentrations over time >   1.00E-06 % of integral of all concentrations over time)
.
                   1.506y      2.506y   
  h-3          9.7263E-02  9.1941E-02
  he-4         2.8137E+00  3.6142E+00
  u-234        2.3259E+00  5.6044E+00
  u-235        1.5928E+03  1.5929E+03
  u-236        3.8201E+03  3.8204E+03
  u-237        2.6523E+01  5.3310E-05
  u-238        9.2084E+05  9.2084E+05
  u-239        1.9109E+00  0.0000E+00
  np-237       6.1885E+02  6.4547E+02
  np-238       5.9956E+00  6.1411E-08
  np-239       2.7475E+02  5.5207E-04
  pu-238       4.0379E+02  4.2851E+02
  pu-239       5.3061E+03  5.5827E+03
  pu-240       2.5271E+03  2.5487E+03
  pu-241       1.7937E+03  1.7087E+03
  pu-242       1.7557E+03  1.7557E+03
  pu-243       1.4553E+00  1.7191E-11
  pu-244       6.5453E-01  6.5456E-01
  am-241       2.0007E+01  1.0484E+02
  am-242m      3.3257E-01  3.3094E-01
  am-242       1.9726E-01  4.2698E-06
  am-243       6.3995E+02  6.4135E+02
  am-244m      8.5858E-02  0.0000E+00
  am-244       1.3358E-01  4.3164E-12
  cm-242       2.8277E+01  6.0137E+00
  cm-243       1.2844E+00  1.2542E+00
  cm-244       5.8917E+02  5.6726E+02
  cm-245       6.4603E+01  6.4597E+01
  cm-246       1.9972E+01  1.9969E+01
  cm-247       4.8214E-01  4.8214E-01
  cm-248       7.4968E-02  7.5193E-02
  ge-73        2.9026E-02  2.9046E-02
  ge-74        7.9882E-02  7.9884E-02
  as-75        1.9660E-01  1.9663E-01
  ge-76        5.4767E-01  5.4767E-01
  se-76        1.3044E-02  1.3119E-02
  se-77        1.1698E+00  1.1751E+00
  se-78        3.8763E+00  3.8772E+00
  se-79        7.7875E+00  7.7877E+00
  se-80        1.9981E+01  1.9981E+01
  br-81        3.3148E+01  3.3149E+01
  se-82        5.3216E+01  5.3216E+01
  kr-82        2.0051E+00  2.0189E+00
  kr-83        4.7346E+01  4.7372E+01
  kr-84        1.8220E+02  1.8221E+02
  kr-85        3.7925E+01  3.5568E+01
  kr-85m       5.2243E-02  0.0000E+00
  rb-85        1.4392E+02  1.4633E+02
  kr-86        2.7019E+02  2.7019E+02
  rb-86        1.0391E-01  1.3021E-07
  sr-86        1.2211E+00  1.3251E+00
  kr-87        2.7884E-02  0.0000E+00
  rb-87        3.5372E+02  3.5375E+02
  kr-88        8.1686E-02  0.0000E+00
  sr-88        4.8745E+02  4.8754E+02
  sr-89        4.7368E+01  3.1583E-01
  y-89         5.9909E+02  6.4616E+02
  sr-90        7.7964E+02  7.6110E+02
  y-90         2.2674E-01  1.9306E-01
  zr-90        2.0235E+01  3.8817E+01
  sr-91        5.4158E-01  0.0000E+00
  y-91         8.3150E+01  1.1054E+00
  y-91m        2.7428E-02  0.0000E+00
  zr-91        7.8473E+02  8.6735E+02
  sr-92        1.7755E-01  0.0000E+00
  y-92         2.3460E-01  0.0000E+00
  zr-92        9.7818E+02  9.7859E+02
  y-93         8.3048E-01  0.0000E+00
  zr-93        1.1057E+03  1.1065E+03
  y-94         2.8055E-02  0.0000E+00
  zr-94        1.2325E+03  1.2325E+03
  mo-94        2.7168E-02  2.7169E-02
  zr-95        1.5751E+02  3.0205E+00
  nb-95        8.5299E+01  3.6794E+00
  nb-95m       9.6148E-02  1.9494E-03
  mo-95        1.0268E+03  1.2631E+03
  zr-96        1.3503E+03  1.3503E+03
  nb-96        2.3050E-02  0.0000E+00
  mo-96        1.1791E+02  1.1793E+02
  zr-97        1.9379E+00  0.0000E+00
  nb-97        1.4033E-01  0.0000E+00
  mo-97        1.3684E+03  1.3705E+03
  mo-98        1.4714E+03  1.4714E+03
  tc-98        1.4922E-02  1.4922E-02
  mo-99        9.0921E+00  0.0000E+00
  tc-99        1.2608E+03  1.2706E+03
  tc-99m       7.3390E-01  0.0000E+00
  ru-99        2.4009E-02  2.8504E-02
  mo-100       1.6821E+03  1.6821E+03
  ru-100       3.2004E+02  3.2004E+02
  mo-101       3.3481E-02  0.0000E+00
  tc-101       3.2580E-02  0.0000E+00
  ru-101       1.3728E+03  1.3728E+03
  mo-102       2.6143E-02  0.0000E+00
  ru-102       1.6136E+03  1.6136E+03
  ru-103       1.4346E+02  2.2646E-01
  rh-103       6.1158E+02  7.5495E+02
  rh-103m      1.4090E-01  2.2244E-04
  tc-104       4.1743E-02  0.0000E+00
  ru-104       1.2652E+03  1.2652E+03
  pd-104       7.3820E+02  7.3820E+02
  ru-105       5.5190E-01  0.0000E+00
  rh-105       3.3928E+00  0.0000E+00
  pd-105       7.4513E+02  7.4909E+02
  ru-106       5.2755E+02  2.6699E+02
  pd-106       6.4462E+02  9.0518E+02
  rh-107       2.8246E-02  0.0000E+00
  pd-107       5.8207E+02  5.8211E+02
  pd-108       4.0596E+02  4.0597E+02
  pd-109       7.4479E-01  0.0000E+00
  ag-109       1.7609E+02  1.7683E+02
  pd-110       1.4206E+02  1.4206E+02
  ag-110m      2.3968E+00  8.6970E-01
  cd-110       1.7951E+02  1.8103E+02
  ag-111       1.8039E+00  3.1433E-15
  cd-111       7.3298E+01  7.5105E+01
  pd-112       8.9342E-02  0.0000E+00
  cd-112       3.7486E+01  3.7589E+01
  cd-113       1.4831E-01  1.5863E-01
  cd-114       3.7555E+01  3.7555E+01
  cd-115       7.4519E-02  0.0000E+00
  cd-115m      9.4430E-02  3.2176E-04
  in-115       2.2341E+00  2.4054E+00
  sn-115       4.8752E-01  4.9158E-01
  cd-116       1.1831E+01  1.1831E+01
  sn-116       9.3193E+00  9.3200E+00
  sn-117       1.0496E+01  1.0502E+01
  sn-118       9.8379E+00  9.8388E+00
  sn-119       9.2540E+00  9.3357E+00
  sn-119m      1.4076E-01  5.9320E-02
  sn-120       9.6825E+00  9.6825E+00
  sn-121       2.8369E-02  3.9007E-05
  sn-121m      7.2695E-01  7.1556E-01
  sb-121       8.5422E+00  8.5820E+00
  sn-122       1.2334E+01  1.2334E+01
  te-122       1.2601E+00  1.2774E+00
  sn-123       5.5714E-01  7.8502E-02
  sb-123       1.1054E+01  1.1533E+01
  te-123       1.3641E-02  1.7996E-02
  sn-124       1.9152E+01  1.9152E+01
  sb-124       2.4772E-01  3.6930E-03
  te-124       7.7900E-01  1.0230E+00
  sn-125       2.9129E-01  1.1419E-12
  sb-125       2.1237E+01  1.6747E+01
  te-125       4.2196E+00  9.0142E+00
  te-125m      2.4578E-01  2.3283E-01
  sn-126       4.2891E+01  4.2890E+01
  te-126       1.0254E+00  1.0434E+00
  sb-127       1.0400E+00  0.0000E+00
  te-127       8.9640E-02  3.7008E-04
  te-127m      8.9866E-01  1.0571E-01
  i-127        7.8911E+01  8.0848E+01
  te-128       1.9022E+02  1.9026E+02
  xe-128       1.0351E+01  1.0351E+01
  sb-129       1.4649E-01  0.0000E+00
  te-129       3.6831E-02  2.1289E-06
  te-129m      4.3717E+00  2.3457E-03
  i-129        2.9997E+02  3.0453E+02
  xe-129       1.3674E-01  1.3784E-01
  te-130       6.9466E+02  6.9468E+02
  i-130        5.8449E-02  0.0000E+00
  xe-130       2.6275E+01  2.6334E+01
  sb-131       3.0115E-02  0.0000E+00
  te-131       3.6637E-02  0.0000E+00
  te-131m      7.3471E-01  0.0000E+00
  i-131        2.0163E+01  4.1956E-13
  xe-131       5.5452E+02  5.7585E+02
  xe-131m      3.6703E-01  5.5550E-10
  te-132       1.1202E+01  0.0000E+00
  i-132        3.4565E-01  0.0000E+00
  xe-132       2.2351E+03  2.2467E+03
  te-133       2.1531E-02  0.0000E+00
  te-133m      8.8273E-02  0.0000E+00
  i-133        4.2503E+00  0.0000E+00
  xe-133       2.5685E+01  3.3652E-20
  xe-133m      3.4370E-01  0.0000E+00
  cs-133       1.7057E+03  1.7361E+03
  te-134       1.1570E-01  0.0000E+00
  i-134        1.9810E-01  0.0000E+00
  xe-134       2.7213E+03  2.7216E+03
  cs-134       4.1232E+02  2.9478E+02
  cs-134m      2.9556E-02  0.0000E+00
  ba-134       8.6285E+01  2.0386E+02
  i-135        1.3179E+00  0.0000E+00
  xe-135       1.6884E-01  0.0000E+00
  cs-135       3.1032E+02  3.1182E+02
  ba-135       1.0869E+00  1.0878E+00
  xe-136       4.6858E+03  4.6858E+03
  cs-136       1.6468E+00  7.2610E-09
  ba-136       3.1447E+01  3.3094E+01
  cs-137       2.2366E+03  2.1857E+03
  ba-137       4.4649E+01  9.5604E+01
  xe-138       4.0118E-02  0.0000E+00
  cs-138       1.0561E-01  0.0000E+00
  ba-138       2.2855E+03  2.2857E+03
  la-138       2.8484E-02  2.8484E-02
  cs-139       2.7307E-02  0.0000E+00
  ba-139       2.5175E-01  0.0000E+00
  la-139       2.1031E+03  2.1034E+03
  ba-140       5.3262E+01  1.2709E-07
  la-140       7.4824E+00  1.9262E-08
  ce-140       2.0965E+03  2.1573E+03
  ba-141       4.9858E-02  0.0000E+00
  la-141       6.4783E-01  0.0000E+00
  ce-141       1.2594E+02  5.2480E-02
  pr-141       1.7573E+03  1.8838E+03
  ba-142       2.6557E-02  0.0000E+00
  la-142       2.3776E-01  0.0000E+00
  ce-142       1.9601E+03  1.9604E+03
  pr-142       2.6295E-01  0.0000E+00
  nd-142       7.1220E+01  7.1484E+01
  la-143       3.4723E-02  0.0000E+00
  ce-143       4.9018E+00  0.0000E+00
  pr-143       4.7425E+01  4.1727E-07
  nd-143       8.8813E+02  9.4049E+02
  ce-144       8.2739E+02  3.4022E+02
  pr-144       3.5649E-02  1.4331E-02
  nd-144       1.7725E+03  2.2597E+03
  pr-145       6.2654E-01  0.0000E+00
  nd-145       1.0143E+03  1.0150E+03
  pr-146       3.5091E-02  0.0000E+00
  nd-146       1.3366E+03  1.3367E+03
  nd-147       1.7864E+01  1.7289E-09
  pm-147       2.0028E+02  1.6766E+02
  sm-147       4.2842E+01  9.3344E+01
  nd-148       7.0227E+02  7.0227E+02
  pm-148       3.5701E+00  2.2234E-05
  pm-148m      1.6310E+00  3.5427E-03
  sm-148       2.7025E+02  2.7544E+02
  nd-149       8.0635E-02  0.0000E+00
  pm-149       3.9324E+00  0.0000E+00
  sm-149       2.0777E+00  6.0923E+00
  nd-150       3.5051E+02  3.5051E+02
  sm-150       5.7984E+02  5.7985E+02
  pm-151       7.6520E-01  0.0000E+00
  sm-151       1.5005E+01  1.5654E+01
  eu-151       4.7261E-03  1.2574E-01
  sm-152       1.4840E+02  1.4840E+02
  sm-153       3.9105E+00  0.0000E+00
  eu-153       2.0465E+02  2.0857E+02
  sm-154       1.0420E+02  1.0420E+02
  eu-154       5.4615E+01  5.0387E+01
  gd-154       3.0602E+00  7.2886E+00
  eu-155       1.8280E+01  1.5801E+01
  gd-155       4.8750E-02  2.5299E+00
  sm-156       4.0745E-02  0.0000E+00
  eu-156       2.8260E+01  1.6324E-06
  gd-156       4.0277E+02  4.3107E+02
  eu-157       1.4594E-01  0.0000E+00
  gd-157       3.0068E-01  4.4701E-01
  gd-158       9.7388E+01  9.7389E+01
  gd-159       3.9248E-02  0.0000E+00
  tb-159       8.6164E+00  8.6559E+00
  gd-160       3.2243E+00  3.2243E+00
  tb-160       6.4362E-01  1.9397E-02
  dy-160       7.1791E-01  1.3421E+00
  tb-161       8.9197E-02  1.0665E-17
  dy-161       1.1648E+00  1.2540E+00
  dy-162       9.8101E-01  9.8103E-01
  dy-163       9.6726E-01  9.6727E-01
  dy-164       2.6591E-01  2.6591E-01
  ho-165       6.8264E-01  6.8336E-01
  er-166       2.6159E-01  2.6503E-01
  er-167       1.4289E-02  1.4311E-02
  er-168       4.1843E-02  4.1843E-02
------------
  totals       1.0020E+06  1.0020E+06
=========================================================================================================================
.
.
*************************************************************************************************************************
********************                                                                                 ********************
********************                                                                                 ********************
********************                    Written F71 File Information                                 ********************
********************                                                                                 ********************
********************                                                                                 ********************
*************************************************************************************************************************
.
.
   pos         time        power         flux      fluence       energy libpos   case   step DCGNAB
   (-)          (s)         (MW)    (n/cm2-s)      (n/cm2)        (MWd)    (-)    (-)    (-)    (-)
     1  4.75200e+07  0.00000e+00  0.00000e+00  5.38088e+22  5.72727e+04      1      2      0 DC----
     2  7.90800e+07  0.00000e+00  0.00000e+00  5.38088e+22  5.72727e+04      1      2      1 DC----
    D - state definition present
    C - concentrations present
    G - gamma emission spectra present
    N - neutron emission spectra present
    A - alpha emission spectra present
    B - beta emission spectra present
.
.
.
=========================================================================================================================
ORIGEN finished successfully.
=========================================================================================================================
    module origen used 0.681589 seconds cpu time for the current pass.

    module origen is finished. completion code    0. total cpu time used 5.59839e-006 seconds.


    SCALE is finished on Wed Feb 13 18:31:52 2019.
-------------------------- Summary --------------------------
arp finished. used 2.96358 seconds.
origen finished. used 0.687419 seconds.
SCALE driver required a maximum of 8.289 MiB of RAM.
------------------------ End Summary ------------------------

w17x17_100d.f33 copied to C:\Users\Teddy\Desktop\scale_test\output\w17x17_100d.f33.
discharge.f71 copied to C:\Users\Teddy\Desktop\scale_test\output\discharge.f71.
