 *******************************************************************************
 *                                                                             *
 *                                 SCALE 6.2.2                                 *
 *                                -------------                                *
 *                                February 2019                                *
 *                                                                             *
 *           SCALE:  A Comprehensive Modeling and Simulation Suite             *
 *                   for Nuclear Safety Analysis and Design                    *
 *                                                                             *
 *                      Reactor and Nuclear Systems Division                   *
 *                        Oak Ridge National Laboratory                        *
 *                                                                             *
 *                           http://scale.ornl.gov                             *
 *                            scalehelp@ornl.gov                               *
 *                                                                             *
 *******************************************************************************
 *******************************************************************************
      
                  Job Information
                  ---------------
      Job started on DESKTOP-J14NAA6 on Wed 13/02/2019 18:27:23
      Working directory: C:\Users\Teddy\AppData\Local\Temp\scale.Teddy.1068
      Input file name  : C:\Users\Teddy\Desktop\scale_test\output\2.800000_7070.707071.inp
      Output file name : C:\Users\Teddy\Desktop\scale_test\output\2.800000_7070.707071.out
      SCALE executable : C:\SCALE-6.2.2/bin/scale
      
 *******************************************************************************


    module arp will be called on Wed Feb 13 18:27:23 2019.
    sequence specification record:=arp
Input Data:

      'library type
      w17x17
      2.800000
      ' num cycles
      1
      ' num days per cycle
      550
      ' cycle average specific power (MW / MTU)
      12.855831
      ' number of interpolated cross section sets generated per cycle
      1
      ' moderator density (g/cc)
      0.723
      ' interpolated output ORIGEN library
      w17x17_100d.f33
end

1






        ************************************************************************************************************************
        ************************************************************************************************************************
        ************************************************************************************************************************
        *****                                                                                                              *****
        *****                                       program verification information                                       *****
        *****                                                                                                              *****
        *****                                   code system:  SCALE    version:  6.2                                       *****
        *****                                                                                                              *****
        ************************************************************************************************************************
        ************************************************************************************************************************
        *****                                                                                                              *****
        *****                                                                                                              *****
        *****              program:  arp.exe                                                                               *****
        *****                                                                                                              *****
        *****        creation date:   unknown                                                                              *****
        *****                                                                                                              *****
        *****              library:  C:\SCALE-6.2.2\bin                                                                    *****
        *****                                                                                                              *****
        *****                                                                                                              *****
        *****            prod code:  arp.exe                                                                               *****
        *****                                                                                                              *****
        *****              version:  6.2.2                                                                                 *****
        *****                                                                                                              *****
        *****              jobname:  Teddy                                                                                 *****
        *****                                                                                                              *****
        *****         machine name:  DESKTOP-J14NAA6                                                                       *****
        *****                                                                                                              *****
        *****    date of execution:  13_feb_2019                                                                           *****
        *****                                                                                                              *****
        *****    time of execution:  18:27:23.95                                                                           *****
        *****                                                                                                              *****
        *****                                                                                                              *****
        ************************************************************************************************************************
        ************************************************************************************************************************
        ************************************************************************************************************************


 'library type
    data library:       w17x17
       directory:       C:/SCALE-6.2.2/data/\arplibs
       definition:      C:/SCALE-6.2.2/data/\arpdata.txt
    u-235 enrichment:                        2.800

 ' num cycles
    number of cycles:                            1

 ' num days per cycle

 ' cycle average specific power (MW / MTU)

 ' number of interpolated cross section sets generated per cycle

 ' moderator density (g/cc)
    water density (g/cm3):                  0.7230
                                         cycle        cumulative      midpoint
   cycle time(d)        power(MW)      burnup(MWd/MTU)burnup(MWd/MTU)burnup(MWd/MTU)nlib
     1    550.000        12.8558        7070.71        7070.71        3535.35             1

 ' interpolated output ORIGEN library
    interpolated library name:                   w17x17_100d.f33
 interpolation type: spline
 Cross section library interpolation completed.
.
.
.
=========================================================================================================================
ARP finished successfully.
=========================================================================================================================
    module arp used 2.00995 seconds cpu time for the current pass.

    module arp is finished. completion code    0. total cpu time used 1.07303e-005 seconds.



    module origen will be called on Wed Feb 13 18:27:25 2019.
    sequence specification record:=origen
Input Data:

      case(irrad) {
          lib{
              file="w17x17_100d.f33" pos=1
          }
          mat {
              units=GRAMS
              iso=[u235=28000.000000 u238=972000.000000]
          }
          time = [ 550 ]
          power = [ 12.855831 ]
      }
      case (decay) {
          time {
              units=YEARS
              start=0
              t=[1]
          }
          save{ file="discharge.f71" steps=[0 LAST]}
      }
end

1






        ************************************************************************************************************************
        ************************************************************************************************************************
        ************************************************************************************************************************
        *****                                                                                                              *****
        *****                                       program verification information                                       *****
        *****                                                                                                              *****
        *****                                   code system:  SCALE    version:  6.2                                       *****
        *****                                                                                                              *****
        ************************************************************************************************************************
        ************************************************************************************************************************
        *****                                                                                                              *****
        *****                                                                                                              *****
        *****              program:  origen.exe                                                                            *****
        *****                                                                                                              *****
        *****        creation date:   unknown                                                                              *****
        *****                                                                                                              *****
        *****              library:  C:\SCALE-6.2.2\bin                                                                    *****
        *****                                                                                                              *****
        *****                                                                                                              *****
        *****            prod code:  origen.exe                                                                            *****
        *****                                                                                                              *****
        *****              version:  6.2.2                                                                                 *****
        *****                                                                                                              *****
        *****              jobname:  Teddy                                                                                 *****
        *****                                                                                                              *****
        *****         machine name:  DESKTOP-J14NAA6                                                                       *****
        *****                                                                                                              *****
        *****    date of execution:  13_feb_2019                                                                           *****
        *****                                                                                                              *****
        *****    time of execution:  18:27:25.98                                                                           *****
        *****                                                                                                              *****
        *****                                                                                                              *****
        ************************************************************************************************************************
        ************************************************************************************************************************
        ************************************************************************************************************************

*************************************************************************************************************************
********************                                                                                 ********************
********************                                                                                 ********************
********************                    USER INPUT SUMMARY                                           ********************
********************                                                                                 ********************
********************                                                                                 ********************
*************************************************************************************************************************
.
.
=========================================================================================================================
=   Case "irrad" (#1/2)                                                                                                 =
-------------------------------------------------------------------------------------------------------------------------
###   Library settings                                                                                                ###
.
                                Library file name:     C:/Users/Teddy/AppData/Local/Temp/scale.Teddy.1068/w17x17_100d.f33
                             Library set position:              1
                 Fission product reaction removal:             no
-------------------------------------------------------------------------------------------------------------------------
###   Global settings                                                                                                 ###
.
                                           Solver:              MATREX
                                             Mode:        forward
                             Fixed fission energy:             no
-------------------------------------------------------------------------------------------------------------------------
###   Concentrations output options                                                                                   ###
.
                            High-precision output:             no
                                  Relative cutoff:            yes
                         Step for applying cutoff:       integral
.
                      light els.   actinides  fis.prods.       total
                       nuc    el   nuc    el   nuc    el   nuc    el             cutoff
gram-atoms                                                                    1.000E-06
grams                                                      **                 1.000E-06
curies                                                                        1.000E-06
watts                                                                         1.000E-06
gamma watts                                                                   1.000E-06
m3 air                                                                        1.000E-06
m3 water                                                                      1.000E-06
grams ppm                                                                     1.000E-06
atoms ppm                                                                     1.000E-06
atoms/barn-cm                                                                 1.000E-06
becquerels                                                                    1.000E-06
-------------------------------------------------------------------------------------------------------------------------
###   Additional output options                                                                                       ###
.
                                      Print k-inf:             no
           Nuclides for absorption fraction print:           none
                              Print fission rates:             no
            Step for sorting absorption fractions:              1
=========================================================================================================================
=   Case "decay" (#2/2)                                                                                                 =
-------------------------------------------------------------------------------------------------------------------------
###   Library settings                                                                                                ###
.
                                Library file name:     C:/Users/Teddy/AppData/Local/Temp/scale.Teddy.1068/w17x17_100d.f33
                             Library set position:              1
                 Fission product reaction removal:             no
-------------------------------------------------------------------------------------------------------------------------
###   Global settings                                                                                                 ###
.
                                           Solver:              MATREX
                                             Mode:        forward
                             Fixed fission energy:             no
-------------------------------------------------------------------------------------------------------------------------
###   Concentrations output options                                                                                   ###
.
                            High-precision output:             no
                                  Relative cutoff:            yes
                         Step for applying cutoff:       integral
.
                      light els.   actinides  fis.prods.       total
                       nuc    el   nuc    el   nuc    el   nuc    el             cutoff
gram-atoms                                                                    1.000E-06
grams                                                      **                 1.000E-06
curies                                                                        1.000E-06
watts                                                                         1.000E-06
gamma watts                                                                   1.000E-06
m3 air                                                                        1.000E-06
m3 water                                                                      1.000E-06
grams ppm                                                                     1.000E-06
atoms ppm                                                                     1.000E-06
atoms/barn-cm                                                                 1.000E-06
becquerels                                                                    1.000E-06
-------------------------------------------------------------------------------------------------------------------------
###   Additional output options                                                                                       ###
.
                                      Print k-inf:             no
           Nuclides for absorption fraction print:           none
                              Print fission rates:             no
            Step for sorting absorption fractions:              1
=========================================================================================================================
###   Blending information                                                                                            ###
.
  --- no blending requested in this job ---
=========================================================================================================================
.
.
=========================================================================================================================
=   History overview for case 'irrad' (#1/2)                                                                            =
-------------------------------------------------------------------------------------------------------------------------
   step          t0          t1          dt           t        flux     fluence       power      energy
    (-)         (d)         (d)         (s)         (s)   (n/cm2-s)     (n/cm2)        (MW)       (MWd)
      1      0.0000    550.0000  4.7520E+07  4.7520E+07  1.0943E+14  5.2001E+21  1.2856E+01  7.0707E+03
          
              step - step index within this case
                t0 - time at beginning-of-step in input units
                t1 - time at end-of-step in input units
                dt - length of step in seconds
                 t - end-of-step cumulative time in seconds
              flux - flux in neutrons/cm^2-sec (CALCULATED)
           fluence - cumulative end-of-step fluence in neutrons/cm^2 (CALCULATED)
             power - power in mega-watts (INPUT)     
            energy - cumulative end-of-step energy released in mega-watt-days (INPUT)     
=========================================================================================================================
.
.
.
.
.
*************************************************************************************************************************
********************                                                                                 ********************
********************                                                                                 ********************
********************                    Library information                                          ********************
********************                                                                                 ********************
********************                                                                                 ********************
*************************************************************************************************************************
.
.
=========================================================================================================================
=   Library summary for case 'irrad' (#1/2)                                                                             =
-------------------------------------------------------------------------------------------------------------------------
filename: C:/Users/Teddy/AppData/Local/Temp/scale.Teddy.1068/w17x17_100d.f33 cross-section data taken from position number: 1
library title delimited by {}: 
{}
date library was produced: 538976288/538976288/538976288
total number of nuclides in library: 2237
number of light-element nuclides: 910
number of actinide nuclides: 176
number of fission product nuclides: 1151
number of nonzero off-diagonal matrix elements: 54564
=========================================================================================================================
.
.
*************************************************************************************************************************
********************                                                                                 ********************
********************                                                                                 ********************
********************                    Concentration tables                                         ********************
********************                                                                                 ********************
********************                                                                                 ********************
*************************************************************************************************************************
.
.
=========================================================================================================================
=   Nuclide concentrations in grams for case 'irrad' (#1/2)                                                             =
-------------------------------------------------------------------------------------------------------------------------
  (relative cutoff; integral of concentrations over time >   1.00E-06 % of integral of all concentrations over time)
.
                   0.000d    550.000d   
  he-4         0.0000E+00  2.4821E-01
  u-234        0.0000E+00  4.6949E-01
  u-235        2.8000E+04  2.0710E+04
  u-236        0.0000E+00  1.2952E+03
  u-237        0.0000E+00  1.3716E+00
  u-238        9.7200E+05  9.6694E+05
  u-239        0.0000E+00  1.9419E-01
  np-237       0.0000E+00  4.7742E+01
  np-238       0.0000E+00  5.0053E-02
  np-239       0.0000E+00  2.8076E+01
  pu-238       0.0000E+00  3.7527E+00
  pu-239       0.0000E+00  2.8892E+03
  pu-240       0.0000E+00  4.0809E+02
  pu-241       0.0000E+00  1.4565E+02
  pu-242       0.0000E+00  9.7165E+00
  am-241       0.0000E+00  2.6656E+00
  am-242m      0.0000E+00  2.4241E-02
  am-243       0.0000E+00  3.3266E-01
  cm-242       0.0000E+00  2.2360E-01
  as-75        0.0000E+00  2.7875E-02
  ge-76        0.0000E+00  7.6467E-02
  se-77        0.0000E+00  1.9049E-01
  se-78        0.0000E+00  5.1357E-01
  se-79        0.0000E+00  1.1219E+00
  se-80        0.0000E+00  3.0595E+00
  br-81        0.0000E+00  5.0145E+00
  se-82        0.0000E+00  7.9974E+00
  kr-82        0.0000E+00  3.0972E-02
  kr-83        0.0000E+00  1.2451E+01
  kr-84        0.0000E+00  2.5320E+01
  kr-85        0.0000E+00  6.5830E+00
  rb-85        0.0000E+00  2.5289E+01
  kr-86        0.0000E+00  4.8080E+01
  rb-87        0.0000E+00  6.3373E+01
  kr-88        0.0000E+00  2.4960E-02
  sr-88        0.0000E+00  8.8703E+01
  sr-89        0.0000E+00  1.4441E+01
  y-89         0.0000E+00  1.0512E+02
  sr-90        0.0000E+00  1.4378E+02
  y-90         0.0000E+00  3.7007E-02
  zr-90        0.0000E+00  2.7196E+00
  sr-91        0.0000E+00  1.4796E-01
  y-91         0.0000E+00  2.2068E+01
  zr-91        0.0000E+00  1.2993E+02
  sr-92        0.0000E+00  4.3955E-02
  y-92         0.0000E+00  5.8089E-02
  zr-92        0.0000E+00  1.6110E+02
  y-93         0.0000E+00  1.8397E-01
  zr-93        0.0000E+00  1.7440E+02
  zr-94        0.0000E+00  1.8180E+02
  zr-95        0.0000E+00  3.0635E+01
  nb-95        0.0000E+00  1.6717E+01
  mo-95        0.0000E+00  1.5450E+02
  zr-96        0.0000E+00  1.8766E+02
  mo-96        0.0000E+00  1.6107E+00
  zr-97        0.0000E+00  3.2644E-01
  nb-97        0.0000E+00  2.3534E-02
  mo-97        0.0000E+00  1.8166E+02
  mo-98        0.0000E+00  1.8186E+02
  mo-99        0.0000E+00  1.3912E+00
  tc-99        0.0000E+00  1.8823E+02
  tc-99m       0.0000E+00  1.1141E-01
  mo-100       0.0000E+00  2.0366E+02
  ru-100       0.0000E+00  4.2895E+00
  ru-101       0.0000E+00  1.7139E+02
  ru-102       0.0000E+00  1.5424E+02
  ru-103       0.0000E+00  1.4231E+01
  rh-103       0.0000E+00  1.0405E+02
  ru-104       0.0000E+00  8.9038E+01
  pd-104       0.0000E+00  1.0011E+01
  ru-105       0.0000E+00  3.7843E-02
  rh-105       0.0000E+00  2.9219E-01
  pd-105       0.0000E+00  5.8434E+01
  ru-106       0.0000E+00  2.5018E+01
  pd-106       0.0000E+00  1.4685E+01
  pd-107       0.0000E+00  2.3307E+01
  pd-108       0.0000E+00  1.3662E+01
  pd-109       0.0000E+00  2.2858E-02
  ag-109       0.0000E+00  8.5081E+00
  pd-110       0.0000E+00  4.5224E+00
  cd-110       0.0000E+00  6.6832E-01
  ag-111       0.0000E+00  6.8825E-02
  cd-111       0.0000E+00  2.3401E+00
  cd-112       0.0000E+00  1.4036E+00
  cd-113       0.0000E+00  6.8316E-02
  cd-114       0.0000E+00  2.0190E+00
  in-115       0.0000E+00  6.5080E-01
  sn-115       0.0000E+00  4.0667E-02
  cd-116       0.0000E+00  9.0203E-01
  sn-116       0.0000E+00  1.7799E-01
  sn-117       0.0000E+00  8.4199E-01
  sn-118       0.0000E+00  8.1284E-01
  sn-119       0.0000E+00  8.1316E-01
  sn-120       0.0000E+00  8.3240E-01
  sn-121m      0.0000E+00  6.2781E-02
  sb-121       0.0000E+00  8.2250E-01
  sn-122       0.0000E+00  1.0350E+00
  sn-123       0.0000E+00  3.8248E-02
  sb-123       0.0000E+00  1.0262E+00
  sn-124       0.0000E+00  1.6536E+00
  sn-125       0.0000E+00  2.5328E-02
  sb-125       0.0000E+00  1.7735E+00
  te-125       0.0000E+00  3.1348E-01
  sn-126       0.0000E+00  3.3839E+00
  te-126       0.0000E+00  9.8924E-02
  sb-127       0.0000E+00  1.0134E-01
  te-127m      0.0000E+00  3.0327E-01
  i-127        0.0000E+00  7.8080E+00
  te-128       0.0000E+00  1.7123E+01
  xe-128       0.0000E+00  8.3150E-02
  te-129m      0.0000E+00  4.6273E-01
  i-129        0.0000E+00  2.8235E+01
  te-130       0.0000E+00  7.8965E+01
  xe-130       0.0000E+00  2.5445E-01
  te-131m      0.0000E+00  8.3198E-02
  i-131        0.0000E+00  2.7629E+00
  xe-131       0.0000E+00  1.1643E+02
  xe-131m      0.0000E+00  4.5214E-02
  te-132       0.0000E+00  1.6049E+00
  i-132        0.0000E+00  4.8670E-02
  xe-132       0.0000E+00  1.9844E+02
  i-133        0.0000E+00  6.4948E-01
  xe-133       0.0000E+00  3.9329E+00
  xe-133m      0.0000E+00  4.9054E-02
  cs-133       0.0000E+00  2.7432E+02
  te-134       0.0000E+00  2.0865E-02
  i-134        0.0000E+00  3.1363E-02
  xe-134       0.0000E+00  3.3511E+02
  cs-134       0.0000E+00  6.7712E+00
  ba-134       0.0000E+00  1.1949E+00
  i-135        0.0000E+00  1.9686E-01
  xe-135       0.0000E+00  1.3429E-01
  cs-135       0.0000E+00  1.3253E+02
  xe-136       0.0000E+00  4.3696E+02
  cs-136       0.0000E+00  8.1615E-02
  ba-136       0.0000E+00  1.4878E+00
  cs-137       0.0000E+00  2.6821E+02
  ba-137       0.0000E+00  4.7041E+00
  ba-138       0.0000E+00  2.9124E+02
  ba-139       0.0000E+00  4.1251E-02
  la-139       0.0000E+00  2.7707E+02
  ba-140       0.0000E+00  8.8832E+00
  la-140       0.0000E+00  1.1767E+00
  ce-140       0.0000E+00  2.6333E+02
  la-141       0.0000E+00  1.0851E-01
  ce-141       0.0000E+00  2.1544E+01
  pr-141       0.0000E+00  2.3753E+02
  la-142       0.0000E+00  4.1382E-02
  ce-142       0.0000E+00  2.5612E+02
  nd-142       0.0000E+00  8.8111E-01
  ce-143       0.0000E+00  9.0131E-01
  pr-143       0.0000E+00  8.8674E+00
  nd-143       0.0000E+00  2.3255E+02
  ce-144       0.0000E+00  1.3046E+02
  nd-144       0.0000E+00  1.2588E+02
  pr-145       0.0000E+00  1.1111E-01
  nd-145       0.0000E+00  1.7147E+02
  nd-146       0.0000E+00  1.4142E+02
  nd-147       0.0000E+00  2.9537E+00
  pm-147       0.0000E+00  7.3137E+01
  sm-147       0.0000E+00  1.5564E+01
  nd-148       0.0000E+00  8.0792E+01
  pm-148       0.0000E+00  1.6541E-01
  pm-148m      0.0000E+00  4.0633E-01
  sm-148       0.0000E+00  9.1734E+00
  pm-149       0.0000E+00  3.5611E-01
  sm-149       0.0000E+00  1.7185E+00
  nd-150       0.0000E+00  3.5294E+01
  sm-150       0.0000E+00  5.5125E+01
  pm-151       0.0000E+00  7.8557E-02
  sm-151       0.0000E+00  6.5841E+00
  sm-152       0.0000E+00  2.8432E+01
  sm-153       0.0000E+00  1.2424E-01
  eu-153       0.0000E+00  1.4121E+01
  sm-154       0.0000E+00  5.4770E+00
  eu-154       0.0000E+00  1.3324E+00
  gd-154       0.0000E+00  5.3734E-02
  eu-155       0.0000E+00  1.0063E+00
  eu-156       0.0000E+00  2.6263E-01
  gd-156       0.0000E+00  4.1272E+00
  gd-157       0.0000E+00  2.6485E-02
  gd-158       0.0000E+00  1.4837E+00
  tb-159       0.0000E+00  2.2862E-01
  gd-160       0.0000E+00  1.0077E-01
  dy-161       0.0000E+00  3.9364E-02
  dy-162       0.0000E+00  2.2783E-02
------------
  totals       1.0000E+06  1.0000E+06
=========================================================================================================================
.
.
=========================================================================================================================
=   History overview for case 'decay' (#2/2)                                                                            =
-------------------------------------------------------------------------------------------------------------------------
   step          t0          t1          dt           t        flux     fluence       power      energy
    (-)         (y)         (y)         (s)         (s)   (n/cm2-s)     (n/cm2)        (MW)       (MWd)
      1      1.5057      2.5057  3.1560E+07  7.9080E+07  0.0000E+00  5.2001E+21  0.0000E+00  7.0707E+03
          
              step - step index within this case
                t0 - time at beginning-of-step in input units
                t1 - time at end-of-step in input units
                dt - length of step in seconds
                 t - end-of-step cumulative time in seconds
              flux - flux in neutrons/cm^2-sec (CALCULATED)
           fluence - cumulative end-of-step fluence in neutrons/cm^2 (CALCULATED)
             power - power in mega-watts (INPUT)     
            energy - cumulative end-of-step energy released in mega-watt-days (INPUT)     
=========================================================================================================================
.
.
.
.
.
*************************************************************************************************************************
********************                                                                                 ********************
********************                                                                                 ********************
********************                    Library information                                          ********************
********************                                                                                 ********************
********************                                                                                 ********************
*************************************************************************************************************************
.
.
=========================================================================================================================
=   Library summary for case 'decay' (#2/2)                                                                             =
-------------------------------------------------------------------------------------------------------------------------
filename: C:/Users/Teddy/AppData/Local/Temp/scale.Teddy.1068/w17x17_100d.f33 cross-section data taken from position number: 1
library title delimited by {}: 
{}
date library was produced: 538976288/538976288/538976288
total number of nuclides in library: 2237
number of light-element nuclides: 910
number of actinide nuclides: 176
number of fission product nuclides: 1151
number of nonzero off-diagonal matrix elements: 54564
=========================================================================================================================
.
.
*************************************************************************************************************************
********************                                                                                 ********************
********************                                                                                 ********************
********************                    Concentration tables                                         ********************
********************                                                                                 ********************
********************                                                                                 ********************
*************************************************************************************************************************
.
.
=========================================================================================================================
=   Nuclide concentrations in grams for case 'decay' (#2/2)                                                             =
-------------------------------------------------------------------------------------------------------------------------
  (relative cutoff; integral of concentrations over time >   1.00E-06 % of integral of all concentrations over time)
.
                   1.506y      2.506y   
  he-4         2.4821E-01  2.5398E-01
  u-234        4.6949E-01  4.9992E-01
  u-235        2.0710E+04  2.0710E+04
  u-236        1.2952E+03  1.2953E+03
  u-237        1.3716E+00  4.3288E-06
  u-238        9.6694E+05  9.6694E+05
  u-239        1.9419E-01  0.0000E+00
  np-237       4.7742E+01  4.9123E+01
  np-238       5.0053E-02  4.4763E-09
  np-239       2.8076E+01  2.8706E-07
  pu-238       3.7527E+00  3.9473E+00
  pu-239       2.8892E+03  2.9174E+03
  pu-240       4.0809E+02  4.0805E+02
  pu-241       1.4565E+02  1.3875E+02
  pu-242       9.7165E+00  9.7170E+00
  am-241       2.6656E+00  9.5524E+00
  am-242m      2.4241E-02  2.4123E-02
  am-243       3.3266E-01  3.3348E-01
  cm-242       2.2360E-01  4.7855E-02
  cm-244       1.8395E-02  1.7715E-02
  ge-74        1.0103E-02  1.0103E-02
  as-75        2.7875E-02  2.7880E-02
  ge-76        7.6467E-02  7.6467E-02
  se-77        1.9049E-01  1.9152E-01
  se-78        5.1357E-01  5.1373E-01
  se-79        1.1219E+00  1.1220E+00
  se-80        3.0595E+00  3.0595E+00
  br-81        5.0145E+00  5.0147E+00
  se-82        7.9974E+00  7.9974E+00
  kr-82        3.0972E-02  3.1199E-02
  kr-83        1.2451E+01  1.2457E+01
  kr-84        2.5320E+01  2.5322E+01
  kr-85        6.5830E+00  6.1750E+00
  rb-85        2.5289E+01  2.5711E+01
  kr-86        4.8080E+01  4.8080E+01
  sr-86        1.8178E-02  1.9991E-02
  rb-87        6.3373E+01  6.3381E+01
  kr-88        2.4960E-02  0.0000E+00
  sr-88        8.8703E+01  8.8731E+01
  sr-89        1.4441E+01  9.6287E-02
  y-89         1.0512E+02  1.1946E+02
  sr-90        1.4378E+02  1.4036E+02
  y-90         3.7007E-02  3.5604E-02
  zr-90        2.7196E+00  6.1415E+00
  sr-91        1.4796E-01  0.0000E+00
  y-91         2.2068E+01  2.9342E-01
  zr-91        1.2993E+02  1.5186E+02
  sr-92        4.3955E-02  0.0000E+00
  y-92         5.8089E-02  0.0000E+00
  zr-92        1.6110E+02  1.6121E+02
  y-93         1.8397E-01  0.0000E+00
  zr-93        1.7440E+02  1.7459E+02
  zr-94        1.8180E+02  1.8180E+02
  zr-95        3.0635E+01  5.8749E-01
  nb-95        1.6717E+01  7.1572E-01
  mo-95        1.5450E+02  2.0060E+02
  zr-96        1.8766E+02  1.8766E+02
  mo-96        1.6107E+00  1.6112E+00
  zr-97        3.2644E-01  0.0000E+00
  nb-97        2.3534E-02  0.0000E+00
  mo-97        1.8166E+02  1.8201E+02
  mo-98        1.8186E+02  1.8186E+02
  mo-99        1.3912E+00  0.0000E+00
  tc-99        1.8823E+02  1.8973E+02
  tc-99m       1.1141E-01  0.0000E+00
  mo-100       2.0366E+02  2.0366E+02
  ru-100       4.2895E+00  4.2895E+00
  ru-101       1.7139E+02  1.7140E+02
  ru-102       1.5424E+02  1.5425E+02
  ru-103       1.4231E+01  2.2464E-02
  rh-103       1.0405E+02  1.1827E+02
  ru-104       8.9038E+01  8.9042E+01
  pd-104       1.0011E+01  1.0011E+01
  ru-105       3.7843E-02  0.0000E+00
  rh-105       2.9219E-01  0.0000E+00
  pd-105       5.8434E+01  5.8765E+01
  ru-106       2.5018E+01  1.2661E+01
  pd-106       1.4685E+01  2.7041E+01
  pd-107       2.3307E+01  2.3309E+01
  pd-108       1.3662E+01  1.3662E+01
  pd-109       2.2858E-02  0.0000E+00
  ag-109       8.5081E+00  8.5310E+00
  pd-110       4.5224E+00  4.5224E+00
  ag-110m      1.9992E-02  7.2541E-03
  cd-110       6.6832E-01  6.8106E-01
  ag-111       6.8825E-02  1.1994E-16
  cd-111       2.3401E+00  2.4091E+00
  cd-112       1.4036E+00  1.4085E+00
  cd-113       6.8316E-02  6.8862E-02
  cd-114       2.0190E+00  2.0190E+00
  in-115       6.5080E-01  6.6299E-01
  sn-115       4.0667E-02  4.0966E-02
  cd-116       9.0203E-01  9.0204E-01
  sn-116       1.7799E-01  1.7801E-01
  sn-117       8.4199E-01  8.4255E-01
  sn-118       8.1284E-01  8.1292E-01
  sn-119       8.1316E-01  8.2223E-01
  sn-119m      1.5645E-02  6.5930E-03
  sn-120       8.3240E-01  8.3240E-01
  sn-121m      6.2781E-02  6.1798E-02
  sb-121       8.2250E-01  8.2621E-01
  sn-122       1.0350E+00  1.0350E+00
  te-122       1.1049E-02  1.1215E-02
  sn-123       3.8248E-02  5.3891E-03
  sb-123       1.0262E+00  1.0591E+00
  sn-124       1.6536E+00  1.6536E+00
  sn-125       2.5328E-02  9.9294E-14
  sb-125       1.7735E+00  1.3993E+00
  te-125       3.1348E-01  7.1337E-01
  te-125m      1.9823E-02  1.9445E-02
  sn-126       3.3839E+00  3.3839E+00
  te-126       9.8924E-02  1.0038E-01
  sb-127       1.0134E-01  0.0000E+00
  te-127m      3.0327E-01  3.1438E-02
  i-127        7.8080E+00  8.1921E+00
  te-128       1.7123E+01  1.7126E+01
  xe-128       8.3150E-02  8.3159E-02
  te-129m      4.6273E-01  2.4826E-04
  i-129        2.8235E+01  2.8717E+01
  te-130       7.8965E+01  7.8968E+01
  xe-130       2.5445E-01  2.5509E-01
  te-131m      8.3198E-02  0.0000E+00
  i-131        2.7629E+00  5.7082E-14
  xe-131       1.1643E+02  1.1933E+02
  xe-131m      4.5214E-02  7.3163E-11
  te-132       1.6049E+00  0.0000E+00
  i-132        4.8670E-02  0.0000E+00
  xe-132       1.9844E+02  2.0009E+02
  i-133        6.4948E-01  0.0000E+00
  xe-133       3.9329E+00  5.1466E-21
  xe-133m      4.9054E-02  0.0000E+00
  cs-133       2.7432E+02  2.7897E+02
  te-134       2.0865E-02  0.0000E+00
  i-134        3.1363E-02  0.0000E+00
  xe-134       3.3511E+02  3.3516E+02
  cs-134       6.7712E+00  4.8408E+00
  ba-134       1.1949E+00  3.1257E+00
  i-135        1.9686E-01  0.0000E+00
  xe-135       1.3429E-01  0.0000E+00
  cs-135       1.3253E+02  1.3286E+02
  xe-136       4.3696E+02  4.3696E+02
  cs-136       8.1615E-02  3.5985E-10
  ba-136       1.4878E+00  1.5694E+00
  cs-137       2.6821E+02  2.6210E+02
  ba-137       4.7041E+00  1.0814E+01
  ba-138       2.9124E+02  2.9126E+02
  ba-139       4.1251E-02  0.0000E+00
  la-139       2.7707E+02  2.7711E+02
  ba-140       8.8832E+00  2.1197E-08
  la-140       1.1767E+00  3.2127E-09
  ce-140       2.6333E+02  2.7339E+02
  la-141       1.0851E-01  0.0000E+00
  ce-141       2.1544E+01  8.9770E-03
  pr-141       2.3753E+02  2.5919E+02
  la-142       4.1382E-02  0.0000E+00
  ce-142       2.5612E+02  2.5617E+02
  nd-142       8.8111E-01  8.8480E-01
  ce-143       9.0131E-01  0.0000E+00
  pr-143       8.8674E+00  7.7885E-08
  nd-143       2.3255E+02  2.4232E+02
  ce-144       1.3046E+02  5.3646E+01
  nd-144       1.2588E+02  2.0270E+02
  pr-145       1.1111E-01  0.0000E+00
  nd-145       1.7147E+02  1.7159E+02
  nd-146       1.4142E+02  1.4142E+02
  nd-147       2.9537E+00  2.8586E-10
  pm-147       7.3137E+01  5.8450E+01
  sm-147       1.5564E+01  3.3208E+01
  nd-148       8.0792E+01  8.0792E+01
  pm-148       1.6541E-01  5.5392E-06
  pm-148m      4.0633E-01  8.8258E-04
  sm-148       9.1734E+00  9.7442E+00
  pm-149       3.5611E-01  0.0000E+00
  sm-149       1.7185E+00  2.0852E+00
  nd-150       3.5294E+01  3.5294E+01
  sm-150       5.5125E+01  5.5125E+01
  pm-151       7.8557E-02  0.0000E+00
  sm-151       6.5841E+00  6.6121E+00
  eu-151       1.6949E-02  6.8073E-02
  sm-152       2.8432E+01  2.8433E+01
  sm-153       1.2424E-01  0.0000E+00
  eu-153       1.4121E+01  1.4245E+01
  sm-154       5.4770E+00  5.4770E+00
  eu-154       1.3324E+00  1.2292E+00
  gd-154       5.3734E-02  1.5689E-01
  eu-155       1.0063E+00  8.6990E-01
  gd-155       1.7570E-02  1.5416E-01
  eu-156       2.6263E-01  1.5289E-08
  gd-156       4.1272E+00  4.3922E+00
  gd-157       2.6485E-02  2.8795E-02
  gd-158       1.4837E+00  1.4838E+00
  tb-159       2.2862E-01  2.2936E-01
  gd-160       1.0077E-01  1.0077E-01
  dy-161       3.9364E-02  4.0724E-02
  dy-162       2.2783E-02  2.2784E-02
  dy-163       1.1196E-02  1.1197E-02
------------
  totals       1.0000E+06  1.0000E+06
=========================================================================================================================
.
.
*************************************************************************************************************************
********************                                                                                 ********************
********************                                                                                 ********************
********************                    Written F71 File Information                                 ********************
********************                                                                                 ********************
********************                                                                                 ********************
*************************************************************************************************************************
.
.
   pos         time        power         flux      fluence       energy libpos   case   step DCGNAB
   (-)          (s)         (MW)    (n/cm2-s)      (n/cm2)        (MWd)    (-)    (-)    (-)    (-)
     1  4.75200e+07  0.00000e+00  0.00000e+00  5.20008e+21  7.07071e+03      1      2      0 DC----
     2  7.90800e+07  0.00000e+00  0.00000e+00  5.20008e+21  7.07071e+03      1      2      1 DC----
    D - state definition present
    C - concentrations present
    G - gamma emission spectra present
    N - neutron emission spectra present
    A - alpha emission spectra present
    B - beta emission spectra present
.
.
.
=========================================================================================================================
ORIGEN finished successfully.
=========================================================================================================================
    module origen used 0.44884 seconds cpu time for the current pass.

    module origen is finished. completion code    0. total cpu time used 3.73226e-006 seconds.


    SCALE is finished on Wed Feb 13 18:27:26 2019.
-------------------------- Summary --------------------------
arp finished. used 2.0158 seconds.
origen finished. used 0.451354 seconds.
SCALE driver required a maximum of 8.313 MiB of RAM.
------------------------ End Summary ------------------------

w17x17_100d.f33 copied to C:\Users\Teddy\Desktop\scale_test\output\w17x17_100d.f33.
discharge.f71 copied to C:\Users\Teddy\Desktop\scale_test\output\discharge.f71.
