 *******************************************************************************
 *                                                                             *
 *                                 SCALE 6.2.2                                 *
 *                                -------------                                *
 *                                February 2019                                *
 *                                                                             *
 *           SCALE:  A Comprehensive Modeling and Simulation Suite             *
 *                   for Nuclear Safety Analysis and Design                    *
 *                                                                             *
 *                      Reactor and Nuclear Systems Division                   *
 *                        Oak Ridge National Laboratory                        *
 *                                                                             *
 *                           http://scale.ornl.gov                             *
 *                            scalehelp@ornl.gov                               *
 *                                                                             *
 *******************************************************************************
 *******************************************************************************
      
                  Job Information
                  ---------------
      Job started on DESKTOP-J14NAA6 on Wed 13/02/2019 18:28:51
      Working directory: C:\Users\Teddy\AppData\Local\Temp\scale.Teddy.704
      Input file name  : C:\Users\Teddy\Desktop\scale_test\output\2.800000_26161.616162.inp
      Output file name : C:\Users\Teddy\Desktop\scale_test\output\2.800000_26161.616162.out
      SCALE executable : C:\SCALE-6.2.2/bin/scale
      
 *******************************************************************************


    module arp will be called on Wed Feb 13 18:28:52 2019.
    sequence specification record:=arp
Input Data:

      'library type
      w17x17
      2.800000
      ' num cycles
      1
      ' num days per cycle
      550
      ' cycle average specific power (MW / MTU)
      47.566575
      ' number of interpolated cross section sets generated per cycle
      1
      ' moderator density (g/cc)
      0.723
      ' interpolated output ORIGEN library
      w17x17_100d.f33
end

1






        ************************************************************************************************************************
        ************************************************************************************************************************
        ************************************************************************************************************************
        *****                                                                                                              *****
        *****                                       program verification information                                       *****
        *****                                                                                                              *****
        *****                                   code system:  SCALE    version:  6.2                                       *****
        *****                                                                                                              *****
        ************************************************************************************************************************
        ************************************************************************************************************************
        *****                                                                                                              *****
        *****                                                                                                              *****
        *****              program:  arp.exe                                                                               *****
        *****                                                                                                              *****
        *****        creation date:   unknown                                                                              *****
        *****                                                                                                              *****
        *****              library:  C:\SCALE-6.2.2\bin                                                                    *****
        *****                                                                                                              *****
        *****                                                                                                              *****
        *****            prod code:  arp.exe                                                                               *****
        *****                                                                                                              *****
        *****              version:  6.2.2                                                                                 *****
        *****                                                                                                              *****
        *****              jobname:  Teddy                                                                                 *****
        *****                                                                                                              *****
        *****         machine name:  DESKTOP-J14NAA6                                                                       *****
        *****                                                                                                              *****
        *****    date of execution:  13_feb_2019                                                                           *****
        *****                                                                                                              *****
        *****    time of execution:  18:28:52.68                                                                           *****
        *****                                                                                                              *****
        *****                                                                                                              *****
        ************************************************************************************************************************
        ************************************************************************************************************************
        ************************************************************************************************************************


 'library type
    data library:       w17x17
       directory:       C:/SCALE-6.2.2/data/\arplibs
       definition:      C:/SCALE-6.2.2/data/\arpdata.txt
    u-235 enrichment:                        2.800

 ' num cycles
    number of cycles:                            1

 ' num days per cycle

 ' cycle average specific power (MW / MTU)

 ' number of interpolated cross section sets generated per cycle

 ' moderator density (g/cc)
    water density (g/cm3):                  0.7230
                                         cycle        cumulative      midpoint
   cycle time(d)        power(MW)      burnup(MWd/MTU)burnup(MWd/MTU)burnup(MWd/MTU)nlib
     1    550.000        47.5666        26161.6        26161.6        13080.8             1

 ' interpolated output ORIGEN library
    interpolated library name:                   w17x17_100d.f33
 interpolation type: spline
 Cross section library interpolation completed.
.
.
.
=========================================================================================================================
ARP finished successfully.
=========================================================================================================================
    module arp used 2.25315 seconds cpu time for the current pass.

    module arp is finished. completion code    0. total cpu time used 1.21299e-005 seconds.



    module origen will be called on Wed Feb 13 18:28:54 2019.
    sequence specification record:=origen
Input Data:

      case(irrad) {
          lib{
              file="w17x17_100d.f33" pos=1
          }
          mat {
              units=GRAMS
              iso=[u235=28000.000000 u238=972000.000000]
          }
          time = [ 550 ]
          power = [ 47.566575 ]
      }
      case (decay) {
          time {
              units=YEARS
              start=0
              t=[1]
          }
          save{ file="discharge.f71" steps=[0 LAST]}
      }
end

1






        ************************************************************************************************************************
        ************************************************************************************************************************
        ************************************************************************************************************************
        *****                                                                                                              *****
        *****                                       program verification information                                       *****
        *****                                                                                                              *****
        *****                                   code system:  SCALE    version:  6.2                                       *****
        *****                                                                                                              *****
        ************************************************************************************************************************
        ************************************************************************************************************************
        *****                                                                                                              *****
        *****                                                                                                              *****
        *****              program:  origen.exe                                                                            *****
        *****                                                                                                              *****
        *****        creation date:   unknown                                                                              *****
        *****                                                                                                              *****
        *****              library:  C:\SCALE-6.2.2\bin                                                                    *****
        *****                                                                                                              *****
        *****                                                                                                              *****
        *****            prod code:  origen.exe                                                                            *****
        *****                                                                                                              *****
        *****              version:  6.2.2                                                                                 *****
        *****                                                                                                              *****
        *****              jobname:  Teddy                                                                                 *****
        *****                                                                                                              *****
        *****         machine name:  DESKTOP-J14NAA6                                                                       *****
        *****                                                                                                              *****
        *****    date of execution:  13_feb_2019                                                                           *****
        *****                                                                                                              *****
        *****    time of execution:  18:28:54.89                                                                           *****
        *****                                                                                                              *****
        *****                                                                                                              *****
        ************************************************************************************************************************
        ************************************************************************************************************************
        ************************************************************************************************************************

*************************************************************************************************************************
********************                                                                                 ********************
********************                                                                                 ********************
********************                    USER INPUT SUMMARY                                           ********************
********************                                                                                 ********************
********************                                                                                 ********************
*************************************************************************************************************************
.
.
=========================================================================================================================
=   Case "irrad" (#1/2)                                                                                                 =
-------------------------------------------------------------------------------------------------------------------------
###   Library settings                                                                                                ###
.
                                Library file name:     C:/Users/Teddy/AppData/Local/Temp/scale.Teddy.704/w17x17_100d.f33
                             Library set position:              1
                 Fission product reaction removal:             no
-------------------------------------------------------------------------------------------------------------------------
###   Global settings                                                                                                 ###
.
                                           Solver:              MATREX
                                             Mode:        forward
                             Fixed fission energy:             no
-------------------------------------------------------------------------------------------------------------------------
###   Concentrations output options                                                                                   ###
.
                            High-precision output:             no
                                  Relative cutoff:            yes
                         Step for applying cutoff:       integral
.
                      light els.   actinides  fis.prods.       total
                       nuc    el   nuc    el   nuc    el   nuc    el             cutoff
gram-atoms                                                                    1.000E-06
grams                                                      **                 1.000E-06
curies                                                                        1.000E-06
watts                                                                         1.000E-06
gamma watts                                                                   1.000E-06
m3 air                                                                        1.000E-06
m3 water                                                                      1.000E-06
grams ppm                                                                     1.000E-06
atoms ppm                                                                     1.000E-06
atoms/barn-cm                                                                 1.000E-06
becquerels                                                                    1.000E-06
-------------------------------------------------------------------------------------------------------------------------
###   Additional output options                                                                                       ###
.
                                      Print k-inf:             no
           Nuclides for absorption fraction print:           none
                              Print fission rates:             no
            Step for sorting absorption fractions:              1
=========================================================================================================================
=   Case "decay" (#2/2)                                                                                                 =
-------------------------------------------------------------------------------------------------------------------------
###   Library settings                                                                                                ###
.
                                Library file name:     C:/Users/Teddy/AppData/Local/Temp/scale.Teddy.704/w17x17_100d.f33
                             Library set position:              1
                 Fission product reaction removal:             no
-------------------------------------------------------------------------------------------------------------------------
###   Global settings                                                                                                 ###
.
                                           Solver:              MATREX
                                             Mode:        forward
                             Fixed fission energy:             no
-------------------------------------------------------------------------------------------------------------------------
###   Concentrations output options                                                                                   ###
.
                            High-precision output:             no
                                  Relative cutoff:            yes
                         Step for applying cutoff:       integral
.
                      light els.   actinides  fis.prods.       total
                       nuc    el   nuc    el   nuc    el   nuc    el             cutoff
gram-atoms                                                                    1.000E-06
grams                                                      **                 1.000E-06
curies                                                                        1.000E-06
watts                                                                         1.000E-06
gamma watts                                                                   1.000E-06
m3 air                                                                        1.000E-06
m3 water                                                                      1.000E-06
grams ppm                                                                     1.000E-06
atoms ppm                                                                     1.000E-06
atoms/barn-cm                                                                 1.000E-06
becquerels                                                                    1.000E-06
-------------------------------------------------------------------------------------------------------------------------
###   Additional output options                                                                                       ###
.
                                      Print k-inf:             no
           Nuclides for absorption fraction print:           none
                              Print fission rates:             no
            Step for sorting absorption fractions:              1
=========================================================================================================================
###   Blending information                                                                                            ###
.
  --- no blending requested in this job ---
=========================================================================================================================
.
.
=========================================================================================================================
=   History overview for case 'irrad' (#1/2)                                                                            =
-------------------------------------------------------------------------------------------------------------------------
   step          t0          t1          dt           t        flux     fluence       power      energy
    (-)         (d)         (d)         (s)         (s)   (n/cm2-s)     (n/cm2)        (MW)       (MWd)
      1      0.0000    550.0000  4.7520E+07  4.7520E+07  4.5993E+14  2.1856E+22  4.7567E+01  2.6162E+04
          
              step - step index within this case
                t0 - time at beginning-of-step in input units
                t1 - time at end-of-step in input units
                dt - length of step in seconds
                 t - end-of-step cumulative time in seconds
              flux - flux in neutrons/cm^2-sec (CALCULATED)
           fluence - cumulative end-of-step fluence in neutrons/cm^2 (CALCULATED)
             power - power in mega-watts (INPUT)     
            energy - cumulative end-of-step energy released in mega-watt-days (INPUT)     
=========================================================================================================================
.
.
.
.
.
*************************************************************************************************************************
********************                                                                                 ********************
********************                                                                                 ********************
********************                    Library information                                          ********************
********************                                                                                 ********************
********************                                                                                 ********************
*************************************************************************************************************************
.
.
=========================================================================================================================
=   Library summary for case 'irrad' (#1/2)                                                                             =
-------------------------------------------------------------------------------------------------------------------------
filename: C:/Users/Teddy/AppData/Local/Temp/scale.Teddy.704/w17x17_100d.f33 cross-section data taken from position number: 1
library title delimited by {}: 
{}
date library was produced: 538976288/538976288/538976288
total number of nuclides in library: 2237
number of light-element nuclides: 910
number of actinide nuclides: 176
number of fission product nuclides: 1151
number of nonzero off-diagonal matrix elements: 54564
=========================================================================================================================
.
.
*************************************************************************************************************************
********************                                                                                 ********************
********************                                                                                 ********************
********************                    Concentration tables                                         ********************
********************                                                                                 ********************
********************                                                                                 ********************
*************************************************************************************************************************
.
.
=========================================================================================================================
=   Nuclide concentrations in grams for case 'irrad' (#1/2)                                                             =
-------------------------------------------------------------------------------------------------------------------------
  (relative cutoff; integral of concentrations over time >   1.00E-06 % of integral of all concentrations over time)
.
                   0.000d    550.000d   
  h-3          0.0000E+00  4.1355E-02
  he-4         0.0000E+00  1.0319E+00
  u-234        0.0000E+00  1.4137E+00
  u-235        2.8000E+04  8.5889E+03
  u-236        0.0000E+00  3.2631E+03
  u-237        0.0000E+00  1.0554E+01
  u-238        9.7200E+05  9.5097E+05
  u-239        0.0000E+00  7.9846E-01
  np-237       0.0000E+00  3.0148E+02
  np-238       0.0000E+00  1.2535E+00
  np-239       0.0000E+00  1.1522E+02
  pu-238       0.0000E+00  8.8102E+01
  pu-239       0.0000E+00  5.0131E+03
  pu-240       0.0000E+00  1.7955E+03
  pu-241       0.0000E+00  1.3179E+03
  pu-242       0.0000E+00  4.0821E+02
  pu-243       0.0000E+00  1.4887E-01
  am-241       0.0000E+00  2.1310E+01
  am-242m      0.0000E+00  3.6347E-01
  am-242       0.0000E+00  9.1169E-02
  am-243       0.0000E+00  6.0837E+01
  cm-242       0.0000E+00  8.3674E+00
  cm-243       0.0000E+00  1.6326E-01
  cm-244       0.0000E+00  1.5981E+01
  cm-245       0.0000E+00  6.8926E-01
  cm-246       0.0000E+00  5.4522E-02
  ge-74        0.0000E+00  4.2584E-02
  as-75        0.0000E+00  1.0404E-01
  ge-76        0.0000E+00  2.7250E-01
  se-77        0.0000E+00  6.4802E-01
  se-78        0.0000E+00  1.8512E+00
  se-79        0.0000E+00  3.9730E+00
  se-80        0.0000E+00  1.0372E+01
  br-81        0.0000E+00  1.7330E+01
  se-82        0.0000E+00  2.7220E+01
  kr-82        0.0000E+00  4.1978E-01
  kr-83        0.0000E+00  3.4914E+01
  kr-84        0.0000E+00  8.7950E+01
  kr-85        0.0000E+00  2.0930E+01
  kr-85m       0.0000E+00  3.5777E-02
  rb-85        0.0000E+00  7.9920E+01
  kr-86        0.0000E+00  1.5087E+02
  rb-86        0.0000E+00  2.3648E-02
  sr-86        0.0000E+00  2.5427E-01
  rb-87        0.0000E+00  1.9845E+02
  kr-88        0.0000E+00  5.9642E-02
  sr-88        0.0000E+00  2.7583E+02
  sr-89        0.0000E+00  3.4542E+01
  y-89         0.0000E+00  3.4078E+02
  sr-90        0.0000E+00  4.4477E+02
  y-90         0.0000E+00  1.1967E-01
  zr-90        0.0000E+00  9.5232E+00
  sr-91        0.0000E+00  3.7106E-01
  y-91         0.0000E+00  5.9107E+01
  zr-91        0.0000E+00  4.2200E+02
  sr-92        0.0000E+00  1.1532E-01
  y-92         0.0000E+00  1.5239E-01
  zr-92        0.0000E+00  5.2309E+02
  y-93         0.0000E+00  5.0942E-01
  zr-93        0.0000E+00  5.7925E+02
  zr-94        0.0000E+00  6.1998E+02
  zr-95        0.0000E+00  9.5336E+01
  nb-95        0.0000E+00  5.1887E+01
  nb-95m       0.0000E+00  5.8143E-02
  mo-95        0.0000E+00  5.2843E+02
  zr-96        0.0000E+00  6.5852E+02
  mo-96        0.0000E+00  2.3177E+01
  zr-97        0.0000E+00  1.0431E+00
  nb-97        0.0000E+00  7.5399E-02
  mo-97        0.0000E+00  6.5448E+02
  mo-98        0.0000E+00  6.7572E+02
  mo-99        0.0000E+00  4.6883E+00
  tc-99        0.0000E+00  6.5926E+02
  tc-99m       0.0000E+00  3.7649E-01
  ru-99        0.0000E+00  2.3703E-02
  mo-100       0.0000E+00  7.6610E+02
  ru-100       0.0000E+00  6.2492E+01
  ru-101       0.0000E+00  6.4301E+02
  ru-102       0.0000E+00  6.4509E+02
  ru-103       0.0000E+00  6.3199E+01
  rh-103       0.0000E+00  3.9124E+02
  rh-103m      0.0000E+00  6.2049E-02
  ru-104       0.0000E+00  4.5475E+02
  pd-104       0.0000E+00  1.5689E+02
  ru-105       0.0000E+00  2.1861E-01
  rh-105       0.0000E+00  1.5505E+00
  pd-105       0.0000E+00  3.0850E+02
  ru-106       0.0000E+00  1.7439E+02
  pd-106       0.0000E+00  1.3673E+02
  pd-107       0.0000E+00  1.8012E+02
  pd-108       0.0000E+00  1.1765E+02
  pd-109       0.0000E+00  2.0941E-01
  ag-109       0.0000E+00  6.5352E+01
  pd-110       0.0000E+00  3.8602E+01
  ag-110m      0.0000E+00  5.0196E-01
  cd-110       0.0000E+00  2.1778E+01
  ag-111       0.0000E+00  5.4721E-01
  cd-111       0.0000E+00  1.8706E+01
  pd-112       0.0000E+00  2.8653E-02
  cd-112       0.0000E+00  9.7824E+00
  cd-113       0.0000E+00  1.1216E-01
  cd-114       0.0000E+00  1.1857E+01
  cd-115       0.0000E+00  2.6900E-02
  cd-115m      0.0000E+00  3.2894E-02
  in-115       0.0000E+00  1.7761E+00
  sn-115       0.0000E+00  1.9415E-01
  cd-116       0.0000E+00  4.4777E+00
  sn-116       0.0000E+00  2.3557E+00
  sn-117       0.0000E+00  4.0772E+00
  sn-118       0.0000E+00  3.7984E+00
  sn-119       0.0000E+00  3.6918E+00
  sn-119m      0.0000E+00  7.0885E-02
  sn-120       0.0000E+00  3.7898E+00
  sn-121m      0.0000E+00  3.0227E-01
  sb-121       0.0000E+00  3.6745E+00
  sn-122       0.0000E+00  4.8325E+00
  te-122       0.0000E+00  2.0453E-01
  sn-123       0.0000E+00  2.3382E-01
  sb-123       0.0000E+00  4.5855E+00
  sn-124       0.0000E+00  7.6919E+00
  sb-124       0.0000E+00  4.3161E-02
  te-124       0.0000E+00  1.1958E-01
  sn-125       0.0000E+00  1.2464E-01
  sb-125       0.0000E+00  8.5601E+00
  te-125       0.0000E+00  1.5155E+00
  te-125m      0.0000E+00  9.6224E-02
  sn-126       0.0000E+00  1.6685E+01
  te-126       0.0000E+00  4.1523E-01
  sb-127       0.0000E+00  4.5963E-01
  te-127       0.0000E+00  4.1219E-02
  te-127m      0.0000E+00  7.5690E-01
  i-127        0.0000E+00  3.5275E+01
  te-128       0.0000E+00  7.7503E+01
  xe-128       0.0000E+00  1.6276E+00
  sb-129       0.0000E+00  6.5870E-02
  te-129m      0.0000E+00  1.9762E+00
  i-129        0.0000E+00  1.2719E+02
  te-130       0.0000E+00  3.0850E+02
  xe-130       0.0000E+00  4.2021E+00
  te-131m      0.0000E+00  3.4231E-01
  i-131        0.0000E+00  9.9917E+00
  xe-131       0.0000E+00  3.7217E+02
  xe-131m      0.0000E+00  1.7286E-01
  te-132       0.0000E+00  5.6468E+00
  i-132        0.0000E+00  1.7309E-01
  xe-132       0.0000E+00  8.6640E+02
  te-133m      0.0000E+00  4.7951E-02
  i-133        0.0000E+00  2.1982E+00
  xe-133       0.0000E+00  1.3303E+01
  xe-133m      0.0000E+00  1.7225E-01
  cs-133       0.0000E+00  9.4301E+02
  te-134       0.0000E+00  6.4078E-02
  i-134        0.0000E+00  1.0381E-01
  xe-134       0.0000E+00  1.2431E+03
  cs-134       0.0000E+00  9.4072E+01
  ba-134       0.0000E+00  1.7330E+01
  i-135        0.0000E+00  6.7427E-01
  xe-135       0.0000E+00  1.8478E-01
  cs-135       0.0000E+00  2.0627E+02
  ba-135       0.0000E+00  8.4201E-02
  xe-136       0.0000E+00  1.9834E+03
  cs-136       0.0000E+00  5.0885E-01
  ba-136       0.0000E+00  1.0165E+01
  cs-137       0.0000E+00  1.0111E+03
  ba-137       0.0000E+00  1.8372E+01
  xe-138       0.0000E+00  2.1529E-02
  cs-138       0.0000E+00  5.6038E-02
  ba-138       0.0000E+00  1.0615E+03
  ba-139       0.0000E+00  1.3370E-01
  la-139       0.0000E+00  9.9719E+02
  ba-140       0.0000E+00  2.8534E+01
  la-140       0.0000E+00  3.8506E+00
  ce-140       0.0000E+00  9.7320E+02
  ba-141       0.0000E+00  2.6808E-02
  la-141       0.0000E+00  3.4773E-01
  ce-141       0.0000E+00  6.8527E+01
  pr-141       0.0000E+00  8.7408E+02
  la-142       0.0000E+00  1.2986E-01
  ce-142       0.0000E+00  9.2188E+02
  pr-142       0.0000E+00  5.4016E-02
  nd-142       0.0000E+00  1.3331E+01
  ce-143       0.0000E+00  2.7379E+00
  pr-143       0.0000E+00  2.6781E+01
  nd-143       0.0000E+00  6.6661E+02
  ce-144       0.0000E+00  4.3526E+02
  nd-144       0.0000E+00  6.0902E+02
  pr-145       0.0000E+00  3.4391E-01
  nd-145       0.0000E+00  5.6305E+02
  nd-146       0.0000E+00  5.5080E+02
  nd-147       0.0000E+00  9.5668E+00
  pm-147       0.0000E+00  1.8190E+02
  sm-147       0.0000E+00  3.9155E+01
  nd-148       0.0000E+00  3.0772E+02
  pm-148       0.0000E+00  1.5156E+00
  pm-148m      0.0000E+00  1.4036E+00
  sm-148       0.0000E+00  8.6718E+01
  nd-149       0.0000E+00  3.7963E-02
  pm-149       0.0000E+00  1.6822E+00
  sm-149       0.0000E+00  2.1145E+00
  nd-150       0.0000E+00  1.4550E+02
  sm-150       0.0000E+00  2.4644E+02
  pm-151       0.0000E+00  3.3467E-01
  sm-151       0.0000E+00  1.0515E+01
  sm-152       0.0000E+00  9.5805E+01
  sm-153       0.0000E+00  1.1791E+00
  eu-153       0.0000E+00  9.4339E+01
  sm-154       0.0000E+00  3.0901E+01
  eu-154       0.0000E+00  1.8893E+01
  gd-154       0.0000E+00  8.1181E-01
  eu-155       0.0000E+00  6.9972E+00
  gd-155       0.0000E+00  3.4947E-02
  eu-156       0.0000E+00  5.1288E+00
  gd-156       0.0000E+00  6.0922E+01
  eu-157       0.0000E+00  2.3597E-02
  gd-157       0.0000E+00  8.6601E-02
  gd-158       0.0000E+00  1.4198E+01
  tb-159       0.0000E+00  1.9248E+00
  gd-160       0.0000E+00  8.6065E-01
  tb-160       0.0000E+00  8.0403E-02
  dy-160       0.0000E+00  1.1192E-01
  dy-161       0.0000E+00  2.8623E-01
  dy-162       0.0000E+00  2.1510E-01
  dy-163       0.0000E+00  1.5223E-01
  dy-164       0.0000E+00  3.2534E-02
  ho-165       0.0000E+00  5.3181E-02
------------
  totals       1.0000E+06  1.0002E+06
=========================================================================================================================
.
.
=========================================================================================================================
=   History overview for case 'decay' (#2/2)                                                                            =
-------------------------------------------------------------------------------------------------------------------------
   step          t0          t1          dt           t        flux     fluence       power      energy
    (-)         (y)         (y)         (s)         (s)   (n/cm2-s)     (n/cm2)        (MW)       (MWd)
      1      1.5057      2.5057  3.1560E+07  7.9080E+07  0.0000E+00  2.1856E+22  0.0000E+00  2.6162E+04
          
              step - step index within this case
                t0 - time at beginning-of-step in input units
                t1 - time at end-of-step in input units
                dt - length of step in seconds
                 t - end-of-step cumulative time in seconds
              flux - flux in neutrons/cm^2-sec (CALCULATED)
           fluence - cumulative end-of-step fluence in neutrons/cm^2 (CALCULATED)
             power - power in mega-watts (INPUT)     
            energy - cumulative end-of-step energy released in mega-watt-days (INPUT)     
=========================================================================================================================
.
.
.
.
.
*************************************************************************************************************************
********************                                                                                 ********************
********************                                                                                 ********************
********************                    Library information                                          ********************
********************                                                                                 ********************
********************                                                                                 ********************
*************************************************************************************************************************
.
.
=========================================================================================================================
=   Library summary for case 'decay' (#2/2)                                                                             =
-------------------------------------------------------------------------------------------------------------------------
filename: C:/Users/Teddy/AppData/Local/Temp/scale.Teddy.704/w17x17_100d.f33 cross-section data taken from position number: 1
library title delimited by {}: 
{}
date library was produced: 538976288/538976288/538976288
total number of nuclides in library: 2237
number of light-element nuclides: 910
number of actinide nuclides: 176
number of fission product nuclides: 1151
number of nonzero off-diagonal matrix elements: 54564
=========================================================================================================================
.
.
*************************************************************************************************************************
********************                                                                                 ********************
********************                                                                                 ********************
********************                    Concentration tables                                         ********************
********************                                                                                 ********************
********************                                                                                 ********************
*************************************************************************************************************************
.
.
=========================================================================================================================
=   Nuclide concentrations in grams for case 'decay' (#2/2)                                                             =
-------------------------------------------------------------------------------------------------------------------------
  (relative cutoff; integral of concentrations over time >   1.00E-06 % of integral of all concentrations over time)
.
                   1.506y      2.506y   
  h-3          4.1355E-02  3.9092E-02
  he-4         1.0319E+00  1.1714E+00
  u-234        1.4137E+00  2.1371E+00
  u-235        8.5889E+03  8.5891E+03
  u-236        3.2631E+03  3.2633E+03
  u-237        1.0554E+01  3.9170E-05
  u-238        9.5097E+05  9.5097E+05
  u-239        7.9846E-01  0.0000E+00
  np-237       3.0148E+02  3.1212E+02
  np-238       1.2535E+00  6.7117E-08
  np-239       1.1522E+02  5.2492E-05
  pu-238       8.8102E+01  9.5168E+01
  pu-239       5.0131E+03  5.1289E+03
  pu-240       1.7955E+03  1.7959E+03
  pu-241       1.3179E+03  1.2555E+03
  pu-242       4.0821E+02  4.0822E+02
  pu-243       1.4887E-01  1.4971E-14
  pu-244       1.5404E-02  1.5406E-02
  am-241       2.1310E+01  8.3631E+01
  am-242m      3.6347E-01  3.6169E-01
  am-242       9.1169E-02  4.6666E-06
  am-243       6.0837E+01  6.0981E+01
  cm-242       8.3674E+00  1.7858E+00
  cm-243       1.6326E-01  1.5942E-01
  cm-244       1.5981E+01  1.5390E+01
  cm-245       6.8926E-01  6.8921E-01
  cm-246       5.4522E-02  5.4514E-02
  ge-73        1.6666E-02  1.6675E-02
  ge-74        4.2584E-02  4.2585E-02
  as-75        1.0404E-01  1.0405E-01
  ge-76        2.7250E-01  2.7250E-01
  se-77        6.4802E-01  6.5107E-01
  se-78        1.8512E+00  1.8517E+00
  se-79        3.9730E+00  3.9731E+00
  se-80        1.0372E+01  1.0372E+01
  br-81        1.7330E+01  1.7330E+01
  se-82        2.7220E+01  2.7220E+01
  kr-82        4.1978E-01  4.2280E-01
  kr-83        3.4914E+01  3.4931E+01
  kr-84        8.7950E+01  8.7954E+01
  kr-85        2.0930E+01  1.9631E+01
  kr-85m       3.5777E-02  0.0000E+00
  rb-85        7.9920E+01  8.1255E+01
  kr-86        1.5087E+02  1.5087E+02
  rb-86        2.3648E-02  2.9634E-08
  sr-86        2.5427E-01  2.7792E-01
  rb-87        1.9845E+02  1.9847E+02
  kr-88        5.9642E-02  0.0000E+00
  sr-88        2.7583E+02  2.7589E+02
  sr-89        3.4542E+01  2.3031E-01
  y-89         3.4078E+02  3.7510E+02
  sr-90        4.4477E+02  4.3419E+02
  y-90         1.1967E-01  1.1014E-01
  zr-90        9.5232E+00  2.0114E+01
  sr-91        3.7106E-01  0.0000E+00
  y-91         5.9107E+01  7.8554E-01
  zr-91        4.2200E+02  4.8071E+02
  sr-92        1.1532E-01  0.0000E+00
  y-92         1.5239E-01  0.0000E+00
  zr-92        5.2309E+02  5.2335E+02
  y-93         5.0942E-01  0.0000E+00
  zr-93        5.7925E+02  5.7976E+02
  zr-94        6.1998E+02  6.1999E+02
  zr-95        9.5336E+01  1.8282E+00
  nb-95        5.1887E+01  2.2272E+00
  nb-95m       5.8143E-02  1.1799E-03
  mo-95        5.2843E+02  6.7173E+02
  zr-96        6.5852E+02  6.5852E+02
  mo-96        2.3177E+01  2.3183E+01
  zr-97        1.0431E+00  0.0000E+00
  nb-97        7.5399E-02  0.0000E+00
  mo-97        6.5448E+02  6.5560E+02
  mo-98        6.7572E+02  6.7572E+02
  mo-99        4.6883E+00  0.0000E+00
  tc-99        6.5926E+02  6.6432E+02
  tc-99m       3.7649E-01  0.0000E+00
  ru-99        2.3703E-02  2.6051E-02
  mo-100       7.6610E+02  7.6610E+02
  ru-100       6.2492E+01  6.2492E+01
  ru-101       6.4301E+02  6.4304E+02
  ru-102       6.4509E+02  6.4510E+02
  ru-103       6.3199E+01  9.9764E-02
  rh-103       3.9124E+02  4.5441E+02
  rh-103m      6.2049E-02  9.7993E-05
  ru-104       4.5475E+02  4.5477E+02
  pd-104       1.5689E+02  1.5689E+02
  ru-105       2.1861E-01  0.0000E+00
  rh-105       1.5505E+00  0.0000E+00
  pd-105       3.0850E+02  3.1027E+02
  ru-106       1.7439E+02  8.8259E+01
  pd-106       1.3673E+02  2.2286E+02
  pd-107       1.8012E+02  1.8013E+02
  pd-108       1.1765E+02  1.1765E+02
  pd-109       2.0941E-01  0.0000E+00
  ag-109       6.5352E+01  6.5562E+01
  pd-110       3.8602E+01  3.8602E+01
  ag-110m      5.0196E-01  1.8214E-01
  cd-110       2.1778E+01  2.2098E+01
  ag-111       5.4721E-01  9.5356E-16
  cd-111       1.8706E+01  1.9254E+01
  pd-112       2.8653E-02  0.0000E+00
  cd-112       9.7824E+00  9.8154E+00
  cd-113       1.1216E-01  1.1553E-01
  cd-114       1.1857E+01  1.1857E+01
  cd-115       2.6900E-02  0.0000E+00
  cd-115m      3.2894E-02  1.1209E-04
  in-115       1.7761E+00  1.8367E+00
  sn-115       1.9415E-01  1.9562E-01
  cd-116       4.4777E+00  4.4777E+00
  sn-116       2.3557E+00  2.3559E+00
  sn-117       4.0772E+00  4.0798E+00
  sn-118       3.7984E+00  3.7988E+00
  sn-119       3.6918E+00  3.7329E+00
  sn-119m      7.0885E-02  2.9872E-02
  sn-120       3.7898E+00  3.7898E+00
  sn-121m      3.0227E-01  2.9753E-01
  sb-121       3.6745E+00  3.6915E+00
  sn-122       4.8325E+00  4.8326E+00
  te-122       2.0453E-01  2.0759E-01
  sn-123       2.3382E-01  3.2945E-02
  sb-123       4.5855E+00  4.7867E+00
  sn-124       7.6919E+00  7.6919E+00
  sb-124       4.3161E-02  6.4344E-04
  te-124       1.1958E-01  1.6210E-01
  sn-125       1.2464E-01  4.8864E-13
  sb-125       8.5601E+00  6.7560E+00
  te-125       1.5155E+00  3.4467E+00
  te-125m      9.6224E-02  9.3885E-02
  sn-126       1.6685E+01  1.6685E+01
  te-126       4.1523E-01  4.2160E-01
  sb-127       4.5963E-01  0.0000E+00
  te-127       4.1219E-02  2.8697E-04
  te-127m      7.5690E-01  8.1970E-02
  i-127        3.5275E+01  3.6457E+01
  te-128       7.7503E+01  7.7518E+01
  xe-128       1.6276E+00  1.6277E+00
  sb-129       6.5870E-02  0.0000E+00
  te-129m      1.9762E+00  1.0603E-03
  i-129        1.2719E+02  1.2925E+02
  te-130       3.0850E+02  3.0851E+02
  xe-130       4.2021E+00  4.2127E+00
  te-131m      3.4231E-01  0.0000E+00
  i-131        9.9917E+00  2.0740E-13
  xe-131       3.7217E+02  3.8271E+02
  xe-131m      1.7286E-01  2.7020E-10
  te-132       5.6468E+00  0.0000E+00
  i-132        1.7309E-01  0.0000E+00
  xe-132       8.6640E+02  8.7222E+02
  te-133m      4.7951E-02  0.0000E+00
  i-133        2.1982E+00  0.0000E+00
  xe-133       1.3303E+01  1.7417E-20
  xe-133m      1.7225E-01  0.0000E+00
  cs-133       9.4301E+02  9.5874E+02
  te-134       6.4078E-02  0.0000E+00
  i-134        1.0381E-01  0.0000E+00
  xe-134       1.2431E+03  1.2433E+03
  cs-134       9.4072E+01  6.7253E+01
  ba-134       1.7330E+01  4.4155E+01
  i-135        6.7427E-01  0.0000E+00
  xe-135       1.8478E-01  0.0000E+00
  cs-135       2.0627E+02  2.0714E+02
  ba-135       8.4201E-02  8.4338E-02
  xe-136       1.9834E+03  1.9834E+03
  cs-136       5.0885E-01  2.2436E-09
  ba-136       1.0165E+01  1.0674E+01
  cs-137       1.0111E+03  9.8802E+02
  ba-137       1.8372E+01  4.1406E+01
  xe-138       2.1529E-02  0.0000E+00
  cs-138       5.6038E-02  0.0000E+00
  ba-138       1.0615E+03  1.0616E+03
  ba-139       1.3370E-01  0.0000E+00
  la-139       9.9719E+02  9.9734E+02
  ba-140       2.8534E+01  6.8088E-08
  la-140       3.8506E+00  1.0320E-08
  ce-140       9.7320E+02  1.0056E+03
  ba-141       2.6808E-02  0.0000E+00
  la-141       3.4773E-01  0.0000E+00
  ce-141       6.8527E+01  2.8555E-02
  pr-141       8.7408E+02  9.4295E+02
  la-142       1.2986E-01  0.0000E+00
  ce-142       9.2188E+02  9.2202E+02
  pr-142       5.4016E-02  0.0000E+00
  nd-142       1.3331E+01  1.3386E+01
  ce-143       2.7379E+00  0.0000E+00
  pr-143       2.6781E+01  2.3536E-07
  nd-143       6.6661E+02  6.9615E+02
  ce-144       4.3526E+02  1.7898E+02
  pr-144       1.8519E-02  7.5389E-03
  nd-144       6.0902E+02  8.6531E+02
  pr-145       3.4391E-01  0.0000E+00
  nd-145       5.6305E+02  5.6339E+02
  nd-146       5.5080E+02  5.5083E+02
  nd-147       9.5668E+00  9.2588E-10
  pm-147       1.8190E+02  1.4710E+02
  sm-147       3.9155E+01  8.3534E+01
  nd-148       3.0772E+02  3.0772E+02
  pm-148       1.5156E+00  1.9134E-05
  pm-148m      1.4036E+00  3.0487E-03
  sm-148       8.6718E+01  8.9634E+01
  nd-149       3.7963E-02  0.0000E+00
  pm-149       1.6822E+00  0.0000E+00
  sm-149       2.1145E+00  3.8355E+00
  nd-150       1.4550E+02  1.4550E+02
  sm-150       2.4644E+02  2.4644E+02
  pm-151       3.3467E-01  0.0000E+00
  sm-151       1.0515E+01  1.0768E+01
  eu-151       7.9250E-03  9.1176E-02
  sm-152       9.5805E+01  9.5807E+01
  gd-152       1.1964E-02  1.2067E-02
  sm-153       1.1791E+00  0.0000E+00
  eu-153       9.4339E+01  9.5519E+01
  sm-154       3.0901E+01  3.0901E+01
  eu-154       1.8893E+01  1.7430E+01
  gd-154       8.1181E-01  2.2745E+00
  eu-155       6.9972E+00  6.0484E+00
  gd-155       3.4947E-02  9.8467E-01
  eu-156       5.1288E+00  2.9672E-07
  gd-156       6.0922E+01  6.6066E+01
  eu-157       2.3597E-02  0.0000E+00
  gd-157       8.6601E-02  1.1034E-01
  gd-158       1.4198E+01  1.4199E+01
  tb-159       1.9248E+00  1.9320E+00
  gd-160       8.6065E-01  8.6065E-01
  tb-160       8.0403E-02  2.4231E-03
  dy-160       1.1192E-01  1.8990E-01
  dy-161       2.8623E-01  2.9995E-01
  dy-162       2.1510E-01  2.1510E-01
  dy-163       1.5223E-01  1.5224E-01
  dy-164       3.2534E-02  3.2534E-02
  ho-165       5.3181E-02  5.3221E-02
  er-166       1.4648E-02  1.4831E-02
------------
  totals       1.0002E+06  1.0002E+06
=========================================================================================================================
.
.
*************************************************************************************************************************
********************                                                                                 ********************
********************                                                                                 ********************
********************                    Written F71 File Information                                 ********************
********************                                                                                 ********************
********************                                                                                 ********************
*************************************************************************************************************************
.
.
   pos         time        power         flux      fluence       energy libpos   case   step DCGNAB
   (-)          (s)         (MW)    (n/cm2-s)      (n/cm2)        (MWd)    (-)    (-)    (-)    (-)
     1  4.75200e+07  0.00000e+00  0.00000e+00  2.18559e+22  2.61616e+04      1      2      0 DC----
     2  7.90800e+07  0.00000e+00  0.00000e+00  2.18559e+22  2.61616e+04      1      2      1 DC----
    D - state definition present
    C - concentrations present
    G - gamma emission spectra present
    N - neutron emission spectra present
    A - alpha emission spectra present
    B - beta emission spectra present
.
.
.
=========================================================================================================================
ORIGEN finished successfully.
=========================================================================================================================
    module origen used 0.615131 seconds cpu time for the current pass.

    module origen is finished. completion code    0. total cpu time used 4.66533e-006 seconds.


    SCALE is finished on Wed Feb 13 18:28:55 2019.
-------------------------- Summary --------------------------
arp finished. used 2.25949 seconds.
origen finished. used 0.620904 seconds.
SCALE driver required a maximum of 8.332 MiB of RAM.
------------------------ End Summary ------------------------

w17x17_100d.f33 copied to C:\Users\Teddy\Desktop\scale_test\output\w17x17_100d.f33.
discharge.f71 copied to C:\Users\Teddy\Desktop\scale_test\output\discharge.f71.
