 *******************************************************************************
 *                                                                             *
 *                                 SCALE 6.2.2                                 *
 *                                -------------                                *
 *                                February 2019                                *
 *                                                                             *
 *           SCALE:  A Comprehensive Modeling and Simulation Suite             *
 *                   for Nuclear Safety Analysis and Design                    *
 *                                                                             *
 *                      Reactor and Nuclear Systems Division                   *
 *                        Oak Ridge National Laboratory                        *
 *                                                                             *
 *                           http://scale.ornl.gov                             *
 *                            scalehelp@ornl.gov                               *
 *                                                                             *
 *******************************************************************************
 *******************************************************************************
      
                  Job Information
                  ---------------
      Job started on DESKTOP-J14NAA6 on Wed 13/02/2019 18:27:29
      Working directory: C:\Users\Teddy\AppData\Local\Temp\scale.Teddy.8752
      Input file name  : C:\Users\Teddy\Desktop\scale_test\output\2.800000_8484.848485.inp
      Output file name : C:\Users\Teddy\Desktop\scale_test\output\2.800000_8484.848485.out
      SCALE executable : C:\SCALE-6.2.2/bin/scale
      
 *******************************************************************************


    module arp will be called on Wed Feb 13 18:27:30 2019.
    sequence specification record:=arp
Input Data:

      'library type
      w17x17
      2.800000
      ' num cycles
      1
      ' num days per cycle
      550
      ' cycle average specific power (MW / MTU)
      15.426997
      ' number of interpolated cross section sets generated per cycle
      1
      ' moderator density (g/cc)
      0.723
      ' interpolated output ORIGEN library
      w17x17_100d.f33
end

1






        ************************************************************************************************************************
        ************************************************************************************************************************
        ************************************************************************************************************************
        *****                                                                                                              *****
        *****                                       program verification information                                       *****
        *****                                                                                                              *****
        *****                                   code system:  SCALE    version:  6.2                                       *****
        *****                                                                                                              *****
        ************************************************************************************************************************
        ************************************************************************************************************************
        *****                                                                                                              *****
        *****                                                                                                              *****
        *****              program:  arp.exe                                                                               *****
        *****                                                                                                              *****
        *****        creation date:   unknown                                                                              *****
        *****                                                                                                              *****
        *****              library:  C:\SCALE-6.2.2\bin                                                                    *****
        *****                                                                                                              *****
        *****                                                                                                              *****
        *****            prod code:  arp.exe                                                                               *****
        *****                                                                                                              *****
        *****              version:  6.2.2                                                                                 *****
        *****                                                                                                              *****
        *****              jobname:  Teddy                                                                                 *****
        *****                                                                                                              *****
        *****         machine name:  DESKTOP-J14NAA6                                                                       *****
        *****                                                                                                              *****
        *****    date of execution:  13_feb_2019                                                                           *****
        *****                                                                                                              *****
        *****    time of execution:  18:27:30.52                                                                           *****
        *****                                                                                                              *****
        *****                                                                                                              *****
        ************************************************************************************************************************
        ************************************************************************************************************************
        ************************************************************************************************************************


 'library type
    data library:       w17x17
       directory:       C:/SCALE-6.2.2/data/\arplibs
       definition:      C:/SCALE-6.2.2/data/\arpdata.txt
    u-235 enrichment:                        2.800

 ' num cycles
    number of cycles:                            1

 ' num days per cycle

 ' cycle average specific power (MW / MTU)

 ' number of interpolated cross section sets generated per cycle

 ' moderator density (g/cc)
    water density (g/cm3):                  0.7230
                                         cycle        cumulative      midpoint
   cycle time(d)        power(MW)      burnup(MWd/MTU)burnup(MWd/MTU)burnup(MWd/MTU)nlib
     1    550.000        15.4270        8484.85        8484.85        4242.42             1

 ' interpolated output ORIGEN library
    interpolated library name:                   w17x17_100d.f33
 interpolation type: spline
 Cross section library interpolation completed.
.
.
.
=========================================================================================================================
ARP finished successfully.
=========================================================================================================================
    module arp used 1.94803 seconds cpu time for the current pass.

    module arp is finished. completion code    0. total cpu time used 1.21299e-005 seconds.



    module origen will be called on Wed Feb 13 18:27:32 2019.
    sequence specification record:=origen
Input Data:

      case(irrad) {
          lib{
              file="w17x17_100d.f33" pos=1
          }
          mat {
              units=GRAMS
              iso=[u235=28000.000000 u238=972000.000000]
          }
          time = [ 550 ]
          power = [ 15.426997 ]
      }
      case (decay) {
          time {
              units=YEARS
              start=0
              t=[1]
          }
          save{ file="discharge.f71" steps=[0 LAST]}
      }
end

1






        ************************************************************************************************************************
        ************************************************************************************************************************
        ************************************************************************************************************************
        *****                                                                                                              *****
        *****                                       program verification information                                       *****
        *****                                                                                                              *****
        *****                                   code system:  SCALE    version:  6.2                                       *****
        *****                                                                                                              *****
        ************************************************************************************************************************
        ************************************************************************************************************************
        *****                                                                                                              *****
        *****                                                                                                              *****
        *****              program:  origen.exe                                                                            *****
        *****                                                                                                              *****
        *****        creation date:   unknown                                                                              *****
        *****                                                                                                              *****
        *****              library:  C:\SCALE-6.2.2\bin                                                                    *****
        *****                                                                                                              *****
        *****                                                                                                              *****
        *****            prod code:  origen.exe                                                                            *****
        *****                                                                                                              *****
        *****              version:  6.2.2                                                                                 *****
        *****                                                                                                              *****
        *****              jobname:  Teddy                                                                                 *****
        *****                                                                                                              *****
        *****         machine name:  DESKTOP-J14NAA6                                                                       *****
        *****                                                                                                              *****
        *****    date of execution:  13_feb_2019                                                                           *****
        *****                                                                                                              *****
        *****    time of execution:  18:27:32.42                                                                           *****
        *****                                                                                                              *****
        *****                                                                                                              *****
        ************************************************************************************************************************
        ************************************************************************************************************************
        ************************************************************************************************************************

*************************************************************************************************************************
********************                                                                                 ********************
********************                                                                                 ********************
********************                    USER INPUT SUMMARY                                           ********************
********************                                                                                 ********************
********************                                                                                 ********************
*************************************************************************************************************************
.
.
=========================================================================================================================
=   Case "irrad" (#1/2)                                                                                                 =
-------------------------------------------------------------------------------------------------------------------------
###   Library settings                                                                                                ###
.
                                Library file name:     C:/Users/Teddy/AppData/Local/Temp/scale.Teddy.8752/w17x17_100d.f33
                             Library set position:              1
                 Fission product reaction removal:             no
-------------------------------------------------------------------------------------------------------------------------
###   Global settings                                                                                                 ###
.
                                           Solver:              MATREX
                                             Mode:        forward
                             Fixed fission energy:             no
-------------------------------------------------------------------------------------------------------------------------
###   Concentrations output options                                                                                   ###
.
                            High-precision output:             no
                                  Relative cutoff:            yes
                         Step for applying cutoff:       integral
.
                      light els.   actinides  fis.prods.       total
                       nuc    el   nuc    el   nuc    el   nuc    el             cutoff
gram-atoms                                                                    1.000E-06
grams                                                      **                 1.000E-06
curies                                                                        1.000E-06
watts                                                                         1.000E-06
gamma watts                                                                   1.000E-06
m3 air                                                                        1.000E-06
m3 water                                                                      1.000E-06
grams ppm                                                                     1.000E-06
atoms ppm                                                                     1.000E-06
atoms/barn-cm                                                                 1.000E-06
becquerels                                                                    1.000E-06
-------------------------------------------------------------------------------------------------------------------------
###   Additional output options                                                                                       ###
.
                                      Print k-inf:             no
           Nuclides for absorption fraction print:           none
                              Print fission rates:             no
            Step for sorting absorption fractions:              1
=========================================================================================================================
=   Case "decay" (#2/2)                                                                                                 =
-------------------------------------------------------------------------------------------------------------------------
###   Library settings                                                                                                ###
.
                                Library file name:     C:/Users/Teddy/AppData/Local/Temp/scale.Teddy.8752/w17x17_100d.f33
                             Library set position:              1
                 Fission product reaction removal:             no
-------------------------------------------------------------------------------------------------------------------------
###   Global settings                                                                                                 ###
.
                                           Solver:              MATREX
                                             Mode:        forward
                             Fixed fission energy:             no
-------------------------------------------------------------------------------------------------------------------------
###   Concentrations output options                                                                                   ###
.
                            High-precision output:             no
                                  Relative cutoff:            yes
                         Step for applying cutoff:       integral
.
                      light els.   actinides  fis.prods.       total
                       nuc    el   nuc    el   nuc    el   nuc    el             cutoff
gram-atoms                                                                    1.000E-06
grams                                                      **                 1.000E-06
curies                                                                        1.000E-06
watts                                                                         1.000E-06
gamma watts                                                                   1.000E-06
m3 air                                                                        1.000E-06
m3 water                                                                      1.000E-06
grams ppm                                                                     1.000E-06
atoms ppm                                                                     1.000E-06
atoms/barn-cm                                                                 1.000E-06
becquerels                                                                    1.000E-06
-------------------------------------------------------------------------------------------------------------------------
###   Additional output options                                                                                       ###
.
                                      Print k-inf:             no
           Nuclides for absorption fraction print:           none
                              Print fission rates:             no
            Step for sorting absorption fractions:              1
=========================================================================================================================
###   Blending information                                                                                            ###
.
  --- no blending requested in this job ---
=========================================================================================================================
.
.
=========================================================================================================================
=   History overview for case 'irrad' (#1/2)                                                                            =
-------------------------------------------------------------------------------------------------------------------------
   step          t0          t1          dt           t        flux     fluence       power      energy
    (-)         (d)         (d)         (s)         (s)   (n/cm2-s)     (n/cm2)        (MW)       (MWd)
      1      0.0000    550.0000  4.7520E+07  4.7520E+07  1.3279E+14  6.3104E+21  1.5427E+01  8.4848E+03
          
              step - step index within this case
                t0 - time at beginning-of-step in input units
                t1 - time at end-of-step in input units
                dt - length of step in seconds
                 t - end-of-step cumulative time in seconds
              flux - flux in neutrons/cm^2-sec (CALCULATED)
           fluence - cumulative end-of-step fluence in neutrons/cm^2 (CALCULATED)
             power - power in mega-watts (INPUT)     
            energy - cumulative end-of-step energy released in mega-watt-days (INPUT)     
=========================================================================================================================
.
.
.
.
.
*************************************************************************************************************************
********************                                                                                 ********************
********************                                                                                 ********************
********************                    Library information                                          ********************
********************                                                                                 ********************
********************                                                                                 ********************
*************************************************************************************************************************
.
.
=========================================================================================================================
=   Library summary for case 'irrad' (#1/2)                                                                             =
-------------------------------------------------------------------------------------------------------------------------
filename: C:/Users/Teddy/AppData/Local/Temp/scale.Teddy.8752/w17x17_100d.f33 cross-section data taken from position number: 1
library title delimited by {}: 
{}
date library was produced: 538976288/538976288/538976288
total number of nuclides in library: 2237
number of light-element nuclides: 910
number of actinide nuclides: 176
number of fission product nuclides: 1151
number of nonzero off-diagonal matrix elements: 54564
=========================================================================================================================
.
.
*************************************************************************************************************************
********************                                                                                 ********************
********************                                                                                 ********************
********************                    Concentration tables                                         ********************
********************                                                                                 ********************
********************                                                                                 ********************
*************************************************************************************************************************
.
.
=========================================================================================================================
=   Nuclide concentrations in grams for case 'irrad' (#1/2)                                                             =
-------------------------------------------------------------------------------------------------------------------------
  (relative cutoff; integral of concentrations over time >   1.00E-06 % of integral of all concentrations over time)
.
                   0.000d    550.000d   
  he-4         0.0000E+00  3.0044E-01
  u-234        0.0000E+00  5.5509E-01
  u-235        2.8000E+04  1.9484E+04
  u-236        0.0000E+00  1.5089E+03
  u-237        0.0000E+00  1.8385E+00
  u-238        9.7200E+05  9.6587E+05
  u-239        0.0000E+00  2.3516E-01
  np-237       0.0000E+00  6.2226E+01
  np-238       0.0000E+00  7.8699E-02
  np-239       0.0000E+00  3.3995E+01
  pu-238       0.0000E+00  5.8393E+00
  pu-239       0.0000E+00  3.2353E+03
  pu-240       0.0000E+00  5.2564E+02
  pu-241       0.0000E+00  2.1683E+02
  pu-242       0.0000E+00  1.7677E+01
  am-241       0.0000E+00  3.9540E+00
  am-242m      0.0000E+00  3.9805E-02
  am-243       0.0000E+00  7.3923E-01
  cm-242       0.0000E+00  4.0433E-01
  cm-244       0.0000E+00  5.0156E-02
  as-75        0.0000E+00  3.3604E-02
  ge-76        0.0000E+00  9.1652E-02
  se-77        0.0000E+00  2.2757E-01
  se-78        0.0000E+00  6.1561E-01
  se-79        0.0000E+00  1.3444E+00
  se-80        0.0000E+00  3.6487E+00
  br-81        0.0000E+00  5.9958E+00
  se-82        0.0000E+00  9.5363E+00
  kr-82        0.0000E+00  4.4316E-02
  kr-83        0.0000E+00  1.4640E+01
  kr-84        0.0000E+00  3.0200E+01
  kr-85        0.0000E+00  7.8002E+00
  rb-85        0.0000E+00  2.9946E+01
  kr-86        0.0000E+00  5.6894E+01
  sr-86        0.0000E+00  2.6181E-02
  rb-87        0.0000E+00  7.4981E+01
  kr-88        0.0000E+00  2.8935E-02
  sr-88        0.0000E+00  1.0489E+02
  sr-89        0.0000E+00  1.6745E+01
  y-89         0.0000E+00  1.2470E+02
  sr-90        0.0000E+00  1.6994E+02
  y-90         0.0000E+00  4.3874E-02
  zr-90        0.0000E+00  3.2437E+00
  sr-91        0.0000E+00  1.7218E-01
  y-91         0.0000E+00  2.5821E+01
  zr-91        0.0000E+00  1.5419E+02
  sr-92        0.0000E+00  5.1339E-02
  y-92         0.0000E+00  6.7850E-02
  zr-92        0.0000E+00  1.9121E+02
  y-93         0.0000E+00  2.1588E-01
  zr-93        0.0000E+00  2.0745E+02
  zr-94        0.0000E+00  2.1671E+02
  zr-95        0.0000E+00  3.6316E+01
  nb-95        0.0000E+00  1.9814E+01
  nb-95m       0.0000E+00  2.2135E-02
  mo-95        0.0000E+00  1.8432E+02
  zr-96        0.0000E+00  2.2428E+02
  mo-96        0.0000E+00  2.3272E+00
  zr-97        0.0000E+00  3.8802E-01
  nb-97        0.0000E+00  2.7983E-02
  mo-97        0.0000E+00  2.1770E+02
  mo-98        0.0000E+00  2.1855E+02
  mo-99        0.0000E+00  1.6619E+00
  tc-99        0.0000E+00  2.2531E+02
  tc-99m       0.0000E+00  1.3311E-01
  mo-100       0.0000E+00  2.4506E+02
  ru-100       0.0000E+00  6.2110E+00
  ru-101       0.0000E+00  2.0631E+02
  ru-102       0.0000E+00  1.8737E+02
  ru-103       0.0000E+00  1.7559E+01
  rh-103       0.0000E+00  1.2617E+02
  ru-104       0.0000E+00  1.1082E+02
  pd-104       0.0000E+00  1.4651E+01
  ru-105       0.0000E+00  4.8482E-02
  rh-105       0.0000E+00  3.7205E-01
  pd-105       0.0000E+00  7.3665E+01
  ru-106       0.0000E+00  3.2624E+01
  pd-106       0.0000E+00  1.9536E+01
  pd-107       0.0000E+00  3.0929E+01
  pd-108       0.0000E+00  1.8433E+01
  pd-109       0.0000E+00  3.1196E-02
  ag-109       0.0000E+00  1.1421E+01
  pd-110       0.0000E+00  6.0617E+00
  ag-110m      0.0000E+00  3.1873E-02
  cd-110       0.0000E+00  1.0835E+00
  ag-111       0.0000E+00  9.1878E-02
  cd-111       0.0000E+00  3.0937E+00
  cd-112       0.0000E+00  1.8134E+00
  cd-113       0.0000E+00  7.3196E-02
  cd-114       0.0000E+00  2.5603E+00
  in-115       0.0000E+00  7.7057E-01
  sn-115       0.0000E+00  5.0295E-02
  cd-116       0.0000E+00  1.1217E+00
  sn-116       0.0000E+00  2.5774E-01
  sn-117       0.0000E+00  1.0439E+00
  sn-118       0.0000E+00  1.0016E+00
  sn-119       0.0000E+00  9.9888E-01
  sn-120       0.0000E+00  1.0222E+00
  sn-121m      0.0000E+00  7.7911E-02
  sb-121       0.0000E+00  1.0108E+00
  sn-122       0.0000E+00  1.2764E+00
  sn-123       0.0000E+00  4.9722E-02
  sb-123       0.0000E+00  1.2596E+00
  sn-124       0.0000E+00  2.0412E+00
  sn-125       0.0000E+00  3.1919E-02
  sb-125       0.0000E+00  2.2008E+00
  te-125       0.0000E+00  3.8727E-01
  te-125m      0.0000E+00  2.4576E-02
  sn-126       0.0000E+00  4.2104E+00
  te-126       0.0000E+00  1.2041E-01
  sb-127       0.0000E+00  1.2618E-01
  te-127m      0.0000E+00  3.5695E-01
  i-127        0.0000E+00  9.6311E+00
  te-128       0.0000E+00  2.1040E+01
  xe-128       0.0000E+00  1.2420E-01
  te-129m      0.0000E+00  5.7015E-01
  i-129        0.0000E+00  3.4734E+01
  te-130       0.0000E+00  9.5427E+01
  xe-130       0.0000E+00  3.7067E-01
  te-131m      0.0000E+00  1.0241E-01
  i-131        0.0000E+00  3.3299E+00
  xe-131       0.0000E+00  1.3878E+02
  xe-131m      0.0000E+00  5.4728E-02
  te-132       0.0000E+00  1.9274E+00
  i-132        0.0000E+00  5.8530E-02
  xe-132       0.0000E+00  2.4189E+02
  i-133        0.0000E+00  7.7635E-01
  xe-133       0.0000E+00  4.7012E+00
  xe-133m      0.0000E+00  5.8909E-02
  cs-133       0.0000E+00  3.2805E+02
  te-134       0.0000E+00  2.4654E-02
  i-134        0.0000E+00  3.7381E-02
  xe-134       0.0000E+00  4.0251E+02
  cs-134       0.0000E+00  9.7855E+00
  ba-134       0.0000E+00  1.7308E+00
  i-135        0.0000E+00  2.3545E-01
  xe-135       0.0000E+00  1.4545E-01
  cs-135       0.0000E+00  1.4420E+02
  xe-136       0.0000E+00  5.4229E+02
  cs-136       0.0000E+00  1.0732E-01
  ba-136       0.0000E+00  1.9664E+00
  cs-137       0.0000E+00  3.2273E+02
  ba-137       0.0000E+00  5.6723E+00
  cs-138       0.0000E+00  2.0523E-02
  ba-138       0.0000E+00  3.4921E+02
  ba-139       0.0000E+00  4.9053E-02
  la-139       0.0000E+00  3.3187E+02
  ba-140       0.0000E+00  1.0556E+01
  la-140       0.0000E+00  1.3999E+00
  ce-140       0.0000E+00  3.1605E+02
  la-141       0.0000E+00  1.2901E-01
  ce-141       0.0000E+00  2.5600E+01
  pr-141       0.0000E+00  2.8519E+02
  la-142       0.0000E+00  4.9092E-02
  ce-142       0.0000E+00  3.0674E+02
  nd-142       0.0000E+00  1.2771E+00
  ce-143       0.0000E+00  1.0654E+00
  pr-143       0.0000E+00  1.0478E+01
  nd-143       0.0000E+00  2.7404E+02
  ce-144       0.0000E+00  1.5525E+02
  nd-144       0.0000E+00  1.5462E+02
  pr-145       0.0000E+00  1.3153E-01
  nd-145       0.0000E+00  2.0398E+02
  nd-146       0.0000E+00  1.7029E+02
  nd-147       0.0000E+00  3.5123E+00
  pm-147       0.0000E+00  8.5290E+01
  sm-147       0.0000E+00  1.8177E+01
  nd-148       0.0000E+00  9.7221E+01
  pm-148       0.0000E+00  2.3114E-01
  pm-148m      0.0000E+00  5.0621E-01
  sm-148       0.0000E+00  1.2685E+01
  pm-149       0.0000E+00  4.3948E-01
  sm-149       0.0000E+00  1.7676E+00
  nd-150       0.0000E+00  4.2837E+01
  sm-150       0.0000E+00  6.7590E+01
  pm-151       0.0000E+00  9.6132E-02
  sm-151       0.0000E+00  6.9623E+00
  sm-152       0.0000E+00  3.4615E+01
  sm-153       0.0000E+00  1.6965E-01
  eu-153       0.0000E+00  1.8370E+01
  sm-154       0.0000E+00  6.8592E+00
  eu-154       0.0000E+00  1.9526E+00
  gd-154       0.0000E+00  7.8470E-02
  eu-155       0.0000E+00  1.2232E+00
  eu-156       0.0000E+00  3.6885E-01
  gd-156       0.0000E+00  5.5973E+00
  gd-157       0.0000E+00  2.9788E-02
  gd-158       0.0000E+00  1.9656E+00
  tb-159       0.0000E+00  3.0434E-01
  gd-160       0.0000E+00  1.3502E-01
  dy-161       0.0000E+00  5.2011E-02
  dy-162       0.0000E+00  3.1206E-02
------------
  totals       1.0000E+06  1.0000E+06
=========================================================================================================================
.
.
=========================================================================================================================
=   History overview for case 'decay' (#2/2)                                                                            =
-------------------------------------------------------------------------------------------------------------------------
   step          t0          t1          dt           t        flux     fluence       power      energy
    (-)         (y)         (y)         (s)         (s)   (n/cm2-s)     (n/cm2)        (MW)       (MWd)
      1      1.5057      2.5057  3.1560E+07  7.9080E+07  0.0000E+00  6.3104E+21  0.0000E+00  8.4848E+03
          
              step - step index within this case
                t0 - time at beginning-of-step in input units
                t1 - time at end-of-step in input units
                dt - length of step in seconds
                 t - end-of-step cumulative time in seconds
              flux - flux in neutrons/cm^2-sec (CALCULATED)
           fluence - cumulative end-of-step fluence in neutrons/cm^2 (CALCULATED)
             power - power in mega-watts (INPUT)     
            energy - cumulative end-of-step energy released in mega-watt-days (INPUT)     
=========================================================================================================================
.
.
.
.
.
*************************************************************************************************************************
********************                                                                                 ********************
********************                                                                                 ********************
********************                    Library information                                          ********************
********************                                                                                 ********************
********************                                                                                 ********************
*************************************************************************************************************************
.
.
=========================================================================================================================
=   Library summary for case 'decay' (#2/2)                                                                             =
-------------------------------------------------------------------------------------------------------------------------
filename: C:/Users/Teddy/AppData/Local/Temp/scale.Teddy.8752/w17x17_100d.f33 cross-section data taken from position number: 1
library title delimited by {}: 
{}
date library was produced: 538976288/538976288/538976288
total number of nuclides in library: 2237
number of light-element nuclides: 910
number of actinide nuclides: 176
number of fission product nuclides: 1151
number of nonzero off-diagonal matrix elements: 54564
=========================================================================================================================
.
.
*************************************************************************************************************************
********************                                                                                 ********************
********************                                                                                 ********************
********************                    Concentration tables                                         ********************
********************                                                                                 ********************
********************                                                                                 ********************
*************************************************************************************************************************
.
.
=========================================================================================================================
=   Nuclide concentrations in grams for case 'decay' (#2/2)                                                             =
-------------------------------------------------------------------------------------------------------------------------
  (relative cutoff; integral of concentrations over time >   1.00E-06 % of integral of all concentrations over time)
.
                   1.506y      2.506y   
  h-3          1.2210E-02  1.1542E-02
  he-4         3.0044E-01  3.0936E-01
  u-234        5.5509E-01  6.0257E-01
  u-235        1.9484E+04  1.9484E+04
  u-236        1.5089E+03  1.5089E+03
  u-237        1.8385E+00  6.4444E-06
  u-238        9.6587E+05  9.6587E+05
  u-239        2.3516E-01  0.0000E+00
  np-237       6.2226E+01  6.4079E+01
  np-238       7.8699E-02  7.3503E-09
  np-239       3.3995E+01  6.3788E-07
  pu-238       5.8393E+00  6.1869E+00
  pu-239       3.2353E+03  3.2694E+03
  pu-240       5.2564E+02  5.2559E+02
  pu-241       2.1683E+02  2.0656E+02
  pu-242       1.7677E+01  1.7678E+01
  am-241       3.9540E+00  1.4207E+01
  am-242m      3.9805E-02  3.9610E-02
  am-243       7.3923E-01  7.4103E-01
  cm-242       4.0433E-01  8.6511E-02
  cm-244       5.0156E-02  4.8303E-02
  ge-74        1.2329E-02  1.2330E-02
  as-75        3.3604E-02  3.3609E-02
  ge-76        9.1652E-02  9.1652E-02
  se-77        2.2757E-01  2.2880E-01
  se-78        6.1561E-01  6.1580E-01
  se-79        1.3444E+00  1.3445E+00
  se-80        3.6487E+00  3.6487E+00
  br-81        5.9958E+00  5.9960E+00
  se-82        9.5363E+00  9.5363E+00
  kr-82        4.4316E-02  4.4640E-02
  kr-83        1.4640E+01  1.4648E+01
  kr-84        3.0200E+01  3.0202E+01
  kr-85        7.8002E+00  7.3167E+00
  rb-85        2.9946E+01  3.0447E+01
  kr-86        5.6894E+01  5.6894E+01
  sr-86        2.6181E-02  2.8779E-02
  rb-87        7.4981E+01  7.4990E+01
  kr-88        2.8935E-02  0.0000E+00
  sr-88        1.0489E+02  1.0492E+02
  sr-89        1.6745E+01  1.1164E-01
  y-89         1.2470E+02  1.4134E+02
  sr-90        1.6994E+02  1.6590E+02
  y-90         4.3874E-02  4.2082E-02
  zr-90        3.2437E+00  7.2884E+00
  sr-91        1.7218E-01  0.0000E+00
  y-91         2.5821E+01  3.4332E-01
  zr-91        1.5419E+02  1.7985E+02
  sr-92        5.1339E-02  0.0000E+00
  y-92         6.7850E-02  0.0000E+00
  zr-92        1.9121E+02  1.9133E+02
  y-93         2.1588E-01  0.0000E+00
  zr-93        2.0745E+02  2.0767E+02
  zr-94        2.1671E+02  2.1672E+02
  zr-95        3.6316E+01  6.9642E-01
  nb-95        1.9814E+01  8.4843E-01
  nb-95m       2.2135E-02  4.4945E-04
  mo-95        1.8432E+02  2.3896E+02
  zr-96        2.2428E+02  2.2428E+02
  mo-96        2.3272E+00  2.3279E+00
  zr-97        3.8802E-01  0.0000E+00
  nb-97        2.7983E-02  0.0000E+00
  mo-97        2.1770E+02  2.1812E+02
  mo-98        2.1855E+02  2.1855E+02
  mo-99        1.6619E+00  0.0000E+00
  tc-99        2.2531E+02  2.2710E+02
  tc-99m       1.3311E-01  0.0000E+00
  mo-100       2.4506E+02  2.4506E+02
  ru-100       6.2110E+00  6.2110E+00
  ru-101       2.0631E+02  2.0632E+02
  ru-102       1.8737E+02  1.8737E+02
  ru-103       1.7559E+01  2.7719E-02
  rh-103       1.2617E+02  1.4372E+02
  ru-104       1.1082E+02  1.1083E+02
  pd-104       1.4651E+01  1.4652E+01
  ru-105       4.8482E-02  0.0000E+00
  rh-105       3.7205E-01  0.0000E+00
  pd-105       7.3665E+01  7.4087E+01
  ru-106       3.2624E+01  1.6511E+01
  pd-106       1.9536E+01  3.5649E+01
  pd-107       3.0929E+01  3.0931E+01
  pd-108       1.8433E+01  1.8433E+01
  pd-109       3.1196E-02  0.0000E+00
  ag-109       1.1421E+01  1.1452E+01
  pd-110       6.0617E+00  6.0617E+00
  ag-110m      3.1873E-02  1.1565E-02
  cd-110       1.0835E+00  1.1038E+00
  ag-111       9.1878E-02  1.6011E-16
  cd-111       3.0937E+00  3.1858E+00
  cd-112       1.8134E+00  1.8198E+00
  cd-113       7.3196E-02  7.3897E-02
  cd-114       2.5603E+00  2.5603E+00
  in-115       7.7057E-01  7.8580E-01
  sn-115       5.0295E-02  5.0668E-02
  cd-116       1.1217E+00  1.1217E+00
  sn-116       2.5774E-01  2.5777E-01
  sn-117       1.0439E+00  1.0446E+00
  sn-118       1.0016E+00  1.0017E+00
  sn-119       9.9888E-01  1.0101E+00
  sn-119m      1.9258E-02  8.1159E-03
  sn-120       1.0222E+00  1.0222E+00
  sn-121m      7.7911E-02  7.6690E-02
  sb-121       1.0108E+00  1.0154E+00
  sn-122       1.2764E+00  1.2764E+00
  te-122       1.6402E-02  1.6648E-02
  sn-123       4.9722E-02  7.0058E-03
  sb-123       1.2596E+00  1.3025E+00
  sn-124       2.0412E+00  2.0412E+00
  te-124       1.0031E-02  1.3562E-02
  sn-125       3.1919E-02  1.2513E-13
  sb-125       2.2008E+00  1.7368E+00
  te-125       3.8727E-01  8.8359E-01
  te-125m      2.4576E-02  2.4134E-02
  sn-126       4.2104E+00  4.2104E+00
  te-126       1.2041E-01  1.2220E-01
  sb-127       1.2618E-01  0.0000E+00
  te-127m      3.5695E-01  3.7120E-02
  i-127        9.6311E+00  1.0091E+01
  te-128       2.1040E+01  2.1044E+01
  xe-128       1.2420E-01  1.2421E-01
  te-129m      5.7015E-01  3.0590E-04
  i-129        3.4734E+01  3.5328E+01
  te-130       9.5427E+01  9.5431E+01
  xe-130       3.7067E-01  3.7160E-01
  te-131m      1.0241E-01  0.0000E+00
  i-131        3.3299E+00  6.8846E-14
  xe-131       1.3878E+02  1.4228E+02
  xe-131m      5.4728E-02  8.8339E-11
  te-132       1.9274E+00  0.0000E+00
  i-132        5.8530E-02  0.0000E+00
  xe-132       2.4189E+02  2.4388E+02
  i-133        7.7635E-01  0.0000E+00
  xe-133       4.7012E+00  6.1523E-21
  xe-133m      5.8909E-02  0.0000E+00
  cs-133       3.2805E+02  3.3361E+02
  te-134       2.4654E-02  0.0000E+00
  i-134        3.7381E-02  0.0000E+00
  xe-134       4.0251E+02  4.0258E+02
  cs-134       9.7855E+00  6.9958E+00
  ba-134       1.7308E+00  4.5212E+00
  i-135        2.3545E-01  0.0000E+00
  xe-135       1.4545E-01  0.0000E+00
  cs-135       1.4420E+02  1.4459E+02
  xe-136       5.4229E+02  5.4229E+02
  cs-136       1.0732E-01  4.7319E-10
  ba-136       1.9664E+00  2.0738E+00
  cs-137       3.2273E+02  3.1538E+02
  ba-137       5.6723E+00  1.3025E+01
  cs-138       2.0523E-02  0.0000E+00
  ba-138       3.4921E+02  3.4924E+02
  ba-139       4.9053E-02  0.0000E+00
  la-139       3.3187E+02  3.3193E+02
  ba-140       1.0556E+01  2.5188E-08
  la-140       1.3999E+00  3.8176E-09
  ce-140       3.1605E+02  3.2800E+02
  la-141       1.2901E-01  0.0000E+00
  ce-141       2.5600E+01  1.0667E-02
  pr-141       2.8519E+02  3.1092E+02
  la-142       4.9092E-02  0.0000E+00
  ce-142       3.0674E+02  3.0679E+02
  nd-142       1.2771E+00  1.2825E+00
  ce-143       1.0654E+00  0.0000E+00
  pr-143       1.0478E+01  9.2032E-08
  nd-143       2.7404E+02  2.8559E+02
  ce-144       1.5525E+02  6.3838E+01
  nd-144       1.5462E+02  2.4603E+02
  pr-145       1.3153E-01  0.0000E+00
  nd-145       2.0398E+02  2.0411E+02
  nd-146       1.7029E+02  1.7030E+02
  nd-147       3.5123E+00  3.3992E-10
  pm-147       8.5290E+01  6.8215E+01
  sm-147       1.8177E+01  3.8767E+01
  nd-148       9.7221E+01  9.7222E+01
  pm-148       2.3114E-01  6.9007E-06
  pm-148m      5.0621E-01  1.0995E-03
  sm-148       1.2685E+01  1.3421E+01
  pm-149       4.3948E-01  0.0000E+00
  sm-149       1.7676E+00  2.2198E+00
  nd-150       4.2837E+01  4.2837E+01
  sm-150       6.7590E+01  6.7590E+01
  pm-151       9.6132E-02  0.0000E+00
  sm-151       6.9623E+00  7.0050E+00
  eu-151       1.5487E-02  6.9647E-02
  sm-152       3.4615E+01  3.4616E+01
  sm-153       1.6965E-01  0.0000E+00
  eu-153       1.8370E+01  1.8540E+01
  sm-154       6.8592E+00  6.8593E+00
  eu-154       1.9526E+00  1.8014E+00
  gd-154       7.8470E-02  2.2964E-01
  eu-155       1.2232E+00  1.0573E+00
  gd-155       1.7898E-02  1.8392E-01
  eu-156       3.6885E-01  2.1457E-08
  gd-156       5.5973E+00  5.9693E+00
  gd-157       2.9788E-02  3.2875E-02
  gd-158       1.9656E+00  1.9657E+00
  tb-159       3.0434E-01  3.0536E-01
  gd-160       1.3502E-01  1.3502E-01
  dy-161       5.2011E-02  5.3859E-02
  dy-162       3.1206E-02  3.1208E-02
  dy-163       1.5750E-02  1.5751E-02
------------
  totals       1.0000E+06  1.0000E+06
=========================================================================================================================
.
.
*************************************************************************************************************************
********************                                                                                 ********************
********************                                                                                 ********************
********************                    Written F71 File Information                                 ********************
********************                                                                                 ********************
********************                                                                                 ********************
*************************************************************************************************************************
.
.
   pos         time        power         flux      fluence       energy libpos   case   step DCGNAB
   (-)          (s)         (MW)    (n/cm2-s)      (n/cm2)        (MWd)    (-)    (-)    (-)    (-)
     1  4.75200e+07  0.00000e+00  0.00000e+00  6.31036e+21  8.48485e+03      1      2      0 DC----
     2  7.90800e+07  0.00000e+00  0.00000e+00  6.31036e+21  8.48485e+03      1      2      1 DC----
    D - state definition present
    C - concentrations present
    G - gamma emission spectra present
    N - neutron emission spectra present
    A - alpha emission spectra present
    B - beta emission spectra present
.
.
.
=========================================================================================================================
ORIGEN finished successfully.
=========================================================================================================================
    module origen used 0.407296 seconds cpu time for the current pass.

    module origen is finished. completion code    0. total cpu time used 3.26573e-006 seconds.


    SCALE is finished on Wed Feb 13 18:27:32 2019.
-------------------------- Summary --------------------------
arp finished. used 1.95355 seconds.
origen finished. used 0.412929 seconds.
SCALE driver required a maximum of 8.301 MiB of RAM.
------------------------ End Summary ------------------------

w17x17_100d.f33 copied to C:\Users\Teddy\Desktop\scale_test\output\w17x17_100d.f33.
discharge.f71 copied to C:\Users\Teddy\Desktop\scale_test\output\discharge.f71.
