 *******************************************************************************
 *                                                                             *
 *                                 SCALE 6.2.2                                 *
 *                                -------------                                *
 *                                February 2019                                *
 *                                                                             *
 *           SCALE:  A Comprehensive Modeling and Simulation Suite             *
 *                   for Nuclear Safety Analysis and Design                    *
 *                                                                             *
 *                      Reactor and Nuclear Systems Division                   *
 *                        Oak Ridge National Laboratory                        *
 *                                                                             *
 *                           http://scale.ornl.gov                             *
 *                            scalehelp@ornl.gov                               *
 *                                                                             *
 *******************************************************************************
 *******************************************************************************
      
                  Job Information
                  ---------------
      Job started on DESKTOP-J14NAA6 on Wed 13/02/2019 18:29:03
      Working directory: C:\Users\Teddy\AppData\Local\Temp\scale.Teddy.12636
      Input file name  : C:\Users\Teddy\Desktop\scale_test\output\2.800000_28282.828283.inp
      Output file name : C:\Users\Teddy\Desktop\scale_test\output\2.800000_28282.828283.out
      SCALE executable : C:\SCALE-6.2.2/bin/scale
      
 *******************************************************************************


    module arp will be called on Wed Feb 13 18:29:03 2019.
    sequence specification record:=arp
Input Data:

      'library type
      w17x17
      2.800000
      ' num cycles
      1
      ' num days per cycle
      550
      ' cycle average specific power (MW / MTU)
      51.423324
      ' number of interpolated cross section sets generated per cycle
      1
      ' moderator density (g/cc)
      0.723
      ' interpolated output ORIGEN library
      w17x17_100d.f33
end

1






        ************************************************************************************************************************
        ************************************************************************************************************************
        ************************************************************************************************************************
        *****                                                                                                              *****
        *****                                       program verification information                                       *****
        *****                                                                                                              *****
        *****                                   code system:  SCALE    version:  6.2                                       *****
        *****                                                                                                              *****
        ************************************************************************************************************************
        ************************************************************************************************************************
        *****                                                                                                              *****
        *****                                                                                                              *****
        *****              program:  arp.exe                                                                               *****
        *****                                                                                                              *****
        *****        creation date:   unknown                                                                              *****
        *****                                                                                                              *****
        *****              library:  C:\SCALE-6.2.2\bin                                                                    *****
        *****                                                                                                              *****
        *****                                                                                                              *****
        *****            prod code:  arp.exe                                                                               *****
        *****                                                                                                              *****
        *****              version:  6.2.2                                                                                 *****
        *****                                                                                                              *****
        *****              jobname:  Teddy                                                                                 *****
        *****                                                                                                              *****
        *****         machine name:  DESKTOP-J14NAA6                                                                       *****
        *****                                                                                                              *****
        *****    date of execution:  13_feb_2019                                                                           *****
        *****                                                                                                              *****
        *****    time of execution:  18:29:03.83                                                                           *****
        *****                                                                                                              *****
        *****                                                                                                              *****
        ************************************************************************************************************************
        ************************************************************************************************************************
        ************************************************************************************************************************


 'library type
    data library:       w17x17
       directory:       C:/SCALE-6.2.2/data/\arplibs
       definition:      C:/SCALE-6.2.2/data/\arpdata.txt
    u-235 enrichment:                        2.800

 ' num cycles
    number of cycles:                            1

 ' num days per cycle

 ' cycle average specific power (MW / MTU)

 ' number of interpolated cross section sets generated per cycle

 ' moderator density (g/cc)
    water density (g/cm3):                  0.7230
                                         cycle        cumulative      midpoint
   cycle time(d)        power(MW)      burnup(MWd/MTU)burnup(MWd/MTU)burnup(MWd/MTU)nlib
     1    550.000        51.4233        28282.8        28282.8        14141.4             1

 ' interpolated output ORIGEN library
    interpolated library name:                   w17x17_100d.f33
 interpolation type: spline
 Cross section library interpolation completed.
.
.
.
=========================================================================================================================
ARP finished successfully.
=========================================================================================================================
    module arp used 2.87576 seconds cpu time for the current pass.

    module arp is finished. completion code    0. total cpu time used 1.16633e-005 seconds.



    module origen will be called on Wed Feb 13 18:29:06 2019.
    sequence specification record:=origen
Input Data:

      case(irrad) {
          lib{
              file="w17x17_100d.f33" pos=1
          }
          mat {
              units=GRAMS
              iso=[u235=28000.000000 u238=972000.000000]
          }
          time = [ 550 ]
          power = [ 51.423324 ]
      }
      case (decay) {
          time {
              units=YEARS
              start=0
              t=[1]
          }
          save{ file="discharge.f71" steps=[0 LAST]}
      }
end

1






        ************************************************************************************************************************
        ************************************************************************************************************************
        ************************************************************************************************************************
        *****                                                                                                              *****
        *****                                       program verification information                                       *****
        *****                                                                                                              *****
        *****                                   code system:  SCALE    version:  6.2                                       *****
        *****                                                                                                              *****
        ************************************************************************************************************************
        ************************************************************************************************************************
        *****                                                                                                              *****
        *****                                                                                                              *****
        *****              program:  origen.exe                                                                            *****
        *****                                                                                                              *****
        *****        creation date:   unknown                                                                              *****
        *****                                                                                                              *****
        *****              library:  C:\SCALE-6.2.2\bin                                                                    *****
        *****                                                                                                              *****
        *****                                                                                                              *****
        *****            prod code:  origen.exe                                                                            *****
        *****                                                                                                              *****
        *****              version:  6.2.2                                                                                 *****
        *****                                                                                                              *****
        *****              jobname:  Teddy                                                                                 *****
        *****                                                                                                              *****
        *****         machine name:  DESKTOP-J14NAA6                                                                       *****
        *****                                                                                                              *****
        *****    date of execution:  13_feb_2019                                                                           *****
        *****                                                                                                              *****
        *****    time of execution:  18:29:06.68                                                                           *****
        *****                                                                                                              *****
        *****                                                                                                              *****
        ************************************************************************************************************************
        ************************************************************************************************************************
        ************************************************************************************************************************

*************************************************************************************************************************
********************                                                                                 ********************
********************                                                                                 ********************
********************                    USER INPUT SUMMARY                                           ********************
********************                                                                                 ********************
********************                                                                                 ********************
*************************************************************************************************************************
.
.
=========================================================================================================================
=   Case "irrad" (#1/2)                                                                                                 =
-------------------------------------------------------------------------------------------------------------------------
###   Library settings                                                                                                ###
.
                                Library file name:     C:/Users/Teddy/AppData/Local/Temp/scale.Teddy.12636/w17x17_100d.f33
                             Library set position:              1
                 Fission product reaction removal:             no
-------------------------------------------------------------------------------------------------------------------------
###   Global settings                                                                                                 ###
.
                                           Solver:              MATREX
                                             Mode:        forward
                             Fixed fission energy:             no
-------------------------------------------------------------------------------------------------------------------------
###   Concentrations output options                                                                                   ###
.
                            High-precision output:             no
                                  Relative cutoff:            yes
                         Step for applying cutoff:       integral
.
                      light els.   actinides  fis.prods.       total
                       nuc    el   nuc    el   nuc    el   nuc    el             cutoff
gram-atoms                                                                    1.000E-06
grams                                                      **                 1.000E-06
curies                                                                        1.000E-06
watts                                                                         1.000E-06
gamma watts                                                                   1.000E-06
m3 air                                                                        1.000E-06
m3 water                                                                      1.000E-06
grams ppm                                                                     1.000E-06
atoms ppm                                                                     1.000E-06
atoms/barn-cm                                                                 1.000E-06
becquerels                                                                    1.000E-06
-------------------------------------------------------------------------------------------------------------------------
###   Additional output options                                                                                       ###
.
                                      Print k-inf:             no
           Nuclides for absorption fraction print:           none
                              Print fission rates:             no
            Step for sorting absorption fractions:              1
=========================================================================================================================
=   Case "decay" (#2/2)                                                                                                 =
-------------------------------------------------------------------------------------------------------------------------
###   Library settings                                                                                                ###
.
                                Library file name:     C:/Users/Teddy/AppData/Local/Temp/scale.Teddy.12636/w17x17_100d.f33
                             Library set position:              1
                 Fission product reaction removal:             no
-------------------------------------------------------------------------------------------------------------------------
###   Global settings                                                                                                 ###
.
                                           Solver:              MATREX
                                             Mode:        forward
                             Fixed fission energy:             no
-------------------------------------------------------------------------------------------------------------------------
###   Concentrations output options                                                                                   ###
.
                            High-precision output:             no
                                  Relative cutoff:            yes
                         Step for applying cutoff:       integral
.
                      light els.   actinides  fis.prods.       total
                       nuc    el   nuc    el   nuc    el   nuc    el             cutoff
gram-atoms                                                                    1.000E-06
grams                                                      **                 1.000E-06
curies                                                                        1.000E-06
watts                                                                         1.000E-06
gamma watts                                                                   1.000E-06
m3 air                                                                        1.000E-06
m3 water                                                                      1.000E-06
grams ppm                                                                     1.000E-06
atoms ppm                                                                     1.000E-06
atoms/barn-cm                                                                 1.000E-06
becquerels                                                                    1.000E-06
-------------------------------------------------------------------------------------------------------------------------
###   Additional output options                                                                                       ###
.
                                      Print k-inf:             no
           Nuclides for absorption fraction print:           none
                              Print fission rates:             no
            Step for sorting absorption fractions:              1
=========================================================================================================================
###   Blending information                                                                                            ###
.
  --- no blending requested in this job ---
=========================================================================================================================
.
.
=========================================================================================================================
=   History overview for case 'irrad' (#1/2)                                                                            =
-------------------------------------------------------------------------------------------------------------------------
   step          t0          t1          dt           t        flux     fluence       power      energy
    (-)         (d)         (d)         (s)         (s)   (n/cm2-s)     (n/cm2)        (MW)       (MWd)
      1      0.0000    550.0000  4.7520E+07  4.7520E+07  5.0265E+14  2.3886E+22  5.1423E+01  2.8283E+04
          
              step - step index within this case
                t0 - time at beginning-of-step in input units
                t1 - time at end-of-step in input units
                dt - length of step in seconds
                 t - end-of-step cumulative time in seconds
              flux - flux in neutrons/cm^2-sec (CALCULATED)
           fluence - cumulative end-of-step fluence in neutrons/cm^2 (CALCULATED)
             power - power in mega-watts (INPUT)     
            energy - cumulative end-of-step energy released in mega-watt-days (INPUT)     
=========================================================================================================================
.
.
.
.
.
*************************************************************************************************************************
********************                                                                                 ********************
********************                                                                                 ********************
********************                    Library information                                          ********************
********************                                                                                 ********************
********************                                                                                 ********************
*************************************************************************************************************************
.
.
=========================================================================================================================
=   Library summary for case 'irrad' (#1/2)                                                                             =
-------------------------------------------------------------------------------------------------------------------------
filename: C:/Users/Teddy/AppData/Local/Temp/scale.Teddy.12636/w17x17_100d.f33 cross-section data taken from position number: 1
library title delimited by {}: 
{}
date library was produced: 538976288/538976288/538976288
total number of nuclides in library: 2237
number of light-element nuclides: 910
number of actinide nuclides: 176
number of fission product nuclides: 1151
number of nonzero off-diagonal matrix elements: 54564
=========================================================================================================================
.
.
*************************************************************************************************************************
********************                                                                                 ********************
********************                                                                                 ********************
********************                    Concentration tables                                         ********************
********************                                                                                 ********************
********************                                                                                 ********************
*************************************************************************************************************************
.
.
=========================================================================================================================
=   Nuclide concentrations in grams for case 'irrad' (#1/2)                                                             =
-------------------------------------------------------------------------------------------------------------------------
  (relative cutoff; integral of concentrations over time >   1.00E-06 % of integral of all concentrations over time)
.
                   0.000d    550.000d   
  h-3          0.0000E+00  4.4950E-02
  he-4         0.0000E+00  1.1273E+00
  u-234        0.0000E+00  1.4947E+00
  u-235        2.8000E+04  7.7281E+03
  u-236        0.0000E+00  3.3800E+03
  u-237        0.0000E+00  1.1762E+01
  u-238        9.7200E+05  9.4904E+05
  u-239        0.0000E+00  8.7086E-01
  np-237       0.0000E+00  3.3133E+02
  np-238       0.0000E+00  1.4988E+00
  np-239       0.0000E+00  1.2564E+02
  pu-238       0.0000E+00  1.0492E+02
  pu-239       0.0000E+00  5.0764E+03
  pu-240       0.0000E+00  1.9077E+03
  pu-241       0.0000E+00  1.4182E+03
  pu-242       0.0000E+00  4.8458E+02
  pu-243       0.0000E+00  1.9265E-01
  pu-244       0.0000E+00  2.2241E-02
  am-241       0.0000E+00  2.2433E+01
  am-242m      0.0000E+00  3.8201E-01
  am-242       0.0000E+00  1.0414E-01
  am-243       0.0000E+00  7.8682E+01
  cm-242       0.0000E+00  9.7748E+00
  cm-243       0.0000E+00  2.0678E-01
  cm-244       0.0000E+00  2.2848E+01
  cm-245       0.0000E+00  1.0547E+00
  cm-246       0.0000E+00  9.2360E-02
  ge-74        0.0000E+00  4.6340E-02
  as-75        0.0000E+00  1.1204E-01
  ge-76        0.0000E+00  2.9272E-01
  se-77        0.0000E+00  6.9224E-01
  se-78        0.0000E+00  1.9926E+00
  se-79        0.0000E+00  4.2632E+00
  se-80        0.0000E+00  1.1097E+01
  br-81        0.0000E+00  1.8553E+01
  se-82        0.0000E+00  2.9144E+01
  kr-82        0.0000E+00  4.9028E-01
  kr-83        0.0000E+00  3.6547E+01
  kr-84        0.0000E+00  9.4505E+01
  kr-85        0.0000E+00  2.2274E+01
  kr-85m       0.0000E+00  3.7205E-02
  rb-85        0.0000E+00  8.5008E+01
  kr-86        0.0000E+00  1.6039E+02
  rb-86        0.0000E+00  2.7465E-02
  sr-86        0.0000E+00  2.9741E-01
  kr-87        0.0000E+00  2.0469E-02
  rb-87        0.0000E+00  2.1092E+02
  kr-88        0.0000E+00  6.1720E-02
  sr-88        0.0000E+00  2.9296E+02
  sr-89        0.0000E+00  3.5746E+01
  y-89         0.0000E+00  3.6334E+02
  sr-90        0.0000E+00  4.7213E+02
  y-90         0.0000E+00  1.2771E-01
  zr-90        0.0000E+00  1.0245E+01
  sr-91        0.0000E+00  3.8599E-01
  y-91         0.0000E+00  6.1805E+01
  zr-91        0.0000E+00  4.5002E+02
  sr-92        0.0000E+00  1.2052E-01
  y-92         0.0000E+00  1.5926E-01
  zr-92        0.0000E+00  5.5790E+02
  y-93         0.0000E+00  5.3517E-01
  zr-93        0.0000E+00  6.1895E+02
  zr-94        0.0000E+00  6.6428E+02
  zr-95        0.0000E+00  1.0114E+02
  nb-95        0.0000E+00  5.5029E+01
  nb-95m       0.0000E+00  6.1687E-02
  mo-95        0.0000E+00  5.6572E+02
  zr-96        0.0000E+00  7.0737E+02
  mo-96        0.0000E+00  2.7160E+01
  zr-97        0.0000E+00  1.1100E+00
  nb-97        0.0000E+00  8.0253E-02
  mo-97        0.0000E+00  7.0444E+02
  mo-98        0.0000E+00  7.2940E+02
  mo-99        0.0000E+00  5.0116E+00
  tc-99        0.0000E+00  7.0646E+02
  tc-99m       0.0000E+00  4.0259E-01
  ru-99        0.0000E+00  2.5490E-02
  mo-100       0.0000E+00  8.2770E+02
  ru-100       0.0000E+00  7.3273E+01
  ru-101       0.0000E+00  6.9394E+02
  ru-102       0.0000E+00  7.0379E+02
  ru-103       0.0000E+00  6.8801E+01
  rh-103       0.0000E+00  4.1861E+02
  rh-103m      0.0000E+00  6.7552E-02
  ru-104       0.0000E+00  5.0223E+02
  pd-104       0.0000E+00  1.8426E+02
  ru-105       0.0000E+00  2.4127E-01
  rh-105       0.0000E+00  1.6947E+00
  pd-105       0.0000E+00  3.3882E+02
  ru-106       0.0000E+00  1.9549E+02
  pd-106       0.0000E+00  1.5785E+02
  pd-107       0.0000E+00  2.0274E+02
  pd-108       0.0000E+00  1.3319E+02
  pd-109       0.0000E+00  2.3796E-01
  ag-109       0.0000E+00  7.2911E+01
  pd-110       0.0000E+00  4.3805E+01
  ag-110m      0.0000E+00  5.9625E-01
  cd-110       0.0000E+00  2.6681E+01
  ag-111       0.0000E+00  6.1608E-01
  cd-111       0.0000E+00  2.1225E+01
  pd-112       0.0000E+00  3.1925E-02
  cd-112       0.0000E+00  1.1042E+01
  cd-113       0.0000E+00  1.1482E-01
  cd-114       0.0000E+00  1.3208E+01
  cd-115       0.0000E+00  2.9541E-02
  cd-115m      0.0000E+00  3.6218E-02
  in-115       0.0000E+00  1.8426E+00
  sn-115       0.0000E+00  2.1315E-01
  cd-116       0.0000E+00  4.9283E+00
  sn-116       0.0000E+00  2.7157E+00
  sn-117       0.0000E+00  4.4800E+00
  sn-118       0.0000E+00  4.1701E+00
  sn-119       0.0000E+00  4.0437E+00
  sn-119m      0.0000E+00  7.7503E-02
  sn-120       0.0000E+00  4.1544E+00
  sn-121m      0.0000E+00  3.3146E-01
  sb-121       0.0000E+00  4.0104E+00
  sn-122       0.0000E+00  5.3011E+00
  te-122       0.0000E+00  2.4422E-01
  sn-123       0.0000E+00  2.5817E-01
  sb-123       0.0000E+00  5.0107E+00
  sn-124       0.0000E+00  8.4261E+00
  sb-124       0.0000E+00  5.1400E-02
  te-124       0.0000E+00  1.4291E-01
  sn-125       0.0000E+00  1.3604E-01
  sb-125       0.0000E+00  9.3943E+00
  te-125       0.0000E+00  1.6684E+00
  te-125m      0.0000E+00  1.0573E-01
  sn-126       0.0000E+00  1.8336E+01
  te-126       0.0000E+00  4.5290E-01
  sb-127       0.0000E+00  4.9951E-01
  te-127       0.0000E+00  4.4615E-02
  te-127m      0.0000E+00  7.7807E-01
  i-127        0.0000E+00  3.8420E+01
  te-128       0.0000E+00  8.4765E+01
  xe-128       0.0000E+00  1.9467E+00
  sb-129       0.0000E+00  7.1466E-02
  te-129m      0.0000E+00  2.1426E+00
  i-129        0.0000E+00  1.3892E+02
  te-130       0.0000E+00  3.3418E+02
  xe-130       0.0000E+00  4.9992E+00
  te-131m      0.0000E+00  3.6957E-01
  i-131        0.0000E+00  1.0728E+01
  xe-131       0.0000E+00  3.9360E+02
  xe-131m      0.0000E+00  1.8660E-01
  te-132       0.0000E+00  6.0524E+00
  i-132        0.0000E+00  1.8564E-01
  xe-132       0.0000E+00  9.4897E+02
  te-133m      0.0000E+00  5.1015E-02
  i-133        0.0000E+00  2.3500E+00
  xe-133       0.0000E+00  1.4220E+01
  xe-133m      0.0000E+00  1.8460E-01
  cs-133       0.0000E+00  1.0077E+03
  te-134       0.0000E+00  6.8054E-02
  i-134        0.0000E+00  1.1083E-01
  xe-134       0.0000E+00  1.3421E+03
  cs-134       0.0000E+00  1.0947E+02
  ba-134       0.0000E+00  2.0281E+01
  i-135        0.0000E+00  7.2176E-01
  xe-135       0.0000E+00  1.8460E-01
  cs-135       0.0000E+00  2.1027E+02
  ba-135       0.0000E+00  1.0780E-01
  xe-136       0.0000E+00  2.1610E+03
  cs-136       0.0000E+00  5.6340E-01
  ba-136       0.0000E+00  1.1322E+01
  cs-137       0.0000E+00  1.0928E+03
  ba-137       0.0000E+00  1.9934E+01
  xe-138       0.0000E+00  2.2934E-02
  cs-138       0.0000E+00  5.9744E-02
  ba-138       0.0000E+00  1.1443E+03
  ba-139       0.0000E+00  1.4252E-01
  la-139       0.0000E+00  1.0736E+03
  ba-140       0.0000E+00  3.0391E+01
  la-140       0.0000E+00  4.1110E+00
  ce-140       0.0000E+00  1.0506E+03
  ba-141       0.0000E+00  2.8531E-02
  la-141       0.0000E+00  3.7013E-01
  ce-141       0.0000E+00  7.2878E+01
  pr-141       0.0000E+00  9.4203E+02
  la-142       0.0000E+00  1.3800E-01
  ce-142       0.0000E+00  9.9281E+02
  pr-142       0.0000E+00  6.3452E-02
  nd-142       0.0000E+00  1.5718E+01
  la-143       0.0000E+00  2.0643E-02
  ce-143       0.0000E+00  2.9025E+00
  pr-143       0.0000E+00  2.8372E+01
  nd-143       0.0000E+00  6.9874E+02
  ce-144       0.0000E+00  4.6540E+02
  nd-144       0.0000E+00  6.7371E+02
  pr-145       0.0000E+00  3.6526E-01
  nd-145       0.0000E+00  6.0006E+02
  pr-146       0.0000E+00  2.0025E-02
  nd-146       0.0000E+00  5.9849E+02
  nd-147       0.0000E+00  1.0195E+01
  pm-147       0.0000E+00  1.8790E+02
  sm-147       0.0000E+00  4.0411E+01
  nd-148       0.0000E+00  3.3320E+02
  pm-148       0.0000E+00  1.6914E+00
  pm-148m      0.0000E+00  1.4639E+00
  sm-148       0.0000E+00  9.8009E+01
  nd-149       0.0000E+00  4.0907E-02
  pm-149       0.0000E+00  1.8432E+00
  sm-149       0.0000E+00  2.1302E+00
  nd-150       0.0000E+00  1.5842E+02
  sm-150       0.0000E+00  2.6935E+02
  pm-151       0.0000E+00  3.6411E-01
  sm-151       0.0000E+00  1.0848E+01
  sm-152       0.0000E+00  1.0108E+02
  sm-153       0.0000E+00  1.3389E+00
  eu-153       0.0000E+00  1.0377E+02
  sm-154       0.0000E+00  3.4541E+01
  eu-154       0.0000E+00  2.1459E+01
  gd-154       0.0000E+00  9.3145E-01
  eu-155       0.0000E+00  7.8010E+00
  gd-155       0.0000E+00  3.6280E-02
  eu-156       0.0000E+00  6.1430E+00
  gd-156       0.0000E+00  7.2669E+01
  eu-157       0.0000E+00  2.7807E-02
  gd-157       0.0000E+00  9.5959E-02
  gd-158       0.0000E+00  1.6628E+01
  tb-159       0.0000E+00  2.1927E+00
  gd-160       0.0000E+00  9.7693E-01
  tb-160       0.0000E+00  9.7747E-02
  dy-160       0.0000E+00  1.3378E-01
  dy-161       0.0000E+00  3.2197E-01
  dy-162       0.0000E+00  2.4546E-01
  dy-163       0.0000E+00  1.7956E-01
  dy-164       0.0000E+00  3.8402E-02
  ho-165       0.0000E+00  6.5301E-02
------------
  totals       1.0000E+06  1.0002E+06
=========================================================================================================================
.
.
=========================================================================================================================
=   History overview for case 'decay' (#2/2)                                                                            =
-------------------------------------------------------------------------------------------------------------------------
   step          t0          t1          dt           t        flux     fluence       power      energy
    (-)         (y)         (y)         (s)         (s)   (n/cm2-s)     (n/cm2)        (MW)       (MWd)
      1      1.5057      2.5057  3.1560E+07  7.9080E+07  0.0000E+00  2.3886E+22  0.0000E+00  2.8283E+04
          
              step - step index within this case
                t0 - time at beginning-of-step in input units
                t1 - time at end-of-step in input units
                dt - length of step in seconds
                 t - end-of-step cumulative time in seconds
              flux - flux in neutrons/cm^2-sec (CALCULATED)
           fluence - cumulative end-of-step fluence in neutrons/cm^2 (CALCULATED)
             power - power in mega-watts (INPUT)     
            energy - cumulative end-of-step energy released in mega-watt-days (INPUT)     
=========================================================================================================================
.
.
.
.
.
*************************************************************************************************************************
********************                                                                                 ********************
********************                                                                                 ********************
********************                    Library information                                          ********************
********************                                                                                 ********************
********************                                                                                 ********************
*************************************************************************************************************************
.
.
=========================================================================================================================
=   Library summary for case 'decay' (#2/2)                                                                             =
-------------------------------------------------------------------------------------------------------------------------
filename: C:/Users/Teddy/AppData/Local/Temp/scale.Teddy.12636/w17x17_100d.f33 cross-section data taken from position number: 1
library title delimited by {}: 
{}
date library was produced: 538976288/538976288/538976288
total number of nuclides in library: 2237
number of light-element nuclides: 910
number of actinide nuclides: 176
number of fission product nuclides: 1151
number of nonzero off-diagonal matrix elements: 54564
=========================================================================================================================
.
.
*************************************************************************************************************************
********************                                                                                 ********************
********************                                                                                 ********************
********************                    Concentration tables                                         ********************
********************                                                                                 ********************
********************                                                                                 ********************
*************************************************************************************************************************
.
.
=========================================================================================================================
=   Nuclide concentrations in grams for case 'decay' (#2/2)                                                             =
-------------------------------------------------------------------------------------------------------------------------
  (relative cutoff; integral of concentrations over time >   1.00E-06 % of integral of all concentrations over time)
.
                   1.506y      2.506y   
  h-3          4.4950E-02  4.2490E-02
  he-4         1.1273E+00  1.2923E+00
  u-234        1.4947E+00  2.3555E+00
  u-235        7.7281E+03  7.7282E+03
  u-236        3.3800E+03  3.3802E+03
  u-237        1.1762E+01  4.2150E-05
  u-238        9.4904E+05  9.4904E+05
  u-239        8.7086E-01  0.0000E+00
  np-237       3.3133E+02  3.4318E+02
  np-238       1.4988E+00  7.0540E-08
  np-239       1.2564E+02  6.7889E-05
  pu-238       1.0492E+02  1.1320E+02
  pu-239       5.0764E+03  5.2028E+03
  pu-240       1.9077E+03  1.9084E+03
  pu-241       1.4182E+03  1.3510E+03
  pu-242       4.8458E+02  4.8460E+02
  pu-243       1.9265E-01  2.7809E-14
  pu-244       2.2241E-02  2.2243E-02
  am-241       2.2433E+01  8.9496E+01
  am-242m      3.8201E-01  3.8014E-01
  am-242       1.0414E-01  4.9046E-06
  am-243       7.8682E+01  7.8867E+01
  cm-242       9.7748E+00  2.0857E+00
  cm-243       2.0678E-01  2.0191E-01
  cm-244       2.2848E+01  2.2001E+01
  cm-245       1.0547E+00  1.0547E+00
  cm-246       9.2360E-02  9.2347E-02
  ge-73        1.8146E-02  1.8156E-02
  ge-74        4.6340E-02  4.6341E-02
  as-75        1.1204E-01  1.1206E-01
  ge-76        2.9272E-01  2.9272E-01
  se-77        6.9224E-01  6.9546E-01
  se-78        1.9926E+00  1.9931E+00
  se-79        4.2632E+00  4.2633E+00
  se-80        1.1097E+01  1.1097E+01
  br-81        1.8553E+01  1.8554E+01
  se-82        2.9144E+01  2.9144E+01
  kr-82        4.9028E-01  4.9380E-01
  kr-83        3.6547E+01  3.6564E+01
  kr-84        9.4505E+01  9.4509E+01
  kr-85        2.2274E+01  2.0892E+01
  kr-85m       3.7205E-02  0.0000E+00
  rb-85        8.5008E+01  8.6428E+01
  kr-86        1.6039E+02  1.6039E+02
  rb-86        2.7465E-02  3.4416E-08
  sr-86        2.9741E-01  3.2488E-01
  kr-87        2.0469E-02  0.0000E+00
  rb-87        2.1092E+02  2.1094E+02
  kr-88        6.1720E-02  0.0000E+00
  sr-88        2.9296E+02  2.9302E+02
  sr-89        3.5746E+01  2.3834E-01
  y-89         3.6334E+02  3.9885E+02
  sr-90        4.7213E+02  4.6090E+02
  y-90         1.2771E-01  1.1691E-01
  zr-90        1.0245E+01  2.1488E+01
  sr-91        3.8599E-01  0.0000E+00
  y-91         6.1805E+01  8.2138E-01
  zr-91        4.5002E+02  5.1141E+02
  sr-92        1.2052E-01  0.0000E+00
  y-92         1.5926E-01  0.0000E+00
  zr-92        5.5790E+02  5.5818E+02
  y-93         5.3517E-01  0.0000E+00
  zr-93        6.1895E+02  6.1949E+02
  zr-94        6.6428E+02  6.6430E+02
  zr-95        1.0114E+02  1.9395E+00
  nb-95        5.5029E+01  2.3628E+00
  nb-95m       6.1687E-02  1.2517E-03
  mo-95        5.6572E+02  7.1772E+02
  zr-96        7.0737E+02  7.0737E+02
  mo-96        2.7160E+01  2.7167E+01
  zr-97        1.1100E+00  0.0000E+00
  nb-97        8.0253E-02  0.0000E+00
  mo-97        7.0444E+02  7.0563E+02
  mo-98        7.2940E+02  7.2940E+02
  mo-99        5.0116E+00  0.0000E+00
  tc-99        7.0646E+02  7.1187E+02
  tc-99m       4.0259E-01  0.0000E+00
  ru-99        2.5490E-02  2.8005E-02
  mo-100       8.2770E+02  8.2770E+02
  ru-100       7.3273E+01  7.3274E+01
  ru-101       6.9394E+02  6.9398E+02
  ru-102       7.0379E+02  7.0381E+02
  ru-103       6.8801E+01  1.0861E-01
  rh-103       4.1861E+02  4.8738E+02
  rh-103m      6.7552E-02  1.0668E-04
  ru-104       5.0223E+02  5.0225E+02
  pd-104       1.8426E+02  1.8426E+02
  ru-105       2.4127E-01  0.0000E+00
  rh-105       1.6947E+00  0.0000E+00
  pd-105       3.3882E+02  3.4076E+02
  ru-106       1.9549E+02  9.8937E+01
  pd-106       1.5785E+02  2.5440E+02
  pd-107       2.0274E+02  2.0275E+02
  pd-108       1.3319E+02  1.3319E+02
  pd-109       2.3796E-01  0.0000E+00
  ag-109       7.2911E+01  7.3149E+01
  pd-110       4.3805E+01  4.3805E+01
  ag-110m      5.9625E-01  2.1635E-01
  cd-110       2.6681E+01  2.7061E+01
  ag-111       6.1608E-01  1.0735E-15
  cd-111       2.1225E+01  2.1843E+01
  pd-112       3.1925E-02  0.0000E+00
  cd-112       1.1042E+01  1.1078E+01
  cd-113       1.1482E-01  1.1856E-01
  cd-114       1.3208E+01  1.3208E+01
  cd-115       2.9541E-02  0.0000E+00
  cd-115m      3.6218E-02  1.2341E-04
  in-115       1.8426E+00  1.9093E+00
  sn-115       2.1315E-01  2.1476E-01
  cd-116       4.9283E+00  4.9283E+00
  sn-116       2.7157E+00  2.7160E+00
  sn-117       4.4800E+00  4.4829E+00
  sn-118       4.1701E+00  4.1705E+00
  sn-119       4.0437E+00  4.0886E+00
  sn-119m      7.7503E-02  3.2661E-02
  sn-120       4.1544E+00  4.1544E+00
  sn-121m      3.3146E-01  3.2627E-01
  sb-121       4.0104E+00  4.0289E+00
  sn-122       5.3011E+00  5.3011E+00
  te-122       2.4422E-01  2.4787E-01
  sn-123       2.5817E-01  3.6377E-02
  sb-123       5.0107E+00  5.2328E+00
  sn-124       8.4261E+00  8.4261E+00
  sb-124       5.1400E-02  7.6626E-04
  te-124       1.4291E-01  1.9354E-01
  sn-125       1.3604E-01  5.3330E-13
  sb-125       9.3943E+00  7.4138E+00
  te-125       1.6684E+00  3.7878E+00
  te-125m      1.0573E-01  1.0303E-01
  sn-126       1.8336E+01  1.8336E+01
  te-126       4.5290E-01  4.5989E-01
  sb-127       4.9951E-01  0.0000E+00
  te-127       4.4615E-02  2.9660E-04
  te-127m      7.7807E-01  8.4721E-02
  i-127        3.8420E+01  3.9664E+01
  te-128       8.4765E+01  8.4781E+01
  xe-128       1.9467E+00  1.9469E+00
  sb-129       7.1466E-02  0.0000E+00
  te-129m      2.1426E+00  1.1496E-03
  i-129        1.3892E+02  1.4115E+02
  xe-129       1.1204E-02  1.1303E-02
  te-130       3.3418E+02  3.3419E+02
  xe-130       4.9992E+00  5.0117E+00
  te-131m      3.6957E-01  0.0000E+00
  i-131        1.0728E+01  2.2272E-13
  xe-131       3.9360E+02  4.0492E+02
  xe-131m      1.8660E-01  2.9066E-10
  te-132       6.0524E+00  0.0000E+00
  i-132        1.8564E-01  0.0000E+00
  xe-132       9.4897E+02  9.5521E+02
  te-133m      5.1015E-02  0.0000E+00
  i-133        2.3500E+00  0.0000E+00
  xe-133       1.4220E+01  1.8618E-20
  xe-133m      1.8460E-01  0.0000E+00
  cs-133       1.0077E+03  1.0246E+03
  te-134       6.8054E-02  0.0000E+00
  i-134        1.1083E-01  0.0000E+00
  xe-134       1.3421E+03  1.3423E+03
  cs-134       1.0947E+02  7.8262E+01
  ba-134       2.0281E+01  5.1496E+01
  i-135        7.2176E-01  0.0000E+00
  xe-135       1.8460E-01  0.0000E+00
  cs-135       2.1027E+02  2.1118E+02
  ba-135       1.0780E-01  1.0796E-01
  xe-136       2.1610E+03  2.1610E+03
  cs-136       5.6340E-01  2.4840E-09
  ba-136       1.1322E+01  1.1885E+01
  cs-137       1.0928E+03  1.0679E+03
  ba-137       1.9934E+01  4.4830E+01
  xe-138       2.2934E-02  0.0000E+00
  cs-138       5.9744E-02  0.0000E+00
  ba-138       1.1443E+03  1.1444E+03
  la-138       1.1087E-02  1.1087E-02
  ba-139       1.4252E-01  0.0000E+00
  la-139       1.0736E+03  1.0737E+03
  ba-140       3.0391E+01  7.2519E-08
  la-140       4.1110E+00  1.0991E-08
  ce-140       1.0506E+03  1.0851E+03
  ba-141       2.8531E-02  0.0000E+00
  la-141       3.7013E-01  0.0000E+00
  ce-141       7.2878E+01  3.0368E-02
  pr-141       9.4203E+02  1.0153E+03
  la-142       1.3800E-01  0.0000E+00
  ce-142       9.9281E+02  9.9297E+02
  pr-142       6.3452E-02  0.0000E+00
  nd-142       1.5718E+01  1.5781E+01
  la-143       2.0643E-02  0.0000E+00
  ce-143       2.9025E+00  0.0000E+00
  pr-143       2.8372E+01  2.4936E-07
  nd-143       6.9874E+02  7.3003E+02
  ce-144       4.6540E+02  1.9137E+02
  pr-144       1.9817E-02  8.0609E-03
  nd-144       6.7371E+02  9.4774E+02
  pr-145       3.6526E-01  0.0000E+00
  nd-145       6.0006E+02  6.0043E+02
  pr-146       2.0025E-02  0.0000E+00
  nd-146       5.9849E+02  5.9852E+02
  nd-147       1.0195E+01  9.8670E-10
  pm-147       1.8790E+02  1.5219E+02
  sm-147       4.0411E+01  8.6322E+01
  nd-148       3.3320E+02  3.3320E+02
  pm-148       1.6914E+00  1.9956E-05
  pm-148m      1.4639E+00  3.1797E-03
  sm-148       9.8009E+01  1.0116E+02
  nd-149       4.0907E-02  0.0000E+00
  pm-149       1.8432E+00  0.0000E+00
  sm-149       2.1302E+00  4.0152E+00
  nd-150       1.5842E+02  1.5842E+02
  sm-150       2.6935E+02  2.6935E+02
  pm-151       3.6411E-01  0.0000E+00
  sm-151       1.0848E+01  1.1129E+01
  eu-151       7.5144E-03  9.3552E-02
  sm-152       1.0108E+02  1.0109E+02
  gd-152       1.1786E-02  1.1886E-02
  sm-153       1.3389E+00  0.0000E+00
  eu-153       1.0377E+02  1.0511E+02
  sm-154       3.4541E+01  3.4541E+01
  eu-154       2.1459E+01  1.9798E+01
  gd-154       9.3145E-01  2.5928E+00
  eu-155       7.8010E+00  6.7432E+00
  gd-155       3.6280E-02  1.0951E+00
  eu-156       6.1430E+00  3.5532E-07
  gd-156       7.2669E+01  7.8829E+01
  eu-157       2.7807E-02  0.0000E+00
  gd-157       9.5959E-02  1.2392E-01
  gd-158       1.6628E+01  1.6629E+01
  tb-159       2.1927E+00  2.2010E+00
  gd-160       9.7693E-01  9.7693E-01
  tb-160       9.7747E-02  2.9459E-03
  dy-160       1.3378E-01  2.2858E-01
  dy-161       3.2197E-01  3.3792E-01
  dy-162       2.4546E-01  2.4547E-01
  dy-163       1.7956E-01  1.7956E-01
  dy-164       3.8402E-02  3.8402E-02
  ho-165       6.5301E-02  6.5351E-02
  er-166       1.8161E-02  1.8385E-02
------------
  totals       1.0002E+06  1.0002E+06
=========================================================================================================================
.
.
*************************************************************************************************************************
********************                                                                                 ********************
********************                                                                                 ********************
********************                    Written F71 File Information                                 ********************
********************                                                                                 ********************
********************                                                                                 ********************
*************************************************************************************************************************
.
.
   pos         time        power         flux      fluence       energy libpos   case   step DCGNAB
   (-)          (s)         (MW)    (n/cm2-s)      (n/cm2)        (MWd)    (-)    (-)    (-)    (-)
     1  4.75200e+07  0.00000e+00  0.00000e+00  2.38860e+22  2.82828e+04      1      2      0 DC----
     2  7.90800e+07  0.00000e+00  0.00000e+00  2.38860e+22  2.82828e+04      1      2      1 DC----
    D - state definition present
    C - concentrations present
    G - gamma emission spectra present
    N - neutron emission spectra present
    A - alpha emission spectra present
    B - beta emission spectra present
.
.
.
=========================================================================================================================
ORIGEN finished successfully.
=========================================================================================================================
    module origen used 0.577211 seconds cpu time for the current pass.

    module origen is finished. completion code    0. total cpu time used 5.13186e-006 seconds.


    SCALE is finished on Wed Feb 13 18:29:07 2019.
-------------------------- Summary --------------------------
arp finished. used 2.88886 seconds.
origen finished. used 0.579456 seconds.
SCALE driver required a maximum of 8.297 MiB of RAM.
------------------------ End Summary ------------------------

w17x17_100d.f33 copied to C:\Users\Teddy\Desktop\scale_test\output\w17x17_100d.f33.
discharge.f71 copied to C:\Users\Teddy\Desktop\scale_test\output\discharge.f71.
