 *******************************************************************************
 *                                                                             *
 *                                 SCALE 6.2.2                                 *
 *                                -------------                                *
 *                                February 2019                                *
 *                                                                             *
 *           SCALE:  A Comprehensive Modeling and Simulation Suite             *
 *                   for Nuclear Safety Analysis and Design                    *
 *                                                                             *
 *                      Reactor and Nuclear Systems Division                   *
 *                        Oak Ridge National Laboratory                        *
 *                                                                             *
 *                           http://scale.ornl.gov                             *
 *                            scalehelp@ornl.gov                               *
 *                                                                             *
 *******************************************************************************
 *******************************************************************************
      
                  Job Information
                  ---------------
      Job started on DESKTOP-J14NAA6 on Wed 13/02/2019 18:27:55
      Working directory: C:\Users\Teddy\AppData\Local\Temp\scale.Teddy.11128
      Input file name  : C:\Users\Teddy\Desktop\scale_test\output\2.800000_14141.414141.inp
      Output file name : C:\Users\Teddy\Desktop\scale_test\output\2.800000_14141.414141.out
      SCALE executable : C:\SCALE-6.2.2/bin/scale
      
 *******************************************************************************


    module arp will be called on Wed Feb 13 18:27:55 2019.
    sequence specification record:=arp
Input Data:

      'library type
      w17x17
      2.800000
      ' num cycles
      1
      ' num days per cycle
      550
      ' cycle average specific power (MW / MTU)
      25.711662
      ' number of interpolated cross section sets generated per cycle
      1
      ' moderator density (g/cc)
      0.723
      ' interpolated output ORIGEN library
      w17x17_100d.f33
end

1






        ************************************************************************************************************************
        ************************************************************************************************************************
        ************************************************************************************************************************
        *****                                                                                                              *****
        *****                                       program verification information                                       *****
        *****                                                                                                              *****
        *****                                   code system:  SCALE    version:  6.2                                       *****
        *****                                                                                                              *****
        ************************************************************************************************************************
        ************************************************************************************************************************
        *****                                                                                                              *****
        *****                                                                                                              *****
        *****              program:  arp.exe                                                                               *****
        *****                                                                                                              *****
        *****        creation date:   unknown                                                                              *****
        *****                                                                                                              *****
        *****              library:  C:\SCALE-6.2.2\bin                                                                    *****
        *****                                                                                                              *****
        *****                                                                                                              *****
        *****            prod code:  arp.exe                                                                               *****
        *****                                                                                                              *****
        *****              version:  6.2.2                                                                                 *****
        *****                                                                                                              *****
        *****              jobname:  Teddy                                                                                 *****
        *****                                                                                                              *****
        *****         machine name:  DESKTOP-J14NAA6                                                                       *****
        *****                                                                                                              *****
        *****    date of execution:  13_feb_2019                                                                           *****
        *****                                                                                                              *****
        *****    time of execution:  18:27:55.60                                                                           *****
        *****                                                                                                              *****
        *****                                                                                                              *****
        ************************************************************************************************************************
        ************************************************************************************************************************
        ************************************************************************************************************************


 'library type
    data library:       w17x17
       directory:       C:/SCALE-6.2.2/data/\arplibs
       definition:      C:/SCALE-6.2.2/data/\arpdata.txt
    u-235 enrichment:                        2.800

 ' num cycles
    number of cycles:                            1

 ' num days per cycle

 ' cycle average specific power (MW / MTU)

 ' number of interpolated cross section sets generated per cycle

 ' moderator density (g/cc)
    water density (g/cm3):                  0.7230
                                         cycle        cumulative      midpoint
   cycle time(d)        power(MW)      burnup(MWd/MTU)burnup(MWd/MTU)burnup(MWd/MTU)nlib
     1    550.000        25.7117        14141.4        14141.4        7070.71             1

 ' interpolated output ORIGEN library
    interpolated library name:                   w17x17_100d.f33
 interpolation type: spline
 Cross section library interpolation completed.
.
.
.
=========================================================================================================================
ARP finished successfully.
=========================================================================================================================
    module arp used 1.88746 seconds cpu time for the current pass.

    module arp is finished. completion code    0. total cpu time used 1.21299e-005 seconds.



    module origen will be called on Wed Feb 13 18:27:57 2019.
    sequence specification record:=origen
Input Data:

      case(irrad) {
          lib{
              file="w17x17_100d.f33" pos=1
          }
          mat {
              units=GRAMS
              iso=[u235=28000.000000 u238=972000.000000]
          }
          time = [ 550 ]
          power = [ 25.711662 ]
      }
      case (decay) {
          time {
              units=YEARS
              start=0
              t=[1]
          }
          save{ file="discharge.f71" steps=[0 LAST]}
      }
end

1






        ************************************************************************************************************************
        ************************************************************************************************************************
        ************************************************************************************************************************
        *****                                                                                                              *****
        *****                                       program verification information                                       *****
        *****                                                                                                              *****
        *****                                   code system:  SCALE    version:  6.2                                       *****
        *****                                                                                                              *****
        ************************************************************************************************************************
        ************************************************************************************************************************
        *****                                                                                                              *****
        *****                                                                                                              *****
        *****              program:  origen.exe                                                                            *****
        *****                                                                                                              *****
        *****        creation date:   unknown                                                                              *****
        *****                                                                                                              *****
        *****              library:  C:\SCALE-6.2.2\bin                                                                    *****
        *****                                                                                                              *****
        *****                                                                                                              *****
        *****            prod code:  origen.exe                                                                            *****
        *****                                                                                                              *****
        *****              version:  6.2.2                                                                                 *****
        *****                                                                                                              *****
        *****              jobname:  Teddy                                                                                 *****
        *****                                                                                                              *****
        *****         machine name:  DESKTOP-J14NAA6                                                                       *****
        *****                                                                                                              *****
        *****    date of execution:  13_feb_2019                                                                           *****
        *****                                                                                                              *****
        *****    time of execution:  18:27:57.50                                                                           *****
        *****                                                                                                              *****
        *****                                                                                                              *****
        ************************************************************************************************************************
        ************************************************************************************************************************
        ************************************************************************************************************************

*************************************************************************************************************************
********************                                                                                 ********************
********************                                                                                 ********************
********************                    USER INPUT SUMMARY                                           ********************
********************                                                                                 ********************
********************                                                                                 ********************
*************************************************************************************************************************
.
.
=========================================================================================================================
=   Case "irrad" (#1/2)                                                                                                 =
-------------------------------------------------------------------------------------------------------------------------
###   Library settings                                                                                                ###
.
                                Library file name:     C:/Users/Teddy/AppData/Local/Temp/scale.Teddy.11128/w17x17_100d.f33
                             Library set position:              1
                 Fission product reaction removal:             no
-------------------------------------------------------------------------------------------------------------------------
###   Global settings                                                                                                 ###
.
                                           Solver:              MATREX
                                             Mode:        forward
                             Fixed fission energy:             no
-------------------------------------------------------------------------------------------------------------------------
###   Concentrations output options                                                                                   ###
.
                            High-precision output:             no
                                  Relative cutoff:            yes
                         Step for applying cutoff:       integral
.
                      light els.   actinides  fis.prods.       total
                       nuc    el   nuc    el   nuc    el   nuc    el             cutoff
gram-atoms                                                                    1.000E-06
grams                                                      **                 1.000E-06
curies                                                                        1.000E-06
watts                                                                         1.000E-06
gamma watts                                                                   1.000E-06
m3 air                                                                        1.000E-06
m3 water                                                                      1.000E-06
grams ppm                                                                     1.000E-06
atoms ppm                                                                     1.000E-06
atoms/barn-cm                                                                 1.000E-06
becquerels                                                                    1.000E-06
-------------------------------------------------------------------------------------------------------------------------
###   Additional output options                                                                                       ###
.
                                      Print k-inf:             no
           Nuclides for absorption fraction print:           none
                              Print fission rates:             no
            Step for sorting absorption fractions:              1
=========================================================================================================================
=   Case "decay" (#2/2)                                                                                                 =
-------------------------------------------------------------------------------------------------------------------------
###   Library settings                                                                                                ###
.
                                Library file name:     C:/Users/Teddy/AppData/Local/Temp/scale.Teddy.11128/w17x17_100d.f33
                             Library set position:              1
                 Fission product reaction removal:             no
-------------------------------------------------------------------------------------------------------------------------
###   Global settings                                                                                                 ###
.
                                           Solver:              MATREX
                                             Mode:        forward
                             Fixed fission energy:             no
-------------------------------------------------------------------------------------------------------------------------
###   Concentrations output options                                                                                   ###
.
                            High-precision output:             no
                                  Relative cutoff:            yes
                         Step for applying cutoff:       integral
.
                      light els.   actinides  fis.prods.       total
                       nuc    el   nuc    el   nuc    el   nuc    el             cutoff
gram-atoms                                                                    1.000E-06
grams                                                      **                 1.000E-06
curies                                                                        1.000E-06
watts                                                                         1.000E-06
gamma watts                                                                   1.000E-06
m3 air                                                                        1.000E-06
m3 water                                                                      1.000E-06
grams ppm                                                                     1.000E-06
atoms ppm                                                                     1.000E-06
atoms/barn-cm                                                                 1.000E-06
becquerels                                                                    1.000E-06
-------------------------------------------------------------------------------------------------------------------------
###   Additional output options                                                                                       ###
.
                                      Print k-inf:             no
           Nuclides for absorption fraction print:           none
                              Print fission rates:             no
            Step for sorting absorption fractions:              1
=========================================================================================================================
###   Blending information                                                                                            ###
.
  --- no blending requested in this job ---
=========================================================================================================================
.
.
=========================================================================================================================
=   History overview for case 'irrad' (#1/2)                                                                            =
-------------------------------------------------------------------------------------------------------------------------
   step          t0          t1          dt           t        flux     fluence       power      energy
    (-)         (d)         (d)         (s)         (s)   (n/cm2-s)     (n/cm2)        (MW)       (MWd)
      1      0.0000    550.0000  4.7520E+07  4.7520E+07  2.3088E+14  1.0971E+22  2.5712E+01  1.4141E+04
          
              step - step index within this case
                t0 - time at beginning-of-step in input units
                t1 - time at end-of-step in input units
                dt - length of step in seconds
                 t - end-of-step cumulative time in seconds
              flux - flux in neutrons/cm^2-sec (CALCULATED)
           fluence - cumulative end-of-step fluence in neutrons/cm^2 (CALCULATED)
             power - power in mega-watts (INPUT)     
            energy - cumulative end-of-step energy released in mega-watt-days (INPUT)     
=========================================================================================================================
.
.
.
.
.
*************************************************************************************************************************
********************                                                                                 ********************
********************                                                                                 ********************
********************                    Library information                                          ********************
********************                                                                                 ********************
********************                                                                                 ********************
*************************************************************************************************************************
.
.
=========================================================================================================================
=   Library summary for case 'irrad' (#1/2)                                                                             =
-------------------------------------------------------------------------------------------------------------------------
filename: C:/Users/Teddy/AppData/Local/Temp/scale.Teddy.11128/w17x17_100d.f33 cross-section data taken from position number: 1
library title delimited by {}: 
{}
date library was produced: 538976288/538976288/538976288
total number of nuclides in library: 2237
number of light-element nuclides: 910
number of actinide nuclides: 176
number of fission product nuclides: 1151
number of nonzero off-diagonal matrix elements: 54564
=========================================================================================================================
.
.
*************************************************************************************************************************
********************                                                                                 ********************
********************                                                                                 ********************
********************                    Concentration tables                                         ********************
********************                                                                                 ********************
********************                                                                                 ********************
*************************************************************************************************************************
.
.
=========================================================================================================================
=   Nuclide concentrations in grams for case 'irrad' (#1/2)                                                             =
-------------------------------------------------------------------------------------------------------------------------
  (relative cutoff; integral of concentrations over time >   1.00E-06 % of integral of all concentrations over time)
.
                   0.000d    550.000d   
  h-3          0.0000E+00  2.1156E-02
  he-4         0.0000E+00  5.1931E-01
  u-234        0.0000E+00  8.7041E-01
  u-235        2.8000E+04  1.5173E+04
  u-236        0.0000E+00  2.2426E+03
  u-237        0.0000E+00  4.1672E+00
  u-238        9.7200E+05  9.6138E+05
  u-239        0.0000E+00  4.0591E-01
  np-237       0.0000E+00  1.3084E+02
  np-238       0.0000E+00  2.8192E-01
  np-239       0.0000E+00  5.8646E+01
  pu-238       0.0000E+00  2.0388E+01
  pu-239       0.0000E+00  4.1902E+03
  pu-240       0.0000E+00  9.9079E+02
  pu-241       0.0000E+00  5.7483E+02
  pu-242       0.0000E+00  8.3951E+01
  am-241       0.0000E+00  1.0228E+01
  am-242m      0.0000E+00  1.7585E-01
  am-242       0.0000E+00  2.3258E-02
  am-243       0.0000E+00  6.2501E+00
  cm-242       0.0000E+00  1.8660E+00
  cm-244       0.0000E+00  7.6717E-01
  ge-74        0.0000E+00  2.1650E-02
  as-75        0.0000E+00  5.6605E-02
  ge-76        0.0000E+00  1.5162E-01
  se-77        0.0000E+00  3.7153E-01
  se-78        0.0000E+00  1.0204E+00
  se-79        0.0000E+00  2.2212E+00
  se-80        0.0000E+00  5.9326E+00
  br-81        0.0000E+00  9.8274E+00
  se-82        0.0000E+00  1.5513E+01
  kr-82        0.0000E+00  1.2229E-01
  kr-83        0.0000E+00  2.2517E+01
  kr-84        0.0000E+00  4.9306E+01
  kr-85        0.0000E+00  1.2405E+01
  kr-85m       0.0000E+00  2.4588E-02
  rb-85        0.0000E+00  4.7526E+01
  kr-86        0.0000E+00  9.0064E+01
  sr-86        0.0000E+00  7.3242E-02
  rb-87        0.0000E+00  1.1863E+02
  kr-88        0.0000E+00  4.2151E-02
  sr-88        0.0000E+00  1.6557E+02
  sr-89        0.0000E+00  2.4406E+01
  y-89         0.0000E+00  1.9946E+02
  sr-90        0.0000E+00  2.6785E+02
  y-90         0.0000E+00  7.0021E-02
  zr-90        0.0000E+00  5.3040E+00
  sr-91        0.0000E+00  2.5452E-01
  y-91         0.0000E+00  3.9003E+01
  zr-91        0.0000E+00  2.4680E+02
  sr-92        0.0000E+00  7.6950E-02
  y-92         0.0000E+00  1.0170E-01
  zr-92        0.0000E+00  3.0603E+02
  y-93         0.0000E+00  3.2918E-01
  zr-93        0.0000E+00  3.3460E+02
  zr-94        0.0000E+00  3.5242E+02
  zr-95        0.0000E+00  5.7543E+01
  nb-95        0.0000E+00  3.1372E+01
  nb-95m       0.0000E+00  3.5081E-02
  mo-95        0.0000E+00  3.0045E+02
  zr-96        0.0000E+00  3.6818E+02
  mo-96        0.0000E+00  6.5795E+00
  zr-97        0.0000E+00  6.1994E-01
  nb-97        0.0000E+00  4.4755E-02
  mo-97        0.0000E+00  3.6072E+02
  mo-98        0.0000E+00  3.6578E+02
  mo-99        0.0000E+00  2.7031E+00
  tc-99        0.0000E+00  3.7091E+02
  tc-99m       0.0000E+00  2.1667E-01
  mo-100       0.0000E+00  4.1195E+02
  ru-100       0.0000E+00  1.7648E+01
  ru-101       0.0000E+00  3.4695E+02
  ru-102       0.0000E+00  3.2603E+02
  ru-103       0.0000E+00  3.1646E+01
  rh-103       0.0000E+00  2.1538E+02
  rh-103m      0.0000E+00  3.1063E-02
  ru-104       0.0000E+00  2.0811E+02
  pd-104       0.0000E+00  4.2979E+01
  ru-105       0.0000E+00  9.7117E-02
  rh-105       0.0000E+00  7.2702E-01
  pd-105       0.0000E+00  1.4206E+02
  ru-106       0.0000E+00  6.9635E+01
  pd-106       0.0000E+00  4.5536E+01
  pd-107       0.0000E+00  6.9000E+01
  pd-108       0.0000E+00  4.2956E+01
  pd-109       0.0000E+00  7.4576E-02
  ag-109       0.0000E+00  2.5832E+01
  pd-110       0.0000E+00  1.3992E+01
  ag-110m      0.0000E+00  1.1598E-01
  cd-110       0.0000E+00  4.2430E+00
  ag-111       0.0000E+00  2.0796E-01
  cd-111       0.0000E+00  6.9154E+00
  cd-112       0.0000E+00  3.8207E+00
  cd-113       0.0000E+00  8.9654E-02
  cd-114       0.0000E+00  5.0725E+00
  in-115       0.0000E+00  1.1918E+00
  sn-115       0.0000E+00  9.2351E-02
  cd-116       0.0000E+00  2.0915E+00
  sn-116       0.0000E+00  7.2076E-01
  sn-117       0.0000E+00  1.9285E+00
  sn-118       0.0000E+00  1.8203E+00
  sn-119       0.0000E+00  1.7971E+00
  sn-119m      0.0000E+00  3.4744E-02
  sn-120       0.0000E+00  1.8389E+00
  sn-121m      0.0000E+00  1.4403E-01
  sb-121       0.0000E+00  1.8154E+00
  sn-122       0.0000E+00  2.3226E+00
  te-122       0.0000E+00  5.0729E-02
  sn-123       0.0000E+00  1.0259E-01
  sb-123       0.0000E+00  2.2579E+00
  sn-124       0.0000E+00  3.7173E+00
  te-124       0.0000E+00  3.0014E-02
  sn-125       0.0000E+00  6.0395E-02
  sb-125       0.0000E+00  4.0691E+00
  te-125       0.0000E+00  7.1177E-01
  te-125m      0.0000E+00  4.5443E-02
  sn-126       0.0000E+00  7.8478E+00
  te-126       0.0000E+00  2.1026E-01
  sb-127       0.0000E+00  2.3103E-01
  te-127       0.0000E+00  2.1324E-02
  te-127m      0.0000E+00  5.3608E-01
  i-127        0.0000E+00  1.7419E+01
  te-128       0.0000E+00  3.7829E+01
  xe-128       0.0000E+00  3.9125E-01
  sb-129       0.0000E+00  3.3700E-02
  te-129m      0.0000E+00  1.0166E+00
  i-129        0.0000E+00  6.2571E+01
  te-130       0.0000E+00  1.6267E+02
  xe-130       0.0000E+00  1.0908E+00
  te-131m      0.0000E+00  1.8092E-01
  i-131        0.0000E+00  5.5645E+00
  xe-131       0.0000E+00  2.2350E+02
  xe-131m      0.0000E+00  9.3036E-02
  te-132       0.0000E+00  3.1868E+00
  i-132        0.0000E+00  9.7178E-02
  xe-132       0.0000E+00  4.2671E+02
  te-133m      0.0000E+00  2.8586E-02
  i-133        0.0000E+00  1.2651E+00
  xe-133       0.0000E+00  7.6601E+00
  xe-133m      0.0000E+00  9.7346E-02
  cs-133       0.0000E+00  5.3765E+02
  te-134       0.0000E+00  3.8743E-02
  i-134        0.0000E+00  6.0391E-02
  xe-134       0.0000E+00  6.7292E+02
  cs-134       0.0000E+00  2.7511E+01
  ba-134       0.0000E+00  4.9206E+00
  i-135        0.0000E+00  3.8494E-01
  xe-135       0.0000E+00  1.7175E-01
  cs-135       0.0000E+00  1.7505E+02
  xe-136       0.0000E+00  9.8675E+02
  cs-136       0.0000E+00  2.2355E-01
  ba-136       0.0000E+00  4.2231E+00
  cs-137       0.0000E+00  5.4269E+02
  ba-137       0.0000E+00  9.6346E+00
  cs-138       0.0000E+00  3.2929E-02
  ba-138       0.0000E+00  5.8029E+02
  ba-139       0.0000E+00  7.8646E-02
  la-139       0.0000E+00  5.4933E+02
  ba-140       0.0000E+00  1.6877E+01
  la-140       0.0000E+00  2.2495E+00
  ce-140       0.0000E+00  5.2735E+02
  la-141       0.0000E+00  2.0630E-01
  ce-141       0.0000E+00  4.0852E+01
  pr-141       0.0000E+00  4.7604E+02
  la-142       0.0000E+00  7.7936E-02
  ce-142       0.0000E+00  5.0754E+02
  nd-142       0.0000E+00  3.6592E+00
  ce-143       0.0000E+00  1.6716E+00
  pr-143       0.0000E+00  1.6413E+01
  nd-143       0.0000E+00  4.2481E+02
  ce-144       0.0000E+00  2.5073E+02
  nd-144       0.0000E+00  2.8154E+02
  pr-145       0.0000E+00  2.0756E-01
  nd-145       0.0000E+00  3.2857E+02
  nd-146       0.0000E+00  2.8825E+02
  nd-147       0.0000E+00  5.6312E+00
  pm-147       0.0000E+00  1.2668E+02
  sm-147       0.0000E+00  2.7150E+01
  nd-148       0.0000E+00  1.6378E+02
  pm-148       0.0000E+00  5.7111E-01
  pm-148m      0.0000E+00  8.7241E-01
  sm-148       0.0000E+00  3.1055E+01
  nd-149       0.0000E+00  2.0798E-02
  pm-149       0.0000E+00  8.0470E-01
  sm-149       0.0000E+00  1.9294E+00
  nd-150       0.0000E+00  7.4268E+01
  sm-150       0.0000E+00  1.2093E+02
  pm-151       0.0000E+00  1.6979E-01
  sm-151       0.0000E+00  8.4728E+00
  sm-152       0.0000E+00  5.8147E+01
  sm-153       0.0000E+00  4.1508E-01
  eu-153       0.0000E+00  4.0587E+01
  sm-154       0.0000E+00  1.3249E+01
  eu-154       0.0000E+00  5.9730E+00
  gd-154       0.0000E+00  2.4483E-01
  eu-155       0.0000E+00  2.8650E+00
  gd-155       0.0000E+00  2.5542E-02
  eu-156       0.0000E+00  1.2324E+00
  gd-156       0.0000E+00  1.6061E+01
  gd-157       0.0000E+00  4.4765E-02
  gd-158       0.0000E+00  4.5637E+00
  tb-159       0.0000E+00  6.9397E-01
  gd-160       0.0000E+00  3.1160E-01
  dy-160       0.0000E+00  2.1081E-02
  dy-161       0.0000E+00  1.1229E-01
  dy-162       0.0000E+00  7.5061E-02
  dy-163       0.0000E+00  4.2604E-02
------------
  totals       1.0000E+06  1.0000E+06
=========================================================================================================================
.
.
=========================================================================================================================
=   History overview for case 'decay' (#2/2)                                                                            =
-------------------------------------------------------------------------------------------------------------------------
   step          t0          t1          dt           t        flux     fluence       power      energy
    (-)         (y)         (y)         (s)         (s)   (n/cm2-s)     (n/cm2)        (MW)       (MWd)
      1      1.5057      2.5057  3.1560E+07  7.9080E+07  0.0000E+00  1.0971E+22  0.0000E+00  1.4141E+04
          
              step - step index within this case
                t0 - time at beginning-of-step in input units
                t1 - time at end-of-step in input units
                dt - length of step in seconds
                 t - end-of-step cumulative time in seconds
              flux - flux in neutrons/cm^2-sec (CALCULATED)
           fluence - cumulative end-of-step fluence in neutrons/cm^2 (CALCULATED)
             power - power in mega-watts (INPUT)     
            energy - cumulative end-of-step energy released in mega-watt-days (INPUT)     
=========================================================================================================================
.
.
.
.
.
*************************************************************************************************************************
********************                                                                                 ********************
********************                                                                                 ********************
********************                    Library information                                          ********************
********************                                                                                 ********************
********************                                                                                 ********************
*************************************************************************************************************************
.
.
=========================================================================================================================
=   Library summary for case 'decay' (#2/2)                                                                             =
-------------------------------------------------------------------------------------------------------------------------
filename: C:/Users/Teddy/AppData/Local/Temp/scale.Teddy.11128/w17x17_100d.f33 cross-section data taken from position number: 1
library title delimited by {}: 
{}
date library was produced: 538976288/538976288/538976288
total number of nuclides in library: 2237
number of light-element nuclides: 910
number of actinide nuclides: 176
number of fission product nuclides: 1151
number of nonzero off-diagonal matrix elements: 54564
=========================================================================================================================
.
.
*************************************************************************************************************************
********************                                                                                 ********************
********************                                                                                 ********************
********************                    Concentration tables                                         ********************
********************                                                                                 ********************
********************                                                                                 ********************
*************************************************************************************************************************
.
.
=========================================================================================================================
=   Nuclide concentrations in grams for case 'decay' (#2/2)                                                             =
-------------------------------------------------------------------------------------------------------------------------
  (relative cutoff; integral of concentrations over time >   1.00E-06 % of integral of all concentrations over time)
.
                   1.506y      2.506y   
  h-3          2.1156E-02  1.9999E-02
  he-4         5.1931E-01  5.5170E-01
  u-234        8.7041E-01  1.0376E+00
  u-235        1.5173E+04  1.5173E+04
  u-236        2.2426E+03  2.2427E+03
  u-237        4.1672E+00  1.7085E-05
  u-238        9.6138E+05  9.6138E+05
  u-239        4.0591E-01  0.0000E+00
  np-237       1.3084E+02  1.3504E+02
  np-238       2.8192E-01  3.2472E-08
  np-239       5.8646E+01  5.3929E-06
  pu-238       2.0388E+01  2.1962E+01
  pu-239       4.1902E+03  4.2492E+03
  pu-240       9.9079E+02  9.9071E+02
  pu-241       5.7483E+02  5.4761E+02
  pu-242       8.3951E+01  8.3955E+01
  am-241       1.0228E+01  3.7409E+01
  am-242m      1.7585E-01  1.7499E-01
  am-242       2.3258E-02  2.2577E-06
  am-243       6.2501E+00  6.2650E+00
  cm-242       1.8660E+00  3.9896E-01
  cm-243       1.8815E-02  1.8372E-02
  cm-244       7.6717E-01  7.3880E-01
  cm-245       1.8534E-02  1.8533E-02
  ge-74        2.1650E-02  2.1650E-02
  as-75        5.6605E-02  5.6614E-02
  ge-76        1.5162E-01  1.5162E-01
  se-77        3.7153E-01  3.7344E-01
  se-78        1.0204E+00  1.0207E+00
  se-79        2.2212E+00  2.2212E+00
  se-80        5.9326E+00  5.9326E+00
  br-81        9.8274E+00  9.8278E+00
  se-82        1.5513E+01  1.5513E+01
  kr-82        1.2229E-01  1.2318E-01
  kr-83        2.2517E+01  2.2528E+01
  kr-84        4.9306E+01  4.9308E+01
  kr-85        1.2405E+01  1.1635E+01
  kr-85m       2.4588E-02  0.0000E+00
  rb-85        4.7526E+01  4.8320E+01
  kr-86        9.0064E+01  9.0064E+01
  sr-86        7.3242E-02  8.0358E-02
  rb-87        1.1863E+02  1.1865E+02
  kr-88        4.2151E-02  0.0000E+00
  sr-88        1.6557E+02  1.6562E+02
  sr-89        2.4406E+01  1.6273E-01
  y-89         1.9946E+02  2.2371E+02
  sr-90        2.6785E+02  2.6148E+02
  y-90         7.0021E-02  6.6327E-02
  zr-90        5.3040E+00  1.1680E+01
  sr-91        2.5452E-01  0.0000E+00
  y-91         3.9003E+01  5.1849E-01
  zr-91        2.4680E+02  2.8556E+02
  sr-92        7.6950E-02  0.0000E+00
  y-92         1.0170E-01  0.0000E+00
  zr-92        3.0603E+02  3.0621E+02
  y-93         3.2918E-01  0.0000E+00
  zr-93        3.3460E+02  3.3494E+02
  zr-94        3.5242E+02  3.5243E+02
  zr-95        5.7543E+01  1.1035E+00
  nb-95        3.1372E+01  1.3443E+00
  nb-95m       3.5081E-02  7.1215E-04
  mo-95        3.0045E+02  3.8700E+02
  zr-96        3.6818E+02  3.6818E+02
  mo-96        6.5795E+00  6.5814E+00
  zr-97        6.1994E-01  0.0000E+00
  nb-97        4.4755E-02  0.0000E+00
  mo-97        3.6072E+02  3.6138E+02
  mo-98        3.6578E+02  3.6578E+02
  mo-99        2.7031E+00  0.0000E+00
  tc-99        3.7091E+02  3.7383E+02
  tc-99m       2.1667E-01  0.0000E+00
  ru-99        1.3095E-02  1.4418E-02
  mo-100       4.1195E+02  4.1195E+02
  ru-100       1.7648E+01  1.7648E+01
  ru-101       3.4695E+02  3.4697E+02
  ru-102       3.2603E+02  3.2604E+02
  ru-103       3.1646E+01  4.9955E-02
  rh-103       2.1538E+02  2.4701E+02
  rh-103m      3.1063E-02  4.9068E-05
  ru-104       2.0811E+02  2.0812E+02
  pd-104       4.2979E+01  4.2979E+01
  ru-105       9.7117E-02  0.0000E+00
  rh-105       7.2702E-01  0.0000E+00
  pd-105       1.4206E+02  1.4288E+02
  ru-106       6.9635E+01  3.5242E+01
  pd-106       4.5536E+01  7.9928E+01
  pd-107       6.9000E+01  6.9005E+01
  pd-108       4.2956E+01  4.2956E+01
  pd-109       7.4576E-02  0.0000E+00
  ag-109       2.5832E+01  2.5907E+01
  pd-110       1.3992E+01  1.3992E+01
  ag-110m      1.1598E-01  4.2085E-02
  cd-110       4.2430E+00  4.3169E+00
  ag-111       2.0796E-01  3.6241E-16
  cd-111       6.9154E+00  7.1238E+00
  cd-112       3.8207E+00  3.8342E+00
  cd-113       8.9654E-02  9.1083E-02
  cd-114       5.0725E+00  5.0725E+00
  in-115       1.1918E+00  1.2203E+00
  sn-115       9.2351E-02  9.3046E-02
  cd-116       2.0915E+00  2.0915E+00
  sn-116       7.2076E-01  7.2084E-01
  sn-117       1.9285E+00  1.9297E+00
  sn-118       1.8203E+00  1.8205E+00
  sn-119       1.7971E+00  1.8173E+00
  sn-119m      3.4744E-02  1.4642E-02
  sn-120       1.8389E+00  1.8389E+00
  sn-121m      1.4403E-01  1.4178E-01
  sb-121       1.8154E+00  1.8237E+00
  sn-122       2.3226E+00  2.3226E+00
  te-122       5.0729E-02  5.1494E-02
  sn-123       1.0259E-01  1.4456E-02
  sb-123       2.2579E+00  2.3462E+00
  sn-124       3.7173E+00  3.7173E+00
  te-124       3.0014E-02  4.0761E-02
  sn-125       6.0395E-02  2.3677E-13
  sb-125       4.0691E+00  3.2124E+00
  te-125       7.1177E-01  1.6297E+00
  te-125m      4.5443E-02  4.4636E-02
  sn-126       7.8478E+00  7.8477E+00
  te-126       2.1026E-01  2.1343E-01
  sb-127       2.3103E-01  0.0000E+00
  te-127       2.1324E-02  1.9763E-04
  te-127m      5.3608E-01  5.6453E-02
  i-127        1.7419E+01  1.8153E+01
  te-128       3.7829E+01  3.7837E+01
  xe-128       3.9125E-01  3.9129E-01
  sb-129       3.3700E-02  0.0000E+00
  te-129m      1.0166E+00  5.4547E-04
  i-129        6.2571E+01  6.3630E+01
  te-130       1.6267E+02  1.6268E+02
  xe-130       1.0908E+00  1.0935E+00
  te-131m      1.8092E-01  0.0000E+00
  i-131        5.5645E+00  1.1528E-13
  xe-131       2.2350E+02  2.2935E+02
  xe-131m      9.3036E-02  1.4862E-10
  te-132       3.1868E+00  0.0000E+00
  i-132        9.7178E-02  0.0000E+00
  xe-132       4.2671E+02  4.3000E+02
  te-133m      2.8586E-02  0.0000E+00
  i-133        1.2651E+00  0.0000E+00
  xe-133       7.6601E+00  1.0026E-20
  xe-133m      9.7346E-02  0.0000E+00
  cs-133       5.3765E+02  5.4671E+02
  te-134       3.8743E-02  0.0000E+00
  i-134        6.0391E-02  0.0000E+00
  xe-134       6.7292E+02  6.7302E+02
  cs-134       2.7511E+01  1.9668E+01
  ba-134       4.9206E+00  1.2766E+01
  i-135        3.8494E-01  0.0000E+00
  xe-135       1.7175E-01  0.0000E+00
  cs-135       1.7505E+02  1.7561E+02
  ba-135       1.2079E-02  1.2143E-02
  xe-136       9.8675E+02  9.8675E+02
  cs-136       2.2355E-01  9.8563E-10
  ba-136       4.2231E+00  4.4466E+00
  cs-137       5.4269E+02  5.3033E+02
  ba-137       9.6346E+00  2.1998E+01
  cs-138       3.2929E-02  0.0000E+00
  ba-138       5.8029E+02  5.8033E+02
  ba-139       7.8646E-02  0.0000E+00
  la-139       5.4933E+02  5.4941E+02
  ba-140       1.6877E+01  4.0271E-08
  la-140       2.2495E+00  6.1037E-09
  ce-140       5.2735E+02  5.4648E+02
  la-141       2.0630E-01  0.0000E+00
  ce-141       4.0852E+01  1.7022E-02
  pr-141       4.7604E+02  5.1709E+02
  la-142       7.7936E-02  0.0000E+00
  ce-142       5.0754E+02  5.0762E+02
  nd-142       3.6592E+00  3.6744E+00
  ce-143       1.6716E+00  0.0000E+00
  pr-143       1.6413E+01  1.4419E-07
  nd-143       4.2481E+02  4.4291E+02
  ce-144       2.5073E+02  1.0310E+02
  nd-144       2.8154E+02  4.2917E+02
  pr-145       2.0756E-01  0.0000E+00
  nd-145       3.2857E+02  3.2878E+02
  nd-146       2.8825E+02  2.8827E+02
  nd-147       5.6312E+00  5.4499E-10
  pm-147       1.2668E+02  1.0164E+02
  sm-147       2.7150E+01  5.7826E+01
  nd-148       1.6378E+02  1.6378E+02
  pm-148       5.7111E-01  1.1893E-05
  pm-148m      8.7241E-01  1.8949E-03
  sm-148       3.1055E+01  3.2496E+01
  nd-149       2.0798E-02  0.0000E+00
  pm-149       8.0470E-01  0.0000E+00
  sm-149       1.9294E+00  2.7553E+00
  nd-150       7.4268E+01  7.4268E+01
  sm-150       1.2093E+02  1.2093E+02
  pm-151       1.6979E-01  0.0000E+00
  sm-151       8.4728E+00  8.5776E+00
  eu-151       1.2226E-02  7.8543E-02
  sm-152       5.8147E+01  5.8148E+01
  gd-152       1.1858E-02  1.1997E-02
  sm-153       4.1508E-01  0.0000E+00
  eu-153       4.0587E+01  4.1003E+01
  sm-154       1.3249E+01  1.3249E+01
  eu-154       5.9730E+00  5.5105E+00
  gd-154       2.4483E-01  7.0726E-01
  eu-155       2.8650E+00  2.4765E+00
  gd-155       2.5542E-02  4.1441E-01
  eu-156       1.2324E+00  7.1464E-08
  gd-156       1.6061E+01  1.7300E+01
  gd-157       4.4765E-02  5.2113E-02
  gd-158       4.5637E+00  4.5639E+00
  tb-159       6.9397E-01  6.9640E-01
  gd-160       3.1160E-01  3.1161E-01
  dy-160       2.1081E-02  3.3694E-02
  dy-161       1.1229E-01  1.1671E-01
  dy-162       7.5061E-02  7.5063E-02
  dy-163       4.2604E-02  4.2605E-02
  ho-165       1.2250E-02  1.2258E-02
------------
  totals       1.0000E+06  1.0000E+06
=========================================================================================================================
.
.
*************************************************************************************************************************
********************                                                                                 ********************
********************                                                                                 ********************
********************                    Written F71 File Information                                 ********************
********************                                                                                 ********************
********************                                                                                 ********************
*************************************************************************************************************************
.
.
   pos         time        power         flux      fluence       energy libpos   case   step DCGNAB
   (-)          (s)         (MW)    (n/cm2-s)      (n/cm2)        (MWd)    (-)    (-)    (-)    (-)
     1  4.75200e+07  0.00000e+00  0.00000e+00  1.09715e+22  1.41414e+04      1      2      0 DC----
     2  7.90800e+07  0.00000e+00  0.00000e+00  1.09715e+22  1.41414e+04      1      2      1 DC----
    D - state definition present
    C - concentrations present
    G - gamma emission spectra present
    N - neutron emission spectra present
    A - alpha emission spectra present
    B - beta emission spectra present
.
.
.
=========================================================================================================================
ORIGEN finished successfully.
=========================================================================================================================
    module origen used 0.403431 seconds cpu time for the current pass.

    module origen is finished. completion code    0. total cpu time used 3.26573e-006 seconds.


    SCALE is finished on Wed Feb 13 18:27:57 2019.
-------------------------- Summary --------------------------
arp finished. used 1.8938 seconds.
origen finished. used 0.408986 seconds.
SCALE driver required a maximum of 8.289 MiB of RAM.
------------------------ End Summary ------------------------

w17x17_100d.f33 copied to C:\Users\Teddy\Desktop\scale_test\output\w17x17_100d.f33.
discharge.f71 copied to C:\Users\Teddy\Desktop\scale_test\output\discharge.f71.
