 *******************************************************************************
 *                                                                             *
 *                                 SCALE 6.2.2                                 *
 *                                -------------                                *
 *                                February 2019                                *
 *                                                                             *
 *           SCALE:  A Comprehensive Modeling and Simulation Suite             *
 *                   for Nuclear Safety Analysis and Design                    *
 *                                                                             *
 *                      Reactor and Nuclear Systems Division                   *
 *                        Oak Ridge National Laboratory                        *
 *                                                                             *
 *                           http://scale.ornl.gov                             *
 *                            scalehelp@ornl.gov                               *
 *                                                                             *
 *******************************************************************************
 *******************************************************************************
      
                  Job Information
                  ---------------
      Job started on DESKTOP-J14NAA6 on Wed 13/02/2019 18:28:01
      Working directory: C:\Users\Teddy\AppData\Local\Temp\scale.Teddy.10984
      Input file name  : C:\Users\Teddy\Desktop\scale_test\output\2.800000_15555.555556.inp
      Output file name : C:\Users\Teddy\Desktop\scale_test\output\2.800000_15555.555556.out
      SCALE executable : C:\SCALE-6.2.2/bin/scale
      
 *******************************************************************************


    module arp will be called on Wed Feb 13 18:28:01 2019.
    sequence specification record:=arp
Input Data:

      'library type
      w17x17
      2.800000
      ' num cycles
      1
      ' num days per cycle
      550
      ' cycle average specific power (MW / MTU)
      28.282828
      ' number of interpolated cross section sets generated per cycle
      1
      ' moderator density (g/cc)
      0.723
      ' interpolated output ORIGEN library
      w17x17_100d.f33
end

1






        ************************************************************************************************************************
        ************************************************************************************************************************
        ************************************************************************************************************************
        *****                                                                                                              *****
        *****                                       program verification information                                       *****
        *****                                                                                                              *****
        *****                                   code system:  SCALE    version:  6.2                                       *****
        *****                                                                                                              *****
        ************************************************************************************************************************
        ************************************************************************************************************************
        *****                                                                                                              *****
        *****                                                                                                              *****
        *****              program:  arp.exe                                                                               *****
        *****                                                                                                              *****
        *****        creation date:   unknown                                                                              *****
        *****                                                                                                              *****
        *****              library:  C:\SCALE-6.2.2\bin                                                                    *****
        *****                                                                                                              *****
        *****                                                                                                              *****
        *****            prod code:  arp.exe                                                                               *****
        *****                                                                                                              *****
        *****              version:  6.2.2                                                                                 *****
        *****                                                                                                              *****
        *****              jobname:  Teddy                                                                                 *****
        *****                                                                                                              *****
        *****         machine name:  DESKTOP-J14NAA6                                                                       *****
        *****                                                                                                              *****
        *****    date of execution:  13_feb_2019                                                                           *****
        *****                                                                                                              *****
        *****    time of execution:  18:28:01.68                                                                           *****
        *****                                                                                                              *****
        *****                                                                                                              *****
        ************************************************************************************************************************
        ************************************************************************************************************************
        ************************************************************************************************************************


 'library type
    data library:       w17x17
       directory:       C:/SCALE-6.2.2/data/\arplibs
       definition:      C:/SCALE-6.2.2/data/\arpdata.txt
    u-235 enrichment:                        2.800

 ' num cycles
    number of cycles:                            1

 ' num days per cycle

 ' cycle average specific power (MW / MTU)

 ' number of interpolated cross section sets generated per cycle

 ' moderator density (g/cc)
    water density (g/cm3):                  0.7230
                                         cycle        cumulative      midpoint
   cycle time(d)        power(MW)      burnup(MWd/MTU)burnup(MWd/MTU)burnup(MWd/MTU)nlib
     1    550.000        28.2828        15555.6        15555.6        7777.78             1

 ' interpolated output ORIGEN library
    interpolated library name:                   w17x17_100d.f33
 interpolation type: spline
 Cross section library interpolation completed.
.
.
.
=========================================================================================================================
ARP finished successfully.
=========================================================================================================================
    module arp used 1.82042 seconds cpu time for the current pass.

    module arp is finished. completion code    0. total cpu time used 1.16633e-005 seconds.



    module origen will be called on Wed Feb 13 18:28:03 2019.
    sequence specification record:=origen
Input Data:

      case(irrad) {
          lib{
              file="w17x17_100d.f33" pos=1
          }
          mat {
              units=GRAMS
              iso=[u235=28000.000000 u238=972000.000000]
          }
          time = [ 550 ]
          power = [ 28.282828 ]
      }
      case (decay) {
          time {
              units=YEARS
              start=0
              t=[1]
          }
          save{ file="discharge.f71" steps=[0 LAST]}
      }
end

1






        ************************************************************************************************************************
        ************************************************************************************************************************
        ************************************************************************************************************************
        *****                                                                                                              *****
        *****                                       program verification information                                       *****
        *****                                                                                                              *****
        *****                                   code system:  SCALE    version:  6.2                                       *****
        *****                                                                                                              *****
        ************************************************************************************************************************
        ************************************************************************************************************************
        *****                                                                                                              *****
        *****                                                                                                              *****
        *****              program:  origen.exe                                                                            *****
        *****                                                                                                              *****
        *****        creation date:   unknown                                                                              *****
        *****                                                                                                              *****
        *****              library:  C:\SCALE-6.2.2\bin                                                                    *****
        *****                                                                                                              *****
        *****                                                                                                              *****
        *****            prod code:  origen.exe                                                                            *****
        *****                                                                                                              *****
        *****              version:  6.2.2                                                                                 *****
        *****                                                                                                              *****
        *****              jobname:  Teddy                                                                                 *****
        *****                                                                                                              *****
        *****         machine name:  DESKTOP-J14NAA6                                                                       *****
        *****                                                                                                              *****
        *****    date of execution:  13_feb_2019                                                                           *****
        *****                                                                                                              *****
        *****    time of execution:  18:28:03.50                                                                           *****
        *****                                                                                                              *****
        *****                                                                                                              *****
        ************************************************************************************************************************
        ************************************************************************************************************************
        ************************************************************************************************************************

*************************************************************************************************************************
********************                                                                                 ********************
********************                                                                                 ********************
********************                    USER INPUT SUMMARY                                           ********************
********************                                                                                 ********************
********************                                                                                 ********************
*************************************************************************************************************************
.
.
=========================================================================================================================
=   Case "irrad" (#1/2)                                                                                                 =
-------------------------------------------------------------------------------------------------------------------------
###   Library settings                                                                                                ###
.
                                Library file name:     C:/Users/Teddy/AppData/Local/Temp/scale.Teddy.10984/w17x17_100d.f33
                             Library set position:              1
                 Fission product reaction removal:             no
-------------------------------------------------------------------------------------------------------------------------
###   Global settings                                                                                                 ###
.
                                           Solver:              MATREX
                                             Mode:        forward
                             Fixed fission energy:             no
-------------------------------------------------------------------------------------------------------------------------
###   Concentrations output options                                                                                   ###
.
                            High-precision output:             no
                                  Relative cutoff:            yes
                         Step for applying cutoff:       integral
.
                      light els.   actinides  fis.prods.       total
                       nuc    el   nuc    el   nuc    el   nuc    el             cutoff
gram-atoms                                                                    1.000E-06
grams                                                      **                 1.000E-06
curies                                                                        1.000E-06
watts                                                                         1.000E-06
gamma watts                                                                   1.000E-06
m3 air                                                                        1.000E-06
m3 water                                                                      1.000E-06
grams ppm                                                                     1.000E-06
atoms ppm                                                                     1.000E-06
atoms/barn-cm                                                                 1.000E-06
becquerels                                                                    1.000E-06
-------------------------------------------------------------------------------------------------------------------------
###   Additional output options                                                                                       ###
.
                                      Print k-inf:             no
           Nuclides for absorption fraction print:           none
                              Print fission rates:             no
            Step for sorting absorption fractions:              1
=========================================================================================================================
=   Case "decay" (#2/2)                                                                                                 =
-------------------------------------------------------------------------------------------------------------------------
###   Library settings                                                                                                ###
.
                                Library file name:     C:/Users/Teddy/AppData/Local/Temp/scale.Teddy.10984/w17x17_100d.f33
                             Library set position:              1
                 Fission product reaction removal:             no
-------------------------------------------------------------------------------------------------------------------------
###   Global settings                                                                                                 ###
.
                                           Solver:              MATREX
                                             Mode:        forward
                             Fixed fission energy:             no
-------------------------------------------------------------------------------------------------------------------------
###   Concentrations output options                                                                                   ###
.
                            High-precision output:             no
                                  Relative cutoff:            yes
                         Step for applying cutoff:       integral
.
                      light els.   actinides  fis.prods.       total
                       nuc    el   nuc    el   nuc    el   nuc    el             cutoff
gram-atoms                                                                    1.000E-06
grams                                                      **                 1.000E-06
curies                                                                        1.000E-06
watts                                                                         1.000E-06
gamma watts                                                                   1.000E-06
m3 air                                                                        1.000E-06
m3 water                                                                      1.000E-06
grams ppm                                                                     1.000E-06
atoms ppm                                                                     1.000E-06
atoms/barn-cm                                                                 1.000E-06
becquerels                                                                    1.000E-06
-------------------------------------------------------------------------------------------------------------------------
###   Additional output options                                                                                       ###
.
                                      Print k-inf:             no
           Nuclides for absorption fraction print:           none
                              Print fission rates:             no
            Step for sorting absorption fractions:              1
=========================================================================================================================
###   Blending information                                                                                            ###
.
  --- no blending requested in this job ---
=========================================================================================================================
.
.
=========================================================================================================================
=   History overview for case 'irrad' (#1/2)                                                                            =
-------------------------------------------------------------------------------------------------------------------------
   step          t0          t1          dt           t        flux     fluence       power      energy
    (-)         (d)         (d)         (s)         (s)   (n/cm2-s)     (n/cm2)        (MW)       (MWd)
      1      0.0000    550.0000  4.7520E+07  4.7520E+07  2.5646E+14  1.2187E+22  2.8283E+01  1.5556E+04
          
              step - step index within this case
                t0 - time at beginning-of-step in input units
                t1 - time at end-of-step in input units
                dt - length of step in seconds
                 t - end-of-step cumulative time in seconds
              flux - flux in neutrons/cm^2-sec (CALCULATED)
           fluence - cumulative end-of-step fluence in neutrons/cm^2 (CALCULATED)
             power - power in mega-watts (INPUT)     
            energy - cumulative end-of-step energy released in mega-watt-days (INPUT)     
=========================================================================================================================
.
.
.
.
.
*************************************************************************************************************************
********************                                                                                 ********************
********************                                                                                 ********************
********************                    Library information                                          ********************
********************                                                                                 ********************
********************                                                                                 ********************
*************************************************************************************************************************
.
.
=========================================================================================================================
=   Library summary for case 'irrad' (#1/2)                                                                             =
-------------------------------------------------------------------------------------------------------------------------
filename: C:/Users/Teddy/AppData/Local/Temp/scale.Teddy.10984/w17x17_100d.f33 cross-section data taken from position number: 1
library title delimited by {}: 
{}
date library was produced: 538976288/538976288/538976288
total number of nuclides in library: 2237
number of light-element nuclides: 910
number of actinide nuclides: 176
number of fission product nuclides: 1151
number of nonzero off-diagonal matrix elements: 54564
=========================================================================================================================
.
.
*************************************************************************************************************************
********************                                                                                 ********************
********************                                                                                 ********************
********************                    Concentration tables                                         ********************
********************                                                                                 ********************
********************                                                                                 ********************
*************************************************************************************************************************
.
.
=========================================================================================================================
=   Nuclide concentrations in grams for case 'irrad' (#1/2)                                                             =
-------------------------------------------------------------------------------------------------------------------------
  (relative cutoff; integral of concentrations over time >   1.00E-06 % of integral of all concentrations over time)
.
                   0.000d    550.000d   
  h-3          0.0000E+00  2.3457E-02
  he-4         0.0000E+00  5.7649E-01
  u-234        0.0000E+00  9.4265E-01
  u-235        2.8000E+04  1.4228E+04
  u-236        0.0000E+00  2.3983E+03
  u-237        0.0000E+00  4.8410E+00
  u-238        9.7200E+05  9.6022E+05
  u-239        0.0000E+00  4.5015E-01
  np-237       0.0000E+00  1.4991E+02
  np-238       0.0000E+00  3.5724E-01
  np-239       0.0000E+00  6.5029E+01
  pu-238       0.0000E+00  2.5721E+01
  pu-239       0.0000E+00  4.3503E+03
  pu-240       0.0000E+00  1.1006E+03
  pu-241       0.0000E+00  6.7137E+02
  pu-242       0.0000E+00  1.0978E+02
  pu-243       0.0000E+00  2.2491E-02
  am-241       0.0000E+00  1.1845E+01
  am-242m      0.0000E+00  2.0355E-01
  am-242       0.0000E+00  2.9666E-02
  am-243       0.0000E+00  9.1050E+00
  cm-242       0.0000E+00  2.4195E+00
  cm-243       0.0000E+00  2.7042E-02
  cm-244       0.0000E+00  1.2525E+00
  cm-245       0.0000E+00  3.3272E-02
  ge-74        0.0000E+00  2.4055E-02
  as-75        0.0000E+00  6.2327E-02
  ge-76        0.0000E+00  1.6636E-01
  se-77        0.0000E+00  4.0626E-01
  se-78        0.0000E+00  1.1205E+00
  se-79        0.0000E+00  2.4360E+00
  se-80        0.0000E+00  6.4847E+00
  br-81        0.0000E+00  1.0758E+01
  se-82        0.0000E+00  1.6961E+01
  kr-82        0.0000E+00  1.4800E-01
  kr-83        0.0000E+00  2.4273E+01
  kr-84        0.0000E+00  5.3988E+01
  kr-85        0.0000E+00  1.3493E+01
  kr-85m       0.0000E+00  2.6259E-02
  rb-85        0.0000E+00  5.1675E+01
  kr-86        0.0000E+00  9.7873E+01
  sr-86        0.0000E+00  8.8815E-02
  rb-87        0.0000E+00  1.2890E+02
  kr-88        0.0000E+00  4.4864E-02
  sr-88        0.0000E+00  1.7981E+02
  sr-89        0.0000E+00  2.5979E+01
  y-89         0.0000E+00  2.1731E+02
  sr-90        0.0000E+00  2.9077E+02
  y-90         0.0000E+00  7.6258E-02
  zr-90        0.0000E+00  5.8114E+00
  sr-91        0.0000E+00  2.7186E-01
  y-91         0.0000E+00  4.1878E+01
  zr-91        0.0000E+00  2.6891E+02
  sr-92        0.0000E+00  8.2470E-02
  y-92         0.0000E+00  1.0900E-01
  zr-92        0.0000E+00  3.3341E+02
  y-93         0.0000E+00  3.5422E-01
  zr-93        0.0000E+00  3.6517E+02
  zr-94        0.0000E+00  3.8537E+02
  zr-95        0.0000E+00  6.2482E+01
  nb-95        0.0000E+00  3.4058E+01
  nb-95m       0.0000E+00  3.8094E-02
  mo-95        0.0000E+00  3.2867E+02
  zr-96        0.0000E+00  4.0347E+02
  mo-96        0.0000E+00  7.9961E+00
  zr-97        0.0000E+00  6.7433E-01
  nb-97        0.0000E+00  4.8692E-02
  mo-97        0.0000E+00  3.9610E+02
  mo-98        0.0000E+00  4.0257E+02
  mo-99        0.0000E+00  2.9523E+00
  tc-99        0.0000E+00  4.0648E+02
  tc-99m       0.0000E+00  2.3669E-01
  mo-100       0.0000E+00  4.5383E+02
  ru-100       0.0000E+00  2.1465E+01
  ru-101       0.0000E+00  3.8217E+02
  ru-102       0.0000E+00  3.6205E+02
  ru-103       0.0000E+00  3.5291E+01
  rh-103       0.0000E+00  2.3743E+02
  rh-103m      0.0000E+00  3.4642E-02
  ru-104       0.0000E+00  2.3464E+02
  pd-104       0.0000E+00  5.2581E+01
  ru-105       0.0000E+00  1.1043E-01
  rh-105       0.0000E+00  8.2149E-01
  pd-105       0.0000E+00  1.6056E+02
  ru-106       0.0000E+00  8.0322E+01
  pd-106       0.0000E+00  5.3713E+01
  pd-107       0.0000E+00  8.0177E+01
  pd-108       0.0000E+00  5.0301E+01
  pd-109       0.0000E+00  8.7674E-02
  ag-109       0.0000E+00  2.9988E+01
  pd-110       0.0000E+00  1.6381E+01
  ag-110m      0.0000E+00  1.4683E-01
  cd-110       0.0000E+00  5.4762E+00
  ag-111       0.0000E+00  2.4215E-01
  cd-111       0.0000E+00  8.0580E+00
  cd-112       0.0000E+00  4.4082E+00
  cd-113       0.0000E+00  9.3087E-02
  cd-114       0.0000E+00  5.7779E+00
  in-115       0.0000E+00  1.2817E+00
  sn-115       0.0000E+00  1.0359E-01
  cd-116       0.0000E+00  2.3527E+00
  sn-116       0.0000E+00  8.7052E-01
  sn-117       0.0000E+00  2.1653E+00
  sn-118       0.0000E+00  2.0384E+00
  sn-119       0.0000E+00  2.0081E+00
  sn-119m      0.0000E+00  3.8814E-02
  sn-120       0.0000E+00  2.0552E+00
  sn-121m      0.0000E+00  1.6166E-01
  sb-121       0.0000E+00  2.0263E+00
  sn-122       0.0000E+00  2.6007E+00
  te-122       0.0000E+00  6.2836E-02
  sn-123       0.0000E+00  1.1706E-01
  sb-123       0.0000E+00  2.5201E+00
  sn-124       0.0000E+00  4.1612E+00
  te-124       0.0000E+00  3.7023E-02
  sn-125       0.0000E+00  6.7821E-02
  sb-125       0.0000E+00  4.5676E+00
  te-125       0.0000E+00  7.9926E-01
  te-125m      0.0000E+00  5.1039E-02
  sn-126       0.0000E+00  8.8232E+00
  te-126       0.0000E+00  2.3351E-01
  sb-127       0.0000E+00  2.5790E-01
  te-127       0.0000E+00  2.3750E-02
  te-127m      0.0000E+00  5.8540E-01
  i-127        0.0000E+00  1.9567E+01
  te-128       0.0000E+00  4.2384E+01
  xe-128       0.0000E+00  4.9332E-01
  sb-129       0.0000E+00  3.7493E-02
  te-129m      0.0000E+00  1.1301E+00
  i-129        0.0000E+00  6.9884E+01
  te-130       0.0000E+00  1.7972E+02
  xe-130       0.0000E+00  1.3398E+00
  te-131m      0.0000E+00  2.0048E-01
  i-131        0.0000E+00  6.1095E+00
  xe-131       0.0000E+00  2.4333E+02
  xe-131m      0.0000E+00  1.0258E-01
  te-132       0.0000E+00  3.4918E+00
  i-132        0.0000E+00  1.0656E-01
  xe-132       0.0000E+00  4.7542E+02
  te-133m      0.0000E+00  3.1073E-02
  i-133        0.0000E+00  1.3822E+00
  xe-133       0.0000E+00  8.3685E+00
  xe-133m      0.0000E+00  1.0664E-01
  cs-133       0.0000E+00  5.8844E+02
  te-134       0.0000E+00  4.2020E-02
  i-134        0.0000E+00  6.5870E-02
  xe-134       0.0000E+00  7.4053E+02
  cs-134       0.0000E+00  3.3351E+01
  ba-134       0.0000E+00  5.9840E+00
  i-135        0.0000E+00  4.2096E-01
  xe-135       0.0000E+00  1.7534E-01
  cs-135       0.0000E+00  1.8027E+02
  xe-136       0.0000E+00  1.1017E+03
  cs-136       0.0000E+00  2.5489E-01
  ba-136       0.0000E+00  4.8541E+00
  cs-137       0.0000E+00  5.9794E+02
  ba-137       0.0000E+00  1.0645E+01
  cs-138       0.0000E+00  3.5865E-02
  ba-138       0.0000E+00  6.3774E+02
  ba-139       0.0000E+00  8.5644E-02
  la-139       0.0000E+00  6.0315E+02
  ba-140       0.0000E+00  1.8366E+01
  la-140       0.0000E+00  2.4512E+00
  ce-140       0.0000E+00  5.8019E+02
  la-141       0.0000E+00  2.2446E-01
  ce-141       0.0000E+00  4.4423E+01
  pr-141       0.0000E+00  5.2363E+02
  la-142       0.0000E+00  8.4661E-02
  ce-142       0.0000E+00  5.5725E+02
  nd-142       0.0000E+00  4.4636E+00
  ce-143       0.0000E+00  1.8114E+00
  pr-143       0.0000E+00  1.7778E+01
  nd-143       0.0000E+00  4.5875E+02
  ce-144       0.0000E+00  2.7371E+02
  nd-144       0.0000E+00  3.1618E+02
  pr-145       0.0000E+00  2.2524E-01
  nd-145       0.0000E+00  3.5833E+02
  nd-146       0.0000E+00  3.1835E+02
  nd-147       0.0000E+00  6.1322E+00
  pm-147       0.0000E+00  1.3534E+02
  sm-147       0.0000E+00  2.9041E+01
  nd-148       0.0000E+00  1.8059E+02
  pm-148       0.0000E+00  6.7104E-01
  pm-148m      0.0000E+00  9.5278E-01
  sm-148       0.0000E+00  3.6588E+01
  nd-149       0.0000E+00  2.2861E-02
  pm-149       0.0000E+00  9.0242E-01
  sm-149       0.0000E+00  1.9612E+00
  nd-150       0.0000E+00  8.2389E+01
  sm-150       0.0000E+00  1.3501E+02
  pm-151       0.0000E+00  1.8879E-01
  sm-151       0.0000E+00  8.7291E+00
  sm-152       0.0000E+00  6.3361E+01
  sm-153       0.0000E+00  4.8957E-01
  eu-153       0.0000E+00  4.6578E+01
  sm-154       0.0000E+00  1.5046E+01
  eu-154       0.0000E+00  7.2288E+00
  gd-154       0.0000E+00  2.9745E-01
  eu-155       0.0000E+00  3.2808E+00
  gd-155       0.0000E+00  2.6701E-02
  eu-156       0.0000E+00  1.5273E+00
  gd-156       0.0000E+00  1.9538E+01
  gd-157       0.0000E+00  4.8781E-02
  gd-158       0.0000E+00  5.3818E+00
  tb-159       0.0000E+00  8.1160E-01
  gd-160       0.0000E+00  3.6483E-01
  dy-160       0.0000E+00  2.6653E-02
  dy-161       0.0000E+00  1.2929E-01
  dy-162       0.0000E+00  8.8261E-02
  dy-163       0.0000E+00  5.1599E-02
------------
  totals       1.0000E+06  1.0001E+06
=========================================================================================================================
.
.
=========================================================================================================================
=   History overview for case 'decay' (#2/2)                                                                            =
-------------------------------------------------------------------------------------------------------------------------
   step          t0          t1          dt           t        flux     fluence       power      energy
    (-)         (y)         (y)         (s)         (s)   (n/cm2-s)     (n/cm2)        (MW)       (MWd)
      1      1.5057      2.5057  3.1560E+07  7.9080E+07  0.0000E+00  1.2187E+22  0.0000E+00  1.5556E+04
          
              step - step index within this case
                t0 - time at beginning-of-step in input units
                t1 - time at end-of-step in input units
                dt - length of step in seconds
                 t - end-of-step cumulative time in seconds
              flux - flux in neutrons/cm^2-sec (CALCULATED)
           fluence - cumulative end-of-step fluence in neutrons/cm^2 (CALCULATED)
             power - power in mega-watts (INPUT)     
            energy - cumulative end-of-step energy released in mega-watt-days (INPUT)     
=========================================================================================================================
.
.
.
.
.
*************************************************************************************************************************
********************                                                                                 ********************
********************                                                                                 ********************
********************                    Library information                                          ********************
********************                                                                                 ********************
********************                                                                                 ********************
*************************************************************************************************************************
.
.
=========================================================================================================================
=   Library summary for case 'decay' (#2/2)                                                                             =
-------------------------------------------------------------------------------------------------------------------------
filename: C:/Users/Teddy/AppData/Local/Temp/scale.Teddy.10984/w17x17_100d.f33 cross-section data taken from position number: 1
library title delimited by {}: 
{}
date library was produced: 538976288/538976288/538976288
total number of nuclides in library: 2237
number of light-element nuclides: 910
number of actinide nuclides: 176
number of fission product nuclides: 1151
number of nonzero off-diagonal matrix elements: 54564
=========================================================================================================================
.
.
*************************************************************************************************************************
********************                                                                                 ********************
********************                                                                                 ********************
********************                    Concentration tables                                         ********************
********************                                                                                 ********************
********************                                                                                 ********************
*************************************************************************************************************************
.
.
=========================================================================================================================
=   Nuclide concentrations in grams for case 'decay' (#2/2)                                                             =
-------------------------------------------------------------------------------------------------------------------------
  (relative cutoff; integral of concentrations over time >   1.00E-06 % of integral of all concentrations over time)
.
                   1.506y      2.506y   
  h-3          2.3457E-02  2.2173E-02
  he-4         5.7649E-01  6.1760E-01
  u-234        9.4265E-01  1.1538E+00
  u-235        1.4228E+04  1.4229E+04
  u-236        2.3983E+03  2.3984E+03
  u-237        4.8410E+00  1.9954E-05
  u-238        9.6022E+05  9.6022E+05
  u-239        4.5015E-01  0.0000E+00
  np-237       1.4991E+02  1.5480E+02
  np-238       3.5724E-01  3.7586E-08
  np-239       6.5029E+01  7.8562E-06
  pu-238       2.5721E+01  2.7759E+01
  pu-239       4.3503E+03  4.4156E+03
  pu-240       1.1006E+03  1.1006E+03
  pu-241       6.7137E+02  6.3958E+02
  pu-242       1.0978E+02  1.0978E+02
  pu-243       2.2491E-02  2.0827E-16
  am-241       1.1845E+01  4.3591E+01
  am-242m      2.0355E-01  2.0255E-01
  am-242       2.9666E-02  2.6133E-06
  am-243       9.1050E+00  9.1266E+00
  cm-242       2.4195E+00  5.1715E-01
  cm-243       2.7042E-02  2.6405E-02
  cm-244       1.2525E+00  1.2062E+00
  cm-245       3.3272E-02  3.3270E-02
  ge-74        2.4055E-02  2.4056E-02
  as-75        6.2327E-02  6.2337E-02
  ge-76        1.6636E-01  1.6636E-01
  se-77        4.0626E-01  4.0833E-01
  se-78        1.1205E+00  1.1208E+00
  se-79        2.4360E+00  2.4361E+00
  se-80        6.4847E+00  6.4847E+00
  br-81        1.0758E+01  1.0759E+01
  se-82        1.6961E+01  1.6961E+01
  kr-82        1.4800E-01  1.4908E-01
  kr-83        2.4273E+01  2.4285E+01
  kr-84        5.3988E+01  5.3990E+01
  kr-85        1.3493E+01  1.2657E+01
  kr-85m       2.6259E-02  0.0000E+00
  rb-85        5.1675E+01  5.2538E+01
  kr-86        9.7873E+01  9.7873E+01
  sr-86        8.8815E-02  9.7398E-02
  rb-87        1.2890E+02  1.2892E+02
  kr-88        4.4864E-02  0.0000E+00
  sr-88        1.7981E+02  1.7986E+02
  sr-89        2.5979E+01  1.7321E-01
  y-89         2.1731E+02  2.4312E+02
  sr-90        2.9077E+02  2.8385E+02
  y-90         7.6258E-02  7.2002E-02
  zr-90        5.8114E+00  1.2733E+01
  sr-91        2.7186E-01  0.0000E+00
  y-91         4.1878E+01  5.5670E-01
  zr-91        2.6891E+02  3.1052E+02
  sr-92        8.2470E-02  0.0000E+00
  y-92         1.0900E-01  0.0000E+00
  zr-92        3.3341E+02  3.3361E+02
  y-93         3.5422E-01  0.0000E+00
  zr-93        3.6517E+02  3.6553E+02
  zr-94        3.8537E+02  3.8538E+02
  zr-95        6.2482E+01  1.1982E+00
  nb-95        3.4058E+01  1.4597E+00
  nb-95m       3.8094E-02  7.7328E-04
  mo-95        3.2867E+02  4.2264E+02
  zr-96        4.0347E+02  4.0347E+02
  mo-96        7.9961E+00  7.9984E+00
  zr-97        6.7433E-01  0.0000E+00
  nb-97        4.8692E-02  0.0000E+00
  mo-97        3.9610E+02  3.9682E+02
  mo-98        4.0257E+02  4.0258E+02
  mo-99        2.9523E+00  0.0000E+00
  tc-99        4.0648E+02  4.0967E+02
  tc-99m       2.3669E-01  0.0000E+00
  ru-99        1.4379E-02  1.5829E-02
  mo-100       4.5383E+02  4.5383E+02
  ru-100       2.1465E+01  2.1465E+01
  ru-101       3.8217E+02  3.8219E+02
  ru-102       3.6205E+02  3.6205E+02
  ru-103       3.5291E+01  5.5709E-02
  rh-103       2.3743E+02  2.7270E+02
  rh-103m      3.4642E-02  5.4720E-05
  ru-104       2.3464E+02  2.3465E+02
  pd-104       5.2581E+01  5.2581E+01
  ru-105       1.1043E-01  0.0000E+00
  rh-105       8.2149E-01  0.0000E+00
  pd-105       1.6056E+02  1.6150E+02
  ru-106       8.0322E+01  4.0651E+01
  pd-106       5.3713E+01  9.3383E+01
  pd-107       8.0177E+01  8.0183E+01
  pd-108       5.0301E+01  5.0302E+01
  pd-109       8.7674E-02  0.0000E+00
  ag-109       2.9988E+01  3.0076E+01
  pd-110       1.6381E+01  1.6381E+01
  ag-110m      1.4683E-01  5.3277E-02
  cd-110       5.4762E+00  5.5698E+00
  ag-111       2.4215E-01  4.2198E-16
  cd-111       8.0580E+00  8.3007E+00
  cd-112       4.4082E+00  4.4238E+00
  cd-113       9.3087E-02  9.4721E-02
  cd-114       5.7779E+00  5.7780E+00
  in-115       1.2817E+00  1.3137E+00
  sn-115       1.0359E-01  1.0437E-01
  cd-116       2.3527E+00  2.3527E+00
  sn-116       8.7052E-01  8.7062E-01
  sn-117       2.1653E+00  2.1667E+00
  sn-118       2.0384E+00  2.0386E+00
  sn-119       2.0081E+00  2.0306E+00
  sn-119m      3.8814E-02  1.6357E-02
  sn-120       2.0552E+00  2.0552E+00
  sn-121m      1.6166E-01  1.5913E-01
  sb-121       2.0263E+00  2.0356E+00
  sn-122       2.6007E+00  2.6007E+00
  te-122       6.2836E-02  6.3783E-02
  sn-123       1.1706E-01  1.6493E-02
  sb-123       2.5201E+00  2.6209E+00
  sn-124       4.1612E+00  4.1612E+00
  te-124       3.7023E-02  5.0298E-02
  sn-125       6.7821E-02  2.6588E-13
  sb-125       4.5676E+00  3.6059E+00
  te-125       7.9926E-01  1.8297E+00
  te-125m      5.1039E-02  5.0106E-02
  sn-126       8.8232E+00  8.8232E+00
  te-126       2.3351E-01  2.3703E-01
  sb-127       2.5790E-01  0.0000E+00
  te-127       2.3750E-02  2.1615E-04
  te-127m      5.8540E-01  6.1741E-02
  i-127        1.9567E+01  2.0376E+01
  te-128       4.2384E+01  4.2393E+01
  xe-128       4.9332E-01  4.9336E-01
  sb-129       3.7493E-02  0.0000E+00
  te-129m      1.1301E+00  6.0633E-04
  i-129        6.9884E+01  7.1060E+01
  te-130       1.7972E+02  1.7973E+02
  xe-130       1.3398E+00  1.3432E+00
  te-131m      2.0048E-01  0.0000E+00
  i-131        6.1095E+00  1.2661E-13
  xe-131       2.4333E+02  2.4976E+02
  xe-131m      1.0258E-01  1.6344E-10
  te-132       3.4918E+00  0.0000E+00
  i-132        1.0656E-01  0.0000E+00
  xe-132       4.7542E+02  4.7902E+02
  te-133m      3.1073E-02  0.0000E+00
  i-133        1.3822E+00  0.0000E+00
  xe-133       8.3685E+00  1.0954E-20
  xe-133m      1.0664E-01  0.0000E+00
  cs-133       5.8844E+02  5.9833E+02
  te-134       4.2020E-02  0.0000E+00
  i-134        6.5870E-02  0.0000E+00
  xe-134       7.4053E+02  7.4064E+02
  cs-134       3.3351E+01  2.3843E+01
  ba-134       5.9840E+00  1.5494E+01
  i-135        4.2096E-01  0.0000E+00
  xe-135       1.7534E-01  0.0000E+00
  cs-135       1.8027E+02  1.8087E+02
  ba-135       1.6271E-02  1.6340E-02
  xe-136       1.1017E+03  1.1017E+03
  cs-136       2.5489E-01  1.1238E-09
  ba-136       4.8541E+00  5.1090E+00
  cs-137       5.9794E+02  5.8433E+02
  ba-137       1.0645E+01  2.4267E+01
  cs-138       3.5865E-02  0.0000E+00
  ba-138       6.3774E+02  6.3779E+02
  ba-139       8.5644E-02  0.0000E+00
  la-139       6.0315E+02  6.0325E+02
  ba-140       1.8366E+01  4.3825E-08
  la-140       2.4512E+00  6.6423E-09
  ce-140       5.8019E+02  6.0101E+02
  la-141       2.2446E-01  0.0000E+00
  ce-141       4.4423E+01  1.8510E-02
  pr-141       5.2363E+02  5.6828E+02
  la-142       8.4661E-02  0.0000E+00
  ce-142       5.5725E+02  5.5734E+02
  nd-142       4.4636E+00  4.4821E+00
  ce-143       1.8114E+00  0.0000E+00
  pr-143       1.7778E+01  1.5619E-07
  nd-143       4.5875E+02  4.7835E+02
  ce-144       2.7371E+02  1.1255E+02
  nd-144       3.1618E+02  4.7735E+02
  pr-145       2.2524E-01  0.0000E+00
  nd-145       3.5833E+02  3.5855E+02
  nd-146       3.1835E+02  3.1837E+02
  nd-147       6.1322E+00  5.9347E-10
  pm-147       1.3534E+02  1.0868E+02
  sm-147       2.9041E+01  6.1840E+01
  nd-148       1.8059E+02  1.8059E+02
  pm-148       6.7104E-01  1.2989E-05
  pm-148m      9.5278E-01  2.0695E-03
  sm-148       3.6588E+01  3.8210E+01
  nd-149       2.2861E-02  0.0000E+00
  pm-149       9.0242E-01  0.0000E+00
  sm-149       1.9612E+00  2.8869E+00
  nd-150       8.2389E+01  8.2389E+01
  sm-150       1.3501E+02  1.3501E+02
  pm-151       1.8879E-01  0.0000E+00
  sm-151       8.7291E+00  8.8508E+00
  eu-151       1.1413E-02  7.9842E-02
  sm-152       6.3361E+01  6.3362E+01
  gd-152       1.2072E-02  1.2204E-02
  sm-153       4.8957E-01  0.0000E+00
  eu-153       4.6578E+01  4.7068E+01
  sm-154       1.5046E+01  1.5046E+01
  eu-154       7.2288E+00  6.6691E+00
  gd-154       2.9745E-01  8.5711E-01
  eu-155       3.2808E+00  2.8360E+00
  gd-155       2.6701E-02  4.7200E-01
  eu-156       1.5273E+00  8.8531E-08
  gd-156       1.9538E+01  2.1073E+01
  gd-157       4.8781E-02  5.7486E-02
  gd-158       5.3818E+00  5.3820E+00
  tb-159       8.1160E-01  8.1446E-01
  gd-160       3.6483E-01  3.6483E-01
  dy-160       2.6653E-02  4.2827E-02
  dy-161       1.2929E-01  1.3450E-01
  dy-162       8.8261E-02  8.8264E-02
  dy-163       5.1599E-02  5.1601E-02
  dy-164       1.1727E-02  1.1728E-02
  ho-165       1.5135E-02  1.5144E-02
------------
  totals       1.0001E+06  1.0001E+06
=========================================================================================================================
.
.
*************************************************************************************************************************
********************                                                                                 ********************
********************                                                                                 ********************
********************                    Written F71 File Information                                 ********************
********************                                                                                 ********************
********************                                                                                 ********************
*************************************************************************************************************************
.
.
   pos         time        power         flux      fluence       energy libpos   case   step DCGNAB
   (-)          (s)         (MW)    (n/cm2-s)      (n/cm2)        (MWd)    (-)    (-)    (-)    (-)
     1  4.75200e+07  0.00000e+00  0.00000e+00  1.21869e+22  1.55556e+04      1      2      0 DC----
     2  7.90800e+07  0.00000e+00  0.00000e+00  1.21869e+22  1.55556e+04      1      2      1 DC----
    D - state definition present
    C - concentrations present
    G - gamma emission spectra present
    N - neutron emission spectra present
    A - alpha emission spectra present
    B - beta emission spectra present
.
.
.
=========================================================================================================================
ORIGEN finished successfully.
=========================================================================================================================
    module origen used 0.396502 seconds cpu time for the current pass.

    module origen is finished. completion code    0. total cpu time used 3.26573e-006 seconds.


    SCALE is finished on Wed Feb 13 18:28:03 2019.
-------------------------- Summary --------------------------
arp finished. used 1.82621 seconds.
origen finished. used 0.40146 seconds.
SCALE driver required a maximum of 8.301 MiB of RAM.
------------------------ End Summary ------------------------

w17x17_100d.f33 copied to C:\Users\Teddy\Desktop\scale_test\output\w17x17_100d.f33.
discharge.f71 copied to C:\Users\Teddy\Desktop\scale_test\output\discharge.f71.
