 *******************************************************************************
 *                                                                             *
 *                                 SCALE 6.2.2                                 *
 *                                -------------                                *
 *                                February 2019                                *
 *                                                                             *
 *           SCALE:  A Comprehensive Modeling and Simulation Suite             *
 *                   for Nuclear Safety Analysis and Design                    *
 *                                                                             *
 *                      Reactor and Nuclear Systems Division                   *
 *                        Oak Ridge National Laboratory                        *
 *                                                                             *
 *                           http://scale.ornl.gov                             *
 *                            scalehelp@ornl.gov                               *
 *                                                                             *
 *******************************************************************************
 *******************************************************************************
      
                  Job Information
                  ---------------
      Job started on DESKTOP-J14NAA6 on Wed 13/02/2019 18:29:57
      Working directory: C:\Users\Teddy\AppData\Local\Temp\scale.Teddy.8860
      Input file name  : C:\Users\Teddy\Desktop\scale_test\output\2.800000_38888.888889.inp
      Output file name : C:\Users\Teddy\Desktop\scale_test\output\2.800000_38888.888889.out
      SCALE executable : C:\SCALE-6.2.2/bin/scale
      
 *******************************************************************************


    module arp will be called on Wed Feb 13 18:29:57 2019.
    sequence specification record:=arp
Input Data:

      'library type
      w17x17
      2.800000
      ' num cycles
      1
      ' num days per cycle
      550
      ' cycle average specific power (MW / MTU)
      70.707071
      ' number of interpolated cross section sets generated per cycle
      1
      ' moderator density (g/cc)
      0.723
      ' interpolated output ORIGEN library
      w17x17_100d.f33
end

1






        ************************************************************************************************************************
        ************************************************************************************************************************
        ************************************************************************************************************************
        *****                                                                                                              *****
        *****                                       program verification information                                       *****
        *****                                                                                                              *****
        *****                                   code system:  SCALE    version:  6.2                                       *****
        *****                                                                                                              *****
        ************************************************************************************************************************
        ************************************************************************************************************************
        *****                                                                                                              *****
        *****                                                                                                              *****
        *****              program:  arp.exe                                                                               *****
        *****                                                                                                              *****
        *****        creation date:   unknown                                                                              *****
        *****                                                                                                              *****
        *****              library:  C:\SCALE-6.2.2\bin                                                                    *****
        *****                                                                                                              *****
        *****                                                                                                              *****
        *****            prod code:  arp.exe                                                                               *****
        *****                                                                                                              *****
        *****              version:  6.2.2                                                                                 *****
        *****                                                                                                              *****
        *****              jobname:  Teddy                                                                                 *****
        *****                                                                                                              *****
        *****         machine name:  DESKTOP-J14NAA6                                                                       *****
        *****                                                                                                              *****
        *****    date of execution:  13_feb_2019                                                                           *****
        *****                                                                                                              *****
        *****    time of execution:  18:29:58.02                                                                           *****
        *****                                                                                                              *****
        *****                                                                                                              *****
        ************************************************************************************************************************
        ************************************************************************************************************************
        ************************************************************************************************************************


 'library type
    data library:       w17x17
       directory:       C:/SCALE-6.2.2/data/\arplibs
       definition:      C:/SCALE-6.2.2/data/\arpdata.txt
    u-235 enrichment:                        2.800

 ' num cycles
    number of cycles:                            1

 ' num days per cycle

 ' cycle average specific power (MW / MTU)

 ' number of interpolated cross section sets generated per cycle

 ' moderator density (g/cc)
    water density (g/cm3):                  0.7230
                                         cycle        cumulative      midpoint
   cycle time(d)        power(MW)      burnup(MWd/MTU)burnup(MWd/MTU)burnup(MWd/MTU)nlib
     1    550.000        70.7071        38888.9        38888.9        19444.4             1

 ' interpolated output ORIGEN library
    interpolated library name:                   w17x17_100d.f33
 interpolation type: spline
 Cross section library interpolation completed.
.
.
.
=========================================================================================================================
ARP finished successfully.
=========================================================================================================================
    module arp used 3.6872 seconds cpu time for the current pass.

    module arp is finished. completion code    0. total cpu time used 1.44625e-005 seconds.



    module origen will be called on Wed Feb 13 18:30:01 2019.
    sequence specification record:=origen
Input Data:

      case(irrad) {
          lib{
              file="w17x17_100d.f33" pos=1
          }
          mat {
              units=GRAMS
              iso=[u235=28000.000000 u238=972000.000000]
          }
          time = [ 550 ]
          power = [ 70.707071 ]
      }
      case (decay) {
          time {
              units=YEARS
              start=0
              t=[1]
          }
          save{ file="discharge.f71" steps=[0 LAST]}
      }
end

1






        ************************************************************************************************************************
        ************************************************************************************************************************
        ************************************************************************************************************************
        *****                                                                                                              *****
        *****                                       program verification information                                       *****
        *****                                                                                                              *****
        *****                                   code system:  SCALE    version:  6.2                                       *****
        *****                                                                                                              *****
        ************************************************************************************************************************
        ************************************************************************************************************************
        *****                                                                                                              *****
        *****                                                                                                              *****
        *****              program:  origen.exe                                                                            *****
        *****                                                                                                              *****
        *****        creation date:   unknown                                                                              *****
        *****                                                                                                              *****
        *****              library:  C:\SCALE-6.2.2\bin                                                                    *****
        *****                                                                                                              *****
        *****                                                                                                              *****
        *****            prod code:  origen.exe                                                                            *****
        *****                                                                                                              *****
        *****              version:  6.2.2                                                                                 *****
        *****                                                                                                              *****
        *****              jobname:  Teddy                                                                                 *****
        *****                                                                                                              *****
        *****         machine name:  DESKTOP-J14NAA6                                                                       *****
        *****                                                                                                              *****
        *****    date of execution:  13_feb_2019                                                                           *****
        *****                                                                                                              *****
        *****    time of execution:  18:30:01.79                                                                           *****
        *****                                                                                                              *****
        *****                                                                                                              *****
        ************************************************************************************************************************
        ************************************************************************************************************************
        ************************************************************************************************************************

*************************************************************************************************************************
********************                                                                                 ********************
********************                                                                                 ********************
********************                    USER INPUT SUMMARY                                           ********************
********************                                                                                 ********************
********************                                                                                 ********************
*************************************************************************************************************************
.
.
=========================================================================================================================
=   Case "irrad" (#1/2)                                                                                                 =
-------------------------------------------------------------------------------------------------------------------------
###   Library settings                                                                                                ###
.
                                Library file name:     C:/Users/Teddy/AppData/Local/Temp/scale.Teddy.8860/w17x17_100d.f33
                             Library set position:              1
                 Fission product reaction removal:             no
-------------------------------------------------------------------------------------------------------------------------
###   Global settings                                                                                                 ###
.
                                           Solver:              MATREX
                                             Mode:        forward
                             Fixed fission energy:             no
-------------------------------------------------------------------------------------------------------------------------
###   Concentrations output options                                                                                   ###
.
                            High-precision output:             no
                                  Relative cutoff:            yes
                         Step for applying cutoff:       integral
.
                      light els.   actinides  fis.prods.       total
                       nuc    el   nuc    el   nuc    el   nuc    el             cutoff
gram-atoms                                                                    1.000E-06
grams                                                      **                 1.000E-06
curies                                                                        1.000E-06
watts                                                                         1.000E-06
gamma watts                                                                   1.000E-06
m3 air                                                                        1.000E-06
m3 water                                                                      1.000E-06
grams ppm                                                                     1.000E-06
atoms ppm                                                                     1.000E-06
atoms/barn-cm                                                                 1.000E-06
becquerels                                                                    1.000E-06
-------------------------------------------------------------------------------------------------------------------------
###   Additional output options                                                                                       ###
.
                                      Print k-inf:             no
           Nuclides for absorption fraction print:           none
                              Print fission rates:             no
            Step for sorting absorption fractions:              1
=========================================================================================================================
=   Case "decay" (#2/2)                                                                                                 =
-------------------------------------------------------------------------------------------------------------------------
###   Library settings                                                                                                ###
.
                                Library file name:     C:/Users/Teddy/AppData/Local/Temp/scale.Teddy.8860/w17x17_100d.f33
                             Library set position:              1
                 Fission product reaction removal:             no
-------------------------------------------------------------------------------------------------------------------------
###   Global settings                                                                                                 ###
.
                                           Solver:              MATREX
                                             Mode:        forward
                             Fixed fission energy:             no
-------------------------------------------------------------------------------------------------------------------------
###   Concentrations output options                                                                                   ###
.
                            High-precision output:             no
                                  Relative cutoff:            yes
                         Step for applying cutoff:       integral
.
                      light els.   actinides  fis.prods.       total
                       nuc    el   nuc    el   nuc    el   nuc    el             cutoff
gram-atoms                                                                    1.000E-06
grams                                                      **                 1.000E-06
curies                                                                        1.000E-06
watts                                                                         1.000E-06
gamma watts                                                                   1.000E-06
m3 air                                                                        1.000E-06
m3 water                                                                      1.000E-06
grams ppm                                                                     1.000E-06
atoms ppm                                                                     1.000E-06
atoms/barn-cm                                                                 1.000E-06
becquerels                                                                    1.000E-06
-------------------------------------------------------------------------------------------------------------------------
###   Additional output options                                                                                       ###
.
                                      Print k-inf:             no
           Nuclides for absorption fraction print:           none
                              Print fission rates:             no
            Step for sorting absorption fractions:              1
=========================================================================================================================
###   Blending information                                                                                            ###
.
  --- no blending requested in this job ---
=========================================================================================================================
.
.
=========================================================================================================================
=   History overview for case 'irrad' (#1/2)                                                                            =
-------------------------------------------------------------------------------------------------------------------------
   step          t0          t1          dt           t        flux     fluence       power      energy
    (-)         (d)         (d)         (s)         (s)   (n/cm2-s)     (n/cm2)        (MW)       (MWd)
      1      0.0000    550.0000  4.7520E+07  4.7520E+07  7.2315E+14  3.4364E+22  7.0707E+01  3.8889E+04
          
              step - step index within this case
                t0 - time at beginning-of-step in input units
                t1 - time at end-of-step in input units
                dt - length of step in seconds
                 t - end-of-step cumulative time in seconds
              flux - flux in neutrons/cm^2-sec (CALCULATED)
           fluence - cumulative end-of-step fluence in neutrons/cm^2 (CALCULATED)
             power - power in mega-watts (INPUT)     
            energy - cumulative end-of-step energy released in mega-watt-days (INPUT)     
=========================================================================================================================
.
.
.
.
.
*************************************************************************************************************************
********************                                                                                 ********************
********************                                                                                 ********************
********************                    Library information                                          ********************
********************                                                                                 ********************
********************                                                                                 ********************
*************************************************************************************************************************
.
.
=========================================================================================================================
=   Library summary for case 'irrad' (#1/2)                                                                             =
-------------------------------------------------------------------------------------------------------------------------
filename: C:/Users/Teddy/AppData/Local/Temp/scale.Teddy.8860/w17x17_100d.f33 cross-section data taken from position number: 1
library title delimited by {}: 
{}
date library was produced: 538976288/538976288/538976288
total number of nuclides in library: 2237
number of light-element nuclides: 910
number of actinide nuclides: 176
number of fission product nuclides: 1151
number of nonzero off-diagonal matrix elements: 54564
=========================================================================================================================
.
.
*************************************************************************************************************************
********************                                                                                 ********************
********************                                                                                 ********************
********************                    Concentration tables                                         ********************
********************                                                                                 ********************
********************                                                                                 ********************
*************************************************************************************************************************
.
.
=========================================================================================================================
=   Nuclide concentrations in grams for case 'irrad' (#1/2)                                                             =
-------------------------------------------------------------------------------------------------------------------------
  (relative cutoff; integral of concentrations over time >   1.00E-06 % of integral of all concentrations over time)
.
                   0.000d    550.000d   
  h-3          0.0000E+00  6.2898E-02
  he-4         0.0000E+00  1.6153E+00
  u-234        0.0000E+00  1.8468E+00
  u-235        2.8000E+04  4.4704E+03
  u-236        0.0000E+00  3.7480E+03
  u-237        0.0000E+00  1.7670E+01
  u-238        9.7200E+05  9.3910E+05
  u-239        0.0000E+00  1.2408E+00
  np-237       0.0000E+00  4.6549E+02
  np-238       0.0000E+00  2.9688E+00
  np-239       0.0000E+00  1.7879E+02
  pu-238       0.0000E+00  2.0397E+02
  pu-239       0.0000E+00  5.2440E+03
  pu-240       0.0000E+00  2.3579E+03
  pu-241       0.0000E+00  1.7677E+03
  pu-242       0.0000E+00  9.0136E+02
  pu-243       0.0000E+00  5.0415E-01
  pu-244       0.0000E+00  9.1906E-02
  am-241       0.0000E+00  2.4640E+01
  am-242m      0.0000E+00  4.1587E-01
  am-242       0.0000E+00  1.5999E-01
  am-243       0.0000E+00  2.0298E+02
  am-244       0.0000E+00  2.7761E-02
  cm-242       0.0000E+00  1.6671E+01
  cm-243       0.0000E+00  4.8237E-01
  cm-244       0.0000E+00  8.9197E+01
  cm-245       0.0000E+00  5.3182E+00
  cm-246       0.0000E+00  7.1812E-01
  ge-73        0.0000E+00  2.5454E-02
  ge-74        0.0000E+00  6.5120E-02
  as-75        0.0000E+00  1.5009E-01
  ge-76        0.0000E+00  3.8872E-01
  se-77        0.0000E+00  8.9344E-01
  se-78        0.0000E+00  2.6749E+00
  se-79        0.0000E+00  5.6273E+00
  se-80        0.0000E+00  1.4483E+01
  br-81        0.0000E+00  2.4232E+01
  se-82        0.0000E+00  3.8179E+01
  kr-82        0.0000E+00  9.1496E-01
  kr-83        0.0000E+00  4.2651E+01
  kr-84        0.0000E+00  1.2614E+02
  kr-85        0.0000E+00  2.8390E+01
  kr-85m       0.0000E+00  4.3132E-02
  rb-85        0.0000E+00  1.0806E+02
  kr-86        0.0000E+00  2.0342E+02
  rb-86        0.0000E+00  5.0048E-02
  sr-86        0.0000E+00  5.5925E-01
  kr-87        0.0000E+00  2.3450E-02
  rb-87        0.0000E+00  2.6713E+02
  kr-88        0.0000E+00  6.9875E-02
  sr-88        0.0000E+00  3.6991E+02
  sr-89        0.0000E+00  4.0469E+01
  y-89         0.0000E+00  4.6610E+02
  sr-90        0.0000E+00  5.9457E+02
  y-90         0.0000E+00  1.6532E-01
  zr-90        0.0000E+00  1.3747E+01
  sr-91        0.0000E+00  4.4802E-01
  y-91         0.0000E+00  7.2923E+01
  y-91m        0.0000E+00  2.2687E-02
  zr-91        0.0000E+00  5.7826E+02
  sr-92        0.0000E+00  1.4293E-01
  y-92         0.0000E+00  1.8884E-01
  zr-92        0.0000E+00  7.1841E+02
  y-93         0.0000E+00  6.4973E-01
  zr-93        0.0000E+00  8.0341E+02
  y-94         0.0000E+00  2.1683E-02
  zr-94        0.0000E+00  8.7374E+02
  zr-95        0.0000E+00  1.2749E+02
  nb-95        0.0000E+00  6.9252E+01
  nb-95m       0.0000E+00  7.7781E-02
  mo-95        0.0000E+00  7.3849E+02
  zr-96        0.0000E+00  9.4084E+02
  mo-96        0.0000E+00  5.1437E+01
  zr-97        0.0000E+00  1.4251E+00
  nb-97        0.0000E+00  1.0311E-01
  mo-97        0.0000E+00  9.4468E+02
  mo-98        0.0000E+00  9.9152E+02
  mo-99        0.0000E+00  6.5553E+00
  tc-99        0.0000E+00  9.2449E+02
  tc-99m       0.0000E+00  5.2751E-01
  ru-99        0.0000E+00  3.3995E-02
  mo-100       0.0000E+00  1.1289E+03
  ru-100       0.0000E+00  1.3904E+02
  mo-101       0.0000E+00  2.3714E-02
  tc-101       0.0000E+00  2.3073E-02
  ru-101       0.0000E+00  9.3959E+02
  ru-102       0.0000E+00  1.0037E+03
  ru-103       0.0000E+00  9.6602E+01
  rh-103       0.0000E+00  5.3532E+02
  rh-103m      0.0000E+00  9.4865E-02
  tc-104       0.0000E+00  2.7628E-02
  ru-104       0.0000E+00  7.5011E+02
  pd-104       0.0000E+00  3.4849E+02
  ru-105       0.0000E+00  3.5606E-01
  rh-105       0.0000E+00  2.3827E+00
  pd-105       0.0000E+00  4.8722E+02
  ru-106       0.0000E+00  3.0799E+02
  pd-106       0.0000E+00  2.8428E+02
  pd-107       0.0000E+00  3.2363E+02
  pd-108       0.0000E+00  2.1744E+02
  pd-109       0.0000E+00  3.9728E-01
  ag-109       0.0000E+00  1.1070E+02
  pd-110       0.0000E+00  7.2474E+01
  ag-110m      0.0000E+00  1.1461E+00
  cd-110       0.0000E+00  5.9817E+01
  ag-111       0.0000E+00  9.8757E-01
  cd-111       0.0000E+00  3.5433E+01
  pd-112       0.0000E+00  4.9074E-02
  cd-112       0.0000E+00  1.8122E+01
  cd-113       0.0000E+00  1.2473E-01
  cd-114       0.0000E+00  2.0439E+01
  cd-115       0.0000E+00  4.3318E-02
  cd-115m      0.0000E+00  5.3779E-02
  in-115       0.0000E+00  2.0715E+00
  sn-115       0.0000E+00  3.1011E-01
  cd-116       0.0000E+00  7.2539E+00
  sn-116       0.0000E+00  4.7241E+00
  sn-117       0.0000E+00  6.5484E+00
  sn-118       0.0000E+00  6.0869E+00
  sn-119       0.0000E+00  5.8418E+00
  sn-119m      0.0000E+00  1.1096E-01
  sn-120       0.0000E+00  6.0263E+00
  sn-121m      0.0000E+00  4.7871E-01
  sb-121       0.0000E+00  5.6755E+00
  sn-122       0.0000E+00  7.7026E+00
  te-122       0.0000E+00  5.0032E-01
  sn-123       0.0000E+00  3.8176E-01
  sb-123       0.0000E+00  7.1444E+00
  sn-124       0.0000E+00  1.2156E+01
  sb-124       0.0000E+00  1.0413E-01
  te-124       0.0000E+00  2.9591E-01
  sn-125       0.0000E+00  1.9266E-01
  sb-125       0.0000E+00  1.3646E+01
  te-125       0.0000E+00  2.4600E+00
  te-125m      0.0000E+00  1.5436E-01
  sn-126       0.0000E+00  2.6783E+01
  te-126       0.0000E+00  6.4728E-01
  sb-127       0.0000E+00  6.9637E-01
  te-127       0.0000E+00  6.1199E-02
  te-127m      0.0000E+00  8.4787E-01
  i-127        0.0000E+00  5.3767E+01
  te-128       0.0000E+00  1.2149E+02
  xe-128       0.0000E+00  4.0132E+00
  sb-129       0.0000E+00  9.9043E-02
  te-129       0.0000E+00  2.4880E-02
  te-129m      0.0000E+00  2.9621E+00
  i-129        0.0000E+00  1.9736E+02
  xe-129       0.0000E+00  3.2739E-02
  te-130       0.0000E+00  4.6079E+02
  i-130        0.0000E+00  2.4854E-02
  xe-130       0.0000E+00  1.0165E+01
  sb-131       0.0000E+00  2.1716E-02
  te-131       0.0000E+00  2.6101E-02
  te-131m      0.0000E+00  5.0231E-01
  i-131        0.0000E+00  1.4272E+01
  xe-131       0.0000E+00  4.8053E+02
  xe-131m      0.0000E+00  2.5408E-01
  te-132       0.0000E+00  7.9976E+00
  i-132        0.0000E+00  2.4595E-01
  xe-132       0.0000E+00  1.3758E+03
  te-133m      0.0000E+00  6.5389E-02
  i-133        0.0000E+00  3.0729E+00
  xe-133       0.0000E+00  1.8584E+01
  xe-133m      0.0000E+00  2.4406E-01
  cs-133       0.0000E+00  1.2990E+03
  te-134       0.0000E+00  8.6617E-02
  i-134        0.0000E+00  1.4414E-01
  xe-134       0.0000E+00  1.8259E+03
  cs-134       0.0000E+00  1.9910E+02
  ba-134       0.0000E+00  3.7958E+01
  i-135        0.0000E+00  9.4882E-01
  xe-135       0.0000E+00  1.8029E-01
  cs-135       0.0000E+00  2.3169E+02
  ba-135       0.0000E+00  2.9255E-01
  xe-136       0.0000E+00  3.0407E+03
  cs-136       0.0000E+00  8.6207E-01
  ba-136       0.0000E+00  1.7479E+01
  cs-137       0.0000E+00  1.4935E+03
  ba-137       0.0000E+00  2.7714E+01
  xe-138       0.0000E+00  2.9560E-02
  cs-138       0.0000E+00  7.7265E-02
  ba-138       0.0000E+00  1.5467E+03
  cs-139       0.0000E+00  2.0042E-02
  ba-139       0.0000E+00  1.8422E-01
  la-139       0.0000E+00  1.4416E+03
  ba-140       0.0000E+00  3.9137E+01
  la-140       0.0000E+00  5.3608E+00
  ce-140       0.0000E+00  1.4289E+03
  ba-141       0.0000E+00  3.6635E-02
  la-141       0.0000E+00  4.7555E-01
  ce-141       0.0000E+00  9.3212E+01
  pr-141       0.0000E+00  1.2672E+03
  la-142       0.0000E+00  1.7605E-01
  ce-142       0.0000E+00  1.3367E+03
  pr-142       0.0000E+00  1.2172E-01
  nd-142       0.0000E+00  3.0645E+01
  la-143       0.0000E+00  2.6052E-02
  ce-143       0.0000E+00  3.6673E+00
  pr-143       0.0000E+00  3.5719E+01
  nd-143       0.0000E+00  8.1842E+02
  ce-144       0.0000E+00  6.0674E+02
  pr-144       0.0000E+00  2.5941E-02
  nd-144       0.0000E+00  1.0192E+03
  pr-145       0.0000E+00  4.6514E-01
  nd-145       0.0000E+00  7.6627E+02
  pr-146       0.0000E+00  2.5775E-02
  nd-146       0.0000E+00  8.4142E+02
  nd-147       0.0000E+00  1.3148E+01
  pm-147       0.0000E+00  2.0607E+02
  sm-147       0.0000E+00  4.3714E+01
  nd-148       0.0000E+00  4.5987E+02
  pm-148       0.0000E+00  2.5330E+00
  pm-148m      0.0000E+00  1.6525E+00
  sm-148       0.0000E+00  1.5681E+02
  nd-149       0.0000E+00  5.5412E-02
  pm-149       0.0000E+00  2.6479E+00
  sm-149       0.0000E+00  2.1621E+00
  nd-150       0.0000E+00  2.2335E+02
  sm-150       0.0000E+00  3.8268E+02
  pm-151       0.0000E+00  5.1122E-01
  sm-151       0.0000E+00  1.2425E+01
  sm-152       0.0000E+00  1.2320E+02
  sm-153       0.0000E+00  2.2136E+00
  eu-153       0.0000E+00  1.4686E+02
  sm-154       0.0000E+00  5.4838E+01
  eu-154       0.0000E+00  3.8634E+01
  gd-154       0.0000E+00  1.8826E+00
  eu-155       0.0000E+00  1.3124E+01
  gd-155       0.0000E+00  4.6780E-02
  sm-156       0.0000E+00  2.5668E-02
  eu-156       0.0000E+00  1.3833E+01
  gd-156       0.0000E+00  1.6743E+02
  eu-157       0.0000E+00  5.9542E-02
  gd-157       0.0000E+00  1.6331E-01
  gd-158       0.0000E+00  3.5042E+01
  tb-159       0.0000E+00  3.8025E+00
  gd-160       0.0000E+00  1.6198E+00
  tb-160       0.0000E+00  2.1757E-01
  dy-160       0.0000E+00  2.7199E-01
  tb-161       0.0000E+00  3.0925E-02
  dy-161       0.0000E+00  5.2921E-01
  dy-162       0.0000E+00  4.2409E-01
  dy-163       0.0000E+00  3.5459E-01
  dy-164       0.0000E+00  7.7501E-02
  ho-165       0.0000E+00  1.5768E-01
  er-166       0.0000E+00  4.8275E-02
------------
  totals       1.0000E+06  1.0003E+06
=========================================================================================================================
.
.
=========================================================================================================================
=   History overview for case 'decay' (#2/2)                                                                            =
-------------------------------------------------------------------------------------------------------------------------
   step          t0          t1          dt           t        flux     fluence       power      energy
    (-)         (y)         (y)         (s)         (s)   (n/cm2-s)     (n/cm2)        (MW)       (MWd)
      1      1.5057      2.5057  3.1560E+07  7.9080E+07  0.0000E+00  3.4364E+22  0.0000E+00  3.8889E+04
          
              step - step index within this case
                t0 - time at beginning-of-step in input units
                t1 - time at end-of-step in input units
                dt - length of step in seconds
                 t - end-of-step cumulative time in seconds
              flux - flux in neutrons/cm^2-sec (CALCULATED)
           fluence - cumulative end-of-step fluence in neutrons/cm^2 (CALCULATED)
             power - power in mega-watts (INPUT)     
            energy - cumulative end-of-step energy released in mega-watt-days (INPUT)     
=========================================================================================================================
.
.
.
.
.
*************************************************************************************************************************
********************                                                                                 ********************
********************                                                                                 ********************
********************                    Library information                                          ********************
********************                                                                                 ********************
********************                                                                                 ********************
*************************************************************************************************************************
.
.
=========================================================================================================================
=   Library summary for case 'decay' (#2/2)                                                                             =
-------------------------------------------------------------------------------------------------------------------------
filename: C:/Users/Teddy/AppData/Local/Temp/scale.Teddy.8860/w17x17_100d.f33 cross-section data taken from position number: 1
library title delimited by {}: 
{}
date library was produced: 538976288/538976288/538976288
total number of nuclides in library: 2237
number of light-element nuclides: 910
number of actinide nuclides: 176
number of fission product nuclides: 1151
number of nonzero off-diagonal matrix elements: 54564
=========================================================================================================================
.
.
*************************************************************************************************************************
********************                                                                                 ********************
********************                                                                                 ********************
********************                    Concentration tables                                         ********************
********************                                                                                 ********************
********************                                                                                 ********************
*************************************************************************************************************************
.
.
=========================================================================================================================
=   Nuclide concentrations in grams for case 'decay' (#2/2)                                                             =
-------------------------------------------------------------------------------------------------------------------------
  (relative cutoff; integral of concentrations over time >   1.00E-06 % of integral of all concentrations over time)
.
                   1.506y      2.506y   
  h-3          6.2898E-02  5.9457E-02
  he-4         1.6153E+00  1.9270E+00
  u-234        1.8468E+00  3.5117E+00
  u-235        4.4704E+03  4.4706E+03
  u-236        3.7480E+03  3.7482E+03
  u-237        1.7670E+01  5.2538E-05
  u-238        9.3910E+05  9.3910E+05
  u-239        1.2408E+00  0.0000E+00
  np-237       4.6549E+02  4.8327E+02
  np-238       2.9688E+00  7.6792E-08
  np-239       1.7879E+02  1.7514E-04
  pu-238       2.0397E+02  2.1828E+02
  pu-239       5.2440E+03  5.4239E+03
  pu-240       2.3579E+03  2.3609E+03
  pu-241       1.7677E+03  1.6840E+03
  pu-242       9.0136E+02  9.0139E+02
  pu-243       5.0415E-01  3.1492E-13
  pu-244       9.1906E-02  9.1913E-02
  am-241       2.4640E+01  1.0824E+02
  am-242m      4.1587E-01  4.1383E-01
  am-242       1.5999E-01  5.3393E-06
  am-243       2.0298E+02  2.0347E+02
  am-244       2.7761E-02  1.8961E-14
  cm-242       1.6671E+01  3.5536E+00
  cm-243       4.8237E-01  4.7101E-01
  cm-244       8.9197E+01  8.5891E+01
  cm-245       5.3182E+00  5.3177E+00
  cm-246       7.1812E-01  7.1802E-01
  ge-72        1.1057E-02  1.1132E-02
  ge-73        2.5454E-02  2.5467E-02
  ge-74        6.5120E-02  6.5121E-02
  as-75        1.5009E-01  1.5011E-01
  ge-76        3.8872E-01  3.8872E-01
  se-77        8.9344E-01  8.9741E-01
  se-78        2.6749E+00  2.6755E+00
  se-79        5.6273E+00  5.6274E+00
  se-80        1.4483E+01  1.4483E+01
  br-81        2.4232E+01  2.4233E+01
  se-82        3.8179E+01  3.8179E+01
  kr-82        9.1496E-01  9.2148E-01
  kr-83        4.2651E+01  4.2672E+01
  kr-84        1.2614E+02  1.2614E+02
  kr-85        2.8390E+01  2.6627E+01
  kr-85m       4.3132E-02  0.0000E+00
  rb-85        1.0806E+02  1.0986E+02
  kr-86        2.0342E+02  2.0342E+02
  rb-86        5.0048E-02  6.2715E-08
  sr-86        5.5925E-01  6.0929E-01
  kr-87        2.3450E-02  0.0000E+00
  rb-87        2.6713E+02  2.6715E+02
  kr-88        6.9875E-02  0.0000E+00
  sr-88        3.6991E+02  3.6998E+02
  sr-89        4.0469E+01  2.6983E-01
  y-89         4.6610E+02  5.0631E+02
  sr-90        5.9457E+02  5.8043E+02
  y-90         1.6532E-01  1.4723E-01
  zr-90        1.3747E+01  2.7910E+01
  sr-91        4.4802E-01  0.0000E+00
  y-91         7.2923E+01  9.6904E-01
  y-91m        2.2687E-02  0.0000E+00
  zr-91        5.7826E+02  6.5068E+02
  sr-92        1.4293E-01  0.0000E+00
  y-92         1.8884E-01  0.0000E+00
  zr-92        7.1841E+02  7.1875E+02
  y-93         6.4973E-01  0.0000E+00
  zr-93        8.0341E+02  8.0406E+02
  y-94         2.1683E-02  0.0000E+00
  zr-94        8.7374E+02  8.7376E+02
  mo-94        1.1031E-02  1.1031E-02
  zr-95        1.2749E+02  2.4449E+00
  nb-95        6.9252E+01  2.9783E+00
  nb-95m       7.7781E-02  1.5779E-03
  mo-95        7.3849E+02  9.2999E+02
  zr-96        9.4084E+02  9.4084E+02
  mo-96        5.1437E+01  5.1449E+01
  zr-97        1.4251E+00  0.0000E+00
  nb-97        1.0311E-01  0.0000E+00
  mo-97        9.4468E+02  9.4621E+02
  mo-98        9.9152E+02  9.9152E+02
  mo-99        6.5553E+00  0.0000E+00
  tc-99        9.2449E+02  9.3157E+02
  tc-99m       5.2751E-01  0.0000E+00
  ru-99        3.3995E-02  3.7287E-02
  mo-100       1.1289E+03  1.1289E+03
  ru-100       1.3904E+02  1.3904E+02
  mo-101       2.3714E-02  0.0000E+00
  tc-101       2.3073E-02  0.0000E+00
  ru-101       9.3959E+02  9.3964E+02
  ru-102       1.0037E+03  1.0037E+03
  ru-103       9.6602E+01  1.5249E-01
  rh-103       5.3532E+02  6.3186E+02
  rh-103m      9.4865E-02  1.4978E-04
  tc-104       2.7628E-02  0.0000E+00
  ru-104       7.5011E+02  7.5014E+02
  pd-104       3.4849E+02  3.4849E+02
  ru-105       3.5606E-01  0.0000E+00
  rh-105       2.3827E+00  0.0000E+00
  pd-105       4.8722E+02  4.8997E+02
  ru-106       3.0799E+02  1.5587E+02
  pd-106       2.8428E+02  4.3639E+02
  pd-107       3.2363E+02  3.2365E+02
  pd-108       2.1744E+02  2.1744E+02
  pd-109       3.9728E-01  0.0000E+00
  ag-109       1.1070E+02  1.1110E+02
  pd-110       7.2474E+01  7.2475E+01
  ag-110m      1.1461E+00  4.1588E-01
  cd-110       5.9817E+01  6.0548E+01
  ag-111       9.8757E-01  1.7208E-15
  cd-111       3.5433E+01  3.6422E+01
  pd-112       4.9074E-02  0.0000E+00
  cd-112       1.8122E+01  1.8178E+01
  cd-113       1.2473E-01  1.3042E-01
  cd-114       2.0439E+01  2.0439E+01
  cd-115       4.3318E-02  0.0000E+00
  cd-115m      5.3779E-02  1.8325E-04
  in-115       2.0715E+00  2.1699E+00
  sn-115       3.1011E-01  3.1247E-01
  cd-116       7.2539E+00  7.2540E+00
  sn-116       4.7241E+00  4.7246E+00
  sn-117       6.5484E+00  6.5524E+00
  sn-118       6.0869E+00  6.0874E+00
  sn-119       5.8418E+00  5.9062E+00
  sn-119m      1.1096E-01  4.6762E-02
  sn-120       6.0263E+00  6.0263E+00
  sn-121m      4.7871E-01  4.7121E-01
  sb-121       5.6755E+00  5.7018E+00
  sn-122       7.7026E+00  7.7028E+00
  te-122       5.0032E-01  5.0771E-01
  sn-123       3.8176E-01  5.3791E-02
  sb-123       7.1444E+00  7.4728E+00
  sn-124       1.2156E+01  1.2156E+01
  sb-124       1.0413E-01  1.5523E-03
  te-124       2.9591E-01  3.9848E-01
  sn-125       1.9266E-01  7.5529E-13
  sb-125       1.3646E+01  1.0765E+01
  te-125       2.4600E+00  5.5383E+00
  te-125m      1.5436E-01  1.4961E-01
  sn-126       2.6783E+01  2.6783E+01
  te-126       6.4728E-01  6.5764E-01
  sb-127       6.9637E-01  0.0000E+00
  te-127       6.1199E-02  3.3224E-04
  te-127m      8.4787E-01  9.4901E-02
  i-127        5.3767E+01  5.5287E+01
  te-128       1.2149E+02  1.2152E+02
  xe-128       4.0132E+00  4.0136E+00
  sb-129       9.9043E-02  0.0000E+00
  te-129       2.4880E-02  1.4424E-06
  te-129m      2.9621E+00  1.5893E-03
  i-129        1.9736E+02  2.0045E+02
  xe-129       3.2739E-02  3.3018E-02
  te-130       4.6079E+02  4.6080E+02
  i-130        2.4854E-02  0.0000E+00
  xe-130       1.0165E+01  1.0190E+01
  sb-131       2.1716E-02  0.0000E+00
  te-131       2.6101E-02  0.0000E+00
  te-131m      5.0231E-01  0.0000E+00
  i-131        1.4272E+01  2.9657E-13
  xe-131       4.8053E+02  4.9561E+02
  xe-131m      2.5408E-01  3.8991E-10
  te-132       7.9976E+00  0.0000E+00
  i-132        2.4595E-01  0.0000E+00
  xe-132       1.3758E+03  1.3841E+03
  te-133m      6.5389E-02  0.0000E+00
  i-133        3.0729E+00  0.0000E+00
  xe-133       1.8584E+01  2.4338E-20
  xe-133m      2.4406E-01  0.0000E+00
  cs-133       1.2990E+03  1.3210E+03
  te-134       8.6617E-02  0.0000E+00
  i-134        1.4414E-01  0.0000E+00
  xe-134       1.8259E+03  1.8262E+03
  cs-134       1.9910E+02  1.4234E+02
  ba-134       3.7958E+01  9.4731E+01
  i-135        9.4882E-01  0.0000E+00
  xe-135       1.8029E-01  0.0000E+00
  cs-135       2.3169E+02  2.3283E+02
  ba-135       2.9255E-01  2.9287E-01
  xe-136       3.0407E+03  3.0407E+03
  cs-136       8.6207E-01  3.8009E-09
  ba-136       1.7479E+01  1.8341E+01
  cs-137       1.4935E+03  1.4595E+03
  ba-137       2.7714E+01  6.1739E+01
  xe-138       2.9560E-02  0.0000E+00
  cs-138       7.7265E-02  0.0000E+00
  ba-138       1.5467E+03  1.5468E+03
  la-138       1.8068E-02  1.8068E-02
  cs-139       2.0042E-02  0.0000E+00
  ba-139       1.8422E-01  0.0000E+00
  la-139       1.4416E+03  1.4418E+03
  ba-140       3.9137E+01  9.3387E-08
  la-140       5.3608E+00  1.4154E-08
  ce-140       1.4289E+03  1.4734E+03
  ba-141       3.6635E-02  0.0000E+00
  la-141       4.7555E-01  0.0000E+00
  ce-141       9.3212E+01  3.8842E-02
  pr-141       1.2672E+03  1.3609E+03
  la-142       1.7605E-01  0.0000E+00
  ce-142       1.3367E+03  1.3369E+03
  pr-142       1.2172E-01  0.0000E+00
  nd-142       3.0645E+01  3.0768E+01
  la-143       2.6052E-02  0.0000E+00
  ce-143       3.6673E+00  0.0000E+00
  pr-143       3.5719E+01  3.1406E-07
  nd-143       8.1842E+02  8.5783E+02
  ce-144       6.0674E+02  2.4949E+02
  pr-144       2.5941E-02  1.0509E-02
  nd-144       1.0192E+03  1.3764E+03
  pr-145       4.6514E-01  0.0000E+00
  nd-145       7.6627E+02  7.6674E+02
  pr-146       2.5775E-02  0.0000E+00
  nd-146       8.4142E+02  8.4146E+02
  nd-147       1.3148E+01  1.2725E-09
  pm-147       2.0607E+02  1.6844E+02
  sm-147       4.3714E+01  9.4504E+01
  nd-148       4.5987E+02  4.5987E+02
  pm-148       2.5330E+00  2.2527E-05
  pm-148m      1.6525E+00  3.5893E-03
  sm-148       1.5681E+02  1.6100E+02
  nd-149       5.5412E-02  0.0000E+00
  pm-149       2.6479E+00  0.0000E+00
  sm-149       2.1621E+00  4.8665E+00
  nd-150       2.2335E+02  2.2335E+02
  sm-150       3.8268E+02  3.8269E+02
  pm-151       5.1122E-01  0.0000E+00
  sm-151       1.2425E+01  1.2840E+01
  eu-151       6.0706E-03  1.0534E-01
  sm-152       1.2320E+02  1.2321E+02
  gd-152       1.0688E-02  1.0778E-02
  sm-153       2.2136E+00  0.0000E+00
  eu-153       1.4686E+02  1.4908E+02
  sm-154       5.4838E+01  5.4838E+01
  eu-154       3.8634E+01  3.5643E+01
  gd-154       1.8826E+00  4.8737E+00
  eu-155       1.3124E+01  1.1344E+01
  gd-155       4.6780E-02  1.8280E+00
  sm-156       2.5668E-02  0.0000E+00
  eu-156       1.3833E+01  7.9937E-07
  gd-156       1.6743E+02  1.8129E+02
  eu-157       5.9542E-02  0.0000E+00
  gd-157       1.6331E-01  2.2309E-01
  gd-158       3.5042E+01  3.5043E+01
  tb-159       3.8025E+00  3.8179E+00
  gd-160       1.6198E+00  1.6198E+00
  tb-160       2.1757E-01  6.5571E-03
  dy-160       2.7199E-01  4.8300E-01
  tb-161       3.0925E-02  3.6980E-18
  dy-161       5.2921E-01  5.6014E-01
  dy-162       4.2409E-01  4.2410E-01
  dy-163       3.5459E-01  3.5460E-01
  dy-164       7.7501E-02  7.7501E-02
  ho-165       1.5768E-01  1.5782E-01
  er-166       4.8275E-02  4.8868E-02
  er-168       1.0012E-02  1.0012E-02
------------
  totals       1.0003E+06  1.0003E+06
=========================================================================================================================
.
.
*************************************************************************************************************************
********************                                                                                 ********************
********************                                                                                 ********************
********************                    Written F71 File Information                                 ********************
********************                                                                                 ********************
********************                                                                                 ********************
*************************************************************************************************************************
.
.
   pos         time        power         flux      fluence       energy libpos   case   step DCGNAB
   (-)          (s)         (MW)    (n/cm2-s)      (n/cm2)        (MWd)    (-)    (-)    (-)    (-)
     1  4.75200e+07  0.00000e+00  0.00000e+00  3.43639e+22  3.88889e+04      1      2      0 DC----
     2  7.90800e+07  0.00000e+00  0.00000e+00  3.43639e+22  3.88889e+04      1      2      1 DC----
    D - state definition present
    C - concentrations present
    G - gamma emission spectra present
    N - neutron emission spectra present
    A - alpha emission spectra present
    B - beta emission spectra present
.
.
.
=========================================================================================================================
ORIGEN finished successfully.
=========================================================================================================================
    module origen used 0.730236 seconds cpu time for the current pass.

    module origen is finished. completion code    0. total cpu time used 4.1988e-006 seconds.


    SCALE is finished on Wed Feb 13 18:30:02 2019.
-------------------------- Summary --------------------------
arp finished. used 3.69544 seconds.
origen finished. used 0.740124 seconds.
SCALE driver required a maximum of 8.305 MiB of RAM.
------------------------ End Summary ------------------------

w17x17_100d.f33 copied to C:\Users\Teddy\Desktop\scale_test\output\w17x17_100d.f33.
discharge.f71 copied to C:\Users\Teddy\Desktop\scale_test\output\discharge.f71.
