 *******************************************************************************
 *                                                                             *
 *                                 SCALE 6.2.2                                 *
 *                                -------------                                *
 *                                February 2019                                *
 *                                                                             *
 *           SCALE:  A Comprehensive Modeling and Simulation Suite             *
 *                   for Nuclear Safety Analysis and Design                    *
 *                                                                             *
 *                      Reactor and Nuclear Systems Division                   *
 *                        Oak Ridge National Laboratory                        *
 *                                                                             *
 *                           http://scale.ornl.gov                             *
 *                            scalehelp@ornl.gov                               *
 *                                                                             *
 *******************************************************************************
 *******************************************************************************
      
                  Job Information
                  ---------------
      Job started on DESKTOP-J14NAA6 on Wed 13/02/2019 18:27:26
      Working directory: C:\Users\Teddy\AppData\Local\Temp\scale.Teddy.12052
      Input file name  : C:\Users\Teddy\Desktop\scale_test\output\2.800000_7777.777778.inp
      Output file name : C:\Users\Teddy\Desktop\scale_test\output\2.800000_7777.777778.out
      SCALE executable : C:\SCALE-6.2.2/bin/scale
      
 *******************************************************************************


    module arp will be called on Wed Feb 13 18:27:27 2019.
    sequence specification record:=arp
Input Data:

      'library type
      w17x17
      2.800000
      ' num cycles
      1
      ' num days per cycle
      550
      ' cycle average specific power (MW / MTU)
      14.141414
      ' number of interpolated cross section sets generated per cycle
      1
      ' moderator density (g/cc)
      0.723
      ' interpolated output ORIGEN library
      w17x17_100d.f33
end

1






        ************************************************************************************************************************
        ************************************************************************************************************************
        ************************************************************************************************************************
        *****                                                                                                              *****
        *****                                       program verification information                                       *****
        *****                                                                                                              *****
        *****                                   code system:  SCALE    version:  6.2                                       *****
        *****                                                                                                              *****
        ************************************************************************************************************************
        ************************************************************************************************************************
        *****                                                                                                              *****
        *****                                                                                                              *****
        *****              program:  arp.exe                                                                               *****
        *****                                                                                                              *****
        *****        creation date:   unknown                                                                              *****
        *****                                                                                                              *****
        *****              library:  C:\SCALE-6.2.2\bin                                                                    *****
        *****                                                                                                              *****
        *****                                                                                                              *****
        *****            prod code:  arp.exe                                                                               *****
        *****                                                                                                              *****
        *****              version:  6.2.2                                                                                 *****
        *****                                                                                                              *****
        *****              jobname:  Teddy                                                                                 *****
        *****                                                                                                              *****
        *****         machine name:  DESKTOP-J14NAA6                                                                       *****
        *****                                                                                                              *****
        *****    date of execution:  13_feb_2019                                                                           *****
        *****                                                                                                              *****
        *****    time of execution:  18:27:27.27                                                                           *****
        *****                                                                                                              *****
        *****                                                                                                              *****
        ************************************************************************************************************************
        ************************************************************************************************************************
        ************************************************************************************************************************


 'library type
    data library:       w17x17
       directory:       C:/SCALE-6.2.2/data/\arplibs
       definition:      C:/SCALE-6.2.2/data/\arpdata.txt
    u-235 enrichment:                        2.800

 ' num cycles
    number of cycles:                            1

 ' num days per cycle

 ' cycle average specific power (MW / MTU)

 ' number of interpolated cross section sets generated per cycle

 ' moderator density (g/cc)
    water density (g/cm3):                  0.7230
                                         cycle        cumulative      midpoint
   cycle time(d)        power(MW)      burnup(MWd/MTU)burnup(MWd/MTU)burnup(MWd/MTU)nlib
     1    550.000        14.1414        7777.78        7777.78        3888.89             1

 ' interpolated output ORIGEN library
    interpolated library name:                   w17x17_100d.f33
 interpolation type: spline
 Cross section library interpolation completed.
.
.
.
=========================================================================================================================
ARP finished successfully.
=========================================================================================================================
    module arp used 1.97512 seconds cpu time for the current pass.

    module arp is finished. completion code    0. total cpu time used 1.21299e-005 seconds.



    module origen will be called on Wed Feb 13 18:27:29 2019.
    sequence specification record:=origen
Input Data:

      case(irrad) {
          lib{
              file="w17x17_100d.f33" pos=1
          }
          mat {
              units=GRAMS
              iso=[u235=28000.000000 u238=972000.000000]
          }
          time = [ 550 ]
          power = [ 14.141414 ]
      }
      case (decay) {
          time {
              units=YEARS
              start=0
              t=[1]
          }
          save{ file="discharge.f71" steps=[0 LAST]}
      }
end

1






        ************************************************************************************************************************
        ************************************************************************************************************************
        ************************************************************************************************************************
        *****                                                                                                              *****
        *****                                       program verification information                                       *****
        *****                                                                                                              *****
        *****                                   code system:  SCALE    version:  6.2                                       *****
        *****                                                                                                              *****
        ************************************************************************************************************************
        ************************************************************************************************************************
        *****                                                                                                              *****
        *****                                                                                                              *****
        *****              program:  origen.exe                                                                            *****
        *****                                                                                                              *****
        *****        creation date:   unknown                                                                              *****
        *****                                                                                                              *****
        *****              library:  C:\SCALE-6.2.2\bin                                                                    *****
        *****                                                                                                              *****
        *****                                                                                                              *****
        *****            prod code:  origen.exe                                                                            *****
        *****                                                                                                              *****
        *****              version:  6.2.2                                                                                 *****
        *****                                                                                                              *****
        *****              jobname:  Teddy                                                                                 *****
        *****                                                                                                              *****
        *****         machine name:  DESKTOP-J14NAA6                                                                       *****
        *****                                                                                                              *****
        *****    date of execution:  13_feb_2019                                                                           *****
        *****                                                                                                              *****
        *****    time of execution:  18:27:29.25                                                                           *****
        *****                                                                                                              *****
        *****                                                                                                              *****
        ************************************************************************************************************************
        ************************************************************************************************************************
        ************************************************************************************************************************

*************************************************************************************************************************
********************                                                                                 ********************
********************                                                                                 ********************
********************                    USER INPUT SUMMARY                                           ********************
********************                                                                                 ********************
********************                                                                                 ********************
*************************************************************************************************************************
.
.
=========================================================================================================================
=   Case "irrad" (#1/2)                                                                                                 =
-------------------------------------------------------------------------------------------------------------------------
###   Library settings                                                                                                ###
.
                                Library file name:     C:/Users/Teddy/AppData/Local/Temp/scale.Teddy.12052/w17x17_100d.f33
                             Library set position:              1
                 Fission product reaction removal:             no
-------------------------------------------------------------------------------------------------------------------------
###   Global settings                                                                                                 ###
.
                                           Solver:              MATREX
                                             Mode:        forward
                             Fixed fission energy:             no
-------------------------------------------------------------------------------------------------------------------------
###   Concentrations output options                                                                                   ###
.
                            High-precision output:             no
                                  Relative cutoff:            yes
                         Step for applying cutoff:       integral
.
                      light els.   actinides  fis.prods.       total
                       nuc    el   nuc    el   nuc    el   nuc    el             cutoff
gram-atoms                                                                    1.000E-06
grams                                                      **                 1.000E-06
curies                                                                        1.000E-06
watts                                                                         1.000E-06
gamma watts                                                                   1.000E-06
m3 air                                                                        1.000E-06
m3 water                                                                      1.000E-06
grams ppm                                                                     1.000E-06
atoms ppm                                                                     1.000E-06
atoms/barn-cm                                                                 1.000E-06
becquerels                                                                    1.000E-06
-------------------------------------------------------------------------------------------------------------------------
###   Additional output options                                                                                       ###
.
                                      Print k-inf:             no
           Nuclides for absorption fraction print:           none
                              Print fission rates:             no
            Step for sorting absorption fractions:              1
=========================================================================================================================
=   Case "decay" (#2/2)                                                                                                 =
-------------------------------------------------------------------------------------------------------------------------
###   Library settings                                                                                                ###
.
                                Library file name:     C:/Users/Teddy/AppData/Local/Temp/scale.Teddy.12052/w17x17_100d.f33
                             Library set position:              1
                 Fission product reaction removal:             no
-------------------------------------------------------------------------------------------------------------------------
###   Global settings                                                                                                 ###
.
                                           Solver:              MATREX
                                             Mode:        forward
                             Fixed fission energy:             no
-------------------------------------------------------------------------------------------------------------------------
###   Concentrations output options                                                                                   ###
.
                            High-precision output:             no
                                  Relative cutoff:            yes
                         Step for applying cutoff:       integral
.
                      light els.   actinides  fis.prods.       total
                       nuc    el   nuc    el   nuc    el   nuc    el             cutoff
gram-atoms                                                                    1.000E-06
grams                                                      **                 1.000E-06
curies                                                                        1.000E-06
watts                                                                         1.000E-06
gamma watts                                                                   1.000E-06
m3 air                                                                        1.000E-06
m3 water                                                                      1.000E-06
grams ppm                                                                     1.000E-06
atoms ppm                                                                     1.000E-06
atoms/barn-cm                                                                 1.000E-06
becquerels                                                                    1.000E-06
-------------------------------------------------------------------------------------------------------------------------
###   Additional output options                                                                                       ###
.
                                      Print k-inf:             no
           Nuclides for absorption fraction print:           none
                              Print fission rates:             no
            Step for sorting absorption fractions:              1
=========================================================================================================================
###   Blending information                                                                                            ###
.
  --- no blending requested in this job ---
=========================================================================================================================
.
.
=========================================================================================================================
=   History overview for case 'irrad' (#1/2)                                                                            =
-------------------------------------------------------------------------------------------------------------------------
   step          t0          t1          dt           t        flux     fluence       power      energy
    (-)         (d)         (d)         (s)         (s)   (n/cm2-s)     (n/cm2)        (MW)       (MWd)
      1      0.0000    550.0000  4.7520E+07  4.7520E+07  1.2105E+14  5.7521E+21  1.4141E+01  7.7778E+03
          
              step - step index within this case
                t0 - time at beginning-of-step in input units
                t1 - time at end-of-step in input units
                dt - length of step in seconds
                 t - end-of-step cumulative time in seconds
              flux - flux in neutrons/cm^2-sec (CALCULATED)
           fluence - cumulative end-of-step fluence in neutrons/cm^2 (CALCULATED)
             power - power in mega-watts (INPUT)     
            energy - cumulative end-of-step energy released in mega-watt-days (INPUT)     
=========================================================================================================================
.
.
.
.
.
*************************************************************************************************************************
********************                                                                                 ********************
********************                                                                                 ********************
********************                    Library information                                          ********************
********************                                                                                 ********************
********************                                                                                 ********************
*************************************************************************************************************************
.
.
=========================================================================================================================
=   Library summary for case 'irrad' (#1/2)                                                                             =
-------------------------------------------------------------------------------------------------------------------------
filename: C:/Users/Teddy/AppData/Local/Temp/scale.Teddy.12052/w17x17_100d.f33 cross-section data taken from position number: 1
library title delimited by {}: 
{}
date library was produced: 538976288/538976288/538976288
total number of nuclides in library: 2237
number of light-element nuclides: 910
number of actinide nuclides: 176
number of fission product nuclides: 1151
number of nonzero off-diagonal matrix elements: 54564
=========================================================================================================================
.
.
*************************************************************************************************************************
********************                                                                                 ********************
********************                                                                                 ********************
********************                    Concentration tables                                         ********************
********************                                                                                 ********************
********************                                                                                 ********************
*************************************************************************************************************************
.
.
=========================================================================================================================
=   Nuclide concentrations in grams for case 'irrad' (#1/2)                                                             =
-------------------------------------------------------------------------------------------------------------------------
  (relative cutoff; integral of concentrations over time >   1.00E-06 % of integral of all concentrations over time)
.
                   0.000d    550.000d   
  he-4         0.0000E+00  2.7420E-01
  u-234        0.0000E+00  5.1261E-01
  u-235        2.8000E+04  2.0089E+04
  u-236        0.0000E+00  1.4037E+03
  u-237        0.0000E+00  1.5983E+00
  u-238        9.7200E+05  9.6641E+05
  u-239        0.0000E+00  2.1458E-01
  np-237       0.0000E+00  5.4818E+01
  np-238       0.0000E+00  6.3382E-02
  np-239       0.0000E+00  3.1022E+01
  pu-238       0.0000E+00  4.7258E+00
  pu-239       0.0000E+00  3.0689E+03
  pu-240       0.0000E+00  4.6661E+02
  pu-241       0.0000E+00  1.7982E+02
  pu-242       0.0000E+00  1.3316E+01
  am-241       0.0000E+00  3.2855E+00
  am-242m      0.0000E+00  3.1543E-02
  am-243       0.0000E+00  5.0600E-01
  cm-242       0.0000E+00  3.0551E-01
  cm-244       0.0000E+00  3.1123E-02
  as-75        0.0000E+00  3.0736E-02
  ge-76        0.0000E+00  8.4066E-02
  se-77        0.0000E+00  2.0908E-01
  se-78        0.0000E+00  5.6462E-01
  se-79        0.0000E+00  1.2333E+00
  se-80        0.0000E+00  3.3550E+00
  br-81        0.0000E+00  5.5061E+00
  se-82        0.0000E+00  8.7691E+00
  kr-82        0.0000E+00  3.7339E-02
  kr-83        0.0000E+00  1.3557E+01
  kr-84        0.0000E+00  2.7766E+01
  kr-85        0.0000E+00  7.1952E+00
  rb-85        0.0000E+00  2.7632E+01
  kr-86        0.0000E+00  5.2515E+01
  sr-86        0.0000E+00  2.1994E-02
  rb-87        0.0000E+00  6.9214E+01
  kr-88        0.0000E+00  2.6984E-02
  sr-88        0.0000E+00  9.6849E+01
  sr-89        0.0000E+00  1.5614E+01
  y-89         0.0000E+00  1.1496E+02
  sr-90        0.0000E+00  1.5695E+02
  y-90         0.0000E+00  4.0458E-02
  zr-90        0.0000E+00  2.9822E+00
  sr-91        0.0000E+00  1.6027E-01
  y-91         0.0000E+00  2.3969E+01
  zr-91        0.0000E+00  1.4212E+02
  sr-92        0.0000E+00  4.7700E-02
  y-92         0.0000E+00  6.3039E-02
  zr-92        0.0000E+00  1.7623E+02
  y-93         0.0000E+00  2.0011E-01
  zr-93        0.0000E+00  1.9099E+02
  zr-94        0.0000E+00  1.9930E+02
  zr-95        0.0000E+00  3.3494E+01
  nb-95        0.0000E+00  1.8276E+01
  nb-95m       0.0000E+00  2.0415E-02
  mo-95        0.0000E+00  1.6945E+02
  zr-96        0.0000E+00  2.0600E+02
  mo-96        0.0000E+00  1.9519E+00
  zr-97        0.0000E+00  3.5740E-01
  nb-97        0.0000E+00  2.5771E-02
  mo-97        0.0000E+00  1.9969E+02
  mo-98        0.0000E+00  2.0019E+02
  mo-99        0.0000E+00  1.5270E+00
  tc-99        0.0000E+00  2.0680E+02
  tc-99m       0.0000E+00  1.2229E-01
  mo-100       0.0000E+00  2.2434E+02
  ru-100       0.0000E+00  5.2041E+00
  ru-101       0.0000E+00  1.8883E+02
  ru-102       0.0000E+00  1.7072E+02
  ru-103       0.0000E+00  1.5882E+01
  rh-103       0.0000E+00  1.1508E+02
  ru-104       0.0000E+00  9.9789E+01
  pd-104       0.0000E+00  1.2213E+01
  ru-105       0.0000E+00  4.3069E-02
  rh-105       0.0000E+00  3.3152E-01
  pd-105       0.0000E+00  6.5936E+01
  ru-106       0.0000E+00  2.8729E+01
  pd-106       0.0000E+00  1.7029E+01
  pd-107       0.0000E+00  2.7013E+01
  pd-108       0.0000E+00  1.5973E+01
  pd-109       0.0000E+00  2.6890E-02
  ag-109       0.0000E+00  9.9242E+00
  pd-110       0.0000E+00  5.2682E+00
  ag-110m      0.0000E+00  2.5513E-02
  cd-110       0.0000E+00  8.5997E-01
  ag-111       0.0000E+00  8.0021E-02
  cd-111       0.0000E+00  2.7061E+00
  cd-112       0.0000E+00  1.6036E+00
  cd-113       0.0000E+00  7.0797E-02
  cd-114       0.0000E+00  2.2849E+00
  in-115       0.0000E+00  7.1133E-01
  sn-115       0.0000E+00  4.5429E-02
  cd-116       0.0000E+00  1.0105E+00
  sn-116       0.0000E+00  2.1601E-01
  sn-117       0.0000E+00  9.4180E-01
  sn-118       0.0000E+00  9.0628E-01
  sn-119       0.0000E+00  9.0521E-01
  sn-120       0.0000E+00  9.2645E-01
  sn-121m      0.0000E+00  7.0262E-02
  sb-121       0.0000E+00  9.1587E-01
  sn-122       0.0000E+00  1.1545E+00
  sn-123       0.0000E+00  4.3873E-02
  sb-123       0.0000E+00  1.1419E+00
  sn-124       0.0000E+00  1.8455E+00
  sn-125       0.0000E+00  2.8586E-02
  sb-125       0.0000E+00  1.9847E+00
  te-125       0.0000E+00  3.4996E-01
  te-125m      0.0000E+00  2.2172E-02
  sn-126       0.0000E+00  3.7922E+00
  te-126       0.0000E+00  1.0961E-01
  sb-127       0.0000E+00  1.1365E-01
  te-127m      0.0000E+00  3.3054E-01
  i-127        0.0000E+00  8.7116E+00
  te-128       0.0000E+00  1.9065E+01
  xe-128       0.0000E+00  1.0250E-01
  te-129m      0.0000E+00  5.1610E-01
  i-129        0.0000E+00  3.1457E+01
  te-130       0.0000E+00  8.7174E+01
  xe-130       0.0000E+00  3.0958E-01
  te-131m      0.0000E+00  9.2760E-02
  i-131        0.0000E+00  3.0465E+00
  xe-131       0.0000E+00  1.2765E+02
  xe-131m      0.0000E+00  4.9963E-02
  te-132       0.0000E+00  1.7664E+00
  i-132        0.0000E+00  5.3605E-02
  xe-132       0.0000E+00  2.2002E+02
  i-133        0.0000E+00  7.1312E-01
  xe-133       0.0000E+00  4.3183E+00
  xe-133m      0.0000E+00  5.3990E-02
  cs-133       0.0000E+00  3.0124E+02
  te-134       0.0000E+00  2.2774E-02
  i-134        0.0000E+00  3.4385E-02
  xe-134       0.0000E+00  3.6879E+02
  cs-134       0.0000E+00  8.2075E+00
  ba-134       0.0000E+00  1.4500E+00
  i-135        0.0000E+00  2.1621E-01
  xe-135       0.0000E+00  1.4018E-01
  cs-135       0.0000E+00  1.3864E+02
  xe-136       0.0000E+00  4.8923E+02
  cs-136       0.0000E+00  9.4242E-02
  ba-136       0.0000E+00  1.7219E+00
  cs-137       0.0000E+00  2.9544E+02
  ba-137       0.0000E+00  5.1870E+00
  ba-138       0.0000E+00  3.2023E+02
  ba-139       0.0000E+00  4.5172E-02
  la-139       0.0000E+00  3.0449E+02
  ba-140       0.0000E+00  9.7241E+00
  la-140       0.0000E+00  1.2888E+00
  ce-140       0.0000E+00  2.8968E+02
  la-141       0.0000E+00  1.1882E-01
  ce-141       0.0000E+00  2.3584E+01
  pr-141       0.0000E+00  2.6135E+02
  la-142       0.0000E+00  4.5262E-02
  ce-142       0.0000E+00  2.8145E+02
  nd-142       0.0000E+00  1.0695E+00
  ce-143       0.0000E+00  9.8400E-01
  pr-143       0.0000E+00  9.6791E+00
  nd-143       0.0000E+00  2.5348E+02
  ce-144       0.0000E+00  1.4290E+02
  nd-144       0.0000E+00  1.4010E+02
  pr-145       0.0000E+00  1.2139E-01
  nd-145       0.0000E+00  1.8779E+02
  nd-146       0.0000E+00  1.5582E+02
  nd-147       0.0000E+00  3.2344E+00
  pm-147       0.0000E+00  7.9309E+01
  sm-147       0.0000E+00  1.6890E+01
  nd-148       0.0000E+00  8.8995E+01
  pm-148       0.0000E+00  1.9713E-01
  pm-148m      0.0000E+00  4.5648E-01
  sm-148       0.0000E+00  1.0869E+01
  pm-149       0.0000E+00  3.9734E-01
  sm-149       0.0000E+00  1.7434E+00
  nd-150       0.0000E+00  3.9048E+01
  sm-150       0.0000E+00  6.1310E+01
  pm-151       0.0000E+00  8.7290E-02
  sm-151       0.0000E+00  6.7802E+00
  sm-152       0.0000E+00  3.1543E+01
  sm-153       0.0000E+00  1.4613E-01
  eu-153       0.0000E+00  1.6192E+01
  sm-154       0.0000E+00  6.1571E+00
  eu-154       0.0000E+00  1.6268E+00
  gd-154       0.0000E+00  6.5480E-02
  eu-155       0.0000E+00  1.1112E+00
  eu-156       0.0000E+00  3.1290E-01
  gd-156       0.0000E+00  4.8327E+00
  gd-157       0.0000E+00  2.8135E-02
  gd-158       0.0000E+00  1.7172E+00
  tb-159       0.0000E+00  2.6534E-01
  gd-160       0.0000E+00  1.1737E-01
  dy-161       0.0000E+00  4.5541E-02
  dy-162       0.0000E+00  2.6854E-02
------------
  totals       1.0000E+06  1.0000E+06
=========================================================================================================================
.
.
=========================================================================================================================
=   History overview for case 'decay' (#2/2)                                                                            =
-------------------------------------------------------------------------------------------------------------------------
   step          t0          t1          dt           t        flux     fluence       power      energy
    (-)         (y)         (y)         (s)         (s)   (n/cm2-s)     (n/cm2)        (MW)       (MWd)
      1      1.5057      2.5057  3.1560E+07  7.9080E+07  0.0000E+00  5.7521E+21  0.0000E+00  7.7778E+03
          
              step - step index within this case
                t0 - time at beginning-of-step in input units
                t1 - time at end-of-step in input units
                dt - length of step in seconds
                 t - end-of-step cumulative time in seconds
              flux - flux in neutrons/cm^2-sec (CALCULATED)
           fluence - cumulative end-of-step fluence in neutrons/cm^2 (CALCULATED)
             power - power in mega-watts (INPUT)     
            energy - cumulative end-of-step energy released in mega-watt-days (INPUT)     
=========================================================================================================================
.
.
.
.
.
*************************************************************************************************************************
********************                                                                                 ********************
********************                                                                                 ********************
********************                    Library information                                          ********************
********************                                                                                 ********************
********************                                                                                 ********************
*************************************************************************************************************************
.
.
=========================================================================================================================
=   Library summary for case 'decay' (#2/2)                                                                             =
-------------------------------------------------------------------------------------------------------------------------
filename: C:/Users/Teddy/AppData/Local/Temp/scale.Teddy.12052/w17x17_100d.f33 cross-section data taken from position number: 1
library title delimited by {}: 
{}
date library was produced: 538976288/538976288/538976288
total number of nuclides in library: 2237
number of light-element nuclides: 910
number of actinide nuclides: 176
number of fission product nuclides: 1151
number of nonzero off-diagonal matrix elements: 54564
=========================================================================================================================
.
.
*************************************************************************************************************************
********************                                                                                 ********************
********************                                                                                 ********************
********************                    Concentration tables                                         ********************
********************                                                                                 ********************
********************                                                                                 ********************
*************************************************************************************************************************
.
.
=========================================================================================================================
=   Nuclide concentrations in grams for case 'decay' (#2/2)                                                             =
-------------------------------------------------------------------------------------------------------------------------
  (relative cutoff; integral of concentrations over time >   1.00E-06 % of integral of all concentrations over time)
.
                   1.506y      2.506y   
  h-3          1.1128E-02  1.0519E-02
  he-4         2.7420E-01  2.8143E-01
  u-234        5.1261E-01  5.5099E-01
  u-235        2.0089E+04  2.0089E+04
  u-236        1.4037E+03  1.4037E+03
  u-237        1.5983E+00  5.3444E-06
  u-238        9.6641E+05  9.6641E+05
  u-239        2.1458E-01  0.0000E+00
  np-237       5.4818E+01  5.6428E+01
  np-238       6.3382E-02  5.8246E-09
  np-239       3.1022E+01  4.3663E-07
  pu-238       4.7258E+00  4.9899E+00
  pu-239       3.0689E+03  3.1000E+03
  pu-240       4.6661E+02  4.6656E+02
  pu-241       1.7982E+02  1.7130E+02
  pu-242       1.3316E+01  1.3317E+01
  am-241       3.2855E+00  1.1788E+01
  am-242m      3.1543E-02  3.1389E-02
  am-243       5.0600E-01  5.0723E-01
  cm-242       3.0551E-01  6.5377E-02
  cm-244       3.1123E-02  2.9973E-02
  ge-74        1.1210E-02  1.1210E-02
  as-75        3.0736E-02  3.0741E-02
  ge-76        8.4066E-02  8.4066E-02
  se-77        2.0908E-01  2.1021E-01
  se-78        5.6462E-01  5.6480E-01
  se-79        1.2333E+00  1.2333E+00
  se-80        3.3550E+00  3.3550E+00
  br-81        5.5061E+00  5.5064E+00
  se-82        8.7691E+00  8.7691E+00
  kr-82        3.7339E-02  3.7613E-02
  kr-83        1.3557E+01  1.3564E+01
  kr-84        2.7766E+01  2.7767E+01
  kr-85        7.1952E+00  6.7492E+00
  rb-85        2.7632E+01  2.8093E+01
  kr-86        5.2515E+01  5.2515E+01
  sr-86        2.1994E-02  2.4181E-02
  rb-87        6.9214E+01  6.9223E+01
  kr-88        2.6984E-02  0.0000E+00
  sr-88        9.6849E+01  9.6879E+01
  sr-89        1.5614E+01  1.0411E-01
  y-89         1.1496E+02  1.3047E+02
  sr-90        1.5695E+02  1.5322E+02
  y-90         4.0458E-02  3.8866E-02
  zr-90        2.9822E+00  6.7177E+00
  sr-91        1.6027E-01  0.0000E+00
  y-91         2.3969E+01  3.1869E-01
  zr-91        1.4212E+02  1.6594E+02
  sr-92        4.7700E-02  0.0000E+00
  y-92         6.3039E-02  0.0000E+00
  zr-92        1.7623E+02  1.7634E+02
  y-93         2.0011E-01  0.0000E+00
  zr-93        1.9099E+02  1.9119E+02
  zr-94        1.9930E+02  1.9931E+02
  zr-95        3.3494E+01  6.4231E-01
  nb-95        1.8276E+01  7.8251E-01
  nb-95m       2.0415E-02  4.1453E-04
  mo-95        1.6945E+02  2.1984E+02
  zr-96        2.0600E+02  2.0600E+02
  mo-96        1.9519E+00  1.9525E+00
  zr-97        3.5740E-01  0.0000E+00
  nb-97        2.5771E-02  0.0000E+00
  mo-97        1.9969E+02  2.0007E+02
  mo-98        2.0019E+02  2.0019E+02
  mo-99        1.5270E+00  0.0000E+00
  tc-99        2.0680E+02  2.0844E+02
  tc-99m       1.2229E-01  0.0000E+00
  mo-100       2.2434E+02  2.2434E+02
  ru-100       5.2041E+00  5.2041E+00
  ru-101       1.8883E+02  1.8884E+02
  ru-102       1.7072E+02  1.7072E+02
  ru-103       1.5882E+01  2.5071E-02
  rh-103       1.1508E+02  1.3095E+02
  ru-104       9.9789E+01  9.9793E+01
  pd-104       1.2213E+01  1.2213E+01
  ru-105       4.3069E-02  0.0000E+00
  rh-105       3.3152E-01  0.0000E+00
  pd-105       6.5936E+01  6.6312E+01
  ru-106       2.8729E+01  1.4540E+01
  pd-106       1.7029E+01  3.1218E+01
  pd-107       2.7013E+01  2.7015E+01
  pd-108       1.5973E+01  1.5973E+01
  pd-109       2.6890E-02  0.0000E+00
  ag-109       9.9242E+00  9.9511E+00
  pd-110       5.2682E+00  5.2682E+00
  ag-110m      2.5513E-02  9.2577E-03
  cd-110       8.5997E-01  8.7623E-01
  ag-111       8.0021E-02  1.3945E-16
  cd-111       2.7061E+00  2.7863E+00
  cd-112       1.6036E+00  1.6093E+00
  cd-113       7.0797E-02  7.1419E-02
  cd-114       2.2849E+00  2.2849E+00
  in-115       7.1133E-01  7.2502E-01
  sn-115       4.5429E-02  4.5765E-02
  cd-116       1.0105E+00  1.0105E+00
  sn-116       2.1601E-01  2.1603E-01
  sn-117       9.4180E-01  9.4242E-01
  sn-118       9.0628E-01  9.0637E-01
  sn-119       9.0521E-01  9.1533E-01
  sn-119m      1.7436E-02  7.3478E-03
  sn-120       9.2645E-01  9.2645E-01
  sn-121m      7.0262E-02  6.9161E-02
  sb-121       9.1587E-01  9.2001E-01
  sn-122       1.1545E+00  1.1545E+00
  te-122       1.3576E-02  1.3780E-02
  sn-123       4.3873E-02  6.1817E-03
  sb-123       1.1419E+00  1.1797E+00
  sn-124       1.8455E+00  1.8455E+00
  sn-125       2.8586E-02  1.1206E-13
  sb-125       1.9847E+00  1.5662E+00
  te-125       3.4996E-01  7.9753E-01
  te-125m      2.2172E-02  2.1763E-02
  sn-126       3.7922E+00  3.7922E+00
  te-126       1.0961E-01  1.1123E-01
  sb-127       1.1365E-01  0.0000E+00
  te-127m      3.3054E-01  3.4319E-02
  i-127        8.7116E+00  9.1337E+00
  te-128       1.9065E+01  1.9069E+01
  xe-128       1.0250E-01  1.0251E-01
  te-129m      5.1610E-01  2.7690E-04
  i-129        3.1457E+01  3.1994E+01
  te-130       8.7174E+01  8.7177E+01
  xe-130       3.0958E-01  3.1035E-01
  te-131m      9.2760E-02  0.0000E+00
  i-131        3.0465E+00  6.2965E-14
  xe-131       1.2765E+02  1.3085E+02
  xe-131m      4.9963E-02  8.0748E-11
  te-132       1.7664E+00  0.0000E+00
  i-132        5.3605E-02  0.0000E+00
  xe-132       2.2002E+02  2.2184E+02
  i-133        7.1312E-01  0.0000E+00
  xe-133       4.3183E+00  5.6510E-21
  xe-133m      5.3990E-02  0.0000E+00
  cs-133       3.0124E+02  3.0635E+02
  te-134       2.2774E-02  0.0000E+00
  i-134        3.4385E-02  0.0000E+00
  xe-134       3.6879E+02  3.6885E+02
  cs-134       8.2075E+00  5.8676E+00
  ba-134       1.4500E+00  3.7904E+00
  i-135        2.1621E-01  0.0000E+00
  xe-135       1.4018E-01  0.0000E+00
  cs-135       1.3864E+02  1.3900E+02
  xe-136       4.8923E+02  4.8923E+02
  cs-136       9.4242E-02  4.1552E-10
  ba-136       1.7219E+00  1.8161E+00
  cs-137       2.9544E+02  2.8871E+02
  ba-137       5.1870E+00  1.1918E+01
  ba-138       3.2023E+02  3.2026E+02
  ba-139       4.5172E-02  0.0000E+00
  la-139       3.0449E+02  3.0454E+02
  ba-140       9.7241E+00  2.3204E-08
  la-140       1.2888E+00  3.5168E-09
  ce-140       2.8968E+02  3.0069E+02
  la-141       1.1882E-01  0.0000E+00
  ce-141       2.3584E+01  9.8269E-03
  pr-141       2.6135E+02  2.8506E+02
  la-142       4.5262E-02  0.0000E+00
  ce-142       2.8145E+02  2.8150E+02
  nd-142       1.0695E+00  1.0740E+00
  ce-143       9.8400E-01  0.0000E+00
  pr-143       9.6791E+00  8.5016E-08
  nd-143       2.5348E+02  2.6416E+02
  ce-144       1.4290E+02  5.8762E+01
  nd-144       1.4010E+02  2.2424E+02
  pr-145       1.2139E-01  0.0000E+00
  nd-145       1.8779E+02  1.8792E+02
  nd-146       1.5582E+02  1.5583E+02
  nd-147       3.2344E+00  3.1303E-10
  pm-147       7.9309E+01  6.3407E+01
  sm-147       1.6890E+01  3.6029E+01
  nd-148       8.8995E+01  8.8995E+01
  pm-148       1.9713E-01  6.2229E-06
  pm-148m      4.5648E-01  9.9151E-04
  sm-148       1.0869E+01  1.1522E+01
  pm-149       3.9734E-01  0.0000E+00
  sm-149       1.7434E+00  2.1524E+00
  nd-150       3.9048E+01  3.9048E+01
  sm-150       6.1310E+01  6.1310E+01
  pm-151       8.7290E-02  0.0000E+00
  sm-151       6.7802E+00  6.8154E+00
  eu-151       1.6202E-02  6.8897E-02
  sm-152       3.1543E+01  3.1544E+01
  sm-153       1.4613E-01  0.0000E+00
  eu-153       1.6192E+01  1.6338E+01
  sm-154       6.1571E+00  6.1571E+00
  eu-154       1.6268E+00  1.5008E+00
  gd-154       6.5480E-02  1.9142E-01
  eu-155       1.1112E+00  9.6058E-01
  gd-155       1.7688E-02  1.6852E-01
  eu-156       3.1290E-01  1.8209E-08
  gd-156       4.8327E+00  5.1484E+00
  gd-157       2.8135E-02  3.0821E-02
  gd-158       1.7172E+00  1.7173E+00
  tb-159       2.6534E-01  2.6621E-01
  gd-160       1.1737E-01  1.1737E-01
  dy-161       4.5541E-02  4.7137E-02
  dy-162       2.6854E-02  2.6855E-02
  dy-163       1.3370E-02  1.3371E-02
------------
  totals       1.0000E+06  1.0000E+06
=========================================================================================================================
.
.
*************************************************************************************************************************
********************                                                                                 ********************
********************                                                                                 ********************
********************                    Written F71 File Information                                 ********************
********************                                                                                 ********************
********************                                                                                 ********************
*************************************************************************************************************************
.
.
   pos         time        power         flux      fluence       energy libpos   case   step DCGNAB
   (-)          (s)         (MW)    (n/cm2-s)      (n/cm2)        (MWd)    (-)    (-)    (-)    (-)
     1  4.75200e+07  0.00000e+00  0.00000e+00  5.75210e+21  7.77778e+03      1      2      0 DC----
     2  7.90800e+07  0.00000e+00  0.00000e+00  5.75210e+21  7.77778e+03      1      2      1 DC----
    D - state definition present
    C - concentrations present
    G - gamma emission spectra present
    N - neutron emission spectra present
    A - alpha emission spectra present
    B - beta emission spectra present
.
.
.
=========================================================================================================================
ORIGEN finished successfully.
=========================================================================================================================
    module origen used 0.395948 seconds cpu time for the current pass.

    module origen is finished. completion code    0. total cpu time used 4.66533e-006 seconds.


    SCALE is finished on Wed Feb 13 18:27:29 2019.
-------------------------- Summary --------------------------
arp finished. used 1.98404 seconds.
origen finished. used 0.401257 seconds.
SCALE driver required a maximum of 8.324 MiB of RAM.
------------------------ End Summary ------------------------

w17x17_100d.f33 copied to C:\Users\Teddy\Desktop\scale_test\output\w17x17_100d.f33.
discharge.f71 copied to C:\Users\Teddy\Desktop\scale_test\output\discharge.f71.
