 *******************************************************************************
 *                                                                             *
 *                                 SCALE 6.2.2                                 *
 *                                -------------                                *
 *                                February 2019                                *
 *                                                                             *
 *           SCALE:  A Comprehensive Modeling and Simulation Suite             *
 *                   for Nuclear Safety Analysis and Design                    *
 *                                                                             *
 *                      Reactor and Nuclear Systems Division                   *
 *                        Oak Ridge National Laboratory                        *
 *                                                                             *
 *                           http://scale.ornl.gov                             *
 *                            scalehelp@ornl.gov                               *
 *                                                                             *
 *******************************************************************************
 *******************************************************************************
      
                  Job Information
                  ---------------
      Job started on DESKTOP-J14NAA6 on Wed 13/02/2019 18:27:58
      Working directory: C:\Users\Teddy\AppData\Local\Temp\scale.Teddy.3080
      Input file name  : C:\Users\Teddy\Desktop\scale_test\output\2.800000_14848.484848.inp
      Output file name : C:\Users\Teddy\Desktop\scale_test\output\2.800000_14848.484848.out
      SCALE executable : C:\SCALE-6.2.2/bin/scale
      
 *******************************************************************************


    module arp will be called on Wed Feb 13 18:27:58 2019.
    sequence specification record:=arp
Input Data:

      'library type
      w17x17
      2.800000
      ' num cycles
      1
      ' num days per cycle
      550
      ' cycle average specific power (MW / MTU)
      26.997245
      ' number of interpolated cross section sets generated per cycle
      1
      ' moderator density (g/cc)
      0.723
      ' interpolated output ORIGEN library
      w17x17_100d.f33
end

1






        ************************************************************************************************************************
        ************************************************************************************************************************
        ************************************************************************************************************************
        *****                                                                                                              *****
        *****                                       program verification information                                       *****
        *****                                                                                                              *****
        *****                                   code system:  SCALE    version:  6.2                                       *****
        *****                                                                                                              *****
        ************************************************************************************************************************
        ************************************************************************************************************************
        *****                                                                                                              *****
        *****                                                                                                              *****
        *****              program:  arp.exe                                                                               *****
        *****                                                                                                              *****
        *****        creation date:   unknown                                                                              *****
        *****                                                                                                              *****
        *****              library:  C:\SCALE-6.2.2\bin                                                                    *****
        *****                                                                                                              *****
        *****                                                                                                              *****
        *****            prod code:  arp.exe                                                                               *****
        *****                                                                                                              *****
        *****              version:  6.2.2                                                                                 *****
        *****                                                                                                              *****
        *****              jobname:  Teddy                                                                                 *****
        *****                                                                                                              *****
        *****         machine name:  DESKTOP-J14NAA6                                                                       *****
        *****                                                                                                              *****
        *****    date of execution:  13_feb_2019                                                                           *****
        *****                                                                                                              *****
        *****    time of execution:  18:27:58.65                                                                           *****
        *****                                                                                                              *****
        *****                                                                                                              *****
        ************************************************************************************************************************
        ************************************************************************************************************************
        ************************************************************************************************************************


 'library type
    data library:       w17x17
       directory:       C:/SCALE-6.2.2/data/\arplibs
       definition:      C:/SCALE-6.2.2/data/\arpdata.txt
    u-235 enrichment:                        2.800

 ' num cycles
    number of cycles:                            1

 ' num days per cycle

 ' cycle average specific power (MW / MTU)

 ' number of interpolated cross section sets generated per cycle

 ' moderator density (g/cc)
    water density (g/cm3):                  0.7230
                                         cycle        cumulative      midpoint
   cycle time(d)        power(MW)      burnup(MWd/MTU)burnup(MWd/MTU)burnup(MWd/MTU)nlib
     1    550.000        26.9972        14848.5        14848.5        7424.24             1

 ' interpolated output ORIGEN library
    interpolated library name:                   w17x17_100d.f33
 interpolation type: spline
 Cross section library interpolation completed.
.
.
.
=========================================================================================================================
ARP finished successfully.
=========================================================================================================================
    module arp used 1.88259 seconds cpu time for the current pass.

    module arp is finished. completion code    0. total cpu time used 9.79719e-006 seconds.



    module origen will be called on Wed Feb 13 18:28:00 2019.
    sequence specification record:=origen
Input Data:

      case(irrad) {
          lib{
              file="w17x17_100d.f33" pos=1
          }
          mat {
              units=GRAMS
              iso=[u235=28000.000000 u238=972000.000000]
          }
          time = [ 550 ]
          power = [ 26.997245 ]
      }
      case (decay) {
          time {
              units=YEARS
              start=0
              t=[1]
          }
          save{ file="discharge.f71" steps=[0 LAST]}
      }
end

1






        ************************************************************************************************************************
        ************************************************************************************************************************
        ************************************************************************************************************************
        *****                                                                                                              *****
        *****                                       program verification information                                       *****
        *****                                                                                                              *****
        *****                                   code system:  SCALE    version:  6.2                                       *****
        *****                                                                                                              *****
        ************************************************************************************************************************
        ************************************************************************************************************************
        *****                                                                                                              *****
        *****                                                                                                              *****
        *****              program:  origen.exe                                                                            *****
        *****                                                                                                              *****
        *****        creation date:   unknown                                                                              *****
        *****                                                                                                              *****
        *****              library:  C:\SCALE-6.2.2\bin                                                                    *****
        *****                                                                                                              *****
        *****                                                                                                              *****
        *****            prod code:  origen.exe                                                                            *****
        *****                                                                                                              *****
        *****              version:  6.2.2                                                                                 *****
        *****                                                                                                              *****
        *****              jobname:  Teddy                                                                                 *****
        *****                                                                                                              *****
        *****         machine name:  DESKTOP-J14NAA6                                                                       *****
        *****                                                                                                              *****
        *****    date of execution:  13_feb_2019                                                                           *****
        *****                                                                                                              *****
        *****    time of execution:  18:28:00.54                                                                           *****
        *****                                                                                                              *****
        *****                                                                                                              *****
        ************************************************************************************************************************
        ************************************************************************************************************************
        ************************************************************************************************************************

*************************************************************************************************************************
********************                                                                                 ********************
********************                                                                                 ********************
********************                    USER INPUT SUMMARY                                           ********************
********************                                                                                 ********************
********************                                                                                 ********************
*************************************************************************************************************************
.
.
=========================================================================================================================
=   Case "irrad" (#1/2)                                                                                                 =
-------------------------------------------------------------------------------------------------------------------------
###   Library settings                                                                                                ###
.
                                Library file name:     C:/Users/Teddy/AppData/Local/Temp/scale.Teddy.3080/w17x17_100d.f33
                             Library set position:              1
                 Fission product reaction removal:             no
-------------------------------------------------------------------------------------------------------------------------
###   Global settings                                                                                                 ###
.
                                           Solver:              MATREX
                                             Mode:        forward
                             Fixed fission energy:             no
-------------------------------------------------------------------------------------------------------------------------
###   Concentrations output options                                                                                   ###
.
                            High-precision output:             no
                                  Relative cutoff:            yes
                         Step for applying cutoff:       integral
.
                      light els.   actinides  fis.prods.       total
                       nuc    el   nuc    el   nuc    el   nuc    el             cutoff
gram-atoms                                                                    1.000E-06
grams                                                      **                 1.000E-06
curies                                                                        1.000E-06
watts                                                                         1.000E-06
gamma watts                                                                   1.000E-06
m3 air                                                                        1.000E-06
m3 water                                                                      1.000E-06
grams ppm                                                                     1.000E-06
atoms ppm                                                                     1.000E-06
atoms/barn-cm                                                                 1.000E-06
becquerels                                                                    1.000E-06
-------------------------------------------------------------------------------------------------------------------------
###   Additional output options                                                                                       ###
.
                                      Print k-inf:             no
           Nuclides for absorption fraction print:           none
                              Print fission rates:             no
            Step for sorting absorption fractions:              1
=========================================================================================================================
=   Case "decay" (#2/2)                                                                                                 =
-------------------------------------------------------------------------------------------------------------------------
###   Library settings                                                                                                ###
.
                                Library file name:     C:/Users/Teddy/AppData/Local/Temp/scale.Teddy.3080/w17x17_100d.f33
                             Library set position:              1
                 Fission product reaction removal:             no
-------------------------------------------------------------------------------------------------------------------------
###   Global settings                                                                                                 ###
.
                                           Solver:              MATREX
                                             Mode:        forward
                             Fixed fission energy:             no
-------------------------------------------------------------------------------------------------------------------------
###   Concentrations output options                                                                                   ###
.
                            High-precision output:             no
                                  Relative cutoff:            yes
                         Step for applying cutoff:       integral
.
                      light els.   actinides  fis.prods.       total
                       nuc    el   nuc    el   nuc    el   nuc    el             cutoff
gram-atoms                                                                    1.000E-06
grams                                                      **                 1.000E-06
curies                                                                        1.000E-06
watts                                                                         1.000E-06
gamma watts                                                                   1.000E-06
m3 air                                                                        1.000E-06
m3 water                                                                      1.000E-06
grams ppm                                                                     1.000E-06
atoms ppm                                                                     1.000E-06
atoms/barn-cm                                                                 1.000E-06
becquerels                                                                    1.000E-06
-------------------------------------------------------------------------------------------------------------------------
###   Additional output options                                                                                       ###
.
                                      Print k-inf:             no
           Nuclides for absorption fraction print:           none
                              Print fission rates:             no
            Step for sorting absorption fractions:              1
=========================================================================================================================
###   Blending information                                                                                            ###
.
  --- no blending requested in this job ---
=========================================================================================================================
.
.
=========================================================================================================================
=   History overview for case 'irrad' (#1/2)                                                                            =
-------------------------------------------------------------------------------------------------------------------------
   step          t0          t1          dt           t        flux     fluence       power      energy
    (-)         (d)         (d)         (s)         (s)   (n/cm2-s)     (n/cm2)        (MW)       (MWd)
      1      0.0000    550.0000  4.7520E+07  4.7520E+07  2.4362E+14  1.1577E+22  2.6997E+01  1.4848E+04
          
              step - step index within this case
                t0 - time at beginning-of-step in input units
                t1 - time at end-of-step in input units
                dt - length of step in seconds
                 t - end-of-step cumulative time in seconds
              flux - flux in neutrons/cm^2-sec (CALCULATED)
           fluence - cumulative end-of-step fluence in neutrons/cm^2 (CALCULATED)
             power - power in mega-watts (INPUT)     
            energy - cumulative end-of-step energy released in mega-watt-days (INPUT)     
=========================================================================================================================
.
.
.
.
.
*************************************************************************************************************************
********************                                                                                 ********************
********************                                                                                 ********************
********************                    Library information                                          ********************
********************                                                                                 ********************
********************                                                                                 ********************
*************************************************************************************************************************
.
.
=========================================================================================================================
=   Library summary for case 'irrad' (#1/2)                                                                             =
-------------------------------------------------------------------------------------------------------------------------
filename: C:/Users/Teddy/AppData/Local/Temp/scale.Teddy.3080/w17x17_100d.f33 cross-section data taken from position number: 1
library title delimited by {}: 
{}
date library was produced: 538976288/538976288/538976288
total number of nuclides in library: 2237
number of light-element nuclides: 910
number of actinide nuclides: 176
number of fission product nuclides: 1151
number of nonzero off-diagonal matrix elements: 54564
=========================================================================================================================
.
.
*************************************************************************************************************************
********************                                                                                 ********************
********************                                                                                 ********************
********************                    Concentration tables                                         ********************
********************                                                                                 ********************
********************                                                                                 ********************
*************************************************************************************************************************
.
.
=========================================================================================================================
=   Nuclide concentrations in grams for case 'irrad' (#1/2)                                                             =
-------------------------------------------------------------------------------------------------------------------------
  (relative cutoff; integral of concentrations over time >   1.00E-06 % of integral of all concentrations over time)
.
                   0.000d    550.000d   
  h-3          0.0000E+00  2.2304E-02
  he-4         0.0000E+00  5.4778E-01
  u-234        0.0000E+00  9.0683E-01
  u-235        2.8000E+04  1.4694E+04
  u-236        0.0000E+00  2.3218E+03
  u-237        0.0000E+00  4.5003E+00
  u-238        9.7200E+05  9.6080E+05
  u-239        0.0000E+00  4.2796E-01
  np-237       0.0000E+00  1.4030E+02
  np-238       0.0000E+00  3.1829E-01
  np-239       0.0000E+00  6.1827E+01
  pu-238       0.0000E+00  2.2966E+01
  pu-239       0.0000E+00  4.2733E+03
  pu-240       0.0000E+00  1.0462E+03
  pu-241       0.0000E+00  6.2307E+02
  pu-242       0.0000E+00  9.6396E+01
  am-241       0.0000E+00  1.1040E+01
  am-242m      0.0000E+00  1.8978E-01
  am-242       0.0000E+00  2.6377E-02
  am-243       0.0000E+00  7.5848E+00
  cm-242       0.0000E+00  2.1337E+00
  cm-243       0.0000E+00  2.2678E-02
  cm-244       0.0000E+00  9.8672E-01
  cm-245       0.0000E+00  2.5047E-02
  ge-74        0.0000E+00  2.2849E-02
  as-75        0.0000E+00  5.9469E-02
  ge-76        0.0000E+00  1.5901E-01
  se-77        0.0000E+00  3.8896E-01
  se-78        0.0000E+00  1.0705E+00
  se-79        0.0000E+00  2.3289E+00
  se-80        0.0000E+00  6.2096E+00
  br-81        0.0000E+00  1.0294E+01
  se-82        0.0000E+00  1.6239E+01
  kr-82        0.0000E+00  1.3483E-01
  kr-83        0.0000E+00  2.3405E+01
  kr-84        0.0000E+00  5.1651E+01
  kr-85        0.0000E+00  1.2952E+01
  kr-85m       0.0000E+00  2.5438E-02
  rb-85        0.0000E+00  4.9612E+01
  kr-86        0.0000E+00  9.3992E+01
  sr-86        0.0000E+00  8.0836E-02
  rb-87        0.0000E+00  1.2380E+02
  kr-88        0.0000E+00  4.3534E-02
  sr-88        0.0000E+00  1.7274E+02
  sr-89        0.0000E+00  2.5208E+01
  y-89         0.0000E+00  2.0843E+02
  sr-90        0.0000E+00  2.7938E+02
  y-90         0.0000E+00  7.3154E-02
  zr-90        0.0000E+00  5.5581E+00
  sr-91        0.0000E+00  2.6334E-01
  y-91         0.0000E+00  4.0460E+01
  zr-91        0.0000E+00  2.5791E+02
  sr-92        0.0000E+00  7.9751E-02
  y-92         0.0000E+00  1.0540E-01
  zr-92        0.0000E+00  3.1979E+02
  y-93         0.0000E+00  3.4185E-01
  zr-93        0.0000E+00  3.4995E+02
  zr-94        0.0000E+00  3.6895E+02
  zr-95        0.0000E+00  6.0030E+01
  nb-95        0.0000E+00  3.2725E+01
  nb-95m       0.0000E+00  3.6599E-02
  mo-95        0.0000E+00  3.1460E+02
  zr-96        0.0000E+00  3.8586E+02
  mo-96        0.0000E+00  7.2699E+00
  zr-97        0.0000E+00  6.4731E-01
  nb-97        0.0000E+00  4.6736E-02
  mo-97        0.0000E+00  3.7843E+02
  mo-98        0.0000E+00  3.8418E+02
  mo-99        0.0000E+00  2.8283E+00
  tc-99        0.0000E+00  3.8874E+02
  tc-99m       0.0000E+00  2.2673E-01
  mo-100       0.0000E+00  4.3289E+02
  ru-100       0.0000E+00  1.9508E+01
  ru-101       0.0000E+00  3.6456E+02
  ru-102       0.0000E+00  3.4398E+02
  ru-103       0.0000E+00  3.3464E+01
  rh-103       0.0000E+00  2.2643E+02
  rh-103m      0.0000E+00  3.2848E-02
  ru-104       0.0000E+00  2.2127E+02
  pd-104       0.0000E+00  4.7652E+01
  ru-105       0.0000E+00  1.0373E-01
  rh-105       0.0000E+00  7.7406E-01
  pd-105       0.0000E+00  1.5125E+02
  ru-106       0.0000E+00  7.4913E+01
  pd-106       0.0000E+00  4.9540E+01
  pd-107       0.0000E+00  7.4513E+01
  pd-108       0.0000E+00  4.6572E+01
  pd-109       0.0000E+00  8.1020E-02
  ag-109       0.0000E+00  2.7887E+01
  pd-110       0.0000E+00  1.5168E+01
  ag-110m      0.0000E+00  1.3090E-01
  cd-110       0.0000E+00  4.8350E+00
  ag-111       0.0000E+00  2.2483E-01
  cd-111       0.0000E+00  7.4777E+00
  cd-112       0.0000E+00  4.1103E+00
  cd-113       0.0000E+00  9.1400E-02
  cd-114       0.0000E+00  5.4216E+00
  in-115       0.0000E+00  1.2375E+00
  sn-115       0.0000E+00  9.7940E-02
  cd-116       0.0000E+00  2.2213E+00
  sn-116       0.0000E+00  7.9403E-01
  sn-117       0.0000E+00  2.0462E+00
  sn-118       0.0000E+00  1.9287E+00
  sn-119       0.0000E+00  1.9021E+00
  sn-119m      0.0000E+00  3.6770E-02
  sn-120       0.0000E+00  1.9465E+00
  sn-121m      0.0000E+00  1.5280E-01
  sb-121       0.0000E+00  1.9204E+00
  sn-122       0.0000E+00  2.4609E+00
  te-122       0.0000E+00  5.6596E-02
  sn-123       0.0000E+00  1.0978E-01
  sb-123       0.0000E+00  2.3885E+00
  sn-124       0.0000E+00  3.9382E+00
  te-124       0.0000E+00  3.3411E-02
  sn-125       0.0000E+00  6.4098E-02
  sb-125       0.0000E+00  4.3170E+00
  te-125       0.0000E+00  7.5523E-01
  te-125m      0.0000E+00  4.8225E-02
  sn-126       0.0000E+00  8.3327E+00
  te-126       0.0000E+00  2.2185E-01
  sb-127       0.0000E+00  2.4445E-01
  te-127       0.0000E+00  2.2563E-02
  te-127m      0.0000E+00  5.6867E-01
  i-127        0.0000E+00  1.8543E+01
  te-128       0.0000E+00  4.0152E+01
  xe-128       0.0000E+00  4.4371E-01
  sb-129       0.0000E+00  3.5595E-02
  te-129m      0.0000E+00  1.0733E+00
  i-129        0.0000E+00  6.6213E+01
  te-130       0.0000E+00  1.7119E+02
  xe-130       0.0000E+00  1.2117E+00
  te-131m      0.0000E+00  1.9071E-01
  i-131        0.0000E+00  5.8378E+00
  xe-131       0.0000E+00  2.3349E+02
  xe-131m      0.0000E+00  9.7812E-02
  te-132       0.0000E+00  3.3398E+00
  i-132        0.0000E+00  1.0189E-01
  xe-132       0.0000E+00  4.5095E+02
  te-133m      0.0000E+00  2.9837E-02
  i-133        0.0000E+00  1.3239E+00
  xe-133       0.0000E+00  8.0158E+00
  xe-133m      0.0000E+00  1.0201E-01
  cs-133       0.0000E+00  5.6313E+02
  te-134       0.0000E+00  4.0393E-02
  i-134        0.0000E+00  6.3144E-02
  xe-134       0.0000E+00  7.0673E+02
  cs-134       0.0000E+00  3.0361E+01
  ba-134       0.0000E+00  5.4389E+00
  i-135        0.0000E+00  4.0302E-01
  xe-135       0.0000E+00  1.7365E-01
  cs-135       0.0000E+00  1.7774E+02
  xe-136       0.0000E+00  1.0441E+03
  cs-136       0.0000E+00  2.3913E-01
  ba-136       0.0000E+00  4.5358E+00
  cs-137       0.0000E+00  5.7031E+02
  ba-137       0.0000E+00  1.0139E+01
  cs-138       0.0000E+00  3.4405E-02
  ba-138       0.0000E+00  6.0903E+02
  ba-139       0.0000E+00  8.2164E-02
  la-139       0.0000E+00  5.7627E+02
  ba-140       0.0000E+00  1.7626E+01
  la-140       0.0000E+00  2.3509E+00
  ce-140       0.0000E+00  5.5378E+02
  la-141       0.0000E+00  2.1544E-01
  ce-141       0.0000E+00  4.2649E+01
  pr-141       0.0000E+00  4.9985E+02
  la-142       0.0000E+00  8.1322E-02
  ce-142       0.0000E+00  5.3242E+02
  nd-142       0.0000E+00  4.0506E+00
  ce-143       0.0000E+00  1.7421E+00
  pr-143       0.0000E+00  1.7101E+01
  nd-143       0.0000E+00  4.4197E+02
  ce-144       0.0000E+00  2.6226E+02
  nd-144       0.0000E+00  2.9872E+02
  pr-145       0.0000E+00  2.1647E-01
  nd-145       0.0000E+00  3.4352E+02
  nd-146       0.0000E+00  3.0327E+02
  nd-147       0.0000E+00  5.8831E+00
  pm-147       0.0000E+00  1.3109E+02
  sm-147       0.0000E+00  2.8112E+01
  nd-148       0.0000E+00  1.7218E+02
  pm-148       0.0000E+00  6.2048E-01
  pm-148m      0.0000E+00  9.1320E-01
  sm-148       0.0000E+00  3.3779E+01
  nd-149       0.0000E+00  2.1831E-02
  pm-149       0.0000E+00  8.5329E-01
  sm-149       0.0000E+00  1.9456E+00
  nd-150       0.0000E+00  7.8317E+01
  sm-150       0.0000E+00  1.2794E+02
  pm-151       0.0000E+00  1.7927E-01
  sm-151       0.0000E+00  8.6016E+00
  sm-152       0.0000E+00  6.0782E+01
  sm-153       0.0000E+00  4.5171E-01
  eu-153       0.0000E+00  4.3559E+01
  sm-154       0.0000E+00  1.4138E+01
  eu-154       0.0000E+00  6.5885E+00
  gd-154       0.0000E+00  2.7056E-01
  eu-155       0.0000E+00  3.0696E+00
  gd-155       0.0000E+00  2.6117E-02
  eu-156       0.0000E+00  1.3748E+00
  gd-156       0.0000E+00  1.7746E+01
  gd-157       0.0000E+00  4.6748E-02
  gd-158       0.0000E+00  4.9635E+00
  tb-159       0.0000E+00  7.5182E-01
  gd-160       0.0000E+00  3.3779E-01
  dy-160       0.0000E+00  2.3771E-02
  dy-161       0.0000E+00  1.2071E-01
  dy-162       0.0000E+00  8.1558E-02
  dy-163       0.0000E+00  4.6983E-02
------------
  totals       1.0000E+06  1.0000E+06
=========================================================================================================================
.
.
=========================================================================================================================
=   History overview for case 'decay' (#2/2)                                                                            =
-------------------------------------------------------------------------------------------------------------------------
   step          t0          t1          dt           t        flux     fluence       power      energy
    (-)         (y)         (y)         (s)         (s)   (n/cm2-s)     (n/cm2)        (MW)       (MWd)
      1      1.5057      2.5057  3.1560E+07  7.9080E+07  0.0000E+00  1.1577E+22  0.0000E+00  1.4848E+04
          
              step - step index within this case
                t0 - time at beginning-of-step in input units
                t1 - time at end-of-step in input units
                dt - length of step in seconds
                 t - end-of-step cumulative time in seconds
              flux - flux in neutrons/cm^2-sec (CALCULATED)
           fluence - cumulative end-of-step fluence in neutrons/cm^2 (CALCULATED)
             power - power in mega-watts (INPUT)     
            energy - cumulative end-of-step energy released in mega-watt-days (INPUT)     
=========================================================================================================================
.
.
.
.
.
*************************************************************************************************************************
********************                                                                                 ********************
********************                                                                                 ********************
********************                    Library information                                          ********************
********************                                                                                 ********************
********************                                                                                 ********************
*************************************************************************************************************************
.
.
=========================================================================================================================
=   Library summary for case 'decay' (#2/2)                                                                             =
-------------------------------------------------------------------------------------------------------------------------
filename: C:/Users/Teddy/AppData/Local/Temp/scale.Teddy.3080/w17x17_100d.f33 cross-section data taken from position number: 1
library title delimited by {}: 
{}
date library was produced: 538976288/538976288/538976288
total number of nuclides in library: 2237
number of light-element nuclides: 910
number of actinide nuclides: 176
number of fission product nuclides: 1151
number of nonzero off-diagonal matrix elements: 54564
=========================================================================================================================
.
.
*************************************************************************************************************************
********************                                                                                 ********************
********************                                                                                 ********************
********************                    Concentration tables                                         ********************
********************                                                                                 ********************
********************                                                                                 ********************
*************************************************************************************************************************
.
.
=========================================================================================================================
=   Nuclide concentrations in grams for case 'decay' (#2/2)                                                             =
-------------------------------------------------------------------------------------------------------------------------
  (relative cutoff; integral of concentrations over time >   1.00E-06 % of integral of all concentrations over time)
.
                   1.506y      2.506y   
  h-3          2.2304E-02  2.1084E-02
  he-4         5.4778E-01  5.8438E-01
  u-234        9.0683E-01  1.0953E+00
  u-235        1.4694E+04  1.4694E+04
  u-236        2.3218E+03  2.3219E+03
  u-237        4.5003E+00  1.8518E-05
  u-238        9.6080E+05  9.6080E+05
  u-239        4.2796E-01  0.0000E+00
  np-237       1.4030E+02  1.4485E+02
  np-238       3.1829E-01  3.5043E-08
  np-239       6.1827E+01  6.5445E-06
  pu-238       2.2966E+01  2.4765E+01
  pu-239       4.2733E+03  4.3354E+03
  pu-240       1.0462E+03  1.0461E+03
  pu-241       6.2307E+02  5.9356E+02
  pu-242       9.6396E+01  9.6401E+01
  am-241       1.1040E+01  4.0502E+01
  am-242m      1.8978E-01  1.8885E-01
  am-242       2.6377E-02  2.4365E-06
  am-243       7.5848E+00  7.6029E+00
  cm-242       2.1337E+00  4.5612E-01
  cm-243       2.2678E-02  2.2144E-02
  cm-244       9.8672E-01  9.5024E-01
  cm-245       2.5047E-02  2.5045E-02
  ge-74        2.2849E-02  2.2850E-02
  as-75        5.9469E-02  5.9478E-02
  ge-76        1.5901E-01  1.5901E-01
  se-77        3.8896E-01  3.9095E-01
  se-78        1.0705E+00  1.0708E+00
  se-79        2.3289E+00  2.3289E+00
  se-80        6.2096E+00  6.2096E+00
  br-81        1.0294E+01  1.0295E+01
  se-82        1.6239E+01  1.6239E+01
  kr-82        1.3483E-01  1.3582E-01
  kr-83        2.3405E+01  2.3417E+01
  kr-84        5.1651E+01  5.1654E+01
  kr-85        1.2952E+01  1.2149E+01
  kr-85m       2.5438E-02  0.0000E+00
  rb-85        4.9612E+01  5.0441E+01
  kr-86        9.3992E+01  9.3992E+01
  sr-86        8.0836E-02  8.8669E-02
  rb-87        1.2380E+02  1.2381E+02
  kr-88        4.3534E-02  0.0000E+00
  sr-88        1.7274E+02  1.7278E+02
  sr-89        2.5208E+01  1.6807E-01
  y-89         2.0843E+02  2.3347E+02
  sr-90        2.7938E+02  2.7274E+02
  y-90         7.3154E-02  6.9183E-02
  zr-90        5.5581E+00  1.2209E+01
  sr-91        2.6334E-01  0.0000E+00
  y-91         4.0460E+01  5.3786E-01
  zr-91        2.5791E+02  2.9811E+02
  sr-92        7.9751E-02  0.0000E+00
  y-92         1.0540E-01  0.0000E+00
  zr-92        3.1979E+02  3.1997E+02
  y-93         3.4185E-01  0.0000E+00
  zr-93        3.4995E+02  3.5029E+02
  zr-94        3.6895E+02  3.6896E+02
  zr-95        6.0030E+01  1.1512E+00
  nb-95        3.2725E+01  1.4024E+00
  nb-95m       3.6599E-02  7.4294E-04
  mo-95        3.1460E+02  4.0489E+02
  zr-96        3.8586E+02  3.8586E+02
  mo-96        7.2699E+00  7.2720E+00
  zr-97        6.4731E-01  0.0000E+00
  nb-97        4.6736E-02  0.0000E+00
  mo-97        3.7843E+02  3.7912E+02
  mo-98        3.8418E+02  3.8418E+02
  mo-99        2.8283E+00  0.0000E+00
  tc-99        3.8874E+02  3.9180E+02
  tc-99m       2.2673E-01  0.0000E+00
  ru-99        1.3738E-02  1.5125E-02
  mo-100       4.3289E+02  4.3289E+02
  ru-100       1.9508E+01  1.9508E+01
  ru-101       3.6456E+02  3.6458E+02
  ru-102       3.4398E+02  3.4399E+02
  ru-103       3.3464E+01  5.2825E-02
  rh-103       2.2643E+02  2.5988E+02
  rh-103m      3.2848E-02  5.1887E-05
  ru-104       2.2127E+02  2.2128E+02
  pd-104       4.7652E+01  4.7652E+01
  ru-105       1.0373E-01  0.0000E+00
  rh-105       7.7406E-01  0.0000E+00
  pd-105       1.5125E+02  1.5213E+02
  ru-106       7.4913E+01  3.7913E+01
  pd-106       4.9540E+01  8.6538E+01
  pd-107       7.4513E+01  7.4518E+01
  pd-108       4.6572E+01  4.6573E+01
  pd-109       8.1020E-02  0.0000E+00
  ag-109       2.7887E+01  2.7968E+01
  pd-110       1.5168E+01  1.5168E+01
  ag-110m      1.3090E-01  4.7498E-02
  cd-110       4.8350E+00  4.9184E+00
  ag-111       2.2483E-01  3.9179E-16
  cd-111       7.4777E+00  7.7031E+00
  cd-112       4.1103E+00  4.1249E+00
  cd-113       9.1400E-02  9.2931E-02
  cd-114       5.4216E+00  5.4216E+00
  in-115       1.2375E+00  1.2678E+00
  sn-115       9.7940E-02  9.8678E-02
  cd-116       2.2213E+00  2.2213E+00
  sn-116       7.9403E-01  7.9412E-01
  sn-117       2.0462E+00  2.0475E+00
  sn-118       1.9287E+00  1.9289E+00
  sn-119       1.9021E+00  1.9234E+00
  sn-119m      3.6770E-02  1.5496E-02
  sn-120       1.9465E+00  1.9465E+00
  sn-121m      1.5280E-01  1.5041E-01
  sb-121       1.9204E+00  1.9293E+00
  sn-122       2.4609E+00  2.4609E+00
  te-122       5.6596E-02  5.7449E-02
  sn-123       1.0978E-01  1.5468E-02
  sb-123       2.3885E+00  2.4829E+00
  sn-124       3.9382E+00  3.9382E+00
  te-124       3.3411E-02  4.5384E-02
  sn-125       6.4098E-02  2.5128E-13
  sb-125       4.3170E+00  3.4081E+00
  te-125       7.5523E-01  1.7291E+00
  te-125m      4.8225E-02  4.7357E-02
  sn-126       8.3327E+00  8.3326E+00
  te-126       2.2185E-01  2.2520E-01
  sb-127       2.4445E-01  0.0000E+00
  te-127       2.2563E-02  2.0961E-04
  te-127m      5.6867E-01  5.9873E-02
  i-127        1.8543E+01  1.9322E+01
  te-128       4.0152E+01  4.0161E+01
  xe-128       4.4371E-01  4.4375E-01
  sb-129       3.5595E-02  0.0000E+00
  te-129m      1.0733E+00  5.7588E-04
  i-129        6.6213E+01  6.7331E+01
  te-130       1.7119E+02  1.7119E+02
  xe-130       1.2117E+00  1.2147E+00
  te-131m      1.9071E-01  0.0000E+00
  i-131        5.8378E+00  1.2096E-13
  xe-131       2.3349E+02  2.3963E+02
  xe-131m      9.7812E-02  1.5605E-10
  te-132       3.3398E+00  0.0000E+00
  i-132        1.0189E-01  0.0000E+00
  xe-132       4.5095E+02  4.5440E+02
  te-133m      2.9837E-02  0.0000E+00
  i-133        1.3239E+00  0.0000E+00
  xe-133       8.0158E+00  1.0492E-20
  xe-133m      1.0201E-01  0.0000E+00
  cs-133       5.6313E+02  5.7261E+02
  te-134       4.0393E-02  0.0000E+00
  i-134        6.3144E-02  0.0000E+00
  xe-134       7.0673E+02  7.0683E+02
  cs-134       3.0361E+01  2.1706E+01
  ba-134       5.4389E+00  1.4096E+01
  i-135        4.0302E-01  0.0000E+00
  xe-135       1.7365E-01  0.0000E+00
  cs-135       1.7774E+02  1.7832E+02
  ba-135       1.4066E-02  1.4133E-02
  xe-136       1.0441E+03  1.0441E+03
  cs-136       2.3913E-01  1.0543E-09
  ba-136       4.5358E+00  4.7749E+00
  cs-137       5.7031E+02  5.5732E+02
  ba-137       1.0139E+01  2.3132E+01
  cs-138       3.4405E-02  0.0000E+00
  ba-138       6.0903E+02  6.0908E+02
  ba-139       8.2164E-02  0.0000E+00
  la-139       5.7627E+02  5.7636E+02
  ba-140       1.7626E+01  4.2059E-08
  la-140       2.3509E+00  6.3745E-09
  ce-140       5.5378E+02  5.7375E+02
  la-141       2.1544E-01  0.0000E+00
  ce-141       4.2649E+01  1.7771E-02
  pr-141       4.9985E+02  5.4271E+02
  la-142       8.1322E-02  0.0000E+00
  ce-142       5.3242E+02  5.3251E+02
  nd-142       4.0506E+00  4.0675E+00
  ce-143       1.7421E+00  0.0000E+00
  pr-143       1.7101E+01  1.5024E-07
  nd-143       4.4197E+02  4.6082E+02
  ce-144       2.6226E+02  1.0784E+02
  nd-144       2.9872E+02  4.5314E+02
  pr-145       2.1647E-01  0.0000E+00
  nd-145       3.4352E+02  3.4374E+02
  nd-146       3.0327E+02  3.0329E+02
  nd-147       5.8831E+00  5.6937E-10
  pm-147       1.3109E+02  1.0523E+02
  sm-147       2.8112E+01  5.9869E+01
  nd-148       1.7218E+02  1.7218E+02
  pm-148       6.2048E-01  1.2449E-05
  pm-148m      9.1320E-01  1.9835E-03
  sm-148       3.3779E+01  3.5311E+01
  nd-149       2.1831E-02  0.0000E+00
  pm-149       8.5329E-01  0.0000E+00
  sm-149       1.9456E+00  2.8212E+00
  nd-150       7.8317E+01  7.8317E+01
  sm-150       1.2794E+02  1.2794E+02
  pm-151       1.7927E-01  0.0000E+00
  sm-151       8.6016E+00  8.7149E+00
  eu-151       1.1802E-02  7.9180E-02
  sm-152       6.0782E+01  6.0783E+01
  gd-152       1.1976E-02  1.2112E-02
  sm-153       4.5171E-01  0.0000E+00
  eu-153       4.3559E+01  4.4011E+01
  sm-154       1.4138E+01  1.4138E+01
  eu-154       6.5885E+00  6.0784E+00
  gd-154       2.7056E-01  7.8064E-01
  eu-155       3.0696E+00  2.6534E+00
  gd-155       2.6117E-02  4.4275E-01
  eu-156       1.3748E+00  7.9702E-08
  gd-156       1.7746E+01  1.9127E+01
  gd-157       4.6748E-02  5.4758E-02
  gd-158       4.9635E+00  4.9638E+00
  tb-159       7.5182E-01  7.5446E-01
  gd-160       3.3779E-01  3.3779E-01
  dy-160       2.3771E-02  3.8096E-02
  dy-161       1.2071E-01  1.2551E-01
  dy-162       8.1558E-02  8.1561E-02
  dy-163       4.6983E-02  4.6984E-02
  dy-164       1.0789E-02  1.0789E-02
  ho-165       1.3642E-02  1.3651E-02
------------
  totals       1.0000E+06  1.0000E+06
=========================================================================================================================
.
.
*************************************************************************************************************************
********************                                                                                 ********************
********************                                                                                 ********************
********************                    Written F71 File Information                                 ********************
********************                                                                                 ********************
********************                                                                                 ********************
*************************************************************************************************************************
.
.
   pos         time        power         flux      fluence       energy libpos   case   step DCGNAB
   (-)          (s)         (MW)    (n/cm2-s)      (n/cm2)        (MWd)    (-)    (-)    (-)    (-)
     1  4.75200e+07  0.00000e+00  0.00000e+00  1.15767e+22  1.48485e+04      1      2      0 DC----
     2  7.90800e+07  0.00000e+00  0.00000e+00  1.15767e+22  1.48485e+04      1      2      1 DC----
    D - state definition present
    C - concentrations present
    G - gamma emission spectra present
    N - neutron emission spectra present
    A - alpha emission spectra present
    B - beta emission spectra present
.
.
.
=========================================================================================================================
ORIGEN finished successfully.
=========================================================================================================================
    module origen used 0.389369 seconds cpu time for the current pass.

    module origen is finished. completion code    0. total cpu time used 2.7992e-006 seconds.


    SCALE is finished on Wed Feb 13 18:28:00 2019.
-------------------------- Summary --------------------------
arp finished. used 1.88879 seconds.
origen finished. used 0.395004 seconds.
SCALE driver required a maximum of 8.293 MiB of RAM.
------------------------ End Summary ------------------------

w17x17_100d.f33 copied to C:\Users\Teddy\Desktop\scale_test\output\w17x17_100d.f33.
discharge.f71 copied to C:\Users\Teddy\Desktop\scale_test\output\discharge.f71.
