 *******************************************************************************
 *                                                                             *
 *                                 SCALE 6.2.2                                 *
 *                                -------------                                *
 *                                February 2019                                *
 *                                                                             *
 *           SCALE:  A Comprehensive Modeling and Simulation Suite             *
 *                   for Nuclear Safety Analysis and Design                    *
 *                                                                             *
 *                      Reactor and Nuclear Systems Division                   *
 *                        Oak Ridge National Laboratory                        *
 *                                                                             *
 *                           http://scale.ornl.gov                             *
 *                            scalehelp@ornl.gov                               *
 *                                                                             *
 *******************************************************************************
 *******************************************************************************
      
                  Job Information
                  ---------------
      Job started on DESKTOP-J14NAA6 on Wed 13/02/2019 18:32:04
      Working directory: C:\Users\Teddy\AppData\Local\Temp\scale.Teddy.10224
      Input file name  : C:\Users\Teddy\Desktop\scale_test\output\2.800000_60101.010101.inp
      Output file name : C:\Users\Teddy\Desktop\scale_test\output\2.800000_60101.010101.out
      SCALE executable : C:\SCALE-6.2.2/bin/scale
      
 *******************************************************************************


    module arp will be called on Wed Feb 13 18:32:04 2019.
    sequence specification record:=arp
Input Data:

      'library type
      w17x17
      2.800000
      ' num cycles
      1
      ' num days per cycle
      550
      ' cycle average specific power (MW / MTU)
      109.274564
      ' number of interpolated cross section sets generated per cycle
      1
      ' moderator density (g/cc)
      0.723
      ' interpolated output ORIGEN library
      w17x17_100d.f33
end

1






        ************************************************************************************************************************
        ************************************************************************************************************************
        ************************************************************************************************************************
        *****                                                                                                              *****
        *****                                       program verification information                                       *****
        *****                                                                                                              *****
        *****                                   code system:  SCALE    version:  6.2                                       *****
        *****                                                                                                              *****
        ************************************************************************************************************************
        ************************************************************************************************************************
        *****                                                                                                              *****
        *****                                                                                                              *****
        *****              program:  arp.exe                                                                               *****
        *****                                                                                                              *****
        *****        creation date:   unknown                                                                              *****
        *****                                                                                                              *****
        *****              library:  C:\SCALE-6.2.2\bin                                                                    *****
        *****                                                                                                              *****
        *****                                                                                                              *****
        *****            prod code:  arp.exe                                                                               *****
        *****                                                                                                              *****
        *****              version:  6.2.2                                                                                 *****
        *****                                                                                                              *****
        *****              jobname:  Teddy                                                                                 *****
        *****                                                                                                              *****
        *****         machine name:  DESKTOP-J14NAA6                                                                       *****
        *****                                                                                                              *****
        *****    date of execution:  13_feb_2019                                                                           *****
        *****                                                                                                              *****
        *****    time of execution:  18:32:04.68                                                                           *****
        *****                                                                                                              *****
        *****                                                                                                              *****
        ************************************************************************************************************************
        ************************************************************************************************************************
        ************************************************************************************************************************


 'library type
    data library:       w17x17
       directory:       C:/SCALE-6.2.2/data/\arplibs
       definition:      C:/SCALE-6.2.2/data/\arpdata.txt
    u-235 enrichment:                        2.800

 ' num cycles
    number of cycles:                            1

 ' num days per cycle

 ' cycle average specific power (MW / MTU)

 ' number of interpolated cross section sets generated per cycle

 ' moderator density (g/cc)
    water density (g/cm3):                  0.7230
                                         cycle        cumulative      midpoint
   cycle time(d)        power(MW)      burnup(MWd/MTU)burnup(MWd/MTU)burnup(MWd/MTU)nlib
     1    550.000        109.275        60101.0        60101.0        30050.5             1

 ' interpolated output ORIGEN library
    interpolated library name:                   w17x17_100d.f33
 interpolation type: spline
 Cross section library interpolation completed.
.
.
.
=========================================================================================================================
ARP finished successfully.
=========================================================================================================================
    module arp used 2.24053 seconds cpu time for the current pass.

    module arp is finished. completion code    0. total cpu time used 1.11968e-005 seconds.



    module origen will be called on Wed Feb 13 18:32:06 2019.
    sequence specification record:=origen
Input Data:

      case(irrad) {
          lib{
              file="w17x17_100d.f33" pos=1
          }
          mat {
              units=GRAMS
              iso=[u235=28000.000000 u238=972000.000000]
          }
          time = [ 550 ]
          power = [ 109.274564 ]
      }
      case (decay) {
          time {
              units=YEARS
              start=0
              t=[1]
          }
          save{ file="discharge.f71" steps=[0 LAST]}
      }
end

1






        ************************************************************************************************************************
        ************************************************************************************************************************
        ************************************************************************************************************************
        *****                                                                                                              *****
        *****                                       program verification information                                       *****
        *****                                                                                                              *****
        *****                                   code system:  SCALE    version:  6.2                                       *****
        *****                                                                                                              *****
        ************************************************************************************************************************
        ************************************************************************************************************************
        *****                                                                                                              *****
        *****                                                                                                              *****
        *****              program:  origen.exe                                                                            *****
        *****                                                                                                              *****
        *****        creation date:   unknown                                                                              *****
        *****                                                                                                              *****
        *****              library:  C:\SCALE-6.2.2\bin                                                                    *****
        *****                                                                                                              *****
        *****                                                                                                              *****
        *****            prod code:  origen.exe                                                                            *****
        *****                                                                                                              *****
        *****              version:  6.2.2                                                                                 *****
        *****                                                                                                              *****
        *****              jobname:  Teddy                                                                                 *****
        *****                                                                                                              *****
        *****         machine name:  DESKTOP-J14NAA6                                                                       *****
        *****                                                                                                              *****
        *****    date of execution:  13_feb_2019                                                                           *****
        *****                                                                                                              *****
        *****    time of execution:  18:32:06.93                                                                           *****
        *****                                                                                                              *****
        *****                                                                                                              *****
        ************************************************************************************************************************
        ************************************************************************************************************************
        ************************************************************************************************************************

*************************************************************************************************************************
********************                                                                                 ********************
********************                                                                                 ********************
********************                    USER INPUT SUMMARY                                           ********************
********************                                                                                 ********************
********************                                                                                 ********************
*************************************************************************************************************************
.
.
=========================================================================================================================
=   Case "irrad" (#1/2)                                                                                                 =
-------------------------------------------------------------------------------------------------------------------------
###   Library settings                                                                                                ###
.
                                Library file name:     C:/Users/Teddy/AppData/Local/Temp/scale.Teddy.10224/w17x17_100d.f33
                             Library set position:              1
                 Fission product reaction removal:             no
-------------------------------------------------------------------------------------------------------------------------
###   Global settings                                                                                                 ###
.
                                           Solver:              MATREX
                                             Mode:        forward
                             Fixed fission energy:             no
-------------------------------------------------------------------------------------------------------------------------
###   Concentrations output options                                                                                   ###
.
                            High-precision output:             no
                                  Relative cutoff:            yes
                         Step for applying cutoff:       integral
.
                      light els.   actinides  fis.prods.       total
                       nuc    el   nuc    el   nuc    el   nuc    el             cutoff
gram-atoms                                                                    1.000E-06
grams                                                      **                 1.000E-06
curies                                                                        1.000E-06
watts                                                                         1.000E-06
gamma watts                                                                   1.000E-06
m3 air                                                                        1.000E-06
m3 water                                                                      1.000E-06
grams ppm                                                                     1.000E-06
atoms ppm                                                                     1.000E-06
atoms/barn-cm                                                                 1.000E-06
becquerels                                                                    1.000E-06
-------------------------------------------------------------------------------------------------------------------------
###   Additional output options                                                                                       ###
.
                                      Print k-inf:             no
           Nuclides for absorption fraction print:           none
                              Print fission rates:             no
            Step for sorting absorption fractions:              1
=========================================================================================================================
=   Case "decay" (#2/2)                                                                                                 =
-------------------------------------------------------------------------------------------------------------------------
###   Library settings                                                                                                ###
.
                                Library file name:     C:/Users/Teddy/AppData/Local/Temp/scale.Teddy.10224/w17x17_100d.f33
                             Library set position:              1
                 Fission product reaction removal:             no
-------------------------------------------------------------------------------------------------------------------------
###   Global settings                                                                                                 ###
.
                                           Solver:              MATREX
                                             Mode:        forward
                             Fixed fission energy:             no
-------------------------------------------------------------------------------------------------------------------------
###   Concentrations output options                                                                                   ###
.
                            High-precision output:             no
                                  Relative cutoff:            yes
                         Step for applying cutoff:       integral
.
                      light els.   actinides  fis.prods.       total
                       nuc    el   nuc    el   nuc    el   nuc    el             cutoff
gram-atoms                                                                    1.000E-06
grams                                                      **                 1.000E-06
curies                                                                        1.000E-06
watts                                                                         1.000E-06
gamma watts                                                                   1.000E-06
m3 air                                                                        1.000E-06
m3 water                                                                      1.000E-06
grams ppm                                                                     1.000E-06
atoms ppm                                                                     1.000E-06
atoms/barn-cm                                                                 1.000E-06
becquerels                                                                    1.000E-06
-------------------------------------------------------------------------------------------------------------------------
###   Additional output options                                                                                       ###
.
                                      Print k-inf:             no
           Nuclides for absorption fraction print:           none
                              Print fission rates:             no
            Step for sorting absorption fractions:              1
=========================================================================================================================
###   Blending information                                                                                            ###
.
  --- no blending requested in this job ---
=========================================================================================================================
.
.
***Warning:  The flux over a step has changed by more than 20%.
=========================================================================================================================
=   History overview for case 'irrad' (#1/2)                                                                            =
-------------------------------------------------------------------------------------------------------------------------
   step          t0          t1          dt           t        flux     fluence       power      energy
    (-)         (d)         (d)         (s)         (s)   (n/cm2-s)     (n/cm2)        (MW)       (MWd)
      1      0.0000    550.0000  4.7520E+07  4.7520E+07  1.1913E+15  5.6611E+22  1.0927E+02  6.0101E+04
          
              step - step index within this case
                t0 - time at beginning-of-step in input units
                t1 - time at end-of-step in input units
                dt - length of step in seconds
                 t - end-of-step cumulative time in seconds
              flux - flux in neutrons/cm^2-sec (CALCULATED)
           fluence - cumulative end-of-step fluence in neutrons/cm^2 (CALCULATED)
             power - power in mega-watts (INPUT)     
            energy - cumulative end-of-step energy released in mega-watt-days (INPUT)     
=========================================================================================================================
.
.
.
.
.
*************************************************************************************************************************
********************                                                                                 ********************
********************                                                                                 ********************
********************                    Library information                                          ********************
********************                                                                                 ********************
********************                                                                                 ********************
*************************************************************************************************************************
.
.
=========================================================================================================================
=   Library summary for case 'irrad' (#1/2)                                                                             =
-------------------------------------------------------------------------------------------------------------------------
filename: C:/Users/Teddy/AppData/Local/Temp/scale.Teddy.10224/w17x17_100d.f33 cross-section data taken from position number: 1
library title delimited by {}: 
{}
date library was produced: 538976288/538976288/538976288
total number of nuclides in library: 2237
number of light-element nuclides: 910
number of actinide nuclides: 176
number of fission product nuclides: 1151
number of nonzero off-diagonal matrix elements: 54564
=========================================================================================================================
.
.
*************************************************************************************************************************
********************                                                                                 ********************
********************                                                                                 ********************
********************                    Concentration tables                                         ********************
********************                                                                                 ********************
********************                                                                                 ********************
*************************************************************************************************************************
.
.
=========================================================================================================================
=   Nuclide concentrations in grams for case 'irrad' (#1/2)                                                             =
-------------------------------------------------------------------------------------------------------------------------
  (relative cutoff; integral of concentrations over time >   1.00E-06 % of integral of all concentrations over time)
.
                   0.000d    550.000d   
  h-3          0.0000E+00  1.0172E-01
  he-4         0.0000E+00  2.9419E+00
  u-234        0.0000E+00  2.3728E+00
  u-235        2.8000E+04  1.3706E+03
  u-236        0.0000E+00  3.7962E+03
  u-237        0.0000E+00  2.7560E+01
  u-238        9.7200E+05  9.1823E+05
  u-239        0.0000E+00  2.0057E+00
  np-237       0.0000E+00  6.3162E+02
  np-238       0.0000E+00  6.4124E+00
  np-239       0.0000E+00  2.8829E+02
  pu-238       0.0000E+00  4.2859E+02
  pu-239       0.0000E+00  5.3044E+03
  pu-240       0.0000E+00  2.5875E+03
  pu-241       0.0000E+00  1.8062E+03
  pu-242       0.0000E+00  1.8295E+03
  pu-243       0.0000E+00  1.5799E+00
  pu-244       0.0000E+00  7.4784E-01
  am-241       0.0000E+00  1.9277E+01
  am-242m      0.0000E+00  3.1971E-01
  am-242       0.0000E+00  1.9926E-01
  am-243       0.0000E+00  6.7941E+02
  am-244m      0.0000E+00  9.5491E-02
  am-244       0.0000E+00  1.4857E-01
  cm-242       0.0000E+00  2.8674E+01
  cm-243       0.0000E+00  1.3281E+00
  cm-244       0.0000E+00  6.5649E+02
  cm-245       0.0000E+00  7.1938E+01
  cm-246       0.0000E+00  2.3803E+01
  cm-247       0.0000E+00  5.9974E-01
  cm-248       0.0000E+00  9.8363E-02
  ge-73        0.0000E+00  3.0194E-02
  ge-74        0.0000E+00  8.3422E-02
  as-75        0.0000E+00  2.0374E-01
  ge-76        0.0000E+00  5.6855E-01
  se-77        0.0000E+00  1.2051E+00
  se-78        0.0000E+00  4.0333E+00
  se-79        0.0000E+00  8.0662E+00
  se-80        0.0000E+00  2.0692E+01
  br-81        0.0000E+00  3.4268E+01
  se-82        0.0000E+00  5.5121E+01
  kr-82        0.0000E+00  2.1722E+00
  kr-83        0.0000E+00  4.7622E+01
  kr-84        0.0000E+00  1.8948E+02
  kr-85        0.0000E+00  3.9105E+01
  kr-85m       0.0000E+00  5.3756E-02
  rb-85        0.0000E+00  1.4827E+02
  kr-86        0.0000E+00  2.7830E+02
  rb-86        0.0000E+00  1.1258E-01
  sr-86        0.0000E+00  1.3278E+00
  kr-87        0.0000E+00  2.8632E-02
  rb-87        0.0000E+00  3.6421E+02
  kr-88        0.0000E+00  8.3727E-02
  sr-88        0.0000E+00  5.0164E+02
  sr-89        0.0000E+00  4.8554E+01
  y-89         0.0000E+00  6.1686E+02
  sr-90        0.0000E+00  8.0196E+02
  y-90         0.0000E+00  2.3481E-01
  zr-90        0.0000E+00  2.1042E+01
  sr-91        0.0000E+00  5.5701E-01
  y-91         0.0000E+00  8.5306E+01
  y-91m        0.0000E+00  2.8209E-02
  zr-91        0.0000E+00  8.0896E+02
  sr-92        0.0000E+00  1.8313E-01
  y-92         0.0000E+00  2.4196E-01
  zr-92        0.0000E+00  1.0104E+03
  y-93         0.0000E+00  8.5898E-01
  zr-93        0.0000E+00  1.1431E+03
  y-94         0.0000E+00  2.9052E-02
  zr-94        0.0000E+00  1.2778E+03
  mo-94        0.0000E+00  2.9769E-02
  zr-95        0.0000E+00  1.6323E+02
  nb-95        0.0000E+00  8.8357E+01
  nb-95m       0.0000E+00  9.9645E-02
  mo-95        0.0000E+00  1.0594E+03
  zr-96        0.0000E+00  1.4020E+03
  nb-96        0.0000E+00  2.5037E-02
  mo-96        0.0000E+00  1.2806E+02
  zr-97        0.0000E+00  2.0166E+00
  nb-97        0.0000E+00  1.4604E-01
  mo-97        0.0000E+00  1.4220E+03
  mo-98        0.0000E+00  1.5332E+03
  mo-99        0.0000E+00  9.4803E+00
  tc-99        0.0000E+00  1.3000E+03
  tc-99m       0.0000E+00  7.6550E-01
  ru-99        0.0000E+00  2.4521E-02
  mo-100       0.0000E+00  1.7528E+03
  ru-100       0.0000E+00  3.4742E+02
  mo-101       0.0000E+00  3.4970E-02
  tc-101       0.0000E+00  3.4029E-02
  ru-101       0.0000E+00  1.4259E+03
  mo-102       0.0000E+00  2.7339E-02
  ru-102       0.0000E+00  1.6945E+03
  ru-103       0.0000E+00  1.5046E+02
  rh-103       0.0000E+00  6.2289E+02
  rh-103m      0.0000E+00  1.4778E-01
  tc-104       0.0000E+00  4.3851E-02
  ru-104       0.0000E+00  1.3326E+03
  pd-104       0.0000E+00  7.9493E+02
  ru-105       0.0000E+00  5.8108E-01
  rh-105       0.0000E+00  3.5306E+00
  pd-105       0.0000E+00  7.7426E+02
  ru-106       0.0000E+00  5.5840E+02
  pd-106       0.0000E+00  6.9534E+02
  rh-107       0.0000E+00  2.9799E-02
  pd-107       0.0000E+00  6.1479E+02
  pd-108       0.0000E+00  4.2987E+02
  pd-109       0.0000E+00  8.0039E-01
  ag-109       0.0000E+00  1.8377E+02
  pd-110       0.0000E+00  1.5110E+02
  ag-110m      0.0000E+00  2.5463E+00
  cd-110       0.0000E+00  1.9699E+02
  ag-111       0.0000E+00  1.9339E+00
  cd-111       0.0000E+00  7.8699E+01
  pd-112       0.0000E+00  9.5769E-02
  cd-112       0.0000E+00  4.0295E+01
  cd-113       0.0000E+00  1.5150E-01
  cd-114       0.0000E+00  3.9920E+01
  cd-115       0.0000E+00  7.9450E-02
  cd-115m      0.0000E+00  1.0088E-01
  in-115       0.0000E+00  2.2736E+00
  sn-115       0.0000E+00  5.1301E-01
  cd-116       0.0000E+00  1.2464E+01
  sn-116       0.0000E+00  9.9577E+00
  sn-117       0.0000E+00  1.1045E+01
  sn-118       0.0000E+00  1.0356E+01
  sn-119       0.0000E+00  9.7199E+00
  sn-119m      0.0000E+00  1.4756E-01
  sn-120       0.0000E+00  1.0178E+01
  sn-121       0.0000E+00  2.9772E-02
  sn-121m      0.0000E+00  7.6139E-01
  sb-121       0.0000E+00  8.9124E+00
  sn-122       0.0000E+00  1.2967E+01
  te-122       0.0000E+00  1.3821E+00
  sn-123       0.0000E+00  5.8874E-01
  sb-123       0.0000E+00  1.1563E+01
  sn-124       0.0000E+00  2.0107E+01
  sb-124       0.0000E+00  2.7180E-01
  te-124       0.0000E+00  8.5931E-01
  sn-125       0.0000E+00  3.0569E-01
  sb-125       0.0000E+00  2.2326E+01
  te-125       0.0000E+00  4.4326E+00
  te-125m      0.0000E+00  2.5823E-01
  sn-126       0.0000E+00  4.5091E+01
  te-126       0.0000E+00  1.0825E+00
  sb-127       0.0000E+00  1.0904E+00
  te-127       0.0000E+00  9.3779E-02
  te-127m      0.0000E+00  9.0417E-01
  i-127        0.0000E+00  8.2182E+01
  te-128       0.0000E+00  1.9957E+02
  xe-128       0.0000E+00  1.1359E+01
  sb-129       0.0000E+00  1.5350E-01
  te-129       0.0000E+00  3.8597E-02
  te-129m      0.0000E+00  4.5800E+00
  i-129        0.0000E+00  3.1351E+02
  xe-129       0.0000E+00  1.5719E-01
  te-130       0.0000E+00  7.2501E+02
  i-130        0.0000E+00  6.4226E-02
  xe-130       0.0000E+00  2.8893E+01
  sb-131       0.0000E+00  3.1399E-02
  te-131       0.0000E+00  3.8233E-02
  te-131m      0.0000E+00  7.6883E-01
  i-131        0.0000E+00  2.1051E+01
  xe-131       0.0000E+00  5.6177E+02
  xe-131m      0.0000E+00  3.8378E-01
  te-132       0.0000E+00  1.1687E+01
  i-132        0.0000E+00  3.6070E-01
  xe-132       0.0000E+00  2.3504E+03
  te-133       0.0000E+00  2.2444E-02
  te-133m      0.0000E+00  9.1819E-02
  i-133        0.0000E+00  4.4298E+00
  xe-133       0.0000E+00  2.6766E+01
  xe-133m      0.0000E+00  3.5885E-01
  cs-133       0.0000E+00  1.7511E+03
  te-134       0.0000E+00  1.2025E-01
  i-134        0.0000E+00  2.0639E-01
  xe-134       0.0000E+00  2.8356E+03
  cs-134       0.0000E+00  4.4160E+02
  cs-134m      0.0000E+00  3.1877E-02
  ba-134       0.0000E+00  9.3014E+01
  i-135        0.0000E+00  1.3743E+00
  xe-135       0.0000E+00  1.6803E-01
  cs-135       0.0000E+00  3.2391E+02
  ba-135       0.0000E+00  1.2357E+00
  xe-136       0.0000E+00  4.8980E+03
  cs-136       0.0000E+00  1.7864E+00
  ba-136       0.0000E+00  3.3604E+01
  cs-137       0.0000E+00  2.3317E+03
  ba-137       0.0000E+00  4.6585E+01
  xe-138       0.0000E+00  4.1755E-02
  cs-138       0.0000E+00  1.0999E-01
  ba-138       0.0000E+00  2.3789E+03
  la-138       0.0000E+00  3.0760E-02
  cs-139       0.0000E+00  2.8431E-02
  ba-139       0.0000E+00  2.6218E-01
  la-139       0.0000E+00  2.1855E+03
  ba-140       0.0000E+00  5.5441E+01
  la-140       0.0000E+00  7.8129E+00
  ce-140       0.0000E+00  2.1846E+03
  ba-141       0.0000E+00  5.1894E-02
  la-141       0.0000E+00  6.7435E-01
  ce-141       0.0000E+00  1.3093E+02
  pr-141       0.0000E+00  1.8230E+03
  ba-142       0.0000E+00  2.7615E-02
  la-142       0.0000E+00  2.4731E-01
  ce-142       0.0000E+00  2.0401E+03
  pr-142       0.0000E+00  2.8690E-01
  nd-142       0.0000E+00  7.7749E+01
  la-143       0.0000E+00  3.6075E-02
  ce-143       0.0000E+00  5.0946E+00
  pr-143       0.0000E+00  4.9243E+01
  nd-143       0.0000E+00  8.9167E+02
  ce-144       0.0000E+00  8.5757E+02
  pr-144       0.0000E+00  3.6994E-02
  nd-144       0.0000E+00  1.8713E+03
  pr-145       0.0000E+00  6.5166E-01
  nd-145       0.0000E+00  1.0418E+03
  ce-146       0.0000E+00  2.0353E-02
  pr-146       0.0000E+00  3.6531E-02
  nd-146       0.0000E+00  1.4033E+03
  nd-147       0.0000E+00  1.8580E+01
  pm-147       0.0000E+00  1.9970E+02
  sm-147       0.0000E+00  4.2045E+01
  nd-148       0.0000E+00  7.3388E+02
  pm-148       0.0000E+00  3.7077E+00
  pm-148m      0.0000E+00  1.6270E+00
  sm-148       0.0000E+00  2.8343E+02
  nd-149       0.0000E+00  8.4542E-02
  pm-149       0.0000E+00  4.1238E+00
  sm-149       0.0000E+00  2.0726E+00
  nd-150       0.0000E+00  3.6676E+02
  sm-150       0.0000E+00  6.0312E+02
  pm-151       0.0000E+00  8.0395E-01
  sm-151       0.0000E+00  1.5326E+01
  sm-152       0.0000E+00  1.5203E+02
  sm-153       0.0000E+00  4.1826E+00
  eu-153       0.0000E+00  2.1040E+02
  sm-154       0.0000E+00  1.1140E+02
  eu-154       0.0000E+00  5.6210E+01
  gd-154       0.0000E+00  3.1537E+00
  eu-155       0.0000E+00  1.8822E+01
  gd-155       0.0000E+00  4.8489E-02
  sm-156       0.0000E+00  4.3021E-02
  eu-156       0.0000E+00  3.0386E+01
  gd-156       0.0000E+00  4.3640E+02
  eu-157       0.0000E+00  1.6163E-01
  gd-157       0.0000E+00  3.1999E-01
  gd-158       0.0000E+00  1.0816E+02
  gd-159       0.0000E+00  4.4053E-02
  tb-159       0.0000E+00  9.3940E+00
  gd-160       0.0000E+00  3.4400E+00
  tb-160       0.0000E+00  7.2100E-01
  dy-160       0.0000E+00  7.8071E-01
  tb-161       0.0000E+00  1.0120E-01
  dy-161       0.0000E+00  1.2708E+00
  dy-162       0.0000E+00  1.0759E+00
  dy-163       0.0000E+00  1.0733E+00
  dy-164       0.0000E+00  2.9402E-01
  ho-165       0.0000E+00  7.8223E-01
  er-166       0.0000E+00  3.1290E-01
  er-168       0.0000E+00  5.0936E-02
------------
  totals       1.0000E+06  1.0021E+06
=========================================================================================================================
.
.
=========================================================================================================================
=   History overview for case 'decay' (#2/2)                                                                            =
-------------------------------------------------------------------------------------------------------------------------
   step          t0          t1          dt           t        flux     fluence       power      energy
    (-)         (y)         (y)         (s)         (s)   (n/cm2-s)     (n/cm2)        (MW)       (MWd)
      1      1.5057      2.5057  3.1560E+07  7.9080E+07  0.0000E+00  5.6611E+22  0.0000E+00  6.0101E+04
          
              step - step index within this case
                t0 - time at beginning-of-step in input units
                t1 - time at end-of-step in input units
                dt - length of step in seconds
                 t - end-of-step cumulative time in seconds
              flux - flux in neutrons/cm^2-sec (CALCULATED)
           fluence - cumulative end-of-step fluence in neutrons/cm^2 (CALCULATED)
             power - power in mega-watts (INPUT)     
            energy - cumulative end-of-step energy released in mega-watt-days (INPUT)     
=========================================================================================================================
.
.
.
.
.
*************************************************************************************************************************
********************                                                                                 ********************
********************                                                                                 ********************
********************                    Library information                                          ********************
********************                                                                                 ********************
********************                                                                                 ********************
*************************************************************************************************************************
.
.
=========================================================================================================================
=   Library summary for case 'decay' (#2/2)                                                                             =
-------------------------------------------------------------------------------------------------------------------------
filename: C:/Users/Teddy/AppData/Local/Temp/scale.Teddy.10224/w17x17_100d.f33 cross-section data taken from position number: 1
library title delimited by {}: 
{}
date library was produced: 538976288/538976288/538976288
total number of nuclides in library: 2237
number of light-element nuclides: 910
number of actinide nuclides: 176
number of fission product nuclides: 1151
number of nonzero off-diagonal matrix elements: 54564
=========================================================================================================================
.
.
*************************************************************************************************************************
********************                                                                                 ********************
********************                                                                                 ********************
********************                    Concentration tables                                         ********************
********************                                                                                 ********************
********************                                                                                 ********************
*************************************************************************************************************************
.
.
=========================================================================================================================
=   Nuclide concentrations in grams for case 'decay' (#2/2)                                                             =
-------------------------------------------------------------------------------------------------------------------------
  (relative cutoff; integral of concentrations over time >   1.00E-06 % of integral of all concentrations over time)
.
                   1.506y      2.506y   
  h-3          1.0172E-01  9.6151E-02
  he-4         2.9419E+00  3.7926E+00
  u-234        2.3728E+00  5.8479E+00
  u-235        1.3706E+03  1.3707E+03
  u-236        3.7962E+03  3.7965E+03
  u-237        2.7560E+01  5.3682E-05
  u-238        9.1823E+05  9.1823E+05
  u-239        2.0057E+00  0.0000E+00
  np-237       6.3162E+02  6.5928E+02
  np-238       6.4124E+00  5.9037E-08
  np-239       2.8829E+02  5.8614E-04
  pu-238       4.2859E+02  4.5383E+02
  pu-239       5.3044E+03  5.5946E+03
  pu-240       2.5875E+03  2.6115E+03
  pu-241       1.8062E+03  1.7207E+03
  pu-242       1.8295E+03  1.8295E+03
  pu-243       1.5799E+00  2.1383E-11
  pu-244       7.4784E-01  7.4788E-01
  am-241       1.9277E+01  1.0470E+02
  am-242m      3.1971E-01  3.1815E-01
  am-242       1.9926E-01  4.1048E-06
  am-243       6.7941E+02  6.8093E+02
  am-244m      9.5491E-02  0.0000E+00
  am-244       1.4857E-01  5.9460E-12
  cm-242       2.8674E+01  6.0979E+00
  cm-243       1.3281E+00  1.2968E+00
  cm-244       6.5649E+02  6.3207E+02
  cm-245       7.1938E+01  7.1933E+01
  cm-246       2.3803E+01  2.3799E+01
  cm-247       5.9974E-01  5.9974E-01
  cm-248       9.8363E-02  9.8677E-02
  ge-73        3.0194E-02  3.0216E-02
  ge-74        8.3422E-02  8.3424E-02
  as-75        2.0374E-01  2.0377E-01
  ge-76        5.6855E-01  5.6855E-01
  se-76        1.4153E-02  1.4234E-02
  se-77        1.2051E+00  1.2106E+00
  se-78        4.0333E+00  4.0342E+00
  se-79        8.0662E+00  8.0663E+00
  se-80        2.0692E+01  2.0692E+01
  br-81        3.4268E+01  3.4270E+01
  se-82        5.5121E+01  5.5121E+01
  kr-82        2.1722E+00  2.1872E+00
  kr-83        4.7622E+01  4.7649E+01
  kr-84        1.8948E+02  1.8948E+02
  kr-85        3.9105E+01  3.6675E+01
  kr-85m       5.3756E-02  0.0000E+00
  rb-85        1.4827E+02  1.5076E+02
  kr-86        2.7830E+02  2.7830E+02
  rb-86        1.1258E-01  1.4107E-07
  sr-86        1.3278E+00  1.4404E+00
  kr-87        2.8632E-02  0.0000E+00
  rb-87        3.6421E+02  3.6424E+02
  kr-88        8.3727E-02  0.0000E+00
  sr-88        5.0164E+02  5.0174E+02
  sr-89        4.8554E+01  3.2374E-01
  y-89         6.1686E+02  6.6510E+02
  sr-90        8.0196E+02  7.8288E+02
  y-90         2.3481E-01  1.9859E-01
  zr-90        2.1042E+01  4.0157E+01
  sr-91        5.5701E-01  0.0000E+00
  y-91         8.5306E+01  1.1340E+00
  y-91m        2.8209E-02  0.0000E+00
  zr-91        8.0896E+02  8.9371E+02
  sr-92        1.8313E-01  0.0000E+00
  y-92         2.4196E-01  0.0000E+00
  zr-92        1.0104E+03  1.0108E+03
  y-93         8.5898E-01  0.0000E+00
  zr-93        1.1431E+03  1.1440E+03
  y-94         2.9052E-02  0.0000E+00
  zr-94        1.2778E+03  1.2779E+03
  mo-94        2.9769E-02  2.9769E-02
  zr-95        1.6323E+02  3.1302E+00
  nb-95        8.8357E+01  3.8130E+00
  nb-95m       9.9645E-02  2.0202E-03
  mo-95        1.0594E+03  1.3043E+03
  zr-96        1.4020E+03  1.4020E+03
  nb-96        2.5037E-02  0.0000E+00
  mo-96        1.2806E+02  1.2809E+02
  zr-97        2.0166E+00  0.0000E+00
  nb-97        1.4604E-01  0.0000E+00
  mo-97        1.4220E+03  1.4242E+03
  mo-98        1.5332E+03  1.5332E+03
  tc-98        1.6162E-02  1.6162E-02
  mo-99        9.4803E+00  0.0000E+00
  tc-99        1.3000E+03  1.3102E+03
  tc-99m       7.6550E-01  0.0000E+00
  ru-99        2.4521E-02  2.9160E-02
  mo-100       1.7528E+03  1.7528E+03
  ru-100       3.4742E+02  3.4742E+02
  mo-101       3.4970E-02  0.0000E+00
  tc-101       3.4029E-02  0.0000E+00
  ru-101       1.4259E+03  1.4260E+03
  mo-102       2.7339E-02  0.0000E+00
  ru-102       1.6945E+03  1.6946E+03
  ru-103       1.5046E+02  2.3751E-01
  rh-103       6.2289E+02  7.7327E+02
  rh-103m      1.4778E-01  2.3329E-04
  tc-104       4.3851E-02  0.0000E+00
  ru-104       1.3326E+03  1.3326E+03
  pd-104       7.9493E+02  7.9493E+02
  ru-105       5.8108E-01  0.0000E+00
  rh-105       3.5306E+00  0.0000E+00
  pd-105       7.7426E+02  7.7839E+02
  ru-106       5.5840E+02  2.8261E+02
  pd-106       6.9534E+02  9.7113E+02
  rh-107       2.9799E-02  0.0000E+00
  pd-107       6.1479E+02  6.1483E+02
  pd-108       4.2987E+02  4.2987E+02
  pd-109       8.0039E-01  0.0000E+00
  ag-109       1.8377E+02  1.8457E+02
  pd-110       1.5110E+02  1.5110E+02
  ag-110m      2.5463E+00  9.2394E-01
  cd-110       1.9699E+02  1.9861E+02
  ag-111       1.9339E+00  3.3698E-15
  cd-111       7.8699E+01  8.0637E+01
  pd-112       9.5769E-02  0.0000E+00
  cd-112       4.0295E+01  4.0405E+01
  cd-113       1.5150E-01  1.6256E-01
  cd-114       3.9920E+01  3.9920E+01
  cd-115       7.9450E-02  0.0000E+00
  cd-115m      1.0088E-01  3.4373E-04
  in-115       2.2736E+00  2.4564E+00
  sn-115       5.1301E-01  5.1734E-01
  cd-116       1.2464E+01  1.2465E+01
  sn-116       9.9577E+00  9.9585E+00
  sn-117       1.1045E+01  1.1052E+01
  sn-118       1.0356E+01  1.0357E+01
  sn-119       9.7199E+00  9.8055E+00
  sn-119m      1.4756E-01  6.2185E-02
  sn-120       1.0178E+01  1.0178E+01
  sn-121       2.9772E-02  4.0855E-05
  sn-121m      7.6139E-01  7.4946E-01
  sb-121       8.9124E+00  8.9541E+00
  sn-122       1.2967E+01  1.2967E+01
  te-122       1.3821E+00  1.4011E+00
  sn-123       5.8874E-01  8.2954E-02
  sb-123       1.1563E+01  1.2070E+01
  te-123       1.4917E-02  1.9759E-02
  sn-124       2.0107E+01  2.0107E+01
  sb-124       2.7180E-01  4.0519E-03
  te-124       8.5931E-01  1.1270E+00
  sn-125       3.0569E-01  1.1984E-12
  sb-125       2.2326E+01  1.7605E+01
  te-125       4.4326E+00  9.4727E+00
  te-125m      2.5823E-01  2.4475E-01
  sn-126       4.5091E+01  4.5091E+01
  te-126       1.0825E+00  1.1018E+00
  sb-127       1.0904E+00  0.0000E+00
  te-127       9.3779E-02  3.7496E-04
  te-127m      9.0417E-01  1.0711E-01
  i-127        8.2182E+01  8.4178E+01
  te-128       1.9957E+02  1.9960E+02
  xe-128       1.1359E+01  1.1360E+01
  sb-129       1.5350E-01  0.0000E+00
  te-129       3.8597E-02  2.2303E-06
  te-129m      4.5800E+00  2.4575E-03
  i-129        3.1351E+02  3.1828E+02
  xe-129       1.5719E-01  1.5845E-01
  te-130       7.2501E+02  7.2504E+02
  i-130        6.4226E-02  0.0000E+00
  xe-130       2.8893E+01  2.8958E+01
  sb-131       3.1399E-02  0.0000E+00
  te-131       3.8233E-02  0.0000E+00
  te-131m      7.6883E-01  0.0000E+00
  i-131        2.1051E+01  4.3806E-13
  xe-131       5.6177E+02  5.8404E+02
  xe-131m      3.8378E-01  5.8029E-10
  te-132       1.1687E+01  0.0000E+00
  i-132        3.6070E-01  0.0000E+00
  xe-132       2.3504E+03  2.3624E+03
  te-133       2.2444E-02  0.0000E+00
  te-133m      9.1819E-02  0.0000E+00
  i-133        4.4298E+00  0.0000E+00
  xe-133       2.6766E+01  3.5069E-20
  xe-133m      3.5885E-01  0.0000E+00
  cs-133       1.7511E+03  1.7827E+03
  te-134       1.2025E-01  0.0000E+00
  i-134        2.0639E-01  0.0000E+00
  xe-134       2.8356E+03  2.8360E+03
  cs-134       4.4160E+02  3.1571E+02
  cs-134m      3.1877E-02  0.0000E+00
  ba-134       9.3014E+01  2.1894E+02
  i-135        1.3743E+00  0.0000E+00
  xe-135       1.6803E-01  0.0000E+00
  cs-135       3.2391E+02  3.2546E+02
  ba-135       1.2357E+00  1.2368E+00
  xe-136       4.8980E+03  4.8980E+03
  cs-136       1.7864E+00  7.8761E-09
  ba-136       3.3604E+01  3.5390E+01
  cs-137       2.3317E+03  2.2786E+03
  ba-137       4.6585E+01  9.9706E+01
  xe-138       4.1755E-02  0.0000E+00
  cs-138       1.0999E-01  0.0000E+00
  ba-138       2.3789E+03  2.3791E+03
  la-138       3.0760E-02  3.0760E-02
  cs-139       2.8431E-02  0.0000E+00
  ba-139       2.6218E-01  0.0000E+00
  la-139       2.1855E+03  2.1858E+03
  ba-140       5.5441E+01  1.3229E-07
  la-140       7.8129E+00  2.0051E-08
  ce-140       2.1846E+03  2.2479E+03
  ba-141       5.1894E-02  0.0000E+00
  la-141       6.7435E-01  0.0000E+00
  ce-141       1.3093E+02  5.4563E-02
  pr-141       1.8230E+03  1.9546E+03
  ba-142       2.7615E-02  0.0000E+00
  la-142       2.4731E-01  0.0000E+00
  ce-142       2.0401E+03  2.0404E+03
  pr-142       2.8690E-01  0.0000E+00
  nd-142       7.7749E+01  7.8037E+01
  la-143       3.6075E-02  0.0000E+00
  ce-143       5.0946E+00  0.0000E+00
  pr-143       4.9243E+01  4.3331E-07
  nd-143       8.9167E+02  9.4605E+02
  ce-144       8.5757E+02  3.5263E+02
  pr-144       3.6994E-02  1.4854E-02
  nd-144       1.8713E+03  2.3763E+03
  pr-145       6.5166E-01  0.0000E+00
  nd-145       1.0418E+03  1.0424E+03
  ce-146       2.0353E-02  0.0000E+00
  pr-146       3.6531E-02  0.0000E+00
  nd-146       1.4033E+03  1.4033E+03
  nd-147       1.8580E+01  1.7983E-09
  pm-147       1.9970E+02  1.6777E+02
  sm-147       4.2045E+01  9.2572E+01
  nd-148       7.3388E+02  7.3388E+02
  pm-148       3.7077E+00  2.2180E-05
  pm-148m      1.6270E+00  3.5340E-03
  sm-148       2.8343E+02  2.8876E+02
  nd-149       8.4542E-02  0.0000E+00
  pm-149       4.1238E+00  0.0000E+00
  sm-149       2.0726E+00  6.2827E+00
  nd-150       3.6676E+02  3.6676E+02
  sm-150       6.0312E+02  6.0313E+02
  pm-151       8.0395E-01  0.0000E+00
  sm-151       1.5326E+01  1.6012E+01
  eu-151       4.5913E-03  1.2837E-01
  sm-152       1.5203E+02  1.5204E+02
  sm-153       4.1826E+00  0.0000E+00
  eu-153       2.1040E+02  2.1459E+02
  sm-154       1.1140E+02  1.1140E+02
  eu-154       5.6210E+01  5.1858E+01
  gd-154       3.1537E+00  7.5055E+00
  eu-155       1.8822E+01  1.6270E+01
  gd-155       4.8489E-02  2.6032E+00
  sm-156       4.3021E-02  0.0000E+00
  eu-156       3.0386E+01  1.7551E-06
  gd-156       4.3640E+02  4.6683E+02
  eu-157       1.6163E-01  0.0000E+00
  gd-157       3.1999E-01  4.8203E-01
  gd-158       1.0816E+02  1.0816E+02
  gd-159       4.4053E-02  0.0000E+00
  tb-159       9.3940E+00  9.4383E+00
  gd-160       3.4400E+00  3.4400E+00
  tb-160       7.2100E-01  2.1729E-02
  dy-160       7.8071E-01  1.4800E+00
  tb-161       1.0120E-01  1.2100E-17
  dy-161       1.2708E+00  1.3720E+00
  dy-162       1.0759E+00  1.0759E+00
  dy-163       1.0733E+00  1.0733E+00
  dy-164       2.9402E-01  2.9402E-01
  ho-165       7.8223E-01  7.8306E-01
  er-166       3.1290E-01  3.1701E-01
  er-167       1.6735E-02  1.6762E-02
  er-168       5.0936E-02  5.0936E-02
------------
  totals       1.0021E+06  1.0021E+06
=========================================================================================================================
.
.
*************************************************************************************************************************
********************                                                                                 ********************
********************                                                                                 ********************
********************                    Written F71 File Information                                 ********************
********************                                                                                 ********************
********************                                                                                 ********************
*************************************************************************************************************************
.
.
   pos         time        power         flux      fluence       energy libpos   case   step DCGNAB
   (-)          (s)         (MW)    (n/cm2-s)      (n/cm2)        (MWd)    (-)    (-)    (-)    (-)
     1  4.75200e+07  0.00000e+00  0.00000e+00  5.66113e+22  6.01010e+04      1      2      0 DC----
     2  7.90800e+07  0.00000e+00  0.00000e+00  5.66113e+22  6.01010e+04      1      2      1 DC----
    D - state definition present
    C - concentrations present
    G - gamma emission spectra present
    N - neutron emission spectra present
    A - alpha emission spectra present
    B - beta emission spectra present
.
.
.
=========================================================================================================================
ORIGEN finished successfully.
=========================================================================================================================
    module origen used 0.601737 seconds cpu time for the current pass.

    module origen is finished. completion code    0. total cpu time used 5.13186e-006 seconds.


    SCALE is finished on Wed Feb 13 18:32:07 2019.
-------------------------- Summary --------------------------
arp finished. used 2.24599 seconds.
origen finished. used 0.609096 seconds.
SCALE driver required a maximum of 8.301 MiB of RAM.
------------------------ End Summary ------------------------

w17x17_100d.f33 copied to C:\Users\Teddy\Desktop\scale_test\output\w17x17_100d.f33.
discharge.f71 copied to C:\Users\Teddy\Desktop\scale_test\output\discharge.f71.
