 *******************************************************************************
 *                                                                             *
 *                                 SCALE 6.2.2                                 *
 *                                -------------                                *
 *                                February 2019                                *
 *                                                                             *
 *           SCALE:  A Comprehensive Modeling and Simulation Suite             *
 *                   for Nuclear Safety Analysis and Design                    *
 *                                                                             *
 *                      Reactor and Nuclear Systems Division                   *
 *                        Oak Ridge National Laboratory                        *
 *                                                                             *
 *                           http://scale.ornl.gov                             *
 *                            scalehelp@ornl.gov                               *
 *                                                                             *
 *******************************************************************************
 *******************************************************************************
      
                  Job Information
                  ---------------
      Job started on DESKTOP-J14NAA6 on Wed 13/02/2019 18:31:11
      Working directory: C:\Users\Teddy\AppData\Local\Temp\scale.Teddy.9940
      Input file name  : C:\Users\Teddy\Desktop\scale_test\output\2.800000_52323.232323.inp
      Output file name : C:\Users\Teddy\Desktop\scale_test\output\2.800000_52323.232323.out
      SCALE executable : C:\SCALE-6.2.2/bin/scale
      
 *******************************************************************************


    module arp will be called on Wed Feb 13 18:31:12 2019.
    sequence specification record:=arp
Input Data:

      'library type
      w17x17
      2.800000
      ' num cycles
      1
      ' num days per cycle
      550
      ' cycle average specific power (MW / MTU)
      95.133150
      ' number of interpolated cross section sets generated per cycle
      1
      ' moderator density (g/cc)
      0.723
      ' interpolated output ORIGEN library
      w17x17_100d.f33
end

1






        ************************************************************************************************************************
        ************************************************************************************************************************
        ************************************************************************************************************************
        *****                                                                                                              *****
        *****                                       program verification information                                       *****
        *****                                                                                                              *****
        *****                                   code system:  SCALE    version:  6.2                                       *****
        *****                                                                                                              *****
        ************************************************************************************************************************
        ************************************************************************************************************************
        *****                                                                                                              *****
        *****                                                                                                              *****
        *****              program:  arp.exe                                                                               *****
        *****                                                                                                              *****
        *****        creation date:   unknown                                                                              *****
        *****                                                                                                              *****
        *****              library:  C:\SCALE-6.2.2\bin                                                                    *****
        *****                                                                                                              *****
        *****                                                                                                              *****
        *****            prod code:  arp.exe                                                                               *****
        *****                                                                                                              *****
        *****              version:  6.2.2                                                                                 *****
        *****                                                                                                              *****
        *****              jobname:  Teddy                                                                                 *****
        *****                                                                                                              *****
        *****         machine name:  DESKTOP-J14NAA6                                                                       *****
        *****                                                                                                              *****
        *****    date of execution:  13_feb_2019                                                                           *****
        *****                                                                                                              *****
        *****    time of execution:  18:31:12.67                                                                           *****
        *****                                                                                                              *****
        *****                                                                                                              *****
        ************************************************************************************************************************
        ************************************************************************************************************************
        ************************************************************************************************************************


 'library type
    data library:       w17x17
       directory:       C:/SCALE-6.2.2/data/\arplibs
       definition:      C:/SCALE-6.2.2/data/\arpdata.txt
    u-235 enrichment:                        2.800

 ' num cycles
    number of cycles:                            1

 ' num days per cycle

 ' cycle average specific power (MW / MTU)

 ' number of interpolated cross section sets generated per cycle

 ' moderator density (g/cc)
    water density (g/cm3):                  0.7230
                                         cycle        cumulative      midpoint
   cycle time(d)        power(MW)      burnup(MWd/MTU)burnup(MWd/MTU)burnup(MWd/MTU)nlib
     1    550.000        95.1331        52323.2        52323.2        26161.6             1

 ' interpolated output ORIGEN library
    interpolated library name:                   w17x17_100d.f33
 interpolation type: spline
 Cross section library interpolation completed.
.
.
.
=========================================================================================================================
ARP finished successfully.
=========================================================================================================================
    module arp used 2.5195 seconds cpu time for the current pass.

    module arp is finished. completion code    0. total cpu time used 1.25964e-005 seconds.



    module origen will be called on Wed Feb 13 18:31:15 2019.
    sequence specification record:=origen
Input Data:

      case(irrad) {
          lib{
              file="w17x17_100d.f33" pos=1
          }
          mat {
              units=GRAMS
              iso=[u235=28000.000000 u238=972000.000000]
          }
          time = [ 550 ]
          power = [ 95.133150 ]
      }
      case (decay) {
          time {
              units=YEARS
              start=0
              t=[1]
          }
          save{ file="discharge.f71" steps=[0 LAST]}
      }
end

1






        ************************************************************************************************************************
        ************************************************************************************************************************
        ************************************************************************************************************************
        *****                                                                                                              *****
        *****                                       program verification information                                       *****
        *****                                                                                                              *****
        *****                                   code system:  SCALE    version:  6.2                                       *****
        *****                                                                                                              *****
        ************************************************************************************************************************
        ************************************************************************************************************************
        *****                                                                                                              *****
        *****                                                                                                              *****
        *****              program:  origen.exe                                                                            *****
        *****                                                                                                              *****
        *****        creation date:   unknown                                                                              *****
        *****                                                                                                              *****
        *****              library:  C:\SCALE-6.2.2\bin                                                                    *****
        *****                                                                                                              *****
        *****                                                                                                              *****
        *****            prod code:  origen.exe                                                                            *****
        *****                                                                                                              *****
        *****              version:  6.2.2                                                                                 *****
        *****                                                                                                              *****
        *****              jobname:  Teddy                                                                                 *****
        *****                                                                                                              *****
        *****         machine name:  DESKTOP-J14NAA6                                                                       *****
        *****                                                                                                              *****
        *****    date of execution:  13_feb_2019                                                                           *****
        *****                                                                                                              *****
        *****    time of execution:  18:31:15.22                                                                           *****
        *****                                                                                                              *****
        *****                                                                                                              *****
        ************************************************************************************************************************
        ************************************************************************************************************************
        ************************************************************************************************************************

*************************************************************************************************************************
********************                                                                                 ********************
********************                                                                                 ********************
********************                    USER INPUT SUMMARY                                           ********************
********************                                                                                 ********************
********************                                                                                 ********************
*************************************************************************************************************************
.
.
=========================================================================================================================
=   Case "irrad" (#1/2)                                                                                                 =
-------------------------------------------------------------------------------------------------------------------------
###   Library settings                                                                                                ###
.
                                Library file name:     C:/Users/Teddy/AppData/Local/Temp/scale.Teddy.9940/w17x17_100d.f33
                             Library set position:              1
                 Fission product reaction removal:             no
-------------------------------------------------------------------------------------------------------------------------
###   Global settings                                                                                                 ###
.
                                           Solver:              MATREX
                                             Mode:        forward
                             Fixed fission energy:             no
-------------------------------------------------------------------------------------------------------------------------
###   Concentrations output options                                                                                   ###
.
                            High-precision output:             no
                                  Relative cutoff:            yes
                         Step for applying cutoff:       integral
.
                      light els.   actinides  fis.prods.       total
                       nuc    el   nuc    el   nuc    el   nuc    el             cutoff
gram-atoms                                                                    1.000E-06
grams                                                      **                 1.000E-06
curies                                                                        1.000E-06
watts                                                                         1.000E-06
gamma watts                                                                   1.000E-06
m3 air                                                                        1.000E-06
m3 water                                                                      1.000E-06
grams ppm                                                                     1.000E-06
atoms ppm                                                                     1.000E-06
atoms/barn-cm                                                                 1.000E-06
becquerels                                                                    1.000E-06
-------------------------------------------------------------------------------------------------------------------------
###   Additional output options                                                                                       ###
.
                                      Print k-inf:             no
           Nuclides for absorption fraction print:           none
                              Print fission rates:             no
            Step for sorting absorption fractions:              1
=========================================================================================================================
=   Case "decay" (#2/2)                                                                                                 =
-------------------------------------------------------------------------------------------------------------------------
###   Library settings                                                                                                ###
.
                                Library file name:     C:/Users/Teddy/AppData/Local/Temp/scale.Teddy.9940/w17x17_100d.f33
                             Library set position:              1
                 Fission product reaction removal:             no
-------------------------------------------------------------------------------------------------------------------------
###   Global settings                                                                                                 ###
.
                                           Solver:              MATREX
                                             Mode:        forward
                             Fixed fission energy:             no
-------------------------------------------------------------------------------------------------------------------------
###   Concentrations output options                                                                                   ###
.
                            High-precision output:             no
                                  Relative cutoff:            yes
                         Step for applying cutoff:       integral
.
                      light els.   actinides  fis.prods.       total
                       nuc    el   nuc    el   nuc    el   nuc    el             cutoff
gram-atoms                                                                    1.000E-06
grams                                                      **                 1.000E-06
curies                                                                        1.000E-06
watts                                                                         1.000E-06
gamma watts                                                                   1.000E-06
m3 air                                                                        1.000E-06
m3 water                                                                      1.000E-06
grams ppm                                                                     1.000E-06
atoms ppm                                                                     1.000E-06
atoms/barn-cm                                                                 1.000E-06
becquerels                                                                    1.000E-06
-------------------------------------------------------------------------------------------------------------------------
###   Additional output options                                                                                       ###
.
                                      Print k-inf:             no
           Nuclides for absorption fraction print:           none
                              Print fission rates:             no
            Step for sorting absorption fractions:              1
=========================================================================================================================
###   Blending information                                                                                            ###
.
  --- no blending requested in this job ---
=========================================================================================================================
.
.
***Warning:  The flux over a step has changed by more than 20%.
=========================================================================================================================
=   History overview for case 'irrad' (#1/2)                                                                            =
-------------------------------------------------------------------------------------------------------------------------
   step          t0          t1          dt           t        flux     fluence       power      energy
    (-)         (d)         (d)         (s)         (s)   (n/cm2-s)     (n/cm2)        (MW)       (MWd)
      1      0.0000    550.0000  4.7520E+07  4.7520E+07  1.0117E+15  4.8074E+22  9.5133E+01  5.2323E+04
          
              step - step index within this case
                t0 - time at beginning-of-step in input units
                t1 - time at end-of-step in input units
                dt - length of step in seconds
                 t - end-of-step cumulative time in seconds
              flux - flux in neutrons/cm^2-sec (CALCULATED)
           fluence - cumulative end-of-step fluence in neutrons/cm^2 (CALCULATED)
             power - power in mega-watts (INPUT)     
            energy - cumulative end-of-step energy released in mega-watt-days (INPUT)     
=========================================================================================================================
.
.
.
.
.
*************************************************************************************************************************
********************                                                                                 ********************
********************                                                                                 ********************
********************                    Library information                                          ********************
********************                                                                                 ********************
********************                                                                                 ********************
*************************************************************************************************************************
.
.
=========================================================================================================================
=   Library summary for case 'irrad' (#1/2)                                                                             =
-------------------------------------------------------------------------------------------------------------------------
filename: C:/Users/Teddy/AppData/Local/Temp/scale.Teddy.9940/w17x17_100d.f33 cross-section data taken from position number: 1
library title delimited by {}: 
{}
date library was produced: 538976288/538976288/538976288
total number of nuclides in library: 2237
number of light-element nuclides: 910
number of actinide nuclides: 176
number of fission product nuclides: 1151
number of nonzero off-diagonal matrix elements: 54564
=========================================================================================================================
.
.
*************************************************************************************************************************
********************                                                                                 ********************
********************                                                                                 ********************
********************                    Concentration tables                                         ********************
********************                                                                                 ********************
********************                                                                                 ********************
*************************************************************************************************************************
.
.
=========================================================================================================================
=   Nuclide concentrations in grams for case 'irrad' (#1/2)                                                             =
-------------------------------------------------------------------------------------------------------------------------
  (relative cutoff; integral of concentrations over time >   1.00E-06 % of integral of all concentrations over time)
.
                   0.000d    550.000d   
  h-3          0.0000E+00  8.8038E-02
  he-4         0.0000E+00  2.5455E+00
  u-234        0.0000E+00  2.2166E+00
  u-235        2.8000E+04  2.1617E+03
  u-236        0.0000E+00  3.8498E+03
  u-237        0.0000E+00  2.4197E+01
  u-238        9.7200E+05  9.2620E+05
  u-239        0.0000E+00  1.7156E+00
  np-237       0.0000E+00  5.8553E+02
  np-238       0.0000E+00  5.1096E+00
  np-239       0.0000E+00  2.4683E+02
  pu-238       0.0000E+00  3.4962E+02
  pu-239       0.0000E+00  5.3092E+03
  pu-240       0.0000E+00  2.4051E+03
  pu-241       0.0000E+00  1.7623E+03
  pu-242       0.0000E+00  1.5946E+03
  pu-243       0.0000E+00  1.2006E+00
  pu-244       0.0000E+00  4.8080E-01
  am-241       0.0000E+00  2.1618E+01
  am-242m      0.0000E+00  3.6079E-01
  am-242       0.0000E+00  1.9178E-01
  am-243       0.0000E+00  5.5309E+02
  am-244m      0.0000E+00  6.6775E-02
  am-244       0.0000E+00  1.0389E-01
  cm-242       0.0000E+00  2.7187E+01
  cm-243       0.0000E+00  1.1772E+00
  cm-244       0.0000E+00  4.5534E+02
  cm-245       0.0000E+00  4.9949E+01
  cm-246       0.0000E+00  1.3267E+01
  cm-247       0.0000E+00  2.9063E-01
  cm-248       0.0000E+00  4.0103E-02
  ge-73        0.0000E+00  2.6575E-02
  ge-74        0.0000E+00  7.2586E-02
  as-75        0.0000E+00  1.8154E-01
  ge-76        0.0000E+00  5.0402E-01
  se-77        0.0000E+00  1.0940E+00
  se-78        0.0000E+00  3.5502E+00
  se-79        0.0000E+00  7.1996E+00
  se-80        0.0000E+00  1.8491E+01
  br-81        0.0000E+00  3.0770E+01
  se-82        0.0000E+00  4.9211E+01
  kr-82        0.0000E+00  1.6755E+00
  kr-83        0.0000E+00  4.6547E+01
  kr-84        0.0000E+00  1.6704E+02
  kr-85        0.0000E+00  3.5423E+01
  kr-85m       0.0000E+00  4.9313E-02
  rb-85        0.0000E+00  1.3464E+02
  kr-86        0.0000E+00  2.5292E+02
  rb-86        0.0000E+00  8.6946E-02
  sr-86        0.0000E+00  1.0128E+00
  kr-87        0.0000E+00  2.6444E-02
  rb-87        0.0000E+00  3.3136E+02
  kr-88        0.0000E+00  7.7792E-02
  sr-88        0.0000E+00  4.5716E+02
  sr-89        0.0000E+00  4.5102E+01
  y-89         0.0000E+00  5.6097E+02
  sr-90        0.0000E+00  7.3196E+02
  y-90         0.0000E+00  2.0994E-01
  zr-90        0.0000E+00  1.8549E+01
  sr-91        0.0000E+00  5.1159E-01
  y-91         0.0000E+00  7.8825E+01
  y-91m        0.0000E+00  2.5908E-02
  zr-91        0.0000E+00  7.3291E+02
  sr-92        0.0000E+00  1.6660E-01
  y-92         0.0000E+00  2.2013E-01
  zr-92        0.0000E+00  9.1014E+02
  y-93         0.0000E+00  7.7401E-01
  zr-93        0.0000E+00  1.0266E+03
  y-94         0.0000E+00  2.6072E-02
  zr-94        0.0000E+00  1.1373E+03
  mo-94        0.0000E+00  2.2186E-02
  zr-95        0.0000E+00  1.4588E+02
  nb-95        0.0000E+00  7.9070E+01
  nb-95m       0.0000E+00  8.9037E-02
  mo-95        0.0000E+00  9.5679E+02
  zr-96        0.0000E+00  1.2421E+03
  mo-96        0.0000E+00  9.7895E+01
  zr-97        0.0000E+00  1.7798E+00
  nb-97        0.0000E+00  1.2886E-01
  mo-97        0.0000E+00  1.2562E+03
  mo-98        0.0000E+00  1.3428E+03
  mo-99        0.0000E+00  8.3115E+00
  tc-99        0.0000E+00  1.1763E+03
  tc-99m       0.0000E+00  6.7037E-01
  ru-99        0.0000E+00  2.2933E-02
  mo-100       0.0000E+00  1.5348E+03
  ru-100       0.0000E+00  2.6594E+02
  mo-101       0.0000E+00  3.0480E-02
  tc-101       0.0000E+00  2.9660E-02
  ru-101       0.0000E+00  1.2605E+03
  mo-102       0.0000E+00  2.3722E-02
  ru-102       0.0000E+00  1.4476E+03
  ru-103       0.0000E+00  1.2924E+02
  rh-103       0.0000E+00  5.8562E+02
  rh-103m      0.0000E+00  1.2693E-01
  tc-104       0.0000E+00  3.7452E-02
  ru-104       0.0000E+00  1.1265E+03
  pd-104       0.0000E+00  6.2337E+02
  ru-105       0.0000E+00  4.9253E-01
  rh-105       0.0000E+00  3.1026E+00
  pd-105       0.0000E+00  6.8202E+02
  ru-106       0.0000E+00  4.6428E+02
  pd-106       0.0000E+00  5.4424E+02
  rh-107       0.0000E+00  2.5079E-02
  pd-107       0.0000E+00  5.1431E+02
  pd-108       0.0000E+00  3.5673E+02
  pd-109       0.0000E+00  6.3532E-01
  ag-109       0.0000E+00  1.5971E+02
  pd-110       0.0000E+00  1.2373E+02
  ag-110m      0.0000E+00  2.0809E+00
  cd-110       0.0000E+00  1.4539E+02
  ag-111       0.0000E+00  1.5481E+00
  cd-111       0.0000E+00  6.2626E+01
  pd-112       0.0000E+00  7.6783E-02
  cd-112       0.0000E+00  3.1957E+01
  cd-113       0.0000E+00  1.4193E-01
  cd-114       0.0000E+00  3.2809E+01
  cd-115       0.0000E+00  6.4860E-02
  cd-115m      0.0000E+00  8.1828E-02
  in-115       0.0000E+00  2.1568E+00
  sn-115       0.0000E+00  4.3541E-01
  cd-116       0.0000E+00  1.0536E+01
  sn-116       0.0000E+00  8.0317E+00
  sn-117       0.0000E+00  9.3713E+00
  sn-118       0.0000E+00  8.7790E+00
  sn-119       0.0000E+00  8.2962E+00
  sn-119m      0.0000E+00  1.2680E-01
  sn-120       0.0000E+00  8.6647E+00
  sn-121       0.0000E+00  2.5513E-02
  sn-121m      0.0000E+00  6.5503E-01
  sb-121       0.0000E+00  7.7632E+00
  sn-122       0.0000E+00  1.1035E+01
  te-122       0.0000E+00  1.0241E+00
  sn-123       0.0000E+00  4.9269E-01
  sb-123       0.0000E+00  9.9921E+00
  sn-124       0.0000E+00  1.7185E+01
  sb-124       0.0000E+00  2.0135E-01
  te-124       0.0000E+00  6.2604E-01
  sn-125       0.0000E+00  2.6194E-01
  sb-125       0.0000E+00  1.9002E+01
  te-125       0.0000E+00  3.7801E+00
  te-125m      0.0000E+00  2.2014E-01
  sn-126       0.0000E+00  3.8365E+01
  te-126       0.0000E+00  9.1096E-01
  sb-127       0.0000E+00  9.3757E-01
  te-127       0.0000E+00  8.1203E-02
  te-127m      0.0000E+00  8.8642E-01
  i-127        0.0000E+00  7.1993E+01
  te-128       0.0000E+00  1.7096E+02
  xe-128       0.0000E+00  8.4053E+00
  sb-129       0.0000E+00  1.3226E-01
  te-129       0.0000E+00  3.3245E-02
  te-129m      0.0000E+00  3.9487E+00
  i-129        0.0000E+00  2.7167E+02
  xe-129       0.0000E+00  1.0010E-01
  te-130       0.0000E+00  6.3160E+02
  i-130        0.0000E+00  4.7383E-02
  xe-130       0.0000E+00  2.1262E+01
  sb-131       0.0000E+00  2.7526E-02
  te-131       0.0000E+00  3.3416E-02
  te-131m      0.0000E+00  6.6552E-01
  i-131        0.0000E+00  1.8371E+01
  xe-131       0.0000E+00  5.3722E+02
  xe-131m      0.0000E+00  3.3297E-01
  te-132       0.0000E+00  1.0224E+01
  i-132        0.0000E+00  3.1525E-01
  xe-132       0.0000E+00  1.9980E+03
  te-133m      0.0000E+00  8.1162E-02
  i-133        0.0000E+00  3.8886E+00
  xe-133       0.0000E+00  2.3507E+01
  xe-133m      0.0000E+00  3.1322E-01
  cs-133       0.0000E+00  1.6057E+03
  te-134       0.0000E+00  1.0659E-01
  i-134        0.0000E+00  1.8144E-01
  xe-134       0.0000E+00  2.4833E+03
  cs-134       0.0000E+00  3.5223E+02
  cs-134m      0.0000E+00  2.4913E-02
  ba-134       0.0000E+00  7.2696E+01
  i-135        0.0000E+00  1.2043E+00
  xe-135       0.0000E+00  1.7089E-01
  cs-135       0.0000E+00  2.8543E+02
  ba-135       0.0000E+00  8.1379E-01
  xe-136       0.0000E+00  4.2449E+03
  cs-136       0.0000E+00  1.3877E+00
  ba-136       0.0000E+00  2.7247E+01
  cs-137       0.0000E+00  2.0388E+03
  ba-137       0.0000E+00  4.0601E+01
  xe-138       0.0000E+00  3.6835E-02
  cs-138       0.0000E+00  9.6828E-02
  ba-138       0.0000E+00  2.0907E+03
  la-138       0.0000E+00  2.4055E-02
  cs-139       0.0000E+00  2.5052E-02
  ba-139       0.0000E+00  2.3082E-01
  la-139       0.0000E+00  1.9305E+03
  ba-140       0.0000E+00  4.8888E+01
  la-140       0.0000E+00  6.8229E+00
  ce-140       0.0000E+00  1.9133E+03
  ba-141       0.0000E+00  4.5776E-02
  la-141       0.0000E+00  5.9467E-01
  ce-141       0.0000E+00  1.1589E+02
  pr-141       0.0000E+00  1.6182E+03
  ba-142       0.0000E+00  2.4440E-02
  la-142       0.0000E+00  2.1866E-01
  ce-142       0.0000E+00  1.7937E+03
  pr-142       0.0000E+00  2.1650E-01
  nd-142       0.0000E+00  5.8517E+01
  la-143       0.0000E+00  3.2022E-02
  ce-143       0.0000E+00  4.5170E+00
  pr-143       0.0000E+00  4.3789E+01
  nd-143       0.0000E+00  8.7638E+02
  ce-144       0.0000E+00  7.6447E+02
  pr-144       0.0000E+00  3.2859E-02
  nd-144       0.0000E+00  1.5693E+03
  pr-145       0.0000E+00  5.7633E-01
  nd-145       0.0000E+00  9.5430E+02
  pr-146       0.0000E+00  3.2204E-02
  nd-146       0.0000E+00  1.2004E+03
  nd-147       0.0000E+00  1.6417E+01
  pm-147       0.0000E+00  2.0132E+02
  sm-147       0.0000E+00  4.4306E+01
  nd-148       0.0000E+00  6.3698E+02
  pm-148       0.0000E+00  3.2719E+00
  pm-148m      0.0000E+00  1.6353E+00
  sm-148       0.0000E+00  2.4180E+02
  nd-149       0.0000E+00  7.2816E-02
  pm-149       0.0000E+00  3.5410E+00
  sm-149       0.0000E+00  2.0885E+00
  nd-150       0.0000E+00  3.1680E+02
  sm-150       0.0000E+00  5.2963E+02
  pm-151       0.0000E+00  6.8713E-01
  sm-151       0.0000E+00  1.4315E+01
  sm-152       0.0000E+00  1.4072E+02
  sm-153       0.0000E+00  3.3680E+00
  eu-153       0.0000E+00  1.9163E+02
  sm-154       0.0000E+00  8.9942E+01
  eu-154       0.0000E+00  5.1010E+01
  gd-154       0.0000E+00  2.8384E+00
  eu-155       0.0000E+00  1.7081E+01
  gd-155       0.0000E+00  4.9177E-02
  sm-156       0.0000E+00  3.6136E-02
  eu-156       0.0000E+00  2.3964E+01
  gd-156       0.0000E+00  3.3502E+02
  eu-157       0.0000E+00  1.1636E-01
  gd-157       0.0000E+00  2.6108E-01
  gd-158       0.0000E+00  7.7125E+01
  gd-159       0.0000E+00  3.0615E-02
  tb-159       0.0000E+00  7.1493E+00
  gd-160       0.0000E+00  2.7905E+00
  tb-160       0.0000E+00  5.0175E-01
  dy-160       0.0000E+00  5.9578E-01
  tb-161       0.0000E+00  6.8032E-02
  dy-161       0.0000E+00  9.6563E-01
  dy-162       0.0000E+00  8.0169E-01
  dy-163       0.0000E+00  7.6758E-01
  dy-164       0.0000E+00  2.1271E-01
  ho-165       0.0000E+00  5.0192E-01
  er-166       0.0000E+00  1.7498E-01
  er-168       0.0000E+00  2.7174E-02
------------
  totals       1.0000E+06  1.0019E+06
=========================================================================================================================
.
.
=========================================================================================================================
=   History overview for case 'decay' (#2/2)                                                                            =
-------------------------------------------------------------------------------------------------------------------------
   step          t0          t1          dt           t        flux     fluence       power      energy
    (-)         (y)         (y)         (s)         (s)   (n/cm2-s)     (n/cm2)        (MW)       (MWd)
      1      1.5057      2.5057  3.1560E+07  7.9080E+07  0.0000E+00  4.8074E+22  0.0000E+00  5.2323E+04
          
              step - step index within this case
                t0 - time at beginning-of-step in input units
                t1 - time at end-of-step in input units
                dt - length of step in seconds
                 t - end-of-step cumulative time in seconds
              flux - flux in neutrons/cm^2-sec (CALCULATED)
           fluence - cumulative end-of-step fluence in neutrons/cm^2 (CALCULATED)
             power - power in mega-watts (INPUT)     
            energy - cumulative end-of-step energy released in mega-watt-days (INPUT)     
=========================================================================================================================
.
.
.
.
.
*************************************************************************************************************************
********************                                                                                 ********************
********************                                                                                 ********************
********************                    Library information                                          ********************
********************                                                                                 ********************
********************                                                                                 ********************
*************************************************************************************************************************
.
.
=========================================================================================================================
=   Library summary for case 'decay' (#2/2)                                                                             =
-------------------------------------------------------------------------------------------------------------------------
filename: C:/Users/Teddy/AppData/Local/Temp/scale.Teddy.9940/w17x17_100d.f33 cross-section data taken from position number: 1
library title delimited by {}: 
{}
date library was produced: 538976288/538976288/538976288
total number of nuclides in library: 2237
number of light-element nuclides: 910
number of actinide nuclides: 176
number of fission product nuclides: 1151
number of nonzero off-diagonal matrix elements: 54564
=========================================================================================================================
.
.
*************************************************************************************************************************
********************                                                                                 ********************
********************                                                                                 ********************
********************                    Concentration tables                                         ********************
********************                                                                                 ********************
********************                                                                                 ********************
*************************************************************************************************************************
.
.
=========================================================================================================================
=   Nuclide concentrations in grams for case 'decay' (#2/2)                                                             =
-------------------------------------------------------------------------------------------------------------------------
  (relative cutoff; integral of concentrations over time >   1.00E-06 % of integral of all concentrations over time)
.
                   1.506y      2.506y   
  h-3          8.8038E-02  8.3221E-02
  he-4         2.5455E+00  3.2414E+00
  u-234        2.2166E+00  5.0649E+00
  u-235        2.1617E+03  2.1618E+03
  u-236        3.8498E+03  3.8501E+03
  u-237        2.4197E+01  5.2377E-05
  u-238        9.2620E+05  9.2620E+05
  u-239        1.7156E+00  0.0000E+00
  np-237       5.8553E+02  6.0983E+02
  np-238       5.1096E+00  6.6621E-08
  np-239       2.4683E+02  4.7709E-04
  pu-238       3.4962E+02  3.7304E+02
  pu-239       5.3092E+03  5.5577E+03
  pu-240       2.4051E+03  2.4216E+03
  pu-241       1.7623E+03  1.6788E+03
  pu-242       1.5946E+03  1.5946E+03
  pu-243       1.2006E+00  1.0362E-11
  pu-244       4.8080E-01  4.8082E-01
  am-241       2.1618E+01  1.0496E+02
  am-242m      3.6079E-01  3.5902E-01
  am-242       1.9178E-01  4.6321E-06
  am-243       5.5309E+02  5.5424E+02
  am-244m      6.6775E-02  0.0000E+00
  am-244       1.0389E-01  2.0681E-12
  cm-242       2.7187E+01  5.7823E+00
  cm-243       1.1772E+00  1.1495E+00
  cm-244       4.5534E+02  4.3841E+02
  cm-245       4.9949E+01  4.9945E+01
  cm-246       1.3267E+01  1.3265E+01
  cm-247       2.9063E-01  2.9063E-01
  cm-248       4.0103E-02  4.0207E-02
  ge-73        2.6575E-02  2.6593E-02
  ge-74        7.2586E-02  7.2588E-02
  as-75        1.8154E-01  1.8156E-01
  ge-76        5.0402E-01  5.0402E-01
  se-76        1.0859E-02  1.0921E-02
  se-77        1.0940E+00  1.0989E+00
  se-78        3.5502E+00  3.5510E+00
  se-79        7.1996E+00  7.1997E+00
  se-80        1.8491E+01  1.8491E+01
  br-81        3.0770E+01  3.0771E+01
  se-82        4.9211E+01  4.9211E+01
  kr-82        1.6755E+00  1.6870E+00
  kr-83        4.6547E+01  4.6572E+01
  kr-84        1.6704E+02  1.6704E+02
  kr-85        3.5423E+01  3.3222E+01
  kr-85m       4.9313E-02  0.0000E+00
  rb-85        1.3464E+02  1.3689E+02
  kr-86        2.5292E+02  2.5292E+02
  rb-86        8.6946E-02  1.0895E-07
  sr-86        1.0128E+00  1.0997E+00
  kr-87        2.6444E-02  0.0000E+00
  rb-87        3.3136E+02  3.3139E+02
  kr-88        7.7792E-02  0.0000E+00
  sr-88        4.5716E+02  4.5724E+02
  sr-89        4.5102E+01  3.0072E-01
  y-89         5.6097E+02  6.0578E+02
  sr-90        7.3196E+02  7.1455E+02
  y-90         2.0994E-01  1.8126E-01
  zr-90        1.8549E+01  3.5991E+01
  sr-91        5.1159E-01  0.0000E+00
  y-91         7.8825E+01  1.0478E+00
  y-91m        2.5908E-02  0.0000E+00
  zr-91        7.3291E+02  8.1122E+02
  sr-92        1.6660E-01  0.0000E+00
  y-92         2.2013E-01  0.0000E+00
  zr-92        9.1014E+02  9.1053E+02
  y-93         7.7401E-01  0.0000E+00
  zr-93        1.0266E+03  1.0274E+03
  y-94         2.6072E-02  0.0000E+00
  zr-94        1.1373E+03  1.1374E+03
  mo-94        2.2186E-02  2.2186E-02
  zr-95        1.4588E+02  2.7975E+00
  nb-95        7.9070E+01  3.4077E+00
  nb-95m       8.9037E-02  1.8054E-03
  mo-95        9.5679E+02  1.1757E+03
  zr-96        1.2421E+03  1.2421E+03
  mo-96        9.7895E+01  9.7915E+01
  zr-97        1.7798E+00  0.0000E+00
  nb-97        1.2886E-01  0.0000E+00
  mo-97        1.2562E+03  1.2581E+03
  mo-98        1.3428E+03  1.3428E+03
  tc-98        1.2484E-02  1.2484E-02
  mo-99        8.3115E+00  0.0000E+00
  tc-99        1.1763E+03  1.1853E+03
  tc-99m       6.7037E-01  0.0000E+00
  ru-99        2.2933E-02  2.7120E-02
  mo-100       1.5348E+03  1.5348E+03
  ru-100       2.6594E+02  2.6594E+02
  mo-101       3.0480E-02  0.0000E+00
  tc-101       2.9660E-02  0.0000E+00
  ru-101       1.2605E+03  1.2606E+03
  mo-102       2.3722E-02  0.0000E+00
  ru-102       1.4476E+03  1.4476E+03
  ru-103       1.2924E+02  2.0401E-01
  rh-103       5.8562E+02  7.1479E+02
  rh-103m      1.2693E-01  2.0039E-04
  tc-104       3.7452E-02  0.0000E+00
  ru-104       1.1265E+03  1.1265E+03
  pd-104       6.2337E+02  6.2338E+02
  ru-105       4.9253E-01  0.0000E+00
  rh-105       3.1026E+00  0.0000E+00
  pd-105       6.8202E+02  6.8563E+02
  ru-106       4.6428E+02  2.3497E+02
  pd-106       5.4424E+02  7.7355E+02
  rh-107       2.5079E-02  0.0000E+00
  pd-107       5.1431E+02  5.1434E+02
  pd-108       3.5673E+02  3.5674E+02
  pd-109       6.3532E-01  0.0000E+00
  ag-109       1.5971E+02  1.6034E+02
  pd-110       1.2373E+02  1.2373E+02
  ag-110m      2.0809E+00  7.5507E-01
  cd-110       1.4539E+02  1.4671E+02
  ag-111       1.5481E+00  2.6975E-15
  cd-111       6.2626E+01  6.4178E+01
  pd-112       7.6783E-02  0.0000E+00
  cd-112       3.1957E+01  3.2045E+01
  cd-113       1.4193E-01  1.5080E-01
  cd-114       3.2809E+01  3.2809E+01
  cd-115       6.4860E-02  0.0000E+00
  cd-115m      8.1828E-02  2.7883E-04
  in-115       2.1568E+00  2.3056E+00
  sn-115       4.3541E-01  4.3894E-01
  cd-116       1.0536E+01  1.0536E+01
  sn-116       8.0317E+00  8.0323E+00
  sn-117       9.3713E+00  9.3770E+00
  sn-118       8.7790E+00  8.7798E+00
  sn-119       8.2962E+00  8.3698E+00
  sn-119m      1.2680E-01  5.3437E-02
  sn-120       8.6647E+00  8.6647E+00
  sn-121       2.5513E-02  3.5148E-05
  sn-121m      6.5503E-01  6.4477E-01
  sb-121       7.7632E+00  7.7990E+00
  sn-122       1.1035E+01  1.1035E+01
  te-122       1.0241E+00  1.0382E+00
  sn-123       4.9269E-01  6.9421E-02
  sb-123       9.9921E+00  1.0416E+01
  te-123       1.1174E-02  1.4606E-02
  sn-124       1.7185E+01  1.7185E+01
  sb-124       2.0135E-01  3.0016E-03
  te-124       6.2604E-01  8.2438E-01
  sn-125       2.6194E-01  1.0269E-12
  sb-125       1.9002E+01  1.4985E+01
  te-125       3.7801E+00  8.0705E+00
  te-125m      2.2014E-01  2.0833E-01
  sn-126       3.8365E+01  3.8365E+01
  te-126       9.1096E-01  9.2651E-01
  sb-127       9.3757E-01  0.0000E+00
  te-127       8.1203E-02  3.5979E-04
  te-127m      8.8642E-01  1.0277E-01
  i-127        7.1993E+01  7.3808E+01
  te-128       1.7096E+02  1.7099E+02
  xe-128       8.4053E+00  8.4060E+00
  sb-129       1.3226E-01  0.0000E+00
  te-129       3.3245E-02  1.9229E-06
  te-129m      3.9487E+00  2.1187E-03
  i-129        2.7167E+02  2.7579E+02
  xe-129       1.0010E-01  1.0090E-01
  te-130       6.3160E+02  6.3162E+02
  i-130        4.7383E-02  0.0000E+00
  xe-130       2.1262E+01  2.1310E+01
  sb-131       2.7526E-02  0.0000E+00
  te-131       3.3416E-02  0.0000E+00
  te-131m      6.6552E-01  0.0000E+00
  i-131        1.8371E+01  3.8216E-13
  xe-131       5.3722E+02  5.5665E+02
  xe-131m      3.3297E-01  5.0530E-10
  te-132       1.0224E+01  0.0000E+00
  i-132        3.1525E-01  0.0000E+00
  xe-132       1.9980E+03  2.0085E+03
  te-133m      8.1162E-02  0.0000E+00
  i-133        3.8886E+00  0.0000E+00
  xe-133       2.3507E+01  3.0795E-20
  xe-133m      3.1322E-01  0.0000E+00
  cs-133       1.6057E+03  1.6335E+03
  te-134       1.0659E-01  0.0000E+00
  i-134        1.8144E-01  0.0000E+00
  xe-134       2.4833E+03  2.4836E+03
  cs-134       3.5223E+02  2.5182E+02
  cs-134m      2.4913E-02  0.0000E+00
  ba-134       7.2696E+01  1.7314E+02
  i-135        1.2043E+00  0.0000E+00
  xe-135       1.7089E-01  0.0000E+00
  cs-135       2.8543E+02  2.8682E+02
  ba-135       8.1379E-01  8.1455E-01
  xe-136       4.2449E+03  4.2449E+03
  cs-136       1.3877E+00  6.1184E-09
  ba-136       2.7247E+01  2.8635E+01
  cs-137       2.0388E+03  1.9923E+03
  ba-137       4.0601E+01  8.7048E+01
  xe-138       3.6835E-02  0.0000E+00
  cs-138       9.6828E-02  0.0000E+00
  ba-138       2.0907E+03  2.0908E+03
  la-138       2.4055E-02  2.4055E-02
  cs-139       2.5052E-02  0.0000E+00
  ba-139       2.3082E-01  0.0000E+00
  la-139       1.9305E+03  1.9307E+03
  ba-140       4.8888E+01  1.1666E-07
  la-140       6.8229E+00  1.7681E-08
  ce-140       1.9133E+03  1.9690E+03
  ba-141       4.5776E-02  0.0000E+00
  la-141       5.9467E-01  0.0000E+00
  ce-141       1.1589E+02  4.8292E-02
  pr-141       1.6182E+03  1.7347E+03
  ba-142       2.4440E-02  0.0000E+00
  la-142       2.1866E-01  0.0000E+00
  ce-142       1.7937E+03  1.7939E+03
  pr-142       2.1650E-01  0.0000E+00
  nd-142       5.8517E+01  5.8735E+01
  la-143       3.2022E-02  0.0000E+00
  ce-143       4.5170E+00  0.0000E+00
  pr-143       4.3789E+01  3.8520E-07
  nd-143       8.7638E+02  9.2472E+02
  ce-144       7.6447E+02  3.1435E+02
  pr-144       3.2859E-02  1.3241E-02
  nd-144       1.5693E+03  2.0194E+03
  pr-145       5.7633E-01  0.0000E+00
  nd-145       9.5430E+02  9.5489E+02
  pr-146       3.2204E-02  0.0000E+00
  nd-146       1.2004E+03  1.2005E+03
  nd-147       1.6417E+01  1.5889E-09
  pm-147       2.0132E+02  1.6733E+02
  sm-147       4.4306E+01  9.4724E+01
  nd-148       6.3698E+02  6.3698E+02
  pm-148       3.2719E+00  2.2293E-05
  pm-148m      1.6353E+00  3.5521E-03
  sm-148       2.4180E+02  2.4670E+02
  nd-149       7.2816E-02  0.0000E+00
  pm-149       3.5410E+00  0.0000E+00
  sm-149       2.0885E+00  5.7039E+00
  nd-150       3.1680E+02  3.1680E+02
  sm-150       5.2963E+02  5.2963E+02
  pm-151       6.8713E-01  0.0000E+00
  sm-151       1.4315E+01  1.4892E+01
  eu-151       5.0396E-03  1.2016E-01
  sm-152       1.4072E+02  1.4073E+02
  sm-153       3.3680E+00  0.0000E+00
  eu-153       1.9163E+02  1.9500E+02
  sm-154       8.9942E+01  8.9943E+01
  eu-154       5.1010E+01  4.7060E+01
  gd-154       2.8384E+00  6.7876E+00
  eu-155       1.7081E+01  1.4765E+01
  gd-155       4.9177E-02  2.3675E+00
  sm-156       3.6136E-02  0.0000E+00
  eu-156       2.3964E+01  1.3843E-06
  gd-156       3.3502E+02  3.5902E+02
  eu-157       1.1636E-01  0.0000E+00
  gd-157       2.6108E-01  3.7778E-01
  gd-158       7.7125E+01  7.7126E+01
  gd-159       3.0615E-02  0.0000E+00
  tb-159       7.1493E+00  7.1802E+00
  gd-160       2.7905E+00  2.7905E+00
  tb-160       5.0175E-01  1.5122E-02
  dy-160       5.9578E-01  1.0824E+00
  tb-161       6.8032E-02  8.1349E-18
  dy-161       9.6563E-01  1.0337E+00
  dy-162       8.0169E-01  8.0171E-01
  dy-163       7.6758E-01  7.6760E-01
  dy-164       2.1271E-01  2.1271E-01
  ho-165       5.0192E-01  5.0244E-01
  er-166       1.7498E-01  1.7730E-01
  er-167       1.0071E-02  1.0087E-02
  er-168       2.7174E-02  2.7175E-02
------------
  totals       1.0019E+06  1.0019E+06
=========================================================================================================================
.
.
*************************************************************************************************************************
********************                                                                                 ********************
********************                                                                                 ********************
********************                    Written F71 File Information                                 ********************
********************                                                                                 ********************
********************                                                                                 ********************
*************************************************************************************************************************
.
.
   pos         time        power         flux      fluence       energy libpos   case   step DCGNAB
   (-)          (s)         (MW)    (n/cm2-s)      (n/cm2)        (MWd)    (-)    (-)    (-)    (-)
     1  4.75200e+07  0.00000e+00  0.00000e+00  4.80742e+22  5.23232e+04      1      2      0 DC----
     2  7.90800e+07  0.00000e+00  0.00000e+00  4.80742e+22  5.23232e+04      1      2      1 DC----
    D - state definition present
    C - concentrations present
    G - gamma emission spectra present
    N - neutron emission spectra present
    A - alpha emission spectra present
    B - beta emission spectra present
.
.
.
=========================================================================================================================
ORIGEN finished successfully.
=========================================================================================================================
    module origen used 0.590225 seconds cpu time for the current pass.

    module origen is finished. completion code    0. total cpu time used 3.26573e-006 seconds.


    SCALE is finished on Wed Feb 13 18:31:15 2019.
-------------------------- Summary --------------------------
arp finished. used 2.5267 seconds.
origen finished. used 0.598483 seconds.
SCALE driver required a maximum of 8.313 MiB of RAM.
------------------------ End Summary ------------------------

w17x17_100d.f33 copied to C:\Users\Teddy\Desktop\scale_test\output\w17x17_100d.f33.
discharge.f71 copied to C:\Users\Teddy\Desktop\scale_test\output\discharge.f71.
