 *******************************************************************************
 *                                                                             *
 *                                 SCALE 6.2.2                                 *
 *                                -------------                                *
 *                                February 2019                                *
 *                                                                             *
 *           SCALE:  A Comprehensive Modeling and Simulation Suite             *
 *                   for Nuclear Safety Analysis and Design                    *
 *                                                                             *
 *                      Reactor and Nuclear Systems Division                   *
 *                        Oak Ridge National Laboratory                        *
 *                                                                             *
 *                           http://scale.ornl.gov                             *
 *                            scalehelp@ornl.gov                               *
 *                                                                             *
 *******************************************************************************
 *******************************************************************************
      
                  Job Information
                  ---------------
      Job started on DESKTOP-J14NAA6 on Wed 13/02/2019 18:29:35
      Working directory: C:\Users\Teddy\AppData\Local\Temp\scale.Teddy.7792
      Input file name  : C:\Users\Teddy\Desktop\scale_test\output\2.800000_33939.393939.inp
      Output file name : C:\Users\Teddy\Desktop\scale_test\output\2.800000_33939.393939.out
      SCALE executable : C:\SCALE-6.2.2/bin/scale
      
 *******************************************************************************


    module arp will be called on Wed Feb 13 18:29:36 2019.
    sequence specification record:=arp
Input Data:

      'library type
      w17x17
      2.800000
      ' num cycles
      1
      ' num days per cycle
      550
      ' cycle average specific power (MW / MTU)
      61.707989
      ' number of interpolated cross section sets generated per cycle
      1
      ' moderator density (g/cc)
      0.723
      ' interpolated output ORIGEN library
      w17x17_100d.f33
end

1






        ************************************************************************************************************************
        ************************************************************************************************************************
        ************************************************************************************************************************
        *****                                                                                                              *****
        *****                                       program verification information                                       *****
        *****                                                                                                              *****
        *****                                   code system:  SCALE    version:  6.2                                       *****
        *****                                                                                                              *****
        ************************************************************************************************************************
        ************************************************************************************************************************
        *****                                                                                                              *****
        *****                                                                                                              *****
        *****              program:  arp.exe                                                                               *****
        *****                                                                                                              *****
        *****        creation date:   unknown                                                                              *****
        *****                                                                                                              *****
        *****              library:  C:\SCALE-6.2.2\bin                                                                    *****
        *****                                                                                                              *****
        *****                                                                                                              *****
        *****            prod code:  arp.exe                                                                               *****
        *****                                                                                                              *****
        *****              version:  6.2.2                                                                                 *****
        *****                                                                                                              *****
        *****              jobname:  Teddy                                                                                 *****
        *****                                                                                                              *****
        *****         machine name:  DESKTOP-J14NAA6                                                                       *****
        *****                                                                                                              *****
        *****    date of execution:  13_feb_2019                                                                           *****
        *****                                                                                                              *****
        *****    time of execution:  18:29:36.42                                                                           *****
        *****                                                                                                              *****
        *****                                                                                                              *****
        ************************************************************************************************************************
        ************************************************************************************************************************
        ************************************************************************************************************************


 'library type
    data library:       w17x17
       directory:       C:/SCALE-6.2.2/data/\arplibs
       definition:      C:/SCALE-6.2.2/data/\arpdata.txt
    u-235 enrichment:                        2.800

 ' num cycles
    number of cycles:                            1

 ' num days per cycle

 ' cycle average specific power (MW / MTU)

 ' number of interpolated cross section sets generated per cycle

 ' moderator density (g/cc)
    water density (g/cm3):                  0.7230
                                         cycle        cumulative      midpoint
   cycle time(d)        power(MW)      burnup(MWd/MTU)burnup(MWd/MTU)burnup(MWd/MTU)nlib
     1    550.000        61.7080        33939.4        33939.4        16969.7             1

 ' interpolated output ORIGEN library
    interpolated library name:                   w17x17_100d.f33
 interpolation type: spline
 Cross section library interpolation completed.
.
.
.
=========================================================================================================================
ARP finished successfully.
=========================================================================================================================
    module arp used 1.90054 seconds cpu time for the current pass.

    module arp is finished. completion code    0. total cpu time used 1.21299e-005 seconds.



    module origen will be called on Wed Feb 13 18:29:38 2019.
    sequence specification record:=origen
Input Data:

      case(irrad) {
          lib{
              file="w17x17_100d.f33" pos=1
          }
          mat {
              units=GRAMS
              iso=[u235=28000.000000 u238=972000.000000]
          }
          time = [ 550 ]
          power = [ 61.707989 ]
      }
      case (decay) {
          time {
              units=YEARS
              start=0
              t=[1]
          }
          save{ file="discharge.f71" steps=[0 LAST]}
      }
end

1






        ************************************************************************************************************************
        ************************************************************************************************************************
        ************************************************************************************************************************
        *****                                                                                                              *****
        *****                                       program verification information                                       *****
        *****                                                                                                              *****
        *****                                   code system:  SCALE    version:  6.2                                       *****
        *****                                                                                                              *****
        ************************************************************************************************************************
        ************************************************************************************************************************
        *****                                                                                                              *****
        *****                                                                                                              *****
        *****              program:  origen.exe                                                                            *****
        *****                                                                                                              *****
        *****        creation date:   unknown                                                                              *****
        *****                                                                                                              *****
        *****              library:  C:\SCALE-6.2.2\bin                                                                    *****
        *****                                                                                                              *****
        *****                                                                                                              *****
        *****            prod code:  origen.exe                                                                            *****
        *****                                                                                                              *****
        *****              version:  6.2.2                                                                                 *****
        *****                                                                                                              *****
        *****              jobname:  Teddy                                                                                 *****
        *****                                                                                                              *****
        *****         machine name:  DESKTOP-J14NAA6                                                                       *****
        *****                                                                                                              *****
        *****    date of execution:  13_feb_2019                                                                           *****
        *****                                                                                                              *****
        *****    time of execution:  18:29:38.33                                                                           *****
        *****                                                                                                              *****
        *****                                                                                                              *****
        ************************************************************************************************************************
        ************************************************************************************************************************
        ************************************************************************************************************************

*************************************************************************************************************************
********************                                                                                 ********************
********************                                                                                 ********************
********************                    USER INPUT SUMMARY                                           ********************
********************                                                                                 ********************
********************                                                                                 ********************
*************************************************************************************************************************
.
.
=========================================================================================================================
=   Case "irrad" (#1/2)                                                                                                 =
-------------------------------------------------------------------------------------------------------------------------
###   Library settings                                                                                                ###
.
                                Library file name:     C:/Users/Teddy/AppData/Local/Temp/scale.Teddy.7792/w17x17_100d.f33
                             Library set position:              1
                 Fission product reaction removal:             no
-------------------------------------------------------------------------------------------------------------------------
###   Global settings                                                                                                 ###
.
                                           Solver:              MATREX
                                             Mode:        forward
                             Fixed fission energy:             no
-------------------------------------------------------------------------------------------------------------------------
###   Concentrations output options                                                                                   ###
.
                            High-precision output:             no
                                  Relative cutoff:            yes
                         Step for applying cutoff:       integral
.
                      light els.   actinides  fis.prods.       total
                       nuc    el   nuc    el   nuc    el   nuc    el             cutoff
gram-atoms                                                                    1.000E-06
grams                                                      **                 1.000E-06
curies                                                                        1.000E-06
watts                                                                         1.000E-06
gamma watts                                                                   1.000E-06
m3 air                                                                        1.000E-06
m3 water                                                                      1.000E-06
grams ppm                                                                     1.000E-06
atoms ppm                                                                     1.000E-06
atoms/barn-cm                                                                 1.000E-06
becquerels                                                                    1.000E-06
-------------------------------------------------------------------------------------------------------------------------
###   Additional output options                                                                                       ###
.
                                      Print k-inf:             no
           Nuclides for absorption fraction print:           none
                              Print fission rates:             no
            Step for sorting absorption fractions:              1
=========================================================================================================================
=   Case "decay" (#2/2)                                                                                                 =
-------------------------------------------------------------------------------------------------------------------------
###   Library settings                                                                                                ###
.
                                Library file name:     C:/Users/Teddy/AppData/Local/Temp/scale.Teddy.7792/w17x17_100d.f33
                             Library set position:              1
                 Fission product reaction removal:             no
-------------------------------------------------------------------------------------------------------------------------
###   Global settings                                                                                                 ###
.
                                           Solver:              MATREX
                                             Mode:        forward
                             Fixed fission energy:             no
-------------------------------------------------------------------------------------------------------------------------
###   Concentrations output options                                                                                   ###
.
                            High-precision output:             no
                                  Relative cutoff:            yes
                         Step for applying cutoff:       integral
.
                      light els.   actinides  fis.prods.       total
                       nuc    el   nuc    el   nuc    el   nuc    el             cutoff
gram-atoms                                                                    1.000E-06
grams                                                      **                 1.000E-06
curies                                                                        1.000E-06
watts                                                                         1.000E-06
gamma watts                                                                   1.000E-06
m3 air                                                                        1.000E-06
m3 water                                                                      1.000E-06
grams ppm                                                                     1.000E-06
atoms ppm                                                                     1.000E-06
atoms/barn-cm                                                                 1.000E-06
becquerels                                                                    1.000E-06
-------------------------------------------------------------------------------------------------------------------------
###   Additional output options                                                                                       ###
.
                                      Print k-inf:             no
           Nuclides for absorption fraction print:           none
                              Print fission rates:             no
            Step for sorting absorption fractions:              1
=========================================================================================================================
###   Blending information                                                                                            ###
.
  --- no blending requested in this job ---
=========================================================================================================================
.
.
=========================================================================================================================
=   History overview for case 'irrad' (#1/2)                                                                            =
-------------------------------------------------------------------------------------------------------------------------
   step          t0          t1          dt           t        flux     fluence       power      energy
    (-)         (d)         (d)         (s)         (s)   (n/cm2-s)     (n/cm2)        (MW)       (MWd)
      1      0.0000    550.0000  4.7520E+07  4.7520E+07  6.1905E+14  2.9417E+22  6.1708E+01  3.3939E+04
          
              step - step index within this case
                t0 - time at beginning-of-step in input units
                t1 - time at end-of-step in input units
                dt - length of step in seconds
                 t - end-of-step cumulative time in seconds
              flux - flux in neutrons/cm^2-sec (CALCULATED)
           fluence - cumulative end-of-step fluence in neutrons/cm^2 (CALCULATED)
             power - power in mega-watts (INPUT)     
            energy - cumulative end-of-step energy released in mega-watt-days (INPUT)     
=========================================================================================================================
.
.
.
.
.
*************************************************************************************************************************
********************                                                                                 ********************
********************                                                                                 ********************
********************                    Library information                                          ********************
********************                                                                                 ********************
********************                                                                                 ********************
*************************************************************************************************************************
.
.
=========================================================================================================================
=   Library summary for case 'irrad' (#1/2)                                                                             =
-------------------------------------------------------------------------------------------------------------------------
filename: C:/Users/Teddy/AppData/Local/Temp/scale.Teddy.7792/w17x17_100d.f33 cross-section data taken from position number: 1
library title delimited by {}: 
{}
date library was produced: 538976288/538976288/538976288
total number of nuclides in library: 2237
number of light-element nuclides: 910
number of actinide nuclides: 176
number of fission product nuclides: 1151
number of nonzero off-diagonal matrix elements: 54564
=========================================================================================================================
.
.
*************************************************************************************************************************
********************                                                                                 ********************
********************                                                                                 ********************
********************                    Concentration tables                                         ********************
********************                                                                                 ********************
********************                                                                                 ********************
*************************************************************************************************************************
.
.
=========================================================================================================================
=   Nuclide concentrations in grams for case 'irrad' (#1/2)                                                             =
-------------------------------------------------------------------------------------------------------------------------
  (relative cutoff; integral of concentrations over time >   1.00E-06 % of integral of all concentrations over time)
.
                   0.000d    550.000d   
  h-3          0.0000E+00  5.4541E-02
  he-4         0.0000E+00  1.3860E+00
  u-234        0.0000E+00  1.6928E+00
  u-235        2.8000E+04  5.7924E+03
  u-236        0.0000E+00  3.6169E+03
  u-237        0.0000E+00  1.4964E+01
  u-238        9.7200E+05  9.4379E+05
  u-239        0.0000E+00  1.0669E+00
  np-237       0.0000E+00  4.0661E+02
  np-238       0.0000E+00  2.2400E+00
  np-239       0.0000E+00  1.5382E+02
  pu-238       0.0000E+00  1.5524E+02
  pu-239       0.0000E+00  5.1888E+03
  pu-240       0.0000E+00  2.1685E+03
  pu-241       0.0000E+00  1.6338E+03
  pu-242       0.0000E+00  7.0289E+02
  pu-243       0.0000E+00  3.4044E-01
  pu-244       0.0000E+00  5.0975E-02
  am-241       0.0000E+00  2.4233E+01
  am-242m      0.0000E+00  4.1074E-01
  am-242       0.0000E+00  1.3629E-01
  am-243       0.0000E+00  1.3830E+02
  cm-242       0.0000E+00  1.3551E+01
  cm-243       0.0000E+00  3.4438E-01
  cm-244       0.0000E+00  5.0875E+01
  cm-245       0.0000E+00  2.7319E+00
  cm-246       0.0000E+00  3.0548E-01
  ge-73        0.0000E+00  2.2071E-02
  ge-74        0.0000E+00  5.6367E-02
  as-75        0.0000E+00  1.3275E-01
  ge-76        0.0000E+00  3.4495E-01
  se-77        0.0000E+00  8.0355E-01
  se-78        0.0000E+00  2.3616E+00
  se-79        0.0000E+00  5.0084E+00
  se-80        0.0000E+00  1.2950E+01
  br-81        0.0000E+00  2.1671E+01
  se-82        0.0000E+00  3.4080E+01
  kr-82        0.0000E+00  7.0256E-01
  kr-83        0.0000E+00  4.0198E+01
  kr-84        0.0000E+00  1.1161E+02
  kr-85        0.0000E+00  2.5654E+01
  kr-85m       0.0000E+00  4.0549E-02
  rb-85        0.0000E+00  9.7766E+01
  kr-86        0.0000E+00  1.8422E+02
  rb-86        0.0000E+00  3.8820E-02
  sr-86        0.0000E+00  4.2787E-01
  kr-87        0.0000E+00  2.2167E-02
  rb-87        0.0000E+00  2.4208E+02
  kr-88        0.0000E+00  6.6409E-02
  sr-88        0.0000E+00  3.3568E+02
  sr-89        0.0000E+00  3.8461E+01
  y-89         0.0000E+00  4.2015E+02
  sr-90        0.0000E+00  5.4021E+02
  y-90         0.0000E+00  1.4827E-01
  zr-90        0.0000E+00  1.2136E+01
  sr-91        0.0000E+00  4.2100E-01
  y-91         0.0000E+00  6.8141E+01
  y-91m        0.0000E+00  2.1318E-02
  zr-91        0.0000E+00  5.2079E+02
  sr-92        0.0000E+00  1.3302E-01
  y-92         0.0000E+00  1.7577E-01
  zr-92        0.0000E+00  6.4617E+02
  y-93         0.0000E+00  5.9846E-01
  zr-93        0.0000E+00  7.2012E+02
  zr-94        0.0000E+00  7.7840E+02
  zr-95        0.0000E+00  1.1567E+02
  nb-95        0.0000E+00  6.2878E+01
  nb-95m       0.0000E+00  7.0557E-02
  mo-95        0.0000E+00  6.6069E+02
  zr-96        0.0000E+00  8.3409E+02
  mo-96        0.0000E+00  3.9238E+01
  zr-97        0.0000E+00  1.2812E+00
  nb-97        0.0000E+00  9.2667E-02
  mo-97        0.0000E+00  8.3457E+02
  mo-98        0.0000E+00  8.7057E+02
  mo-99        0.0000E+00  5.8467E+00
  tc-99        0.0000E+00  8.2648E+02
  tc-99m       0.0000E+00  4.7011E-01
  ru-99        0.0000E+00  3.0115E-02
  mo-100       0.0000E+00  9.8987E+02
  ru-100       0.0000E+00  1.0599E+02
  mo-101       0.0000E+00  2.0994E-02
  tc-101       0.0000E+00  2.0426E-02
  ru-101       0.0000E+00  8.2695E+02
  ru-102       0.0000E+00  8.6267E+02
  ru-103       0.0000E+00  8.3677E+01
  rh-103       0.0000E+00  4.8507E+02
  rh-103m      0.0000E+00  8.2166E-02
  tc-104       0.0000E+00  2.3677E-02
  ru-104       0.0000E+00  6.3267E+02
  pd-104       0.0000E+00  2.6662E+02
  ru-105       0.0000E+00  3.0233E-01
  rh-105       0.0000E+00  2.0694E+00
  pd-105       0.0000E+00  4.1900E+02
  ru-106       0.0000E+00  2.5430E+02
  pd-106       0.0000E+00  2.2113E+02
  pd-107       0.0000E+00  2.6593E+02
  pd-108       0.0000E+00  1.7700E+02
  pd-109       0.0000E+00  3.1972E-01
  ag-109       0.0000E+00  9.3193E+01
  pd-110       0.0000E+00  5.8618E+01
  ag-110m      0.0000E+00  8.7620E-01
  cd-110       0.0000E+00  4.2577E+01
  ag-111       0.0000E+00  8.0904E-01
  cd-111       0.0000E+00  2.8489E+01
  pd-112       0.0000E+00  4.0919E-02
  cd-112       0.0000E+00  1.4663E+01
  cd-113       0.0000E+00  1.2064E-01
  cd-114       0.0000E+00  1.6978E+01
  cd-115       0.0000E+00  3.6765E-02
  cd-115m      0.0000E+00  4.5383E-02
  in-115       0.0000E+00  1.9822E+00
  sn-115       0.0000E+00  2.6460E-01
  cd-116       0.0000E+00  6.1566E+00
  sn-116       0.0000E+00  3.7503E+00
  sn-117       0.0000E+00  5.5744E+00
  sn-118       0.0000E+00  5.1826E+00
  sn-119       0.0000E+00  4.9969E+00
  sn-119m      0.0000E+00  9.5304E-02
  sn-120       0.0000E+00  5.1448E+00
  sn-121m      0.0000E+00  4.0994E-01
  sb-121       0.0000E+00  4.9038E+00
  sn-122       0.0000E+00  6.5726E+00
  te-122       0.0000E+00  3.6898E-01
  sn-123       0.0000E+00  3.2384E-01
  sb-123       0.0000E+00  6.1498E+00
  sn-124       0.0000E+00  1.0407E+01
  sb-124       0.0000E+00  7.7163E-02
  te-124       0.0000E+00  2.1692E-01
  sn-125       0.0000E+00  1.6631E-01
  sb-125       0.0000E+00  1.1650E+01
  te-125       0.0000E+00  2.0862E+00
  te-125m      0.0000E+00  1.3151E-01
  sn-126       0.0000E+00  2.2813E+01
  te-126       0.0000E+00  5.5533E-01
  sb-127       0.0000E+00  6.0495E-01
  te-127       0.0000E+00  5.3531E-02
  te-127m      0.0000E+00  8.2130E-01
  i-127        0.0000E+00  4.6701E+01
  te-128       0.0000E+00  1.0431E+02
  xe-128       0.0000E+00  2.9521E+00
  sb-129       0.0000E+00  8.6247E-02
  te-129       0.0000E+00  2.1663E-02
  te-129m      0.0000E+00  2.5820E+00
  i-129        0.0000E+00  1.7020E+02
  xe-129       0.0000E+00  2.0746E-02
  te-130       0.0000E+00  4.0214E+02
  xe-130       0.0000E+00  7.5087E+00
  te-131       0.0000E+00  2.3155E-02
  te-131m      0.0000E+00  4.4093E-01
  i-131        0.0000E+00  1.2641E+01
  xe-131       0.0000E+00  4.4397E+02
  xe-131m      0.0000E+00  2.2280E-01
  te-132       0.0000E+00  7.1037E+00
  i-132        0.0000E+00  2.1822E-01
  xe-132       0.0000E+00  1.1742E+03
  te-133m      0.0000E+00  5.8836E-02
  i-133        0.0000E+00  2.7415E+00
  xe-133       0.0000E+00  1.6584E+01
  xe-133m      0.0000E+00  2.1668E-01
  cs-133       0.0000E+00  1.1698E+03
  te-134       0.0000E+00  7.8170E-02
  i-134        0.0000E+00  1.2889E-01
  xe-134       0.0000E+00  1.6026E+03
  cs-134       0.0000E+00  1.5493E+02
  ba-134       0.0000E+00  2.9145E+01
  i-135        0.0000E+00  8.4460E-01
  xe-135       0.0000E+00  1.8273E-01
  cs-135       0.0000E+00  2.2105E+02
  ba-135       0.0000E+00  1.9151E-01
  xe-136       0.0000E+00  2.6326E+03
  cs-136       0.0000E+00  7.1652E-01
  ba-136       0.0000E+00  1.4530E+01
  cs-137       0.0000E+00  1.3083E+03
  ba-137       0.0000E+00  2.4097E+01
  xe-138       0.0000E+00  2.6534E-02
  cs-138       0.0000E+00  6.9253E-02
  ba-138       0.0000E+00  1.3614E+03
  ba-139       0.0000E+00  1.6515E-01
  la-139       0.0000E+00  1.2728E+03
  ba-140       0.0000E+00  3.5143E+01
  la-140       0.0000E+00  4.7853E+00
  ce-140       0.0000E+00  1.2543E+03
  ba-141       0.0000E+00  3.2935E-02
  la-141       0.0000E+00  4.2742E-01
  ce-141       0.0000E+00  8.3956E+01
  pr-141       0.0000E+00  1.1187E+03
  la-142       0.0000E+00  1.5872E-01
  ce-142       0.0000E+00  1.1785E+03
  pr-142       0.0000E+00  9.2287E-02
  nd-142       0.0000E+00  2.3070E+01
  la-143       0.0000E+00  2.3596E-02
  ce-143       0.0000E+00  3.3197E+00
  pr-143       0.0000E+00  3.2388E+01
  nd-143       0.0000E+00  7.7051E+02
  ce-144       0.0000E+00  5.4260E+02
  pr-144       0.0000E+00  2.3154E-02
  nd-144       0.0000E+00  8.5403E+02
  pr-145       0.0000E+00  4.1963E-01
  nd-145       0.0000E+00  6.9253E+02
  pr-146       0.0000E+00  2.3148E-02
  nd-146       0.0000E+00  7.2722E+02
  nd-147       0.0000E+00  1.1802E+01
  pm-147       0.0000E+00  1.9972E+02
  sm-147       0.0000E+00  4.2731E+01
  nd-148       0.0000E+00  4.0097E+02
  pm-148       0.0000E+00  2.1512E+00
  pm-148m      0.0000E+00  1.5851E+00
  sm-148       0.0000E+00  1.2912E+02
  nd-149       0.0000E+00  4.8673E-02
  pm-149       0.0000E+00  2.2736E+00
  sm-149       0.0000E+00  2.1551E+00
  nd-150       0.0000E+00  1.9304E+02
  sm-150       0.0000E+00  3.3030E+02
  pm-151       0.0000E+00  4.4260E-01
  sm-151       0.0000E+00  1.1707E+01
  sm-152       0.0000E+00  1.1365E+02
  sm-153       0.0000E+00  1.7914E+00
  eu-153       0.0000E+00  1.2774E+02
  sm-154       0.0000E+00  4.4950E+01
  eu-154       0.0000E+00  2.8249E+01
  gd-154       0.0000E+00  1.2593E+00
  eu-155       0.0000E+00  9.9245E+00
  gd-155       0.0000E+00  3.9180E-02
  sm-156       0.0000E+00  2.1626E-02
  eu-156       0.0000E+00  9.2692E+00
  gd-156       0.0000E+00  1.0960E+02
  eu-157       0.0000E+00  4.1382E-02
  gd-157       0.0000E+00  1.2372E-01
  gd-158       0.0000E+00  2.4409E+01
  tb-159       0.0000E+00  2.9776E+00
  gd-160       0.0000E+00  1.3086E+00
  tb-160       0.0000E+00  1.5365E-01
  dy-160       0.0000E+00  2.0088E-01
  tb-161       0.0000E+00  2.3017E-02
  dy-161       0.0000E+00  4.2557E-01
  dy-162       0.0000E+00  3.3473E-01
  dy-163       0.0000E+00  2.6472E-01
  dy-164       0.0000E+00  5.7165E-02
  ho-165       0.0000E+00  1.0734E-01
  er-166       0.0000E+00  3.1177E-02
------------
  totals       1.0000E+06  1.0002E+06
=========================================================================================================================
.
.
=========================================================================================================================
=   History overview for case 'decay' (#2/2)                                                                            =
-------------------------------------------------------------------------------------------------------------------------
   step          t0          t1          dt           t        flux     fluence       power      energy
    (-)         (y)         (y)         (s)         (s)   (n/cm2-s)     (n/cm2)        (MW)       (MWd)
      1      1.5057      2.5057  3.1560E+07  7.9080E+07  0.0000E+00  2.9417E+22  0.0000E+00  3.3939E+04
          
              step - step index within this case
                t0 - time at beginning-of-step in input units
                t1 - time at end-of-step in input units
                dt - length of step in seconds
                 t - end-of-step cumulative time in seconds
              flux - flux in neutrons/cm^2-sec (CALCULATED)
           fluence - cumulative end-of-step fluence in neutrons/cm^2 (CALCULATED)
             power - power in mega-watts (INPUT)     
            energy - cumulative end-of-step energy released in mega-watt-days (INPUT)     
=========================================================================================================================
.
.
.
.
.
*************************************************************************************************************************
********************                                                                                 ********************
********************                                                                                 ********************
********************                    Library information                                          ********************
********************                                                                                 ********************
********************                                                                                 ********************
*************************************************************************************************************************
.
.
=========================================================================================================================
=   Library summary for case 'decay' (#2/2)                                                                             =
-------------------------------------------------------------------------------------------------------------------------
filename: C:/Users/Teddy/AppData/Local/Temp/scale.Teddy.7792/w17x17_100d.f33 cross-section data taken from position number: 1
library title delimited by {}: 
{}
date library was produced: 538976288/538976288/538976288
total number of nuclides in library: 2237
number of light-element nuclides: 910
number of actinide nuclides: 176
number of fission product nuclides: 1151
number of nonzero off-diagonal matrix elements: 54564
=========================================================================================================================
.
.
*************************************************************************************************************************
********************                                                                                 ********************
********************                                                                                 ********************
********************                    Concentration tables                                         ********************
********************                                                                                 ********************
********************                                                                                 ********************
*************************************************************************************************************************
.
.
=========================================================================================================================
=   Nuclide concentrations in grams for case 'decay' (#2/2)                                                             =
-------------------------------------------------------------------------------------------------------------------------
  (relative cutoff; integral of concentrations over time >   1.00E-06 % of integral of all concentrations over time)
.
                   1.506y      2.506y   
  h-3          5.4541E-02  5.1557E-02
  he-4         1.3860E+00  1.6257E+00
  u-234        1.6928E+00  2.9631E+00
  u-235        5.7924E+03  5.7926E+03
  u-236        3.6169E+03  3.6171E+03
  u-237        1.4964E+01  4.8559E-05
  u-238        9.4379E+05  9.4379E+05
  u-239        1.0669E+00  0.0000E+00
  np-237       4.0661E+02  4.2167E+02
  np-238       2.2400E+00  7.5845E-08
  np-239       1.5382E+02  1.1933E-04
  pu-238       1.5524E+02  1.6679E+02
  pu-239       5.1888E+03  5.3436E+03
  pu-240       2.1685E+03  2.1702E+03
  pu-241       1.6338E+03  1.5564E+03
  pu-242       7.0289E+02  7.0291E+02
  pu-243       3.4044E-01  1.1412E-13
  pu-244       5.0975E-02  5.0979E-02
  am-241       2.4233E+01  1.0150E+02
  am-242m      4.1074E-01  4.0872E-01
  am-242       1.3629E-01  5.2734E-06
  am-243       1.3830E+02  1.3862E+02
  cm-242       1.3551E+01  2.8896E+00
  cm-243       3.4438E-01  3.3628E-01
  cm-244       5.0875E+01  4.8990E+01
  cm-245       2.7319E+00  2.7317E+00
  cm-246       3.0548E-01  3.0544E-01
  ge-73        2.2071E-02  2.2083E-02
  ge-74        5.6367E-02  5.6368E-02
  as-75        1.3275E-01  1.3276E-01
  ge-76        3.4495E-01  3.4495E-01
  se-77        8.0355E-01  8.0718E-01
  se-78        2.3616E+00  2.3622E+00
  se-79        5.0084E+00  5.0085E+00
  se-80        1.2950E+01  1.2950E+01
  br-81        2.1671E+01  2.1671E+01
  se-82        3.4080E+01  3.4080E+01
  kr-82        7.0256E-01  7.0758E-01
  kr-83        4.0198E+01  4.0217E+01
  kr-84        1.1161E+02  1.1161E+02
  kr-85        2.5654E+01  2.4061E+01
  kr-85m       4.0549E-02  0.0000E+00
  rb-85        9.7766E+01  9.9400E+01
  kr-86        1.8422E+02  1.8422E+02
  rb-86        3.8820E-02  4.8646E-08
  sr-86        4.2787E-01  4.6668E-01
  kr-87        2.2167E-02  0.0000E+00
  rb-87        2.4208E+02  2.4210E+02
  kr-88        6.6409E-02  0.0000E+00
  sr-88        3.3568E+02  3.3576E+02
  sr-89        3.8461E+01  2.5644E-01
  y-89         4.2015E+02  4.5836E+02
  sr-90        5.4021E+02  5.2736E+02
  y-90         1.4827E-01  1.3377E-01
  zr-90        1.2136E+01  2.5002E+01
  sr-91        4.2100E-01  0.0000E+00
  y-91         6.8141E+01  9.0553E-01
  y-91m        2.1318E-02  0.0000E+00
  zr-91        5.2079E+02  5.8847E+02
  sr-92        1.3302E-01  0.0000E+00
  y-92         1.7577E-01  0.0000E+00
  zr-92        6.4617E+02  6.4648E+02
  y-93         5.9846E-01  0.0000E+00
  zr-93        7.2012E+02  7.2072E+02
  zr-94        7.7840E+02  7.7842E+02
  zr-95        1.1567E+02  2.2181E+00
  nb-95        6.2878E+01  2.7021E+00
  nb-95m       7.0557E-02  1.4315E-03
  mo-95        6.6069E+02  8.3447E+02
  zr-96        8.3409E+02  8.3409E+02
  mo-96        3.9238E+01  3.9248E+01
  zr-97        1.2812E+00  0.0000E+00
  nb-97        9.2667E-02  0.0000E+00
  mo-97        8.3457E+02  8.3594E+02
  mo-98        8.7057E+02  8.7057E+02
  mo-99        5.8467E+00  0.0000E+00
  tc-99        8.2648E+02  8.3280E+02
  tc-99m       4.7011E-01  0.0000E+00
  ru-99        3.0115E-02  3.3057E-02
  mo-100       9.8987E+02  9.8987E+02
  ru-100       1.0599E+02  1.0599E+02
  mo-101       2.0994E-02  0.0000E+00
  tc-101       2.0426E-02  0.0000E+00
  ru-101       8.2695E+02  8.2699E+02
  ru-102       8.6267E+02  8.6269E+02
  ru-103       8.3677E+01  1.3209E-01
  rh-103       4.8507E+02  5.6870E+02
  rh-103m      8.2166E-02  1.2974E-04
  tc-104       2.3677E-02  0.0000E+00
  ru-104       6.3267E+02  6.3270E+02
  pd-104       2.6662E+02  2.6662E+02
  ru-105       3.0233E-01  0.0000E+00
  rh-105       2.0694E+00  0.0000E+00
  pd-105       4.1900E+02  4.2138E+02
  ru-106       2.5430E+02  1.2870E+02
  pd-106       2.2113E+02  3.4673E+02
  pd-107       2.6593E+02  2.6595E+02
  pd-108       1.7700E+02  1.7700E+02
  pd-109       3.1972E-01  0.0000E+00
  ag-109       9.3193E+01  9.3513E+01
  pd-110       5.8618E+01  5.8618E+01
  ag-110m      8.7620E-01  3.1793E-01
  cd-110       4.2577E+01  4.3136E+01
  ag-111       8.0904E-01  1.4098E-15
  cd-111       2.8489E+01  2.9300E+01
  pd-112       4.0919E-02  0.0000E+00
  cd-112       1.4663E+01  1.4710E+01
  cd-113       1.2064E-01  1.2541E-01
  cd-114       1.6978E+01  1.6978E+01
  cd-115       3.6765E-02  0.0000E+00
  cd-115m      4.5383E-02  1.5464E-04
  in-115       1.9822E+00  2.0656E+00
  sn-115       2.6460E-01  2.6660E-01
  cd-116       6.1566E+00  6.1567E+00
  sn-116       3.7503E+00  3.7506E+00
  sn-117       5.5744E+00  5.5779E+00
  sn-118       5.1826E+00  5.1831E+00
  sn-119       4.9969E+00  5.0522E+00
  sn-119m      9.5304E-02  4.0163E-02
  sn-120       5.1448E+00  5.1448E+00
  sn-121m      4.0994E-01  4.0352E-01
  sb-121       4.9038E+00  4.9265E+00
  sn-122       6.5726E+00  6.5727E+00
  te-122       3.6898E-01  3.7445E-01
  sn-123       3.2384E-01  4.5630E-02
  sb-123       6.1498E+00  6.4285E+00
  sn-124       1.0407E+01  1.0407E+01
  sb-124       7.7163E-02  1.1503E-03
  te-124       2.1692E-01  2.9293E-01
  sn-125       1.6631E-01  6.5199E-13
  sb-125       1.1650E+01  9.1921E+00
  te-125       2.0862E+00  4.7144E+00
  te-125m      1.3151E-01  1.2775E-01
  sn-126       2.2813E+01  2.2812E+01
  te-126       5.5533E-01  5.6404E-01
  sb-127       6.0495E-01  0.0000E+00
  te-127       5.3531E-02  3.1769E-04
  te-127m      8.2130E-01  9.0746E-02
  i-127        4.6701E+01  4.8098E+01
  te-128       1.0431E+02  1.0433E+02
  xe-128       2.9521E+00  2.9523E+00
  sb-129       8.6247E-02  0.0000E+00
  te-129       2.1663E-02  1.2573E-06
  te-129m      2.5820E+00  1.3854E-03
  i-129        1.7020E+02  1.7289E+02
  xe-129       2.0746E-02  2.0924E-02
  te-130       4.0214E+02  4.0216E+02
  xe-130       7.5087E+00  7.5273E+00
  te-131       2.3155E-02  0.0000E+00
  te-131m      4.4093E-01  0.0000E+00
  i-131        1.2641E+01  2.6256E-13
  xe-131       4.4397E+02  4.5731E+02
  xe-131m      2.2280E-01  3.4411E-10
  te-132       7.1037E+00  0.0000E+00
  i-132        2.1822E-01  0.0000E+00
  xe-132       1.1742E+03  1.1816E+03
  te-133m      5.8836E-02  0.0000E+00
  i-133        2.7415E+00  0.0000E+00
  xe-133       1.6584E+01  2.1717E-20
  xe-133m      2.1668E-01  0.0000E+00
  cs-133       1.1698E+03  1.1894E+03
  te-134       7.8170E-02  0.0000E+00
  i-134        1.2889E-01  0.0000E+00
  xe-134       1.6026E+03  1.6028E+03
  cs-134       1.5493E+02  1.1077E+02
  ba-134       2.9145E+01  7.3325E+01
  i-135        8.4460E-01  0.0000E+00
  xe-135       1.8273E-01  0.0000E+00
  cs-135       2.2105E+02  2.2208E+02
  ba-135       1.9151E-01  1.9174E-01
  xe-136       2.6326E+03  2.6326E+03
  cs-136       7.1652E-01  3.1591E-09
  ba-136       1.4530E+01  1.5246E+01
  cs-137       1.3083E+03  1.2785E+03
  ba-137       2.4097E+01  5.3902E+01
  xe-138       2.6534E-02  0.0000E+00
  cs-138       6.9253E-02  0.0000E+00
  ba-138       1.3614E+03  1.3615E+03
  la-138       1.4644E-02  1.4644E-02
  ba-139       1.6515E-01  0.0000E+00
  la-139       1.2728E+03  1.2730E+03
  ba-140       3.5143E+01  8.3858E-08
  la-140       4.7853E+00  1.2710E-08
  ce-140       1.2543E+03  1.2942E+03
  ba-141       3.2935E-02  0.0000E+00
  la-141       4.2742E-01  0.0000E+00
  ce-141       8.3956E+01  3.4984E-02
  pr-141       1.1187E+03  1.2030E+03
  la-142       1.5872E-01  0.0000E+00
  ce-142       1.1785E+03  1.1787E+03
  pr-142       9.2287E-02  0.0000E+00
  nd-142       2.3070E+01  2.3163E+01
  la-143       2.3596E-02  0.0000E+00
  ce-143       3.3197E+00  0.0000E+00
  pr-143       3.2388E+01  2.8472E-07
  nd-143       7.7051E+02  8.0624E+02
  ce-144       5.4260E+02  2.2312E+02
  pr-144       2.3154E-02  9.3981E-03
  nd-144       8.5403E+02  1.1735E+03
  pr-145       4.1963E-01  0.0000E+00
  nd-145       6.9253E+02  6.9296E+02
  pr-146       2.3148E-02  0.0000E+00
  nd-146       7.2722E+02  7.2726E+02
  nd-147       1.1802E+01  1.1422E-09
  pm-147       1.9972E+02  1.6252E+02
  sm-147       4.2731E+01  9.1746E+01
  nd-148       4.0097E+02  4.0097E+02
  pm-148       2.1512E+00  2.1609E-05
  pm-148m      1.5851E+00  3.4430E-03
  sm-148       1.2912E+02  1.3286E+02
  nd-149       4.8673E-02  0.0000E+00
  pm-149       2.2736E+00  0.0000E+00
  sm-149       2.1551E+00  4.4784E+00
  nd-150       1.9304E+02  1.9304E+02
  sm-150       3.3030E+02  3.3030E+02
  pm-151       4.4260E-01  0.0000E+00
  sm-151       1.1707E+01  1.2060E+01
  eu-151       6.6449E-03  9.9877E-02
  sm-152       1.1365E+02  1.1366E+02
  gd-152       1.1222E-02  1.1316E-02
  sm-153       1.7914E+00  0.0000E+00
  eu-153       1.2774E+02  1.2953E+02
  sm-154       4.4950E+01  4.4950E+01
  eu-154       2.8249E+01  2.6062E+01
  gd-154       1.2593E+00  3.4464E+00
  eu-155       9.9245E+00  8.5788E+00
  gd-155       3.9180E-02  1.3862E+00
  sm-156       2.1626E-02  0.0000E+00
  eu-156       9.2692E+00  5.3589E-07
  gd-156       1.0960E+02  1.1890E+02
  eu-157       4.1382E-02  0.0000E+00
  gd-157       1.2372E-01  1.6530E-01
  gd-158       2.4409E+01  2.4409E+01
  tb-159       2.9776E+00  2.9891E+00
  gd-160       1.3086E+00  1.3086E+00
  tb-160       1.5365E-01  4.6308E-03
  dy-160       2.0088E-01  3.4990E-01
  tb-161       2.3017E-02  2.7525E-18
  dy-161       4.2557E-01  4.4860E-01
  dy-162       3.3473E-01  3.3474E-01
  dy-163       2.6472E-01  2.6472E-01
  dy-164       5.7165E-02  5.7165E-02
  ho-165       1.0734E-01  1.0743E-01
  er-166       3.1177E-02  3.1558E-02
------------
  totals       1.0002E+06  1.0002E+06
=========================================================================================================================
.
.
*************************************************************************************************************************
********************                                                                                 ********************
********************                                                                                 ********************
********************                    Written F71 File Information                                 ********************
********************                                                                                 ********************
********************                                                                                 ********************
*************************************************************************************************************************
.
.
   pos         time        power         flux      fluence       energy libpos   case   step DCGNAB
   (-)          (s)         (MW)    (n/cm2-s)      (n/cm2)        (MWd)    (-)    (-)    (-)    (-)
     1  4.75200e+07  0.00000e+00  0.00000e+00  2.94170e+22  3.39394e+04      1      2      0 DC----
     2  7.90800e+07  0.00000e+00  0.00000e+00  2.94170e+22  3.39394e+04      1      2      1 DC----
    D - state definition present
    C - concentrations present
    G - gamma emission spectra present
    N - neutron emission spectra present
    A - alpha emission spectra present
    B - beta emission spectra present
.
.
.
=========================================================================================================================
ORIGEN finished successfully.
=========================================================================================================================
    module origen used 0.42765 seconds cpu time for the current pass.

    module origen is finished. completion code    0. total cpu time used 3.26573e-006 seconds.


    SCALE is finished on Wed Feb 13 18:29:38 2019.
-------------------------- Summary --------------------------
arp finished. used 1.90642 seconds.
origen finished. used 0.432983 seconds.
SCALE driver required a maximum of 8.305 MiB of RAM.
------------------------ End Summary ------------------------

w17x17_100d.f33 copied to C:\Users\Teddy\Desktop\scale_test\output\w17x17_100d.f33.
discharge.f71 copied to C:\Users\Teddy\Desktop\scale_test\output\discharge.f71.
