 *******************************************************************************
 *                                                                             *
 *                                 SCALE 6.2.2                                 *
 *                                -------------                                *
 *                                February 2019                                *
 *                                                                             *
 *           SCALE:  A Comprehensive Modeling and Simulation Suite             *
 *                   for Nuclear Safety Analysis and Design                    *
 *                                                                             *
 *                      Reactor and Nuclear Systems Division                   *
 *                        Oak Ridge National Laboratory                        *
 *                                                                             *
 *                           http://scale.ornl.gov                             *
 *                            scalehelp@ornl.gov                               *
 *                                                                             *
 *******************************************************************************
 *******************************************************************************
      
                  Job Information
                  ---------------
      Job started on DESKTOP-J14NAA6 on Wed 13/02/2019 18:32:30
      Working directory: C:\Users\Teddy\AppData\Local\Temp\scale.Teddy.1864
      Input file name  : C:\Users\Teddy\Desktop\scale_test\output\2.800000_65050.505051.inp
      Output file name : C:\Users\Teddy\Desktop\scale_test\output\2.800000_65050.505051.out
      SCALE executable : C:\SCALE-6.2.2/bin/scale
      
 *******************************************************************************


    module arp will be called on Wed Feb 13 18:32:30 2019.
    sequence specification record:=arp
Input Data:

      'library type
      w17x17
      2.800000
      ' num cycles
      1
      ' num days per cycle
      550
      ' cycle average specific power (MW / MTU)
      118.273646
      ' number of interpolated cross section sets generated per cycle
      1
      ' moderator density (g/cc)
      0.723
      ' interpolated output ORIGEN library
      w17x17_100d.f33
end

1






        ************************************************************************************************************************
        ************************************************************************************************************************
        ************************************************************************************************************************
        *****                                                                                                              *****
        *****                                       program verification information                                       *****
        *****                                                                                                              *****
        *****                                   code system:  SCALE    version:  6.2                                       *****
        *****                                                                                                              *****
        ************************************************************************************************************************
        ************************************************************************************************************************
        *****                                                                                                              *****
        *****                                                                                                              *****
        *****              program:  arp.exe                                                                               *****
        *****                                                                                                              *****
        *****        creation date:   unknown                                                                              *****
        *****                                                                                                              *****
        *****              library:  C:\SCALE-6.2.2\bin                                                                    *****
        *****                                                                                                              *****
        *****                                                                                                              *****
        *****            prod code:  arp.exe                                                                               *****
        *****                                                                                                              *****
        *****              version:  6.2.2                                                                                 *****
        *****                                                                                                              *****
        *****              jobname:  Teddy                                                                                 *****
        *****                                                                                                              *****
        *****         machine name:  DESKTOP-J14NAA6                                                                       *****
        *****                                                                                                              *****
        *****    date of execution:  13_feb_2019                                                                           *****
        *****                                                                                                              *****
        *****    time of execution:  18:32:31.02                                                                           *****
        *****                                                                                                              *****
        *****                                                                                                              *****
        ************************************************************************************************************************
        ************************************************************************************************************************
        ************************************************************************************************************************


 'library type
    data library:       w17x17
       directory:       C:/SCALE-6.2.2/data/\arplibs
       definition:      C:/SCALE-6.2.2/data/\arpdata.txt
    u-235 enrichment:                        2.800

 ' num cycles
    number of cycles:                            1

 ' num days per cycle

 ' cycle average specific power (MW / MTU)

 ' number of interpolated cross section sets generated per cycle

 ' moderator density (g/cc)
    water density (g/cm3):                  0.7230
                                         cycle        cumulative      midpoint
   cycle time(d)        power(MW)      burnup(MWd/MTU)burnup(MWd/MTU)burnup(MWd/MTU)nlib
     1    550.000        118.274        65050.5        65050.5        32525.3             1

 ' interpolated output ORIGEN library
    interpolated library name:                   w17x17_100d.f33
 interpolation type: spline
 Cross section library interpolation completed.
.
.
.
=========================================================================================================================
ARP finished successfully.
=========================================================================================================================
    module arp used 2.22474 seconds cpu time for the current pass.

    module arp is finished. completion code    0. total cpu time used 1.58621e-005 seconds.



    module origen will be called on Wed Feb 13 18:32:33 2019.
    sequence specification record:=origen
Input Data:

      case(irrad) {
          lib{
              file="w17x17_100d.f33" pos=1
          }
          mat {
              units=GRAMS
              iso=[u235=28000.000000 u238=972000.000000]
          }
          time = [ 550 ]
          power = [ 118.273646 ]
      }
      case (decay) {
          time {
              units=YEARS
              start=0
              t=[1]
          }
          save{ file="discharge.f71" steps=[0 LAST]}
      }
end

1






        ************************************************************************************************************************
        ************************************************************************************************************************
        ************************************************************************************************************************
        *****                                                                                                              *****
        *****                                       program verification information                                       *****
        *****                                                                                                              *****
        *****                                   code system:  SCALE    version:  6.2                                       *****
        *****                                                                                                              *****
        ************************************************************************************************************************
        ************************************************************************************************************************
        *****                                                                                                              *****
        *****                                                                                                              *****
        *****              program:  origen.exe                                                                            *****
        *****                                                                                                              *****
        *****        creation date:   unknown                                                                              *****
        *****                                                                                                              *****
        *****              library:  C:\SCALE-6.2.2\bin                                                                    *****
        *****                                                                                                              *****
        *****                                                                                                              *****
        *****            prod code:  origen.exe                                                                            *****
        *****                                                                                                              *****
        *****              version:  6.2.2                                                                                 *****
        *****                                                                                                              *****
        *****              jobname:  Teddy                                                                                 *****
        *****                                                                                                              *****
        *****         machine name:  DESKTOP-J14NAA6                                                                       *****
        *****                                                                                                              *****
        *****    date of execution:  13_feb_2019                                                                           *****
        *****                                                                                                              *****
        *****    time of execution:  18:32:33.25                                                                           *****
        *****                                                                                                              *****
        *****                                                                                                              *****
        ************************************************************************************************************************
        ************************************************************************************************************************
        ************************************************************************************************************************

*************************************************************************************************************************
********************                                                                                 ********************
********************                                                                                 ********************
********************                    USER INPUT SUMMARY                                           ********************
********************                                                                                 ********************
********************                                                                                 ********************
*************************************************************************************************************************
.
.
=========================================================================================================================
=   Case "irrad" (#1/2)                                                                                                 =
-------------------------------------------------------------------------------------------------------------------------
###   Library settings                                                                                                ###
.
                                Library file name:     C:/Users/Teddy/AppData/Local/Temp/scale.Teddy.1864/w17x17_100d.f33
                             Library set position:              1
                 Fission product reaction removal:             no
-------------------------------------------------------------------------------------------------------------------------
###   Global settings                                                                                                 ###
.
                                           Solver:              MATREX
                                             Mode:        forward
                             Fixed fission energy:             no
-------------------------------------------------------------------------------------------------------------------------
###   Concentrations output options                                                                                   ###
.
                            High-precision output:             no
                                  Relative cutoff:            yes
                         Step for applying cutoff:       integral
.
                      light els.   actinides  fis.prods.       total
                       nuc    el   nuc    el   nuc    el   nuc    el             cutoff
gram-atoms                                                                    1.000E-06
grams                                                      **                 1.000E-06
curies                                                                        1.000E-06
watts                                                                         1.000E-06
gamma watts                                                                   1.000E-06
m3 air                                                                        1.000E-06
m3 water                                                                      1.000E-06
grams ppm                                                                     1.000E-06
atoms ppm                                                                     1.000E-06
atoms/barn-cm                                                                 1.000E-06
becquerels                                                                    1.000E-06
-------------------------------------------------------------------------------------------------------------------------
###   Additional output options                                                                                       ###
.
                                      Print k-inf:             no
           Nuclides for absorption fraction print:           none
                              Print fission rates:             no
            Step for sorting absorption fractions:              1
=========================================================================================================================
=   Case "decay" (#2/2)                                                                                                 =
-------------------------------------------------------------------------------------------------------------------------
###   Library settings                                                                                                ###
.
                                Library file name:     C:/Users/Teddy/AppData/Local/Temp/scale.Teddy.1864/w17x17_100d.f33
                             Library set position:              1
                 Fission product reaction removal:             no
-------------------------------------------------------------------------------------------------------------------------
###   Global settings                                                                                                 ###
.
                                           Solver:              MATREX
                                             Mode:        forward
                             Fixed fission energy:             no
-------------------------------------------------------------------------------------------------------------------------
###   Concentrations output options                                                                                   ###
.
                            High-precision output:             no
                                  Relative cutoff:            yes
                         Step for applying cutoff:       integral
.
                      light els.   actinides  fis.prods.       total
                       nuc    el   nuc    el   nuc    el   nuc    el             cutoff
gram-atoms                                                                    1.000E-06
grams                                                      **                 1.000E-06
curies                                                                        1.000E-06
watts                                                                         1.000E-06
gamma watts                                                                   1.000E-06
m3 air                                                                        1.000E-06
m3 water                                                                      1.000E-06
grams ppm                                                                     1.000E-06
atoms ppm                                                                     1.000E-06
atoms/barn-cm                                                                 1.000E-06
becquerels                                                                    1.000E-06
-------------------------------------------------------------------------------------------------------------------------
###   Additional output options                                                                                       ###
.
                                      Print k-inf:             no
           Nuclides for absorption fraction print:           none
                              Print fission rates:             no
            Step for sorting absorption fractions:              1
=========================================================================================================================
###   Blending information                                                                                            ###
.
  --- no blending requested in this job ---
=========================================================================================================================
.
.
***Warning:  The flux over a step has changed by more than 20%.
=========================================================================================================================
=   History overview for case 'irrad' (#1/2)                                                                            =
-------------------------------------------------------------------------------------------------------------------------
   step          t0          t1          dt           t        flux     fluence       power      energy
    (-)         (d)         (d)         (s)         (s)   (n/cm2-s)     (n/cm2)        (MW)       (MWd)
      1      0.0000    550.0000  4.7520E+07  4.7520E+07  1.2998E+15  6.1766E+22  1.1827E+02  6.5051E+04
          
              step - step index within this case
                t0 - time at beginning-of-step in input units
                t1 - time at end-of-step in input units
                dt - length of step in seconds
                 t - end-of-step cumulative time in seconds
              flux - flux in neutrons/cm^2-sec (CALCULATED)
           fluence - cumulative end-of-step fluence in neutrons/cm^2 (CALCULATED)
             power - power in mega-watts (INPUT)     
            energy - cumulative end-of-step energy released in mega-watt-days (INPUT)     
=========================================================================================================================
.
.
.
.
.
*************************************************************************************************************************
********************                                                                                 ********************
********************                                                                                 ********************
********************                    Library information                                          ********************
********************                                                                                 ********************
********************                                                                                 ********************
*************************************************************************************************************************
.
.
=========================================================================================================================
=   Library summary for case 'irrad' (#1/2)                                                                             =
-------------------------------------------------------------------------------------------------------------------------
filename: C:/Users/Teddy/AppData/Local/Temp/scale.Teddy.1864/w17x17_100d.f33 cross-section data taken from position number: 1
library title delimited by {}: 
{}
date library was produced: 538976288/538976288/538976288
total number of nuclides in library: 2237
number of light-element nuclides: 910
number of actinide nuclides: 176
number of fission product nuclides: 1151
number of nonzero off-diagonal matrix elements: 54564
=========================================================================================================================
.
.
*************************************************************************************************************************
********************                                                                                 ********************
********************                                                                                 ********************
********************                    Concentration tables                                         ********************
********************                                                                                 ********************
********************                                                                                 ********************
*************************************************************************************************************************
.
.
=========================================================================================================================
=   Nuclide concentrations in grams for case 'irrad' (#1/2)                                                             =
-------------------------------------------------------------------------------------------------------------------------
  (relative cutoff; integral of concentrations over time >   1.00E-06 % of integral of all concentrations over time)
.
                   0.000d    550.000d   
  h-3          0.0000E+00  1.0984E-01
  he-4         0.0000E+00  3.3184E+00
  u-234        0.0000E+00  2.4705E+00
  u-235        2.8000E+04  1.0392E+03
  u-236        0.0000E+00  3.7391E+03
  u-237        0.0000E+00  2.9337E+01
  u-238        9.7200E+05  9.1344E+05
  u-239        0.0000E+00  2.1789E+00
  np-237       0.0000E+00  6.5029E+02
  np-238       0.0000E+00  7.1525E+00
  np-239       0.0000E+00  3.1300E+02
  pu-238       0.0000E+00  4.7551E+02
  pu-239       0.0000E+00  5.2981E+03
  pu-240       0.0000E+00  2.6851E+03
  pu-241       0.0000E+00  1.8255E+03
  pu-242       0.0000E+00  1.9584E+03
  pu-243       0.0000E+00  1.8129E+00
  pu-244       0.0000E+00  9.3745E-01
  am-241       0.0000E+00  1.8140E+01
  am-242m      0.0000E+00  2.9978E-01
  am-242       0.0000E+00  2.0337E-01
  am-243       0.0000E+00  7.4904E+02
  am-244m      0.0000E+00  1.1400E-01
  am-244       0.0000E+00  1.7736E-01
  cm-242       0.0000E+00  3.0775E+01
  cm-243       0.0000E+00  1.5427E+00
  cm-244       0.0000E+00  7.8626E+02
  cm-245       0.0000E+00  8.6028E+01
  cm-246       0.0000E+00  3.2008E+01
  cm-247       0.0000E+00  8.6738E-01
  cm-248       0.0000E+00  1.5609E-01
  ge-73        0.0000E+00  3.2274E-02
  ge-74        0.0000E+00  8.9856E-02
  as-75        0.0000E+00  2.1649E-01
  ge-76        0.0000E+00  6.0623E-01
  se-77        0.0000E+00  1.2672E+00
  se-78        0.0000E+00  4.3180E+00
  se-79        0.0000E+00  8.5656E+00
  se-80        0.0000E+00  2.1974E+01
  br-81        0.0000E+00  3.6269E+01
  se-82        0.0000E+00  5.8556E+01
  kr-82        0.0000E+00  2.4888E+00
  kr-83        0.0000E+00  4.7984E+01
  kr-84        0.0000E+00  2.0266E+02
  kr-85        0.0000E+00  4.1217E+01
  kr-85m       0.0000E+00  5.6685E-02
  rb-85        0.0000E+00  1.5605E+02
  kr-86        0.0000E+00  2.9280E+02
  rb-86        0.0000E+00  1.2916E-01
  sr-86        0.0000E+00  1.5318E+00
  kr-87        0.0000E+00  3.0088E-02
  rb-87        0.0000E+00  3.8293E+02
  kr-88        0.0000E+00  8.7734E-02
  sr-88        0.0000E+00  5.2694E+02
  sr-89        0.0000E+00  5.0883E+01
  y-89         0.0000E+00  6.4833E+02
  sr-90        0.0000E+00  8.4171E+02
  y-90         0.0000E+00  2.4947E-01
  zr-90        0.0000E+00  2.2502E+01
  sr-91        0.0000E+00  5.8681E-01
  y-91         0.0000E+00  8.9392E+01
  y-91m        0.0000E+00  2.9719E-02
  zr-91        0.0000E+00  8.5197E+02
  sr-92        0.0000E+00  1.9379E-01
  y-92         0.0000E+00  2.5606E-01
  zr-92        0.0000E+00  1.0682E+03
  y-93         0.0000E+00  9.1306E-01
  zr-93        0.0000E+00  1.2103E+03
  y-94         0.0000E+00  3.0936E-02
  zr-94        0.0000E+00  1.3599E+03
  mo-94        0.0000E+00  3.4775E-02
  zr-95        0.0000E+00  1.7389E+02
  nb-95        0.0000E+00  9.4051E+01
  nb-95m       0.0000E+00  1.0616E-01
  mo-95        0.0000E+00  1.1169E+03
  zr-96        0.0000E+00  1.4956E+03
  nb-96        0.0000E+00  2.8913E-02
  mo-96        0.0000E+00  1.4743E+02
  zr-97        0.0000E+00  2.1643E+00
  nb-97        0.0000E+00  1.5675E-01
  mo-97        0.0000E+00  1.5190E+03
  mo-98        0.0000E+00  1.6458E+03
  mo-99        0.0000E+00  1.0207E+01
  tc-99        0.0000E+00  1.3688E+03
  tc-99m       0.0000E+00  8.2467E-01
  ru-99        0.0000E+00  2.5455E-02
  mo-100       0.0000E+00  1.8814E+03
  ru-100       0.0000E+00  3.9963E+02
  mo-101       0.0000E+00  3.7751E-02
  tc-101       0.0000E+00  3.6736E-02
  ru-101       0.0000E+00  1.5216E+03
  mo-102       0.0000E+00  2.9565E-02
  ru-102       0.0000E+00  1.8438E+03
  ru-103       0.0000E+00  1.6344E+02
  rh-103       0.0000E+00  6.4143E+02
  rh-103m      0.0000E+00  1.6054E-01
  tc-104       0.0000E+00  4.7749E-02
  ru-104       0.0000E+00  1.4566E+03
  pd-104       0.0000E+00  9.0089E+02
  ru-105       0.0000E+00  6.3506E-01
  rh-105       0.0000E+00  3.7777E+00
  pd-105       0.0000E+00  8.2539E+02
  ru-106       0.0000E+00  6.1531E+02
  pd-106       0.0000E+00  7.9158E+02
  rh-107       0.0000E+00  3.2669E-02
  pd-107       0.0000E+00  6.7460E+02
  pd-108       0.0000E+00  4.7382E+02
  pd-109       0.0000E+00  9.0662E-01
  ag-109       0.0000E+00  1.9746E+02
  pd-110       0.0000E+00  1.6790E+02
  ag-110m      0.0000E+00  2.8158E+00
  cd-110       0.0000E+00  2.3069E+02
  ag-111       0.0000E+00  2.1828E+00
  cd-111       0.0000E+00  8.9041E+01
  pd-112       0.0000E+00  1.0820E-01
  cd-112       0.0000E+00  4.5717E+01
  cd-113       0.0000E+00  1.5756E-01
  cd-114       0.0000E+00  4.4367E+01
  cd-115       0.0000E+00  8.8929E-02
  cd-115m      0.0000E+00  1.1328E-01
  in-115       0.0000E+00  2.3483E+00
  sn-115       0.0000E+00  5.6006E-01
  cd-116       0.0000E+00  1.3632E+01
  sn-116       0.0000E+00  1.1151E+01
  sn-117       0.0000E+00  1.2054E+01
  sn-118       0.0000E+00  1.1309E+01
  sn-119       0.0000E+00  1.0573E+01
  sn-119m      0.0000E+00  1.6003E-01
  sn-120       0.0000E+00  1.1088E+01
  sn-121       0.0000E+00  3.2363E-02
  sn-121m      0.0000E+00  8.2377E-01
  sb-121       0.0000E+00  9.5755E+00
  sn-122       0.0000E+00  1.4128E+01
  sb-122       0.0000E+00  2.2748E-02
  te-122       0.0000E+00  1.6177E+00
  sn-123       0.0000E+00  6.4698E-01
  sb-123       0.0000E+00  1.2484E+01
  sn-124       0.0000E+00  2.1854E+01
  sb-124       0.0000E+00  3.6683E-01
  te-124       0.0000E+00  1.1338E+00
  sn-125       0.0000E+00  3.3230E-01
  sb-125       0.0000E+00  2.4332E+01
  te-125       0.0000E+00  4.8270E+00
  te-125m      0.0000E+00  2.8115E-01
  sn-126       0.0000E+00  4.9120E+01
  sb-126       0.0000E+00  2.1575E-02
  te-126       0.0000E+00  1.1899E+00
  sb-127       0.0000E+00  1.1837E+00
  te-127       0.0000E+00  1.0142E-01
  te-127m      0.0000E+00  9.1363E-01
  i-127        0.0000E+00  8.8027E+01
  te-128       0.0000E+00  2.1669E+02
  xe-128       0.0000E+00  1.3309E+01
  sb-129       0.0000E+00  1.6648E-01
  te-129       0.0000E+00  4.1871E-02
  te-129m      0.0000E+00  4.9662E+00
  i-129        0.0000E+00  3.3798E+02
  xe-129       0.0000E+00  1.9931E-01
  sb-130       0.0000E+00  2.0044E-02
  te-130       0.0000E+00  7.8035E+02
  i-130        0.0000E+00  7.5474E-02
  xe-130       0.0000E+00  3.3990E+01
  sb-131       0.0000E+00  3.3799E-02
  te-131       0.0000E+00  4.1208E-02
  te-131m      0.0000E+00  8.3217E-01
  i-131        0.0000E+00  2.2704E+01
  xe-131       0.0000E+00  5.7323E+02
  xe-131m      0.0000E+00  4.1479E-01
  te-132       0.0000E+00  1.2591E+01
  i-132        0.0000E+00  3.8876E-01
  xe-132       0.0000E+00  2.5620E+03
  te-133       0.0000E+00  2.4148E-02
  te-133m      0.0000E+00  9.8476E-02
  i-133        0.0000E+00  4.7653E+00
  xe-133       0.0000E+00  2.8784E+01
  xe-133m      0.0000E+00  3.8716E-01
  cs-133       0.0000E+00  1.8294E+03
  te-134       0.0000E+00  1.2881E-01
  i-134        0.0000E+00  2.2191E-01
  xe-134       0.0000E+00  3.0440E+03
  cs-134       0.0000E+00  4.9544E+02
  cs-134m      0.0000E+00  3.6254E-02
  ba-134       0.0000E+00  1.0556E+02
  i-135        0.0000E+00  1.4796E+00
  xe-135       0.0000E+00  1.6687E-01
  cs-135       0.0000E+00  3.5155E+02
  ba-135       0.0000E+00  1.5365E+00
  xe-136       0.0000E+00  5.2844E+03
  cs-136       0.0000E+00  2.0686E+00
  ba-136       0.0000E+00  3.7789E+01
  cs-137       0.0000E+00  2.5050E+03
  ba-137       0.0000E+00  5.0088E+01
  xe-138       0.0000E+00  4.4825E-02
  cs-138       0.0000E+00  1.1821E-01
  ba-138       0.0000E+00  2.5487E+03
  la-138       0.0000E+00  3.5087E-02
  cs-139       0.0000E+00  3.0541E-02
  ba-139       0.0000E+00  2.8177E-01
  la-139       0.0000E+00  2.3345E+03
  ba-140       0.0000E+00  5.9533E+01
  la-140       0.0000E+00  8.4358E+00
  ce-140       0.0000E+00  2.3452E+03
  ba-141       0.0000E+00  5.5717E-02
  la-141       0.0000E+00  7.2413E-01
  ce-141       0.0000E+00  1.4029E+02
  pr-141       0.0000E+00  1.9409E+03
  ba-142       0.0000E+00  2.9605E-02
  la-142       0.0000E+00  2.6525E-01
  ce-142       0.0000E+00  2.1859E+03
  pr-142       0.0000E+00  3.3312E-01
  nd-142       0.0000E+00  9.0299E+01
  la-143       0.0000E+00  3.8625E-02
  ce-143       0.0000E+00  5.4583E+00
  pr-143       0.0000E+00  5.2665E+01
  nd-143       0.0000E+00  8.9562E+02
  ce-144       0.0000E+00  9.1263E+02
  pr-144       0.0000E+00  3.9459E-02
  nd-144       0.0000E+00  2.0521E+03
  pr-145       0.0000E+00  6.9895E-01
  nd-145       0.0000E+00  1.0896E+03
  ce-146       0.0000E+00  2.1858E-02
  pr-146       0.0000E+00  3.9235E-02
  nd-146       0.0000E+00  1.5265E+03
  nd-147       0.0000E+00  1.9919E+01
  pm-147       0.0000E+00  1.9851E+02
  sm-147       0.0000E+00  4.0482E+01
  nd-148       0.0000E+00  7.9182E+02
  pm-148       0.0000E+00  3.9514E+00
  pm-148m      0.0000E+00  1.6184E+00
  sm-148       0.0000E+00  3.0663E+02
  nd-149       0.0000E+00  9.1890E-02
  pm-149       0.0000E+00  4.4783E+00
  sm-149       0.0000E+00  2.0656E+00
  nd-150       0.0000E+00  3.9645E+02
  sm-150       0.0000E+00  6.4417E+02
  pm-151       0.0000E+00  8.7636E-01
  sm-151       0.0000E+00  1.5901E+01
  sm-152       0.0000E+00  1.5852E+02
  sm-153       0.0000E+00  4.6961E+00
  eu-153       0.0000E+00  2.2020E+02
  sm-154       0.0000E+00  1.2512E+02
  eu-154       0.0000E+00  5.8919E+01
  gd-154       0.0000E+00  3.3041E+00
  eu-155       0.0000E+00  1.9754E+01
  gd-155       0.0000E+00  4.7969E-02
  sm-156       0.0000E+00  4.7257E-02
  eu-156       0.0000E+00  3.4346E+01
  gd-156       0.0000E+00  4.9906E+02
  eu-157       0.0000E+00  1.9273E-01
  gd-157       0.0000E+00  3.5573E-01
  gd-158       0.0000E+00  1.2954E+02
  gd-159       0.0000E+00  5.4016E-02
  tb-159       0.0000E+00  1.0943E+01
  gd-160       0.0000E+00  3.8454E+00
  tb-160       0.0000E+00  8.7865E-01
  dy-160       0.0000E+00  9.0241E-01
  tb-161       0.0000E+00  1.2657E-01
  dy-161       0.0000E+00  1.4824E+00
  dy-162       0.0000E+00  1.2666E+00
  dy-163       0.0000E+00  1.2874E+00
  dy-164       0.0000E+00  3.5054E-01
  ho-165       0.0000E+00  9.8857E-01
  er-166       0.0000E+00  4.2578E-01
  er-167       0.0000E+00  2.2024E-02
  er-168       0.0000E+00  7.1799E-02
------------
  totals       1.0000E+06  1.0022E+06
=========================================================================================================================
.
.
=========================================================================================================================
=   History overview for case 'decay' (#2/2)                                                                            =
-------------------------------------------------------------------------------------------------------------------------
   step          t0          t1          dt           t        flux     fluence       power      energy
    (-)         (y)         (y)         (s)         (s)   (n/cm2-s)     (n/cm2)        (MW)       (MWd)
      1      1.5057      2.5057  3.1560E+07  7.9080E+07  0.0000E+00  6.1766E+22  0.0000E+00  6.5051E+04
          
              step - step index within this case
                t0 - time at beginning-of-step in input units
                t1 - time at end-of-step in input units
                dt - length of step in seconds
                 t - end-of-step cumulative time in seconds
              flux - flux in neutrons/cm^2-sec (CALCULATED)
           fluence - cumulative end-of-step fluence in neutrons/cm^2 (CALCULATED)
             power - power in mega-watts (INPUT)     
            energy - cumulative end-of-step energy released in mega-watt-days (INPUT)     
=========================================================================================================================
.
.
.
.
.
*************************************************************************************************************************
********************                                                                                 ********************
********************                                                                                 ********************
********************                    Library information                                          ********************
********************                                                                                 ********************
********************                                                                                 ********************
*************************************************************************************************************************
.
.
=========================================================================================================================
=   Library summary for case 'decay' (#2/2)                                                                             =
-------------------------------------------------------------------------------------------------------------------------
filename: C:/Users/Teddy/AppData/Local/Temp/scale.Teddy.1864/w17x17_100d.f33 cross-section data taken from position number: 1
library title delimited by {}: 
{}
date library was produced: 538976288/538976288/538976288
total number of nuclides in library: 2237
number of light-element nuclides: 910
number of actinide nuclides: 176
number of fission product nuclides: 1151
number of nonzero off-diagonal matrix elements: 54564
=========================================================================================================================
.
.
*************************************************************************************************************************
********************                                                                                 ********************
********************                                                                                 ********************
********************                    Concentration tables                                         ********************
********************                                                                                 ********************
********************                                                                                 ********************
*************************************************************************************************************************
.
.
=========================================================================================================================
=   Nuclide concentrations in grams for case 'decay' (#2/2)                                                             =
-------------------------------------------------------------------------------------------------------------------------
  (relative cutoff; integral of concentrations over time >   1.00E-06 % of integral of all concentrations over time)
.
                   1.506y      2.506y   
  h-3          1.0984E-01  1.0383E-01
  he-4         3.3184E+00  4.2834E+00
  u-234        2.4705E+00  6.3224E+00
  u-235        1.0392E+03  1.0393E+03
  u-236        3.7391E+03  3.7394E+03
  u-237        2.9337E+01  5.4257E-05
  u-238        9.1344E+05  9.1344E+05
  u-239        2.1789E+00  0.0000E+00
  np-237       6.5029E+02  6.7973E+02
  np-238       7.1525E+00  5.5356E-08
  np-239       3.1300E+02  6.4627E-04
  pu-238       4.7551E+02  5.0274E+02
  pu-239       5.2981E+03  5.6132E+03
  pu-240       2.6851E+03  2.7139E+03
  pu-241       1.8255E+03  1.7391E+03
  pu-242       1.9584E+03  1.9585E+03
  pu-243       1.8129E+00  3.0926E-11
  pu-244       9.3745E-01  9.3749E-01
  am-241       1.8140E+01  1.0448E+02
  am-242m      2.9978E-01  2.9831E-01
  am-242       2.0337E-01  3.8488E-06
  am-243       7.4904E+02  7.5078E+02
  am-244m      1.1400E-01  0.0000E+00
  am-244       1.7736E-01  1.0235E-11
  cm-242       3.0775E+01  6.5428E+00
  cm-243       1.5427E+00  1.5064E+00
  cm-244       7.8626E+02  7.5702E+02
  cm-245       8.6028E+01  8.6021E+01
  cm-246       3.2008E+01  3.2003E+01
  cm-247       8.6738E-01  8.6738E-01
  cm-248       1.5609E-01  1.5664E-01
  ge-73        3.2274E-02  3.2298E-02
  ge-74        8.9856E-02  8.9858E-02
  as-75        2.1649E-01  2.1652E-01
  ge-76        6.0623E-01  6.0623E-01
  se-76        1.6251E-02  1.6346E-02
  se-77        1.2672E+00  1.2731E+00
  se-78        4.3180E+00  4.3190E+00
  se-79        8.5656E+00  8.5657E+00
  se-80        2.1974E+01  2.1974E+01
  br-81        3.6269E+01  3.6271E+01
  se-82        5.8556E+01  5.8556E+01
  kr-82        2.4888E+00  2.5061E+00
  kr-83        4.7984E+01  4.8013E+01
  kr-84        2.0266E+02  2.0267E+02
  kr-85        4.1217E+01  3.8656E+01
  kr-85m       5.6685E-02  0.0000E+00
  rb-85        1.5605E+02  1.5867E+02
  kr-86        2.9280E+02  2.9280E+02
  rb-86        1.2916E-01  1.6185E-07
  sr-86        1.5318E+00  1.6610E+00
  kr-87        3.0088E-02  0.0000E+00
  rb-87        3.8293E+02  3.8296E+02
  kr-88        8.7734E-02  0.0000E+00
  sr-88        5.2694E+02  5.2704E+02
  sr-89        5.0883E+01  3.3927E-01
  y-89         6.4833E+02  6.9889E+02
  sr-90        8.4171E+02  8.2169E+02
  y-90         2.4947E-01  2.0843E-01
  zr-90        2.2502E+01  4.2567E+01
  sr-91        5.8681E-01  0.0000E+00
  y-91         8.9392E+01  1.1884E+00
  y-91m        2.9719E-02  0.0000E+00
  zr-91        8.5197E+02  9.4079E+02
  sr-92        1.9379E-01  0.0000E+00
  y-92         2.5606E-01  0.0000E+00
  zr-92        1.0682E+03  1.0686E+03
  y-93         9.1306E-01  0.0000E+00
  zr-93        1.2103E+03  1.2112E+03
  y-94         3.0936E-02  0.0000E+00
  zr-94        1.3599E+03  1.3600E+03
  mo-94        3.4775E-02  3.4775E-02
  zr-95        1.7389E+02  3.3346E+00
  nb-95        9.4051E+01  4.0619E+00
  nb-95m       1.0616E-01  2.1521E-03
  mo-95        1.1169E+03  1.3777E+03
  zr-96        1.4956E+03  1.4956E+03
  nb-96        2.8913E-02  0.0000E+00
  mo-96        1.4743E+02  1.4746E+02
  zr-97        2.1643E+00  0.0000E+00
  nb-97        1.5675E-01  0.0000E+00
  mo-97        1.5190E+03  1.5213E+03
  mo-98        1.6458E+03  1.6458E+03
  tc-98        1.8478E-02  1.8478E-02
  mo-99        1.0207E+01  0.0000E+00
  tc-99        1.3688E+03  1.3798E+03
  tc-99m       8.2467E-01  0.0000E+00
  ru-99        2.5455E-02  3.0348E-02
  mo-100       1.8814E+03  1.8814E+03
  ru-100       3.9963E+02  3.9963E+02
  mo-101       3.7751E-02  0.0000E+00
  tc-101       3.6736E-02  0.0000E+00
  ru-101       1.5216E+03  1.5217E+03
  mo-102       2.9565E-02  0.0000E+00
  ru-102       1.8438E+03  1.8438E+03
  ru-103       1.6344E+02  2.5800E-01
  rh-103       6.4143E+02  8.0478E+02
  rh-103m      1.6054E-01  2.5342E-04
  tc-104       4.7749E-02  0.0000E+00
  ru-104       1.4566E+03  1.4566E+03
  pd-104       9.0089E+02  9.0089E+02
  ru-105       6.3506E-01  0.0000E+00
  rh-105       3.7777E+00  0.0000E+00
  pd-105       8.2539E+02  8.2982E+02
  ru-106       6.1531E+02  3.1141E+02
  pd-106       7.9158E+02  1.0955E+03
  rh-107       3.2669E-02  0.0000E+00
  pd-107       6.7460E+02  6.7464E+02
  pd-108       4.7382E+02  4.7383E+02
  pd-109       9.0662E-01  0.0000E+00
  ag-109       1.9746E+02  1.9837E+02
  pd-110       1.6790E+02  1.6790E+02
  ag-110m      2.8158E+00  1.0217E+00
  cd-110       2.3069E+02  2.3248E+02
  ag-111       2.1828E+00  3.8036E-15
  cd-111       8.9041E+01  9.1228E+01
  pd-112       1.0820E-01  0.0000E+00
  cd-112       4.5717E+01  4.5841E+01
  cd-113       1.5756E-01  1.7006E-01
  cd-114       4.4367E+01  4.4367E+01
  cd-115       8.8929E-02  0.0000E+00
  cd-115m      1.1328E-01  3.8600E-04
  in-115       2.3483E+00  2.5533E+00
  sn-115       5.6006E-01  5.6490E-01
  cd-116       1.3632E+01  1.3632E+01
  sn-116       1.1151E+01  1.1151E+01
  sn-117       1.2054E+01  1.2062E+01
  sn-118       1.1309E+01  1.1310E+01
  sn-119       1.0573E+01  1.0666E+01
  sn-119m      1.6003E-01  6.7440E-02
  sn-120       1.1088E+01  1.1088E+01
  sn-121       3.2363E-02  4.4203E-05
  sn-121m      8.2377E-01  8.1087E-01
  sb-121       9.5755E+00  9.6208E+00
  sn-122       1.4128E+01  1.4128E+01
  sb-122       2.2748E-02  0.0000E+00
  te-122       1.6177E+00  1.6399E+00
  sn-123       6.4698E-01  9.1159E-02
  sb-123       1.2484E+01  1.3041E+01
  te-123       1.7374E-02  2.3169E-02
  sn-124       2.1854E+01  2.1854E+01
  sb-124       3.6683E-01  5.4687E-03
  te-124       1.1338E+00  1.4952E+00
  sn-125       3.3230E-01  1.3027E-12
  sb-125       2.4332E+01  1.9186E+01
  te-125       4.8270E+00  1.0319E+01
  te-125m      2.8115E-01  2.6673E-01
  sn-126       4.9120E+01  4.9119E+01
  sb-126       2.1575E-02  1.0110E-06
  te-126       1.1899E+00  1.2117E+00
  sb-127       1.1837E+00  0.0000E+00
  te-127       1.0142E-01  3.8375E-04
  te-127m      9.1363E-01  1.0962E-01
  i-127        8.8027E+01  9.0132E+01
  te-128       2.1669E+02  2.1673E+02
  xe-128       1.3309E+01  1.3310E+01
  sb-129       1.6648E-01  0.0000E+00
  te-129       4.1871E-02  2.4183E-06
  te-129m      4.9662E+00  2.6647E-03
  i-129        3.3798E+02  3.4315E+02
  xe-129       1.9931E-01  2.0092E-01
  sb-130       2.0044E-02  0.0000E+00
  te-130       7.8035E+02  7.8038E+02
  i-130        7.5474E-02  0.0000E+00
  xe-130       3.3990E+01  3.4066E+01
  sb-131       3.3799E-02  0.0000E+00
  te-131       4.1208E-02  0.0000E+00
  te-131m      8.3217E-01  0.0000E+00
  i-131        2.2704E+01  4.7253E-13
  xe-131       5.7323E+02  5.9726E+02
  xe-131m      4.1479E-01  6.2636E-10
  te-132       1.2591E+01  0.0000E+00
  i-132        3.8876E-01  0.0000E+00
  xe-132       2.5620E+03  2.5750E+03
  te-133       2.4148E-02  0.0000E+00
  te-133m      9.8476E-02  0.0000E+00
  i-133        4.7653E+00  0.0000E+00
  xe-133       2.8784E+01  3.7717E-20
  xe-133m      3.8716E-01  0.0000E+00
  cs-133       1.8294E+03  1.8635E+03
  te-134       1.2881E-01  0.0000E+00
  i-134        2.2191E-01  0.0000E+00
  xe-134       3.0440E+03  3.0443E+03
  cs-134       4.9544E+02  3.5420E+02
  cs-134m      3.6254E-02  0.0000E+00
  ba-134       1.0556E+02  2.4683E+02
  i-135        1.4796E+00  0.0000E+00
  xe-135       1.6687E-01  0.0000E+00
  cs-135       3.5155E+02  3.5322E+02
  ba-135       1.5365E+00  1.5378E+00
  xe-136       5.2844E+03  5.2844E+03
  cs-136       2.0686E+00  9.1206E-09
  ba-136       3.7789E+01  3.9857E+01
  cs-137       2.5050E+03  2.4479E+03
  ba-137       5.0088E+01  1.0716E+02
  xe-138       4.4825E-02  0.0000E+00
  cs-138       1.1821E-01  0.0000E+00
  ba-138       2.5487E+03  2.5489E+03
  la-138       3.5087E-02  3.5087E-02
  cs-139       3.0541E-02  0.0000E+00
  ba-139       2.8177E-01  0.0000E+00
  la-139       2.3345E+03  2.3348E+03
  ba-140       5.9533E+01  1.4206E-07
  la-140       8.4358E+00  2.1531E-08
  ce-140       2.3452E+03  2.4132E+03
  ba-141       5.5717E-02  0.0000E+00
  la-141       7.2413E-01  0.0000E+00
  ce-141       1.4029E+02  5.8462E-02
  pr-141       1.9409E+03  2.0819E+03
  ba-142       2.9605E-02  0.0000E+00
  la-142       2.6525E-01  0.0000E+00
  ce-142       2.1859E+03  2.1862E+03
  pr-142       3.3312E-01  0.0000E+00
  nd-142       9.0299E+01  9.0633E+01
  la-143       3.8625E-02  0.0000E+00
  ce-143       5.4583E+00  0.0000E+00
  pr-143       5.2665E+01  4.6350E-07
  nd-143       8.9562E+02  9.5378E+02
  ce-144       9.1263E+02  3.7528E+02
  pr-144       3.9459E-02  1.5807E-02
  nd-144       2.0521E+03  2.5895E+03
  pr-145       6.9895E-01  0.0000E+00
  nd-145       1.0896E+03  1.0903E+03
  ce-146       2.1858E-02  0.0000E+00
  pr-146       3.9235E-02  0.0000E+00
  nd-146       1.5265E+03  1.5265E+03
  nd-147       1.9919E+01  1.9278E-09
  pm-147       1.9851E+02  1.6790E+02
  sm-147       4.0482E+01  9.1032E+01
  nd-148       7.9182E+02  7.9182E+02
  pm-148       3.9514E+00  2.2062E-05
  pm-148m      1.6184E+00  3.5152E-03
  sm-148       3.0663E+02  3.1219E+02
  nd-149       9.1890E-02  0.0000E+00
  pm-149       4.4783E+00  0.0000E+00
  sm-149       2.0656E+00  6.6376E+00
  nd-150       3.9645E+02  3.9645E+02
  sm-150       6.4417E+02  6.4418E+02
  pm-151       8.7636E-01  0.0000E+00
  sm-151       1.5901E+01  1.6655E+01
  eu-151       4.3700E-03  1.3312E-01
  sm-152       1.5852E+02  1.5852E+02
  sm-153       4.6961E+00  0.0000E+00
  eu-153       2.2020E+02  2.2490E+02
  sm-154       1.2512E+02  1.2512E+02
  eu-154       5.8919E+01  5.4358E+01
  gd-154       3.3041E+00  7.8657E+00
  eu-155       1.9754E+01  1.7076E+01
  gd-155       4.7969E-02  2.7292E+00
  sm-156       4.7257E-02  0.0000E+00
  eu-156       3.4346E+01  1.9837E-06
  gd-156       4.9906E+02  5.3345E+02
  eu-157       1.9273E-01  0.0000E+00
  gd-157       3.5573E-01  5.4891E-01
  gd-158       1.2954E+02  1.2954E+02
  gd-159       5.4016E-02  0.0000E+00
  tb-159       1.0943E+01  1.0998E+01
  gd-160       3.8454E+00  3.8454E+00
  tb-160       8.7865E-01  2.6480E-02
  dy-160       9.0241E-01  1.7546E+00
  tb-161       1.2657E-01  1.5134E-17
  dy-161       1.4824E+00  1.6090E+00
  dy-162       1.2666E+00  1.2666E+00
  dy-163       1.2874E+00  1.2874E+00
  dy-164       3.5054E-01  3.5054E-01
  ho-165       9.8857E-01  9.8965E-01
  er-166       4.2578E-01  4.3137E-01
  er-167       2.2024E-02  2.2061E-02
  er-168       7.1799E-02  7.1799E-02
------------
  totals       1.0022E+06  1.0022E+06
=========================================================================================================================
.
.
*************************************************************************************************************************
********************                                                                                 ********************
********************                                                                                 ********************
********************                    Written F71 File Information                                 ********************
********************                                                                                 ********************
********************                                                                                 ********************
*************************************************************************************************************************
.
.
   pos         time        power         flux      fluence       energy libpos   case   step DCGNAB
   (-)          (s)         (MW)    (n/cm2-s)      (n/cm2)        (MWd)    (-)    (-)    (-)    (-)
     1  4.75200e+07  0.00000e+00  0.00000e+00  6.17660e+22  6.50505e+04      1      2      0 DC----
     2  7.90800e+07  0.00000e+00  0.00000e+00  6.17660e+22  6.50505e+04      1      2      1 DC----
    D - state definition present
    C - concentrations present
    G - gamma emission spectra present
    N - neutron emission spectra present
    A - alpha emission spectra present
    B - beta emission spectra present
.
.
.
=========================================================================================================================
ORIGEN finished successfully.
=========================================================================================================================
    module origen used 0.648155 seconds cpu time for the current pass.

    module origen is finished. completion code    0. total cpu time used 4.66533e-006 seconds.


    SCALE is finished on Wed Feb 13 18:32:33 2019.
-------------------------- Summary --------------------------
arp finished. used 2.23036 seconds.
origen finished. used 0.653872 seconds.
SCALE driver required a maximum of 8.313 MiB of RAM.
------------------------ End Summary ------------------------

w17x17_100d.f33 copied to C:\Users\Teddy\Desktop\scale_test\output\w17x17_100d.f33.
discharge.f71 copied to C:\Users\Teddy\Desktop\scale_test\output\discharge.f71.
