 *******************************************************************************
 *                                                                             *
 *                                 SCALE 6.2.2                                 *
 *                                -------------                                *
 *                                February 2019                                *
 *                                                                             *
 *           SCALE:  A Comprehensive Modeling and Simulation Suite             *
 *                   for Nuclear Safety Analysis and Design                    *
 *                                                                             *
 *                      Reactor and Nuclear Systems Division                   *
 *                        Oak Ridge National Laboratory                        *
 *                                                                             *
 *                           http://scale.ornl.gov                             *
 *                            scalehelp@ornl.gov                               *
 *                                                                             *
 *******************************************************************************
 *******************************************************************************
      
                  Job Information
                  ---------------
      Job started on DESKTOP-J14NAA6 on Wed 13/02/2019 18:28:47
      Working directory: C:\Users\Teddy\AppData\Local\Temp\scale.Teddy.7956
      Input file name  : C:\Users\Teddy\Desktop\scale_test\output\2.800000_25454.545455.inp
      Output file name : C:\Users\Teddy\Desktop\scale_test\output\2.800000_25454.545455.out
      SCALE executable : C:\SCALE-6.2.2/bin/scale
      
 *******************************************************************************


    module arp will be called on Wed Feb 13 18:28:47 2019.
    sequence specification record:=arp
Input Data:

      'library type
      w17x17
      2.800000
      ' num cycles
      1
      ' num days per cycle
      550
      ' cycle average specific power (MW / MTU)
      46.280992
      ' number of interpolated cross section sets generated per cycle
      1
      ' moderator density (g/cc)
      0.723
      ' interpolated output ORIGEN library
      w17x17_100d.f33
end

1






        ************************************************************************************************************************
        ************************************************************************************************************************
        ************************************************************************************************************************
        *****                                                                                                              *****
        *****                                       program verification information                                       *****
        *****                                                                                                              *****
        *****                                   code system:  SCALE    version:  6.2                                       *****
        *****                                                                                                              *****
        ************************************************************************************************************************
        ************************************************************************************************************************
        *****                                                                                                              *****
        *****                                                                                                              *****
        *****              program:  arp.exe                                                                               *****
        *****                                                                                                              *****
        *****        creation date:   unknown                                                                              *****
        *****                                                                                                              *****
        *****              library:  C:\SCALE-6.2.2\bin                                                                    *****
        *****                                                                                                              *****
        *****                                                                                                              *****
        *****            prod code:  arp.exe                                                                               *****
        *****                                                                                                              *****
        *****              version:  6.2.2                                                                                 *****
        *****                                                                                                              *****
        *****              jobname:  Teddy                                                                                 *****
        *****                                                                                                              *****
        *****         machine name:  DESKTOP-J14NAA6                                                                       *****
        *****                                                                                                              *****
        *****    date of execution:  13_feb_2019                                                                           *****
        *****                                                                                                              *****
        *****    time of execution:  18:28:47.98                                                                           *****
        *****                                                                                                              *****
        *****                                                                                                              *****
        ************************************************************************************************************************
        ************************************************************************************************************************
        ************************************************************************************************************************


 'library type
    data library:       w17x17
       directory:       C:/SCALE-6.2.2/data/\arplibs
       definition:      C:/SCALE-6.2.2/data/\arpdata.txt
    u-235 enrichment:                        2.800

 ' num cycles
    number of cycles:                            1

 ' num days per cycle

 ' cycle average specific power (MW / MTU)

 ' number of interpolated cross section sets generated per cycle

 ' moderator density (g/cc)
    water density (g/cm3):                  0.7230
                                         cycle        cumulative      midpoint
   cycle time(d)        power(MW)      burnup(MWd/MTU)burnup(MWd/MTU)burnup(MWd/MTU)nlib
     1    550.000        46.2810        25454.5        25454.5        12727.3             1

 ' interpolated output ORIGEN library
    interpolated library name:                   w17x17_100d.f33
 interpolation type: spline
 Cross section library interpolation completed.
.
.
.
=========================================================================================================================
ARP finished successfully.
=========================================================================================================================
    module arp used 2.73828 seconds cpu time for the current pass.

    module arp is finished. completion code    0. total cpu time used 2.23936e-005 seconds.



    module origen will be called on Wed Feb 13 18:28:50 2019.
    sequence specification record:=origen
Input Data:

      case(irrad) {
          lib{
              file="w17x17_100d.f33" pos=1
          }
          mat {
              units=GRAMS
              iso=[u235=28000.000000 u238=972000.000000]
          }
          time = [ 550 ]
          power = [ 46.280992 ]
      }
      case (decay) {
          time {
              units=YEARS
              start=0
              t=[1]
          }
          save{ file="discharge.f71" steps=[0 LAST]}
      }
end

1






        ************************************************************************************************************************
        ************************************************************************************************************************
        ************************************************************************************************************************
        *****                                                                                                              *****
        *****                                       program verification information                                       *****
        *****                                                                                                              *****
        *****                                   code system:  SCALE    version:  6.2                                       *****
        *****                                                                                                              *****
        ************************************************************************************************************************
        ************************************************************************************************************************
        *****                                                                                                              *****
        *****                                                                                                              *****
        *****              program:  origen.exe                                                                            *****
        *****                                                                                                              *****
        *****        creation date:   unknown                                                                              *****
        *****                                                                                                              *****
        *****              library:  C:\SCALE-6.2.2\bin                                                                    *****
        *****                                                                                                              *****
        *****                                                                                                              *****
        *****            prod code:  origen.exe                                                                            *****
        *****                                                                                                              *****
        *****              version:  6.2.2                                                                                 *****
        *****                                                                                                              *****
        *****              jobname:  Teddy                                                                                 *****
        *****                                                                                                              *****
        *****         machine name:  DESKTOP-J14NAA6                                                                       *****
        *****                                                                                                              *****
        *****    date of execution:  13_feb_2019                                                                           *****
        *****                                                                                                              *****
        *****    time of execution:  18:28:50.74                                                                           *****
        *****                                                                                                              *****
        *****                                                                                                              *****
        ************************************************************************************************************************
        ************************************************************************************************************************
        ************************************************************************************************************************

*************************************************************************************************************************
********************                                                                                 ********************
********************                                                                                 ********************
********************                    USER INPUT SUMMARY                                           ********************
********************                                                                                 ********************
********************                                                                                 ********************
*************************************************************************************************************************
.
.
=========================================================================================================================
=   Case "irrad" (#1/2)                                                                                                 =
-------------------------------------------------------------------------------------------------------------------------
###   Library settings                                                                                                ###
.
                                Library file name:     C:/Users/Teddy/AppData/Local/Temp/scale.Teddy.7956/w17x17_100d.f33
                             Library set position:              1
                 Fission product reaction removal:             no
-------------------------------------------------------------------------------------------------------------------------
###   Global settings                                                                                                 ###
.
                                           Solver:              MATREX
                                             Mode:        forward
                             Fixed fission energy:             no
-------------------------------------------------------------------------------------------------------------------------
###   Concentrations output options                                                                                   ###
.
                            High-precision output:             no
                                  Relative cutoff:            yes
                         Step for applying cutoff:       integral
.
                      light els.   actinides  fis.prods.       total
                       nuc    el   nuc    el   nuc    el   nuc    el             cutoff
gram-atoms                                                                    1.000E-06
grams                                                      **                 1.000E-06
curies                                                                        1.000E-06
watts                                                                         1.000E-06
gamma watts                                                                   1.000E-06
m3 air                                                                        1.000E-06
m3 water                                                                      1.000E-06
grams ppm                                                                     1.000E-06
atoms ppm                                                                     1.000E-06
atoms/barn-cm                                                                 1.000E-06
becquerels                                                                    1.000E-06
-------------------------------------------------------------------------------------------------------------------------
###   Additional output options                                                                                       ###
.
                                      Print k-inf:             no
           Nuclides for absorption fraction print:           none
                              Print fission rates:             no
            Step for sorting absorption fractions:              1
=========================================================================================================================
=   Case "decay" (#2/2)                                                                                                 =
-------------------------------------------------------------------------------------------------------------------------
###   Library settings                                                                                                ###
.
                                Library file name:     C:/Users/Teddy/AppData/Local/Temp/scale.Teddy.7956/w17x17_100d.f33
                             Library set position:              1
                 Fission product reaction removal:             no
-------------------------------------------------------------------------------------------------------------------------
###   Global settings                                                                                                 ###
.
                                           Solver:              MATREX
                                             Mode:        forward
                             Fixed fission energy:             no
-------------------------------------------------------------------------------------------------------------------------
###   Concentrations output options                                                                                   ###
.
                            High-precision output:             no
                                  Relative cutoff:            yes
                         Step for applying cutoff:       integral
.
                      light els.   actinides  fis.prods.       total
                       nuc    el   nuc    el   nuc    el   nuc    el             cutoff
gram-atoms                                                                    1.000E-06
grams                                                      **                 1.000E-06
curies                                                                        1.000E-06
watts                                                                         1.000E-06
gamma watts                                                                   1.000E-06
m3 air                                                                        1.000E-06
m3 water                                                                      1.000E-06
grams ppm                                                                     1.000E-06
atoms ppm                                                                     1.000E-06
atoms/barn-cm                                                                 1.000E-06
becquerels                                                                    1.000E-06
-------------------------------------------------------------------------------------------------------------------------
###   Additional output options                                                                                       ###
.
                                      Print k-inf:             no
           Nuclides for absorption fraction print:           none
                              Print fission rates:             no
            Step for sorting absorption fractions:              1
=========================================================================================================================
###   Blending information                                                                                            ###
.
  --- no blending requested in this job ---
=========================================================================================================================
.
.
=========================================================================================================================
=   History overview for case 'irrad' (#1/2)                                                                            =
-------------------------------------------------------------------------------------------------------------------------
   step          t0          t1          dt           t        flux     fluence       power      energy
    (-)         (d)         (d)         (s)         (s)   (n/cm2-s)     (n/cm2)        (MW)       (MWd)
      1      0.0000    550.0000  4.7520E+07  4.7520E+07  4.4582E+14  2.1185E+22  4.6281E+01  2.5455E+04
          
              step - step index within this case
                t0 - time at beginning-of-step in input units
                t1 - time at end-of-step in input units
                dt - length of step in seconds
                 t - end-of-step cumulative time in seconds
              flux - flux in neutrons/cm^2-sec (CALCULATED)
           fluence - cumulative end-of-step fluence in neutrons/cm^2 (CALCULATED)
             power - power in mega-watts (INPUT)     
            energy - cumulative end-of-step energy released in mega-watt-days (INPUT)     
=========================================================================================================================
.
.
.
.
.
*************************************************************************************************************************
********************                                                                                 ********************
********************                                                                                 ********************
********************                    Library information                                          ********************
********************                                                                                 ********************
********************                                                                                 ********************
*************************************************************************************************************************
.
.
=========================================================================================================================
=   Library summary for case 'irrad' (#1/2)                                                                             =
-------------------------------------------------------------------------------------------------------------------------
filename: C:/Users/Teddy/AppData/Local/Temp/scale.Teddy.7956/w17x17_100d.f33 cross-section data taken from position number: 1
library title delimited by {}: 
{}
date library was produced: 538976288/538976288/538976288
total number of nuclides in library: 2237
number of light-element nuclides: 910
number of actinide nuclides: 176
number of fission product nuclides: 1151
number of nonzero off-diagonal matrix elements: 54564
=========================================================================================================================
.
.
*************************************************************************************************************************
********************                                                                                 ********************
********************                                                                                 ********************
********************                    Concentration tables                                         ********************
********************                                                                                 ********************
********************                                                                                 ********************
*************************************************************************************************************************
.
.
=========================================================================================================================
=   Nuclide concentrations in grams for case 'irrad' (#1/2)                                                             =
-------------------------------------------------------------------------------------------------------------------------
  (relative cutoff; integral of concentrations over time >   1.00E-06 % of integral of all concentrations over time)
.
                   0.000d    550.000d   
  h-3          0.0000E+00  4.0159E-02
  he-4         0.0000E+00  1.0003E+00
  u-234        0.0000E+00  1.3858E+00
  u-235        2.8000E+04  8.8938E+03
  u-236        0.0000E+00  3.2204E+03
  u-237        0.0000E+00  1.0153E+01
  u-238        9.7200E+05  9.5161E+05
  u-239        0.0000E+00  7.7450E-01
  np-237       0.0000E+00  2.9139E+02
  np-238       0.0000E+00  1.1763E+00
  np-239       0.0000E+00  1.1177E+02
  pu-238       0.0000E+00  8.2784E+01
  pu-239       0.0000E+00  4.9885E+03
  pu-240       0.0000E+00  1.7562E+03
  pu-241       0.0000E+00  1.2821E+03
  pu-242       0.0000E+00  3.8368E+02
  pu-243       0.0000E+00  1.3571E-01
  am-241       0.0000E+00  2.0876E+01
  am-242m      0.0000E+00  3.5627E-01
  am-242       0.0000E+00  8.6795E-02
  am-243       0.0000E+00  5.5462E+01
  cm-242       0.0000E+00  7.9057E+00
  cm-243       0.0000E+00  1.4990E-01
  cm-244       0.0000E+00  1.4067E+01
  cm-245       0.0000E+00  5.9217E-01
  cm-246       0.0000E+00  4.5216E-02
  ge-74        0.0000E+00  4.1334E-02
  as-75        0.0000E+00  1.0134E-01
  ge-76        0.0000E+00  2.6569E-01
  se-77        0.0000E+00  6.3297E-01
  se-78        0.0000E+00  1.8037E+00
  se-79        0.0000E+00  3.8750E+00
  se-80        0.0000E+00  1.0127E+01
  br-81        0.0000E+00  1.6915E+01
  se-82        0.0000E+00  2.6569E+01
  kr-82        0.0000E+00  3.9744E-01
  kr-83        0.0000E+00  3.4336E+01
  kr-84        0.0000E+00  8.5748E+01
  kr-85        0.0000E+00  2.0472E+01
  kr-85m       0.0000E+00  3.5273E-02
  rb-85        0.0000E+00  7.8185E+01
  kr-86        0.0000E+00  1.4762E+02
  rb-86        0.0000E+00  2.2433E-02
  sr-86        0.0000E+00  2.4062E-01
  rb-87        0.0000E+00  1.9420E+02
  kr-88        0.0000E+00  5.8899E-02
  sr-88        0.0000E+00  2.6998E+02
  sr-89        0.0000E+00  3.4111E+01
  y-89         0.0000E+00  3.3311E+02
  sr-90        0.0000E+00  4.3542E+02
  y-90         0.0000E+00  1.1694E-01
  zr-90        0.0000E+00  9.2809E+00
  sr-91        0.0000E+00  3.6579E-01
  y-91         0.0000E+00  5.8161E+01
  zr-91        0.0000E+00  4.1247E+02
  sr-92        0.0000E+00  1.1351E-01
  y-92         0.0000E+00  1.5000E-01
  zr-92        0.0000E+00  5.1126E+02
  y-93         0.0000E+00  5.0053E-01
  zr-93        0.0000E+00  5.6579E+02
  zr-94        0.0000E+00  6.0502E+02
  zr-95        0.0000E+00  9.3352E+01
  nb-95        0.0000E+00  5.0813E+01
  nb-95m       0.0000E+00  5.6932E-02
  mo-95        0.0000E+00  5.1579E+02
  zr-96        0.0000E+00  6.4207E+02
  mo-96        0.0000E+00  2.1918E+01
  zr-97        0.0000E+00  1.0203E+00
  nb-97        0.0000E+00  7.3752E-02
  mo-97        0.0000E+00  6.3769E+02
  mo-98        0.0000E+00  6.5774E+02
  mo-99        0.0000E+00  4.5791E+00
  tc-99        0.0000E+00  6.4326E+02
  tc-99m       0.0000E+00  3.6768E-01
  ru-99        0.0000E+00  2.3101E-02
  mo-100       0.0000E+00  7.4549E+02
  ru-100       0.0000E+00  5.9084E+01
  ru-101       0.0000E+00  6.2592E+02
  ru-102       0.0000E+00  6.2564E+02
  ru-103       0.0000E+00  6.1330E+01
  rh-103       0.0000E+00  3.8183E+02
  rh-103m      0.0000E+00  6.0213E-02
  ru-104       0.0000E+00  4.3913E+02
  pd-104       0.0000E+00  1.4822E+02
  ru-105       0.0000E+00  2.1111E-01
  rh-105       0.0000E+00  1.5021E+00
  pd-105       0.0000E+00  2.9839E+02
  ru-106       0.0000E+00  1.6750E+02
  pd-106       0.0000E+00  1.3002E+02
  pd-107       0.0000E+00  1.7273E+02
  pd-108       0.0000E+00  1.1260E+02
  pd-109       0.0000E+00  2.0017E-01
  ag-109       0.0000E+00  6.2851E+01
  pd-110       0.0000E+00  3.6916E+01
  ag-110m      0.0000E+00  4.7204E-01
  cd-110       0.0000E+00  2.0271E+01
  ag-111       0.0000E+00  5.2474E-01
  cd-111       0.0000E+00  1.7892E+01
  pd-112       0.0000E+00  2.7576E-02
  cd-112       0.0000E+00  9.3754E+00
  cd-113       0.0000E+00  1.1121E-01
  cd-114       0.0000E+00  1.1415E+01
  cd-115       0.0000E+00  2.6028E-02
  cd-115m      0.0000E+00  3.1799E-02
  in-115       0.0000E+00  1.7519E+00
  sn-115       0.0000E+00  1.8786E-01
  cd-116       0.0000E+00  4.3290E+00
  sn-116       0.0000E+00  2.2397E+00
  sn-117       0.0000E+00  3.9441E+00
  sn-118       0.0000E+00  3.6757E+00
  sn-119       0.0000E+00  3.5753E+00
  sn-119m      0.0000E+00  6.8689E-02
  sn-120       0.0000E+00  3.6693E+00
  sn-121m      0.0000E+00  2.9258E-01
  sb-121       0.0000E+00  3.5627E+00
  sn-122       0.0000E+00  4.6776E+00
  te-122       0.0000E+00  1.9216E-01
  sn-123       0.0000E+00  2.2575E-01
  sb-123       0.0000E+00  4.4443E+00
  sn-124       0.0000E+00  7.4486E+00
  sb-124       0.0000E+00  4.0588E-02
  te-124       0.0000E+00  1.1213E-01
  sn-125       0.0000E+00  1.2084E-01
  sb-125       0.0000E+00  8.2840E+00
  te-125       0.0000E+00  1.4651E+00
  te-125m      0.0000E+00  9.3081E-02
  sn-126       0.0000E+00  1.6139E+01
  te-126       0.0000E+00  4.0277E-01
  sb-127       0.0000E+00  4.4630E-01
  te-127       0.0000E+00  4.0080E-02
  te-127m      0.0000E+00  7.4910E-01
  i-127        0.0000E+00  3.4224E+01
  te-128       0.0000E+00  7.5094E+01
  xe-128       0.0000E+00  1.5282E+00
  sb-129       0.0000E+00  6.3997E-02
  te-129m      0.0000E+00  1.9204E+00
  i-129        0.0000E+00  1.2329E+02
  te-130       0.0000E+00  2.9993E+02
  xe-130       0.0000E+00  3.9537E+00
  te-131m      0.0000E+00  3.3316E-01
  i-131        0.0000E+00  9.7438E+00
  xe-131       0.0000E+00  3.6470E+02
  xe-131m      0.0000E+00  1.6826E-01
  te-132       0.0000E+00  5.5100E+00
  i-132        0.0000E+00  1.6886E-01
  xe-132       0.0000E+00  8.3915E+02
  te-133m      0.0000E+00  4.6911E-02
  i-133        0.0000E+00  2.1469E+00
  xe-133       0.0000E+00  1.2993E+01
  xe-133m      0.0000E+00  1.6808E-01
  cs-133       0.0000E+00  9.2095E+02
  te-134       0.0000E+00  6.2725E-02
  i-134        0.0000E+00  1.0144E-01
  xe-134       0.0000E+00  1.2100E+03
  cs-134       0.0000E+00  8.9160E+01
  ba-134       0.0000E+00  1.6394E+01
  i-135        0.0000E+00  6.5823E-01
  xe-135       0.0000E+00  1.8475E-01
  cs-135       0.0000E+00  2.0491E+02
  ba-135       0.0000E+00  7.7192E-02
  xe-136       0.0000E+00  1.9242E+03
  cs-136       0.0000E+00  4.9097E-01
  ba-136       0.0000E+00  9.7855E+00
  cs-137       0.0000E+00  9.8372E+02
  ba-137       0.0000E+00  1.7852E+01
  xe-138       0.0000E+00  2.1052E-02
  cs-138       0.0000E+00  5.4782E-02
  ba-138       0.0000E+00  1.0337E+03
  ba-139       0.0000E+00  1.3071E-01
  la-139       0.0000E+00  9.7154E+02
  ba-140       0.0000E+00  2.7904E+01
  la-140       0.0000E+00  3.7626E+00
  ce-140       0.0000E+00  9.4728E+02
  ba-141       0.0000E+00  2.6223E-02
  la-141       0.0000E+00  3.4012E-01
  ce-141       0.0000E+00  6.7048E+01
  pr-141       0.0000E+00  8.5123E+02
  la-142       0.0000E+00  1.2709E-01
  ce-142       0.0000E+00  8.9807E+02
  pr-142       0.0000E+00  5.1040E-02
  nd-142       0.0000E+00  1.2582E+01
  ce-143       0.0000E+00  2.6817E+00
  pr-143       0.0000E+00  2.6238E+01
  nd-143       0.0000E+00  6.5524E+02
  ce-144       0.0000E+00  4.2506E+02
  nd-144       0.0000E+00  5.8786E+02
  pr-145       0.0000E+00  3.3665E-01
  nd-145       0.0000E+00  5.5042E+02
  nd-146       0.0000E+00  5.3498E+02
  nd-147       0.0000E+00  9.3536E+00
  pm-147       0.0000E+00  1.7969E+02
  sm-147       0.0000E+00  3.8685E+01
  nd-148       0.0000E+00  2.9922E+02
  pm-148       0.0000E+00  1.4569E+00
  pm-148m      0.0000E+00  1.3815E+00
  sm-148       0.0000E+00  8.3020E+01
  nd-149       0.0000E+00  3.6976E-02
  pm-149       0.0000E+00  1.6287E+00
  sm-149       0.0000E+00  2.1083E+00
  nd-150       0.0000E+00  1.4121E+02
  sm-150       0.0000E+00  2.3882E+02
  pm-151       0.0000E+00  3.2486E-01
  sm-151       0.0000E+00  1.0402E+01
  sm-152       0.0000E+00  9.3967E+01
  sm-153       0.0000E+00  1.1272E+00
  eu-153       0.0000E+00  9.1155E+01
  sm-154       0.0000E+00  2.9720E+01
  eu-154       0.0000E+00  1.8042E+01
  gd-154       0.0000E+00  7.7270E-01
  eu-155       0.0000E+00  6.7305E+00
  gd-155       0.0000E+00  3.4474E-02
  eu-156       0.0000E+00  4.8116E+00
  gd-156       0.0000E+00  5.7267E+01
  eu-157       0.0000E+00  2.2293E-02
  gd-157       0.0000E+00  8.3617E-02
  gd-158       0.0000E+00  1.3443E+01
  tb-159       0.0000E+00  1.8388E+00
  gd-160       0.0000E+00  8.2300E-01
  tb-160       0.0000E+00  7.5049E-02
  dy-160       0.0000E+00  1.0505E-01
  dy-161       0.0000E+00  2.7468E-01
  dy-162       0.0000E+00  2.0535E-01
  dy-163       0.0000E+00  1.4367E-01
  dy-164       0.0000E+00  3.0714E-02
  ho-165       0.0000E+00  4.9533E-02
------------
  totals       1.0000E+06  1.0001E+06
=========================================================================================================================
.
.
=========================================================================================================================
=   History overview for case 'decay' (#2/2)                                                                            =
-------------------------------------------------------------------------------------------------------------------------
   step          t0          t1          dt           t        flux     fluence       power      energy
    (-)         (y)         (y)         (s)         (s)   (n/cm2-s)     (n/cm2)        (MW)       (MWd)
      1      1.5057      2.5057  3.1560E+07  7.9080E+07  0.0000E+00  2.1185E+22  0.0000E+00  2.5455E+04
          
              step - step index within this case
                t0 - time at beginning-of-step in input units
                t1 - time at end-of-step in input units
                dt - length of step in seconds
                 t - end-of-step cumulative time in seconds
              flux - flux in neutrons/cm^2-sec (CALCULATED)
           fluence - cumulative end-of-step fluence in neutrons/cm^2 (CALCULATED)
             power - power in mega-watts (INPUT)     
            energy - cumulative end-of-step energy released in mega-watt-days (INPUT)     
=========================================================================================================================
.
.
.
.
.
*************************************************************************************************************************
********************                                                                                 ********************
********************                                                                                 ********************
********************                    Library information                                          ********************
********************                                                                                 ********************
********************                                                                                 ********************
*************************************************************************************************************************
.
.
=========================================================================================================================
=   Library summary for case 'decay' (#2/2)                                                                             =
-------------------------------------------------------------------------------------------------------------------------
filename: C:/Users/Teddy/AppData/Local/Temp/scale.Teddy.7956/w17x17_100d.f33 cross-section data taken from position number: 1
library title delimited by {}: 
{}
date library was produced: 538976288/538976288/538976288
total number of nuclides in library: 2237
number of light-element nuclides: 910
number of actinide nuclides: 176
number of fission product nuclides: 1151
number of nonzero off-diagonal matrix elements: 54564
=========================================================================================================================
.
.
*************************************************************************************************************************
********************                                                                                 ********************
********************                                                                                 ********************
********************                    Concentration tables                                         ********************
********************                                                                                 ********************
********************                                                                                 ********************
*************************************************************************************************************************
.
.
=========================================================================================================================
=   Nuclide concentrations in grams for case 'decay' (#2/2)                                                             =
-------------------------------------------------------------------------------------------------------------------------
  (relative cutoff; integral of concentrations over time >   1.00E-06 % of integral of all concentrations over time)
.
                   1.506y      2.506y   
  h-3          4.0159E-02  3.7961E-02
  he-4         1.0003E+00  1.1318E+00
  u-234        1.3858E+00  2.0657E+00
  u-235        8.8938E+03  8.8940E+03
  u-236        3.2204E+03  3.2206E+03
  u-237        1.0153E+01  3.8105E-05
  u-238        9.5161E+05  9.5161E+05
  u-239        7.7450E-01  0.0000E+00
  np-237       2.9139E+02  3.0163E+02
  np-238       1.1763E+00  6.5786E-08
  np-239       1.1177E+02  4.7854E-05
  pu-238       8.2784E+01  8.9456E+01
  pu-239       4.9885E+03  5.1009E+03
  pu-240       1.7562E+03  1.7565E+03
  pu-241       1.2821E+03  1.2214E+03
  pu-242       3.8368E+02  3.8369E+02
  pu-243       1.3571E-01  1.2021E-14
  pu-244       1.3517E-02  1.3518E-02
  am-241       2.0876E+01  8.1503E+01
  am-242m      3.5627E-01  3.5452E-01
  am-242       8.6795E-02  4.5741E-06
  am-243       5.5462E+01  5.5593E+01
  cm-242       7.9057E+00  1.6874E+00
  cm-243       1.4990E-01  1.4637E-01
  cm-244       1.4067E+01  1.3546E+01
  cm-245       5.9217E-01  5.9212E-01
  cm-246       4.5216E-02  4.5209E-02
  ge-73        1.6172E-02  1.6181E-02
  ge-74        4.1334E-02  4.1335E-02
  as-75        1.0134E-01  1.0136E-01
  ge-76        2.6569E-01  2.6569E-01
  se-77        6.3297E-01  6.3596E-01
  se-78        1.8037E+00  1.8042E+00
  se-79        3.8750E+00  3.8750E+00
  se-80        1.0127E+01  1.0127E+01
  br-81        1.6915E+01  1.6916E+01
  se-82        2.6569E+01  2.6569E+01
  kr-82        3.9744E-01  4.0030E-01
  kr-83        3.4336E+01  3.4352E+01
  kr-84        8.5748E+01  8.5752E+01
  kr-85        2.0472E+01  1.9201E+01
  kr-85m       3.5273E-02  0.0000E+00
  rb-85        7.8185E+01  7.9491E+01
  kr-86        1.4762E+02  1.4762E+02
  rb-86        2.2433E-02  2.8110E-08
  sr-86        2.4062E-01  2.6305E-01
  rb-87        1.9420E+02  1.9422E+02
  kr-88        5.8899E-02  0.0000E+00
  sr-88        2.6998E+02  2.7004E+02
  sr-89        3.4111E+01  2.2744E-01
  y-89         3.3311E+02  3.6700E+02
  sr-90        4.3542E+02  4.2506E+02
  y-90         1.1694E-01  1.0782E-01
  zr-90        9.2809E+00  1.9649E+01
  sr-91        3.6579E-01  0.0000E+00
  y-91         5.8161E+01  7.7298E-01
  zr-91        4.1247E+02  4.7025E+02
  sr-92        1.1351E-01  0.0000E+00
  y-92         1.5000E-01  0.0000E+00
  zr-92        5.1126E+02  5.1152E+02
  y-93         5.0053E-01  0.0000E+00
  zr-93        5.6579E+02  5.6630E+02
  zr-94        6.0502E+02  6.0504E+02
  zr-95        9.3352E+01  1.7902E+00
  nb-95        5.0813E+01  2.1808E+00
  nb-95m       5.6932E-02  1.1553E-03
  mo-95        5.1579E+02  6.5612E+02
  zr-96        6.4207E+02  6.4207E+02
  mo-96        2.1918E+01  2.1924E+01
  zr-97        1.0203E+00  0.0000E+00
  nb-97        7.3752E-02  0.0000E+00
  mo-97        6.3769E+02  6.3879E+02
  mo-98        6.5774E+02  6.5774E+02
  mo-99        4.5791E+00  0.0000E+00
  tc-99        6.4326E+02  6.4821E+02
  tc-99m       3.6768E-01  0.0000E+00
  ru-99        2.3101E-02  2.5392E-02
  mo-100       7.4549E+02  7.4549E+02
  ru-100       5.9084E+01  5.9084E+01
  ru-101       6.2592E+02  6.2595E+02
  ru-102       6.2564E+02  6.2565E+02
  ru-103       6.1330E+01  9.6813E-02
  rh-103       3.8183E+02  4.4313E+02
  rh-103m      6.0213E-02  9.5095E-05
  ru-104       4.3913E+02  4.3915E+02
  pd-104       1.4822E+02  1.4822E+02
  ru-105       2.1111E-01  0.0000E+00
  rh-105       1.5021E+00  0.0000E+00
  pd-105       2.9839E+02  3.0011E+02
  ru-106       1.6750E+02  8.4769E+01
  pd-106       1.3002E+02  2.1274E+02
  pd-107       1.7273E+02  1.7275E+02
  pd-108       1.1260E+02  1.1260E+02
  pd-109       2.0017E-01  0.0000E+00
  ag-109       6.2851E+01  6.3052E+01
  pd-110       3.6916E+01  3.6916E+01
  ag-110m      4.7204E-01  1.7128E-01
  cd-110       2.0271E+01  2.0571E+01
  ag-111       5.2474E-01  9.1439E-16
  cd-111       1.7892E+01  1.8418E+01
  pd-112       2.7576E-02  0.0000E+00
  cd-112       9.3754E+00  9.4071E+00
  cd-113       1.1121E-01  1.1445E-01
  cd-114       1.1415E+01  1.1415E+01
  cd-115       2.6028E-02  0.0000E+00
  cd-115m      3.1799E-02  1.0836E-04
  in-115       1.7519E+00  1.8105E+00
  sn-115       1.8786E-01  1.8928E-01
  cd-116       4.3290E+00  4.3290E+00
  sn-116       2.2397E+00  2.2399E+00
  sn-117       3.9441E+00  3.9466E+00
  sn-118       3.6757E+00  3.6760E+00
  sn-119       3.5753E+00  3.6152E+00
  sn-119m      6.8689E-02  2.8947E-02
  sn-120       3.6693E+00  3.6694E+00
  sn-121m      2.9258E-01  2.8800E-01
  sb-121       3.5627E+00  3.5791E+00
  sn-122       4.6776E+00  4.6777E+00
  te-122       1.9216E-01  1.9504E-01
  sn-123       2.2575E-01  3.1808E-02
  sb-123       4.4443E+00  4.6386E+00
  sn-124       7.4486E+00  7.4486E+00
  sb-124       4.0588E-02  6.0508E-04
  te-124       1.1213E-01  1.5212E-01
  sn-125       1.2084E-01  4.7374E-13
  sb-125       8.2840E+00  6.5382E+00
  te-125       1.4651E+00  3.3340E+00
  te-125m      9.3081E-02  9.0858E-02
  sn-126       1.6139E+01  1.6139E+01
  te-126       4.0277E-01  4.0894E-01
  sb-127       4.4630E-01  0.0000E+00
  te-127       4.0080E-02  2.8350E-04
  te-127m      7.4910E-01  8.0979E-02
  i-127        3.4224E+01  3.5384E+01
  te-128       7.5094E+01  7.5109E+01
  xe-128       1.5282E+00  1.5283E+00
  sb-129       6.3997E-02  0.0000E+00
  te-129m      1.9204E+00  1.0304E-03
  i-129        1.2329E+02  1.2529E+02
  te-130       2.9993E+02  2.9994E+02
  xe-130       3.9537E+00  3.9636E+00
  te-131m      3.3316E-01  0.0000E+00
  i-131        9.7438E+00  2.0224E-13
  xe-131       3.6470E+02  3.7498E+02
  xe-131m      1.6826E-01  2.6332E-10
  te-132       5.5100E+00  0.0000E+00
  i-132        1.6886E-01  0.0000E+00
  xe-132       8.3915E+02  8.4483E+02
  te-133m      4.6911E-02  0.0000E+00
  i-133        2.1469E+00  0.0000E+00
  xe-133       1.2993E+01  1.7011E-20
  xe-133m      1.6808E-01  0.0000E+00
  cs-133       9.2095E+02  9.3632E+02
  te-134       6.2725E-02  0.0000E+00
  i-134        1.0144E-01  0.0000E+00
  xe-134       1.2100E+03  1.2102E+03
  cs-134       8.9160E+01  6.3742E+01
  ba-134       1.6394E+01  4.1819E+01
  i-135        6.5823E-01  0.0000E+00
  xe-135       1.8475E-01  0.0000E+00
  cs-135       2.0491E+02  2.0576E+02
  ba-135       7.7192E-02  7.7322E-02
  xe-136       1.9242E+03  1.9242E+03
  cs-136       4.9097E-01  2.1647E-09
  ba-136       9.7855E+00  1.0277E+01
  cs-137       9.8372E+02  9.6132E+02
  ba-137       1.7852E+01  4.0263E+01
  xe-138       2.1052E-02  0.0000E+00
  cs-138       5.4782E-02  0.0000E+00
  ba-138       1.0337E+03  1.0338E+03
  ba-139       1.3071E-01  0.0000E+00
  la-139       9.7154E+02  9.7168E+02
  ba-140       2.7904E+01  6.6585E-08
  la-140       3.7626E+00  1.0092E-08
  ce-140       9.4728E+02  9.7895E+02
  ba-141       2.6223E-02  0.0000E+00
  la-141       3.4012E-01  0.0000E+00
  ce-141       6.7048E+01  2.7938E-02
  pr-141       8.5123E+02  9.1862E+02
  la-142       1.2709E-01  0.0000E+00
  ce-142       8.9807E+02  8.9822E+02
  pr-142       5.1040E-02  0.0000E+00
  nd-142       1.2582E+01  1.2633E+01
  ce-143       2.6817E+00  0.0000E+00
  pr-143       2.6238E+01  2.3059E-07
  nd-143       6.5524E+02  6.8418E+02
  ce-144       4.2506E+02  1.7478E+02
  pr-144       1.8080E-02  7.3622E-03
  nd-144       5.8786E+02  8.3814E+02
  pr-145       3.3665E-01  0.0000E+00
  nd-145       5.5042E+02  5.5076E+02
  nd-146       5.3498E+02  5.3501E+02
  nd-147       9.3536E+00  9.0525E-10
  pm-147       1.7969E+02  1.4524E+02
  sm-147       3.8685E+01  8.2502E+01
  nd-148       2.9922E+02  2.9922E+02
  pm-148       1.4569E+00  1.8832E-05
  pm-148m      1.3815E+00  3.0006E-03
  sm-148       8.3020E+01  8.5856E+01
  nd-149       3.6976E-02  0.0000E+00
  pm-149       1.6287E+00  0.0000E+00
  sm-149       2.1083E+00  3.7748E+00
  nd-150       1.4121E+02  1.4121E+02
  sm-150       2.3882E+02  2.3882E+02
  pm-151       3.2486E-01  0.0000E+00
  sm-151       1.0402E+01  1.0647E+01
  eu-151       8.0754E-03  9.0386E-02
  sm-152       9.3967E+01  9.3970E+01
  gd-152       1.2017E-02  1.2122E-02
  sm-153       1.1272E+00  0.0000E+00
  eu-153       9.1155E+01  9.2283E+01
  sm-154       2.9720E+01  2.9721E+01
  eu-154       1.8042E+01  1.6645E+01
  gd-154       7.7270E-01  2.1696E+00
  eu-155       6.7305E+00  5.8179E+00
  gd-155       3.4474E-02  9.4800E-01
  eu-156       4.8116E+00  2.7839E-07
  gd-156       5.7267E+01  6.2093E+01
  eu-157       2.2293E-02  0.0000E+00
  gd-157       8.3617E-02  1.0604E-01
  gd-158       1.3443E+01  1.3444E+01
  tb-159       1.8388E+00  1.8456E+00
  gd-160       8.2300E-01  8.2300E-01
  tb-160       7.5049E-02  2.2618E-03
  dy-160       1.0505E-01  1.7784E-01
  dy-161       2.7468E-01  2.8770E-01
  dy-162       2.0535E-01  2.0535E-01
  dy-163       1.4367E-01  1.4368E-01
  dy-164       3.0714E-02  3.0714E-02
  ho-165       4.9533E-02  4.9569E-02
  er-166       1.3612E-02  1.3783E-02
------------
  totals       1.0001E+06  1.0001E+06
=========================================================================================================================
.
.
*************************************************************************************************************************
********************                                                                                 ********************
********************                                                                                 ********************
********************                    Written F71 File Information                                 ********************
********************                                                                                 ********************
********************                                                                                 ********************
*************************************************************************************************************************
.
.
   pos         time        power         flux      fluence       energy libpos   case   step DCGNAB
   (-)          (s)         (MW)    (n/cm2-s)      (n/cm2)        (MWd)    (-)    (-)    (-)    (-)
     1  4.75200e+07  0.00000e+00  0.00000e+00  2.11853e+22  2.54545e+04      1      2      0 DC----
     2  7.90800e+07  0.00000e+00  0.00000e+00  2.11853e+22  2.54545e+04      1      2      1 DC----
    D - state definition present
    C - concentrations present
    G - gamma emission spectra present
    N - neutron emission spectra present
    A - alpha emission spectra present
    B - beta emission spectra present
.
.
.
=========================================================================================================================
ORIGEN finished successfully.
=========================================================================================================================
    module origen used 0.742267 seconds cpu time for the current pass.

    module origen is finished. completion code    0. total cpu time used 8.86412e-006 seconds.


    SCALE is finished on Wed Feb 13 18:28:51 2019.
-------------------------- Summary --------------------------
arp finished. used 2.74612 seconds.
origen finished. used 0.749538 seconds.
SCALE driver required a maximum of 8.301 MiB of RAM.
------------------------ End Summary ------------------------

w17x17_100d.f33 copied to C:\Users\Teddy\Desktop\scale_test\output\w17x17_100d.f33.
discharge.f71 copied to C:\Users\Teddy\Desktop\scale_test\output\discharge.f71.
