 *******************************************************************************
 *                                                                             *
 *                                 SCALE 6.2.2                                 *
 *                                -------------                                *
 *                                February 2019                                *
 *                                                                             *
 *           SCALE:  A Comprehensive Modeling and Simulation Suite             *
 *                   for Nuclear Safety Analysis and Design                    *
 *                                                                             *
 *                      Reactor and Nuclear Systems Division                   *
 *                        Oak Ridge National Laboratory                        *
 *                                                                             *
 *                           http://scale.ornl.gov                             *
 *                            scalehelp@ornl.gov                               *
 *                                                                             *
 *******************************************************************************
 *******************************************************************************
      
                  Job Information
                  ---------------
      Job started on DESKTOP-J14NAA6 on Wed 13/02/2019 18:33:26
      Working directory: C:\Users\Teddy\AppData\Local\Temp\scale.Teddy.9708
      Input file name  : C:\Users\Teddy\Desktop\scale_test\output\3.500000_5656.565657.inp
      Output file name : C:\Users\Teddy\Desktop\scale_test\output\3.500000_5656.565657.out
      SCALE executable : C:\SCALE-6.2.2/bin/scale
      
 *******************************************************************************


    module arp will be called on Wed Feb 13 18:33:26 2019.
    sequence specification record:=arp
Input Data:

      'library type
      w17x17
      3.500000
      ' num cycles
      1
      ' num days per cycle
      550
      ' cycle average specific power (MW / MTU)
      10.284665
      ' number of interpolated cross section sets generated per cycle
      1
      ' moderator density (g/cc)
      0.723
      ' interpolated output ORIGEN library
      w17x17_100d.f33
end

1






        ************************************************************************************************************************
        ************************************************************************************************************************
        ************************************************************************************************************************
        *****                                                                                                              *****
        *****                                       program verification information                                       *****
        *****                                                                                                              *****
        *****                                   code system:  SCALE    version:  6.2                                       *****
        *****                                                                                                              *****
        ************************************************************************************************************************
        ************************************************************************************************************************
        *****                                                                                                              *****
        *****                                                                                                              *****
        *****              program:  arp.exe                                                                               *****
        *****                                                                                                              *****
        *****        creation date:   unknown                                                                              *****
        *****                                                                                                              *****
        *****              library:  C:\SCALE-6.2.2\bin                                                                    *****
        *****                                                                                                              *****
        *****                                                                                                              *****
        *****            prod code:  arp.exe                                                                               *****
        *****                                                                                                              *****
        *****              version:  6.2.2                                                                                 *****
        *****                                                                                                              *****
        *****              jobname:  Teddy                                                                                 *****
        *****                                                                                                              *****
        *****         machine name:  DESKTOP-J14NAA6                                                                       *****
        *****                                                                                                              *****
        *****    date of execution:  13_feb_2019                                                                           *****
        *****                                                                                                              *****
        *****    time of execution:  18:33:26.75                                                                           *****
        *****                                                                                                              *****
        *****                                                                                                              *****
        ************************************************************************************************************************
        ************************************************************************************************************************
        ************************************************************************************************************************


 'library type
    data library:       w17x17
       directory:       C:/SCALE-6.2.2/data/\arplibs
       definition:      C:/SCALE-6.2.2/data/\arpdata.txt
    u-235 enrichment:                        3.500

 ' num cycles
    number of cycles:                            1

 ' num days per cycle

 ' cycle average specific power (MW / MTU)

 ' number of interpolated cross section sets generated per cycle

 ' moderator density (g/cc)
    water density (g/cm3):                  0.7230
                                         cycle        cumulative      midpoint
   cycle time(d)        power(MW)      burnup(MWd/MTU)burnup(MWd/MTU)burnup(MWd/MTU)nlib
     1    550.000        10.2847        5656.57        5656.57        2828.28             1

 ' interpolated output ORIGEN library
    interpolated library name:                   w17x17_100d.f33
 interpolation type: spline
 Cross section library interpolation completed.
.
.
.
=========================================================================================================================
ARP finished successfully.
=========================================================================================================================
    module arp used 1.89778 seconds cpu time for the current pass.

    module arp is finished. completion code    0. total cpu time used 1.02637e-005 seconds.



    module origen will be called on Wed Feb 13 18:33:28 2019.
    sequence specification record:=origen
Input Data:

      case(irrad) {
          lib{
              file="w17x17_100d.f33" pos=1
          }
          mat {
              units=GRAMS
              iso=[u235=35000.000000 u238=965000.000000]
          }
          time = [ 550 ]
          power = [ 10.284665 ]
      }
      case (decay) {
          time {
              units=YEARS
              start=0
              t=[1]
          }
          save{ file="discharge.f71" steps=[0 LAST]}
      }
end

1






        ************************************************************************************************************************
        ************************************************************************************************************************
        ************************************************************************************************************************
        *****                                                                                                              *****
        *****                                       program verification information                                       *****
        *****                                                                                                              *****
        *****                                   code system:  SCALE    version:  6.2                                       *****
        *****                                                                                                              *****
        ************************************************************************************************************************
        ************************************************************************************************************************
        *****                                                                                                              *****
        *****                                                                                                              *****
        *****              program:  origen.exe                                                                            *****
        *****                                                                                                              *****
        *****        creation date:   unknown                                                                              *****
        *****                                                                                                              *****
        *****              library:  C:\SCALE-6.2.2\bin                                                                    *****
        *****                                                                                                              *****
        *****                                                                                                              *****
        *****            prod code:  origen.exe                                                                            *****
        *****                                                                                                              *****
        *****              version:  6.2.2                                                                                 *****
        *****                                                                                                              *****
        *****              jobname:  Teddy                                                                                 *****
        *****                                                                                                              *****
        *****         machine name:  DESKTOP-J14NAA6                                                                       *****
        *****                                                                                                              *****
        *****    date of execution:  13_feb_2019                                                                           *****
        *****                                                                                                              *****
        *****    time of execution:  18:33:28.66                                                                           *****
        *****                                                                                                              *****
        *****                                                                                                              *****
        ************************************************************************************************************************
        ************************************************************************************************************************
        ************************************************************************************************************************

*************************************************************************************************************************
********************                                                                                 ********************
********************                                                                                 ********************
********************                    USER INPUT SUMMARY                                           ********************
********************                                                                                 ********************
********************                                                                                 ********************
*************************************************************************************************************************
.
.
=========================================================================================================================
=   Case "irrad" (#1/2)                                                                                                 =
-------------------------------------------------------------------------------------------------------------------------
###   Library settings                                                                                                ###
.
                                Library file name:     C:/Users/Teddy/AppData/Local/Temp/scale.Teddy.9708/w17x17_100d.f33
                             Library set position:              1
                 Fission product reaction removal:             no
-------------------------------------------------------------------------------------------------------------------------
###   Global settings                                                                                                 ###
.
                                           Solver:              MATREX
                                             Mode:        forward
                             Fixed fission energy:             no
-------------------------------------------------------------------------------------------------------------------------
###   Concentrations output options                                                                                   ###
.
                            High-precision output:             no
                                  Relative cutoff:            yes
                         Step for applying cutoff:       integral
.
                      light els.   actinides  fis.prods.       total
                       nuc    el   nuc    el   nuc    el   nuc    el             cutoff
gram-atoms                                                                    1.000E-06
grams                                                      **                 1.000E-06
curies                                                                        1.000E-06
watts                                                                         1.000E-06
gamma watts                                                                   1.000E-06
m3 air                                                                        1.000E-06
m3 water                                                                      1.000E-06
grams ppm                                                                     1.000E-06
atoms ppm                                                                     1.000E-06
atoms/barn-cm                                                                 1.000E-06
becquerels                                                                    1.000E-06
-------------------------------------------------------------------------------------------------------------------------
###   Additional output options                                                                                       ###
.
                                      Print k-inf:             no
           Nuclides for absorption fraction print:           none
                              Print fission rates:             no
            Step for sorting absorption fractions:              1
=========================================================================================================================
=   Case "decay" (#2/2)                                                                                                 =
-------------------------------------------------------------------------------------------------------------------------
###   Library settings                                                                                                ###
.
                                Library file name:     C:/Users/Teddy/AppData/Local/Temp/scale.Teddy.9708/w17x17_100d.f33
                             Library set position:              1
                 Fission product reaction removal:             no
-------------------------------------------------------------------------------------------------------------------------
###   Global settings                                                                                                 ###
.
                                           Solver:              MATREX
                                             Mode:        forward
                             Fixed fission energy:             no
-------------------------------------------------------------------------------------------------------------------------
###   Concentrations output options                                                                                   ###
.
                            High-precision output:             no
                                  Relative cutoff:            yes
                         Step for applying cutoff:       integral
.
                      light els.   actinides  fis.prods.       total
                       nuc    el   nuc    el   nuc    el   nuc    el             cutoff
gram-atoms                                                                    1.000E-06
grams                                                      **                 1.000E-06
curies                                                                        1.000E-06
watts                                                                         1.000E-06
gamma watts                                                                   1.000E-06
m3 air                                                                        1.000E-06
m3 water                                                                      1.000E-06
grams ppm                                                                     1.000E-06
atoms ppm                                                                     1.000E-06
atoms/barn-cm                                                                 1.000E-06
becquerels                                                                    1.000E-06
-------------------------------------------------------------------------------------------------------------------------
###   Additional output options                                                                                       ###
.
                                      Print k-inf:             no
           Nuclides for absorption fraction print:           none
                              Print fission rates:             no
            Step for sorting absorption fractions:              1
=========================================================================================================================
###   Blending information                                                                                            ###
.
  --- no blending requested in this job ---
=========================================================================================================================
.
.
=========================================================================================================================
=   History overview for case 'irrad' (#1/2)                                                                            =
-------------------------------------------------------------------------------------------------------------------------
   step          t0          t1          dt           t        flux     fluence       power      energy
    (-)         (d)         (d)         (s)         (s)   (n/cm2-s)     (n/cm2)        (MW)       (MWd)
      1      0.0000    550.0000  4.7520E+07  4.7520E+07  8.0212E+13  3.8117E+21  1.0285E+01  5.6566E+03
          
              step - step index within this case
                t0 - time at beginning-of-step in input units
                t1 - time at end-of-step in input units
                dt - length of step in seconds
                 t - end-of-step cumulative time in seconds
              flux - flux in neutrons/cm^2-sec (CALCULATED)
           fluence - cumulative end-of-step fluence in neutrons/cm^2 (CALCULATED)
             power - power in mega-watts (INPUT)     
            energy - cumulative end-of-step energy released in mega-watt-days (INPUT)     
=========================================================================================================================
.
.
.
.
.
*************************************************************************************************************************
********************                                                                                 ********************
********************                                                                                 ********************
********************                    Library information                                          ********************
********************                                                                                 ********************
********************                                                                                 ********************
*************************************************************************************************************************
.
.
=========================================================================================================================
=   Library summary for case 'irrad' (#1/2)                                                                             =
-------------------------------------------------------------------------------------------------------------------------
filename: C:/Users/Teddy/AppData/Local/Temp/scale.Teddy.9708/w17x17_100d.f33 cross-section data taken from position number: 1
library title delimited by {}: 
{}
date library was produced: 538976288/538976288/538976288
total number of nuclides in library: 2237
number of light-element nuclides: 910
number of actinide nuclides: 176
number of fission product nuclides: 1151
number of nonzero off-diagonal matrix elements: 54564
=========================================================================================================================
.
.
*************************************************************************************************************************
********************                                                                                 ********************
********************                                                                                 ********************
********************                    Concentration tables                                         ********************
********************                                                                                 ********************
********************                                                                                 ********************
*************************************************************************************************************************
.
.
=========================================================================================================================
=   Nuclide concentrations in grams for case 'irrad' (#1/2)                                                             =
-------------------------------------------------------------------------------------------------------------------------
  (relative cutoff; integral of concentrations over time >   1.00E-06 % of integral of all concentrations over time)
.
                   0.000d    550.000d   
  he-4         0.0000E+00  1.9565E-01
  u-234        0.0000E+00  4.5955E-01
  u-235        3.5000E+04  2.8750E+04
  u-236        0.0000E+00  1.1415E+03
  u-237        0.0000E+00  9.3107E-01
  u-238        9.6500E+05  9.6138E+05
  u-239        0.0000E+00  1.3870E-01
  np-237       0.0000E+00  3.3446E+01
  np-238       0.0000E+00  2.4528E-02
  np-239       0.0000E+00  2.0056E+01
  pu-238       0.0000E+00  1.8523E+00
  pu-239       0.0000E+00  2.3722E+03
  pu-240       0.0000E+00  2.3644E+02
  pu-241       0.0000E+00  6.5416E+01
  pu-242       0.0000E+00  2.7746E+00
  am-241       0.0000E+00  1.2017E+00
  am-243       0.0000E+00  6.8351E-02
  cm-242       0.0000E+00  6.7378E-02
  as-75        0.0000E+00  2.2047E-02
  ge-76        0.0000E+00  6.1681E-02
  se-77        0.0000E+00  1.5435E-01
  se-78        0.0000E+00  4.1349E-01
  se-79        0.0000E+00  9.0103E-01
  se-80        0.0000E+00  2.4886E+00
  br-81        0.0000E+00  4.0462E+00
  se-82        0.0000E+00  6.5009E+00
  kr-83        0.0000E+00  1.0380E+01
  kr-84        0.0000E+00  2.0630E+01
  kr-85        0.0000E+00  5.4301E+00
  rb-85        0.0000E+00  2.0891E+01
  kr-86        0.0000E+00  3.9776E+01
  rb-87        0.0000E+00  5.2442E+01
  kr-88        0.0000E+00  2.1320E-02
  sr-88        0.0000E+00  7.3521E+01
  sr-89        0.0000E+00  1.2327E+01
  y-89         0.0000E+00  8.6626E+01
  sr-90        0.0000E+00  1.1926E+02
  y-90         0.0000E+00  3.0544E-02
  zr-90        0.0000E+00  2.2246E+00
  sr-91        0.0000E+00  1.2530E-01
  y-91         0.0000E+00  1.8536E+01
  zr-91        0.0000E+00  1.0696E+02
  sr-92        0.0000E+00  3.6922E-02
  y-92         0.0000E+00  4.8789E-02
  zr-92        0.0000E+00  1.3239E+02
  y-93         0.0000E+00  1.5290E-01
  zr-93        0.0000E+00  1.4253E+02
  zr-94        0.0000E+00  1.4797E+02
  zr-95        0.0000E+00  2.4998E+01
  nb-95        0.0000E+00  1.3644E+01
  mo-95        0.0000E+00  1.2545E+02
  zr-96        0.0000E+00  1.5172E+02
  mo-96        0.0000E+00  9.3319E-01
  zr-97        0.0000E+00  2.6355E-01
  mo-97        0.0000E+00  1.4593E+02
  mo-98        0.0000E+00  1.4520E+02
  mo-99        0.0000E+00  1.1103E+00
  tc-99        0.0000E+00  1.5104E+02
  tc-99m       0.0000E+00  8.8894E-02
  mo-100       0.0000E+00  1.6208E+02
  ru-100       0.0000E+00  2.4831E+00
  ru-101       0.0000E+00  1.3601E+02
  ru-102       0.0000E+00  1.2025E+02
  ru-103       0.0000E+00  1.0458E+01
  rh-103       0.0000E+00  7.9953E+01
  ru-104       0.0000E+00  6.5109E+01
  pd-104       0.0000E+00  5.4521E+00
  ru-105       0.0000E+00  2.5011E-02
  rh-105       0.0000E+00  1.9514E-01
  pd-105       0.0000E+00  4.0845E+01
  ru-106       0.0000E+00  1.5977E+01
  pd-106       0.0000E+00  9.2514E+00
  pd-107       0.0000E+00  1.4091E+01
  pd-108       0.0000E+00  7.8588E+00
  ag-109       0.0000E+00  4.8778E+00
  pd-110       0.0000E+00  2.6762E+00
  cd-110       0.0000E+00  2.7920E-01
  ag-111       0.0000E+00  4.0720E-02
  cd-111       0.0000E+00  1.4457E+00
  cd-112       0.0000E+00  9.2676E-01
  cd-113       0.0000E+00  7.0456E-02
  cd-114       0.0000E+00  1.3937E+00
  in-115       0.0000E+00  5.0707E-01
  sn-115       0.0000E+00  2.9909E-02
  cd-116       0.0000E+00  6.5517E-01
  sn-116       0.0000E+00  9.9093E-02
  sn-117       0.0000E+00  6.1647E-01
  sn-118       0.0000E+00  6.0314E-01
  sn-119       0.0000E+00  6.0904E-01
  sn-120       0.0000E+00  6.2407E-01
  sn-121m      0.0000E+00  4.5805E-02
  sb-121       0.0000E+00  6.1291E-01
  sn-122       0.0000E+00  7.6794E-01
  sn-123       0.0000E+00  2.4201E-02
  sb-123       0.0000E+00  7.6856E-01
  sn-124       0.0000E+00  1.2264E+00
  sb-125       0.0000E+00  1.2976E+00
  te-125       0.0000E+00  2.3369E-01
  sn-126       0.0000E+00  2.4658E+00
  te-126       0.0000E+00  7.6789E-02
  sb-127       0.0000E+00  7.2167E-02
  te-127m      0.0000E+00  2.4182E-01
  i-127        0.0000E+00  5.8032E+00
  te-128       0.0000E+00  1.2964E+01
  xe-128       0.0000E+00  4.5786E-02
  te-129m      0.0000E+00  3.3989E-01
  i-129        0.0000E+00  2.1223E+01
  te-130       0.0000E+00  6.2179E+01
  xe-130       0.0000E+00  1.3184E-01
  te-131m      0.0000E+00  6.1094E-02
  i-131        0.0000E+00  2.1551E+00
  xe-131       0.0000E+00  9.3324E+01
  xe-131m      0.0000E+00  3.5082E-02
  te-132       0.0000E+00  1.2635E+00
  i-132        0.0000E+00  3.8177E-02
  xe-132       0.0000E+00  1.5448E+02
  i-133        0.0000E+00  5.1749E-01
  xe-133       0.0000E+00  3.1332E+00
  xe-133m      0.0000E+00  3.8620E-02
  cs-133       0.0000E+00  2.2023E+02
  i-134        0.0000E+00  2.5176E-02
  xe-134       0.0000E+00  2.6794E+02
  cs-134       0.0000E+00  3.9273E+00
  ba-134       0.0000E+00  6.9213E-01
  i-135        0.0000E+00  1.5671E-01
  xe-135       0.0000E+00  1.3277E-01
  cs-135       0.0000E+00  1.3158E+02
  xe-136       0.0000E+00  3.1977E+02
  cs-136       0.0000E+00  5.4123E-02
  ba-136       0.0000E+00  9.7060E-01
  cs-137       0.0000E+00  2.1353E+02
  ba-137       0.0000E+00  3.7438E+00
  ba-138       0.0000E+00  2.3387E+02
  ba-139       0.0000E+00  3.3308E-02
  la-139       0.0000E+00  2.2293E+02
  ba-140       0.0000E+00  7.1826E+00
  la-140       0.0000E+00  9.4965E-01
  ce-140       0.0000E+00  2.1118E+02
  la-141       0.0000E+00  8.7577E-02
  ce-141       0.0000E+00  1.7400E+01
  pr-141       0.0000E+00  1.9022E+02
  la-142       0.0000E+00  3.3575E-02
  ce-142       0.0000E+00  2.0630E+02
  nd-142       0.0000E+00  4.7831E-01
  ce-143       0.0000E+00  7.3774E-01
  pr-143       0.0000E+00  7.2628E+00
  nd-143       0.0000E+00  1.9288E+02
  ce-144       0.0000E+00  1.0628E+02
  nd-144       0.0000E+00  9.7110E+01
  pr-145       0.0000E+00  9.0645E-02
  nd-145       0.0000E+00  1.3959E+02
  nd-146       0.0000E+00  1.1294E+02
  nd-147       0.0000E+00  2.3828E+00
  pm-147       0.0000E+00  6.0964E+01
  sm-147       0.0000E+00  1.2977E+01
  nd-148       0.0000E+00  6.4343E+01
  pm-148       0.0000E+00  9.9759E-02
  pm-148m      0.0000E+00  3.1083E-01
  sm-148       0.0000E+00  5.7594E+00
  pm-149       0.0000E+00  2.6945E-01
  sm-149       0.0000E+00  2.0606E+00
  nd-150       0.0000E+00  2.7482E+01
  sm-150       0.0000E+00  4.2182E+01
  pm-151       0.0000E+00  5.9207E-02
  sm-151       0.0000E+00  7.0809E+00
  eu-151       0.0000E+00  2.3858E-02
  sm-152       0.0000E+00  2.0785E+01
  sm-153       0.0000E+00  7.6976E-02
  eu-153       0.0000E+00  9.6929E+00
  sm-154       0.0000E+00  3.9595E+00
  eu-154       0.0000E+00  7.3071E-01
  gd-154       0.0000E+00  2.9647E-02
  eu-155       0.0000E+00  7.8932E-01
  gd-155       0.0000E+00  2.2108E-02
  eu-156       0.0000E+00  1.5136E-01
  gd-156       0.0000E+00  2.5380E+00
  gd-157       0.0000E+00  2.5531E-02
  gd-158       0.0000E+00  9.2626E-01
  tb-159       0.0000E+00  1.3870E-01
  gd-160       0.0000E+00  5.9620E-02
  dy-161       0.0000E+00  2.3345E-02
------------
  totals       1.0000E+06  1.0000E+06
=========================================================================================================================
.
.
=========================================================================================================================
=   History overview for case 'decay' (#2/2)                                                                            =
-------------------------------------------------------------------------------------------------------------------------
   step          t0          t1          dt           t        flux     fluence       power      energy
    (-)         (y)         (y)         (s)         (s)   (n/cm2-s)     (n/cm2)        (MW)       (MWd)
      1      1.5057      2.5057  3.1560E+07  7.9080E+07  0.0000E+00  3.8117E+21  0.0000E+00  5.6566E+03
          
              step - step index within this case
                t0 - time at beginning-of-step in input units
                t1 - time at end-of-step in input units
                dt - length of step in seconds
                 t - end-of-step cumulative time in seconds
              flux - flux in neutrons/cm^2-sec (CALCULATED)
           fluence - cumulative end-of-step fluence in neutrons/cm^2 (CALCULATED)
             power - power in mega-watts (INPUT)     
            energy - cumulative end-of-step energy released in mega-watt-days (INPUT)     
=========================================================================================================================
.
.
.
.
.
*************************************************************************************************************************
********************                                                                                 ********************
********************                                                                                 ********************
********************                    Library information                                          ********************
********************                                                                                 ********************
********************                                                                                 ********************
*************************************************************************************************************************
.
.
=========================================================================================================================
=   Library summary for case 'decay' (#2/2)                                                                             =
-------------------------------------------------------------------------------------------------------------------------
filename: C:/Users/Teddy/AppData/Local/Temp/scale.Teddy.9708/w17x17_100d.f33 cross-section data taken from position number: 1
library title delimited by {}: 
{}
date library was produced: 538976288/538976288/538976288
total number of nuclides in library: 2237
number of light-element nuclides: 910
number of actinide nuclides: 176
number of fission product nuclides: 1151
number of nonzero off-diagonal matrix elements: 54564
=========================================================================================================================
.
.
*************************************************************************************************************************
********************                                                                                 ********************
********************                                                                                 ********************
********************                    Concentration tables                                         ********************
********************                                                                                 ********************
********************                                                                                 ********************
*************************************************************************************************************************
.
.
=========================================================================================================================
=   Nuclide concentrations in grams for case 'decay' (#2/2)                                                             =
-------------------------------------------------------------------------------------------------------------------------
  (relative cutoff; integral of concentrations over time >   1.00E-06 % of integral of all concentrations over time)
.
                   1.506y      2.506y   
  he-4         1.9565E-01  1.9844E-01
  u-234        4.5955E-01  4.7448E-01
  u-235        2.8750E+04  2.8750E+04
  u-236        1.1415E+03  1.1415E+03
  u-237        9.3107E-01  1.9442E-06
  u-238        9.6138E+05  9.6138E+05
  u-239        1.3870E-01  0.0000E+00
  np-237       3.3446E+01  3.4381E+01
  np-238       2.4528E-02  1.6304E-09
  np-239       2.0056E+01  5.8983E-08
  pu-238       1.8523E+00  1.9147E+00
  pu-239       2.3722E+03  2.3923E+03
  pu-240       2.3644E+02  2.3641E+02
  pu-241       6.5416E+01  6.2319E+01
  pu-242       2.7746E+00  2.7747E+00
  am-241       1.2017E+00  4.2948E+00
  am-243       6.8351E-02  6.8521E-02
  cm-242       6.7378E-02  1.4428E-02
  as-75        2.2047E-02  2.2050E-02
  ge-76        6.1681E-02  6.1681E-02
  se-77        1.5435E-01  1.5519E-01
  se-78        4.1349E-01  4.1363E-01
  se-79        9.0103E-01  9.0105E-01
  se-80        2.4886E+00  2.4886E+00
  br-81        4.0462E+00  4.0464E+00
  se-82        6.5009E+00  6.5009E+00
  kr-82        1.8318E-02  1.8452E-02
  kr-83        1.0380E+01  1.0385E+01
  kr-84        2.0630E+01  2.0632E+01
  kr-85        5.4301E+00  5.0936E+00
  rb-85        2.0891E+01  2.1240E+01
  kr-86        3.9776E+01  3.9776E+01
  sr-86        1.0893E-02  1.1988E-02
  rb-87        5.2442E+01  5.2449E+01
  kr-88        2.1320E-02  0.0000E+00
  sr-88        7.3521E+01  7.3545E+01
  sr-89        1.2327E+01  8.2191E-02
  y-89         8.6626E+01  9.8874E+01
  sr-90        1.1926E+02  1.1642E+02
  y-90         3.0544E-02  2.9532E-02
  zr-90        2.2246E+00  5.0628E+00
  sr-91        1.2530E-01  0.0000E+00
  y-91         1.8536E+01  2.4648E-01
  zr-91        1.0696E+02  1.2538E+02
  sr-92        3.6922E-02  0.0000E+00
  y-92         4.8789E-02  0.0000E+00
  zr-92        1.3239E+02  1.3247E+02
  y-93         1.5290E-01  0.0000E+00
  zr-93        1.4253E+02  1.4269E+02
  zr-94        1.4797E+02  1.4797E+02
  zr-95        2.4998E+01  4.7938E-01
  nb-95        1.3644E+01  5.8402E-01
  mo-95        1.2545E+02  1.6306E+02
  zr-96        1.5172E+02  1.5172E+02
  mo-96        9.3319E-01  9.3349E-01
  zr-97        2.6355E-01  0.0000E+00
  mo-97        1.4593E+02  1.4622E+02
  mo-98        1.4520E+02  1.4520E+02
  mo-99        1.1103E+00  0.0000E+00
  tc-99        1.5104E+02  1.5224E+02
  tc-99m       8.8894E-02  0.0000E+00
  mo-100       1.6208E+02  1.6208E+02
  ru-100       2.4831E+00  2.4831E+00
  ru-101       1.3601E+02  1.3601E+02
  ru-102       1.2025E+02  1.2025E+02
  ru-103       1.0458E+01  1.6508E-02
  rh-103       7.9953E+01  9.0404E+01
  ru-104       6.5109E+01  6.5111E+01
  pd-104       5.4521E+00  5.4521E+00
  ru-105       2.5011E-02  0.0000E+00
  rh-105       1.9514E-01  0.0000E+00
  pd-105       4.0845E+01  4.1066E+01
  ru-106       1.5977E+01  8.0859E+00
  pd-106       9.2514E+00  1.7142E+01
  pd-107       1.4091E+01  1.4092E+01
  pd-108       7.8588E+00  7.8589E+00
  ag-109       4.8778E+00  4.8904E+00
  pd-110       2.6762E+00  2.6762E+00
  cd-110       2.7920E-01  2.8461E-01
  ag-111       4.0720E-02  7.0961E-17
  cd-111       1.4457E+00  1.4865E+00
  cd-112       9.2676E-01  9.2987E-01
  cd-113       7.0456E-02  7.0819E-02
  cd-114       1.3937E+00  1.3937E+00
  in-115       5.0707E-01  5.1573E-01
  sn-115       2.9909E-02  3.0122E-02
  cd-116       6.5517E-01  6.5517E-01
  sn-116       9.9093E-02  9.9105E-02
  sn-117       6.1647E-01  6.1686E-01
  sn-118       6.0314E-01  6.0320E-01
  sn-119       6.0904E-01  6.1579E-01
  sn-120       6.2407E-01  6.2407E-01
  sn-121m      4.5805E-02  4.5088E-02
  sb-121       6.1291E-01  6.1560E-01
  sn-122       7.6794E-01  7.6794E-01
  sn-123       2.4201E-02  3.4100E-03
  sb-123       7.6856E-01  7.8941E-01
  sn-124       1.2264E+00  1.2264E+00
  sb-125       1.2976E+00  1.0229E+00
  te-125       2.3369E-01  5.2612E-01
  te-125m      1.4580E-02  1.4216E-02
  sn-126       2.4658E+00  2.4658E+00
  te-126       7.6789E-02  7.7875E-02
  sb-127       7.2167E-02  0.0000E+00
  te-127m      2.4182E-01  2.4921E-02
  i-127        5.8032E+00  6.1001E+00
  te-128       1.2964E+01  1.2966E+01
  xe-128       4.5786E-02  4.5790E-02
  te-129m      3.3989E-01  1.8235E-04
  i-129        2.1223E+01  2.1577E+01
  te-130       6.2179E+01  6.2181E+01
  xe-130       1.3184E-01  1.3217E-01
  te-131m      6.1094E-02  0.0000E+00
  i-131        2.1551E+00  4.4436E-14
  xe-131       9.3324E+01  9.5583E+01
  xe-131m      3.5082E-02  5.6899E-11
  te-132       1.2635E+00  0.0000E+00
  i-132        3.8177E-02  0.0000E+00
  xe-132       1.5448E+02  1.5578E+02
  i-133        5.1749E-01  0.0000E+00
  xe-133       3.1332E+00  4.0997E-21
  xe-133m      3.8620E-02  0.0000E+00
  cs-133       2.2023E+02  2.2394E+02
  i-134        2.5176E-02  0.0000E+00
  xe-134       2.6794E+02  2.6798E+02
  cs-134       3.9273E+00  2.8077E+00
  ba-134       6.9213E-01  1.8120E+00
  i-135        1.5671E-01  0.0000E+00
  xe-135       1.3277E-01  0.0000E+00
  cs-135       1.3158E+02  1.3187E+02
  xe-136       3.1977E+02  3.1977E+02
  cs-136       5.4123E-02  2.3863E-10
  ba-136       9.7060E-01  1.0247E+00
  cs-137       2.1353E+02  2.0867E+02
  ba-137       3.7438E+00  8.6085E+00
  ba-138       2.3387E+02  2.3389E+02
  ba-139       3.3308E-02  0.0000E+00
  la-139       2.2293E+02  2.2296E+02
  ba-140       7.1826E+00  1.7139E-08
  la-140       9.4965E-01  2.5977E-09
  ce-140       2.1118E+02  2.1931E+02
  la-141       8.7577E-02  0.0000E+00
  ce-141       1.7400E+01  7.2501E-03
  pr-141       1.9022E+02  2.0771E+02
  la-142       3.3575E-02  0.0000E+00
  ce-142       2.0630E+02  2.0634E+02
  nd-142       4.7831E-01  4.8031E-01
  ce-143       7.3774E-01  0.0000E+00
  pr-143       7.2628E+00  6.3787E-08
  nd-143       1.9288E+02  2.0089E+02
  ce-144       1.0628E+02  4.3704E+01
  nd-144       9.7110E+01  1.5969E+02
  pr-145       9.0645E-02  0.0000E+00
  nd-145       1.3959E+02  1.3968E+02
  nd-146       1.1294E+02  1.1295E+02
  nd-147       2.3828E+00  2.3061E-10
  pm-147       6.0964E+01  4.8659E+01
  sm-147       1.2977E+01  2.7666E+01
  nd-148       6.4343E+01  6.4343E+01
  pm-148       9.9759E-02  4.2373E-06
  pm-148m      3.1083E-01  6.7515E-04
  sm-148       5.7594E+00  6.1693E+00
  pm-149       2.6945E-01  0.0000E+00
  sm-149       2.0606E+00  2.3384E+00
  nd-150       2.7482E+01  2.7482E+01
  sm-150       4.2182E+01  4.2182E+01
  pm-151       5.9207E-02  0.0000E+00
  sm-151       7.0809E+00  7.0858E+00
  eu-151       2.3858E-02  7.8644E-02
  sm-152       2.0785E+01  2.0786E+01
  eu-152       1.0309E-02  9.7941E-03
  sm-153       7.6976E-02  0.0000E+00
  eu-153       9.6929E+00  9.7700E+00
  sm-154       3.9595E+00  3.9595E+00
  eu-154       7.3071E-01  6.7413E-01
  gd-154       2.9647E-02  8.6219E-02
  eu-155       7.8932E-01  6.8229E-01
  gd-155       2.2108E-02  1.2924E-01
  eu-156       1.5136E-01  8.8195E-09
  gd-156       2.5380E+00  2.6909E+00
  gd-157       2.5531E-02  2.6921E-02
  gd-158       9.2626E-01  9.2630E-01
  tb-159       1.3870E-01  1.3913E-01
  gd-160       5.9620E-02  5.9620E-02
  dy-161       2.3345E-02  2.4103E-02
  dy-162       1.2473E-02  1.2473E-02
------------
  totals       1.0000E+06  1.0000E+06
=========================================================================================================================
.
.
*************************************************************************************************************************
********************                                                                                 ********************
********************                                                                                 ********************
********************                    Written F71 File Information                                 ********************
********************                                                                                 ********************
********************                                                                                 ********************
*************************************************************************************************************************
.
.
   pos         time        power         flux      fluence       energy libpos   case   step DCGNAB
   (-)          (s)         (MW)    (n/cm2-s)      (n/cm2)        (MWd)    (-)    (-)    (-)    (-)
     1  4.75200e+07  0.00000e+00  0.00000e+00  3.81167e+21  5.65657e+03      1      2      0 DC----
     2  7.90800e+07  0.00000e+00  0.00000e+00  3.81167e+21  5.65657e+03      1      2      1 DC----
    D - state definition present
    C - concentrations present
    G - gamma emission spectra present
    N - neutron emission spectra present
    A - alpha emission spectra present
    B - beta emission spectra present
.
.
.
=========================================================================================================================
ORIGEN finished successfully.
=========================================================================================================================
    module origen used 0.381565 seconds cpu time for the current pass.

    module origen is finished. completion code    0. total cpu time used 3.26573e-006 seconds.


    SCALE is finished on Wed Feb 13 18:33:29 2019.
-------------------------- Summary --------------------------
arp finished. used 1.90371 seconds.
origen finished. used 0.387137 seconds.
SCALE driver required a maximum of 8.344 MiB of RAM.
------------------------ End Summary ------------------------

w17x17_100d.f33 copied to C:\Users\Teddy\Desktop\scale_test\output\w17x17_100d.f33.
discharge.f71 copied to C:\Users\Teddy\Desktop\scale_test\output\discharge.f71.
