 *******************************************************************************
 *                                                                             *
 *                                 SCALE 6.2.2                                 *
 *                                -------------                                *
 *                                February 2019                                *
 *                                                                             *
 *           SCALE:  A Comprehensive Modeling and Simulation Suite             *
 *                   for Nuclear Safety Analysis and Design                    *
 *                                                                             *
 *                      Reactor and Nuclear Systems Division                   *
 *                        Oak Ridge National Laboratory                        *
 *                                                                             *
 *                           http://scale.ornl.gov                             *
 *                            scalehelp@ornl.gov                               *
 *                                                                             *
 *******************************************************************************
 *******************************************************************************
      
                  Job Information
                  ---------------
      Job started on DESKTOP-J14NAA6 on Wed 13/02/2019 18:33:32
      Working directory: C:\Users\Teddy\AppData\Local\Temp\scale.Teddy.6732
      Input file name  : C:\Users\Teddy\Desktop\scale_test\output\3.500000_7070.707071.inp
      Output file name : C:\Users\Teddy\Desktop\scale_test\output\3.500000_7070.707071.out
      SCALE executable : C:\SCALE-6.2.2/bin/scale
      
 *******************************************************************************


    module arp will be called on Wed Feb 13 18:33:32 2019.
    sequence specification record:=arp
Input Data:

      'library type
      w17x17
      3.500000
      ' num cycles
      1
      ' num days per cycle
      550
      ' cycle average specific power (MW / MTU)
      12.855831
      ' number of interpolated cross section sets generated per cycle
      1
      ' moderator density (g/cc)
      0.723
      ' interpolated output ORIGEN library
      w17x17_100d.f33
end

1






        ************************************************************************************************************************
        ************************************************************************************************************************
        ************************************************************************************************************************
        *****                                                                                                              *****
        *****                                       program verification information                                       *****
        *****                                                                                                              *****
        *****                                   code system:  SCALE    version:  6.2                                       *****
        *****                                                                                                              *****
        ************************************************************************************************************************
        ************************************************************************************************************************
        *****                                                                                                              *****
        *****                                                                                                              *****
        *****              program:  arp.exe                                                                               *****
        *****                                                                                                              *****
        *****        creation date:   unknown                                                                              *****
        *****                                                                                                              *****
        *****              library:  C:\SCALE-6.2.2\bin                                                                    *****
        *****                                                                                                              *****
        *****                                                                                                              *****
        *****            prod code:  arp.exe                                                                               *****
        *****                                                                                                              *****
        *****              version:  6.2.2                                                                                 *****
        *****                                                                                                              *****
        *****              jobname:  Teddy                                                                                 *****
        *****                                                                                                              *****
        *****         machine name:  DESKTOP-J14NAA6                                                                       *****
        *****                                                                                                              *****
        *****    date of execution:  13_feb_2019                                                                           *****
        *****                                                                                                              *****
        *****    time of execution:  18:33:32.99                                                                           *****
        *****                                                                                                              *****
        *****                                                                                                              *****
        ************************************************************************************************************************
        ************************************************************************************************************************
        ************************************************************************************************************************


 'library type
    data library:       w17x17
       directory:       C:/SCALE-6.2.2/data/\arplibs
       definition:      C:/SCALE-6.2.2/data/\arpdata.txt
    u-235 enrichment:                        3.500

 ' num cycles
    number of cycles:                            1

 ' num days per cycle

 ' cycle average specific power (MW / MTU)

 ' number of interpolated cross section sets generated per cycle

 ' moderator density (g/cc)
    water density (g/cm3):                  0.7230
                                         cycle        cumulative      midpoint
   cycle time(d)        power(MW)      burnup(MWd/MTU)burnup(MWd/MTU)burnup(MWd/MTU)nlib
     1    550.000        12.8558        7070.71        7070.71        3535.35             1

 ' interpolated output ORIGEN library
    interpolated library name:                   w17x17_100d.f33
 interpolation type: spline
 Cross section library interpolation completed.
.
.
.
=========================================================================================================================
ARP finished successfully.
=========================================================================================================================
    module arp used 1.85328 seconds cpu time for the current pass.

    module arp is finished. completion code    0. total cpu time used 1.07303e-005 seconds.



    module origen will be called on Wed Feb 13 18:33:34 2019.
    sequence specification record:=origen
Input Data:

      case(irrad) {
          lib{
              file="w17x17_100d.f33" pos=1
          }
          mat {
              units=GRAMS
              iso=[u235=35000.000000 u238=965000.000000]
          }
          time = [ 550 ]
          power = [ 12.855831 ]
      }
      case (decay) {
          time {
              units=YEARS
              start=0
              t=[1]
          }
          save{ file="discharge.f71" steps=[0 LAST]}
      }
end

1






        ************************************************************************************************************************
        ************************************************************************************************************************
        ************************************************************************************************************************
        *****                                                                                                              *****
        *****                                       program verification information                                       *****
        *****                                                                                                              *****
        *****                                   code system:  SCALE    version:  6.2                                       *****
        *****                                                                                                              *****
        ************************************************************************************************************************
        ************************************************************************************************************************
        *****                                                                                                              *****
        *****                                                                                                              *****
        *****              program:  origen.exe                                                                            *****
        *****                                                                                                              *****
        *****        creation date:   unknown                                                                              *****
        *****                                                                                                              *****
        *****              library:  C:\SCALE-6.2.2\bin                                                                    *****
        *****                                                                                                              *****
        *****                                                                                                              *****
        *****            prod code:  origen.exe                                                                            *****
        *****                                                                                                              *****
        *****              version:  6.2.2                                                                                 *****
        *****                                                                                                              *****
        *****              jobname:  Teddy                                                                                 *****
        *****                                                                                                              *****
        *****         machine name:  DESKTOP-J14NAA6                                                                       *****
        *****                                                                                                              *****
        *****    date of execution:  13_feb_2019                                                                           *****
        *****                                                                                                              *****
        *****    time of execution:  18:33:34.85                                                                           *****
        *****                                                                                                              *****
        *****                                                                                                              *****
        ************************************************************************************************************************
        ************************************************************************************************************************
        ************************************************************************************************************************

*************************************************************************************************************************
********************                                                                                 ********************
********************                                                                                 ********************
********************                    USER INPUT SUMMARY                                           ********************
********************                                                                                 ********************
********************                                                                                 ********************
*************************************************************************************************************************
.
.
=========================================================================================================================
=   Case "irrad" (#1/2)                                                                                                 =
-------------------------------------------------------------------------------------------------------------------------
###   Library settings                                                                                                ###
.
                                Library file name:     C:/Users/Teddy/AppData/Local/Temp/scale.Teddy.6732/w17x17_100d.f33
                             Library set position:              1
                 Fission product reaction removal:             no
-------------------------------------------------------------------------------------------------------------------------
###   Global settings                                                                                                 ###
.
                                           Solver:              MATREX
                                             Mode:        forward
                             Fixed fission energy:             no
-------------------------------------------------------------------------------------------------------------------------
###   Concentrations output options                                                                                   ###
.
                            High-precision output:             no
                                  Relative cutoff:            yes
                         Step for applying cutoff:       integral
.
                      light els.   actinides  fis.prods.       total
                       nuc    el   nuc    el   nuc    el   nuc    el             cutoff
gram-atoms                                                                    1.000E-06
grams                                                      **                 1.000E-06
curies                                                                        1.000E-06
watts                                                                         1.000E-06
gamma watts                                                                   1.000E-06
m3 air                                                                        1.000E-06
m3 water                                                                      1.000E-06
grams ppm                                                                     1.000E-06
atoms ppm                                                                     1.000E-06
atoms/barn-cm                                                                 1.000E-06
becquerels                                                                    1.000E-06
-------------------------------------------------------------------------------------------------------------------------
###   Additional output options                                                                                       ###
.
                                      Print k-inf:             no
           Nuclides for absorption fraction print:           none
                              Print fission rates:             no
            Step for sorting absorption fractions:              1
=========================================================================================================================
=   Case "decay" (#2/2)                                                                                                 =
-------------------------------------------------------------------------------------------------------------------------
###   Library settings                                                                                                ###
.
                                Library file name:     C:/Users/Teddy/AppData/Local/Temp/scale.Teddy.6732/w17x17_100d.f33
                             Library set position:              1
                 Fission product reaction removal:             no
-------------------------------------------------------------------------------------------------------------------------
###   Global settings                                                                                                 ###
.
                                           Solver:              MATREX
                                             Mode:        forward
                             Fixed fission energy:             no
-------------------------------------------------------------------------------------------------------------------------
###   Concentrations output options                                                                                   ###
.
                            High-precision output:             no
                                  Relative cutoff:            yes
                         Step for applying cutoff:       integral
.
                      light els.   actinides  fis.prods.       total
                       nuc    el   nuc    el   nuc    el   nuc    el             cutoff
gram-atoms                                                                    1.000E-06
grams                                                      **                 1.000E-06
curies                                                                        1.000E-06
watts                                                                         1.000E-06
gamma watts                                                                   1.000E-06
m3 air                                                                        1.000E-06
m3 water                                                                      1.000E-06
grams ppm                                                                     1.000E-06
atoms ppm                                                                     1.000E-06
atoms/barn-cm                                                                 1.000E-06
becquerels                                                                    1.000E-06
-------------------------------------------------------------------------------------------------------------------------
###   Additional output options                                                                                       ###
.
                                      Print k-inf:             no
           Nuclides for absorption fraction print:           none
                              Print fission rates:             no
            Step for sorting absorption fractions:              1
=========================================================================================================================
###   Blending information                                                                                            ###
.
  --- no blending requested in this job ---
=========================================================================================================================
.
.
=========================================================================================================================
=   History overview for case 'irrad' (#1/2)                                                                            =
-------------------------------------------------------------------------------------------------------------------------
   step          t0          t1          dt           t        flux     fluence       power      energy
    (-)         (d)         (d)         (s)         (s)   (n/cm2-s)     (n/cm2)        (MW)       (MWd)
      1      0.0000    550.0000  4.7520E+07  4.7520E+07  1.0121E+14  4.8093E+21  1.2856E+01  7.0707E+03
          
              step - step index within this case
                t0 - time at beginning-of-step in input units
                t1 - time at end-of-step in input units
                dt - length of step in seconds
                 t - end-of-step cumulative time in seconds
              flux - flux in neutrons/cm^2-sec (CALCULATED)
           fluence - cumulative end-of-step fluence in neutrons/cm^2 (CALCULATED)
             power - power in mega-watts (INPUT)     
            energy - cumulative end-of-step energy released in mega-watt-days (INPUT)     
=========================================================================================================================
.
.
.
.
.
*************************************************************************************************************************
********************                                                                                 ********************
********************                                                                                 ********************
********************                    Library information                                          ********************
********************                                                                                 ********************
********************                                                                                 ********************
*************************************************************************************************************************
.
.
=========================================================================================================================
=   Library summary for case 'irrad' (#1/2)                                                                             =
-------------------------------------------------------------------------------------------------------------------------
filename: C:/Users/Teddy/AppData/Local/Temp/scale.Teddy.6732/w17x17_100d.f33 cross-section data taken from position number: 1
library title delimited by {}: 
{}
date library was produced: 538976288/538976288/538976288
total number of nuclides in library: 2237
number of light-element nuclides: 910
number of actinide nuclides: 176
number of fission product nuclides: 1151
number of nonzero off-diagonal matrix elements: 54564
=========================================================================================================================
.
.
*************************************************************************************************************************
********************                                                                                 ********************
********************                                                                                 ********************
********************                    Concentration tables                                         ********************
********************                                                                                 ********************
********************                                                                                 ********************
*************************************************************************************************************************
.
.
=========================================================================================================================
=   Nuclide concentrations in grams for case 'irrad' (#1/2)                                                             =
-------------------------------------------------------------------------------------------------------------------------
  (relative cutoff; integral of concentrations over time >   1.00E-06 % of integral of all concentrations over time)
.
                   0.000d    550.000d   
  he-4         0.0000E+00  2.4601E-01
  u-234        0.0000E+00  5.6643E-01
  u-235        3.5000E+04  2.7357E+04
  u-236        0.0000E+00  1.3924E+03
  u-237        0.0000E+00  1.3330E+00
  u-238        9.6500E+05  9.6043E+05
  u-239        0.0000E+00  1.7472E-01
  np-237       0.0000E+00  4.6215E+01
  np-238       0.0000E+00  4.2555E-02
  np-239       0.0000E+00  2.5263E+01
  pu-238       0.0000E+00  3.1663E+00
  pu-239       0.0000E+00  2.7870E+03
  pu-240       0.0000E+00  3.3204E+02
  pu-241       0.0000E+00  1.1170E+02
  pu-242       0.0000E+00  6.0184E+00
  am-241       0.0000E+00  2.0485E+00
  am-243       0.0000E+00  1.8811E-01
  cm-242       0.0000E+00  1.4540E-01
  as-75        0.0000E+00  2.7671E-02
  ge-76        0.0000E+00  7.7018E-02
  se-77        0.0000E+00  1.9222E-01
  se-78        0.0000E+00  5.1624E-01
  se-79        0.0000E+00  1.1249E+00
  se-80        0.0000E+00  3.0942E+00
  br-81        0.0000E+00  5.0419E+00
  se-82        0.0000E+00  8.0806E+00
  kr-82        0.0000E+00  2.8296E-02
  kr-83        0.0000E+00  1.2754E+01
  kr-84        0.0000E+00  2.5647E+01
  kr-85        0.0000E+00  6.7142E+00
  rb-85        0.0000E+00  2.5818E+01
  kr-86        0.0000E+00  4.9126E+01
  rb-87        0.0000E+00  6.4765E+01
  kr-88        0.0000E+00  2.5880E-02
  sr-88        0.0000E+00  9.0753E+01
  sr-89        0.0000E+00  1.4966E+01
  y-89         0.0000E+00  1.0721E+02
  sr-90        0.0000E+00  1.4716E+02
  y-90         0.0000E+00  3.7786E-02
  zr-90        0.0000E+00  2.7662E+00
  sr-91        0.0000E+00  1.5257E-01
  y-91         0.0000E+00  2.2676E+01
  zr-91        0.0000E+00  1.3242E+02
  sr-92        0.0000E+00  4.5091E-02
  y-92         0.0000E+00  5.9587E-02
  zr-92        0.0000E+00  1.6391E+02
  y-93         0.0000E+00  1.8747E-01
  zr-93        0.0000E+00  1.7678E+02
  zr-94        0.0000E+00  1.8386E+02
  zr-95        0.0000E+00  3.0914E+01
  nb-95        0.0000E+00  1.6871E+01
  mo-95        0.0000E+00  1.5597E+02
  zr-96        0.0000E+00  1.8892E+02
  mo-96        0.0000E+00  1.4599E+00
  zr-97        0.0000E+00  3.2668E-01
  nb-97        0.0000E+00  2.3538E-02
  mo-97        0.0000E+00  1.8213E+02
  mo-98        0.0000E+00  1.8166E+02
  mo-99        0.0000E+00  1.3823E+00
  tc-99        0.0000E+00  1.8827E+02
  tc-99m       0.0000E+00  1.1069E-01
  mo-100       0.0000E+00  2.0299E+02
  ru-100       0.0000E+00  3.8898E+00
  ru-101       0.0000E+00  1.7037E+02
  ru-102       0.0000E+00  1.5186E+02
  ru-103       0.0000E+00  1.3442E+01
  rh-103       0.0000E+00  1.0082E+02
  ru-104       0.0000E+00  8.4157E+01
  pd-104       0.0000E+00  8.6308E+00
  ru-105       0.0000E+00  3.3593E-02
  rh-105       0.0000E+00  2.6077E-01
  pd-105       0.0000E+00  5.3645E+01
  ru-106       0.0000E+00  2.1808E+01
  pd-106       0.0000E+00  1.2793E+01
  pd-107       0.0000E+00  1.9691E+01
  pd-108       0.0000E+00  1.1242E+01
  ag-109       0.0000E+00  6.9714E+00
  pd-110       0.0000E+00  3.7803E+00
  cd-110       0.0000E+00  4.9779E-01
  ag-111       0.0000E+00  5.7493E-02
  cd-111       0.0000E+00  2.0021E+00
  cd-112       0.0000E+00  1.2464E+00
  cd-113       0.0000E+00  7.5603E-02
  cd-114       0.0000E+00  1.8433E+00
  in-115       0.0000E+00  6.2591E-01
  sn-115       0.0000E+00  3.8441E-02
  cd-116       0.0000E+00  8.4696E-01
  sn-116       0.0000E+00  1.5533E-01
  sn-117       0.0000E+00  7.9449E-01
  sn-118       0.0000E+00  7.7222E-01
  sn-119       0.0000E+00  7.7746E-01
  sn-120       0.0000E+00  7.9623E-01
  sn-121m      0.0000E+00  5.9112E-02
  sb-121       0.0000E+00  7.8292E-01
  sn-122       0.0000E+00  9.8426E-01
  sn-123       0.0000E+00  3.3195E-02
  sb-123       0.0000E+00  9.8044E-01
  sn-124       0.0000E+00  1.5739E+00
  sn-125       0.0000E+00  2.3017E-02
  sb-125       0.0000E+00  1.6744E+00
  te-125       0.0000E+00  2.9972E-01
  sn-126       0.0000E+00  3.1905E+00
  te-126       0.0000E+00  9.7229E-02
  sb-127       0.0000E+00  9.3970E-02
  te-127m      0.0000E+00  2.9836E-01
  i-127        0.0000E+00  7.4444E+00
  te-128       0.0000E+00  1.6557E+01
  xe-128       0.0000E+00  7.3870E-02
  te-129m      0.0000E+00  4.3695E-01
  i-129        0.0000E+00  2.7140E+01
  te-130       0.0000E+00  7.8178E+01
  xe-130       0.0000E+00  2.0679E-01
  te-131m      0.0000E+00  7.8585E-02
  i-131        0.0000E+00  2.7064E+00
  xe-131       0.0000E+00  1.1589E+02
  xe-131m      0.0000E+00  4.4238E-02
  te-132       0.0000E+00  1.5811E+00
  i-132        0.0000E+00  4.7839E-02
  xe-132       0.0000E+00  1.9576E+02
  i-133        0.0000E+00  6.4462E-01
  xe-133       0.0000E+00  3.9031E+00
  xe-133m      0.0000E+00  4.8333E-02
  cs-133       0.0000E+00  2.7431E+02
  te-134       0.0000E+00  2.1083E-02
  i-134        0.0000E+00  3.1273E-02
  xe-134       0.0000E+00  3.3502E+02
  cs-134       0.0000E+00  6.1486E+00
  ba-134       0.0000E+00  1.0857E+00
  i-135        0.0000E+00  1.9527E-01
  xe-135       0.0000E+00  1.5008E-01
  cs-135       0.0000E+00  1.4918E+02
  xe-136       0.0000E+00  4.1695E+02
  cs-136       0.0000E+00  7.6854E-02
  ba-136       0.0000E+00  1.3740E+00
  cs-137       0.0000E+00  2.6741E+02
  ba-137       0.0000E+00  4.6969E+00
  ba-138       0.0000E+00  2.9199E+02
  ba-139       0.0000E+00  4.1285E-02
  la-139       0.0000E+00  2.7808E+02
  ba-140       0.0000E+00  8.8977E+00
  la-140       0.0000E+00  1.1776E+00
  ce-140       0.0000E+00  2.6384E+02
  la-141       0.0000E+00  1.0857E-01
  ce-141       0.0000E+00  2.1560E+01
  pr-141       0.0000E+00  2.3774E+02
  la-142       0.0000E+00  4.1541E-02
  ce-142       0.0000E+00  2.5733E+02
  nd-142       0.0000E+00  7.5133E-01
  ce-143       0.0000E+00  9.0976E-01
  pr-143       0.0000E+00  8.9533E+00
  nd-143       0.0000E+00  2.3742E+02
  ce-144       0.0000E+00  1.3184E+02
  nd-144       0.0000E+00  1.2385E+02
  pr-145       0.0000E+00  1.1191E-01
  nd-145       0.0000E+00  1.7309E+02
  nd-146       0.0000E+00  1.4154E+02
  nd-147       0.0000E+00  2.9533E+00
  pm-147       0.0000E+00  7.4239E+01
  sm-147       0.0000E+00  1.5826E+01
  nd-148       0.0000E+00  8.0568E+01
  pm-148       0.0000E+00  1.5125E-01
  pm-148m      0.0000E+00  4.1778E-01
  sm-148       0.0000E+00  8.5856E+00
  pm-149       0.0000E+00  3.4549E-01
  sm-149       0.0000E+00  2.1127E+00
  nd-150       0.0000E+00  3.4673E+01
  sm-150       0.0000E+00  5.3982E+01
  pm-151       0.0000E+00  7.5366E-02
  sm-151       0.0000E+00  7.6530E+00
  eu-151       0.0000E+00  2.2541E-02
  sm-152       0.0000E+00  2.6859E+01
  sm-153       0.0000E+00  1.1115E-01
  eu-153       0.0000E+00  1.3167E+01
  sm-154       0.0000E+00  5.1440E+00
  eu-154       0.0000E+00  1.1630E+00
  gd-154       0.0000E+00  4.6971E-02
  eu-155       0.0000E+00  9.5615E-01
  gd-155       0.0000E+00  2.1500E-02
  eu-156       0.0000E+00  2.2073E-01
  gd-156       0.0000E+00  3.5948E+00
  gd-157       0.0000E+00  2.8916E-02
  gd-158       0.0000E+00  1.2828E+00
  tb-159       0.0000E+00  1.9380E-01
  gd-160       0.0000E+00  8.4174E-02
  dy-161       0.0000E+00  3.2801E-02
------------
  totals       1.0000E+06  1.0000E+06
=========================================================================================================================
.
.
=========================================================================================================================
=   History overview for case 'decay' (#2/2)                                                                            =
-------------------------------------------------------------------------------------------------------------------------
   step          t0          t1          dt           t        flux     fluence       power      energy
    (-)         (y)         (y)         (s)         (s)   (n/cm2-s)     (n/cm2)        (MW)       (MWd)
      1      1.5057      2.5057  3.1560E+07  7.9080E+07  0.0000E+00  4.8093E+21  0.0000E+00  7.0707E+03
          
              step - step index within this case
                t0 - time at beginning-of-step in input units
                t1 - time at end-of-step in input units
                dt - length of step in seconds
                 t - end-of-step cumulative time in seconds
              flux - flux in neutrons/cm^2-sec (CALCULATED)
           fluence - cumulative end-of-step fluence in neutrons/cm^2 (CALCULATED)
             power - power in mega-watts (INPUT)     
            energy - cumulative end-of-step energy released in mega-watt-days (INPUT)     
=========================================================================================================================
.
.
.
.
.
*************************************************************************************************************************
********************                                                                                 ********************
********************                                                                                 ********************
********************                    Library information                                          ********************
********************                                                                                 ********************
********************                                                                                 ********************
*************************************************************************************************************************
.
.
=========================================================================================================================
=   Library summary for case 'decay' (#2/2)                                                                             =
-------------------------------------------------------------------------------------------------------------------------
filename: C:/Users/Teddy/AppData/Local/Temp/scale.Teddy.6732/w17x17_100d.f33 cross-section data taken from position number: 1
library title delimited by {}: 
{}
date library was produced: 538976288/538976288/538976288
total number of nuclides in library: 2237
number of light-element nuclides: 910
number of actinide nuclides: 176
number of fission product nuclides: 1151
number of nonzero off-diagonal matrix elements: 54564
=========================================================================================================================
.
.
*************************************************************************************************************************
********************                                                                                 ********************
********************                                                                                 ********************
********************                    Concentration tables                                         ********************
********************                                                                                 ********************
********************                                                                                 ********************
*************************************************************************************************************************
.
.
=========================================================================================================================
=   Nuclide concentrations in grams for case 'decay' (#2/2)                                                             =
-------------------------------------------------------------------------------------------------------------------------
  (relative cutoff; integral of concentrations over time >   1.00E-06 % of integral of all concentrations over time)
.
                   1.506y      2.506y   
  he-4         2.4601E-01  2.5044E-01
  u-234        5.6643E-01  5.9196E-01
  u-235        2.7357E+04  2.7357E+04
  u-236        1.3924E+03  1.3924E+03
  u-237        1.3330E+00  3.3199E-06
  u-238        9.6043E+05  9.6043E+05
  u-239        1.7472E-01  0.0000E+00
  np-237       4.6215E+01  4.7556E+01
  np-238       4.2555E-02  3.2254E-09
  np-239       2.5263E+01  1.6232E-07
  pu-238       3.1663E+00  3.2971E+00
  pu-239       2.7870E+03  2.8123E+03
  pu-240       3.3204E+02  3.3200E+02
  pu-241       1.1170E+02  1.0641E+02
  pu-242       6.0184E+00  6.0187E+00
  am-241       2.0485E+00  7.3301E+00
  am-242m      1.7467E-02  1.7381E-02
  am-243       1.8811E-01  1.8857E-01
  cm-242       1.4540E-01  3.1127E-02
  as-75        2.7671E-02  2.7675E-02
  ge-76        7.7018E-02  7.7018E-02
  se-77        1.9222E-01  1.9326E-01
  se-78        5.1624E-01  5.1641E-01
  se-79        1.1249E+00  1.1249E+00
  se-80        3.0942E+00  3.0942E+00
  br-81        5.0419E+00  5.0421E+00
  se-82        8.0806E+00  8.0806E+00
  kr-82        2.8296E-02  2.8503E-02
  kr-83        1.2754E+01  1.2760E+01
  kr-84        2.5647E+01  2.5649E+01
  kr-85        6.7142E+00  6.2981E+00
  rb-85        2.5818E+01  2.6249E+01
  kr-86        4.9126E+01  4.9127E+01
  sr-86        1.7001E-02  1.8703E-02
  rb-87        6.4765E+01  6.4773E+01
  kr-88        2.5880E-02  0.0000E+00
  sr-88        9.0753E+01  9.0782E+01
  sr-89        1.4966E+01  9.9790E-02
  y-89         1.0721E+02  1.2208E+02
  sr-90        1.4716E+02  1.4366E+02
  y-90         3.7786E-02  3.6442E-02
  zr-90        2.7662E+00  6.2686E+00
  sr-91        1.5257E-01  0.0000E+00
  y-91         2.2676E+01  3.0151E-01
  zr-91        1.3242E+02  1.5496E+02
  sr-92        4.5091E-02  0.0000E+00
  y-92         5.9587E-02  0.0000E+00
  zr-92        1.6391E+02  1.6401E+02
  y-93         1.8747E-01  0.0000E+00
  zr-93        1.7678E+02  1.7697E+02
  zr-94        1.8386E+02  1.8387E+02
  zr-95        3.0914E+01  5.9282E-01
  nb-95        1.6871E+01  7.2222E-01
  mo-95        1.5597E+02  2.0248E+02
  zr-96        1.8892E+02  1.8892E+02
  mo-96        1.4599E+00  1.4603E+00
  zr-97        3.2668E-01  0.0000E+00
  nb-97        2.3538E-02  0.0000E+00
  mo-97        1.8213E+02  1.8248E+02
  mo-98        1.8166E+02  1.8166E+02
  mo-99        1.3823E+00  0.0000E+00
  tc-99        1.8827E+02  1.8976E+02
  tc-99m       1.1069E-01  0.0000E+00
  mo-100       2.0299E+02  2.0299E+02
  ru-100       3.8898E+00  3.8898E+00
  ru-101       1.7037E+02  1.7038E+02
  ru-102       1.5186E+02  1.5186E+02
  ru-103       1.3442E+01  2.1220E-02
  rh-103       1.0082E+02  1.1425E+02
  ru-104       8.4157E+01  8.4160E+01
  pd-104       8.6308E+00  8.6308E+00
  ru-105       3.3593E-02  0.0000E+00
  rh-105       2.6077E-01  0.0000E+00
  pd-105       5.3645E+01  5.3940E+01
  ru-106       2.1808E+01  1.1037E+01
  pd-106       1.2793E+01  2.3564E+01
  pd-107       1.9691E+01  1.9692E+01
  pd-108       1.1242E+01  1.1242E+01
  ag-109       6.9714E+00  6.9899E+00
  pd-110       3.7803E+00  3.7803E+00
  ag-110m      1.4947E-02  5.4235E-03
  cd-110       4.9779E-01  5.0732E-01
  ag-111       5.7493E-02  1.0019E-16
  cd-111       2.0021E+00  2.0598E+00
  cd-112       1.2464E+00  1.2506E+00
  cd-113       7.5603E-02  7.6089E-02
  cd-114       1.8433E+00  1.8433E+00
  in-115       6.2591E-01  6.3717E-01
  sn-115       3.8441E-02  3.8718E-02
  cd-116       8.4696E-01  8.4697E-01
  sn-116       1.5533E-01  1.5535E-01
  sn-117       7.9449E-01  7.9500E-01
  sn-118       7.7222E-01  7.7229E-01
  sn-119       7.7746E-01  7.8610E-01
  sn-119m      1.4896E-02  6.2777E-03
  sn-120       7.9623E-01  7.9623E-01
  sn-121m      5.9112E-02  5.8186E-02
  sb-121       7.8292E-01  7.8640E-01
  sn-122       9.8426E-01  9.8426E-01
  sn-123       3.3195E-02  4.6772E-03
  sb-123       9.8044E-01  1.0090E+00
  sn-124       1.5739E+00  1.5739E+00
  sn-125       2.3017E-02  9.0234E-14
  sb-125       1.6744E+00  1.3205E+00
  te-125       2.9972E-01  6.7717E-01
  te-125m      1.8784E-02  1.8350E-02
  sn-126       3.1905E+00  3.1905E+00
  te-126       9.7229E-02  9.8621E-02
  sb-127       9.3970E-02  0.0000E+00
  te-127m      2.9836E-01  3.0832E-02
  i-127        7.4444E+00  7.8160E+00
  te-128       1.6557E+01  1.6561E+01
  xe-128       7.3870E-02  7.3877E-02
  te-129m      4.3695E-01  2.3443E-04
  i-129        2.7140E+01  2.7595E+01
  te-130       7.8178E+01  7.8181E+01
  xe-130       2.0679E-01  2.0731E-01
  te-131m      7.8585E-02  0.0000E+00
  i-131        2.7064E+00  5.5847E-14
  xe-131       1.1589E+02  1.1873E+02
  xe-131m      4.4238E-02  7.1584E-11
  te-132       1.5811E+00  0.0000E+00
  i-132        4.7839E-02  0.0000E+00
  xe-132       1.9576E+02  1.9739E+02
  i-133        6.4462E-01  0.0000E+00
  xe-133       3.9031E+00  5.1073E-21
  xe-133m      4.8333E-02  0.0000E+00
  cs-133       2.7431E+02  2.7892E+02
  te-134       2.1083E-02  0.0000E+00
  i-134        3.1273E-02  0.0000E+00
  xe-134       3.3502E+02  3.3508E+02
  cs-134       6.1486E+00  4.3957E+00
  ba-134       1.0857E+00  2.8390E+00
  i-135        1.9527E-01  0.0000E+00
  xe-135       1.5008E-01  0.0000E+00
  cs-135       1.4918E+02  1.4952E+02
  xe-136       4.1695E+02  4.1695E+02
  cs-136       7.6854E-02  3.3885E-10
  ba-136       1.3740E+00  1.4509E+00
  cs-137       2.6741E+02  2.6132E+02
  ba-137       4.6969E+00  1.0789E+01
  ba-138       2.9199E+02  2.9201E+02
  ba-139       4.1285E-02  0.0000E+00
  la-139       2.7808E+02  2.7812E+02
  ba-140       8.8977E+00  2.1232E-08
  la-140       1.1776E+00  3.2180E-09
  ce-140       2.6384E+02  2.7392E+02
  la-141       1.0857E-01  0.0000E+00
  ce-141       2.1560E+01  8.9837E-03
  pr-141       2.3774E+02  2.5940E+02
  la-142       4.1541E-02  0.0000E+00
  ce-142       2.5733E+02  2.5737E+02
  nd-142       7.5133E-01  7.5448E-01
  ce-143       9.0976E-01  0.0000E+00
  pr-143       8.9533E+00  7.8638E-08
  nd-143       2.3742E+02  2.4729E+02
  ce-144       1.3184E+02  5.4211E+01
  nd-144       1.2385E+02  2.0148E+02
  pr-145       1.1191E-01  0.0000E+00
  nd-145       1.7309E+02  1.7321E+02
  nd-146       1.4154E+02  1.4155E+02
  nd-147       2.9533E+00  2.8582E-10
  pm-147       7.4239E+01  5.9295E+01
  sm-147       1.5826E+01  3.3725E+01
  nd-148       8.0568E+01  8.0569E+01
  pm-148       1.5125E-01  5.6952E-06
  pm-148m      4.1778E-01  9.0744E-04
  sm-148       8.5856E+00  9.1537E+00
  pm-149       3.4549E-01  0.0000E+00
  sm-149       2.1127E+00  2.4686E+00
  nd-150       3.4673E+01  3.4673E+01
  sm-150       5.3982E+01  5.3982E+01
  pm-151       7.5366E-02  0.0000E+00
  sm-151       7.6530E+00  7.6696E+00
  eu-151       2.2541E-02  8.1841E-02
  sm-152       2.6859E+01  2.6860E+01
  eu-152       1.1175E-02  1.0618E-02
  sm-153       1.1115E-01  0.0000E+00
  eu-153       1.3167E+01  1.3278E+01
  sm-154       5.1440E+00  5.1441E+00
  eu-154       1.1630E+00  1.0730E+00
  gd-154       4.6971E-02  1.3701E-01
  eu-155       9.5615E-01  8.2651E-01
  gd-155       2.1500E-02  1.5128E-01
  eu-156       2.2073E-01  1.2853E-08
  gd-156       3.5948E+00  3.8176E+00
  gd-157       2.8916E-02  3.0869E-02
  gd-158       1.2828E+00  1.2828E+00
  tb-159       1.9380E-01  1.9442E-01
  gd-160       8.4174E-02  8.4174E-02
  dy-161       3.2801E-02  3.3902E-02
  dy-162       1.8253E-02  1.8254E-02
------------
  totals       1.0000E+06  1.0000E+06
=========================================================================================================================
.
.
*************************************************************************************************************************
********************                                                                                 ********************
********************                                                                                 ********************
********************                    Written F71 File Information                                 ********************
********************                                                                                 ********************
********************                                                                                 ********************
*************************************************************************************************************************
.
.
   pos         time        power         flux      fluence       energy libpos   case   step DCGNAB
   (-)          (s)         (MW)    (n/cm2-s)      (n/cm2)        (MWd)    (-)    (-)    (-)    (-)
     1  4.75200e+07  0.00000e+00  0.00000e+00  4.80931e+21  7.07071e+03      1      2      0 DC----
     2  7.90800e+07  0.00000e+00  0.00000e+00  4.80931e+21  7.07071e+03      1      2      1 DC----
    D - state definition present
    C - concentrations present
    G - gamma emission spectra present
    N - neutron emission spectra present
    A - alpha emission spectra present
    B - beta emission spectra present
.
.
.
=========================================================================================================================
ORIGEN finished successfully.
=========================================================================================================================
    module origen used 0.412578 seconds cpu time for the current pass.

    module origen is finished. completion code    0. total cpu time used 3.73226e-006 seconds.


    SCALE is finished on Wed Feb 13 18:33:35 2019.
-------------------------- Summary --------------------------
arp finished. used 1.85961 seconds.
origen finished. used 0.417935 seconds.
SCALE driver required a maximum of 8.309 MiB of RAM.
------------------------ End Summary ------------------------

w17x17_100d.f33 copied to C:\Users\Teddy\Desktop\scale_test\output\w17x17_100d.f33.
discharge.f71 copied to C:\Users\Teddy\Desktop\scale_test\output\discharge.f71.
