 *******************************************************************************
 *                                                                             *
 *                                 SCALE 6.2.2                                 *
 *                                -------------                                *
 *                                February 2019                                *
 *                                                                             *
 *           SCALE:  A Comprehensive Modeling and Simulation Suite             *
 *                   for Nuclear Safety Analysis and Design                    *
 *                                                                             *
 *                      Reactor and Nuclear Systems Division                   *
 *                        Oak Ridge National Laboratory                        *
 *                                                                             *
 *                           http://scale.ornl.gov                             *
 *                            scalehelp@ornl.gov                               *
 *                                                                             *
 *******************************************************************************
 *******************************************************************************
      
                  Job Information
                  ---------------
      Job started on DESKTOP-J14NAA6 on Wed 13/02/2019 18:33:13
      Working directory: C:\Users\Teddy\AppData\Local\Temp\scale.Teddy.7612
      Input file name  : C:\Users\Teddy\Desktop\scale_test\output\3.500000_2828.282828.inp
      Output file name : C:\Users\Teddy\Desktop\scale_test\output\3.500000_2828.282828.out
      SCALE executable : C:\SCALE-6.2.2/bin/scale
      
 *******************************************************************************


    module arp will be called on Wed Feb 13 18:33:13 2019.
    sequence specification record:=arp
Input Data:

      'library type
      w17x17
      3.500000
      ' num cycles
      1
      ' num days per cycle
      550
      ' cycle average specific power (MW / MTU)
      5.142332
      ' number of interpolated cross section sets generated per cycle
      1
      ' moderator density (g/cc)
      0.723
      ' interpolated output ORIGEN library
      w17x17_100d.f33
end

1






        ************************************************************************************************************************
        ************************************************************************************************************************
        ************************************************************************************************************************
        *****                                                                                                              *****
        *****                                       program verification information                                       *****
        *****                                                                                                              *****
        *****                                   code system:  SCALE    version:  6.2                                       *****
        *****                                                                                                              *****
        ************************************************************************************************************************
        ************************************************************************************************************************
        *****                                                                                                              *****
        *****                                                                                                              *****
        *****              program:  arp.exe                                                                               *****
        *****                                                                                                              *****
        *****        creation date:   unknown                                                                              *****
        *****                                                                                                              *****
        *****              library:  C:\SCALE-6.2.2\bin                                                                    *****
        *****                                                                                                              *****
        *****                                                                                                              *****
        *****            prod code:  arp.exe                                                                               *****
        *****                                                                                                              *****
        *****              version:  6.2.2                                                                                 *****
        *****                                                                                                              *****
        *****              jobname:  Teddy                                                                                 *****
        *****                                                                                                              *****
        *****         machine name:  DESKTOP-J14NAA6                                                                       *****
        *****                                                                                                              *****
        *****    date of execution:  13_feb_2019                                                                           *****
        *****                                                                                                              *****
        *****    time of execution:  18:33:13.68                                                                           *****
        *****                                                                                                              *****
        *****                                                                                                              *****
        ************************************************************************************************************************
        ************************************************************************************************************************
        ************************************************************************************************************************


 'library type
    data library:       w17x17
       directory:       C:/SCALE-6.2.2/data/\arplibs
       definition:      C:/SCALE-6.2.2/data/\arpdata.txt
    u-235 enrichment:                        3.500

 ' num cycles
    number of cycles:                            1

 ' num days per cycle

 ' cycle average specific power (MW / MTU)

 ' number of interpolated cross section sets generated per cycle

 ' moderator density (g/cc)
    water density (g/cm3):                  0.7230
                                         cycle        cumulative      midpoint
   cycle time(d)        power(MW)      burnup(MWd/MTU)burnup(MWd/MTU)burnup(MWd/MTU)nlib
     1    550.000        5.14233        2828.28        2828.28        1414.14             1

 ' interpolated output ORIGEN library
    interpolated library name:                   w17x17_100d.f33
 interpolation type: spline
 Cross section library interpolation completed.
.
.
.
=========================================================================================================================
ARP finished successfully.
=========================================================================================================================
    module arp used 1.87025 seconds cpu time for the current pass.

    module arp is finished. completion code    0. total cpu time used 1.21299e-005 seconds.



    module origen will be called on Wed Feb 13 18:33:15 2019.
    sequence specification record:=origen
Input Data:

      case(irrad) {
          lib{
              file="w17x17_100d.f33" pos=1
          }
          mat {
              units=GRAMS
              iso=[u235=35000.000000 u238=965000.000000]
          }
          time = [ 550 ]
          power = [ 5.142332 ]
      }
      case (decay) {
          time {
              units=YEARS
              start=0
              t=[1]
          }
          save{ file="discharge.f71" steps=[0 LAST]}
      }
end

1






        ************************************************************************************************************************
        ************************************************************************************************************************
        ************************************************************************************************************************
        *****                                                                                                              *****
        *****                                       program verification information                                       *****
        *****                                                                                                              *****
        *****                                   code system:  SCALE    version:  6.2                                       *****
        *****                                                                                                              *****
        ************************************************************************************************************************
        ************************************************************************************************************************
        *****                                                                                                              *****
        *****                                                                                                              *****
        *****              program:  origen.exe                                                                            *****
        *****                                                                                                              *****
        *****        creation date:   unknown                                                                              *****
        *****                                                                                                              *****
        *****              library:  C:\SCALE-6.2.2\bin                                                                    *****
        *****                                                                                                              *****
        *****                                                                                                              *****
        *****            prod code:  origen.exe                                                                            *****
        *****                                                                                                              *****
        *****              version:  6.2.2                                                                                 *****
        *****                                                                                                              *****
        *****              jobname:  Teddy                                                                                 *****
        *****                                                                                                              *****
        *****         machine name:  DESKTOP-J14NAA6                                                                       *****
        *****                                                                                                              *****
        *****    date of execution:  13_feb_2019                                                                           *****
        *****                                                                                                              *****
        *****    time of execution:  18:33:15.56                                                                           *****
        *****                                                                                                              *****
        *****                                                                                                              *****
        ************************************************************************************************************************
        ************************************************************************************************************************
        ************************************************************************************************************************

*************************************************************************************************************************
********************                                                                                 ********************
********************                                                                                 ********************
********************                    USER INPUT SUMMARY                                           ********************
********************                                                                                 ********************
********************                                                                                 ********************
*************************************************************************************************************************
.
.
=========================================================================================================================
=   Case "irrad" (#1/2)                                                                                                 =
-------------------------------------------------------------------------------------------------------------------------
###   Library settings                                                                                                ###
.
                                Library file name:     C:/Users/Teddy/AppData/Local/Temp/scale.Teddy.7612/w17x17_100d.f33
                             Library set position:              1
                 Fission product reaction removal:             no
-------------------------------------------------------------------------------------------------------------------------
###   Global settings                                                                                                 ###
.
                                           Solver:              MATREX
                                             Mode:        forward
                             Fixed fission energy:             no
-------------------------------------------------------------------------------------------------------------------------
###   Concentrations output options                                                                                   ###
.
                            High-precision output:             no
                                  Relative cutoff:            yes
                         Step for applying cutoff:       integral
.
                      light els.   actinides  fis.prods.       total
                       nuc    el   nuc    el   nuc    el   nuc    el             cutoff
gram-atoms                                                                    1.000E-06
grams                                                      **                 1.000E-06
curies                                                                        1.000E-06
watts                                                                         1.000E-06
gamma watts                                                                   1.000E-06
m3 air                                                                        1.000E-06
m3 water                                                                      1.000E-06
grams ppm                                                                     1.000E-06
atoms ppm                                                                     1.000E-06
atoms/barn-cm                                                                 1.000E-06
becquerels                                                                    1.000E-06
-------------------------------------------------------------------------------------------------------------------------
###   Additional output options                                                                                       ###
.
                                      Print k-inf:             no
           Nuclides for absorption fraction print:           none
                              Print fission rates:             no
            Step for sorting absorption fractions:              1
=========================================================================================================================
=   Case "decay" (#2/2)                                                                                                 =
-------------------------------------------------------------------------------------------------------------------------
###   Library settings                                                                                                ###
.
                                Library file name:     C:/Users/Teddy/AppData/Local/Temp/scale.Teddy.7612/w17x17_100d.f33
                             Library set position:              1
                 Fission product reaction removal:             no
-------------------------------------------------------------------------------------------------------------------------
###   Global settings                                                                                                 ###
.
                                           Solver:              MATREX
                                             Mode:        forward
                             Fixed fission energy:             no
-------------------------------------------------------------------------------------------------------------------------
###   Concentrations output options                                                                                   ###
.
                            High-precision output:             no
                                  Relative cutoff:            yes
                         Step for applying cutoff:       integral
.
                      light els.   actinides  fis.prods.       total
                       nuc    el   nuc    el   nuc    el   nuc    el             cutoff
gram-atoms                                                                    1.000E-06
grams                                                      **                 1.000E-06
curies                                                                        1.000E-06
watts                                                                         1.000E-06
gamma watts                                                                   1.000E-06
m3 air                                                                        1.000E-06
m3 water                                                                      1.000E-06
grams ppm                                                                     1.000E-06
atoms ppm                                                                     1.000E-06
atoms/barn-cm                                                                 1.000E-06
becquerels                                                                    1.000E-06
-------------------------------------------------------------------------------------------------------------------------
###   Additional output options                                                                                       ###
.
                                      Print k-inf:             no
           Nuclides for absorption fraction print:           none
                              Print fission rates:             no
            Step for sorting absorption fractions:              1
=========================================================================================================================
###   Blending information                                                                                            ###
.
  --- no blending requested in this job ---
=========================================================================================================================
.
.
=========================================================================================================================
=   History overview for case 'irrad' (#1/2)                                                                            =
-------------------------------------------------------------------------------------------------------------------------
   step          t0          t1          dt           t        flux     fluence       power      energy
    (-)         (d)         (d)         (s)         (s)   (n/cm2-s)     (n/cm2)        (MW)       (MWd)
      1      0.0000    550.0000  4.7520E+07  4.7520E+07  3.9399E+13  1.8722E+21  5.1423E+00  2.8283E+03
          
              step - step index within this case
                t0 - time at beginning-of-step in input units
                t1 - time at end-of-step in input units
                dt - length of step in seconds
                 t - end-of-step cumulative time in seconds
              flux - flux in neutrons/cm^2-sec (CALCULATED)
           fluence - cumulative end-of-step fluence in neutrons/cm^2 (CALCULATED)
             power - power in mega-watts (INPUT)     
            energy - cumulative end-of-step energy released in mega-watt-days (INPUT)     
=========================================================================================================================
.
.
.
.
.
*************************************************************************************************************************
********************                                                                                 ********************
********************                                                                                 ********************
********************                    Library information                                          ********************
********************                                                                                 ********************
********************                                                                                 ********************
*************************************************************************************************************************
.
.
=========================================================================================================================
=   Library summary for case 'irrad' (#1/2)                                                                             =
-------------------------------------------------------------------------------------------------------------------------
filename: C:/Users/Teddy/AppData/Local/Temp/scale.Teddy.7612/w17x17_100d.f33 cross-section data taken from position number: 1
library title delimited by {}: 
{}
date library was produced: 538976288/538976288/538976288
total number of nuclides in library: 2237
number of light-element nuclides: 910
number of actinide nuclides: 176
number of fission product nuclides: 1151
number of nonzero off-diagonal matrix elements: 54564
=========================================================================================================================
.
.
*************************************************************************************************************************
********************                                                                                 ********************
********************                                                                                 ********************
********************                    Concentration tables                                         ********************
********************                                                                                 ********************
********************                                                                                 ********************
*************************************************************************************************************************
.
.
=========================================================================================================================
=   Nuclide concentrations in grams for case 'irrad' (#1/2)                                                             =
-------------------------------------------------------------------------------------------------------------------------
  (relative cutoff; integral of concentrations over time >   1.00E-06 % of integral of all concentrations over time)
.
                   0.000d    550.000d   
  he-4         0.0000E+00  9.6801E-02
  u-234        0.0000E+00  2.3651E-01
  u-235        3.5000E+04  3.1723E+04
  u-236        0.0000E+00  6.0110E+02
  u-237        0.0000E+00  3.1800E-01
  u-238        9.6500E+05  9.6322E+05
  u-239        0.0000E+00  6.8364E-02
  np-237       0.0000E+00  1.2825E+01
  np-239       0.0000E+00  9.8878E+00
  pu-238       0.0000E+00  3.7062E-01
  pu-239       0.0000E+00  1.3546E+03
  pu-240       0.0000E+00  7.4778E+01
  pu-241       0.0000E+00  1.0760E+01
  pu-242       0.0000E+00  2.2137E-01
  am-241       0.0000E+00  1.9781E-01
  ge-76        0.0000E+00  3.0913E-02
  se-77        0.0000E+00  7.7781E-02
  se-78        0.0000E+00  2.0738E-01
  se-79        0.0000E+00  4.5165E-01
  se-80        0.0000E+00  1.2591E+00
  br-81        0.0000E+00  2.0366E+00
  se-82        0.0000E+00  3.2918E+00
  kr-83        0.0000E+00  5.3800E+00
  kr-84        0.0000E+00  1.0453E+01
  kr-85        0.0000E+00  2.7813E+00
  rb-85        0.0000E+00  1.0713E+01
  kr-86        0.0000E+00  2.0425E+01
  rb-87        0.0000E+00  2.6933E+01
  sr-88        0.0000E+00  3.7799E+01
  sr-89        0.0000E+00  6.5423E+00
  y-89         0.0000E+00  4.4307E+01
  sr-90        0.0000E+00  6.1354E+01
  zr-90        0.0000E+00  1.1274E+00
  sr-91        0.0000E+00  6.6099E-02
  y-91         0.0000E+00  9.6906E+00
  zr-91        0.0000E+00  5.4654E+01
  y-92         0.0000E+00  2.5569E-02
  zr-92        0.0000E+00  6.7628E+01
  y-93         0.0000E+00  7.9462E-02
  zr-93        0.0000E+00  7.2526E+01
  zr-94        0.0000E+00  7.4997E+01
  zr-95        0.0000E+00  1.2766E+01
  nb-95        0.0000E+00  6.9698E+00
  mo-95        0.0000E+00  6.3509E+01
  zr-96        0.0000E+00  7.6555E+01
  mo-96        0.0000E+00  2.3538E-01
  zr-97        0.0000E+00  1.3369E-01
  mo-97        0.0000E+00  7.3254E+01
  mo-98        0.0000E+00  7.2506E+01
  mo-99        0.0000E+00  5.5779E-01
  tc-99        0.0000E+00  7.5964E+01
  tc-99m       0.0000E+00  4.4644E-02
  mo-100       0.0000E+00  8.0740E+01
  ru-100       0.0000E+00  6.1969E-01
  ru-101       0.0000E+00  6.7701E+01
  ru-102       0.0000E+00  5.8836E+01
  ru-103       0.0000E+00  4.8627E+00
  rh-103       0.0000E+00  3.9086E+01
  ru-104       0.0000E+00  3.0137E+01
  pd-104       0.0000E+00  1.3261E+00
  rh-105       0.0000E+00  8.1254E-02
  pd-105       0.0000E+00  1.8070E+01
  ru-106       0.0000E+00  6.3658E+00
  pd-106       0.0000E+00  3.6456E+00
  pd-107       0.0000E+00  5.2202E+00
  pd-108       0.0000E+00  2.6932E+00
  ag-109       0.0000E+00  1.6509E+00
  pd-110       0.0000E+00  9.6293E-01
  cd-110       0.0000E+00  4.8708E-02
  cd-111       0.0000E+00  5.5500E-01
  cd-112       0.0000E+00  3.8813E-01
  cd-113       0.0000E+00  5.6843E-02
  cd-114       0.0000E+00  5.8979E-01
  in-115       0.0000E+00  2.5815E-01
  cd-116       0.0000E+00  3.0278E-01
  sn-116       0.0000E+00  2.4541E-02
  sn-117       0.0000E+00  2.8705E-01
  sn-118       0.0000E+00  2.8565E-01
  sn-119       0.0000E+00  2.9044E-01
  sn-120       0.0000E+00  2.9807E-01
  sn-121m      0.0000E+00  2.1240E-02
  sb-121       0.0000E+00  2.9149E-01
  sn-122       0.0000E+00  3.6258E-01
  sb-123       0.0000E+00  3.6692E-01
  sn-124       0.0000E+00  5.7681E-01
  sb-125       0.0000E+00  6.0175E-01
  te-125       0.0000E+00  1.1042E-01
  sn-126       0.0000E+00  1.1358E+00
  te-126       0.0000E+00  3.7313E-02
  sb-127       0.0000E+00  3.2273E-02
  te-127m      0.0000E+00  1.2242E-01
  i-127        0.0000E+00  2.7263E+00
  te-128       0.0000E+00  6.1711E+00
  te-129m      0.0000E+00  1.5756E-01
  i-129        0.0000E+00  1.0065E+01
  te-130       0.0000E+00  3.0697E+01
  xe-130       0.0000E+00  3.3866E-02
  te-131m      0.0000E+00  2.8195E-02
  i-131        0.0000E+00  1.0602E+00
  xe-131       0.0000E+00  4.7217E+01
  te-132       0.0000E+00  6.2710E-01
  xe-132       0.0000E+00  7.5075E+01
  i-133        0.0000E+00  2.5962E-01
  xe-133       0.0000E+00  1.5717E+00
  cs-133       0.0000E+00  1.1092E+02
  xe-134       0.0000E+00  1.3397E+02
  cs-134       0.0000E+00  9.8037E-01
  ba-134       0.0000E+00  1.7222E-01
  i-135        0.0000E+00  7.8598E-02
  xe-135       0.0000E+00  8.3663E-02
  cs-135       0.0000E+00  8.2812E+01
  xe-136       0.0000E+00  1.4128E+02
  ba-136       0.0000E+00  3.2600E-01
  cs-137       0.0000E+00  1.0639E+02
  ba-137       0.0000E+00  1.8604E+00
  ba-138       0.0000E+00  1.1733E+02
  la-139       0.0000E+00  1.1205E+02
  ba-140       0.0000E+00  3.6507E+00
  la-140       0.0000E+00  4.8176E-01
  ce-140       0.0000E+00  1.0582E+02
  la-141       0.0000E+00  4.4420E-02
  ce-141       0.0000E+00  8.8332E+00
  pr-141       0.0000E+00  9.5247E+01
  ce-142       0.0000E+00  1.0371E+02
  nd-142       0.0000E+00  1.1885E-01
  ce-143       0.0000E+00  3.7874E-01
  pr-143       0.0000E+00  3.7310E+00
  nd-143       0.0000E+00  9.9599E+01
  ce-144       0.0000E+00  5.4044E+01
  nd-144       0.0000E+00  4.6648E+01
  pr-145       0.0000E+00  4.6429E-02
  nd-145       0.0000E+00  7.1022E+01
  nd-146       0.0000E+00  5.6252E+01
  nd-147       0.0000E+00  1.2098E+00
  pm-147       0.0000E+00  3.2153E+01
  sm-147       0.0000E+00  6.8273E+00
  nd-148       0.0000E+00  3.2083E+01
  pm-148       0.0000E+00  2.6629E-02
  pm-148m      0.0000E+00  1.1177E-01
  sm-148       0.0000E+00  1.6288E+00
  pm-149       0.0000E+00  1.2787E-01
  sm-149       0.0000E+00  1.9499E+00
  nd-150       0.0000E+00  1.3471E+01
  sm-150       0.0000E+00  1.9596E+01
  pm-151       0.0000E+00  2.8269E-02
  sm-151       0.0000E+00  5.1075E+00
  eu-151       0.0000E+00  2.2691E-02
  sm-152       0.0000E+00  8.9616E+00
  sm-153       0.0000E+00  2.6774E-02
  eu-153       0.0000E+00  4.0246E+00
  sm-154       0.0000E+00  1.8147E+00
  eu-154       0.0000E+00  1.7726E-01
  eu-155       0.0000E+00  4.6953E-01
  gd-155       0.0000E+00  2.1021E-02
  eu-156       0.0000E+00  5.0540E-02
  gd-156       0.0000E+00  8.8928E-01
  gd-158       0.0000E+00  3.5595E-01
  tb-159       0.0000E+00  5.1856E-02
  gd-160       0.0000E+00  2.1501E-02
------------
  totals       1.0000E+06  1.0000E+06
=========================================================================================================================
.
.
=========================================================================================================================
=   History overview for case 'decay' (#2/2)                                                                            =
-------------------------------------------------------------------------------------------------------------------------
   step          t0          t1          dt           t        flux     fluence       power      energy
    (-)         (y)         (y)         (s)         (s)   (n/cm2-s)     (n/cm2)        (MW)       (MWd)
      1      1.5057      2.5057  3.1560E+07  7.9080E+07  0.0000E+00  1.8722E+21  0.0000E+00  2.8283E+03
          
              step - step index within this case
                t0 - time at beginning-of-step in input units
                t1 - time at end-of-step in input units
                dt - length of step in seconds
                 t - end-of-step cumulative time in seconds
              flux - flux in neutrons/cm^2-sec (CALCULATED)
           fluence - cumulative end-of-step fluence in neutrons/cm^2 (CALCULATED)
             power - power in mega-watts (INPUT)     
            energy - cumulative end-of-step energy released in mega-watt-days (INPUT)     
=========================================================================================================================
.
.
.
.
.
*************************************************************************************************************************
********************                                                                                 ********************
********************                                                                                 ********************
********************                    Library information                                          ********************
********************                                                                                 ********************
********************                                                                                 ********************
*************************************************************************************************************************
.
.
=========================================================================================================================
=   Library summary for case 'decay' (#2/2)                                                                             =
-------------------------------------------------------------------------------------------------------------------------
filename: C:/Users/Teddy/AppData/Local/Temp/scale.Teddy.7612/w17x17_100d.f33 cross-section data taken from position number: 1
library title delimited by {}: 
{}
date library was produced: 538976288/538976288/538976288
total number of nuclides in library: 2237
number of light-element nuclides: 910
number of actinide nuclides: 176
number of fission product nuclides: 1151
number of nonzero off-diagonal matrix elements: 54564
=========================================================================================================================
.
.
*************************************************************************************************************************
********************                                                                                 ********************
********************                                                                                 ********************
********************                    Concentration tables                                         ********************
********************                                                                                 ********************
********************                                                                                 ********************
*************************************************************************************************************************
.
.
=========================================================================================================================
=   Nuclide concentrations in grams for case 'decay' (#2/2)                                                             =
-------------------------------------------------------------------------------------------------------------------------
  (relative cutoff; integral of concentrations over time >   1.00E-06 % of integral of all concentrations over time)
.
                   1.506y      2.506y   
  he-4         9.6801E-02  9.7727E-02
  u-234        2.3651E-01  2.3958E-01
  u-235        3.1723E+04  3.1723E+04
  u-236        6.0110E+02  6.0111E+02
  u-237        3.1800E-01  3.1981E-07
  u-238        9.6322E+05  9.6322E+05
  u-239        6.8364E-02  0.0000E+00
  np-237       1.2825E+01  1.3144E+01
  np-239       9.8878E+00  2.2813E-09
  pu-238       3.7062E-01  3.7657E-01
  pu-239       1.3546E+03  1.3645E+03
  pu-240       7.4778E+01  7.4770E+01
  pu-241       1.0760E+01  1.0251E+01
  pu-242       2.2137E-01  2.2139E-01
  am-241       1.9781E-01  7.0661E-01
  as-75        1.0917E-02  1.0919E-02
  ge-76        3.0913E-02  3.0913E-02
  se-77        7.7781E-02  7.8209E-02
  se-78        2.0738E-01  2.0745E-01
  se-79        4.5165E-01  4.5166E-01
  se-80        1.2591E+00  1.2591E+00
  br-81        2.0366E+00  2.0367E+00
  se-82        3.2918E+00  3.2918E+00
  kr-83        5.3800E+00  5.3827E+00
  kr-84        1.0453E+01  1.0454E+01
  kr-85        2.7813E+00  2.6090E+00
  rb-85        1.0713E+01  1.0892E+01
  kr-86        2.0425E+01  2.0425E+01
  rb-87        2.6933E+01  2.6937E+01
  sr-88        3.7799E+01  3.7811E+01
  sr-89        6.5423E+00  4.3621E-02
  y-89         4.4307E+01  5.0807E+01
  sr-90        6.1354E+01  5.9895E+01
  y-90         1.5636E-02  1.5193E-02
  zr-90        1.1274E+00  2.5875E+00
  sr-91        6.6099E-02  0.0000E+00
  y-91         9.6906E+00  1.2886E-01
  zr-91        5.4654E+01  6.4286E+01
  y-92         2.5569E-02  0.0000E+00
  zr-92        6.7628E+01  6.7673E+01
  y-93         7.9462E-02  0.0000E+00
  zr-93        7.2526E+01  7.2606E+01
  zr-94        7.4997E+01  7.5000E+01
  zr-95        1.2766E+01  2.4480E-01
  nb-95        6.9698E+00  2.9824E-01
  mo-95        6.3509E+01  8.2719E+01
  zr-96        7.6555E+01  7.6555E+01
  mo-96        2.3538E-01  2.3547E-01
  zr-97        1.3369E-01  0.0000E+00
  mo-97        7.3254E+01  7.3398E+01
  mo-98        7.2506E+01  7.2506E+01
  mo-99        5.5779E-01  0.0000E+00
  tc-99        7.5964E+01  7.6566E+01
  tc-99m       4.4644E-02  0.0000E+00
  mo-100       8.0740E+01  8.0740E+01
  ru-100       6.1969E-01  6.1969E-01
  ru-101       6.7701E+01  6.7705E+01
  ru-102       5.8836E+01  5.8837E+01
  ru-103       4.8627E+00  7.6761E-03
  rh-103       3.9086E+01  4.3946E+01
  ru-104       3.0137E+01  3.0138E+01
  pd-104       1.3261E+00  1.3261E+00
  rh-105       8.1254E-02  0.0000E+00
  pd-105       1.8070E+01  1.8161E+01
  ru-106       6.3658E+00  3.2217E+00
  pd-106       3.6456E+00  6.7896E+00
  pd-107       5.2202E+00  5.2205E+00
  pd-108       2.6932E+00  2.6933E+00
  ag-109       1.6509E+00  1.6549E+00
  pd-110       9.6293E-01  9.6293E-01
  cd-110       4.8708E-02  4.9670E-02
  cd-111       5.5500E-01  5.6952E-01
  cd-112       3.8813E-01  3.8935E-01
  cd-113       5.6843E-02  5.6996E-02
  cd-114       5.8979E-01  5.8979E-01
  in-115       2.5815E-01  2.6205E-01
  sn-115       1.4027E-02  1.4123E-02
  cd-116       3.0278E-01  3.0278E-01
  sn-116       2.4541E-02  2.4544E-02
  sn-117       2.8705E-01  2.8723E-01
  sn-118       2.8565E-01  2.8568E-01
  sn-119       2.9044E-01  2.9363E-01
  sn-120       2.9807E-01  2.9807E-01
  sn-121m      2.1240E-02  2.0907E-02
  sb-121       2.9149E-01  2.9274E-01
  sn-122       3.6258E-01  3.6258E-01
  sb-123       3.6692E-01  3.7497E-01
  sn-124       5.7681E-01  5.7681E-01
  sb-125       6.0175E-01  4.7391E-01
  te-125       1.1042E-01  2.4595E-01
  sn-126       1.1358E+00  1.1358E+00
  te-126       3.7313E-02  3.7821E-02
  sb-127       3.2273E-02  0.0000E+00
  te-127m      1.2242E-01  1.2543E-02
  i-127        2.7263E+00  2.8720E+00
  te-128       6.1711E+00  6.1723E+00
  xe-128       1.0706E-02  1.0707E-02
  te-129m      1.5756E-01  8.4533E-05
  i-129        1.0065E+01  1.0229E+01
  te-130       3.0697E+01  3.0698E+01
  xe-130       3.3866E-02  3.3946E-02
  te-131m      2.8195E-02  0.0000E+00
  i-131        1.0602E+00  2.1816E-14
  xe-131       4.7217E+01  4.8326E+01
  te-132       6.2710E-01  0.0000E+00
  xe-132       7.5075E+01  7.5722E+01
  i-133        2.5962E-01  0.0000E+00
  xe-133       1.5717E+00  2.0563E-21
  cs-133       1.1092E+02  1.1278E+02
  xe-134       1.3397E+02  1.3400E+02
  cs-134       9.8037E-01  7.0088E-01
  ba-134       1.7222E-01  4.5177E-01
  i-135        7.8598E-02  0.0000E+00
  xe-135       8.3663E-02  0.0000E+00
  cs-135       8.2812E+01  8.2975E+01
  xe-136       1.4128E+02  1.4128E+02
  ba-136       3.2600E-01  3.4347E-01
  cs-137       1.0639E+02  1.0397E+02
  ba-137       1.8604E+00  4.2843E+00
  ba-138       1.1733E+02  1.1734E+02
  la-139       1.1205E+02  1.1207E+02
  ba-140       3.6507E+00  8.7112E-09
  la-140       4.8176E-01  1.3203E-09
  ce-140       1.0582E+02  1.0995E+02
  la-141       4.4420E-02  0.0000E+00
  ce-141       8.8332E+00  3.6805E-03
  pr-141       9.5247E+01  1.0412E+02
  ce-142       1.0371E+02  1.0373E+02
  nd-142       1.1885E-01  1.1935E-01
  ce-143       3.7874E-01  0.0000E+00
  pr-143       3.7310E+00  3.2766E-08
  nd-143       9.9599E+01  1.0371E+02
  ce-144       5.4044E+01  2.2223E+01
  nd-144       4.6648E+01  7.8470E+01
  pr-145       4.6429E-02  0.0000E+00
  nd-145       7.1022E+01  7.1069E+01
  nd-146       5.6252E+01  5.6256E+01
  nd-147       1.2098E+00  1.1708E-10
  pm-147       3.2153E+01  2.5627E+01
  sm-147       6.8273E+00  1.4564E+01
  nd-148       3.2083E+01  3.2083E+01
  pm-148       2.6629E-02  1.5237E-06
  pm-148m      1.1177E-01  2.4277E-04
  sm-148       1.6288E+00  1.7669E+00
  pm-149       1.2787E-01  0.0000E+00
  sm-149       1.9499E+00  2.0819E+00
  nd-150       1.3471E+01  1.3471E+01
  sm-150       1.9596E+01  1.9596E+01
  pm-151       2.8269E-02  0.0000E+00
  sm-151       5.1075E+00  5.0966E+00
  eu-151       2.2691E-02  6.2097E-02
  sm-152       8.9616E+00  8.9620E+00
  sm-153       2.6774E-02  0.0000E+00
  eu-153       4.0246E+00  4.0514E+00
  sm-154       1.8147E+00  1.8147E+00
  eu-154       1.7726E-01  1.6354E-01
  gd-154       7.2339E-03  2.0958E-02
  eu-155       4.6953E-01  4.0585E-01
  gd-155       2.1021E-02  8.4747E-02
  eu-156       5.0540E-02  2.9501E-09
  gd-156       8.8928E-01  9.4042E-01
  gd-157       1.8325E-02  1.8834E-02
  gd-158       3.5595E-01  3.5597E-01
  tb-159       5.1856E-02  5.2003E-02
  gd-160       2.1501E-02  2.1501E-02
------------
  totals       1.0000E+06  1.0000E+06
=========================================================================================================================
.
.
*************************************************************************************************************************
********************                                                                                 ********************
********************                                                                                 ********************
********************                    Written F71 File Information                                 ********************
********************                                                                                 ********************
********************                                                                                 ********************
*************************************************************************************************************************
.
.
   pos         time        power         flux      fluence       energy libpos   case   step DCGNAB
   (-)          (s)         (MW)    (n/cm2-s)      (n/cm2)        (MWd)    (-)    (-)    (-)    (-)
     1  4.75200e+07  0.00000e+00  0.00000e+00  1.87222e+21  2.82828e+03      1      2      0 DC----
     2  7.90800e+07  0.00000e+00  0.00000e+00  1.87222e+21  2.82828e+03      1      2      1 DC----
    D - state definition present
    C - concentrations present
    G - gamma emission spectra present
    N - neutron emission spectra present
    A - alpha emission spectra present
    B - beta emission spectra present
.
.
.
=========================================================================================================================
ORIGEN finished successfully.
=========================================================================================================================
    module origen used 0.374895 seconds cpu time for the current pass.

    module origen is finished. completion code    0. total cpu time used 3.73226e-006 seconds.


    SCALE is finished on Wed Feb 13 18:33:15 2019.
-------------------------- Summary --------------------------
arp finished. used 1.87736 seconds.
origen finished. used 0.379919 seconds.
SCALE driver required a maximum of 8.305 MiB of RAM.
------------------------ End Summary ------------------------

w17x17_100d.f33 copied to C:\Users\Teddy\Desktop\scale_test\output\w17x17_100d.f33.
discharge.f71 copied to C:\Users\Teddy\Desktop\scale_test\output\discharge.f71.
