 *******************************************************************************
 *                                                                             *
 *                                 SCALE 6.2.2                                 *
 *                                -------------                                *
 *                                February 2019                                *
 *                                                                             *
 *           SCALE:  A Comprehensive Modeling and Simulation Suite             *
 *                   for Nuclear Safety Analysis and Design                    *
 *                                                                             *
 *                      Reactor and Nuclear Systems Division                   *
 *                        Oak Ridge National Laboratory                        *
 *                                                                             *
 *                           http://scale.ornl.gov                             *
 *                            scalehelp@ornl.gov                               *
 *                                                                             *
 *******************************************************************************
 *******************************************************************************
      
                  Job Information
                  ---------------
      Job started on DESKTOP-J14NAA6 on Wed 13/02/2019 18:33:38
      Working directory: C:\Users\Teddy\AppData\Local\Temp\scale.Teddy.5452
      Input file name  : C:\Users\Teddy\Desktop\scale_test\output\3.500000_8484.848485.inp
      Output file name : C:\Users\Teddy\Desktop\scale_test\output\3.500000_8484.848485.out
      SCALE executable : C:\SCALE-6.2.2/bin/scale
      
 *******************************************************************************


    module arp will be called on Wed Feb 13 18:33:39 2019.
    sequence specification record:=arp
Input Data:

      'library type
      w17x17
      3.500000
      ' num cycles
      1
      ' num days per cycle
      550
      ' cycle average specific power (MW / MTU)
      15.426997
      ' number of interpolated cross section sets generated per cycle
      1
      ' moderator density (g/cc)
      0.723
      ' interpolated output ORIGEN library
      w17x17_100d.f33
end

1






        ************************************************************************************************************************
        ************************************************************************************************************************
        ************************************************************************************************************************
        *****                                                                                                              *****
        *****                                       program verification information                                       *****
        *****                                                                                                              *****
        *****                                   code system:  SCALE    version:  6.2                                       *****
        *****                                                                                                              *****
        ************************************************************************************************************************
        ************************************************************************************************************************
        *****                                                                                                              *****
        *****                                                                                                              *****
        *****              program:  arp.exe                                                                               *****
        *****                                                                                                              *****
        *****        creation date:   unknown                                                                              *****
        *****                                                                                                              *****
        *****              library:  C:\SCALE-6.2.2\bin                                                                    *****
        *****                                                                                                              *****
        *****                                                                                                              *****
        *****            prod code:  arp.exe                                                                               *****
        *****                                                                                                              *****
        *****              version:  6.2.2                                                                                 *****
        *****                                                                                                              *****
        *****              jobname:  Teddy                                                                                 *****
        *****                                                                                                              *****
        *****         machine name:  DESKTOP-J14NAA6                                                                       *****
        *****                                                                                                              *****
        *****    date of execution:  13_feb_2019                                                                           *****
        *****                                                                                                              *****
        *****    time of execution:  18:33:39.56                                                                           *****
        *****                                                                                                              *****
        *****                                                                                                              *****
        ************************************************************************************************************************
        ************************************************************************************************************************
        ************************************************************************************************************************


 'library type
    data library:       w17x17
       directory:       C:/SCALE-6.2.2/data/\arplibs
       definition:      C:/SCALE-6.2.2/data/\arpdata.txt
    u-235 enrichment:                        3.500

 ' num cycles
    number of cycles:                            1

 ' num days per cycle

 ' cycle average specific power (MW / MTU)

 ' number of interpolated cross section sets generated per cycle

 ' moderator density (g/cc)
    water density (g/cm3):                  0.7230
                                         cycle        cumulative      midpoint
   cycle time(d)        power(MW)      burnup(MWd/MTU)burnup(MWd/MTU)burnup(MWd/MTU)nlib
     1    550.000        15.4270        8484.85        8484.85        4242.42             1

 ' interpolated output ORIGEN library
    interpolated library name:                   w17x17_100d.f33
 interpolation type: spline
 Cross section library interpolation completed.
.
.
.
=========================================================================================================================
ARP finished successfully.
=========================================================================================================================
    module arp used 2.05631 seconds cpu time for the current pass.

    module arp is finished. completion code    0. total cpu time used 1.25964e-005 seconds.



    module origen will be called on Wed Feb 13 18:33:41 2019.
    sequence specification record:=origen
Input Data:

      case(irrad) {
          lib{
              file="w17x17_100d.f33" pos=1
          }
          mat {
              units=GRAMS
              iso=[u235=35000.000000 u238=965000.000000]
          }
          time = [ 550 ]
          power = [ 15.426997 ]
      }
      case (decay) {
          time {
              units=YEARS
              start=0
              t=[1]
          }
          save{ file="discharge.f71" steps=[0 LAST]}
      }
end

1






        ************************************************************************************************************************
        ************************************************************************************************************************
        ************************************************************************************************************************
        *****                                                                                                              *****
        *****                                       program verification information                                       *****
        *****                                                                                                              *****
        *****                                   code system:  SCALE    version:  6.2                                       *****
        *****                                                                                                              *****
        ************************************************************************************************************************
        ************************************************************************************************************************
        *****                                                                                                              *****
        *****                                                                                                              *****
        *****              program:  origen.exe                                                                            *****
        *****                                                                                                              *****
        *****        creation date:   unknown                                                                              *****
        *****                                                                                                              *****
        *****              library:  C:\SCALE-6.2.2\bin                                                                    *****
        *****                                                                                                              *****
        *****                                                                                                              *****
        *****            prod code:  origen.exe                                                                            *****
        *****                                                                                                              *****
        *****              version:  6.2.2                                                                                 *****
        *****                                                                                                              *****
        *****              jobname:  Teddy                                                                                 *****
        *****                                                                                                              *****
        *****         machine name:  DESKTOP-J14NAA6                                                                       *****
        *****                                                                                                              *****
        *****    date of execution:  13_feb_2019                                                                           *****
        *****                                                                                                              *****
        *****    time of execution:  18:33:41.63                                                                           *****
        *****                                                                                                              *****
        *****                                                                                                              *****
        ************************************************************************************************************************
        ************************************************************************************************************************
        ************************************************************************************************************************

*************************************************************************************************************************
********************                                                                                 ********************
********************                                                                                 ********************
********************                    USER INPUT SUMMARY                                           ********************
********************                                                                                 ********************
********************                                                                                 ********************
*************************************************************************************************************************
.
.
=========================================================================================================================
=   Case "irrad" (#1/2)                                                                                                 =
-------------------------------------------------------------------------------------------------------------------------
###   Library settings                                                                                                ###
.
                                Library file name:     C:/Users/Teddy/AppData/Local/Temp/scale.Teddy.5452/w17x17_100d.f33
                             Library set position:              1
                 Fission product reaction removal:             no
-------------------------------------------------------------------------------------------------------------------------
###   Global settings                                                                                                 ###
.
                                           Solver:              MATREX
                                             Mode:        forward
                             Fixed fission energy:             no
-------------------------------------------------------------------------------------------------------------------------
###   Concentrations output options                                                                                   ###
.
                            High-precision output:             no
                                  Relative cutoff:            yes
                         Step for applying cutoff:       integral
.
                      light els.   actinides  fis.prods.       total
                       nuc    el   nuc    el   nuc    el   nuc    el             cutoff
gram-atoms                                                                    1.000E-06
grams                                                      **                 1.000E-06
curies                                                                        1.000E-06
watts                                                                         1.000E-06
gamma watts                                                                   1.000E-06
m3 air                                                                        1.000E-06
m3 water                                                                      1.000E-06
grams ppm                                                                     1.000E-06
atoms ppm                                                                     1.000E-06
atoms/barn-cm                                                                 1.000E-06
becquerels                                                                    1.000E-06
-------------------------------------------------------------------------------------------------------------------------
###   Additional output options                                                                                       ###
.
                                      Print k-inf:             no
           Nuclides for absorption fraction print:           none
                              Print fission rates:             no
            Step for sorting absorption fractions:              1
=========================================================================================================================
=   Case "decay" (#2/2)                                                                                                 =
-------------------------------------------------------------------------------------------------------------------------
###   Library settings                                                                                                ###
.
                                Library file name:     C:/Users/Teddy/AppData/Local/Temp/scale.Teddy.5452/w17x17_100d.f33
                             Library set position:              1
                 Fission product reaction removal:             no
-------------------------------------------------------------------------------------------------------------------------
###   Global settings                                                                                                 ###
.
                                           Solver:              MATREX
                                             Mode:        forward
                             Fixed fission energy:             no
-------------------------------------------------------------------------------------------------------------------------
###   Concentrations output options                                                                                   ###
.
                            High-precision output:             no
                                  Relative cutoff:            yes
                         Step for applying cutoff:       integral
.
                      light els.   actinides  fis.prods.       total
                       nuc    el   nuc    el   nuc    el   nuc    el             cutoff
gram-atoms                                                                    1.000E-06
grams                                                      **                 1.000E-06
curies                                                                        1.000E-06
watts                                                                         1.000E-06
gamma watts                                                                   1.000E-06
m3 air                                                                        1.000E-06
m3 water                                                                      1.000E-06
grams ppm                                                                     1.000E-06
atoms ppm                                                                     1.000E-06
atoms/barn-cm                                                                 1.000E-06
becquerels                                                                    1.000E-06
-------------------------------------------------------------------------------------------------------------------------
###   Additional output options                                                                                       ###
.
                                      Print k-inf:             no
           Nuclides for absorption fraction print:           none
                              Print fission rates:             no
            Step for sorting absorption fractions:              1
=========================================================================================================================
###   Blending information                                                                                            ###
.
  --- no blending requested in this job ---
=========================================================================================================================
.
.
=========================================================================================================================
=   History overview for case 'irrad' (#1/2)                                                                            =
-------------------------------------------------------------------------------------------------------------------------
   step          t0          t1          dt           t        flux     fluence       power      energy
    (-)         (d)         (d)         (s)         (s)   (n/cm2-s)     (n/cm2)        (MW)       (MWd)
      1      0.0000    550.0000  4.7520E+07  4.7520E+07  1.2265E+14  5.8282E+21  1.5427E+01  8.4848E+03
          
              step - step index within this case
                t0 - time at beginning-of-step in input units
                t1 - time at end-of-step in input units
                dt - length of step in seconds
                 t - end-of-step cumulative time in seconds
              flux - flux in neutrons/cm^2-sec (CALCULATED)
           fluence - cumulative end-of-step fluence in neutrons/cm^2 (CALCULATED)
             power - power in mega-watts (INPUT)     
            energy - cumulative end-of-step energy released in mega-watt-days (INPUT)     
=========================================================================================================================
.
.
.
.
.
*************************************************************************************************************************
********************                                                                                 ********************
********************                                                                                 ********************
********************                    Library information                                          ********************
********************                                                                                 ********************
********************                                                                                 ********************
*************************************************************************************************************************
.
.
=========================================================================================================================
=   Library summary for case 'irrad' (#1/2)                                                                             =
-------------------------------------------------------------------------------------------------------------------------
filename: C:/Users/Teddy/AppData/Local/Temp/scale.Teddy.5452/w17x17_100d.f33 cross-section data taken from position number: 1
library title delimited by {}: 
{}
date library was produced: 538976288/538976288/538976288
total number of nuclides in library: 2237
number of light-element nuclides: 910
number of actinide nuclides: 176
number of fission product nuclides: 1151
number of nonzero off-diagonal matrix elements: 54564
=========================================================================================================================
.
.
*************************************************************************************************************************
********************                                                                                 ********************
********************                                                                                 ********************
********************                    Concentration tables                                         ********************
********************                                                                                 ********************
********************                                                                                 ********************
*************************************************************************************************************************
.
.
=========================================================================================================================
=   Nuclide concentrations in grams for case 'irrad' (#1/2)                                                             =
-------------------------------------------------------------------------------------------------------------------------
  (relative cutoff; integral of concentrations over time >   1.00E-06 % of integral of all concentrations over time)
.
                   0.000d    550.000d   
  he-4         0.0000E+00  2.9707E-01
  u-234        0.0000E+00  6.7052E-01
  u-235        3.5000E+04  2.6021E+04
  u-236        0.0000E+00  1.6317E+03
  u-237        0.0000E+00  1.7931E+00
  u-238        9.6500E+05  9.5947E+05
  u-239        0.0000E+00  2.1141E-01
  np-237       0.0000E+00  6.0450E+01
  np-238       0.0000E+00  6.7136E-02
  np-239       0.0000E+00  3.0564E+01
  pu-238       0.0000E+00  4.9393E+00
  pu-239       0.0000E+00  3.1516E+03
  pu-240       0.0000E+00  4.3260E+02
  pu-241       0.0000E+00  1.6943E+02
  pu-242       0.0000E+00  1.1132E+01
  am-241       0.0000E+00  3.0993E+00
  am-242m      0.0000E+00  2.9583E-02
  am-243       0.0000E+00  4.2381E-01
  cm-242       0.0000E+00  2.6765E-01
  cm-244       0.0000E+00  2.5907E-02
  as-75        0.0000E+00  3.3323E-02
  ge-76        0.0000E+00  9.2315E-02
  se-77        0.0000E+00  2.2977E-01
  se-78        0.0000E+00  6.1877E-01
  se-79        0.0000E+00  1.3480E+00
  se-80        0.0000E+00  3.6938E+00
  br-81        0.0000E+00  6.0308E+00
  se-82        0.0000E+00  9.6446E+00
  kr-82        0.0000E+00  4.0494E-02
  kr-83        0.0000E+00  1.5048E+01
  kr-84        0.0000E+00  3.0623E+01
  kr-85        0.0000E+00  7.9734E+00
  rb-85        0.0000E+00  3.0646E+01
  kr-86        0.0000E+00  5.8278E+01
  sr-86        0.0000E+00  2.4502E-02
  rb-87        0.0000E+00  7.6823E+01
  kr-88        0.0000E+00  3.0166E-02
  sr-88        0.0000E+00  1.0760E+02
  sr-89        0.0000E+00  1.7448E+01
  y-89         0.0000E+00  1.2746E+02
  sr-90        0.0000E+00  1.7442E+02
  y-90         0.0000E+00  4.4899E-02
  zr-90        0.0000E+00  3.3041E+00
  sr-91        0.0000E+00  1.7837E-01
  y-91         0.0000E+00  2.6637E+01
  zr-91        0.0000E+00  1.5747E+02
  sr-92        0.0000E+00  5.2870E-02
  y-92         0.0000E+00  6.9868E-02
  zr-92        0.0000E+00  1.9490E+02
  y-93         0.0000E+00  2.2063E-01
  zr-93        0.0000E+00  2.1057E+02
  zr-94        0.0000E+00  2.1939E+02
  zr-95        0.0000E+00  3.6695E+01
  nb-95        0.0000E+00  2.0022E+01
  nb-95m       0.0000E+00  2.2364E-02
  mo-95        0.0000E+00  1.8621E+02
  zr-96        0.0000E+00  2.2587E+02
  mo-96        0.0000E+00  2.1083E+00
  zr-97        0.0000E+00  3.8853E-01
  nb-97        0.0000E+00  2.8004E-02
  mo-97        0.0000E+00  2.1824E+02
  mo-98        0.0000E+00  2.1818E+02
  mo-99        0.0000E+00  1.6509E+00
  tc-99        0.0000E+00  2.2529E+02
  tc-99m       0.0000E+00  1.3222E-01
  mo-100       0.0000E+00  2.4404E+02
  ru-100       0.0000E+00  5.6221E+00
  ru-101       0.0000E+00  2.0484E+02
  ru-102       0.0000E+00  1.8404E+02
  ru-103       0.0000E+00  1.6526E+01
  rh-103       0.0000E+00  1.2187E+02
  ru-104       0.0000E+00  1.0417E+02
  pd-104       0.0000E+00  1.2589E+01
  ru-105       0.0000E+00  4.2870E-02
  rh-105       0.0000E+00  3.3108E-01
  pd-105       0.0000E+00  6.7268E+01
  ru-106       0.0000E+00  2.8269E+01
  pd-106       0.0000E+00  1.6838E+01
  pd-107       0.0000E+00  2.6007E+01
  pd-108       0.0000E+00  1.5123E+01
  pd-109       0.0000E+00  2.5199E-02
  ag-109       0.0000E+00  9.3498E+00
  pd-110       0.0000E+00  5.0411E+00
  ag-110m      0.0000E+00  2.3768E-02
  cd-110       0.0000E+00  8.0299E-01
  ag-111       0.0000E+00  7.6523E-02
  cd-111       0.0000E+00  2.6292E+00
  cd-112       0.0000E+00  1.5981E+00
  cd-113       0.0000E+00  8.0440E-02
  cd-114       0.0000E+00  2.3249E+00
  in-115       0.0000E+00  7.4036E-01
  sn-115       0.0000E+00  4.7336E-02
  cd-116       0.0000E+00  1.0482E+00
  sn-116       0.0000E+00  2.2427E-01
  sn-117       0.0000E+00  9.8051E-01
  sn-118       0.0000E+00  9.4770E-01
  sn-119       0.0000E+00  9.5149E-01
  sn-120       0.0000E+00  9.7410E-01
  sn-121m      0.0000E+00  7.3024E-02
  sb-121       0.0000E+00  9.5849E-01
  sn-122       0.0000E+00  1.2089E+00
  sn-123       0.0000E+00  4.3051E-02
  sb-123       0.0000E+00  1.1990E+00
  sn-124       0.0000E+00  1.9348E+00
  sn-125       0.0000E+00  2.8931E-02
  sb-125       0.0000E+00  2.0684E+00
  te-125       0.0000E+00  3.6854E-01
  te-125m      0.0000E+00  2.3178E-02
  sn-126       0.0000E+00  3.9506E+00
  te-126       0.0000E+00  1.1809E-01
  sb-127       0.0000E+00  1.1668E-01
  te-127m      0.0000E+00  3.5232E-01
  i-127        0.0000E+00  9.1434E+00
  te-128       0.0000E+00  2.0268E+01
  xe-128       0.0000E+00  1.0969E-01
  te-129m      0.0000E+00  5.3686E-01
  i-129        0.0000E+00  3.3256E+01
  te-130       0.0000E+00  9.4329E+01
  xe-130       0.0000E+00  3.0019E-01
  te-131m      0.0000E+00  9.6530E-02
  i-131        0.0000E+00  3.2576E+00
  xe-131       0.0000E+00  1.3810E+02
  xe-131m      0.0000E+00  5.3466E-02
  te-132       0.0000E+00  1.8970E+00
  i-132        0.0000E+00  5.7470E-02
  xe-132       0.0000E+00  2.3806E+02
  i-133        0.0000E+00  7.7025E-01
  xe-133       0.0000E+00  4.6639E+00
  xe-133m      0.0000E+00  5.7994E-02
  cs-133       0.0000E+00  3.2795E+02
  te-134       0.0000E+00  2.4943E-02
  i-134        0.0000E+00  3.7273E-02
  xe-134       0.0000E+00  4.0218E+02
  cs-134       0.0000E+00  8.8786E+00
  ba-134       0.0000E+00  1.5712E+00
  i-135        0.0000E+00  2.3342E-01
  xe-135       0.0000E+00  1.6412E-01
  cs-135       0.0000E+00  1.6380E+02
  xe-136       0.0000E+00  5.1781E+02
  cs-136       0.0000E+00  1.0177E-01
  ba-136       0.0000E+00  1.8213E+00
  cs-137       0.0000E+00  3.2148E+02
  ba-137       0.0000E+00  5.6579E+00
  cs-138       0.0000E+00  2.0539E-02
  ba-138       0.0000E+00  3.5001E+02
  ba-139       0.0000E+00  4.9108E-02
  la-139       0.0000E+00  3.3305E+02
  ba-140       0.0000E+00  1.0578E+01
  la-140       0.0000E+00  1.4013E+00
  ce-140       0.0000E+00  3.1652E+02
  la-141       0.0000E+00  1.2914E-01
  ce-141       0.0000E+00  2.5634E+01
  pr-141       0.0000E+00  2.8527E+02
  la-142       0.0000E+00  4.9321E-02
  ce-142       0.0000E+00  3.0819E+02
  nd-142       0.0000E+00  1.0887E+00
  ce-143       0.0000E+00  1.0769E+00
  pr-143       0.0000E+00  1.0595E+01
  nd-143       0.0000E+00  2.8060E+02
  ce-144       0.0000E+00  1.5703E+02
  nd-144       0.0000E+00  1.5161E+02
  pr-145       0.0000E+00  1.3262E-01
  nd-145       0.0000E+00  2.0609E+02
  nd-146       0.0000E+00  1.7034E+02
  nd-147       0.0000E+00  3.5129E+00
  pm-147       0.0000E+00  8.6795E+01
  sm-147       0.0000E+00  1.8530E+01
  nd-148       0.0000E+00  9.6860E+01
  pm-148       0.0000E+00  2.1167E-01
  pm-148m      0.0000E+00  5.2514E-01
  sm-148       0.0000E+00  1.1874E+01
  pm-149       0.0000E+00  4.2485E-01
  sm-149       0.0000E+00  2.1629E+00
  nd-150       0.0000E+00  4.1980E+01
  sm-150       0.0000E+00  6.6123E+01
  pm-151       0.0000E+00  9.1904E-02
  sm-151       0.0000E+00  8.1027E+00
  eu-151       0.0000E+00  2.0965E-02
  sm-152       0.0000E+00  3.2854E+01
  sm-153       0.0000E+00  1.5117E-01
  eu-153       0.0000E+00  1.7043E+01
  sm-154       0.0000E+00  6.4009E+00
  eu-154       0.0000E+00  1.7058E+00
  gd-154       0.0000E+00  6.8617E-02
  eu-155       0.0000E+00  1.1412E+00
  gd-155       0.0000E+00  2.1458E-02
  eu-156       0.0000E+00  3.0554E-01
  gd-156       0.0000E+00  4.8227E+00
  gd-157       0.0000E+00  3.2284E-02
  gd-158       0.0000E+00  1.6868E+00
  tb-159       0.0000E+00  2.5637E-01
  gd-160       0.0000E+00  1.1222E-01
  dy-161       0.0000E+00  4.3354E-02
  dy-162       0.0000E+00  2.4975E-02
------------
  totals       1.0000E+06  1.0000E+06
=========================================================================================================================
.
.
=========================================================================================================================
=   History overview for case 'decay' (#2/2)                                                                            =
-------------------------------------------------------------------------------------------------------------------------
   step          t0          t1          dt           t        flux     fluence       power      energy
    (-)         (y)         (y)         (s)         (s)   (n/cm2-s)     (n/cm2)        (MW)       (MWd)
      1      1.5057      2.5057  3.1560E+07  7.9080E+07  0.0000E+00  5.8282E+21  0.0000E+00  8.4848E+03
          
              step - step index within this case
                t0 - time at beginning-of-step in input units
                t1 - time at end-of-step in input units
                dt - length of step in seconds
                 t - end-of-step cumulative time in seconds
              flux - flux in neutrons/cm^2-sec (CALCULATED)
           fluence - cumulative end-of-step fluence in neutrons/cm^2 (CALCULATED)
             power - power in mega-watts (INPUT)     
            energy - cumulative end-of-step energy released in mega-watt-days (INPUT)     
=========================================================================================================================
.
.
.
.
.
*************************************************************************************************************************
********************                                                                                 ********************
********************                                                                                 ********************
********************                    Library information                                          ********************
********************                                                                                 ********************
********************                                                                                 ********************
*************************************************************************************************************************
.
.
=========================================================================================================================
=   Library summary for case 'decay' (#2/2)                                                                             =
-------------------------------------------------------------------------------------------------------------------------
filename: C:/Users/Teddy/AppData/Local/Temp/scale.Teddy.5452/w17x17_100d.f33 cross-section data taken from position number: 1
library title delimited by {}: 
{}
date library was produced: 538976288/538976288/538976288
total number of nuclides in library: 2237
number of light-element nuclides: 910
number of actinide nuclides: 176
number of fission product nuclides: 1151
number of nonzero off-diagonal matrix elements: 54564
=========================================================================================================================
.
.
*************************************************************************************************************************
********************                                                                                 ********************
********************                                                                                 ********************
********************                    Concentration tables                                         ********************
********************                                                                                 ********************
********************                                                                                 ********************
*************************************************************************************************************************
.
.
=========================================================================================================================
=   Nuclide concentrations in grams for case 'decay' (#2/2)                                                             =
-------------------------------------------------------------------------------------------------------------------------
  (relative cutoff; integral of concentrations over time >   1.00E-06 % of integral of all concentrations over time)
.
                   1.506y      2.506y   
  h-3          1.2013E-02  1.1356E-02
  he-4         2.9707E-01  3.0379E-01
  u-234        6.7052E-01  7.1043E-01
  u-235        2.6021E+04  2.6021E+04
  u-236        1.6317E+03  1.6317E+03
  u-237        1.7931E+00  5.0358E-06
  u-238        9.5947E+05  9.5947E+05
  u-239        2.1141E-01  0.0000E+00
  np-237       6.0450E+01  6.2254E+01
  np-238       6.7136E-02  5.4627E-09
  np-239       3.0564E+01  3.6572E-07
  pu-238       4.9393E+00  5.1759E+00
  pu-239       3.1516E+03  3.1822E+03
  pu-240       4.3260E+02  4.3256E+02
  pu-241       1.6943E+02  1.6141E+02
  pu-242       1.1132E+01  1.1132E+01
  am-241       3.0993E+00  1.1111E+01
  am-242m      2.9583E-02  2.9438E-02
  am-243       4.2381E-01  4.2485E-01
  cm-242       2.6765E-01  5.7284E-02
  cm-244       2.5907E-02  2.4950E-02
  ge-74        1.1973E-02  1.1973E-02
  as-75        3.3323E-02  3.3328E-02
  ge-76        9.2315E-02  9.2315E-02
  se-77        2.2977E-01  2.3100E-01
  se-78        6.1877E-01  6.1897E-01
  se-79        1.3480E+00  1.3480E+00
  se-80        3.6938E+00  3.6938E+00
  br-81        6.0308E+00  6.0310E+00
  se-82        9.6446E+00  9.6446E+00
  kr-82        4.0494E-02  4.0791E-02
  kr-83        1.5048E+01  1.5056E+01
  kr-84        3.0623E+01  3.0625E+01
  kr-85        7.9734E+00  7.4792E+00
  rb-85        3.0646E+01  3.1157E+01
  kr-86        5.8278E+01  5.8278E+01
  sr-86        2.4502E-02  2.6945E-02
  rb-87        7.6823E+01  7.6833E+01
  kr-88        3.0166E-02  0.0000E+00
  sr-88        1.0760E+02  1.0763E+02
  sr-89        1.7448E+01  1.1634E-01
  y-89         1.2746E+02  1.4479E+02
  sr-90        1.7442E+02  1.7028E+02
  y-90         4.4899E-02  4.3193E-02
  zr-90        3.3041E+00  7.4554E+00
  sr-91        1.7837E-01  0.0000E+00
  y-91         2.6637E+01  3.5418E-01
  zr-91        1.5747E+02  1.8394E+02
  sr-92        5.2870E-02  0.0000E+00
  y-92         6.9868E-02  0.0000E+00
  zr-92        1.9490E+02  1.9502E+02
  y-93         2.2063E-01  0.0000E+00
  zr-93        2.1057E+02  2.1079E+02
  zr-94        2.1939E+02  2.1940E+02
  zr-95        3.6695E+01  7.0368E-01
  nb-95        2.0022E+01  8.5728E-01
  nb-95m       2.2364E-02  4.5414E-04
  mo-95        1.8621E+02  2.4142E+02
  zr-96        2.2587E+02  2.2587E+02
  mo-96        2.1083E+00  2.1089E+00
  zr-97        3.8853E-01  0.0000E+00
  nb-97        2.8004E-02  0.0000E+00
  mo-97        2.1824E+02  2.1866E+02
  mo-98        2.1818E+02  2.1818E+02
  mo-99        1.6509E+00  0.0000E+00
  tc-99        2.2529E+02  2.2707E+02
  tc-99m       1.3222E-01  0.0000E+00
  mo-100       2.4404E+02  2.4404E+02
  ru-100       5.6221E+00  5.6221E+00
  ru-101       2.0484E+02  2.0485E+02
  ru-102       1.8404E+02  1.8404E+02
  ru-103       1.6526E+01  2.6087E-02
  rh-103       1.2187E+02  1.3839E+02
  ru-104       1.0417E+02  1.0417E+02
  pd-104       1.2589E+01  1.2589E+01
  ru-105       4.2870E-02  0.0000E+00
  rh-105       3.3108E-01  0.0000E+00
  pd-105       6.7268E+01  6.7643E+01
  ru-106       2.8269E+01  1.4307E+01
  pd-106       1.6838E+01  3.0800E+01
  pd-107       2.6007E+01  2.6009E+01
  pd-108       1.5123E+01  1.5123E+01
  pd-109       2.5199E-02  0.0000E+00
  ag-109       9.3498E+00  9.3750E+00
  pd-110       5.0411E+00  5.0411E+00
  ag-110m      2.3768E-02  8.6243E-03
  cd-110       8.0299E-01  8.1813E-01
  ag-111       7.6523E-02  1.3335E-16
  cd-111       2.6292E+00  2.7059E+00
  cd-112       1.5981E+00  1.6037E+00
  cd-113       8.0440E-02  8.1060E-02
  cd-114       2.3249E+00  2.3249E+00
  in-115       7.4036E-01  7.5437E-01
  sn-115       4.7336E-02  4.7679E-02
  cd-116       1.0482E+00  1.0482E+00
  sn-116       2.2427E-01  2.2429E-01
  sn-117       9.8051E-01  9.8114E-01
  sn-118       9.4770E-01  9.4780E-01
  sn-119       9.5149E-01  9.6209E-01
  sn-119m      1.8268E-02  7.6987E-03
  sn-120       9.7410E-01  9.7410E-01
  sn-121m      7.3024E-02  7.1880E-02
  sb-121       9.5849E-01  9.6277E-01
  sn-122       1.2089E+00  1.2089E+00
  te-122       1.4392E-02  1.4607E-02
  sn-123       4.3051E-02  6.0660E-03
  sb-123       1.1990E+00  1.2361E+00
  sn-124       1.9348E+00  1.9348E+00
  te-124       8.9021E-03  1.2006E-02
  sn-125       2.8931E-02  1.1342E-13
  sb-125       2.0684E+00  1.6315E+00
  te-125       3.6854E-01  8.3486E-01
  te-125m      2.3178E-02  2.2672E-02
  sn-126       3.9506E+00  3.9506E+00
  te-126       1.1809E-01  1.1979E-01
  sb-127       1.1668E-01  0.0000E+00
  te-127m      3.5232E-01  3.6504E-02
  i-127        9.1434E+00  9.5884E+00
  te-128       2.0268E+01  2.0272E+01
  xe-128       1.0969E-01  1.0970E-01
  te-129m      5.3686E-01  2.8803E-04
  i-129        3.3256E+01  3.3815E+01
  te-130       9.4329E+01  9.4333E+01
  xe-130       3.0019E-01  3.0093E-01
  te-131m      9.6530E-02  0.0000E+00
  i-131        3.2576E+00  6.7266E-14
  xe-131       1.3810E+02  1.4152E+02
  xe-131m      5.3466E-02  8.6312E-11
  te-132       1.8970E+00  0.0000E+00
  i-132        5.7470E-02  0.0000E+00
  xe-132       2.3806E+02  2.4001E+02
  i-133        7.7025E-01  0.0000E+00
  xe-133       4.6639E+00  6.1031E-21
  xe-133m      5.7994E-02  0.0000E+00
  cs-133       3.2795E+02  3.3346E+02
  te-134       2.4943E-02  0.0000E+00
  i-134        3.7273E-02  0.0000E+00
  xe-134       4.0218E+02  4.0224E+02
  cs-134       8.8786E+00  6.3474E+00
  ba-134       1.5712E+00  4.1030E+00
  i-135        2.3342E-01  0.0000E+00
  xe-135       1.6412E-01  0.0000E+00
  cs-135       1.6380E+02  1.6420E+02
  xe-136       5.1781E+02  5.1782E+02
  cs-136       1.0177E-01  4.4870E-10
  ba-136       1.8213E+00  1.9231E+00
  cs-137       3.2148E+02  3.1415E+02
  ba-137       5.6579E+00  1.2982E+01
  cs-138       2.0539E-02  0.0000E+00
  ba-138       3.5001E+02  3.5004E+02
  ba-139       4.9108E-02  0.0000E+00
  la-139       3.3305E+02  3.3311E+02
  ba-140       1.0578E+01  2.5241E-08
  la-140       1.4013E+00  3.8256E-09
  ce-140       3.1652E+02  3.2850E+02
  la-141       1.2914E-01  0.0000E+00
  ce-141       2.5634E+01  1.0681E-02
  pr-141       2.8527E+02  3.1103E+02
  la-142       4.9321E-02  0.0000E+00
  ce-142       3.0819E+02  3.0825E+02
  nd-142       1.0887E+00  1.0933E+00
  ce-143       1.0769E+00  0.0000E+00
  pr-143       1.0595E+01  9.3056E-08
  nd-143       2.8060E+02  2.9228E+02
  ce-144       1.5703E+02  6.4571E+01
  nd-144       1.5161E+02  2.4407E+02
  pr-145       1.3262E-01  0.0000E+00
  nd-145       2.0609E+02  2.0623E+02
  nd-146       1.7034E+02  1.7035E+02
  nd-147       3.5129E+00  3.3997E-10
  pm-147       8.6795E+01  6.9371E+01
  sm-147       1.8530E+01  3.9471E+01
  nd-148       9.6860E+01  9.6861E+01
  pm-148       2.1167E-01  7.1588E-06
  pm-148m      5.2514E-01  1.1406E-03
  sm-148       1.1874E+01  1.2609E+01
  pm-149       4.2485E-01  0.0000E+00
  sm-149       2.1629E+00  2.6003E+00
  nd-150       4.1980E+01  4.1980E+01
  sm-150       6.6123E+01  6.6123E+01
  pm-151       9.1904E-02  0.0000E+00
  sm-151       8.1027E+00  8.1324E+00
  eu-151       2.0965E-02  8.3843E-02
  sm-152       3.2854E+01  3.2855E+01
  eu-152       1.1426E-02  1.0856E-02
  gd-152       9.9299E-03  1.0110E-02
  sm-153       1.5117E-01  0.0000E+00
  eu-153       1.7043E+01  1.7195E+01
  sm-154       6.4009E+00  6.4010E+00
  eu-154       1.7058E+00  1.5737E+00
  gd-154       6.8617E-02  2.0068E-01
  eu-155       1.1412E+00  9.8649E-01
  gd-155       2.1458E-02  1.7636E-01
  eu-156       3.0554E-01  1.7781E-08
  gd-156       4.8227E+00  5.1309E+00
  gd-157       3.2284E-02  3.4879E-02
  gd-158       1.6868E+00  1.6868E+00
  tb-159       2.5637E-01  2.5721E-01
  gd-160       1.1222E-01  1.1222E-01
  dy-161       4.3354E-02  4.4852E-02
  dy-162       2.4975E-02  2.4976E-02
  dy-163       1.2550E-02  1.2550E-02
------------
  totals       1.0000E+06  1.0000E+06
=========================================================================================================================
.
.
*************************************************************************************************************************
********************                                                                                 ********************
********************                                                                                 ********************
********************                    Written F71 File Information                                 ********************
********************                                                                                 ********************
********************                                                                                 ********************
*************************************************************************************************************************
.
.
   pos         time        power         flux      fluence       energy libpos   case   step DCGNAB
   (-)          (s)         (MW)    (n/cm2-s)      (n/cm2)        (MWd)    (-)    (-)    (-)    (-)
     1  4.75200e+07  0.00000e+00  0.00000e+00  5.82823e+21  8.48485e+03      1      2      0 DC----
     2  7.90800e+07  0.00000e+00  0.00000e+00  5.82823e+21  8.48485e+03      1      2      1 DC----
    D - state definition present
    C - concentrations present
    G - gamma emission spectra present
    N - neutron emission spectra present
    A - alpha emission spectra present
    B - beta emission spectra present
.
.
.
=========================================================================================================================
ORIGEN finished successfully.
=========================================================================================================================
    module origen used 0.440008 seconds cpu time for the current pass.

    module origen is finished. completion code    0. total cpu time used 3.73226e-006 seconds.


    SCALE is finished on Wed Feb 13 18:33:42 2019.
-------------------------- Summary --------------------------
arp finished. used 2.06197 seconds.
origen finished. used 0.445306 seconds.
SCALE driver required a maximum of 8.301 MiB of RAM.
------------------------ End Summary ------------------------

w17x17_100d.f33 copied to C:\Users\Teddy\Desktop\scale_test\output\w17x17_100d.f33.
discharge.f71 copied to C:\Users\Teddy\Desktop\scale_test\output\discharge.f71.
