 *******************************************************************************
 *                                                                             *
 *                                 SCALE 6.2.2                                 *
 *                                -------------                                *
 *                                February 2019                                *
 *                                                                             *
 *           SCALE:  A Comprehensive Modeling and Simulation Suite             *
 *                   for Nuclear Safety Analysis and Design                    *
 *                                                                             *
 *                      Reactor and Nuclear Systems Division                   *
 *                        Oak Ridge National Laboratory                        *
 *                                                                             *
 *                           http://scale.ornl.gov                             *
 *                            scalehelp@ornl.gov                               *
 *                                                                             *
 *******************************************************************************
 *******************************************************************************
      
                  Job Information
                  ---------------
      Job started on DESKTOP-J14NAA6 on Wed 13/02/2019 18:33:22
      Working directory: C:\Users\Teddy\AppData\Local\Temp\scale.Teddy.5192
      Input file name  : C:\Users\Teddy\Desktop\scale_test\output\3.500000_4949.494949.inp
      Output file name : C:\Users\Teddy\Desktop\scale_test\output\3.500000_4949.494949.out
      SCALE executable : C:\SCALE-6.2.2/bin/scale
      
 *******************************************************************************


    module arp will be called on Wed Feb 13 18:33:23 2019.
    sequence specification record:=arp
Input Data:

      'library type
      w17x17
      3.500000
      ' num cycles
      1
      ' num days per cycle
      550
      ' cycle average specific power (MW / MTU)
      8.999082
      ' number of interpolated cross section sets generated per cycle
      1
      ' moderator density (g/cc)
      0.723
      ' interpolated output ORIGEN library
      w17x17_100d.f33
end

1






        ************************************************************************************************************************
        ************************************************************************************************************************
        ************************************************************************************************************************
        *****                                                                                                              *****
        *****                                       program verification information                                       *****
        *****                                                                                                              *****
        *****                                   code system:  SCALE    version:  6.2                                       *****
        *****                                                                                                              *****
        ************************************************************************************************************************
        ************************************************************************************************************************
        *****                                                                                                              *****
        *****                                                                                                              *****
        *****              program:  arp.exe                                                                               *****
        *****                                                                                                              *****
        *****        creation date:   unknown                                                                              *****
        *****                                                                                                              *****
        *****              library:  C:\SCALE-6.2.2\bin                                                                    *****
        *****                                                                                                              *****
        *****                                                                                                              *****
        *****            prod code:  arp.exe                                                                               *****
        *****                                                                                                              *****
        *****              version:  6.2.2                                                                                 *****
        *****                                                                                                              *****
        *****              jobname:  Teddy                                                                                 *****
        *****                                                                                                              *****
        *****         machine name:  DESKTOP-J14NAA6                                                                       *****
        *****                                                                                                              *****
        *****    date of execution:  13_feb_2019                                                                           *****
        *****                                                                                                              *****
        *****    time of execution:  18:33:23.50                                                                           *****
        *****                                                                                                              *****
        *****                                                                                                              *****
        ************************************************************************************************************************
        ************************************************************************************************************************
        ************************************************************************************************************************


 'library type
    data library:       w17x17
       directory:       C:/SCALE-6.2.2/data/\arplibs
       definition:      C:/SCALE-6.2.2/data/\arpdata.txt
    u-235 enrichment:                        3.500

 ' num cycles
    number of cycles:                            1

 ' num days per cycle

 ' cycle average specific power (MW / MTU)

 ' number of interpolated cross section sets generated per cycle

 ' moderator density (g/cc)
    water density (g/cm3):                  0.7230
                                         cycle        cumulative      midpoint
   cycle time(d)        power(MW)      burnup(MWd/MTU)burnup(MWd/MTU)burnup(MWd/MTU)nlib
     1    550.000        8.99908        4949.50        4949.50        2474.75             1

 ' interpolated output ORIGEN library
    interpolated library name:                   w17x17_100d.f33
 interpolation type: spline
 Cross section library interpolation completed.
.
.
.
=========================================================================================================================
ARP finished successfully.
=========================================================================================================================
    module arp used 1.88057 seconds cpu time for the current pass.

    module arp is finished. completion code    0. total cpu time used 1.02637e-005 seconds.



    module origen will be called on Wed Feb 13 18:33:25 2019.
    sequence specification record:=origen
Input Data:

      case(irrad) {
          lib{
              file="w17x17_100d.f33" pos=1
          }
          mat {
              units=GRAMS
              iso=[u235=35000.000000 u238=965000.000000]
          }
          time = [ 550 ]
          power = [ 8.999082 ]
      }
      case (decay) {
          time {
              units=YEARS
              start=0
              t=[1]
          }
          save{ file="discharge.f71" steps=[0 LAST]}
      }
end

1






        ************************************************************************************************************************
        ************************************************************************************************************************
        ************************************************************************************************************************
        *****                                                                                                              *****
        *****                                       program verification information                                       *****
        *****                                                                                                              *****
        *****                                   code system:  SCALE    version:  6.2                                       *****
        *****                                                                                                              *****
        ************************************************************************************************************************
        ************************************************************************************************************************
        *****                                                                                                              *****
        *****                                                                                                              *****
        *****              program:  origen.exe                                                                            *****
        *****                                                                                                              *****
        *****        creation date:   unknown                                                                              *****
        *****                                                                                                              *****
        *****              library:  C:\SCALE-6.2.2\bin                                                                    *****
        *****                                                                                                              *****
        *****                                                                                                              *****
        *****            prod code:  origen.exe                                                                            *****
        *****                                                                                                              *****
        *****              version:  6.2.2                                                                                 *****
        *****                                                                                                              *****
        *****              jobname:  Teddy                                                                                 *****
        *****                                                                                                              *****
        *****         machine name:  DESKTOP-J14NAA6                                                                       *****
        *****                                                                                                              *****
        *****    date of execution:  13_feb_2019                                                                           *****
        *****                                                                                                              *****
        *****    time of execution:  18:33:25.40                                                                           *****
        *****                                                                                                              *****
        *****                                                                                                              *****
        ************************************************************************************************************************
        ************************************************************************************************************************
        ************************************************************************************************************************

*************************************************************************************************************************
********************                                                                                 ********************
********************                                                                                 ********************
********************                    USER INPUT SUMMARY                                           ********************
********************                                                                                 ********************
********************                                                                                 ********************
*************************************************************************************************************************
.
.
=========================================================================================================================
=   Case "irrad" (#1/2)                                                                                                 =
-------------------------------------------------------------------------------------------------------------------------
###   Library settings                                                                                                ###
.
                                Library file name:     C:/Users/Teddy/AppData/Local/Temp/scale.Teddy.5192/w17x17_100d.f33
                             Library set position:              1
                 Fission product reaction removal:             no
-------------------------------------------------------------------------------------------------------------------------
###   Global settings                                                                                                 ###
.
                                           Solver:              MATREX
                                             Mode:        forward
                             Fixed fission energy:             no
-------------------------------------------------------------------------------------------------------------------------
###   Concentrations output options                                                                                   ###
.
                            High-precision output:             no
                                  Relative cutoff:            yes
                         Step for applying cutoff:       integral
.
                      light els.   actinides  fis.prods.       total
                       nuc    el   nuc    el   nuc    el   nuc    el             cutoff
gram-atoms                                                                    1.000E-06
grams                                                      **                 1.000E-06
curies                                                                        1.000E-06
watts                                                                         1.000E-06
gamma watts                                                                   1.000E-06
m3 air                                                                        1.000E-06
m3 water                                                                      1.000E-06
grams ppm                                                                     1.000E-06
atoms ppm                                                                     1.000E-06
atoms/barn-cm                                                                 1.000E-06
becquerels                                                                    1.000E-06
-------------------------------------------------------------------------------------------------------------------------
###   Additional output options                                                                                       ###
.
                                      Print k-inf:             no
           Nuclides for absorption fraction print:           none
                              Print fission rates:             no
            Step for sorting absorption fractions:              1
=========================================================================================================================
=   Case "decay" (#2/2)                                                                                                 =
-------------------------------------------------------------------------------------------------------------------------
###   Library settings                                                                                                ###
.
                                Library file name:     C:/Users/Teddy/AppData/Local/Temp/scale.Teddy.5192/w17x17_100d.f33
                             Library set position:              1
                 Fission product reaction removal:             no
-------------------------------------------------------------------------------------------------------------------------
###   Global settings                                                                                                 ###
.
                                           Solver:              MATREX
                                             Mode:        forward
                             Fixed fission energy:             no
-------------------------------------------------------------------------------------------------------------------------
###   Concentrations output options                                                                                   ###
.
                            High-precision output:             no
                                  Relative cutoff:            yes
                         Step for applying cutoff:       integral
.
                      light els.   actinides  fis.prods.       total
                       nuc    el   nuc    el   nuc    el   nuc    el             cutoff
gram-atoms                                                                    1.000E-06
grams                                                      **                 1.000E-06
curies                                                                        1.000E-06
watts                                                                         1.000E-06
gamma watts                                                                   1.000E-06
m3 air                                                                        1.000E-06
m3 water                                                                      1.000E-06
grams ppm                                                                     1.000E-06
atoms ppm                                                                     1.000E-06
atoms/barn-cm                                                                 1.000E-06
becquerels                                                                    1.000E-06
-------------------------------------------------------------------------------------------------------------------------
###   Additional output options                                                                                       ###
.
                                      Print k-inf:             no
           Nuclides for absorption fraction print:           none
                              Print fission rates:             no
            Step for sorting absorption fractions:              1
=========================================================================================================================
###   Blending information                                                                                            ###
.
  --- no blending requested in this job ---
=========================================================================================================================
.
.
=========================================================================================================================
=   History overview for case 'irrad' (#1/2)                                                                            =
-------------------------------------------------------------------------------------------------------------------------
   step          t0          t1          dt           t        flux     fluence       power      energy
    (-)         (d)         (d)         (s)         (s)   (n/cm2-s)     (n/cm2)        (MW)       (MWd)
      1      0.0000    550.0000  4.7520E+07  4.7520E+07  6.9876E+13  3.3205E+21  8.9991E+00  4.9495E+03
          
              step - step index within this case
                t0 - time at beginning-of-step in input units
                t1 - time at end-of-step in input units
                dt - length of step in seconds
                 t - end-of-step cumulative time in seconds
              flux - flux in neutrons/cm^2-sec (CALCULATED)
           fluence - cumulative end-of-step fluence in neutrons/cm^2 (CALCULATED)
             power - power in mega-watts (INPUT)     
            energy - cumulative end-of-step energy released in mega-watt-days (INPUT)     
=========================================================================================================================
.
.
.
.
.
*************************************************************************************************************************
********************                                                                                 ********************
********************                                                                                 ********************
********************                    Library information                                          ********************
********************                                                                                 ********************
********************                                                                                 ********************
*************************************************************************************************************************
.
.
=========================================================================================================================
=   Library summary for case 'irrad' (#1/2)                                                                             =
-------------------------------------------------------------------------------------------------------------------------
filename: C:/Users/Teddy/AppData/Local/Temp/scale.Teddy.5192/w17x17_100d.f33 cross-section data taken from position number: 1
library title delimited by {}: 
{}
date library was produced: 538976288/538976288/538976288
total number of nuclides in library: 2237
number of light-element nuclides: 910
number of actinide nuclides: 176
number of fission product nuclides: 1151
number of nonzero off-diagonal matrix elements: 54564
=========================================================================================================================
.
.
*************************************************************************************************************************
********************                                                                                 ********************
********************                                                                                 ********************
********************                    Concentration tables                                         ********************
********************                                                                                 ********************
********************                                                                                 ********************
*************************************************************************************************************************
.
.
=========================================================================================================================
=   Nuclide concentrations in grams for case 'irrad' (#1/2)                                                             =
-------------------------------------------------------------------------------------------------------------------------
  (relative cutoff; integral of concentrations over time >   1.00E-06 % of integral of all concentrations over time)
.
                   0.000d    550.000d   
  he-4         0.0000E+00  1.7072E-01
  u-234        0.0000E+00  4.0502E-01
  u-235        3.5000E+04  2.9469E+04
  u-236        0.0000E+00  1.0114E+03
  u-237        0.0000E+00  7.5315E-01
  u-238        9.6500E+05  9.6184E+05
  u-239        0.0000E+00  1.2092E-01
  np-237       0.0000E+00  2.7651E+01
  np-239       0.0000E+00  1.7487E+01
  pu-238       0.0000E+00  1.3499E+00
  pu-239       0.0000E+00  2.1434E+03
  pu-240       0.0000E+00  1.9148E+02
  pu-241       0.0000E+00  4.6937E+01
  pu-242       0.0000E+00  1.7280E+00
  am-241       0.0000E+00  8.6265E-01
  am-243       0.0000E+00  3.6972E-02
  cm-242       0.0000E+00  4.2078E-02
  ge-76        0.0000E+00  5.3999E-02
  se-77        0.0000E+00  1.3531E-01
  se-78        0.0000E+00  3.6204E-01
  se-79        0.0000E+00  7.8887E-01
  se-80        0.0000E+00  2.1836E+00
  br-81        0.0000E+00  3.5460E+00
  se-82        0.0000E+00  5.7050E+00
  kr-83        0.0000E+00  9.1617E+00
  kr-84        0.0000E+00  1.8105E+01
  kr-85        0.0000E+00  4.7783E+00
  rb-85        0.0000E+00  1.8388E+01
  kr-86        0.0000E+00  3.5022E+01
  rb-87        0.0000E+00  4.6177E+01
  sr-88        0.0000E+00  6.4754E+01
  sr-89        0.0000E+00  1.0946E+01
  y-89         0.0000E+00  7.6196E+01
  sr-90        0.0000E+00  1.0505E+02
  y-90         0.0000E+00  2.6873E-02
  zr-90        0.0000E+00  1.9522E+00
  sr-91        0.0000E+00  1.1110E-01
  y-91         0.0000E+00  1.6397E+01
  zr-91        0.0000E+00  9.4059E+01
  sr-92        0.0000E+00  3.2687E-02
  y-92         0.0000E+00  4.3191E-02
  zr-92        0.0000E+00  1.1642E+02
  y-93         0.0000E+00  1.3509E-01
  zr-93        0.0000E+00  1.2523E+02
  zr-94        0.0000E+00  1.2988E+02
  zr-95        0.0000E+00  2.1990E+01
  nb-95        0.0000E+00  1.2003E+01
  mo-95        0.0000E+00  1.1008E+02
  zr-96        0.0000E+00  1.3303E+02
  mo-96        0.0000E+00  7.1474E-01
  zr-97        0.0000E+00  2.3152E-01
  mo-97        0.0000E+00  1.2780E+02
  mo-98        0.0000E+00  1.2700E+02
  mo-99        0.0000E+00  9.7313E-01
  tc-99        0.0000E+00  1.3234E+02
  tc-99m       0.0000E+00  7.7906E-02
  mo-100       0.0000E+00  1.4168E+02
  ru-100       0.0000E+00  1.8997E+00
  ru-101       0.0000E+00  1.1888E+02
  ru-102       0.0000E+00  1.0467E+02
  ru-103       0.0000E+00  9.0079E+00
  rh-103       0.0000E+00  6.9614E+01
  ru-104       0.0000E+00  5.5963E+01
  pd-104       0.0000E+00  4.1470E+00
  ru-105       0.0000E+00  2.1008E-02
  rh-105       0.0000E+00  1.6433E-01
  pd-105       0.0000E+00  3.4780E+01
  ru-106       0.0000E+00  1.3309E+01
  pd-106       0.0000E+00  7.6670E+00
  pd-107       0.0000E+00  1.1573E+01
  pd-108       0.0000E+00  6.3617E+00
  ag-109       0.0000E+00  3.9454E+00
  pd-110       0.0000E+00  2.1847E+00
  cd-110       0.0000E+00  1.9828E-01
  ag-111       0.0000E+00  3.3217E-02
  cd-111       0.0000E+00  1.1946E+00
  cd-112       0.0000E+00  7.7930E-01
  cd-113       0.0000E+00  6.7741E-02
  cd-114       0.0000E+00  1.1813E+00
  in-115       0.0000E+00  4.4615E-01
  sn-115       0.0000E+00  2.5786E-02
  cd-116       0.0000E+00  5.6302E-01
  sn-116       0.0000E+00  7.5733E-02
  sn-117       0.0000E+00  5.3066E-01
  sn-118       0.0000E+00  5.2112E-01
  sn-119       0.0000E+00  5.2706E-01
  sn-120       0.0000E+00  5.4023E-01
  sn-121m      0.0000E+00  3.9397E-02
  sb-121       0.0000E+00  5.3014E-01
  sn-122       0.0000E+00  6.6308E-01
  sn-123       0.0000E+00  2.0067E-02
  sb-123       0.0000E+00  6.6530E-01
  sn-124       0.0000E+00  1.0581E+00
  sb-125       0.0000E+00  1.1160E+00
  te-125       0.0000E+00  2.0175E-01
  sn-126       0.0000E+00  2.1176E+00
  te-126       0.0000E+00  6.6737E-02
  sb-127       0.0000E+00  6.1677E-02
  te-127m      0.0000E+00  2.1267E-01
  i-127        0.0000E+00  5.0067E+00
  te-128       0.0000E+00  1.1214E+01
  xe-128       0.0000E+00  3.4487E-02
  te-129m      0.0000E+00  2.9266E-01
  i-129        0.0000E+00  1.8345E+01
  te-130       0.0000E+00  5.4241E+01
  xe-130       0.0000E+00  1.0101E-01
  te-131m      0.0000E+00  5.2570E-02
  i-131        0.0000E+00  1.8799E+00
  xe-131       0.0000E+00  8.1912E+01
  xe-131m      0.0000E+00  3.0540E-02
  te-132       0.0000E+00  1.1044E+00
  i-132        0.0000E+00  3.3343E-02
  xe-132       0.0000E+00  1.3423E+02
  i-133        0.0000E+00  4.5342E-01
  xe-133       0.0000E+00  2.7452E+00
  xe-133m      0.0000E+00  3.3753E-02
  cs-133       0.0000E+00  1.9305E+02
  i-134        0.0000E+00  2.2093E-02
  xe-134       0.0000E+00  2.3442E+02
  cs-134       0.0000E+00  3.0051E+00
  ba-134       0.0000E+00  5.2912E-01
  i-135        0.0000E+00  1.3729E-01
  xe-135       0.0000E+00  1.2258E-01
  cs-135       0.0000E+00  1.2136E+02
  xe-136       0.0000E+00  2.7288E+02
  cs-136       0.0000E+00  4.3729E-02
  ba-136       0.0000E+00  7.8740E-01
  cs-137       0.0000E+00  1.8667E+02
  ba-137       0.0000E+00  3.2701E+00
  ba-138       0.0000E+00  2.0478E+02
  ba-139       0.0000E+00  2.9263E-02
  la-139       0.0000E+00  1.9528E+02
  ba-140       0.0000E+00  6.3122E+00
  la-140       0.0000E+00  8.3416E-01
  ce-140       0.0000E+00  1.8485E+02
  la-141       0.0000E+00  7.6931E-02
  ce-141       0.0000E+00  1.5288E+01
  pr-141       0.0000E+00  1.6648E+02
  la-142       0.0000E+00  2.9524E-02
  ce-142       0.0000E+00  1.8073E+02
  nd-142       0.0000E+00  3.6541E-01
  ce-143       0.0000E+00  6.4986E-01
  pr-143       0.0000E+00  6.3987E+00
  nd-143       0.0000E+00  1.7010E+02
  ce-144       0.0000E+00  9.3370E+01
  nd-144       0.0000E+00  8.4119E+01
  pr-145       0.0000E+00  7.9803E-02
  nd-145       0.0000E+00  1.2265E+02
  nd-146       0.0000E+00  9.8705E+01
  nd-147       0.0000E+00  2.0935E+00
  pm-147       0.0000E+00  5.4049E+01
  sm-147       0.0000E+00  1.1497E+01
  nd-148       0.0000E+00  5.6255E+01
  pm-148       0.0000E+00  7.7594E-02
  pm-148m      0.0000E+00  2.5834E-01
  sm-148       0.0000E+00  4.5290E+00
  pm-149       0.0000E+00  2.3273E-01
  sm-149       0.0000E+00  2.0340E+00
  nd-150       0.0000E+00  2.3932E+01
  sm-150       0.0000E+00  3.6410E+01
  pm-151       0.0000E+00  5.1286E-02
  sm-151       0.0000E+00  6.7217E+00
  eu-151       0.0000E+00  2.4254E-02
  sm-152       0.0000E+00  1.7752E+01
  sm-153       0.0000E+00  6.2138E-02
  eu-153       0.0000E+00  8.1141E+00
  sm-154       0.0000E+00  3.3949E+00
  eu-154       0.0000E+00  5.5458E-01
  gd-154       0.0000E+00  2.2553E-02
  eu-155       0.0000E+00  7.1023E-01
  gd-155       0.0000E+00  2.0272E-02
  eu-156       0.0000E+00  1.2173E-01
  gd-156       0.0000E+00  2.0537E+00
  gd-157       0.0000E+00  2.3803E-02
  gd-158       0.0000E+00  7.6566E-01
  tb-159       0.0000E+00  1.1402E-01
  gd-160       0.0000E+00  4.8687E-02
------------
  totals       1.0000E+06  1.0000E+06
=========================================================================================================================
.
.
=========================================================================================================================
=   History overview for case 'decay' (#2/2)                                                                            =
-------------------------------------------------------------------------------------------------------------------------
   step          t0          t1          dt           t        flux     fluence       power      energy
    (-)         (y)         (y)         (s)         (s)   (n/cm2-s)     (n/cm2)        (MW)       (MWd)
      1      1.5057      2.5057  3.1560E+07  7.9080E+07  0.0000E+00  3.3205E+21  0.0000E+00  4.9495E+03
          
              step - step index within this case
                t0 - time at beginning-of-step in input units
                t1 - time at end-of-step in input units
                dt - length of step in seconds
                 t - end-of-step cumulative time in seconds
              flux - flux in neutrons/cm^2-sec (CALCULATED)
           fluence - cumulative end-of-step fluence in neutrons/cm^2 (CALCULATED)
             power - power in mega-watts (INPUT)     
            energy - cumulative end-of-step energy released in mega-watt-days (INPUT)     
=========================================================================================================================
.
.
.
.
.
*************************************************************************************************************************
********************                                                                                 ********************
********************                                                                                 ********************
********************                    Library information                                          ********************
********************                                                                                 ********************
********************                                                                                 ********************
*************************************************************************************************************************
.
.
=========================================================================================================================
=   Library summary for case 'decay' (#2/2)                                                                             =
-------------------------------------------------------------------------------------------------------------------------
filename: C:/Users/Teddy/AppData/Local/Temp/scale.Teddy.5192/w17x17_100d.f33 cross-section data taken from position number: 1
library title delimited by {}: 
{}
date library was produced: 538976288/538976288/538976288
total number of nuclides in library: 2237
number of light-element nuclides: 910
number of actinide nuclides: 176
number of fission product nuclides: 1151
number of nonzero off-diagonal matrix elements: 54564
=========================================================================================================================
.
.
*************************************************************************************************************************
********************                                                                                 ********************
********************                                                                                 ********************
********************                    Concentration tables                                         ********************
********************                                                                                 ********************
********************                                                                                 ********************
*************************************************************************************************************************
.
.
=========================================================================================================================
=   Nuclide concentrations in grams for case 'decay' (#2/2)                                                             =
-------------------------------------------------------------------------------------------------------------------------
  (relative cutoff; integral of concentrations over time >   1.00E-06 % of integral of all concentrations over time)
.
                   1.506y      2.506y   
  he-4         1.7072E-01  1.7289E-01
  u-234        4.0502E-01  4.1591E-01
  u-235        2.9469E+04  2.9469E+04
  u-236        1.0114E+03  1.0114E+03
  u-237        7.5315E-01  1.3950E-06
  u-238        9.6184E+05  9.6184E+05
  u-239        1.2092E-01  0.0000E+00
  np-237       2.7651E+01  2.8408E+01
  np-239       1.7487E+01  3.1905E-08
  pu-238       1.3499E+00  1.3897E+00
  pu-239       2.1434E+03  2.1610E+03
  pu-240       1.9148E+02  1.9146E+02
  pu-241       4.6937E+01  4.4715E+01
  pu-242       1.7280E+00  1.7281E+00
  am-241       8.6265E-01  3.0820E+00
  am-243       3.6972E-02  3.7064E-02
  cm-242       4.2078E-02  9.0118E-03
  as-75        1.9248E-02  1.9251E-02
  ge-76        5.3999E-02  5.4000E-02
  se-77        1.3531E-01  1.3605E-01
  se-78        3.6204E-01  3.6216E-01
  se-79        7.8887E-01  7.8889E-01
  se-80        2.1836E+00  2.1836E+00
  br-81        3.5460E+00  3.5462E+00
  se-82        5.7050E+00  5.7050E+00
  kr-82        1.4150E-02  1.4253E-02
  kr-83        9.1617E+00  9.1662E+00
  kr-84        1.8105E+01  1.8106E+01
  kr-85        4.7783E+00  4.4822E+00
  rb-85        1.8388E+01  1.8695E+01
  kr-86        3.5022E+01  3.5023E+01
  rb-87        4.6177E+01  4.6183E+01
  sr-88        6.4754E+01  6.4775E+01
  sr-89        1.0946E+01  7.2981E-02
  y-89         7.6196E+01  8.7071E+01
  sr-90        1.0505E+02  1.0256E+02
  y-90         2.6873E-02  2.6015E-02
  zr-90        1.9522E+00  4.4523E+00
  sr-91        1.1110E-01  0.0000E+00
  y-91         1.6397E+01  2.1804E-01
  zr-91        9.4059E+01  1.1035E+02
  sr-92        3.2687E-02  0.0000E+00
  y-92         4.3191E-02  0.0000E+00
  zr-92        1.1642E+02  1.1650E+02
  y-93         1.3509E-01  0.0000E+00
  zr-93        1.2523E+02  1.2536E+02
  zr-94        1.2988E+02  1.2988E+02
  zr-95        2.1990E+01  4.2169E-01
  nb-95        1.2003E+01  5.1374E-01
  mo-95        1.1008E+02  1.4317E+02
  zr-96        1.3303E+02  1.3303E+02
  mo-96        7.1474E-01  7.1497E-01
  zr-97        2.3152E-01  0.0000E+00
  mo-97        1.2780E+02  1.2805E+02
  mo-98        1.2700E+02  1.2700E+02
  mo-99        9.7313E-01  0.0000E+00
  tc-99        1.3234E+02  1.3339E+02
  tc-99m       7.7906E-02  0.0000E+00
  mo-100       1.4168E+02  1.4168E+02
  ru-100       1.8997E+00  1.8997E+00
  ru-101       1.1888E+02  1.1888E+02
  ru-102       1.0467E+02  1.0467E+02
  ru-103       9.0079E+00  1.4219E-02
  rh-103       6.9614E+01  7.8617E+01
  ru-104       5.5963E+01  5.5965E+01
  pd-104       4.1470E+00  4.1470E+00
  ru-105       2.1008E-02  0.0000E+00
  rh-105       1.6433E-01  0.0000E+00
  pd-105       3.4780E+01  3.4966E+01
  ru-106       1.3309E+01  6.7355E+00
  pd-106       7.6670E+00  1.4240E+01
  pd-107       1.1573E+01  1.1573E+01
  pd-108       6.3617E+00  6.3618E+00
  ag-109       3.9454E+00  3.9555E+00
  pd-110       2.1847E+00  2.1847E+00
  cd-110       1.9828E-01  2.0215E-01
  ag-111       3.3217E-02  5.7887E-17
  cd-111       1.1946E+00  1.2279E+00
  cd-112       7.7930E-01  7.8189E-01
  cd-113       6.7741E-02  6.8047E-02
  cd-114       1.1813E+00  1.1813E+00
  in-115       4.4615E-01  4.5356E-01
  sn-115       2.5786E-02  2.5969E-02
  cd-116       5.6302E-01  5.6303E-01
  sn-116       7.5733E-02  7.5742E-02
  sn-117       5.3066E-01  5.3100E-01
  sn-118       5.2112E-01  5.2117E-01
  sn-119       5.2706E-01  5.3289E-01
  sn-120       5.4023E-01  5.4023E-01
  sn-121m      3.9397E-02  3.8779E-02
  sb-121       5.3014E-01  5.3246E-01
  sn-122       6.6308E-01  6.6308E-01
  sn-123       2.0067E-02  2.8274E-03
  sb-123       6.6530E-01  6.8259E-01
  sn-124       1.0581E+00  1.0581E+00
  sb-125       1.1160E+00  8.7965E-01
  te-125       2.0175E-01  4.5324E-01
  te-125m      1.2554E-02  1.2225E-02
  sn-126       2.1176E+00  2.1176E+00
  te-126       6.6737E-02  6.7673E-02
  sb-127       6.1677E-02  0.0000E+00
  te-127m      2.1267E-01  2.1887E-02
  i-127        5.0067E+00  5.2658E+00
  te-128       1.1214E+01  1.1216E+01
  xe-128       3.4487E-02  3.4491E-02
  te-129m      2.9266E-01  1.5701E-04
  i-129        1.8345E+01  1.8649E+01
  te-130       5.4241E+01  5.4243E+01
  xe-130       1.0101E-01  1.0126E-01
  te-131m      5.2570E-02  0.0000E+00
  i-131        1.8799E+00  3.8746E-14
  xe-131       8.1912E+01  8.3882E+01
  xe-131m      3.0540E-02  4.9589E-11
  te-132       1.1044E+00  0.0000E+00
  i-132        3.3343E-02  0.0000E+00
  xe-132       1.3423E+02  1.3537E+02
  i-133        4.5342E-01  0.0000E+00
  xe-133       2.7452E+00  3.5919E-21
  xe-133m      3.3753E-02  0.0000E+00
  cs-133       1.9305E+02  1.9629E+02
  i-134        2.2093E-02  0.0000E+00
  xe-134       2.3442E+02  2.3446E+02
  cs-134       3.0051E+00  2.1484E+00
  ba-134       5.2912E-01  1.3860E+00
  i-135        1.3729E-01  0.0000E+00
  xe-135       1.2258E-01  0.0000E+00
  cs-135       1.2136E+02  1.2162E+02
  xe-136       2.7288E+02  2.7288E+02
  cs-136       4.3729E-02  1.9280E-10
  ba-136       7.8740E-01  8.3112E-01
  cs-137       1.8667E+02  1.8242E+02
  ba-137       3.2701E+00  7.5229E+00
  ba-138       2.0478E+02  2.0479E+02
  ba-139       2.9263E-02  0.0000E+00
  la-139       1.9528E+02  1.9532E+02
  ba-140       6.3122E+00  1.5062E-08
  la-140       8.3416E-01  2.2829E-09
  ce-140       1.8485E+02  1.9199E+02
  la-141       7.6931E-02  0.0000E+00
  ce-141       1.5288E+01  6.3701E-03
  pr-141       1.6648E+02  1.8184E+02
  la-142       2.9524E-02  0.0000E+00
  ce-142       1.8073E+02  1.8076E+02
  nd-142       3.6541E-01  3.6695E-01
  ce-143       6.4986E-01  0.0000E+00
  pr-143       6.3987E+00  5.6197E-08
  nd-143       1.7010E+02  1.7715E+02
  ce-144       9.3370E+01  3.8394E+01
  nd-144       8.4119E+01  1.3910E+02
  pr-145       7.9803E-02  0.0000E+00
  nd-145       1.2265E+02  1.2273E+02
  nd-146       9.8705E+01  9.8711E+01
  nd-147       2.0935E+00  2.0261E-10
  pm-147       5.4049E+01  4.3126E+01
  sm-147       1.1497E+01  2.4516E+01
  nd-148       5.6255E+01  5.6255E+01
  pm-148       7.7594E-02  3.5218E-06
  pm-148m      2.5834E-01  5.6114E-04
  sm-148       4.5290E+00  4.8643E+00
  pm-149       2.3273E-01  0.0000E+00
  sm-149       2.0340E+00  2.2740E+00
  nd-150       2.3932E+01  2.3932E+01
  sm-150       3.6410E+01  3.6410E+01
  pm-151       5.1286E-02  0.0000E+00
  sm-151       6.7217E+00  6.7214E+00
  eu-151       2.4254E-02  7.6223E-02
  sm-152       1.7752E+01  1.7753E+01
  sm-153       6.2138E-02  0.0000E+00
  eu-153       8.1141E+00  8.1764E+00
  sm-154       3.3949E+00  3.3949E+00
  eu-154       5.5458E-01  5.1164E-01
  gd-154       2.2553E-02  6.5489E-02
  eu-155       7.1023E-01  6.1392E-01
  gd-155       2.0272E-02  1.1667E-01
  eu-156       1.2173E-01  7.0955E-09
  gd-156       2.0537E+00  2.1767E+00
  gd-157       2.3803E-02  2.4942E-02
  gd-158       7.6566E-01  7.6569E-01
  tb-159       1.1402E-01  1.1437E-01
  gd-160       4.8687E-02  4.8687E-02
  dy-161       1.9068E-02  1.9675E-02
------------
  totals       1.0000E+06  1.0000E+06
=========================================================================================================================
.
.
*************************************************************************************************************************
********************                                                                                 ********************
********************                                                                                 ********************
********************                    Written F71 File Information                                 ********************
********************                                                                                 ********************
********************                                                                                 ********************
*************************************************************************************************************************
.
.
   pos         time        power         flux      fluence       energy libpos   case   step DCGNAB
   (-)          (s)         (MW)    (n/cm2-s)      (n/cm2)        (MWd)    (-)    (-)    (-)    (-)
     1  4.75200e+07  0.00000e+00  0.00000e+00  3.32049e+21  4.94950e+03      1      2      0 DC----
     2  7.90800e+07  0.00000e+00  0.00000e+00  3.32049e+21  4.94950e+03      1      2      1 DC----
    D - state definition present
    C - concentrations present
    G - gamma emission spectra present
    N - neutron emission spectra present
    A - alpha emission spectra present
    B - beta emission spectra present
.
.
.
=========================================================================================================================
ORIGEN finished successfully.
=========================================================================================================================
    module origen used 0.479513 seconds cpu time for the current pass.

    module origen is finished. completion code    0. total cpu time used 1.21299e-005 seconds.


    SCALE is finished on Wed Feb 13 18:33:25 2019.
-------------------------- Summary --------------------------
arp finished. used 1.88614 seconds.
origen finished. used 0.485057 seconds.
SCALE driver required a maximum of 8.301 MiB of RAM.
------------------------ End Summary ------------------------

w17x17_100d.f33 copied to C:\Users\Teddy\Desktop\scale_test\output\w17x17_100d.f33.
discharge.f71 copied to C:\Users\Teddy\Desktop\scale_test\output\discharge.f71.
