 *******************************************************************************
 *                                                                             *
 *                                 SCALE 6.2.2                                 *
 *                                -------------                                *
 *                                February 2019                                *
 *                                                                             *
 *           SCALE:  A Comprehensive Modeling and Simulation Suite             *
 *                   for Nuclear Safety Analysis and Design                    *
 *                                                                             *
 *                      Reactor and Nuclear Systems Division                   *
 *                        Oak Ridge National Laboratory                        *
 *                                                                             *
 *                           http://scale.ornl.gov                             *
 *                            scalehelp@ornl.gov                               *
 *                                                                             *
 *******************************************************************************
 *******************************************************************************
      
                  Job Information
                  ---------------
      Job started on DESKTOP-J14NAA6 on Wed 13/02/2019 18:33:19
      Working directory: C:\Users\Teddy\AppData\Local\Temp\scale.Teddy.7376
      Input file name  : C:\Users\Teddy\Desktop\scale_test\output\3.500000_4242.424242.inp
      Output file name : C:\Users\Teddy\Desktop\scale_test\output\3.500000_4242.424242.out
      SCALE executable : C:\SCALE-6.2.2/bin/scale
      
 *******************************************************************************


    module arp will be called on Wed Feb 13 18:33:19 2019.
    sequence specification record:=arp
Input Data:

      'library type
      w17x17
      3.500000
      ' num cycles
      1
      ' num days per cycle
      550
      ' cycle average specific power (MW / MTU)
      7.713499
      ' number of interpolated cross section sets generated per cycle
      1
      ' moderator density (g/cc)
      0.723
      ' interpolated output ORIGEN library
      w17x17_100d.f33
end

1






        ************************************************************************************************************************
        ************************************************************************************************************************
        ************************************************************************************************************************
        *****                                                                                                              *****
        *****                                       program verification information                                       *****
        *****                                                                                                              *****
        *****                                   code system:  SCALE    version:  6.2                                       *****
        *****                                                                                                              *****
        ************************************************************************************************************************
        ************************************************************************************************************************
        *****                                                                                                              *****
        *****                                                                                                              *****
        *****              program:  arp.exe                                                                               *****
        *****                                                                                                              *****
        *****        creation date:   unknown                                                                              *****
        *****                                                                                                              *****
        *****              library:  C:\SCALE-6.2.2\bin                                                                    *****
        *****                                                                                                              *****
        *****                                                                                                              *****
        *****            prod code:  arp.exe                                                                               *****
        *****                                                                                                              *****
        *****              version:  6.2.2                                                                                 *****
        *****                                                                                                              *****
        *****              jobname:  Teddy                                                                                 *****
        *****                                                                                                              *****
        *****         machine name:  DESKTOP-J14NAA6                                                                       *****
        *****                                                                                                              *****
        *****    date of execution:  13_feb_2019                                                                           *****
        *****                                                                                                              *****
        *****    time of execution:  18:33:20.19                                                                           *****
        *****                                                                                                              *****
        *****                                                                                                              *****
        ************************************************************************************************************************
        ************************************************************************************************************************
        ************************************************************************************************************************


 'library type
    data library:       w17x17
       directory:       C:/SCALE-6.2.2/data/\arplibs
       definition:      C:/SCALE-6.2.2/data/\arpdata.txt
    u-235 enrichment:                        3.500

 ' num cycles
    number of cycles:                            1

 ' num days per cycle

 ' cycle average specific power (MW / MTU)

 ' number of interpolated cross section sets generated per cycle

 ' moderator density (g/cc)
    water density (g/cm3):                  0.7230
                                         cycle        cumulative      midpoint
   cycle time(d)        power(MW)      burnup(MWd/MTU)burnup(MWd/MTU)burnup(MWd/MTU)nlib
     1    550.000        7.71350        4242.42        4242.42        2121.21             1

 ' interpolated output ORIGEN library
    interpolated library name:                   w17x17_100d.f33
 interpolation type: spline
 Cross section library interpolation completed.
.
.
.
=========================================================================================================================
ARP finished successfully.
=========================================================================================================================
    module arp used 2.07526 seconds cpu time for the current pass.

    module arp is finished. completion code    0. total cpu time used 1.02637e-005 seconds.



    module origen will be called on Wed Feb 13 18:33:22 2019.
    sequence specification record:=origen
Input Data:

      case(irrad) {
          lib{
              file="w17x17_100d.f33" pos=1
          }
          mat {
              units=GRAMS
              iso=[u235=35000.000000 u238=965000.000000]
          }
          time = [ 550 ]
          power = [ 7.713499 ]
      }
      case (decay) {
          time {
              units=YEARS
              start=0
              t=[1]
          }
          save{ file="discharge.f71" steps=[0 LAST]}
      }
end

1






        ************************************************************************************************************************
        ************************************************************************************************************************
        ************************************************************************************************************************
        *****                                                                                                              *****
        *****                                       program verification information                                       *****
        *****                                                                                                              *****
        *****                                   code system:  SCALE    version:  6.2                                       *****
        *****                                                                                                              *****
        ************************************************************************************************************************
        ************************************************************************************************************************
        *****                                                                                                              *****
        *****                                                                                                              *****
        *****              program:  origen.exe                                                                            *****
        *****                                                                                                              *****
        *****        creation date:   unknown                                                                              *****
        *****                                                                                                              *****
        *****              library:  C:\SCALE-6.2.2\bin                                                                    *****
        *****                                                                                                              *****
        *****                                                                                                              *****
        *****            prod code:  origen.exe                                                                            *****
        *****                                                                                                              *****
        *****              version:  6.2.2                                                                                 *****
        *****                                                                                                              *****
        *****              jobname:  Teddy                                                                                 *****
        *****                                                                                                              *****
        *****         machine name:  DESKTOP-J14NAA6                                                                       *****
        *****                                                                                                              *****
        *****    date of execution:  13_feb_2019                                                                           *****
        *****                                                                                                              *****
        *****    time of execution:  18:33:22.20                                                                           *****
        *****                                                                                                              *****
        *****                                                                                                              *****
        ************************************************************************************************************************
        ************************************************************************************************************************
        ************************************************************************************************************************

*************************************************************************************************************************
********************                                                                                 ********************
********************                                                                                 ********************
********************                    USER INPUT SUMMARY                                           ********************
********************                                                                                 ********************
********************                                                                                 ********************
*************************************************************************************************************************
.
.
=========================================================================================================================
=   Case "irrad" (#1/2)                                                                                                 =
-------------------------------------------------------------------------------------------------------------------------
###   Library settings                                                                                                ###
.
                                Library file name:     C:/Users/Teddy/AppData/Local/Temp/scale.Teddy.7376/w17x17_100d.f33
                             Library set position:              1
                 Fission product reaction removal:             no
-------------------------------------------------------------------------------------------------------------------------
###   Global settings                                                                                                 ###
.
                                           Solver:              MATREX
                                             Mode:        forward
                             Fixed fission energy:             no
-------------------------------------------------------------------------------------------------------------------------
###   Concentrations output options                                                                                   ###
.
                            High-precision output:             no
                                  Relative cutoff:            yes
                         Step for applying cutoff:       integral
.
                      light els.   actinides  fis.prods.       total
                       nuc    el   nuc    el   nuc    el   nuc    el             cutoff
gram-atoms                                                                    1.000E-06
grams                                                      **                 1.000E-06
curies                                                                        1.000E-06
watts                                                                         1.000E-06
gamma watts                                                                   1.000E-06
m3 air                                                                        1.000E-06
m3 water                                                                      1.000E-06
grams ppm                                                                     1.000E-06
atoms ppm                                                                     1.000E-06
atoms/barn-cm                                                                 1.000E-06
becquerels                                                                    1.000E-06
-------------------------------------------------------------------------------------------------------------------------
###   Additional output options                                                                                       ###
.
                                      Print k-inf:             no
           Nuclides for absorption fraction print:           none
                              Print fission rates:             no
            Step for sorting absorption fractions:              1
=========================================================================================================================
=   Case "decay" (#2/2)                                                                                                 =
-------------------------------------------------------------------------------------------------------------------------
###   Library settings                                                                                                ###
.
                                Library file name:     C:/Users/Teddy/AppData/Local/Temp/scale.Teddy.7376/w17x17_100d.f33
                             Library set position:              1
                 Fission product reaction removal:             no
-------------------------------------------------------------------------------------------------------------------------
###   Global settings                                                                                                 ###
.
                                           Solver:              MATREX
                                             Mode:        forward
                             Fixed fission energy:             no
-------------------------------------------------------------------------------------------------------------------------
###   Concentrations output options                                                                                   ###
.
                            High-precision output:             no
                                  Relative cutoff:            yes
                         Step for applying cutoff:       integral
.
                      light els.   actinides  fis.prods.       total
                       nuc    el   nuc    el   nuc    el   nuc    el             cutoff
gram-atoms                                                                    1.000E-06
grams                                                      **                 1.000E-06
curies                                                                        1.000E-06
watts                                                                         1.000E-06
gamma watts                                                                   1.000E-06
m3 air                                                                        1.000E-06
m3 water                                                                      1.000E-06
grams ppm                                                                     1.000E-06
atoms ppm                                                                     1.000E-06
atoms/barn-cm                                                                 1.000E-06
becquerels                                                                    1.000E-06
-------------------------------------------------------------------------------------------------------------------------
###   Additional output options                                                                                       ###
.
                                      Print k-inf:             no
           Nuclides for absorption fraction print:           none
                              Print fission rates:             no
            Step for sorting absorption fractions:              1
=========================================================================================================================
###   Blending information                                                                                            ###
.
  --- no blending requested in this job ---
=========================================================================================================================
.
.
=========================================================================================================================
=   History overview for case 'irrad' (#1/2)                                                                            =
-------------------------------------------------------------------------------------------------------------------------
   step          t0          t1          dt           t        flux     fluence       power      energy
    (-)         (d)         (d)         (s)         (s)   (n/cm2-s)     (n/cm2)        (MW)       (MWd)
      1      0.0000    550.0000  4.7520E+07  4.7520E+07  5.9632E+13  2.8337E+21  7.7135E+00  4.2424E+03
          
              step - step index within this case
                t0 - time at beginning-of-step in input units
                t1 - time at end-of-step in input units
                dt - length of step in seconds
                 t - end-of-step cumulative time in seconds
              flux - flux in neutrons/cm^2-sec (CALCULATED)
           fluence - cumulative end-of-step fluence in neutrons/cm^2 (CALCULATED)
             power - power in mega-watts (INPUT)     
            energy - cumulative end-of-step energy released in mega-watt-days (INPUT)     
=========================================================================================================================
.
.
.
.
.
*************************************************************************************************************************
********************                                                                                 ********************
********************                                                                                 ********************
********************                    Library information                                          ********************
********************                                                                                 ********************
********************                                                                                 ********************
*************************************************************************************************************************
.
.
=========================================================================================================================
=   Library summary for case 'irrad' (#1/2)                                                                             =
-------------------------------------------------------------------------------------------------------------------------
filename: C:/Users/Teddy/AppData/Local/Temp/scale.Teddy.7376/w17x17_100d.f33 cross-section data taken from position number: 1
library title delimited by {}: 
{}
date library was produced: 538976288/538976288/538976288
total number of nuclides in library: 2237
number of light-element nuclides: 910
number of actinide nuclides: 176
number of fission product nuclides: 1151
number of nonzero off-diagonal matrix elements: 54564
=========================================================================================================================
.
.
*************************************************************************************************************************
********************                                                                                 ********************
********************                                                                                 ********************
********************                    Concentration tables                                         ********************
********************                                                                                 ********************
********************                                                                                 ********************
*************************************************************************************************************************
.
.
=========================================================================================================================
=   Nuclide concentrations in grams for case 'irrad' (#1/2)                                                             =
-------------------------------------------------------------------------------------------------------------------------
  (relative cutoff; integral of concentrations over time >   1.00E-06 % of integral of all concentrations over time)
.
                   0.000d    550.000d   
  he-4         0.0000E+00  1.4594E-01
  u-234        0.0000E+00  3.4970E-01
  u-235        3.5000E+04  3.0203E+04
  u-236        0.0000E+00  8.7807E+02
  u-237        0.0000E+00  5.9121E-01
  u-238        9.6500E+05  9.6230E+05
  u-239        0.0000E+00  1.0328E-01
  np-237       0.0000E+00  2.2269E+01
  np-239       0.0000E+00  1.4937E+01
  pu-238       0.0000E+00  9.4053E-01
  pu-239       0.0000E+00  1.8986E+03
  pu-240       0.0000E+00  1.4907E+02
  pu-241       0.0000E+00  3.1670E+01
  pu-242       0.0000E+00  9.9161E-01
  am-241       0.0000E+00  5.8222E-01
  cm-242       0.0000E+00  2.4207E-02
  ge-76        0.0000E+00  4.6311E-02
  se-77        0.0000E+00  1.1621E-01
  se-78        0.0000E+00  3.1054E-01
  se-79        0.0000E+00  6.7658E-01
  se-80        0.0000E+00  1.8770E+00
  br-81        0.0000E+00  3.0443E+00
  se-82        0.0000E+00  4.9050E+00
  kr-83        0.0000E+00  7.9229E+00
  kr-84        0.0000E+00  1.5568E+01
  kr-85        0.0000E+00  4.1198E+00
  rb-85        0.0000E+00  1.5859E+01
  kr-86        0.0000E+00  3.0215E+01
  rb-87        0.0000E+00  3.9839E+01
  sr-88        0.0000E+00  5.5881E+01
  sr-89        0.0000E+00  9.5220E+00
  y-89         0.0000E+00  6.5670E+01
  sr-90        0.0000E+00  9.0675E+01
  y-90         0.0000E+00  2.3166E-02
  zr-90        0.0000E+00  1.6786E+00
  sr-91        0.0000E+00  9.6504E-02
  y-91         0.0000E+00  1.4211E+01
  zr-91        0.0000E+00  8.1048E+01
  sr-92        0.0000E+00  2.8348E-02
  y-92         0.0000E+00  3.7457E-02
  zr-92        0.0000E+00  1.0031E+02
  y-93         0.0000E+00  1.1691E-01
  zr-93        0.0000E+00  1.0779E+02
  zr-94        0.0000E+00  1.1169E+02
  zr-95        0.0000E+00  1.8948E+01
  nb-95        0.0000E+00  1.0344E+01
  mo-95        0.0000E+00  9.4638E+01
  zr-96        0.0000E+00  1.1427E+02
  mo-96        0.0000E+00  5.2580E-01
  zr-97        0.0000E+00  1.9919E-01
  mo-97        0.0000E+00  1.0964E+02
  mo-98        0.0000E+00  1.0882E+02
  mo-99        0.0000E+00  8.3527E-01
  tc-99        0.0000E+00  1.1360E+02
  tc-99m       0.0000E+00  6.6864E-02
  mo-100       0.0000E+00  1.2133E+02
  ru-100       0.0000E+00  1.3951E+00
  ru-101       0.0000E+00  1.0178E+02
  ru-102       0.0000E+00  8.9235E+01
  ru-103       0.0000E+00  7.5898E+00
  rh-103       0.0000E+00  5.9350E+01
  ru-104       0.0000E+00  4.7079E+01
  pd-104       0.0000E+00  3.0265E+00
  rh-105       0.0000E+00  1.3497E-01
  pd-105       0.0000E+00  2.8952E+01
  ru-106       0.0000E+00  1.0812E+01
  pd-106       0.0000E+00  6.2050E+00
  pd-107       0.0000E+00  9.2492E+00
  pd-108       0.0000E+00  4.9984E+00
  ag-109       0.0000E+00  3.0938E+00
  pd-110       0.0000E+00  1.7344E+00
  cd-110       0.0000E+00  1.3402E-01
  ag-111       0.0000E+00  2.6326E-02
  cd-111       0.0000E+00  9.6215E-01
  cd-112       0.0000E+00  6.4023E-01
  cd-113       0.0000E+00  6.4902E-02
  cd-114       0.0000E+00  9.7747E-01
  in-115       0.0000E+00  3.8431E-01
  sn-115       0.0000E+00  2.1762E-02
  cd-116       0.0000E+00  4.7350E-01
  sn-116       0.0000E+00  5.5527E-02
  sn-117       0.0000E+00  4.4709E-01
  sn-118       0.0000E+00  4.4083E-01
  sn-119       0.0000E+00  4.4659E-01
  sn-120       0.0000E+00  4.5791E-01
  sn-121m      0.0000E+00  3.3160E-02
  sb-121       0.0000E+00  4.4893E-01
  sn-122       0.0000E+00  5.6050E-01
  sb-123       0.0000E+00  5.6389E-01
  sn-124       0.0000E+00  8.9361E-01
  sb-125       0.0000E+00  9.3937E-01
  te-125       0.0000E+00  1.7055E-01
  sn-126       0.0000E+00  1.7795E+00
  te-126       0.0000E+00  5.6803E-02
  sb-127       0.0000E+00  5.1503E-02
  te-127m      0.0000E+00  1.8300E-01
  i-127        0.0000E+00  4.2275E+00
  te-128       0.0000E+00  9.4977E+00
  xe-128       0.0000E+00  2.4922E-02
  te-129m      0.0000E+00  2.4644E-01
  i-129        0.0000E+00  1.5524E+01
  te-130       0.0000E+00  4.6346E+01
  xe-130       0.0000E+00  7.4476E-02
  te-131m      0.0000E+00  4.4225E-02
  i-131        0.0000E+00  1.6055E+00
  xe-131       0.0000E+00  7.0421E+01
  xe-131m      0.0000E+00  2.6028E-02
  te-132       0.0000E+00  9.4516E-01
  i-132        0.0000E+00  2.8512E-02
  xe-132       0.0000E+00  1.1425E+02
  i-133        0.0000E+00  3.8906E-01
  xe-133       0.0000E+00  2.3554E+00
  xe-133m      0.0000E+00  2.8882E-02
  cs-133       0.0000E+00  1.6576E+02
  xe-134       0.0000E+00  2.0092E+02
  cs-134       0.0000E+00  2.2070E+00
  ba-134       0.0000E+00  3.8826E-01
  i-135        0.0000E+00  1.1779E-01
  xe-135       0.0000E+00  1.1115E-01
  cs-135       0.0000E+00  1.0997E+02
  xe-136       0.0000E+00  2.2735E+02
  cs-136       0.0000E+00  3.4082E-02
  ba-136       0.0000E+00  6.1790E-01
  cs-137       0.0000E+00  1.5986E+02
  ba-137       0.0000E+00  2.7984E+00
  ba-138       0.0000E+00  1.7566E+02
  ba-139       0.0000E+00  2.5180E-02
  la-139       0.0000E+00  1.6759E+02
  ba-140       0.0000E+00  5.4332E+00
  la-140       0.0000E+00  7.1766E-01
  ce-140       0.0000E+00  1.5851E+02
  la-141       0.0000E+00  6.6186E-02
  ce-141       0.0000E+00  1.3156E+01
  pr-141       0.0000E+00  1.4273E+02
  la-142       0.0000E+00  2.5428E-02
  ce-142       0.0000E+00  1.5510E+02
  nd-142       0.0000E+00  2.6799E-01
  ce-143       0.0000E+00  5.6074E-01
  pr-143       0.0000E+00  5.5221E+00
  nd-143       0.0000E+00  1.4696E+02
  ce-144       0.0000E+00  8.0361E+01
  nd-144       0.0000E+00  7.1380E+01
  pr-145       0.0000E+00  6.8819E-02
  nd-145       0.0000E+00  1.0558E+02
  nd-146       0.0000E+00  8.4515E+01
  nd-147       0.0000E+00  1.8015E+00
  pm-147       0.0000E+00  4.6946E+01
  sm-147       0.0000E+00  9.9798E+00
  nd-148       0.0000E+00  4.8183E+01
  pm-148       0.0000E+00  5.7940E-02
  pm-148m      0.0000E+00  2.0714E-01
  sm-148       0.0000E+00  3.4260E+00
  pm-149       0.0000E+00  1.9688E-01
  sm-149       0.0000E+00  2.0068E+00
  nd-150       0.0000E+00  2.0413E+01
  sm-150       0.0000E+00  3.0723E+01
  pm-151       0.0000E+00  4.3481E-02
  sm-151       0.0000E+00  6.2907E+00
  eu-151       0.0000E+00  2.4323E-02
  sm-152       0.0000E+00  1.4750E+01
  sm-153       0.0000E+00  4.8821E-02
  eu-153       0.0000E+00  6.6427E+00
  sm-154       0.0000E+00  2.8489E+00
  eu-154       0.0000E+00  4.0414E-01
  eu-155       0.0000E+00  6.3205E-01
  gd-155       0.0000E+00  2.0614E-02
  eu-156       0.0000E+00  9.5144E-02
  gd-156       0.0000E+00  1.6257E+00
  gd-157       0.0000E+00  2.2041E-02
  gd-158       0.0000E+00  6.1702E-01
  tb-159       0.0000E+00  9.1280E-02
  gd-160       0.0000E+00  3.8671E-02
------------
  totals       1.0000E+06  1.0000E+06
=========================================================================================================================
.
.
=========================================================================================================================
=   History overview for case 'decay' (#2/2)                                                                            =
-------------------------------------------------------------------------------------------------------------------------
   step          t0          t1          dt           t        flux     fluence       power      energy
    (-)         (y)         (y)         (s)         (s)   (n/cm2-s)     (n/cm2)        (MW)       (MWd)
      1      1.5057      2.5057  3.1560E+07  7.9080E+07  0.0000E+00  2.8337E+21  0.0000E+00  4.2424E+03
          
              step - step index within this case
                t0 - time at beginning-of-step in input units
                t1 - time at end-of-step in input units
                dt - length of step in seconds
                 t - end-of-step cumulative time in seconds
              flux - flux in neutrons/cm^2-sec (CALCULATED)
           fluence - cumulative end-of-step fluence in neutrons/cm^2 (CALCULATED)
             power - power in mega-watts (INPUT)     
            energy - cumulative end-of-step energy released in mega-watt-days (INPUT)     
=========================================================================================================================
.
.
.
.
.
*************************************************************************************************************************
********************                                                                                 ********************
********************                                                                                 ********************
********************                    Library information                                          ********************
********************                                                                                 ********************
********************                                                                                 ********************
*************************************************************************************************************************
.
.
=========================================================================================================================
=   Library summary for case 'decay' (#2/2)                                                                             =
-------------------------------------------------------------------------------------------------------------------------
filename: C:/Users/Teddy/AppData/Local/Temp/scale.Teddy.7376/w17x17_100d.f33 cross-section data taken from position number: 1
library title delimited by {}: 
{}
date library was produced: 538976288/538976288/538976288
total number of nuclides in library: 2237
number of light-element nuclides: 910
number of actinide nuclides: 176
number of fission product nuclides: 1151
number of nonzero off-diagonal matrix elements: 54564
=========================================================================================================================
.
.
*************************************************************************************************************************
********************                                                                                 ********************
********************                                                                                 ********************
********************                    Concentration tables                                         ********************
********************                                                                                 ********************
********************                                                                                 ********************
*************************************************************************************************************************
.
.
=========================================================================================================================
=   Nuclide concentrations in grams for case 'decay' (#2/2)                                                             =
-------------------------------------------------------------------------------------------------------------------------
  (relative cutoff; integral of concentrations over time >   1.00E-06 % of integral of all concentrations over time)
.
                   1.506y      2.506y   
  he-4         1.4594E-01  1.4761E-01
  u-234        3.4970E-01  3.5731E-01
  u-235        3.0203E+04  3.0203E+04
  u-236        8.7807E+02  8.7808E+02
  u-237        5.9121E-01  9.4127E-07
  u-238        9.6230E+05  9.6230E+05
  u-239        1.0328E-01  0.0000E+00
  np-237       2.2269E+01  2.2863E+01
  np-239       1.4937E+01  1.5574E-08
  pu-238       9.4053E-01  9.6413E-01
  pu-239       1.8986E+03  1.9136E+03
  pu-240       1.4907E+02  1.4906E+02
  pu-241       3.1670E+01  3.0170E+01
  pu-242       9.9161E-01  9.9167E-01
  am-241       5.8222E-01  2.0797E+00
  am-243       1.8047E-02  1.8092E-02
  cm-242       2.4207E-02  5.1851E-03
  as-75        1.6459E-02  1.6462E-02
  ge-76        4.6311E-02  4.6311E-02
  se-77        1.1621E-01  1.1684E-01
  se-78        3.1054E-01  3.1064E-01
  se-79        6.7658E-01  6.7660E-01
  se-80        1.8770E+00  1.8770E+00
  br-81        3.0443E+00  3.0445E+00
  se-82        4.9050E+00  4.9050E+00
  kr-82        1.0521E-02  1.0598E-02
  kr-83        7.9229E+00  7.9268E+00
  kr-84        1.5568E+01  1.5569E+01
  kr-85        4.1198E+00  3.8646E+00
  rb-85        1.5859E+01  1.6124E+01
  kr-86        3.0215E+01  3.0215E+01
  rb-87        3.9839E+01  3.9845E+01
  sr-88        5.5881E+01  5.5900E+01
  sr-89        9.5220E+00  6.3489E-02
  y-89         6.5670E+01  7.5131E+01
  sr-90        9.0675E+01  8.8518E+01
  y-90         2.3166E-02  2.2454E-02
  zr-90        1.6786E+00  3.8365E+00
  sr-91        9.6504E-02  0.0000E+00
  y-91         1.4211E+01  1.8897E-01
  zr-91        8.1048E+01  9.5171E+01
  sr-92        2.8348E-02  0.0000E+00
  y-92         3.7457E-02  0.0000E+00
  zr-92        1.0031E+02  1.0038E+02
  y-93         1.1691E-01  0.0000E+00
  zr-93        1.0779E+02  1.0791E+02
  zr-94        1.1169E+02  1.1169E+02
  zr-95        1.8948E+01  3.6336E-01
  nb-95        1.0344E+01  4.4268E-01
  mo-95        9.4638E+01  1.2315E+02
  zr-96        1.1427E+02  1.1427E+02
  mo-96        5.2580E-01  5.2597E-01
  zr-97        1.9919E-01  0.0000E+00
  mo-97        1.0964E+02  1.0986E+02
  mo-98        1.0882E+02  1.0882E+02
  mo-99        8.3527E-01  0.0000E+00
  tc-99        1.1360E+02  1.1450E+02
  tc-99m       6.6864E-02  0.0000E+00
  mo-100       1.2133E+02  1.2133E+02
  ru-100       1.3951E+00  1.3951E+00
  ru-101       1.0178E+02  1.0179E+02
  ru-102       8.9235E+01  8.9237E+01
  ru-103       7.5898E+00  1.1981E-02
  rh-103       5.9350E+01  6.6935E+01
  ru-104       4.7079E+01  4.7081E+01
  pd-104       3.0265E+00  3.0265E+00
  rh-105       1.3497E-01  0.0000E+00
  pd-105       2.8952E+01  2.9105E+01
  ru-106       1.0812E+01  5.4721E+00
  pd-106       6.2050E+00  1.1545E+01
  pd-107       9.2492E+00  9.2498E+00
  pd-108       4.9984E+00  4.9984E+00
  ag-109       3.0938E+00  3.1015E+00
  pd-110       1.7344E+00  1.7344E+00
  cd-110       1.3402E-01  1.3665E-01
  ag-111       2.6326E-02  4.5877E-17
  cd-111       9.6215E-01  9.8854E-01
  cd-112       6.4023E-01  6.4232E-01
  cd-113       6.4902E-02  6.5154E-02
  cd-114       9.7747E-01  9.7747E-01
  in-115       3.8431E-01  3.9050E-01
  sn-115       2.1762E-02  2.1915E-02
  cd-116       4.7350E-01  4.7350E-01
  sn-116       5.5527E-02  5.5534E-02
  sn-117       4.4709E-01  4.4737E-01
  sn-118       4.4083E-01  4.4087E-01
  sn-119       4.4659E-01  4.5152E-01
  sn-120       4.5791E-01  4.5792E-01
  sn-121m      3.3160E-02  3.2640E-02
  sb-121       4.4893E-01  4.5088E-01
  sn-122       5.6050E-01  5.6050E-01
  sb-123       5.6389E-01  5.7784E-01
  sn-124       8.9361E-01  8.9361E-01
  sb-125       9.3937E-01  7.4024E-01
  te-125       1.7055E-01  3.8219E-01
  te-125m      1.0581E-02  1.0288E-02
  sn-126       1.7795E+00  1.7795E+00
  te-126       5.6803E-02  5.7593E-02
  sb-127       5.1503E-02  0.0000E+00
  te-127m      1.8300E-01  1.8806E-02
  i-127        4.2275E+00  4.4488E+00
  te-128       9.4977E+00  9.4996E+00
  xe-128       2.4922E-02  2.4924E-02
  te-129m      2.4644E-01  1.3221E-04
  i-129        1.5524E+01  1.5780E+01
  te-130       4.6346E+01  4.6348E+01
  xe-130       7.4476E-02  7.4657E-02
  te-131m      4.4225E-02  0.0000E+00
  i-131        1.6055E+00  3.3074E-14
  xe-131       7.0421E+01  7.2102E+01
  xe-131m      2.6028E-02  4.2308E-11
  te-132       9.4516E-01  0.0000E+00
  i-132        2.8512E-02  0.0000E+00
  xe-132       1.1425E+02  1.1522E+02
  i-133        3.8906E-01  0.0000E+00
  xe-133       2.3554E+00  3.0819E-21
  xe-133m      2.8882E-02  0.0000E+00
  cs-133       1.6576E+02  1.6855E+02
  xe-134       2.0092E+02  2.0096E+02
  cs-134       2.2070E+00  1.5778E+00
  ba-134       3.8826E-01  1.0176E+00
  i-135        1.1779E-01  0.0000E+00
  xe-135       1.1115E-01  0.0000E+00
  cs-135       1.0997E+02  1.1020E+02
  xe-136       2.2735E+02  2.2735E+02
  cs-136       3.4082E-02  1.5027E-10
  ba-136       6.1790E-01  6.5198E-01
  cs-137       1.5986E+02  1.5622E+02
  ba-137       2.7984E+00  6.4403E+00
  ba-138       1.7566E+02  1.7567E+02
  ba-139       2.5180E-02  0.0000E+00
  la-139       1.6759E+02  1.6762E+02
  ba-140       5.4332E+00  1.2965E-08
  la-140       7.1766E-01  1.9650E-09
  ce-140       1.5851E+02  1.6466E+02
  la-141       6.6186E-02  0.0000E+00
  ce-141       1.3156E+01  5.4816E-03
  pr-141       1.4273E+02  1.5596E+02
  la-142       2.5428E-02  0.0000E+00
  ce-142       1.5510E+02  1.5513E+02
  nd-142       2.6799E-01  2.6912E-01
  ce-143       5.6074E-01  0.0000E+00
  pr-143       5.5221E+00  4.8497E-08
  nd-143       1.4696E+02  1.5305E+02
  ce-144       8.0361E+01  3.3045E+01
  nd-144       7.1380E+01  1.1870E+02
  pr-145       6.8819E-02  0.0000E+00
  nd-145       1.0558E+02  1.0565E+02
  nd-146       8.4515E+01  8.4521E+01
  nd-147       1.8015E+00  1.7435E-10
  pm-147       4.6946E+01  3.7445E+01
  sm-147       9.9798E+00  2.1284E+01
  nd-148       4.8183E+01  4.8183E+01
  pm-148       5.7940E-02  2.8238E-06
  pm-148m      2.0714E-01  4.4992E-04
  sm-148       3.4260E+00  3.6906E+00
  pm-149       1.9688E-01  0.0000E+00
  sm-149       2.0068E+00  2.2099E+00
  nd-150       2.0413E+01  2.0413E+01
  sm-150       3.0723E+01  3.0724E+01
  pm-151       4.3481E-02  0.0000E+00
  sm-151       6.2907E+00  6.2859E+00
  eu-151       2.4323E-02  7.2925E-02
  sm-152       1.4750E+01  1.4750E+01
  sm-153       4.8821E-02  0.0000E+00
  eu-153       6.6427E+00  6.6917E+00
  sm-154       2.8489E+00  2.8489E+00
  eu-154       4.0414E-01  3.7284E-01
  gd-154       1.6472E-02  4.7760E-02
  eu-155       6.3205E-01  5.4634E-01
  gd-155       2.0614E-02  1.0640E-01
  eu-156       9.5144E-02  5.5479E-09
  gd-156       1.6257E+00  1.7218E+00
  gd-157       2.2041E-02  2.2948E-02
  gd-158       6.1702E-01  6.1704E-01
  tb-159       9.1280E-02  9.1553E-02
  gd-160       3.8671E-02  3.8671E-02
  dy-161       1.5116E-02  1.5586E-02
------------
  totals       1.0000E+06  1.0000E+06
=========================================================================================================================
.
.
*************************************************************************************************************************
********************                                                                                 ********************
********************                                                                                 ********************
********************                    Written F71 File Information                                 ********************
********************                                                                                 ********************
********************                                                                                 ********************
*************************************************************************************************************************
.
.
   pos         time        power         flux      fluence       energy libpos   case   step DCGNAB
   (-)          (s)         (MW)    (n/cm2-s)      (n/cm2)        (MWd)    (-)    (-)    (-)    (-)
     1  4.75200e+07  0.00000e+00  0.00000e+00  2.83373e+21  4.24242e+03      1      2      0 DC----
     2  7.90800e+07  0.00000e+00  0.00000e+00  2.83373e+21  4.24242e+03      1      2      1 DC----
    D - state definition present
    C - concentrations present
    G - gamma emission spectra present
    N - neutron emission spectra present
    A - alpha emission spectra present
    B - beta emission spectra present
.
.
.
=========================================================================================================================
ORIGEN finished successfully.
=========================================================================================================================
    module origen used 0.399346 seconds cpu time for the current pass.

    module origen is finished. completion code    0. total cpu time used 3.26573e-006 seconds.


    SCALE is finished on Wed Feb 13 18:33:22 2019.
-------------------------- Summary --------------------------
arp finished. used 2.11314 seconds.
origen finished. used 0.40501 seconds.
SCALE driver required a maximum of 8.27 MiB of RAM.
------------------------ End Summary ------------------------

w17x17_100d.f33 copied to C:\Users\Teddy\Desktop\scale_test\output\w17x17_100d.f33.
discharge.f71 copied to C:\Users\Teddy\Desktop\scale_test\output\discharge.f71.
