 *******************************************************************************
 *                                                                             *
 *                                 SCALE 6.2.2                                 *
 *                                -------------                                *
 *                                February 2019                                *
 *                                                                             *
 *           SCALE:  A Comprehensive Modeling and Simulation Suite             *
 *                   for Nuclear Safety Analysis and Design                    *
 *                                                                             *
 *                      Reactor and Nuclear Systems Division                   *
 *                        Oak Ridge National Laboratory                        *
 *                                                                             *
 *                           http://scale.ornl.gov                             *
 *                            scalehelp@ornl.gov                               *
 *                                                                             *
 *******************************************************************************
 *******************************************************************************
      
                  Job Information
                  ---------------
      Job started on DESKTOP-J14NAA6 on Wed 13/02/2019 18:33:10
      Working directory: C:\Users\Teddy\AppData\Local\Temp\scale.Teddy.6236
      Input file name  : C:\Users\Teddy\Desktop\scale_test\output\3.500000_2121.212121.inp
      Output file name : C:\Users\Teddy\Desktop\scale_test\output\3.500000_2121.212121.out
      SCALE executable : C:\SCALE-6.2.2/bin/scale
      
 *******************************************************************************


    module arp will be called on Wed Feb 13 18:33:10 2019.
    sequence specification record:=arp
Input Data:

      'library type
      w17x17
      3.500000
      ' num cycles
      1
      ' num days per cycle
      550
      ' cycle average specific power (MW / MTU)
      3.856749
      ' number of interpolated cross section sets generated per cycle
      1
      ' moderator density (g/cc)
      0.723
      ' interpolated output ORIGEN library
      w17x17_100d.f33
end

1






        ************************************************************************************************************************
        ************************************************************************************************************************
        ************************************************************************************************************************
        *****                                                                                                              *****
        *****                                       program verification information                                       *****
        *****                                                                                                              *****
        *****                                   code system:  SCALE    version:  6.2                                       *****
        *****                                                                                                              *****
        ************************************************************************************************************************
        ************************************************************************************************************************
        *****                                                                                                              *****
        *****                                                                                                              *****
        *****              program:  arp.exe                                                                               *****
        *****                                                                                                              *****
        *****        creation date:   unknown                                                                              *****
        *****                                                                                                              *****
        *****              library:  C:\SCALE-6.2.2\bin                                                                    *****
        *****                                                                                                              *****
        *****                                                                                                              *****
        *****            prod code:  arp.exe                                                                               *****
        *****                                                                                                              *****
        *****              version:  6.2.2                                                                                 *****
        *****                                                                                                              *****
        *****              jobname:  Teddy                                                                                 *****
        *****                                                                                                              *****
        *****         machine name:  DESKTOP-J14NAA6                                                                       *****
        *****                                                                                                              *****
        *****    date of execution:  13_feb_2019                                                                           *****
        *****                                                                                                              *****
        *****    time of execution:  18:33:10.79                                                                           *****
        *****                                                                                                              *****
        *****                                                                                                              *****
        ************************************************************************************************************************
        ************************************************************************************************************************
        ************************************************************************************************************************


 'library type
    data library:       w17x17
       directory:       C:/SCALE-6.2.2/data/\arplibs
       definition:      C:/SCALE-6.2.2/data/\arpdata.txt
    u-235 enrichment:                        3.500

 ' num cycles
    number of cycles:                            1

 ' num days per cycle

 ' cycle average specific power (MW / MTU)

 ' number of interpolated cross section sets generated per cycle

 ' moderator density (g/cc)
    water density (g/cm3):                  0.7230
                                         cycle        cumulative      midpoint
   cycle time(d)        power(MW)      burnup(MWd/MTU)burnup(MWd/MTU)burnup(MWd/MTU)nlib
     1    550.000        3.85675        2121.21        2121.21        1060.61             1

 ' interpolated output ORIGEN library
    interpolated library name:                   w17x17_100d.f33
 interpolation type: spline
 Cross section library interpolation completed.
.
.
.
=========================================================================================================================
ARP finished successfully.
=========================================================================================================================
    module arp used 1.81454 seconds cpu time for the current pass.

    module arp is finished. completion code    0. total cpu time used 1.02637e-005 seconds.



    module origen will be called on Wed Feb 13 18:33:12 2019.
    sequence specification record:=origen
Input Data:

      case(irrad) {
          lib{
              file="w17x17_100d.f33" pos=1
          }
          mat {
              units=GRAMS
              iso=[u235=35000.000000 u238=965000.000000]
          }
          time = [ 550 ]
          power = [ 3.856749 ]
      }
      case (decay) {
          time {
              units=YEARS
              start=0
              t=[1]
          }
          save{ file="discharge.f71" steps=[0 LAST]}
      }
end

1






        ************************************************************************************************************************
        ************************************************************************************************************************
        ************************************************************************************************************************
        *****                                                                                                              *****
        *****                                       program verification information                                       *****
        *****                                                                                                              *****
        *****                                   code system:  SCALE    version:  6.2                                       *****
        *****                                                                                                              *****
        ************************************************************************************************************************
        ************************************************************************************************************************
        *****                                                                                                              *****
        *****                                                                                                              *****
        *****              program:  origen.exe                                                                            *****
        *****                                                                                                              *****
        *****        creation date:   unknown                                                                              *****
        *****                                                                                                              *****
        *****              library:  C:\SCALE-6.2.2\bin                                                                    *****
        *****                                                                                                              *****
        *****                                                                                                              *****
        *****            prod code:  origen.exe                                                                            *****
        *****                                                                                                              *****
        *****              version:  6.2.2                                                                                 *****
        *****                                                                                                              *****
        *****              jobname:  Teddy                                                                                 *****
        *****                                                                                                              *****
        *****         machine name:  DESKTOP-J14NAA6                                                                       *****
        *****                                                                                                              *****
        *****    date of execution:  13_feb_2019                                                                           *****
        *****                                                                                                              *****
        *****    time of execution:  18:33:12.61                                                                           *****
        *****                                                                                                              *****
        *****                                                                                                              *****
        ************************************************************************************************************************
        ************************************************************************************************************************
        ************************************************************************************************************************

*************************************************************************************************************************
********************                                                                                 ********************
********************                                                                                 ********************
********************                    USER INPUT SUMMARY                                           ********************
********************                                                                                 ********************
********************                                                                                 ********************
*************************************************************************************************************************
.
.
=========================================================================================================================
=   Case "irrad" (#1/2)                                                                                                 =
-------------------------------------------------------------------------------------------------------------------------
###   Library settings                                                                                                ###
.
                                Library file name:     C:/Users/Teddy/AppData/Local/Temp/scale.Teddy.6236/w17x17_100d.f33
                             Library set position:              1
                 Fission product reaction removal:             no
-------------------------------------------------------------------------------------------------------------------------
###   Global settings                                                                                                 ###
.
                                           Solver:              MATREX
                                             Mode:        forward
                             Fixed fission energy:             no
-------------------------------------------------------------------------------------------------------------------------
###   Concentrations output options                                                                                   ###
.
                            High-precision output:             no
                                  Relative cutoff:            yes
                         Step for applying cutoff:       integral
.
                      light els.   actinides  fis.prods.       total
                       nuc    el   nuc    el   nuc    el   nuc    el             cutoff
gram-atoms                                                                    1.000E-06
grams                                                      **                 1.000E-06
curies                                                                        1.000E-06
watts                                                                         1.000E-06
gamma watts                                                                   1.000E-06
m3 air                                                                        1.000E-06
m3 water                                                                      1.000E-06
grams ppm                                                                     1.000E-06
atoms ppm                                                                     1.000E-06
atoms/barn-cm                                                                 1.000E-06
becquerels                                                                    1.000E-06
-------------------------------------------------------------------------------------------------------------------------
###   Additional output options                                                                                       ###
.
                                      Print k-inf:             no
           Nuclides for absorption fraction print:           none
                              Print fission rates:             no
            Step for sorting absorption fractions:              1
=========================================================================================================================
=   Case "decay" (#2/2)                                                                                                 =
-------------------------------------------------------------------------------------------------------------------------
###   Library settings                                                                                                ###
.
                                Library file name:     C:/Users/Teddy/AppData/Local/Temp/scale.Teddy.6236/w17x17_100d.f33
                             Library set position:              1
                 Fission product reaction removal:             no
-------------------------------------------------------------------------------------------------------------------------
###   Global settings                                                                                                 ###
.
                                           Solver:              MATREX
                                             Mode:        forward
                             Fixed fission energy:             no
-------------------------------------------------------------------------------------------------------------------------
###   Concentrations output options                                                                                   ###
.
                            High-precision output:             no
                                  Relative cutoff:            yes
                         Step for applying cutoff:       integral
.
                      light els.   actinides  fis.prods.       total
                       nuc    el   nuc    el   nuc    el   nuc    el             cutoff
gram-atoms                                                                    1.000E-06
grams                                                      **                 1.000E-06
curies                                                                        1.000E-06
watts                                                                         1.000E-06
gamma watts                                                                   1.000E-06
m3 air                                                                        1.000E-06
m3 water                                                                      1.000E-06
grams ppm                                                                     1.000E-06
atoms ppm                                                                     1.000E-06
atoms/barn-cm                                                                 1.000E-06
becquerels                                                                    1.000E-06
-------------------------------------------------------------------------------------------------------------------------
###   Additional output options                                                                                       ###
.
                                      Print k-inf:             no
           Nuclides for absorption fraction print:           none
                              Print fission rates:             no
            Step for sorting absorption fractions:              1
=========================================================================================================================
###   Blending information                                                                                            ###
.
  --- no blending requested in this job ---
=========================================================================================================================
.
.
=========================================================================================================================
=   History overview for case 'irrad' (#1/2)                                                                            =
-------------------------------------------------------------------------------------------------------------------------
   step          t0          t1          dt           t        flux     fluence       power      energy
    (-)         (d)         (d)         (s)         (s)   (n/cm2-s)     (n/cm2)        (MW)       (MWd)
      1      0.0000    550.0000  4.7520E+07  4.7520E+07  2.9406E+13  1.3974E+21  3.8567E+00  2.1212E+03
          
              step - step index within this case
                t0 - time at beginning-of-step in input units
                t1 - time at end-of-step in input units
                dt - length of step in seconds
                 t - end-of-step cumulative time in seconds
              flux - flux in neutrons/cm^2-sec (CALCULATED)
           fluence - cumulative end-of-step fluence in neutrons/cm^2 (CALCULATED)
             power - power in mega-watts (INPUT)     
            energy - cumulative end-of-step energy released in mega-watt-days (INPUT)     
=========================================================================================================================
.
.
.
.
.
*************************************************************************************************************************
********************                                                                                 ********************
********************                                                                                 ********************
********************                    Library information                                          ********************
********************                                                                                 ********************
********************                                                                                 ********************
*************************************************************************************************************************
.
.
=========================================================================================================================
=   Library summary for case 'irrad' (#1/2)                                                                             =
-------------------------------------------------------------------------------------------------------------------------
filename: C:/Users/Teddy/AppData/Local/Temp/scale.Teddy.6236/w17x17_100d.f33 cross-section data taken from position number: 1
library title delimited by {}: 
{}
date library was produced: 538976288/538976288/538976288
total number of nuclides in library: 2237
number of light-element nuclides: 910
number of actinide nuclides: 176
number of fission product nuclides: 1151
number of nonzero off-diagonal matrix elements: 54564
=========================================================================================================================
.
.
*************************************************************************************************************************
********************                                                                                 ********************
********************                                                                                 ********************
********************                    Concentration tables                                         ********************
********************                                                                                 ********************
********************                                                                                 ********************
*************************************************************************************************************************
.
.
=========================================================================================================================
=   Nuclide concentrations in grams for case 'irrad' (#1/2)                                                             =
-------------------------------------------------------------------------------------------------------------------------
  (relative cutoff; integral of concentrations over time >   1.00E-06 % of integral of all concentrations over time)
.
                   0.000d    550.000d   
  he-4         0.0000E+00  7.2433E-02
  u-234        0.0000E+00  1.7863E-01
  u-235        3.5000E+04  3.2510E+04
  u-236        0.0000E+00  4.5708E+02
  u-237        0.0000E+00  2.0844E-01
  u-238        9.6500E+05  9.6367E+05
  u-239        0.0000E+00  5.1079E-02
  np-237       0.0000E+00  8.8144E+00
  np-239       0.0000E+00  7.3883E+00
  pu-238       0.0000E+00  1.9457E-01
  pu-239       0.0000E+00  1.0521E+03
  pu-240       0.0000E+00  4.4782E+01
  pu-241       0.0000E+00  4.8526E+00
  pu-242       0.0000E+00  7.4400E-02
  am-241       0.0000E+00  8.9184E-02
  ge-76        0.0000E+00  2.3203E-02
  se-77        0.0000E+00  5.8463E-02
  se-78        0.0000E+00  1.5571E-01
  se-79        0.0000E+00  3.3901E-01
  se-80        0.0000E+00  9.4763E-01
  br-81        0.0000E+00  1.5304E+00
  se-82        0.0000E+00  2.4780E+00
  kr-83        0.0000E+00  4.0742E+00
  kr-84        0.0000E+00  7.8720E+00
  kr-85        0.0000E+00  2.1003E+00
  rb-85        0.0000E+00  8.0923E+00
  kr-86        0.0000E+00  1.5435E+01
  rb-87        0.0000E+00  2.0354E+01
  sr-88        0.0000E+00  2.8573E+01
  sr-89        0.0000E+00  4.9830E+00
  y-89         0.0000E+00  3.3450E+01
  sr-90        0.0000E+00  4.6386E+01
  zr-90        0.0000E+00  8.4926E-01
  sr-91        0.0000E+00  5.0263E-02
  y-91         0.0000E+00  7.3534E+00
  zr-91        0.0000E+00  4.1251E+01
  zr-92        0.0000E+00  5.1032E+01
  y-93         0.0000E+00  6.0177E-02
  zr-93        0.0000E+00  5.4669E+01
  zr-94        0.0000E+00  5.6474E+01
  zr-95        0.0000E+00  9.6248E+00
  nb-95        0.0000E+00  5.2553E+00
  mo-95        0.0000E+00  4.7808E+01
  zr-96        0.0000E+00  5.7575E+01
  mo-96        0.0000E+00  1.3353E-01
  zr-97        0.0000E+00  1.0057E-01
  mo-97        0.0000E+00  5.5013E+01
  mo-98        0.0000E+00  5.4373E+01
  mo-99        0.0000E+00  4.1843E-01
  tc-99        0.0000E+00  5.7069E+01
  tc-99m       0.0000E+00  3.3488E-02
  mo-100       0.0000E+00  6.0508E+01
  ru-100       0.0000E+00  3.4851E-01
  ru-101       0.0000E+00  5.0721E+01
  ru-102       0.0000E+00  4.3876E+01
  ru-103       0.0000E+00  3.5632E+00
  rh-103       0.0000E+00  2.9112E+01
  ru-104       0.0000E+00  2.2107E+01
  pd-104       0.0000E+00  7.4014E-01
  rh-105       0.0000E+00  5.7266E-02
  pd-105       0.0000E+00  1.3053E+01
  ru-106       0.0000E+00  4.4366E+00
  pd-106       0.0000E+00  2.5486E+00
  pd-107       0.0000E+00  3.5370E+00
  pd-108       0.0000E+00  1.7654E+00
  ag-109       0.0000E+00  1.0716E+00
  pd-110       0.0000E+00  6.4551E-01
  cd-110       0.0000E+00  2.4176E-02
  cd-111       0.0000E+00  3.8199E-01
  cd-112       0.0000E+00  2.7581E-01
  cd-113       0.0000E+00  5.3144E-02
  cd-114       0.0000E+00  4.1596E-01
  in-115       0.0000E+00  1.9409E-01
  cd-116       0.0000E+00  2.2192E-01
  sn-117       0.0000E+00  2.1088E-01
  sn-118       0.0000E+00  2.1096E-01
  sn-119       0.0000E+00  2.1493E-01
  sn-120       0.0000E+00  2.2069E-01
  sb-121       0.0000E+00  2.1548E-01
  sn-122       0.0000E+00  2.6750E-01
  sb-123       0.0000E+00  2.7159E-01
  sn-124       0.0000E+00  4.2502E-01
  sb-125       0.0000E+00  4.4146E-01
  te-125       0.0000E+00  8.1542E-02
  sn-126       0.0000E+00  8.3161E-01
  te-126       0.0000E+00  2.7769E-02
  sb-127       0.0000E+00  2.3324E-02
  te-127m      0.0000E+00  9.1727E-02
  i-127        0.0000E+00  2.0074E+00
  te-128       0.0000E+00  4.5648E+00
  te-129m      0.0000E+00  1.1528E-01
  i-129        0.0000E+00  7.4348E+00
  te-130       0.0000E+00  2.2946E+01
  te-131m      0.0000E+00  2.0587E-02
  i-131        0.0000E+00  7.9030E-01
  xe-131       0.0000E+00  3.5511E+01
  te-132       0.0000E+00  4.6872E-01
  xe-132       0.0000E+00  5.5897E+01
  i-133        0.0000E+00  1.9468E-01
  xe-133       0.0000E+00  1.1784E+00
  cs-133       0.0000E+00  8.3353E+01
  xe-134       0.0000E+00  1.0051E+02
  cs-134       0.0000E+00  5.5133E-01
  ba-134       0.0000E+00  9.6793E-02
  i-135        0.0000E+00  5.8936E-02
  xe-135       0.0000E+00  6.7038E-02
  cs-135       0.0000E+00  6.6435E+01
  xe-136       0.0000E+00  1.0135E+02
  ba-136       0.0000E+00  2.0761E-01
  cs-137       0.0000E+00  7.9740E+01
  ba-137       0.0000E+00  1.3938E+00
  ba-138       0.0000E+00  8.8103E+01
  la-139       0.0000E+00  8.4181E+01
  ba-140       0.0000E+00  2.7479E+00
  la-140       0.0000E+00  3.6246E-01
  ce-140       0.0000E+00  7.9444E+01
  la-141       0.0000E+00  3.3413E-02
  ce-141       0.0000E+00  6.6457E+00
  pr-141       0.0000E+00  7.1490E+01
  ce-142       0.0000E+00  7.7923E+01
  nd-142       0.0000E+00  6.6837E-02
  ce-143       0.0000E+00  2.8588E-01
  pr-143       0.0000E+00  2.8167E+00
  nd-143       0.0000E+00  7.5345E+01
  ce-144       0.0000E+00  4.0724E+01
  nd-144       0.0000E+00  3.4645E+01
  pr-145       0.0000E+00  3.5024E-02
  nd-145       0.0000E+00  5.3526E+01
  nd-146       0.0000E+00  4.2168E+01
  nd-147       0.0000E+00  9.1034E-01
  pm-147       0.0000E+00  2.4450E+01
  sm-147       0.0000E+00  5.1893E+00
  nd-148       0.0000E+00  2.4053E+01
  pm-148m      0.0000E+00  7.0108E-02
  sm-148       0.0000E+00  9.5295E-01
  pm-149       0.0000E+00  9.4702E-02
  sm-149       0.0000E+00  1.9205E+00
  nd-150       0.0000E+00  1.0050E+01
  sm-150       0.0000E+00  1.4149E+01
  pm-151       0.0000E+00  2.0895E-02
  sm-151       0.0000E+00  4.2777E+00
  eu-151       0.0000E+00  2.0365E-02
  sm-152       0.0000E+00  6.2697E+00
  eu-153       0.0000E+00  2.8756E+00
  sm-154       0.0000E+00  1.3278E+00
  eu-154       0.0000E+00  9.9310E-02
  eu-155       0.0000E+00  3.7875E-01
  gd-155       0.0000E+00  2.0500E-02
  eu-156       0.0000E+00  3.2529E-02
  gd-156       0.0000E+00  5.8509E-01
  gd-158       0.0000E+00  2.4417E-01
  tb-159       0.0000E+00  3.5332E-02
------------
  totals       1.0000E+06  1.0000E+06
=========================================================================================================================
.
.
=========================================================================================================================
=   History overview for case 'decay' (#2/2)                                                                            =
-------------------------------------------------------------------------------------------------------------------------
   step          t0          t1          dt           t        flux     fluence       power      energy
    (-)         (y)         (y)         (s)         (s)   (n/cm2-s)     (n/cm2)        (MW)       (MWd)
      1      1.5057      2.5057  3.1560E+07  7.9080E+07  0.0000E+00  1.3974E+21  0.0000E+00  2.1212E+03
          
              step - step index within this case
                t0 - time at beginning-of-step in input units
                t1 - time at end-of-step in input units
                dt - length of step in seconds
                 t - end-of-step cumulative time in seconds
              flux - flux in neutrons/cm^2-sec (CALCULATED)
           fluence - cumulative end-of-step fluence in neutrons/cm^2 (CALCULATED)
             power - power in mega-watts (INPUT)     
            energy - cumulative end-of-step energy released in mega-watt-days (INPUT)     
=========================================================================================================================
.
.
.
.
.
*************************************************************************************************************************
********************                                                                                 ********************
********************                                                                                 ********************
********************                    Library information                                          ********************
********************                                                                                 ********************
********************                                                                                 ********************
*************************************************************************************************************************
.
.
=========================================================================================================================
=   Library summary for case 'decay' (#2/2)                                                                             =
-------------------------------------------------------------------------------------------------------------------------
filename: C:/Users/Teddy/AppData/Local/Temp/scale.Teddy.6236/w17x17_100d.f33 cross-section data taken from position number: 1
library title delimited by {}: 
{}
date library was produced: 538976288/538976288/538976288
total number of nuclides in library: 2237
number of light-element nuclides: 910
number of actinide nuclides: 176
number of fission product nuclides: 1151
number of nonzero off-diagonal matrix elements: 54564
=========================================================================================================================
.
.
*************************************************************************************************************************
********************                                                                                 ********************
********************                                                                                 ********************
********************                    Concentration tables                                         ********************
********************                                                                                 ********************
********************                                                                                 ********************
*************************************************************************************************************************
.
.
=========================================================================================================================
=   Nuclide concentrations in grams for case 'decay' (#2/2)                                                             =
-------------------------------------------------------------------------------------------------------------------------
  (relative cutoff; integral of concentrations over time >   1.00E-06 % of integral of all concentrations over time)
.
                   1.506y      2.506y   
  he-4         7.2433E-02  7.3081E-02
  u-234        1.7863E-01  1.8031E-01
  u-235        3.2510E+04  3.2510E+04
  u-236        4.5708E+02  4.5709E+02
  u-237        2.0844E-01  1.4423E-07
  u-238        9.6367E+05  9.6367E+05
  u-239        5.1079E-02  0.0000E+00
  np-237       8.8144E+00  9.0232E+00
  np-239       7.3883E+00  5.7018E-10
  pu-238       1.9457E-01  1.9685E-01
  pu-239       1.0521E+03  1.0595E+03
  pu-240       4.4782E+01  4.4778E+01
  pu-241       4.8526E+00  4.6228E+00
  pu-242       7.4400E-02  7.4405E-02
  am-241       8.9184E-02  3.1864E-01
  ge-76        2.3203E-02  2.3203E-02
  se-77        5.8463E-02  5.8785E-02
  se-78        1.5571E-01  1.5576E-01
  se-79        3.3901E-01  3.3902E-01
  se-80        9.4763E-01  9.4763E-01
  br-81        1.5304E+00  1.5305E+00
  se-82        2.4780E+00  2.4780E+00
  kr-83        4.0742E+00  4.0762E+00
  kr-84        7.8720E+00  7.8725E+00
  kr-85        2.1003E+00  1.9702E+00
  rb-85        8.0923E+00  8.2274E+00
  kr-86        1.5435E+01  1.5435E+01
  rb-87        2.0354E+01  2.0356E+01
  sr-88        2.8573E+01  2.8582E+01
  sr-89        4.9830E+00  3.3225E-02
  y-89         3.3450E+01  3.8401E+01
  sr-90        4.6386E+01  4.5283E+01
  y-90         1.1807E-02  1.1487E-02
  zr-90        8.4926E-01  1.9531E+00
  sr-91        5.0263E-02  0.0000E+00
  y-91         7.3534E+00  9.7786E-02
  zr-91        4.1251E+01  4.8559E+01
  zr-92        5.1032E+01  5.1066E+01
  y-93         6.0177E-02  0.0000E+00
  zr-93        5.4669E+01  5.4730E+01
  zr-94        5.6474E+01  5.6476E+01
  zr-95        9.6248E+00  1.8457E-01
  nb-95        5.2553E+00  2.2486E-01
  mo-95        4.7808E+01  6.2293E+01
  zr-96        5.7575E+01  5.7575E+01
  mo-96        1.3353E-01  1.3358E-01
  zr-97        1.0057E-01  0.0000E+00
  mo-97        5.5013E+01  5.5121E+01
  mo-98        5.4373E+01  5.4374E+01
  mo-99        4.1843E-01  0.0000E+00
  tc-99        5.7069E+01  5.7521E+01
  tc-99m       3.3488E-02  0.0000E+00
  mo-100       6.0508E+01  6.0508E+01
  ru-100       3.4851E-01  3.4851E-01
  ru-101       5.0721E+01  5.0724E+01
  ru-102       4.3876E+01  4.3877E+01
  ru-103       3.5632E+00  5.6247E-03
  rh-103       2.9112E+01  3.2674E+01
  ru-104       2.2107E+01  2.2108E+01
  pd-104       7.4014E-01  7.4014E-01
  rh-105       5.7266E-02  0.0000E+00
  pd-105       1.3053E+01  1.3117E+01
  ru-106       4.4366E+00  2.2453E+00
  pd-106       2.5486E+00  4.7397E+00
  pd-107       3.5370E+00  3.5372E+00
  pd-108       1.7654E+00  1.7654E+00
  ag-109       1.0716E+00  1.0741E+00
  pd-110       6.4551E-01  6.4551E-01
  cd-110       2.4176E-02  2.4654E-02
  cd-111       3.8199E-01  3.9164E-01
  cd-112       2.7581E-01  2.7665E-01
  cd-113       5.3144E-02  5.3253E-02
  cd-114       4.1596E-01  4.1596E-01
  in-115       1.9409E-01  1.9693E-01
  sn-115       1.0328E-02  1.0398E-02
  cd-116       2.2192E-01  2.2193E-01
  sn-116       1.3753E-02  1.3755E-02
  sn-117       2.1088E-01  2.1101E-01
  sn-118       2.1096E-01  2.1098E-01
  sn-119       2.1493E-01  2.1728E-01
  sn-120       2.2069E-01  2.2069E-01
  sn-121m      1.5581E-02  1.5337E-02
  sb-121       2.1548E-01  2.1639E-01
  sn-122       2.6750E-01  2.6750E-01
  sb-123       2.7159E-01  2.7711E-01
  sn-124       4.2502E-01  4.2502E-01
  sb-125       4.4146E-01  3.4756E-01
  te-125       8.1542E-02  1.8095E-01
  sn-126       8.3161E-01  8.3160E-01
  te-126       2.7769E-02  2.8142E-02
  sb-127       2.3324E-02  0.0000E+00
  te-127m      9.1727E-02  9.3843E-03
  i-127        2.0074E+00  2.1156E+00
  te-128       4.5648E+00  4.5657E+00
  te-129m      1.1528E-01  6.1848E-05
  i-129        7.4348E+00  7.5548E+00
  te-130       2.2946E+01  2.2947E+01
  xe-130       1.9605E-02  1.9651E-02
  te-131m      2.0587E-02  0.0000E+00
  i-131        7.9030E-01  1.6253E-14
  xe-131       3.5511E+01  3.6338E+01
  te-132       4.6872E-01  0.0000E+00
  xe-132       5.5897E+01  5.6380E+01
  i-133        1.9468E-01  0.0000E+00
  xe-133       1.1784E+00  1.5418E-21
  cs-133       8.3353E+01  8.4746E+01
  xe-134       1.0051E+02  1.0053E+02
  cs-134       5.5133E-01  3.9415E-01
  ba-134       9.6793E-02  2.5401E-01
  i-135        5.8936E-02  0.0000E+00
  xe-135       6.7038E-02  0.0000E+00
  cs-135       6.6435E+01  6.6561E+01
  xe-136       1.0135E+02  1.0135E+02
  ba-136       2.0761E-01  2.1840E-01
  cs-137       7.9740E+01  7.7923E+01
  ba-137       1.3938E+00  3.2105E+00
  ba-138       8.8103E+01  8.8111E+01
  la-139       8.4181E+01  8.4195E+01
  ba-140       2.7479E+00  6.5570E-09
  la-140       3.6246E-01  9.9380E-10
  ce-140       7.9444E+01  8.2554E+01
  la-141       3.3413E-02  0.0000E+00
  ce-141       6.6457E+00  2.7691E-03
  pr-141       7.1490E+01  7.8169E+01
  ce-142       7.7923E+01  7.7937E+01
  nd-142       6.6837E-02  6.7118E-02
  ce-143       2.8588E-01  0.0000E+00
  pr-143       2.8167E+00  2.4736E-08
  nd-143       7.5345E+01  7.8450E+01
  ce-144       4.0724E+01  1.6746E+01
  nd-144       3.4645E+01  5.8624E+01
  pr-145       3.5024E-02  0.0000E+00
  nd-145       5.3526E+01  5.3561E+01
  nd-146       4.2168E+01  4.2171E+01
  nd-147       9.1034E-01  8.8102E-11
  pm-147       2.4450E+01  1.9480E+01
  sm-147       5.1893E+00  1.1070E+01
  nd-148       2.4053E+01  2.4053E+01
  pm-148m      7.0108E-02  1.5228E-04
  sm-148       9.5295E-01  1.0381E+00
  pm-149       9.4702E-02  0.0000E+00
  sm-149       1.9205E+00  2.0183E+00
  nd-150       1.0050E+01  1.0050E+01
  sm-150       1.4149E+01  1.4149E+01
  pm-151       2.0895E-02  0.0000E+00
  sm-151       4.2777E+00  4.2658E+00
  eu-151       2.0365E-02  5.3348E-02
  sm-152       6.2697E+00  6.2699E+00
  eu-153       2.8756E+00  2.8937E+00
  sm-154       1.3278E+00  1.3278E+00
  eu-154       9.9310E-02  9.1620E-02
  eu-155       3.7875E-01  3.2737E-01
  gd-155       2.0500E-02  7.1905E-02
  eu-156       3.2529E-02  1.9004E-09
  gd-156       5.8509E-01  6.1803E-01
  gd-157       1.6346E-02  1.6688E-02
  gd-158       2.4417E-01  2.4418E-01
  tb-159       3.5332E-02  3.5428E-02
  gd-160       1.4428E-02  1.4428E-02
------------
  totals       1.0000E+06  1.0000E+06
=========================================================================================================================
.
.
*************************************************************************************************************************
********************                                                                                 ********************
********************                                                                                 ********************
********************                    Written F71 File Information                                 ********************
********************                                                                                 ********************
********************                                                                                 ********************
*************************************************************************************************************************
.
.
   pos         time        power         flux      fluence       energy libpos   case   step DCGNAB
   (-)          (s)         (MW)    (n/cm2-s)      (n/cm2)        (MWd)    (-)    (-)    (-)    (-)
     1  4.75200e+07  0.00000e+00  0.00000e+00  1.39740e+21  2.12121e+03      1      2      0 DC----
     2  7.90800e+07  0.00000e+00  0.00000e+00  1.39740e+21  2.12121e+03      1      2      1 DC----
    D - state definition present
    C - concentrations present
    G - gamma emission spectra present
    N - neutron emission spectra present
    A - alpha emission spectra present
    B - beta emission spectra present
.
.
.
=========================================================================================================================
ORIGEN finished successfully.
=========================================================================================================================
    module origen used 0.382735 seconds cpu time for the current pass.

    module origen is finished. completion code    0. total cpu time used 3.26573e-006 seconds.


    SCALE is finished on Wed Feb 13 18:33:12 2019.
-------------------------- Summary --------------------------
arp finished. used 1.82696 seconds.
origen finished. used 0.387905 seconds.
SCALE driver required a maximum of 8.297 MiB of RAM.
------------------------ End Summary ------------------------

w17x17_100d.f33 copied to C:\Users\Teddy\Desktop\scale_test\output\w17x17_100d.f33.
discharge.f71 copied to C:\Users\Teddy\Desktop\scale_test\output\discharge.f71.
