 *******************************************************************************
 *                                                                             *
 *                                 SCALE 6.2.2                                 *
 *                                -------------                                *
 *                                February 2019                                *
 *                                                                             *
 *           SCALE:  A Comprehensive Modeling and Simulation Suite             *
 *                   for Nuclear Safety Analysis and Design                    *
 *                                                                             *
 *                      Reactor and Nuclear Systems Division                   *
 *                        Oak Ridge National Laboratory                        *
 *                                                                             *
 *                           http://scale.ornl.gov                             *
 *                            scalehelp@ornl.gov                               *
 *                                                                             *
 *******************************************************************************
 *******************************************************************************
      
                  Job Information
                  ---------------
      Job started on DESKTOP-J14NAA6 on Wed 13/02/2019 18:33:29
      Working directory: C:\Users\Teddy\AppData\Local\Temp\scale.Teddy.10660
      Input file name  : C:\Users\Teddy\Desktop\scale_test\output\3.500000_6363.636364.inp
      Output file name : C:\Users\Teddy\Desktop\scale_test\output\3.500000_6363.636364.out
      SCALE executable : C:\SCALE-6.2.2/bin/scale
      
 *******************************************************************************


    module arp will be called on Wed Feb 13 18:33:29 2019.
    sequence specification record:=arp
Input Data:

      'library type
      w17x17
      3.500000
      ' num cycles
      1
      ' num days per cycle
      550
      ' cycle average specific power (MW / MTU)
      11.570248
      ' number of interpolated cross section sets generated per cycle
      1
      ' moderator density (g/cc)
      0.723
      ' interpolated output ORIGEN library
      w17x17_100d.f33
end

1






        ************************************************************************************************************************
        ************************************************************************************************************************
        ************************************************************************************************************************
        *****                                                                                                              *****
        *****                                       program verification information                                       *****
        *****                                                                                                              *****
        *****                                   code system:  SCALE    version:  6.2                                       *****
        *****                                                                                                              *****
        ************************************************************************************************************************
        ************************************************************************************************************************
        *****                                                                                                              *****
        *****                                                                                                              *****
        *****              program:  arp.exe                                                                               *****
        *****                                                                                                              *****
        *****        creation date:   unknown                                                                              *****
        *****                                                                                                              *****
        *****              library:  C:\SCALE-6.2.2\bin                                                                    *****
        *****                                                                                                              *****
        *****                                                                                                              *****
        *****            prod code:  arp.exe                                                                               *****
        *****                                                                                                              *****
        *****              version:  6.2.2                                                                                 *****
        *****                                                                                                              *****
        *****              jobname:  Teddy                                                                                 *****
        *****                                                                                                              *****
        *****         machine name:  DESKTOP-J14NAA6                                                                       *****
        *****                                                                                                              *****
        *****    date of execution:  13_feb_2019                                                                           *****
        *****                                                                                                              *****
        *****    time of execution:  18:33:29.87                                                                           *****
        *****                                                                                                              *****
        *****                                                                                                              *****
        ************************************************************************************************************************
        ************************************************************************************************************************
        ************************************************************************************************************************


 'library type
    data library:       w17x17
       directory:       C:/SCALE-6.2.2/data/\arplibs
       definition:      C:/SCALE-6.2.2/data/\arpdata.txt
    u-235 enrichment:                        3.500

 ' num cycles
    number of cycles:                            1

 ' num days per cycle

 ' cycle average specific power (MW / MTU)

 ' number of interpolated cross section sets generated per cycle

 ' moderator density (g/cc)
    water density (g/cm3):                  0.7230
                                         cycle        cumulative      midpoint
   cycle time(d)        power(MW)      burnup(MWd/MTU)burnup(MWd/MTU)burnup(MWd/MTU)nlib
     1    550.000        11.5702        6363.64        6363.64        3181.82             1

 ' interpolated output ORIGEN library
    interpolated library name:                   w17x17_100d.f33
 interpolation type: spline
 Cross section library interpolation completed.
.
.
.
=========================================================================================================================
ARP finished successfully.
=========================================================================================================================
    module arp used 1.89726 seconds cpu time for the current pass.

    module arp is finished. completion code    0. total cpu time used 1.02637e-005 seconds.



    module origen will be called on Wed Feb 13 18:33:31 2019.
    sequence specification record:=origen
Input Data:

      case(irrad) {
          lib{
              file="w17x17_100d.f33" pos=1
          }
          mat {
              units=GRAMS
              iso=[u235=35000.000000 u238=965000.000000]
          }
          time = [ 550 ]
          power = [ 11.570248 ]
      }
      case (decay) {
          time {
              units=YEARS
              start=0
              t=[1]
          }
          save{ file="discharge.f71" steps=[0 LAST]}
      }
end

1






        ************************************************************************************************************************
        ************************************************************************************************************************
        ************************************************************************************************************************
        *****                                                                                                              *****
        *****                                       program verification information                                       *****
        *****                                                                                                              *****
        *****                                   code system:  SCALE    version:  6.2                                       *****
        *****                                                                                                              *****
        ************************************************************************************************************************
        ************************************************************************************************************************
        *****                                                                                                              *****
        *****                                                                                                              *****
        *****              program:  origen.exe                                                                            *****
        *****                                                                                                              *****
        *****        creation date:   unknown                                                                              *****
        *****                                                                                                              *****
        *****              library:  C:\SCALE-6.2.2\bin                                                                    *****
        *****                                                                                                              *****
        *****                                                                                                              *****
        *****            prod code:  origen.exe                                                                            *****
        *****                                                                                                              *****
        *****              version:  6.2.2                                                                                 *****
        *****                                                                                                              *****
        *****              jobname:  Teddy                                                                                 *****
        *****                                                                                                              *****
        *****         machine name:  DESKTOP-J14NAA6                                                                       *****
        *****                                                                                                              *****
        *****    date of execution:  13_feb_2019                                                                           *****
        *****                                                                                                              *****
        *****    time of execution:  18:33:31.77                                                                           *****
        *****                                                                                                              *****
        *****                                                                                                              *****
        ************************************************************************************************************************
        ************************************************************************************************************************
        ************************************************************************************************************************

*************************************************************************************************************************
********************                                                                                 ********************
********************                                                                                 ********************
********************                    USER INPUT SUMMARY                                           ********************
********************                                                                                 ********************
********************                                                                                 ********************
*************************************************************************************************************************
.
.
=========================================================================================================================
=   Case "irrad" (#1/2)                                                                                                 =
-------------------------------------------------------------------------------------------------------------------------
###   Library settings                                                                                                ###
.
                                Library file name:     C:/Users/Teddy/AppData/Local/Temp/scale.Teddy.10660/w17x17_100d.f33
                             Library set position:              1
                 Fission product reaction removal:             no
-------------------------------------------------------------------------------------------------------------------------
###   Global settings                                                                                                 ###
.
                                           Solver:              MATREX
                                             Mode:        forward
                             Fixed fission energy:             no
-------------------------------------------------------------------------------------------------------------------------
###   Concentrations output options                                                                                   ###
.
                            High-precision output:             no
                                  Relative cutoff:            yes
                         Step for applying cutoff:       integral
.
                      light els.   actinides  fis.prods.       total
                       nuc    el   nuc    el   nuc    el   nuc    el             cutoff
gram-atoms                                                                    1.000E-06
grams                                                      **                 1.000E-06
curies                                                                        1.000E-06
watts                                                                         1.000E-06
gamma watts                                                                   1.000E-06
m3 air                                                                        1.000E-06
m3 water                                                                      1.000E-06
grams ppm                                                                     1.000E-06
atoms ppm                                                                     1.000E-06
atoms/barn-cm                                                                 1.000E-06
becquerels                                                                    1.000E-06
-------------------------------------------------------------------------------------------------------------------------
###   Additional output options                                                                                       ###
.
                                      Print k-inf:             no
           Nuclides for absorption fraction print:           none
                              Print fission rates:             no
            Step for sorting absorption fractions:              1
=========================================================================================================================
=   Case "decay" (#2/2)                                                                                                 =
-------------------------------------------------------------------------------------------------------------------------
###   Library settings                                                                                                ###
.
                                Library file name:     C:/Users/Teddy/AppData/Local/Temp/scale.Teddy.10660/w17x17_100d.f33
                             Library set position:              1
                 Fission product reaction removal:             no
-------------------------------------------------------------------------------------------------------------------------
###   Global settings                                                                                                 ###
.
                                           Solver:              MATREX
                                             Mode:        forward
                             Fixed fission energy:             no
-------------------------------------------------------------------------------------------------------------------------
###   Concentrations output options                                                                                   ###
.
                            High-precision output:             no
                                  Relative cutoff:            yes
                         Step for applying cutoff:       integral
.
                      light els.   actinides  fis.prods.       total
                       nuc    el   nuc    el   nuc    el   nuc    el             cutoff
gram-atoms                                                                    1.000E-06
grams                                                      **                 1.000E-06
curies                                                                        1.000E-06
watts                                                                         1.000E-06
gamma watts                                                                   1.000E-06
m3 air                                                                        1.000E-06
m3 water                                                                      1.000E-06
grams ppm                                                                     1.000E-06
atoms ppm                                                                     1.000E-06
atoms/barn-cm                                                                 1.000E-06
becquerels                                                                    1.000E-06
-------------------------------------------------------------------------------------------------------------------------
###   Additional output options                                                                                       ###
.
                                      Print k-inf:             no
           Nuclides for absorption fraction print:           none
                              Print fission rates:             no
            Step for sorting absorption fractions:              1
=========================================================================================================================
###   Blending information                                                                                            ###
.
  --- no blending requested in this job ---
=========================================================================================================================
.
.
=========================================================================================================================
=   History overview for case 'irrad' (#1/2)                                                                            =
-------------------------------------------------------------------------------------------------------------------------
   step          t0          t1          dt           t        flux     fluence       power      energy
    (-)         (d)         (d)         (s)         (s)   (n/cm2-s)     (n/cm2)        (MW)       (MWd)
      1      0.0000    550.0000  4.7520E+07  4.7520E+07  9.0653E+13  4.3078E+21  1.1570E+01  6.3636E+03
          
              step - step index within this case
                t0 - time at beginning-of-step in input units
                t1 - time at end-of-step in input units
                dt - length of step in seconds
                 t - end-of-step cumulative time in seconds
              flux - flux in neutrons/cm^2-sec (CALCULATED)
           fluence - cumulative end-of-step fluence in neutrons/cm^2 (CALCULATED)
             power - power in mega-watts (INPUT)     
            energy - cumulative end-of-step energy released in mega-watt-days (INPUT)     
=========================================================================================================================
.
.
.
.
.
*************************************************************************************************************************
********************                                                                                 ********************
********************                                                                                 ********************
********************                    Library information                                          ********************
********************                                                                                 ********************
********************                                                                                 ********************
*************************************************************************************************************************
.
.
=========================================================================================================================
=   Library summary for case 'irrad' (#1/2)                                                                             =
-------------------------------------------------------------------------------------------------------------------------
filename: C:/Users/Teddy/AppData/Local/Temp/scale.Teddy.10660/w17x17_100d.f33 cross-section data taken from position number: 1
library title delimited by {}: 
{}
date library was produced: 538976288/538976288/538976288
total number of nuclides in library: 2237
number of light-element nuclides: 910
number of actinide nuclides: 176
number of fission product nuclides: 1151
number of nonzero off-diagonal matrix elements: 54564
=========================================================================================================================
.
.
*************************************************************************************************************************
********************                                                                                 ********************
********************                                                                                 ********************
********************                    Concentration tables                                         ********************
********************                                                                                 ********************
********************                                                                                 ********************
*************************************************************************************************************************
.
.
=========================================================================================================================
=   Nuclide concentrations in grams for case 'irrad' (#1/2)                                                             =
-------------------------------------------------------------------------------------------------------------------------
  (relative cutoff; integral of concentrations over time >   1.00E-06 % of integral of all concentrations over time)
.
                   0.000d    550.000d   
  he-4         0.0000E+00  2.2075E-01
  u-234        0.0000E+00  5.1334E-01
  u-235        3.5000E+04  2.8046E+04
  u-236        0.0000E+00  1.2684E+03
  u-237        0.0000E+00  1.1245E+00
  u-238        9.6500E+05  9.6091E+05
  u-239        0.0000E+00  1.5663E-01
  np-237       0.0000E+00  3.9639E+01
  np-238       0.0000E+00  3.2773E-02
  np-239       0.0000E+00  2.2648E+01
  pu-238       0.0000E+00  2.4553E+00
  pu-239       0.0000E+00  2.5863E+03
  pu-240       0.0000E+00  2.8344E+02
  pu-241       0.0000E+00  8.7041E+01
  pu-242       0.0000E+00  4.1869E+00
  am-241       0.0000E+00  1.5977E+00
  am-243       0.0000E+00  1.1690E-01
  cm-242       0.0000E+00  1.0141E-01
  as-75        0.0000E+00  2.4855E-02
  ge-76        0.0000E+00  6.9354E-02
  se-77        0.0000E+00  1.7332E-01
  se-78        0.0000E+00  4.6490E-01
  se-79        0.0000E+00  1.0130E+00
  se-80        0.0000E+00  2.7922E+00
  br-81        0.0000E+00  4.5449E+00
  se-82        0.0000E+00  7.2927E+00
  kr-82        0.0000E+00  2.3032E-02
  kr-83        0.0000E+00  1.1577E+01
  kr-84        0.0000E+00  2.3144E+01
  kr-85        0.0000E+00  6.0753E+00
  rb-85        0.0000E+00  2.3367E+01
  kr-86        0.0000E+00  4.4477E+01
  rb-87        0.0000E+00  5.8637E+01
  kr-88        0.0000E+00  2.3635E-02
  sr-88        0.0000E+00  8.2187E+01
  sr-89        0.0000E+00  1.3667E+01
  y-89         0.0000E+00  9.6964E+01
  sr-90        0.0000E+00  1.3329E+02
  y-90         0.0000E+00  3.4182E-02
  zr-90        0.0000E+00  2.4959E+00
  sr-91        0.0000E+00  1.3912E-01
  y-91         0.0000E+00  2.0629E+01
  zr-91        0.0000E+00  1.1974E+02
  sr-92        0.0000E+00  4.1056E-02
  y-92         0.0000E+00  5.4254E-02
  zr-92        0.0000E+00  1.4822E+02
  y-93         0.0000E+00  1.7036E-01
  zr-93        0.0000E+00  1.5972E+02
  zr-94        0.0000E+00  1.6596E+02
  zr-95        0.0000E+00  2.7972E+01
  nb-95        0.0000E+00  1.5267E+01
  mo-95        0.0000E+00  1.4075E+02
  zr-96        0.0000E+00  1.7035E+02
  mo-96        0.0000E+00  1.1815E+00
  zr-97        0.0000E+00  2.9527E-01
  nb-97        0.0000E+00  2.1272E-02
  mo-97        0.0000E+00  1.6405E+02
  mo-98        0.0000E+00  1.6342E+02
  mo-99        0.0000E+00  1.2467E+00
  tc-99        0.0000E+00  1.6968E+02
  tc-99m       0.0000E+00  9.9823E-02
  mo-100       0.0000E+00  1.8252E+02
  ru-100       0.0000E+00  3.1462E+00
  ru-101       0.0000E+00  1.5317E+02
  ru-102       0.0000E+00  1.3598E+02
  ru-103       0.0000E+00  1.1937E+01
  rh-103       0.0000E+00  9.0356E+01
  ru-104       0.0000E+00  7.4509E+01
  pd-104       0.0000E+00  6.9455E+00
  ru-105       0.0000E+00  2.9210E-02
  rh-105       0.0000E+00  2.2732E-01
  pd-105       0.0000E+00  4.7137E+01
  ru-106       0.0000E+00  1.8812E+01
  pd-106       0.0000E+00  1.0959E+01
  pd-107       0.0000E+00  1.6799E+01
  pd-108       0.0000E+00  9.4864E+00
  ag-109       0.0000E+00  5.8874E+00
  pd-110       0.0000E+00  3.2083E+00
  cd-110       0.0000E+00  3.7847E-01
  ag-111       0.0000E+00  4.8816E-02
  cd-111       0.0000E+00  1.7149E+00
  cd-112       0.0000E+00  1.0825E+00
  cd-113       0.0000E+00  7.3071E-02
  cd-114       0.0000E+00  1.6144E+00
  in-115       0.0000E+00  5.6701E-01
  sn-115       0.0000E+00  3.4128E-02
  cd-116       0.0000E+00  7.4984E-01
  sn-116       0.0000E+00  1.2562E-01
  sn-117       0.0000E+00  7.0443E-01
  sn-118       0.0000E+00  6.8685E-01
  sn-119       0.0000E+00  6.9252E-01
  sn-120       0.0000E+00  7.0941E-01
  sn-121m      0.0000E+00  5.2379E-02
  sb-121       0.0000E+00  6.9719E-01
  sn-122       0.0000E+00  8.7502E-01
  sn-123       0.0000E+00  2.8582E-02
  sb-123       0.0000E+00  8.7363E-01
  sn-124       0.0000E+00  1.3984E+00
  sn-125       0.0000E+00  2.0176E-02
  sb-125       0.0000E+00  1.4837E+00
  te-125       0.0000E+00  2.6635E-01
  sn-126       0.0000E+00  2.8235E+00
  te-126       0.0000E+00  8.6955E-02
  sb-127       0.0000E+00  8.2941E-02
  te-127m      0.0000E+00  2.7040E-01
  i-127        0.0000E+00  6.6161E+00
  te-128       0.0000E+00  1.4745E+01
  xe-128       0.0000E+00  5.8892E-02
  te-129m      0.0000E+00  3.8802E-01
  i-129        0.0000E+00  2.4156E+01
  te-130       0.0000E+00  7.0158E+01
  xe-130       0.0000E+00  1.6707E-01
  te-131m      0.0000E+00  6.9773E-02
  i-131        0.0000E+00  2.4306E+00
  xe-131       0.0000E+00  1.0465E+02
  xe-131m      0.0000E+00  3.9649E-02
  te-132       0.0000E+00  1.4225E+00
  i-132        0.0000E+00  4.3010E-02
  xe-132       0.0000E+00  1.7499E+02
  i-133        0.0000E+00  5.8123E-01
  xe-133       0.0000E+00  3.5192E+00
  xe-133m      0.0000E+00  4.3481E-02
  cs-133       0.0000E+00  2.4732E+02
  i-134        0.0000E+00  2.8236E-02
  xe-134       0.0000E+00  3.0147E+02
  cs-134       0.0000E+00  4.9748E+00
  ba-134       0.0000E+00  8.7757E-01
  i-135        0.0000E+00  1.7603E-01
  xe-135       0.0000E+00  1.4188E-01
  cs-135       0.0000E+00  1.4080E+02
  xe-136       0.0000E+00  3.6785E+02
  cs-136       0.0000E+00  6.5187E-02
  ba-136       0.0000E+00  1.1664E+00
  cs-137       0.0000E+00  2.4045E+02
  ba-137       0.0000E+00  4.2194E+00
  ba-138       0.0000E+00  2.6294E+02
  ba-139       0.0000E+00  3.7315E-02
  la-139       0.0000E+00  2.5052E+02
  ba-140       0.0000E+00  8.0445E+00
  la-140       0.0000E+00  1.0641E+00
  ce-140       0.0000E+00  2.3751E+02
  la-141       0.0000E+00  9.8123E-02
  ce-141       0.0000E+00  1.9491E+01
  pr-141       0.0000E+00  2.1398E+02
  la-142       0.0000E+00  3.7581E-02
  ce-142       0.0000E+00  2.3184E+02
  nd-142       0.0000E+00  6.0688E-01
  ce-143       0.0000E+00  8.2437E-01
  pr-143       0.0000E+00  8.1143E+00
  nd-143       0.0000E+00  2.1532E+02
  ce-144       0.0000E+00  1.1910E+02
  nd-144       0.0000E+00  1.1035E+02
  pr-145       0.0000E+00  1.0135E-01
  nd-145       0.0000E+00  1.5641E+02
  nd-146       0.0000E+00  1.2722E+02
  nd-147       0.0000E+00  2.6694E+00
  pm-147       0.0000E+00  6.7692E+01
  sm-147       0.0000E+00  1.4420E+01
  nd-148       0.0000E+00  7.2447E+01
  pm-148       0.0000E+00  1.2434E-01
  pm-148m      0.0000E+00  3.6410E-01
  sm-148       0.0000E+00  7.1129E+00
  pm-149       0.0000E+00  3.0705E-01
  sm-149       0.0000E+00  2.0868E+00
  nd-150       0.0000E+00  3.1063E+01
  sm-150       0.0000E+00  4.8039E+01
  pm-151       0.0000E+00  6.7236E-02
  sm-151       0.0000E+00  7.3868E+00
  eu-151       0.0000E+00  2.3259E-02
  sm-152       0.0000E+00  2.3826E+01
  sm-153       0.0000E+00  9.3321E-02
  eu-153       0.0000E+00  1.1378E+01
  sm-154       0.0000E+00  4.5426E+00
  eu-154       0.0000E+00  9.3330E-01
  gd-154       0.0000E+00  3.7778E-02
  eu-155       0.0000E+00  8.7089E-01
  gd-155       0.0000E+00  2.1721E-02
  eu-156       0.0000E+00  1.8427E-01
  gd-156       0.0000E+00  3.0459E+00
  gd-157       0.0000E+00  2.7229E-02
  gd-158       0.0000E+00  1.0986E+00
  tb-159       0.0000E+00  1.6530E-01
  gd-160       0.0000E+00  7.1453E-02
  dy-161       0.0000E+00  2.7928E-02
------------
  totals       1.0000E+06  1.0000E+06
=========================================================================================================================
.
.
=========================================================================================================================
=   History overview for case 'decay' (#2/2)                                                                            =
-------------------------------------------------------------------------------------------------------------------------
   step          t0          t1          dt           t        flux     fluence       power      energy
    (-)         (y)         (y)         (s)         (s)   (n/cm2-s)     (n/cm2)        (MW)       (MWd)
      1      1.5057      2.5057  3.1560E+07  7.9080E+07  0.0000E+00  4.3078E+21  0.0000E+00  6.3636E+03
          
              step - step index within this case
                t0 - time at beginning-of-step in input units
                t1 - time at end-of-step in input units
                dt - length of step in seconds
                 t - end-of-step cumulative time in seconds
              flux - flux in neutrons/cm^2-sec (CALCULATED)
           fluence - cumulative end-of-step fluence in neutrons/cm^2 (CALCULATED)
             power - power in mega-watts (INPUT)     
            energy - cumulative end-of-step energy released in mega-watt-days (INPUT)     
=========================================================================================================================
.
.
.
.
.
*************************************************************************************************************************
********************                                                                                 ********************
********************                                                                                 ********************
********************                    Library information                                          ********************
********************                                                                                 ********************
********************                                                                                 ********************
*************************************************************************************************************************
.
.
=========================================================================================================================
=   Library summary for case 'decay' (#2/2)                                                                             =
-------------------------------------------------------------------------------------------------------------------------
filename: C:/Users/Teddy/AppData/Local/Temp/scale.Teddy.10660/w17x17_100d.f33 cross-section data taken from position number: 1
library title delimited by {}: 
{}
date library was produced: 538976288/538976288/538976288
total number of nuclides in library: 2237
number of light-element nuclides: 910
number of actinide nuclides: 176
number of fission product nuclides: 1151
number of nonzero off-diagonal matrix elements: 54564
=========================================================================================================================
.
.
*************************************************************************************************************************
********************                                                                                 ********************
********************                                                                                 ********************
********************                    Concentration tables                                         ********************
********************                                                                                 ********************
********************                                                                                 ********************
*************************************************************************************************************************
.
.
=========================================================================================================================
=   Nuclide concentrations in grams for case 'decay' (#2/2)                                                             =
-------------------------------------------------------------------------------------------------------------------------
  (relative cutoff; integral of concentrations over time >   1.00E-06 % of integral of all concentrations over time)
.
                   1.506y      2.506y   
  he-4         2.2075E-01  2.2429E-01
  u-234        5.1334E-01  5.3313E-01
  u-235        2.8046E+04  2.8046E+04
  u-236        1.2684E+03  1.2685E+03
  u-237        1.1245E+00  2.5870E-06
  u-238        9.6091E+05  9.6091E+05
  u-239        1.5663E-01  0.0000E+00
  np-237       3.9639E+01  4.0769E+01
  np-238       3.2773E-02  2.3483E-09
  np-239       2.2648E+01  1.0088E-07
  pu-238       2.4553E+00  2.5476E+00
  pu-239       2.5863E+03  2.6090E+03
  pu-240       2.8344E+02  2.8341E+02
  pu-241       8.7041E+01  8.2919E+01
  pu-242       4.1869E+00  4.1872E+00
  am-241       1.5977E+00  5.7134E+00
  am-242m      1.2717E-02  1.2655E-02
  am-243       1.1690E-01  1.1719E-01
  cm-242       1.0141E-01  2.1712E-02
  as-75        2.4855E-02  2.4859E-02
  ge-76        6.9354E-02  6.9354E-02
  se-77        1.7332E-01  1.7426E-01
  se-78        4.6490E-01  4.6504E-01
  se-79        1.0130E+00  1.0131E+00
  se-80        2.7922E+00  2.7922E+00
  br-81        4.5449E+00  4.5451E+00
  se-82        7.2927E+00  7.2927E+00
  kr-82        2.3032E-02  2.3200E-02
  kr-83        1.1577E+01  1.1583E+01
  kr-84        2.3144E+01  2.3146E+01
  kr-85        6.0753E+00  5.6988E+00
  rb-85        2.3367E+01  2.3758E+01
  kr-86        4.4477E+01  4.4477E+01
  sr-86        1.3774E-02  1.5156E-02
  rb-87        5.8637E+01  5.8645E+01
  kr-88        2.3635E-02  0.0000E+00
  sr-88        8.2187E+01  8.2213E+01
  sr-89        1.3667E+01  9.1125E-02
  y-89         9.6964E+01  1.1054E+02
  sr-90        1.3329E+02  1.3012E+02
  y-90         3.4182E-02  3.3008E-02
  zr-90        2.4959E+00  5.6681E+00
  sr-91        1.3912E-01  0.0000E+00
  y-91         2.0629E+01  2.7430E-01
  zr-91        1.1974E+02  1.4024E+02
  sr-92        4.1056E-02  0.0000E+00
  y-92         5.4254E-02  0.0000E+00
  zr-92        1.4822E+02  1.4831E+02
  y-93         1.7036E-01  0.0000E+00
  zr-93        1.5972E+02  1.5989E+02
  zr-94        1.6596E+02  1.6597E+02
  zr-95        2.7972E+01  5.3642E-01
  nb-95        1.5267E+01  6.5351E-01
  mo-95        1.4075E+02  1.8284E+02
  zr-96        1.7035E+02  1.7035E+02
  mo-96        1.1815E+00  1.1818E+00
  zr-97        2.9527E-01  0.0000E+00
  nb-97        2.1272E-02  0.0000E+00
  mo-97        1.6405E+02  1.6436E+02
  mo-98        1.6342E+02  1.6342E+02
  mo-99        1.2467E+00  0.0000E+00
  tc-99        1.6968E+02  1.7103E+02
  tc-99m       9.9823E-02  0.0000E+00
  mo-100       1.8252E+02  1.8252E+02
  ru-100       3.1462E+00  3.1462E+00
  ru-101       1.5317E+02  1.5318E+02
  ru-102       1.3598E+02  1.3598E+02
  ru-103       1.1937E+01  1.8843E-02
  rh-103       9.0356E+01  1.0229E+02
  ru-104       7.4509E+01  7.4512E+01
  pd-104       6.9455E+00  6.9455E+00
  ru-105       2.9210E-02  0.0000E+00
  rh-105       2.2732E-01  0.0000E+00
  pd-105       4.7137E+01  4.7394E+01
  ru-106       1.8812E+01  9.5205E+00
  pd-106       1.0959E+01  2.0250E+01
  pd-107       1.6799E+01  1.6800E+01
  pd-108       9.4864E+00  9.4865E+00
  ag-109       5.8874E+00  5.9029E+00
  pd-110       3.2083E+00  3.2083E+00
  cd-110       3.7847E-01  3.8576E-01
  ag-111       4.8816E-02  8.5070E-17
  cd-111       1.7149E+00  1.7639E+00
  cd-112       1.0825E+00  1.0861E+00
  cd-113       7.3071E-02  7.3495E-02
  cd-114       1.6144E+00  1.6144E+00
  in-115       5.6701E-01  5.7695E-01
  sn-115       3.4128E-02  3.4372E-02
  cd-116       7.4984E-01  7.4984E-01
  sn-116       1.2562E-01  1.2564E-01
  sn-117       7.0443E-01  7.0488E-01
  sn-118       6.8685E-01  6.8691E-01
  sn-119       6.9252E-01  7.0021E-01
  sn-120       7.0941E-01  7.0941E-01
  sn-121m      5.2379E-02  5.1558E-02
  sb-121       6.9719E-01  7.0027E-01
  sn-122       8.7502E-01  8.7503E-01
  sn-123       2.8582E-02  4.0273E-03
  sb-123       8.7363E-01  8.9825E-01
  sn-124       1.3984E+00  1.3984E+00
  sn-125       2.0176E-02  7.9094E-14
  sb-125       1.4837E+00  1.1699E+00
  te-125       2.6635E-01  6.0078E-01
  te-125m      1.6658E-02  1.6258E-02
  sn-126       2.8235E+00  2.8235E+00
  te-126       8.6955E-02  8.8192E-02
  sb-127       8.2941E-02  0.0000E+00
  te-127m      2.7040E-01  2.7904E-02
  i-127        6.6161E+00  6.9505E+00
  te-128       1.4745E+01  1.4748E+01
  xe-128       5.8892E-02  5.8898E-02
  te-129m      3.8802E-01  2.0818E-04
  i-129        2.4156E+01  2.4559E+01
  te-130       7.0158E+01  7.0161E+01
  xe-130       1.6707E-01  1.6748E-01
  te-131m      6.9773E-02  0.0000E+00
  i-131        2.4306E+00  5.0138E-14
  xe-131       1.0465E+02  1.0720E+02
  xe-131m      3.9649E-02  6.4233E-11
  te-132       1.4225E+00  0.0000E+00
  i-132        4.3010E-02  0.0000E+00
  xe-132       1.7499E+02  1.7646E+02
  i-133        5.8123E-01  0.0000E+00
  xe-133       3.5192E+00  4.6048E-21
  xe-133m      4.3481E-02  0.0000E+00
  cs-133       2.4732E+02  2.5148E+02
  i-134        2.8236E-02  0.0000E+00
  xe-134       3.0147E+02  3.0152E+02
  cs-134       4.9748E+00  3.5565E+00
  ba-134       8.7757E-01  2.2961E+00
  i-135        1.7603E-01  0.0000E+00
  xe-135       1.4188E-01  0.0000E+00
  cs-135       1.4080E+02  1.4112E+02
  xe-136       3.6785E+02  3.6785E+02
  cs-136       6.5187E-02  2.8741E-10
  ba-136       1.1664E+00  1.2316E+00
  cs-137       2.4045E+02  2.3497E+02
  ba-137       4.2194E+00  9.6972E+00
  ba-138       2.6294E+02  2.6296E+02
  ba-139       3.7315E-02  0.0000E+00
  la-139       2.5052E+02  2.5056E+02
  ba-140       8.0445E+00  1.9196E-08
  la-140       1.0641E+00  2.9094E-09
  ce-140       2.3751E+02  2.4662E+02
  la-141       9.8123E-02  0.0000E+00
  ce-141       1.9491E+01  8.1214E-03
  pr-141       2.1398E+02  2.3357E+02
  la-142       3.7581E-02  0.0000E+00
  ce-142       2.3184E+02  2.3188E+02
  nd-142       6.0688E-01  6.0942E-01
  ce-143       8.2437E-01  0.0000E+00
  pr-143       8.1143E+00  7.1267E-08
  nd-143       2.1532E+02  2.2427E+02
  ce-144       1.1910E+02  4.8976E+01
  nd-144       1.1035E+02  1.8049E+02
  pr-145       1.0135E-01  0.0000E+00
  nd-145       1.5641E+02  1.5651E+02
  nd-146       1.2722E+02  1.2722E+02
  nd-147       2.6694E+00  2.5834E-10
  pm-147       6.7692E+01  5.4049E+01
  sm-147       1.4420E+01  3.0736E+01
  nd-148       7.2447E+01  7.2448E+01
  pm-148       1.2434E-01  4.9635E-06
  pm-148m      3.6410E-01  7.9085E-04
  sm-148       7.1129E+00  7.6005E+00
  pm-149       3.0705E-01  0.0000E+00
  sm-149       2.0868E+00  2.4032E+00
  nd-150       3.1063E+01  3.1063E+01
  sm-150       4.8039E+01  4.8039E+01
  pm-151       6.7236E-02  0.0000E+00
  sm-151       7.3868E+00  7.3974E+00
  eu-151       2.3259E-02  8.0454E-02
  sm-152       2.3826E+01  2.3827E+01
  eu-152       1.0836E-02  1.0295E-02
  sm-153       9.3321E-02  0.0000E+00
  eu-153       1.1378E+01  1.1471E+01
  sm-154       4.5426E+00  4.5426E+00
  eu-154       9.3330E-01  8.6104E-01
  gd-154       3.7778E-02  1.1003E-01
  eu-155       8.7089E-01  7.5281E-01
  gd-155       2.1721E-02  1.3993E-01
  eu-156       1.8427E-01  1.0733E-08
  gd-156       3.0459E+00  3.2319E+00
  gd-157       2.7229E-02  2.8890E-02
  gd-158       1.0986E+00  1.0986E+00
  tb-159       1.6530E-01  1.6582E-01
  gd-160       7.1453E-02  7.1453E-02
  dy-161       2.7928E-02  2.8851E-02
  dy-162       1.5242E-02  1.5243E-02
------------
  totals       1.0000E+06  1.0000E+06
=========================================================================================================================
.
.
*************************************************************************************************************************
********************                                                                                 ********************
********************                                                                                 ********************
********************                    Written F71 File Information                                 ********************
********************                                                                                 ********************
********************                                                                                 ********************
*************************************************************************************************************************
.
.
   pos         time        power         flux      fluence       energy libpos   case   step DCGNAB
   (-)          (s)         (MW)    (n/cm2-s)      (n/cm2)        (MWd)    (-)    (-)    (-)    (-)
     1  4.75200e+07  0.00000e+00  0.00000e+00  4.30782e+21  6.36364e+03      1      2      0 DC----
     2  7.90800e+07  0.00000e+00  0.00000e+00  4.30782e+21  6.36364e+03      1      2      1 DC----
    D - state definition present
    C - concentrations present
    G - gamma emission spectra present
    N - neutron emission spectra present
    A - alpha emission spectra present
    B - beta emission spectra present
.
.
.
=========================================================================================================================
ORIGEN finished successfully.
=========================================================================================================================
    module origen used 0.382725 seconds cpu time for the current pass.

    module origen is finished. completion code    0. total cpu time used 3.26573e-006 seconds.


    SCALE is finished on Wed Feb 13 18:33:32 2019.
-------------------------- Summary --------------------------
arp finished. used 1.90364 seconds.
origen finished. used 0.387716 seconds.
SCALE driver required a maximum of 8.293 MiB of RAM.
------------------------ End Summary ------------------------

w17x17_100d.f33 copied to C:\Users\Teddy\Desktop\scale_test\output\w17x17_100d.f33.
discharge.f71 copied to C:\Users\Teddy\Desktop\scale_test\output\discharge.f71.
