 *******************************************************************************
 *                                                                             *
 *                                 SCALE 6.2.2                                 *
 *                                -------------                                *
 *                                February 2019                                *
 *                                                                             *
 *           SCALE:  A Comprehensive Modeling and Simulation Suite             *
 *                   for Nuclear Safety Analysis and Design                    *
 *                                                                             *
 *                      Reactor and Nuclear Systems Division                   *
 *                        Oak Ridge National Laboratory                        *
 *                                                                             *
 *                           http://scale.ornl.gov                             *
 *                            scalehelp@ornl.gov                               *
 *                                                                             *
 *******************************************************************************
 *******************************************************************************
      
                  Job Information
                  ---------------
      Job started on DESKTOP-J14NAA6 on Wed 13/02/2019 18:33:07
      Working directory: C:\Users\Teddy\AppData\Local\Temp\scale.Teddy.6600
      Input file name  : C:\Users\Teddy\Desktop\scale_test\output\3.500000_1414.141414.inp
      Output file name : C:\Users\Teddy\Desktop\scale_test\output\3.500000_1414.141414.out
      SCALE executable : C:\SCALE-6.2.2/bin/scale
      
 *******************************************************************************


    module arp will be called on Wed Feb 13 18:33:07 2019.
    sequence specification record:=arp
Input Data:

      'library type
      w17x17
      3.500000
      ' num cycles
      1
      ' num days per cycle
      550
      ' cycle average specific power (MW / MTU)
      2.571166
      ' number of interpolated cross section sets generated per cycle
      1
      ' moderator density (g/cc)
      0.723
      ' interpolated output ORIGEN library
      w17x17_100d.f33
end

1






        ************************************************************************************************************************
        ************************************************************************************************************************
        ************************************************************************************************************************
        *****                                                                                                              *****
        *****                                       program verification information                                       *****
        *****                                                                                                              *****
        *****                                   code system:  SCALE    version:  6.2                                       *****
        *****                                                                                                              *****
        ************************************************************************************************************************
        ************************************************************************************************************************
        *****                                                                                                              *****
        *****                                                                                                              *****
        *****              program:  arp.exe                                                                               *****
        *****                                                                                                              *****
        *****        creation date:   unknown                                                                              *****
        *****                                                                                                              *****
        *****              library:  C:\SCALE-6.2.2\bin                                                                    *****
        *****                                                                                                              *****
        *****                                                                                                              *****
        *****            prod code:  arp.exe                                                                               *****
        *****                                                                                                              *****
        *****              version:  6.2.2                                                                                 *****
        *****                                                                                                              *****
        *****              jobname:  Teddy                                                                                 *****
        *****                                                                                                              *****
        *****         machine name:  DESKTOP-J14NAA6                                                                       *****
        *****                                                                                                              *****
        *****    date of execution:  13_feb_2019                                                                           *****
        *****                                                                                                              *****
        *****    time of execution:  18:33:07.74                                                                           *****
        *****                                                                                                              *****
        *****                                                                                                              *****
        ************************************************************************************************************************
        ************************************************************************************************************************
        ************************************************************************************************************************


 'library type
    data library:       w17x17
       directory:       C:/SCALE-6.2.2/data/\arplibs
       definition:      C:/SCALE-6.2.2/data/\arpdata.txt
    u-235 enrichment:                        3.500

 ' num cycles
    number of cycles:                            1

 ' num days per cycle

 ' cycle average specific power (MW / MTU)

 ' number of interpolated cross section sets generated per cycle

 ' moderator density (g/cc)
    water density (g/cm3):                  0.7230
                                         cycle        cumulative      midpoint
   cycle time(d)        power(MW)      burnup(MWd/MTU)burnup(MWd/MTU)burnup(MWd/MTU)nlib
     1    550.000        2.57117        1414.14        1414.14        707.071             1

 ' interpolated output ORIGEN library
    interpolated library name:                   w17x17_100d.f33
 interpolation type: spline
 Cross section library interpolation completed.
.
.
.
=========================================================================================================================
ARP finished successfully.
=========================================================================================================================
    module arp used 1.85477 seconds cpu time for the current pass.

    module arp is finished. completion code    0. total cpu time used 1.07303e-005 seconds.



    module origen will be called on Wed Feb 13 18:33:09 2019.
    sequence specification record:=origen
Input Data:

      case(irrad) {
          lib{
              file="w17x17_100d.f33" pos=1
          }
          mat {
              units=GRAMS
              iso=[u235=35000.000000 u238=965000.000000]
          }
          time = [ 550 ]
          power = [ 2.571166 ]
      }
      case (decay) {
          time {
              units=YEARS
              start=0
              t=[1]
          }
          save{ file="discharge.f71" steps=[0 LAST]}
      }
end

1






        ************************************************************************************************************************
        ************************************************************************************************************************
        ************************************************************************************************************************
        *****                                                                                                              *****
        *****                                       program verification information                                       *****
        *****                                                                                                              *****
        *****                                   code system:  SCALE    version:  6.2                                       *****
        *****                                                                                                              *****
        ************************************************************************************************************************
        ************************************************************************************************************************
        *****                                                                                                              *****
        *****                                                                                                              *****
        *****              program:  origen.exe                                                                            *****
        *****                                                                                                              *****
        *****        creation date:   unknown                                                                              *****
        *****                                                                                                              *****
        *****              library:  C:\SCALE-6.2.2\bin                                                                    *****
        *****                                                                                                              *****
        *****                                                                                                              *****
        *****            prod code:  origen.exe                                                                            *****
        *****                                                                                                              *****
        *****              version:  6.2.2                                                                                 *****
        *****                                                                                                              *****
        *****              jobname:  Teddy                                                                                 *****
        *****                                                                                                              *****
        *****         machine name:  DESKTOP-J14NAA6                                                                       *****
        *****                                                                                                              *****
        *****    date of execution:  13_feb_2019                                                                           *****
        *****                                                                                                              *****
        *****    time of execution:  18:33:09.62                                                                           *****
        *****                                                                                                              *****
        *****                                                                                                              *****
        ************************************************************************************************************************
        ************************************************************************************************************************
        ************************************************************************************************************************

*************************************************************************************************************************
********************                                                                                 ********************
********************                                                                                 ********************
********************                    USER INPUT SUMMARY                                           ********************
********************                                                                                 ********************
********************                                                                                 ********************
*************************************************************************************************************************
.
.
=========================================================================================================================
=   Case "irrad" (#1/2)                                                                                                 =
-------------------------------------------------------------------------------------------------------------------------
###   Library settings                                                                                                ###
.
                                Library file name:     C:/Users/Teddy/AppData/Local/Temp/scale.Teddy.6600/w17x17_100d.f33
                             Library set position:              1
                 Fission product reaction removal:             no
-------------------------------------------------------------------------------------------------------------------------
###   Global settings                                                                                                 ###
.
                                           Solver:              MATREX
                                             Mode:        forward
                             Fixed fission energy:             no
-------------------------------------------------------------------------------------------------------------------------
###   Concentrations output options                                                                                   ###
.
                            High-precision output:             no
                                  Relative cutoff:            yes
                         Step for applying cutoff:       integral
.
                      light els.   actinides  fis.prods.       total
                       nuc    el   nuc    el   nuc    el   nuc    el             cutoff
gram-atoms                                                                    1.000E-06
grams                                                      **                 1.000E-06
curies                                                                        1.000E-06
watts                                                                         1.000E-06
gamma watts                                                                   1.000E-06
m3 air                                                                        1.000E-06
m3 water                                                                      1.000E-06
grams ppm                                                                     1.000E-06
atoms ppm                                                                     1.000E-06
atoms/barn-cm                                                                 1.000E-06
becquerels                                                                    1.000E-06
-------------------------------------------------------------------------------------------------------------------------
###   Additional output options                                                                                       ###
.
                                      Print k-inf:             no
           Nuclides for absorption fraction print:           none
                              Print fission rates:             no
            Step for sorting absorption fractions:              1
=========================================================================================================================
=   Case "decay" (#2/2)                                                                                                 =
-------------------------------------------------------------------------------------------------------------------------
###   Library settings                                                                                                ###
.
                                Library file name:     C:/Users/Teddy/AppData/Local/Temp/scale.Teddy.6600/w17x17_100d.f33
                             Library set position:              1
                 Fission product reaction removal:             no
-------------------------------------------------------------------------------------------------------------------------
###   Global settings                                                                                                 ###
.
                                           Solver:              MATREX
                                             Mode:        forward
                             Fixed fission energy:             no
-------------------------------------------------------------------------------------------------------------------------
###   Concentrations output options                                                                                   ###
.
                            High-precision output:             no
                                  Relative cutoff:            yes
                         Step for applying cutoff:       integral
.
                      light els.   actinides  fis.prods.       total
                       nuc    el   nuc    el   nuc    el   nuc    el             cutoff
gram-atoms                                                                    1.000E-06
grams                                                      **                 1.000E-06
curies                                                                        1.000E-06
watts                                                                         1.000E-06
gamma watts                                                                   1.000E-06
m3 air                                                                        1.000E-06
m3 water                                                                      1.000E-06
grams ppm                                                                     1.000E-06
atoms ppm                                                                     1.000E-06
atoms/barn-cm                                                                 1.000E-06
becquerels                                                                    1.000E-06
-------------------------------------------------------------------------------------------------------------------------
###   Additional output options                                                                                       ###
.
                                      Print k-inf:             no
           Nuclides for absorption fraction print:           none
                              Print fission rates:             no
            Step for sorting absorption fractions:              1
=========================================================================================================================
###   Blending information                                                                                            ###
.
  --- no blending requested in this job ---
=========================================================================================================================
.
.
=========================================================================================================================
=   History overview for case 'irrad' (#1/2)                                                                            =
-------------------------------------------------------------------------------------------------------------------------
   step          t0          t1          dt           t        flux     fluence       power      energy
    (-)         (d)         (d)         (s)         (s)   (n/cm2-s)     (n/cm2)        (MW)       (MWd)
      1      0.0000    550.0000  4.7520E+07  4.7520E+07  1.9504E+13  9.2685E+20  2.5712E+00  1.4141E+03
          
              step - step index within this case
                t0 - time at beginning-of-step in input units
                t1 - time at end-of-step in input units
                dt - length of step in seconds
                 t - end-of-step cumulative time in seconds
              flux - flux in neutrons/cm^2-sec (CALCULATED)
           fluence - cumulative end-of-step fluence in neutrons/cm^2 (CALCULATED)
             power - power in mega-watts (INPUT)     
            energy - cumulative end-of-step energy released in mega-watt-days (INPUT)     
=========================================================================================================================
.
.
.
.
.
*************************************************************************************************************************
********************                                                                                 ********************
********************                                                                                 ********************
********************                    Library information                                          ********************
********************                                                                                 ********************
********************                                                                                 ********************
*************************************************************************************************************************
.
.
=========================================================================================================================
=   Library summary for case 'irrad' (#1/2)                                                                             =
-------------------------------------------------------------------------------------------------------------------------
filename: C:/Users/Teddy/AppData/Local/Temp/scale.Teddy.6600/w17x17_100d.f33 cross-section data taken from position number: 1
library title delimited by {}: 
{}
date library was produced: 538976288/538976288/538976288
total number of nuclides in library: 2237
number of light-element nuclides: 910
number of actinide nuclides: 176
number of fission product nuclides: 1151
number of nonzero off-diagonal matrix elements: 54564
=========================================================================================================================
.
.
*************************************************************************************************************************
********************                                                                                 ********************
********************                                                                                 ********************
********************                    Concentration tables                                         ********************
********************                                                                                 ********************
********************                                                                                 ********************
*************************************************************************************************************************
.
.
=========================================================================================================================
=   Nuclide concentrations in grams for case 'irrad' (#1/2)                                                             =
-------------------------------------------------------------------------------------------------------------------------
  (relative cutoff; integral of concentrations over time >   1.00E-06 % of integral of all concentrations over time)
.
                   0.000d    550.000d   
  he-4         0.0000E+00  4.8185E-02
  u-234        0.0000E+00  1.1993E-01
  u-235        3.5000E+04  3.3317E+04
  u-236        0.0000E+00  3.0908E+02
  u-237        0.0000E+00  1.1822E-01
  u-238        9.6500E+05  9.6412E+05
  u-239        0.0000E+00  3.3919E-02
  np-237       0.0000E+00  5.3188E+00
  np-239       0.0000E+00  4.9064E+00
  pu-238       0.0000E+00  8.0134E-02
  pu-239       0.0000E+00  7.2688E+02
  pu-240       0.0000E+00  2.1214E+01
  pu-241       0.0000E+00  1.5344E+00
  am-241       0.0000E+00  2.8188E-02
  se-77        0.0000E+00  3.9068E-02
  se-78        0.0000E+00  1.0394E-01
  se-79        0.0000E+00  2.2622E-01
  se-80        0.0000E+00  6.3414E-01
  br-81        0.0000E+00  1.0225E+00
  se-82        0.0000E+00  1.6587E+00
  kr-83        0.0000E+00  2.7435E+00
  kr-84        0.0000E+00  5.2718E+00
  kr-85        0.0000E+00  1.4104E+00
  rb-85        0.0000E+00  5.4362E+00
  kr-86        0.0000E+00  1.0373E+01
  rb-87        0.0000E+00  1.3679E+01
  sr-88        0.0000E+00  1.9208E+01
  sr-89        0.0000E+00  3.3748E+00
  y-89         0.0000E+00  2.2459E+01
  sr-90        0.0000E+00  3.1189E+01
  zr-90        0.0000E+00  5.6896E-01
  sr-91        0.0000E+00  3.3984E-02
  y-91         0.0000E+00  4.9616E+00
  zr-91        0.0000E+00  2.7688E+01
  zr-92        0.0000E+00  3.4246E+01
  y-93         0.0000E+00  4.0512E-02
  zr-93        0.0000E+00  3.6644E+01
  zr-94        0.0000E+00  3.7814E+01
  zr-95        0.0000E+00  6.4508E+00
  nb-95        0.0000E+00  3.5225E+00
  mo-95        0.0000E+00  3.2002E+01
  zr-96        0.0000E+00  3.8501E+01
  mo-96        0.0000E+00  6.0390E-02
  zr-97        0.0000E+00  6.7223E-02
  mo-97        0.0000E+00  3.6732E+01
  mo-98        0.0000E+00  3.6251E+01
  mo-99        0.0000E+00  2.7888E-01
  tc-99        0.0000E+00  3.8116E+01
  tc-99m       0.0000E+00  2.2317E-02
  mo-100       0.0000E+00  4.0312E+01
  ru-100       0.0000E+00  1.5487E-01
  ru-101       0.0000E+00  3.3780E+01
  ru-102       0.0000E+00  2.9082E+01
  ru-103       0.0000E+00  2.3144E+00
  rh-103       0.0000E+00  1.9263E+01
  ru-104       0.0000E+00  1.4394E+01
  pd-104       0.0000E+00  3.2626E-01
  rh-105       0.0000E+00  3.5516E-02
  pd-105       0.0000E+00  8.3499E+00
  ru-106       0.0000E+00  2.7211E+00
  pd-106       0.0000E+00  1.5745E+00
  pd-107       0.0000E+00  2.0938E+00
  pd-108       0.0000E+00  9.9937E-01
  ag-109       0.0000E+00  5.9701E-01
  pd-110       0.0000E+00  3.7699E-01
  cd-111       0.0000E+00  2.3084E-01
  cd-112       0.0000E+00  1.7326E-01
  cd-113       0.0000E+00  4.8268E-02
  cd-114       0.0000E+00  2.5337E-01
  in-115       0.0000E+00  1.2958E-01
  cd-116       0.0000E+00  1.4435E-01
  sn-117       0.0000E+00  1.3751E-01
  sn-118       0.0000E+00  1.3836E-01
  sn-119       0.0000E+00  1.4127E-01
  sn-120       0.0000E+00  1.4514E-01
  sb-121       0.0000E+00  1.4145E-01
  sn-122       0.0000E+00  1.7525E-01
  sb-123       0.0000E+00  1.7855E-01
  sn-124       0.0000E+00  2.7806E-01
  sb-125       0.0000E+00  2.8743E-01
  te-125       0.0000E+00  5.3494E-02
  sn-126       0.0000E+00  5.4026E-01
  te-127m      0.0000E+00  6.0969E-02
  i-127        0.0000E+00  1.3120E+00
  te-128       0.0000E+00  2.9993E+00
  te-129m      0.0000E+00  7.4738E-02
  i-129        0.0000E+00  4.8774E+00
  te-130       0.0000E+00  1.5246E+01
  i-131        0.0000E+00  5.2313E-01
  xe-131       0.0000E+00  2.3739E+01
  te-132       0.0000E+00  3.1118E-01
  xe-132       0.0000E+00  3.6992E+01
  i-133        0.0000E+00  1.2969E-01
  xe-133       0.0000E+00  7.8500E-01
  cs-133       0.0000E+00  5.5686E+01
  xe-134       0.0000E+00  6.7039E+01
  cs-134       0.0000E+00  2.4499E-01
  ba-134       0.0000E+00  4.2990E-02
  i-135        0.0000E+00  3.9263E-02
  xe-135       0.0000E+00  4.7967E-02
  cs-135       0.0000E+00  4.7630E+01
  xe-136       0.0000E+00  6.4041E+01
  ba-136       0.0000E+00  1.1118E-01
  cs-137       0.0000E+00  5.3129E+01
  ba-137       0.0000E+00  9.2851E-01
  ba-138       0.0000E+00  5.8821E+01
  la-139       0.0000E+00  5.6231E+01
  ba-140       0.0000E+00  1.8381E+00
  la-140       0.0000E+00  2.4234E-01
  ce-140       0.0000E+00  5.3030E+01
  la-141       0.0000E+00  2.2334E-02
  ce-141       0.0000E+00  4.4430E+00
  pr-141       0.0000E+00  4.7708E+01
  ce-142       0.0000E+00  5.2056E+01
  nd-142       0.0000E+00  2.9718E-02
  ce-143       0.0000E+00  1.9180E-01
  pr-143       0.0000E+00  1.8900E+00
  nd-143       0.0000E+00  5.0682E+01
  ce-144       0.0000E+00  2.7285E+01
  nd-144       0.0000E+00  2.2876E+01
  pr-145       0.0000E+00  2.3483E-02
  nd-145       0.0000E+00  3.5868E+01
  nd-146       0.0000E+00  2.8106E+01
  nd-147       0.0000E+00  6.0873E-01
  pm-147       0.0000E+00  1.6531E+01
  sm-147       0.0000E+00  3.5073E+00
  nd-148       0.0000E+00  1.6031E+01
  pm-148m      0.0000E+00  3.5108E-02
  sm-148       0.0000E+00  4.4279E-01
  pm-149       0.0000E+00  6.2404E-02
  sm-149       0.0000E+00  1.8672E+00
  nd-150       0.0000E+00  6.6637E+00
  sm-150       0.0000E+00  8.7484E+00
  sm-151       0.0000E+00  3.2088E+00
  sm-152       0.0000E+00  3.8022E+00
  eu-153       0.0000E+00  1.8281E+00
  sm-154       0.0000E+00  8.6227E-01
  eu-154       0.0000E+00  4.4080E-02
  eu-155       0.0000E+00  2.7534E-01
  gd-156       0.0000E+00  3.2934E-01
  gd-158       0.0000E+00  1.4552E-01
  tb-159       0.0000E+00  2.1079E-02
------------
  totals       1.0000E+06  1.0000E+06
=========================================================================================================================
.
.
=========================================================================================================================
=   History overview for case 'decay' (#2/2)                                                                            =
-------------------------------------------------------------------------------------------------------------------------
   step          t0          t1          dt           t        flux     fluence       power      energy
    (-)         (y)         (y)         (s)         (s)   (n/cm2-s)     (n/cm2)        (MW)       (MWd)
      1      1.5057      2.5057  3.1560E+07  7.9080E+07  0.0000E+00  9.2685E+20  0.0000E+00  1.4141E+03
          
              step - step index within this case
                t0 - time at beginning-of-step in input units
                t1 - time at end-of-step in input units
                dt - length of step in seconds
                 t - end-of-step cumulative time in seconds
              flux - flux in neutrons/cm^2-sec (CALCULATED)
           fluence - cumulative end-of-step fluence in neutrons/cm^2 (CALCULATED)
             power - power in mega-watts (INPUT)     
            energy - cumulative end-of-step energy released in mega-watt-days (INPUT)     
=========================================================================================================================
.
.
.
.
.
*************************************************************************************************************************
********************                                                                                 ********************
********************                                                                                 ********************
********************                    Library information                                          ********************
********************                                                                                 ********************
********************                                                                                 ********************
*************************************************************************************************************************
.
.
=========================================================================================================================
=   Library summary for case 'decay' (#2/2)                                                                             =
-------------------------------------------------------------------------------------------------------------------------
filename: C:/Users/Teddy/AppData/Local/Temp/scale.Teddy.6600/w17x17_100d.f33 cross-section data taken from position number: 1
library title delimited by {}: 
{}
date library was produced: 538976288/538976288/538976288
total number of nuclides in library: 2237
number of light-element nuclides: 910
number of actinide nuclides: 176
number of fission product nuclides: 1151
number of nonzero off-diagonal matrix elements: 54564
=========================================================================================================================
.
.
*************************************************************************************************************************
********************                                                                                 ********************
********************                                                                                 ********************
********************                    Concentration tables                                         ********************
********************                                                                                 ********************
********************                                                                                 ********************
*************************************************************************************************************************
.
.
=========================================================================================================================
=   Nuclide concentrations in grams for case 'decay' (#2/2)                                                             =
-------------------------------------------------------------------------------------------------------------------------
  (relative cutoff; integral of concentrations over time >   1.00E-06 % of integral of all concentrations over time)
.
                   1.506y      2.506y   
  he-4         4.8185E-02  4.8596E-02
  u-234        1.1993E-01  1.2071E-01
  u-235        3.3317E+04  3.3317E+04
  u-236        3.0908E+02  3.0908E+02
  u-237        1.1822E-01  4.5604E-08
  u-238        9.6412E+05  9.6412E+05
  u-239        3.3919E-02  0.0000E+00
  np-237       5.3188E+00  5.4371E+00
  np-239       4.9064E+00  7.8908E-11
  pu-238       8.0134E-02  8.0758E-02
  pu-239       7.2688E+02  7.3180E+02
  pu-240       2.1214E+01  2.1212E+01
  pu-241       1.5344E+00  1.4617E+00
  pu-242       1.5596E-02  1.5597E-02
  am-241       2.8188E-02  1.0074E-01
  ge-76        1.5483E-02  1.5483E-02
  se-77        3.9068E-02  3.9283E-02
  se-78        1.0394E-01  1.0397E-01
  se-79        2.2622E-01  2.2623E-01
  se-80        6.3414E-01  6.3414E-01
  br-81        1.0225E+00  1.0225E+00
  se-82        1.6587E+00  1.6587E+00
  kr-83        2.7435E+00  2.7449E+00
  kr-84        5.2718E+00  5.2721E+00
  kr-85        1.4104E+00  1.3230E+00
  rb-85        5.4362E+00  5.5269E+00
  kr-86        1.0373E+01  1.0373E+01
  rb-87        1.3679E+01  1.3681E+01
  sr-88        1.9208E+01  1.9215E+01
  sr-89        3.3748E+00  2.2502E-02
  y-89         2.2459E+01  2.5812E+01
  sr-90        3.1189E+01  3.0447E+01
  zr-90        5.6896E-01  1.3112E+00
  sr-91        3.3984E-02  0.0000E+00
  y-91         4.9616E+00  6.5981E-02
  zr-91        2.7688E+01  3.2619E+01
  zr-92        3.4246E+01  3.4269E+01
  y-93         4.0512E-02  0.0000E+00
  zr-93        3.6644E+01  3.6685E+01
  zr-94        3.7814E+01  3.7815E+01
  zr-95        6.4508E+00  1.2371E-01
  nb-95        3.5225E+00  1.5071E-01
  mo-95        3.2002E+01  4.1710E+01
  zr-96        3.8501E+01  3.8501E+01
  mo-96        6.0390E-02  6.0415E-02
  zr-97        6.7223E-02  0.0000E+00
  mo-97        3.6732E+01  3.6805E+01
  mo-98        3.6251E+01  3.6251E+01
  mo-99        2.7888E-01  0.0000E+00
  tc-99        3.8116E+01  3.8417E+01
  tc-99m       2.2317E-02  0.0000E+00
  mo-100       4.0312E+01  4.0312E+01
  ru-100       1.5487E-01  1.5487E-01
  ru-101       3.3780E+01  3.3782E+01
  ru-102       2.9082E+01  2.9083E+01
  ru-103       2.3144E+00  3.6534E-03
  rh-103       1.9263E+01  2.1576E+01
  ru-104       1.4394E+01  1.4394E+01
  pd-104       3.2626E-01  3.2626E-01
  rh-105       3.5516E-02  0.0000E+00
  pd-105       8.3499E+00  8.3900E+00
  ru-106       2.7211E+00  1.3772E+00
  pd-106       1.5745E+00  2.9184E+00
  pd-107       2.0938E+00  2.0939E+00
  pd-108       9.9937E-01  9.9939E-01
  ag-109       5.9701E-01  5.9830E-01
  pd-110       3.7699E-01  3.7699E-01
  cd-111       2.3084E-01  2.3638E-01
  cd-112       1.7326E-01  1.7378E-01
  cd-113       4.8268E-02  4.8336E-02
  cd-114       2.5337E-01  2.5337E-01
  in-115       1.2958E-01  1.3141E-01
  cd-116       1.4435E-01  1.4435E-01
  sn-117       1.3751E-01  1.3759E-01
  sn-118       1.3836E-01  1.3837E-01
  sn-119       1.4127E-01  1.4281E-01
  sn-120       1.4514E-01  1.4514E-01
  sn-121m      1.0143E-02  9.9842E-03
  sb-121       1.4145E-01  1.4204E-01
  sn-122       1.7525E-01  1.7525E-01
  sb-123       1.7855E-01  1.8186E-01
  sn-124       2.7806E-01  2.7806E-01
  sb-125       2.8743E-01  2.2619E-01
  te-125       5.3494E-02  1.1820E-01
  sn-126       5.4026E-01  5.4025E-01
  te-126       1.8366E-02  1.8609E-02
  te-127m      6.0969E-02  6.2274E-03
  i-127        1.3120E+00  1.3833E+00
  te-128       2.9993E+00  2.9999E+00
  te-129m      7.4738E-02  4.0096E-05
  i-129        4.8774E+00  4.9552E+00
  te-130       1.5246E+01  1.5246E+01
  i-131        5.2313E-01  1.0751E-14
  xe-131       2.3739E+01  2.4286E+01
  te-132       3.1118E-01  0.0000E+00
  xe-132       3.6992E+01  3.7313E+01
  i-133        1.2969E-01  0.0000E+00
  xe-133       7.8500E-01  1.0270E-21
  cs-133       5.5686E+01  5.6614E+01
  xe-134       6.7039E+01  6.7050E+01
  cs-134       2.4499E-01  1.7515E-01
  ba-134       4.2990E-02  1.1285E-01
  i-135        3.9263E-02  0.0000E+00
  xe-135       4.7967E-02  0.0000E+00
  cs-135       4.7630E+01  4.7718E+01
  xe-136       6.4041E+01  6.4041E+01
  ba-136       1.1118E-01  1.1664E-01
  cs-137       5.3129E+01  5.1919E+01
  ba-137       9.2851E-01  2.1389E+00
  ba-138       5.8821E+01  5.8826E+01
  la-139       5.6231E+01  5.6241E+01
  ba-140       1.8381E+00  4.3861E-09
  la-140       2.4234E-01  6.6477E-10
  ce-140       5.3030E+01  5.5110E+01
  la-141       2.2334E-02  0.0000E+00
  ce-141       4.4430E+00  1.8513E-03
  pr-141       4.7708E+01  5.2174E+01
  ce-142       5.2056E+01  5.2065E+01
  nd-142       2.9718E-02  2.9843E-02
  ce-143       1.9180E-01  0.0000E+00
  pr-143       1.8900E+00  1.6598E-08
  nd-143       5.0682E+01  5.2765E+01
  ce-144       2.7285E+01  1.1220E+01
  nd-144       2.2876E+01  3.8942E+01
  pr-145       2.3483E-02  0.0000E+00
  nd-145       3.5868E+01  3.5892E+01
  nd-146       2.8106E+01  2.8108E+01
  nd-147       6.0873E-01  5.8912E-11
  pm-147       1.6531E+01  1.3166E+01
  sm-147       3.5073E+00  7.4821E+00
  nd-148       1.6031E+01  1.6032E+01
  pm-148m      3.5108E-02  7.6257E-05
  sm-148       4.4279E-01  4.8471E-01
  pm-149       6.2404E-02  0.0000E+00
  sm-149       1.8672E+00  1.9317E+00
  nd-150       6.6637E+00  6.6637E+00
  sm-150       8.7484E+00  8.7485E+00
  sm-151       3.2088E+00  3.1978E+00
  eu-151       1.6351E-02  4.1076E-02
  sm-152       3.8022E+00  3.8024E+00
  eu-153       1.8281E+00  1.8389E+00
  sm-154       8.6227E-01  8.6227E-01
  eu-154       4.4080E-02  4.0667E-02
  eu-155       2.7534E-01  2.3799E-01
  gd-155       1.8492E-02  5.5861E-02
  gd-156       3.2934E-01  3.4726E-01
  gd-157       1.4270E-02  1.4472E-02
  gd-158       1.4552E-01  1.4552E-01
  tb-159       2.1079E-02  2.1133E-02
------------
  totals       1.0000E+06  1.0000E+06
=========================================================================================================================
.
.
*************************************************************************************************************************
********************                                                                                 ********************
********************                                                                                 ********************
********************                    Written F71 File Information                                 ********************
********************                                                                                 ********************
********************                                                                                 ********************
*************************************************************************************************************************
.
.
   pos         time        power         flux      fluence       energy libpos   case   step DCGNAB
   (-)          (s)         (MW)    (n/cm2-s)      (n/cm2)        (MWd)    (-)    (-)    (-)    (-)
     1  4.75200e+07  0.00000e+00  0.00000e+00  9.26854e+20  1.41414e+03      1      2      0 DC----
     2  7.90800e+07  0.00000e+00  0.00000e+00  9.26854e+20  1.41414e+03      1      2      1 DC----
    D - state definition present
    C - concentrations present
    G - gamma emission spectra present
    N - neutron emission spectra present
    A - alpha emission spectra present
    B - beta emission spectra present
.
.
.
=========================================================================================================================
ORIGEN finished successfully.
=========================================================================================================================
    module origen used 0.393844 seconds cpu time for the current pass.

    module origen is finished. completion code    0. total cpu time used 3.73226e-006 seconds.


    SCALE is finished on Wed Feb 13 18:33:09 2019.
-------------------------- Summary --------------------------
arp finished. used 1.86365 seconds.
origen finished. used 0.415935 seconds.
SCALE driver required a maximum of 8.293 MiB of RAM.
------------------------ End Summary ------------------------

w17x17_100d.f33 copied to C:\Users\Teddy\Desktop\scale_test\output\w17x17_100d.f33.
discharge.f71 copied to C:\Users\Teddy\Desktop\scale_test\output\discharge.f71.
